lcpuC PC:DA5E (99 FF 01) A:C9 X:00 Y:17 P:85 S:FF mem:001C3030 13:40000 tv:0.000779 99: STA abs,y
lcpuC PC:DA61 (88 D0 F7) A:C9 X:00 Y:17 P:85 S:FF mem:001C30F9 13:39995 tv:0.000013 88: DEY
lcpuC PC:DA62 (D0 F7 A9) A:C9 X:00 Y:16 P:05 S:FF mem:001C30F9 13:39993 tv:0.000002 D0: BNE
lcpuC PC:DA5B (B9 3F D9) A:C9 X:00 Y:16 P:05 S:FF mem:001C30F9 13:39990 tv:0.000001 B9: LDA abs,y
lcpuC PC:DA5E (99 FF 01) A:F1 X:00 Y:16 P:85 S:FF mem:001C30F9 13:39986 tv:0.000001 99: STA abs,y
lcpuC PC:DA61 (88 D0 F7) A:F1 X:00 Y:16 P:85 S:FF mem:001C31EA 13:39981 tv:0.000000 88: DEY
lcpuC PC:DA62 (D0 F7 A9) A:F1 X:00 Y:15 P:05 S:FF mem:001C31EA 13:39979 tv:0.000001 D0: BNE
lcpuC PC:DA5B (B9 3F D9) A:F1 X:00 Y:15 P:05 S:FF mem:001C31EA 13:39976 tv:0.000000 B9: LDA abs,y
lcpuC PC:DA5E (99 FF 01) A:8E X:00 Y:15 P:85 S:FF mem:001C31EA 13:39972 tv:0.000001 99: STA abs,y
lcpuC PC:DA61 (88 D0 F7) A:8E X:00 Y:15 P:85 S:FF mem:001C3278 13:39967 tv:0.000001 88: DEY
lcpuC PC:DA62 (D0 F7 A9) A:8E X:00 Y:14 P:05 S:FF mem:001C3278 13:39965 tv:0.000000 D0: BNE
lcpuC PC:DA5B (B9 3F D9) A:8E X:00 Y:14 P:05 S:FF mem:001C3278 13:39962 tv:0.000001 B9: LDA abs,y
lcpuC PC:DA5E (99 FF 01) A:F2 X:00 Y:14 P:85 S:FF mem:001C3278 13:39958 tv:0.000001 99: STA abs,y
lcpuC PC:DA61 (88 D0 F7) A:F2 X:00 Y:14 P:85 S:FF mem:001C336A 13:39953 tv:0.000001 88: DEY
lcpuC PC:DA62 (D0 F7 A9) A:F2 X:00 Y:13 P:05 S:FF mem:001C336A 13:39951 tv:0.000000 D0: BNE
lcpuC PC:DA5B (B9 3F D9) A:F2 X:00 Y:13 P:05 S:FF mem:001C336A 13:39948 tv:0.000001 B9: LDA abs,y
lcpuC PC:DA5E (99 FF 01) A:7D X:00 Y:13 P:05 S:FF mem:001C336A 13:39944 tv:0.000001 99: STA abs,y
lcpuC PC:DA61 (88 D0 F7) A:7D X:00 Y:13 P:05 S:FF mem:001C33E7 13:39939 tv:0.000001 88: DEY
lcpuC PC:DA62 (D0 F7 A9) A:7D X:00 Y:12 P:05 S:FF mem:001C33E7 13:39937 tv:0.000000 D0: BNE
lcpuC PC:DA5B (B9 3F D9) A:7D X:00 Y:12 P:05 S:FF mem:001C33E7 13:39934 tv:0.000000 B9: LDA abs,y
lcpuC PC:DA5E (99 FF 01) A:DE X:00 Y:12 P:85 S:FF mem:001C33E7 13:39930 tv:0.000001 99: STA abs,y
lcpuC PC:DA61 (88 D0 F7) A:DE X:00 Y:12 P:85 S:FF mem:001C34C5 13:39925 tv:0.000001 88: DEY
lcpuC PC:DA62 (D0 F7 A9) A:DE X:00 Y:11 P:05 S:FF mem:001C34C5 13:39923 tv:0.000001 D0: BNE
lcpuC PC:DA5B (B9 3F D9) A:DE X:00 Y:11 P:05 S:FF mem:001C34C5 13:39920 tv:0.000000 B9: LDA abs,y
lcpuC PC:DA5E (99 FF 01) A:C5 X:00 Y:11 P:85 S:FF mem:001C34C5 13:39916 tv:0.000001 99: STA abs,y
lcpuC PC:DA61 (88 D0 F7) A:C5 X:00 Y:11 P:85 S:FF mem:001C358A 13:39911 tv:0.000001 88: DEY
lcpuC PC:DA62 (D0 F7 A9) A:C5 X:00 Y:10 P:05 S:FF mem:001C358A 13:39909 tv:0.000000 D0: BNE
lcpuC PC:DA5B (B9 3F D9) A:C5 X:00 Y:10 P:05 S:FF mem:001C358A 13:39906 tv:0.000000 B9: LDA abs,y
lcpuC PC:DA5E (99 FF 01) A:E0 X:00 Y:10 P:85 S:FF mem:001C358A 13:39902 tv:0.000000 99: STA abs,y
lcpuC PC:DA61 (88 D0 F7) A:E0 X:00 Y:10 P:85 S:FF mem:001C366A 13:39897 tv:0.000001 88: DEY
lcpuC PC:DA62 (D0 F7 A9) A:E0 X:00 Y:0F P:05 S:FF mem:001C366A 13:39895 tv:0.000001 D0: BNE
lcpuC PC:DA5B (B9 3F D9) A:E0 X:00 Y:0F P:05 S:FF mem:001C366A 13:39892 tv:0.000001 B9: LDA abs,y
lcpuC PC:DA5E (99 FF 01) A:A4 X:00 Y:0F P:85 S:FF mem:001C366A 13:39888 tv:0.000000 99: STA abs,y
lcpuC PC:DA61 (88 D0 F7) A:A4 X:00 Y:0F P:85 S:FF mem:001C370E 13:39883 tv:0.000001 88: DEY
lcpuC PC:DA62 (D0 F7 A9) A:A4 X:00 Y:0E P:05 S:FF mem:001C370E 13:39881 tv:0.000000 D0: BNE
lcpuC PC:DA5B (B9 3F D9) A:A4 X:00 Y:0E P:05 S:FF mem:001C370E 13:39878 tv:0.000001 B9: LDA abs,y
lcpuC PC:DA5E (99 FF 01) A:E7 X:00 Y:0E P:85 S:FF mem:001C370E 13:39874 tv:0.000001 99: STA abs,y
lcpuC PC:DA61 (88 D0 F7) A:E7 X:00 Y:0E P:85 S:FF mem:001C37F5 13:39869 tv:0.000001 88: DEY
lcpuC PC:DA62 (D0 F7 A9) A:E7 X:00 Y:0D P:05 S:FF mem:001C37F5 13:39867 tv:0.000001 D0: BNE
lcpuC PC:DA5B (B9 3F D9) A:E7 X:00 Y:0D P:05 S:FF mem:001C37F5 13:39864 tv:0.000000 B9: LDA abs,y
lcpuC PC:DA5E (99 FF 01) A:EB X:00 Y:0D P:85 S:FF mem:001C37F5 13:39860 tv:0.000001 99: STA abs,y
lcpuC PC:DA61 (88 D0 F7) A:EB X:00 Y:0D P:85 S:FF mem:001C38E0 13:39855 tv:0.000001 88: DEY
lcpuC PC:DA62 (D0 F7 A9) A:EB X:00 Y:0C P:05 S:FF mem:001C38E0 13:39853 tv:0.000001 D0: BNE
lcpuC PC:DA5B (B9 3F D9) A:EB X:00 Y:0C P:05 S:FF mem:001C38E0 13:39850 tv:0.000001 B9: LDA abs,y
lcpuC PC:DA5E (99 FF 01) A:E7 X:00 Y:0C P:85 S:FF mem:001C38E0 13:39846 tv:0.000001 99: STA abs,y
lcpuC PC:DA61 (88 D0 F7) A:E7 X:00 Y:0C P:85 S:FF mem:001C39C7 13:39841 tv:0.000001 88: DEY
lcpuC PC:DA62 (D0 F7 A9) A:E7 X:00 Y:0B P:05 S:FF mem:001C39C7 13:39839 tv:0.000001 D0: BNE
lcpuC PC:DA5B (B9 3F D9) A:E7 X:00 Y:0B P:05 S:FF mem:001C39C7 13:39836 tv:0.000000 B9: LDA abs,y
lcpuC PC:DA5E (99 FF 01) A:72 X:00 Y:0B P:05 S:FF mem:001C39C7 13:39832 tv:0.000001 99: STA abs,y
lcpuC PC:DA61 (88 D0 F7) A:72 X:00 Y:0B P:05 S:FF mem:001C3A39 13:39827 tv:0.000001 88: DEY
lcpuC PC:DA62 (D0 F7 A9) A:72 X:00 Y:0A P:05 S:FF mem:001C3A39 13:39825 tv:0.000000 D0: BNE
lcpuC PC:DA5B (B9 3F D9) A:72 X:00 Y:0A P:05 S:FF mem:001C3A39 13:39822 tv:0.000000 B9: LDA abs,y
lcpuC PC:DA5E (99 FF 01) A:DF X:00 Y:0A P:85 S:FF mem:001C3A39 13:39818 tv:0.000001 99: STA abs,y
lcpuC PC:DA61 (88 D0 F7) A:DF X:00 Y:0A P:85 S:FF mem:001C3B18 13:39813 tv:0.000001 88: DEY
lcpuC PC:DA62 (D0 F7 A9) A:DF X:00 Y:09 P:05 S:FF mem:001C3B18 13:39811 tv:0.000000 D0: BNE
lcpuC PC:DA5B (B9 3F D9) A:DF X:00 Y:09 P:05 S:FF mem:001C3B18 13:39808 tv:0.000001 B9: LDA abs,y
lcpuC PC:DA5E (99 FF 01) A:89 X:00 Y:09 P:85 S:FF mem:001C3B18 13:39804 tv:0.000000 99: STA abs,y
lcpuC PC:DA61 (88 D0 F7) A:89 X:00 Y:09 P:85 S:FF mem:001C3BA1 13:39799 tv:0.000001 88: DEY
lcpuC PC:DA62 (D0 F7 A9) A:89 X:00 Y:08 P:05 S:FF mem:001C3BA1 13:39797 tv:0.000001 D0: BNE
lcpuC PC:DA5B (B9 3F D9) A:89 X:00 Y:08 P:05 S:FF mem:001C3BA1 13:39794 tv:0.000001 B9: LDA abs,y
lcpuC PC:DA5E (99 FF 01) A:DE X:00 Y:08 P:85 S:FF mem:001C3BA1 13:39790 tv:0.000001 99: STA abs,y
lcpuC PC:DA61 (88 D0 F7) A:DE X:00 Y:08 P:85 S:FF mem:001C3C7F 13:39785 tv:0.000001 88: DEY
lcpuC PC:DA62 (D0 F7 A9) A:DE X:00 Y:07 P:05 S:FF mem:001C3C7F 13:39783 tv:0.000001 D0: BNE
lcpuC PC:DA5B (B9 3F D9) A:DE X:00 Y:07 P:05 S:FF mem:001C3C7F 13:39780 tv:0.000001 B9: LDA abs,y
lcpuC PC:DA5E (99 FF 01) A:89 X:00 Y:07 P:85 S:FF mem:001C3C7F 13:39776 tv:0.000001 99: STA abs,y
lcpuC PC:DA61 (88 D0 F7) A:89 X:00 Y:07 P:85 S:FF mem:001C3D08 13:39771 tv:0.000001 88: DEY
lcpuC PC:DA62 (D0 F7 A9) A:89 X:00 Y:06 P:05 S:FF mem:001C3D08 13:39769 tv:0.000000 D0: BNE
lcpuC PC:DA5B (B9 3F D9) A:89 X:00 Y:06 P:05 S:FF mem:001C3D08 13:39766 tv:0.000000 B9: LDA abs,y
lcpuC PC:DA5E (99 FF 01) A:DC X:00 Y:06 P:85 S:FF mem:001C3D08 13:39762 tv:0.000000 99: STA abs,y
lcpuC PC:DA61 (88 D0 F7) A:DC X:00 Y:06 P:85 S:FF mem:001C3DE4 13:39757 tv:0.000001 88: DEY
lcpuC PC:DA62 (D0 F7 A9) A:DC X:00 Y:05 P:05 S:FF mem:001C3DE4 13:39755 tv:0.000001 D0: BNE
lcpuC PC:DA5B (B9 3F D9) A:DC X:00 Y:05 P:05 S:FF mem:001C3DE4 13:39752 tv:0.000000 B9: LDA abs,y
lcpuC PC:DA5E (99 FF 01) A:93 X:00 Y:05 P:85 S:FF mem:001C3DE4 13:39748 tv:0.000000 99: STA abs,y
lcpuC PC:DA61 (88 D0 F7) A:93 X:00 Y:05 P:85 S:FF mem:001C3E77 13:39743 tv:0.000000 88: DEY
lcpuC PC:DA62 (D0 F7 A9) A:93 X:00 Y:04 P:05 S:FF mem:001C3E77 13:39741 tv:0.000001 D0: BNE
lcpuC PC:DA5B (B9 3F D9) A:93 X:00 Y:04 P:05 S:FF mem:001C3E77 13:39738 tv:0.000000 B9: LDA abs,y
lcpuC PC:DA5E (99 FF 01) A:DC X:00 Y:04 P:85 S:FF mem:001C3E77 13:39734 tv:0.000001 99: STA abs,y
lcpuC PC:DA61 (88 D0 F7) A:DC X:00 Y:04 P:85 S:FF mem:001C3F53 13:39729 tv:0.000001 88: DEY
lcpuC PC:DA62 (D0 F7 A9) A:DC X:00 Y:03 P:05 S:FF mem:001C3F53 13:39727 tv:0.000000 D0: BNE
lcpuC PC:DA5B (B9 3F D9) A:DC X:00 Y:03 P:05 S:FF mem:001C3F53 13:39724 tv:0.000000 B9: LDA abs,y
lcpuC PC:DA5E (99 FF 01) A:54 X:00 Y:03 P:05 S:FF mem:001C3F53 13:39720 tv:0.000001 99: STA abs,y
lcpuC PC:DA61 (88 D0 F7) A:54 X:00 Y:03 P:05 S:FF mem:001C3FA7 13:39715 tv:0.000001 88: DEY
lcpuC PC:DA62 (D0 F7 A9) A:54 X:00 Y:02 P:05 S:FF mem:001C3FA7 13:39713 tv:0.000000 D0: BNE
lcpuC PC:DA5B (B9 3F D9) A:54 X:00 Y:02 P:05 S:FF mem:001C3FA7 13:39710 tv:0.000000 B9: LDA abs,y
lcpuC PC:DA5E (99 FF 01) A:E3 X:00 Y:02 P:85 S:FF mem:001C3FA7 13:39706 tv:0.000001 99: STA abs,y
lcpuC PC:DA61 (88 D0 F7) A:E3 X:00 Y:02 P:85 S:FF mem:001C408A 13:39701 tv:0.000000 88: DEY
lcpuC PC:DA62 (D0 F7 A9) A:E3 X:00 Y:01 P:05 S:FF mem:001C408A 13:39699 tv:0.000000 D0: BNE
lcpuC PC:DA5B (B9 3F D9) A:E3 X:00 Y:01 P:05 S:FF mem:001C408A 13:39696 tv:0.000000 B9: LDA abs,y
lcpuC PC:DA5E (99 FF 01) A:10 X:00 Y:01 P:05 S:FF mem:001C408A 13:39692 tv:0.000000 99: STA abs,y
lcpuC PC:DA61 (88 D0 F7) A:10 X:00 Y:01 P:05 S:FF mem:001C409A 13:39687 tv:0.000001 88: DEY
lcpuC PC:DA62 (D0 F7 A9) A:10 X:00 Y:00 P:07 S:FF mem:001C409A 13:39685 tv:0.000001 D0: BNE
lcpuC PC:DA64 (A9 62 85) A:10 X:00 Y:00 P:07 S:FF mem:001C409A 13:39683 tv:0.000000 A9: LDA imm
lcpuC PC:DA66 (85 ED 20) A:62 X:00 Y:00 P:05 S:FF mem:001C409A 13:39681 tv:0.000001 85: STA zp
lcpuC PC:DA68 (20 0A FB) A:62 X:00 Y:00 P:05 S:FF mem:001C40FC 13:39678 tv:0.000001 20: JSR
lcpuC PC:FB0A (08 20 46) A:62 X:00 Y:00 P:05 S:FD mem:001C4166 13:39672 tv:0.000001 08: PHP
lcpuC PC:FB0B (20 46 FB) A:62 X:00 Y:00 P:05 S:FC mem:001C4177 13:39669 tv:0.000001 20: JSR
lcpuC PC:FB46 (A9 03 D0) A:62 X:00 Y:00 P:05 S:FA mem:001C415B 13:39663 tv:0.000001 A9: LDA imm
lcpuC PC:FB48 (D0 1B A9) A:03 X:00 Y:00 P:05 S:FA mem:001C415B 13:39661 tv:0.000001 D0: BNE
lcpuC PC:FB65 (8D 08 FE) A:03 X:00 Y:00 P:05 S:FA mem:001C415B 13:39658 tv:0.000000 8D: STA abs
here! 0x000003 0x00fb68 0xe6fa3010 0xcdde0ebc tv:0.000000 (cycle 39658  pc ~FB65
writemem_ex! addr=FE08 val=03
lcpuC PC:FB68 (60 AE C6) A:03 X:00 Y:00 P:05 S:FA mem:001C415B 13:39654 tv:0.000008 60: RTS
lcpuC PC:FB0E (AD 50 02) A:03 X:00 Y:00 P:05 S:FC mem:001C415B 13:39648 tv:0.000001 AD: LDA abs
lcpuC PC:FB11 (4C 89 E1) A:56 X:00 Y:00 P:05 S:FC mem:001C415B 13:39644 tv:0.000001 4C: JMP
lcpuC PC:E189 (8D 50 02) A:56 X:00 Y:00 P:05 S:FC mem:001C415B 13:39641 tv:0.000001 8D: STA abs
lcpuC PC:E18C (8D 08 FE) A:56 X:00 Y:00 P:05 S:FC mem:001C415B 13:39637 tv:0.000001 8D: STA abs
here! 0x000056 0x00e18f 0xe6fa3010 0xcdde0ebc tv:0.000000 (cycle 39637  pc ~E18C
writemem_ex! addr=FE08 val=56
lcpuC PC:E18F (28 60 18) A:56 X:00 Y:00 P:05 S:FC mem:001C415B 13:39633 tv:0.000007 28: PLP
lcpuC PC:E190 (60 18 A9) A:56 X:00 Y:00 P:05 S:FD mem:001C415B 13:39629 tv:0.000001 60: RTS
lcpuC PC:DA6B (A9 7F E8) A:56 X:00 Y:00 P:05 S:FF mem:001C415B 13:39623 tv:0.000001 A9: LDA imm
lcpuC PC:DA6D (E8 9D 4D) A:7F X:00 Y:00 P:05 S:FF mem:001C415B 13:39621 tv:0.000001 E8: INX
lcpuC PC:DA6E (9D 4D FE) A:7F X:01 Y:00 P:05 S:FF mem:001C415B 13:39619 tv:0.000001 9D: STA abs,x
here! 0x00007f 0x00da71 0xe6fa3010 0xcdde0ebc tv:0.000000 (cycle 39619  pc ~DA6E
writemem_ex! addr=FE4E val=7F
lcpuC PC:DA71 (9D 6D FE) A:7F X:01 Y:00 P:05 S:FF mem:001C415B 13:39614 tv:0.000007 9D: STA abs,x
here! 0x00007f 0x00da74 0xe6fa3010 0xcdde0ebc tv:0.000000 (cycle 39614  pc ~DA71
writemem_ex! addr=FE6E val=7F
lcpuC PC:DA74 (CA 10 F7) A:7F X:01 Y:00 P:05 S:FF mem:001C415B 13:39609 tv:0.000007 CA: DEX
lcpuC PC:DA75 (10 F7 58) A:7F X:00 Y:00 P:07 S:FF mem:001C415B 13:39607 tv:0.000000 10: BPL
lcpuC PC:DA6E (9D 4D FE) A:7F X:00 Y:00 P:07 S:FF mem:001C415B 13:39604 tv:0.000000 9D: STA abs,x
here! 0x00007f 0x00da71 0xe6fa3010 0xcdde0ebc tv:0.000000 (cycle 39604  pc ~DA6E
writemem_ex! addr=FE4D val=7F
lcpuC PC:DA71 (9D 6D FE) A:7F X:00 Y:00 P:07 S:FF mem:001C415B 13:39599 tv:0.000007 9D: STA abs,x
here! 0x00007f 0x00da74 0xe6fa3010 0xcdde0ebc tv:0.000000 (cycle 39599  pc ~DA71
writemem_ex! addr=FE6D val=7F
lcpuC PC:DA74 (CA 10 F7) A:7F X:00 Y:00 P:07 S:FF mem:001C415B 13:39594 tv:0.000006 CA: DEX
lcpuC PC:DA75 (10 F7 58) A:7F X:FF Y:00 P:85 S:FF mem:001C415B 13:39592 tv:0.000001 10: BPL
lcpuC PC:DA77 (58 78 24) A:7F X:FF Y:00 P:85 S:FF mem:001C415B 13:39590 tv:0.000001 58: CLI
lcpuC PC:DA78 (78 24 FC) A:7F X:FF Y:00 P:81 S:FF mem:001C415B 13:39588 tv:0.000001 78: SEI
lcpuC PC:DA79 (24 FC 50) A:7F X:FF Y:00 P:85 S:FF mem:001C415B 13:39586 tv:0.000000 24: BIT zp
lcpuC PC:DA7B (50 03 20) A:7F X:FF Y:00 P:07 S:FF mem:001C415B 13:39583 tv:0.000000 50: BVC
lcpuC PC:DA80 (A2 F2 8E) A:7F X:FF Y:00 P:07 S:FF mem:001C415B 13:39580 tv:0.000001 A2: LDX imm
lcpuC PC:DA82 (8E 4E FE) A:7F X:F2 Y:00 P:85 S:FF mem:001C415B 13:39578 tv:0.000000 8E: STX abs
here! 0x0000f2 0x00da85 0xe6fa3010 0xcdde0ebc tv:0.000000 (cycle 39578  pc ~DA82
writemem_ex! addr=FE4E val=F2
lcpuC PC:DA85 (A2 04 8E) A:7F X:F2 Y:00 P:85 S:FF mem:001C415B 13:39574 tv:0.000013 A2: LDX imm
lcpuC PC:DA87 (8E 4C FE) A:7F X:04 Y:00 P:05 S:FF mem:001C415B 13:39572 tv:0.000001 8E: STX abs
here! 0x000004 0x00da8a 0xe6fa3010 0xcdde0ebc tv:0.000001 (cycle 39572  pc ~DA87
writemem_ex! addr=FE4C val=04
lcpuC PC:DA8A (A9 60 8D) A:7F X:04 Y:00 P:05 S:FF mem:001C415B 13:39568 tv:0.000007 A9: LDA imm
lcpuC PC:DA8C (8D 4B FE) A:60 X:04 Y:00 P:05 S:FF mem:001C415B 13:39566 tv:0.000000 8D: STA abs
here! 0x000060 0x00da8f 0xe6fa3010 0xcdde0ebc tv:0.000000 (cycle 39566  pc ~DA8C
writemem_ex! addr=FE4B val=60
lcpuC PC:DA8F (A9 0E 8D) A:60 X:04 Y:00 P:05 S:FF mem:001C415B 13:39562 tv:0.000007 A9: LDA imm
lcpuC PC:DA91 (8D 46 FE) A:0E X:04 Y:00 P:05 S:FF mem:001C415B 13:39560 tv:0.000001 8D: STA abs
here! 0x00000e 0x00da94 0xe6fa3010 0xcdde0ebc tv:0.000000 (cycle 39560  pc ~DA91
writemem_ex! addr=FE46 val=0E
lcpuC PC:DA94 (8D 6C FE) A:0E X:04 Y:00 P:05 S:FF mem:001C415B 13:39556 tv:0.000018 8D: STA abs
here! 0x00000e 0x00da97 0xe6fa3010 0xcdde0ebc tv:0.000000 (cycle 39556  pc ~DA94
writemem_ex! addr=FE6C val=0E
lcpuC PC:DA97 (8D C0 FE) A:0E X:04 Y:00 P:05 S:FF mem:001C415B 13:39552 tv:0.000007 8D: STA abs
here! 0x00000e 0x00da9a 0xe6fa3010 0xcdde0ebc tv:0.000000 (cycle 39552  pc ~DA97
writemem_ex! addr=FEC0 val=0E
lcpuC PC:DA9A (CD 6C FE) A:0E X:04 Y:00 P:05 S:FF mem:001C415B 13:39548 tv:0.000012 CD: CMP abs
readmem_ex! addr=FE6C val=0E
lcpuC PC:DA9D (F0 03 EE) A:0E X:04 Y:00 P:07 S:FF mem:001C415B 13:39544 tv:0.000011 F0: BEQ
lcpuC PC:DAA2 (A9 27 8D) A:0E X:04 Y:00 P:07 S:FF mem:001C415B 13:39541 tv:0.000001 A9: LDA imm
lcpuC PC:DAA4 (8D 47 FE) A:27 X:04 Y:00 P:05 S:FF mem:001C415B 13:39539 tv:0.000001 8D: STA abs
here! 0x000027 0x00daa7 0xe6fa3010 0xcdde0ebc tv:0.000000 (cycle 39539  pc ~DAA4
writemem_ex! addr=FE47 val=27
lcpuC PC:DAA7 (8D 45 FE) A:27 X:04 Y:00 P:05 S:FF mem:001C415B 13:39535 tv:0.000007 8D: STA abs
here! 0x000027 0x00daaa 0xe6fa3010 0xcdde0ebc tv:0.000001 (cycle 39535  pc ~DAA7
writemem_ex! addr=FE45 val=27
lcpuC PC:DAAA (20 60 EC) A:27 X:04 Y:00 P:05 S:FF mem:001C415B 13:39531 tv:0.000007 20: JSR
lcpuC PC:EC60 (A2 08 CA) A:27 X:04 Y:00 P:05 S:FD mem:001C419D 13:39525 tv:0.000001 A2: LDX imm
lcpuC PC:EC62 (CA 20 A2) A:27 X:08 Y:00 P:05 S:FD mem:001C419D 13:39523 tv:0.000001 CA: DEX
lcpuC PC:EC63 (20 A2 EC) A:27 X:07 Y:00 P:05 S:FD mem:001C419D 13:39521 tv:0.000001 20: JSR
lcpuC PC:ECA2 (20 03 EB) A:27 X:07 Y:00 P:05 S:FB mem:001C41BE 13:39515 tv:0.000001 20: JSR
lcpuC PC:EB03 (A9 04 9D) A:27 X:07 Y:00 P:05 S:F9 mem:001C4242 13:39509 tv:0.000001 A9: LDA imm
lcpuC PC:EB05 (9D 08 08) A:04 X:07 Y:00 P:05 S:F9 mem:001C4242 13:39507 tv:0.000001 9D: STA abs,x
lcpuC PC:EB08 (A9 C0 9D) A:04 X:07 Y:00 P:05 S:F9 mem:001C4246 13:39502 tv:0.000001 A9: LDA imm
lcpuC PC:EB0A (9D 04 08) A:C0 X:07 Y:00 P:85 S:F9 mem:001C4246 13:39500 tv:0.000001 9D: STA abs,x
lcpuC PC:EB0D (AC 62 02) A:C0 X:07 Y:00 P:85 S:F9 mem:001C4306 13:39495 tv:0.000001 AC: LDY abs
lcpuC PC:EB10 (F0 02 A9) A:C0 X:07 Y:00 P:07 S:F9 mem:001C4306 13:39491 tv:0.000001 F0: BEQ
lcpuC PC:EB14 (38 E9 40) A:C0 X:07 Y:00 P:07 S:F9 mem:001C4306 13:39488 tv:0.000000 38: SEC
lcpuC PC:EB15 (E9 40 4A) A:C0 X:07 Y:00 P:07 S:F9 mem:001C4306 13:39486 tv:0.000002 E9: SBC imm
lcpuC PC:EB17 (4A 4A 4A) A:80 X:07 Y:00 P:85 S:F9 mem:001C4306 13:39484 tv:0.000000 4A: LSR A
lcpuC PC:EB18 (4A 4A 49) A:40 X:07 Y:00 P:04 S:F9 mem:001C4306 13:39482 tv:0.000001 4A: LSR A
lcpuC PC:EB19 (4A 49 0F) A:20 X:07 Y:00 P:04 S:F9 mem:001C4306 13:39480 tv:0.000001 4A: LSR A
lcpuC PC:EB1A (49 0F 1D) A:10 X:07 Y:00 P:04 S:F9 mem:001C4306 13:39478 tv:0.000001 49: EOR imm
lcpuC PC:EB1C (1D 3C EB) A:1F X:07 Y:00 P:04 S:F9 mem:001C4306 13:39476 tv:0.000000 1D: ORA abs,x
lcpuC PC:EB1F (09 10 08) A:9F X:07 Y:00 P:84 S:F9 mem:001C4306 13:39472 tv:0.000001 09: ORA imm
lcpuC PC:EB21 (08 78 A0) A:9F X:07 Y:00 P:84 S:F9 mem:001C4306 13:39470 tv:0.000001 08: PHP
lcpuC PC:EB22 (78 A0 FF) A:9F X:07 Y:00 P:84 S:F8 mem:001C43BA 13:39467 tv:0.000000 78: SEI
lcpuC PC:EB23 (A0 FF 8C) A:9F X:07 Y:00 P:84 S:F8 mem:001C43BA 13:39465 tv:0.000001 A0: LDY imm
lcpuC PC:EB25 (8C 43 FE) A:9F X:07 Y:FF P:84 S:F8 mem:001C43BA 13:39463 tv:0.000001 8C: STY abs
here! 0x0000ff 0x00eb28 0xe6fa3010 0xcdde0ebc tv:0.000000 (cycle 39463  pc ~EB25
writemem_ex! addr=FE43 val=FF
lcpuC PC:EB28 (8D 4F FE) A:9F X:07 Y:FF P:84 S:F8 mem:001C43BA 13:39459 tv:0.000007 8D: STA abs
here! 0x00009f 0x00eb2b 0xe6fa3010 0xcdde0ebc tv:0.000000 (cycle 39459  pc ~EB28
writing 9F(009F) to FE4F!writemem_ex! addr=FE4F val=9F
lcpuC PC:EB2B (C8 8C 40) A:9F X:07 Y:FF P:84 S:F8 mem:001C43BA 13:39455 tv:0.000047 C8: INY
lcpuC PC:EB2C (8C 40 FE) A:9F X:07 Y:00 P:06 S:F8 mem:001C43BA 13:39453 tv:0.000001 8C: STY abs
here! 0x000000 0x00eb2f 0xe6fa3010 0xcdde0ebc tv:0.000001 (cycle 39453  pc ~EB2C
writemem_ex! addr=FE40 val=00
lcpuC PC:EB2F (A0 02 88) A:9F X:07 Y:00 P:06 S:F8 mem:001C43BA 13:39449 tv:0.000013 A0: LDY imm
lcpuC PC:EB31 (88 D0 FD) A:9F X:07 Y:02 P:04 S:F8 mem:001C43BA 13:39447 tv:0.000001 88: DEY
lcpuC PC:EB32 (D0 FD A0) A:9F X:07 Y:01 P:04 S:F8 mem:001C43BA 13:39445 tv:0.000000 D0: BNE
lcpuC PC:EB31 (88 D0 FD) A:9F X:07 Y:01 P:04 S:F8 mem:001C43BA 13:39442 tv:0.000001 88: DEY
lcpuC PC:EB32 (D0 FD A0) A:9F X:07 Y:00 P:06 S:F8 mem:001C43BA 13:39440 tv:0.000001 D0: BNE
lcpuC PC:EB34 (A0 08 8C) A:9F X:07 Y:00 P:06 S:F8 mem:001C43BA 13:39438 tv:0.000000 A0: LDY imm
lcpuC PC:EB36 (8C 40 FE) A:9F X:07 Y:08 P:04 S:F8 mem:001C43BA 13:39436 tv:0.000000 8C: STY abs
here! 0x000008 0x00eb39 0xe6fa3010 0xcdde0ebc tv:0.000000 (cycle 39436  pc ~EB36
writemem_ex! addr=FE40 val=08
lcpuC PC:EB39 (A0 04 88) A:9F X:07 Y:08 P:04 S:F8 mem:001C43BA 13:39432 tv:0.000007 A0: LDY imm
lcpuC PC:EB3B (88 D0 FD) A:9F X:07 Y:04 P:04 S:F8 mem:001C43BA 13:39430 tv:0.000001 88: DEY
lcpuC PC:EB3C (D0 FD 28) A:9F X:07 Y:03 P:04 S:F8 mem:001C43BA 13:39428 tv:0.000000 D0: BNE
lcpuC PC:EB3B (88 D0 FD) A:9F X:07 Y:03 P:04 S:F8 mem:001C43BA 13:39425 tv:0.000000 88: DEY
lcpuC PC:EB3C (D0 FD 28) A:9F X:07 Y:02 P:04 S:F8 mem:001C43BA 13:39423 tv:0.000001 D0: BNE
lcpuC PC:EB3B (88 D0 FD) A:9F X:07 Y:02 P:04 S:F8 mem:001C43BA 13:39420 tv:0.000001 88: DEY
lcpuC PC:EB3C (D0 FD 28) A:9F X:07 Y:01 P:04 S:F8 mem:001C43BA 13:39418 tv:0.000000 D0: BNE
lcpuC PC:EB3B (88 D0 FD) A:9F X:07 Y:01 P:04 S:F8 mem:001C43BA 13:39415 tv:0.000000 88: DEY
lcpuC PC:EB3C (D0 FD 28) A:9F X:07 Y:00 P:06 S:F8 mem:001C43BA 13:39413 tv:0.000000 D0: BNE
lcpuC PC:EB3E (28 60 E0) A:9F X:07 Y:00 P:06 S:F8 mem:001C43BA 13:39411 tv:0.000000 28: PLP
lcpuC PC:EB3F (60 E0 C0) A:9F X:07 Y:00 P:84 S:F9 mem:001C43BA 13:39407 tv:0.000001 60: RTS
lcpuC PC:ECA5 (98 9D 18) A:9F X:07 Y:00 P:84 S:FB mem:001C43BA 13:39401 tv:0.000001 98: TYA
lcpuC PC:ECA6 (9D 18 08) A:00 X:07 Y:00 P:06 S:FB mem:001C43BA 13:39399 tv:0.000001 9D: STA abs,x
lcpuC PC:ECA9 (9D CF 02) A:00 X:07 Y:00 P:06 S:FB mem:001C43BA 13:39394 tv:0.000001 9D: STA abs,x
lcpuC PC:ECAC (9D 00 08) A:00 X:07 Y:00 P:06 S:FB mem:001C42BB 13:39389 tv:0.000001 9D: STA abs,x
lcpuC PC:ECAF (A0 03 99) A:00 X:07 Y:00 P:06 S:FB mem:001C42BB 13:39384 tv:0.000001 A0: LDY imm
lcpuC PC:ECB1 (99 2C 08) A:00 X:07 Y:03 P:04 S:FB mem:001C42BB 13:39382 tv:0.000001 99: STA abs,y
lcpuC PC:ECB4 (88 10 FA) A:00 X:07 Y:03 P:04 S:FB mem:001C42BB 13:39377 tv:0.000001 88: DEY
lcpuC PC:ECB5 (10 FA 8C) A:00 X:07 Y:02 P:04 S:FB mem:001C42BB 13:39375 tv:0.000000 10: BPL
lcpuC PC:ECB1 (99 2C 08) A:00 X:07 Y:02 P:04 S:FB mem:001C42BB 13:39372 tv:0.000000 99: STA abs,y
lcpuC PC:ECB4 (88 10 FA) A:00 X:07 Y:02 P:04 S:FB mem:001C42BB 13:39367 tv:0.000001 88: DEY
lcpuC PC:ECB5 (10 FA 8C) A:00 X:07 Y:01 P:04 S:FB mem:001C42BB 13:39365 tv:0.000001 10: BPL
lcpuC PC:ECB1 (99 2C 08) A:00 X:07 Y:01 P:04 S:FB mem:001C42BB 13:39362 tv:0.000001 99: STA abs,y
lcpuC PC:ECB4 (88 10 FA) A:00 X:07 Y:01 P:04 S:FB mem:001C42BB 13:39357 tv:0.000000 88: DEY
lcpuC PC:ECB5 (10 FA 8C) A:00 X:07 Y:00 P:06 S:FB mem:001C42BB 13:39355 tv:0.000001 10: BPL
lcpuC PC:ECB1 (99 2C 08) A:00 X:07 Y:00 P:06 S:FB mem:001C42BB 13:39352 tv:0.000000 99: STA abs,y
lcpuC PC:ECB4 (88 10 FA) A:00 X:07 Y:00 P:06 S:FB mem:001C42BB 13:39347 tv:0.000001 88: DEY
lcpuC PC:ECB5 (10 FA 8C) A:00 X:07 Y:FF P:84 S:FB mem:001C42BB 13:39345 tv:0.000000 10: BPL
lcpuC PC:ECB7 (8C 38 08) A:00 X:07 Y:FF P:84 S:FB mem:001C42BB 13:39343 tv:0.000000 8C: STY abs
lcpuC PC:ECBA (30 4A 08) A:00 X:07 Y:FF P:84 S:FB mem:001C43BA 13:39339 tv:0.000000 30: BMI
lcpuC PC:ED06 (9D 2C 08) A:00 X:07 Y:FF P:84 S:FB mem:001C43BA 13:39336 tv:0.000001 9D: STA abs,x
lcpuC PC:ED09 (E0 04 D0) A:00 X:07 Y:FF P:84 S:FB mem:001C43BA 13:39331 tv:0.000001 E0: CPX imm
lcpuC PC:ED0B (D0 09 29) A:00 X:07 Y:FF P:05 S:FB mem:001C43BA 13:39329 tv:0.000001 D0: BNE
lcpuC PC:ED16 (48 29 03) A:00 X:07 Y:FF P:05 S:FB mem:001C43BA 13:39326 tv:0.000001 48: PHA
lcpuC PC:ED17 (29 03 8D) A:00 X:07 Y:FF P:05 S:FA mem:001C42CE 13:39323 tv:0.000001 29: AND
lcpuC PC:ED19 (8D 3C 08) A:00 X:07 Y:FF P:07 S:FA mem:001C42CE 13:39320 tv:0.000001 8D: STA abs
lcpuC PC:ED1C (A9 00 8D) A:00 X:07 Y:FF P:07 S:FA mem:001C42CE 13:39316 tv:0.000000 A9: LDA imm
lcpuC PC:ED1E (8D 3D 08) A:00 X:07 Y:FF P:07 S:FA mem:001C42CE 13:39314 tv:0.000000 8D: STA abs
lcpuC PC:ED21 (68 4A 4A) A:00 X:07 Y:FF P:07 S:FA mem:001C42CE 13:39310 tv:0.000001 68: PLA
lcpuC PC:ED22 (4A 4A C9) A:00 X:07 Y:FF P:07 S:FB mem:001C42CE 13:39306 tv:0.000001 4A: LSR A
lcpuC PC:ED23 (4A C9 0C) A:00 X:07 Y:FF P:06 S:FB mem:001C42CE 13:39304 tv:0.000001 4A: LSR A
lcpuC PC:ED24 (C9 0C 90) A:00 X:07 Y:FF P:06 S:FB mem:001C42CE 13:39302 tv:0.000000 C9: CMP imm
lcpuC PC:ED26 (90 07 EE) A:00 X:07 Y:FF P:84 S:FB mem:001C42CE 13:39300 tv:0.000001 90: BCC
lcpuC PC:ED2F (A8 AD 3D) A:00 X:07 Y:FF P:84 S:FB mem:001C42CE 13:39297 tv:0.000000 A8: TAY
lcpuC PC:ED30 (AD 3D 08) A:00 X:07 Y:00 P:06 S:FB mem:001C42CE 13:39295 tv:0.000001 AD: LDA abs
lcpuC PC:ED33 (48 B9 FB) A:00 X:07 Y:00 P:06 S:FB mem:001C42CE 13:39291 tv:0.000000 48: PHA
lcpuC PC:ED34 (B9 FB ED) A:00 X:07 Y:00 P:06 S:FA mem:001C42CE 13:39288 tv:0.000001 B9: LDA abs,y
lcpuC PC:ED37 (8D 3D 08) A:F0 X:07 Y:00 P:84 S:FA mem:001C42CE 13:39284 tv:0.000001 8D: STA abs
lcpuC PC:ED3A (B9 07 EE) A:F0 X:07 Y:00 P:84 S:FA mem:001C43BE 13:39280 tv:0.000000 B9: LDA abs,y
lcpuC PC:ED3D (48 29 03) A:E7 X:07 Y:00 P:84 S:FA mem:001C43BE 13:39276 tv:0.000001 48: PHA
lcpuC PC:ED3E (29 03 8D) A:E7 X:07 Y:00 P:84 S:F9 mem:001C4401 13:39273 tv:0.000000 29: AND
lcpuC PC:ED40 (8D 3E 08) A:03 X:07 Y:00 P:04 S:F9 mem:001C4401 13:39270 tv:0.000000 8D: STA abs
lcpuC PC:ED43 (68 4A 4A) A:03 X:07 Y:00 P:04 S:F9 mem:001C4404 13:39266 tv:0.000001 68: PLA
lcpuC PC:ED44 (4A 4A 4A) A:E7 X:07 Y:00 P:84 S:FA mem:001C4404 13:39262 tv:0.000000 4A: LSR A
lcpuC PC:ED45 (4A 4A 4A) A:73 X:07 Y:00 P:05 S:FA mem:001C4404 13:39260 tv:0.000000 4A: LSR A
lcpuC PC:ED46 (4A 4A 8D) A:39 X:07 Y:00 P:05 S:FA mem:001C4404 13:39258 tv:0.000001 4A: LSR A
lcpuC PC:ED47 (4A 8D 3F) A:1C X:07 Y:00 P:05 S:FA mem:001C4404 13:39256 tv:0.000001 4A: LSR A
lcpuC PC:ED48 (8D 3F 08) A:0E X:07 Y:00 P:04 S:FA mem:001C4404 13:39254 tv:0.000001 8D: STA abs
lcpuC PC:ED4B (AD 3D 08) A:0E X:07 Y:00 P:04 S:FA mem:001C4412 13:39250 tv:0.000000 AD: LDA abs
lcpuC PC:ED4E (AC 3C 08) A:F0 X:07 Y:00 P:84 S:FA mem:001C4412 13:39246 tv:0.000001 AC: LDY abs
lcpuC PC:ED51 (F0 0C 38) A:F0 X:07 Y:00 P:06 S:FA mem:001C4412 13:39242 tv:0.000001 F0: BEQ
lcpuC PC:ED5F (8D 3D 08) A:F0 X:07 Y:00 P:06 S:FA mem:001C4412 13:39239 tv:0.000000 8D: STA abs
lcpuC PC:ED62 (68 A8 F0) A:F0 X:07 Y:00 P:06 S:FA mem:001C4412 13:39235 tv:0.000001 68: PLA
lcpuC PC:ED63 (A8 F0 09) A:00 X:07 Y:00 P:06 S:FB mem:001C4412 13:39231 tv:0.000001 A8: TAY
lcpuC PC:ED64 (F0 09 4E) A:00 X:07 Y:00 P:06 S:FB mem:001C4412 13:39229 tv:0.000000 F0: BEQ
lcpuC PC:ED6F (AD 3D 08) A:00 X:07 Y:00 P:06 S:FB mem:001C4412 13:39226 tv:0.000000 AD: LDA abs
lcpuC PC:ED72 (18 7D 3D) A:F0 X:07 Y:00 P:84 S:FB mem:001C4412 13:39222 tv:0.000000 18: CLC
lcpuC PC:ED73 (7D 3D C4) A:F0 X:07 Y:00 P:84 S:FB mem:001C4412 13:39220 tv:0.000000 7D: ADC abs,x
lcpuC PC:ED76 (8D 3D 08) A:F2 X:07 Y:00 P:84 S:FB mem:001C4412 13:39216 tv:0.000001 8D: STA abs
lcpuC PC:ED79 (90 03 EE) A:F2 X:07 Y:00 P:84 S:FB mem:001C4414 13:39212 tv:0.000000 90: BCC
lcpuC PC:ED7E (29 0F 1D) A:F2 X:07 Y:00 P:84 S:FB mem:001C4414 13:39209 tv:0.000001 29: AND
lcpuC PC:ED80 (1D 3C EB) A:02 X:07 Y:00 P:04 S:FB mem:001C4414 13:39206 tv:0.000001 1D: ORA abs,x
lcpuC PC:ED83 (08 78 20) A:82 X:07 Y:00 P:84 S:FB mem:001C4414 13:39202 tv:0.000000 08: PHP
lcpuC PC:ED84 (78 20 21) A:82 X:07 Y:00 P:84 S:FA mem:001C44C8 13:39199 tv:0.000001 78: SEI
lcpuC PC:ED85 (20 21 EB) A:82 X:07 Y:00 P:84 S:FA mem:001C44C8 13:39197 tv:0.000001 20: JSR
lcpuC PC:EB21 (08 78 A0) A:82 X:07 Y:00 P:84 S:F8 mem:001C44A1 13:39191 tv:0.000001 08: PHP
lcpuC PC:EB22 (78 A0 FF) A:82 X:07 Y:00 P:84 S:F7 mem:001C4555 13:39188 tv:0.000001 78: SEI
lcpuC PC:EB23 (A0 FF 8C) A:82 X:07 Y:00 P:84 S:F7 mem:001C4555 13:39186 tv:0.000001 A0: LDY imm
lcpuC PC:EB25 (8C 43 FE) A:82 X:07 Y:FF P:84 S:F7 mem:001C4555 13:39184 tv:0.000001 8C: STY abs
here! 0x0000ff 0x00eb28 0xe6fa3010 0xcdde0ebc tv:0.000000 (cycle 39184  pc ~EB25
writemem_ex! addr=FE43 val=FF
lcpuC PC:EB28 (8D 4F FE) A:82 X:07 Y:FF P:84 S:F7 mem:001C4555 13:39180 tv:0.000007 8D: STA abs
here! 0x000082 0x00eb2b 0xe6fa3010 0xcdde0ebc tv:0.000000 (cycle 39180  pc ~EB28
writing 82(0082) to FE4F!writemem_ex! addr=FE4F val=82
lcpuC PC:EB2B (C8 8C 40) A:82 X:07 Y:FF P:84 S:F7 mem:001C4555 13:39176 tv:0.000036 C8: INY
lcpuC PC:EB2C (8C 40 FE) A:82 X:07 Y:00 P:06 S:F7 mem:001C4555 13:39174 tv:0.000000 8C: STY abs
here! 0x000000 0x00eb2f 0xe6fa3010 0xcdde0ebc tv:0.000000 (cycle 39174  pc ~EB2C
writemem_ex! addr=FE40 val=00
lcpuC PC:EB2F (A0 02 88) A:82 X:07 Y:00 P:06 S:F7 mem:001C4555 13:39170 tv:0.000007 A0: LDY imm
lcpuC PC:EB31 (88 D0 FD) A:82 X:07 Y:02 P:04 S:F7 mem:001C4555 13:39168 tv:0.000000 88: DEY
lcpuC PC:EB32 (D0 FD A0) A:82 X:07 Y:01 P:04 S:F7 mem:001C4555 13:39166 tv:0.000000 D0: BNE
lcpuC PC:EB31 (88 D0 FD) A:82 X:07 Y:01 P:04 S:F7 mem:001C4555 13:39163 tv:0.000001 88: DEY
lcpuC PC:EB32 (D0 FD A0) A:82 X:07 Y:00 P:06 S:F7 mem:001C4555 13:39161 tv:0.000001 D0: BNE
lcpuC PC:EB34 (A0 08 8C) A:82 X:07 Y:00 P:06 S:F7 mem:001C4555 13:39159 tv:0.000000 A0: LDY imm
lcpuC PC:EB36 (8C 40 FE) A:82 X:07 Y:08 P:04 S:F7 mem:001C4555 13:39157 tv:0.000001 8C: STY abs
here! 0x000008 0x00eb39 0xe6fa3010 0xcdde0ebc tv:0.000000 (cycle 39157  pc ~EB36
writemem_ex! addr=FE40 val=08
lcpuC PC:EB39 (A0 04 88) A:82 X:07 Y:08 P:04 S:F7 mem:001C4555 13:39153 tv:0.000016 A0: LDY imm
lcpuC PC:EB3B (88 D0 FD) A:82 X:07 Y:04 P:04 S:F7 mem:001C4555 13:39151 tv:0.000000 88: DEY
lcpuC PC:EB3C (D0 FD 28) A:82 X:07 Y:03 P:04 S:F7 mem:001C4555 13:39149 tv:0.000000 D0: BNE
lcpuC PC:EB3B (88 D0 FD) A:82 X:07 Y:03 P:04 S:F7 mem:001C4555 13:39146 tv:0.000000 88: DEY
lcpuC PC:EB3C (D0 FD 28) A:82 X:07 Y:02 P:04 S:F7 mem:001C4555 13:39144 tv:0.000001 D0: BNE
lcpuC PC:EB3B (88 D0 FD) A:82 X:07 Y:02 P:04 S:F7 mem:001C4555 13:39141 tv:0.000001 88: DEY
lcpuC PC:EB3C (D0 FD 28) A:82 X:07 Y:01 P:04 S:F7 mem:001C4555 13:39139 tv:0.000000 D0: BNE
lcpuC PC:EB3B (88 D0 FD) A:82 X:07 Y:01 P:04 S:F7 mem:001C4555 13:39136 tv:0.000000 88: DEY
lcpuC PC:EB3C (D0 FD 28) A:82 X:07 Y:00 P:06 S:F7 mem:001C4555 13:39134 tv:0.000001 D0: BNE
lcpuC PC:EB3E (28 60 E0) A:82 X:07 Y:00 P:06 S:F7 mem:001C4555 13:39132 tv:0.000001 28: PLP
lcpuC PC:EB3F (60 E0 C0) A:82 X:07 Y:00 P:84 S:F8 mem:001C4555 13:39128 tv:0.000000 60: RTS
lcpuC PC:ED88 (AD 3D 08) A:82 X:07 Y:00 P:84 S:FA mem:001C4555 13:39122 tv:0.000001 AD: LDA abs
lcpuC PC:ED8B (4E 3E 08) A:F2 X:07 Y:00 P:84 S:FA mem:001C4555 13:39118 tv:0.000001 4E: LSR abs
lcpuC PC:ED8E (6A 4E 3E) A:F2 X:07 Y:00 P:05 S:FA mem:001C4553 13:39112 tv:0.000001 6A: ROR A
lcpuC PC:ED8F (4E 3E 08) A:F9 X:07 Y:00 P:84 S:FA mem:001C4553 13:39110 tv:0.000001 4E: LSR abs
lcpuC PC:ED92 (6A 4A 4A) A:F9 X:07 Y:00 P:07 S:FA mem:001C4552 13:39104 tv:0.000001 6A: ROR A
lcpuC PC:ED93 (4A 4A 4C) A:FC X:07 Y:00 P:85 S:FA mem:001C4552 13:39102 tv:0.000000 4A: LSR A
lcpuC PC:ED94 (4A 4C 22) A:7E X:07 Y:00 P:04 S:FA mem:001C4552 13:39100 tv:0.000000 4A: LSR A
lcpuC PC:ED95 (4C 22 EB) A:3F X:07 Y:00 P:04 S:FA mem:001C4552 13:39098 tv:0.000000 4C: JMP
lcpuC PC:EB22 (78 A0 FF) A:3F X:07 Y:00 P:04 S:FA mem:001C4552 13:39095 tv:0.000001 78: SEI
lcpuC PC:EB23 (A0 FF 8C) A:3F X:07 Y:00 P:04 S:FA mem:001C4552 13:39093 tv:0.000001 A0: LDY imm
lcpuC PC:EB25 (8C 43 FE) A:3F X:07 Y:FF P:84 S:FA mem:001C4552 13:39091 tv:0.000001 8C: STY abs
here! 0x0000ff 0x00eb28 0xe6fa3010 0xcdde0ebc tv:0.000000 (cycle 39091  pc ~EB25
writemem_ex! addr=FE43 val=FF
lcpuC PC:EB28 (8D 4F FE) A:3F X:07 Y:FF P:84 S:FA mem:001C4552 13:39087 tv:0.000007 8D: STA abs
here! 0x00003f 0x00eb2b 0xe6fa3010 0xcdde0ebc tv:0.000000 (cycle 39087  pc ~EB28
writing 3F(003F) to FE4F!writemem_ex! addr=FE4F val=3F
lcpuC PC:EB2B (C8 8C 40) A:3F X:07 Y:FF P:84 S:FA mem:001C4552 13:39083 tv:0.000046 C8: INY
lcpuC PC:EB2C (8C 40 FE) A:3F X:07 Y:00 P:06 S:FA mem:001C4552 13:39081 tv:0.000001 8C: STY abs
here! 0x000000 0x00eb2f 0xe6fa3010 0xcdde0ebc tv:0.000000 (cycle 39081  pc ~EB2C
writemem_ex! addr=FE40 val=00
lcpuC PC:EB2F (A0 02 88) A:3F X:07 Y:00 P:06 S:FA mem:001C4552 13:39077 tv:0.000008 A0: LDY imm
lcpuC PC:EB31 (88 D0 FD) A:3F X:07 Y:02 P:04 S:FA mem:001C4552 13:39075 tv:0.000001 88: DEY
lcpuC PC:EB32 (D0 FD A0) A:3F X:07 Y:01 P:04 S:FA mem:001C4552 13:39073 tv:0.000001 D0: BNE
lcpuC PC:EB31 (88 D0 FD) A:3F X:07 Y:01 P:04 S:FA mem:001C4552 13:39070 tv:0.000000 88: DEY
lcpuC PC:EB32 (D0 FD A0) A:3F X:07 Y:00 P:06 S:FA mem:001C4552 13:39068 tv:0.000000 D0: BNE
lcpuC PC:EB34 (A0 08 8C) A:3F X:07 Y:00 P:06 S:FA mem:001C4552 13:39066 tv:0.000001 A0: LDY imm
lcpuC PC:EB36 (8C 40 FE) A:3F X:07 Y:08 P:04 S:FA mem:001C4552 13:39064 tv:0.000000 8C: STY abs
here! 0x000008 0x00eb39 0xe6fa3010 0xcdde0ebc tv:0.000001 (cycle 39064  pc ~EB36
writemem_ex! addr=FE40 val=08
lcpuC PC:EB39 (A0 04 88) A:3F X:07 Y:08 P:04 S:FA mem:001C4552 13:39060 tv:0.000008 A0: LDY imm
lcpuC PC:EB3B (88 D0 FD) A:3F X:07 Y:04 P:04 S:FA mem:001C4552 13:39058 tv:0.000000 88: DEY
lcpuC PC:EB3C (D0 FD 28) A:3F X:07 Y:03 P:04 S:FA mem:001C4552 13:39056 tv:0.000001 D0: BNE
lcpuC PC:EB3B (88 D0 FD) A:3F X:07 Y:03 P:04 S:FA mem:001C4552 13:39053 tv:0.000000 88: DEY
lcpuC PC:EB3C (D0 FD 28) A:3F X:07 Y:02 P:04 S:FA mem:001C4552 13:39051 tv:0.000001 D0: BNE
lcpuC PC:EB3B (88 D0 FD) A:3F X:07 Y:02 P:04 S:FA mem:001C4552 13:39048 tv:0.000000 88: DEY
lcpuC PC:EB3C (D0 FD 28) A:3F X:07 Y:01 P:04 S:FA mem:001C4552 13:39046 tv:0.000001 D0: BNE
lcpuC PC:EB3B (88 D0 FD) A:3F X:07 Y:01 P:04 S:FA mem:001C4552 13:39043 tv:0.000001 88: DEY
lcpuC PC:EB3C (D0 FD 28) A:3F X:07 Y:00 P:06 S:FA mem:001C4552 13:39041 tv:0.000000 D0: BNE
lcpuC PC:EB3E (28 60 E0) A:3F X:07 Y:00 P:06 S:FA mem:001C4552 13:39039 tv:0.000000 28: PLP
lcpuC PC:EB3F (60 E0 C0) A:3F X:07 Y:00 P:84 S:FB mem:001C4552 13:39035 tv:0.000000 60: RTS
lcpuC PC:EC66 (E0 04 D0) A:3F X:07 Y:00 P:84 S:FD mem:001C4552 13:39029 tv:0.000001 E0: CPX imm
lcpuC PC:EC68 (D0 F8 60) A:3F X:07 Y:00 P:05 S:FD mem:001C4552 13:39027 tv:0.000000 D0: BNE
lcpuC PC:EC62 (CA 20 A2) A:3F X:07 Y:00 P:05 S:FD mem:001C4552 13:39024 tv:0.000000 CA: DEX
lcpuC PC:EC63 (20 A2 EC) A:3F X:06 Y:00 P:05 S:FD mem:001C4552 13:39022 tv:0.000000 20: JSR
lcpuC PC:ECA2 (20 03 EB) A:3F X:06 Y:00 P:05 S:FB mem:001C4552 13:39016 tv:0.000001 20: JSR
lcpuC PC:EB03 (A9 04 9D) A:3F X:06 Y:00 P:05 S:F9 mem:001C4541 13:39010 tv:0.000001 A9: LDA imm
lcpuC PC:EB05 (9D 08 08) A:04 X:06 Y:00 P:05 S:F9 mem:001C4541 13:39008 tv:0.000001 9D: STA abs,x
lcpuC PC:EB08 (A9 C0 9D) A:04 X:06 Y:00 P:05 S:F9 mem:001C4545 13:39003 tv:0.000001 A9: LDA imm
lcpuC PC:EB0A (9D 04 08) A:C0 X:06 Y:00 P:85 S:F9 mem:001C4545 13:39001 tv:0.000000 9D: STA abs,x
lcpuC PC:EB0D (AC 62 02) A:C0 X:06 Y:00 P:85 S:F9 mem:001C4605 13:38996 tv:0.000000 AC: LDY abs
lcpuC PC:EB10 (F0 02 A9) A:C0 X:06 Y:00 P:07 S:F9 mem:001C4605 13:38992 tv:0.000001 F0: BEQ
lcpuC PC:EB14 (38 E9 40) A:C0 X:06 Y:00 P:07 S:F9 mem:001C4605 13:38989 tv:0.000001 38: SEC
lcpuC PC:EB15 (E9 40 4A) A:C0 X:06 Y:00 P:07 S:F9 mem:001C4605 13:38987 tv:0.000000 E9: SBC imm
lcpuC PC:EB17 (4A 4A 4A) A:80 X:06 Y:00 P:85 S:F9 mem:001C4605 13:38985 tv:0.000001 4A: LSR A
lcpuC PC:EB18 (4A 4A 49) A:40 X:06 Y:00 P:04 S:F9 mem:001C4605 13:38983 tv:0.000001 4A: LSR A
lcpuC PC:EB19 (4A 49 0F) A:20 X:06 Y:00 P:04 S:F9 mem:001C4605 13:38981 tv:0.000001 4A: LSR A
lcpuC PC:EB1A (49 0F 1D) A:10 X:06 Y:00 P:04 S:F9 mem:001C4605 13:38979 tv:0.000000 49: EOR imm
lcpuC PC:EB1C (1D 3C EB) A:1F X:06 Y:00 P:04 S:F9 mem:001C4605 13:38977 tv:0.000000 1D: ORA abs,x
lcpuC PC:EB1F (09 10 08) A:BF X:06 Y:00 P:84 S:F9 mem:001C4605 13:38973 tv:0.000001 09: ORA imm
lcpuC PC:EB21 (08 78 A0) A:BF X:06 Y:00 P:84 S:F9 mem:001C4605 13:38971 tv:0.000001 08: PHP
lcpuC PC:EB22 (78 A0 FF) A:BF X:06 Y:00 P:84 S:F8 mem:001C4632 13:38968 tv:0.000001 78: SEI
lcpuC PC:EB23 (A0 FF 8C) A:BF X:06 Y:00 P:84 S:F8 mem:001C4632 13:38966 tv:0.000001 A0: LDY imm
lcpuC PC:EB25 (8C 43 FE) A:BF X:06 Y:FF P:84 S:F8 mem:001C4632 13:38964 tv:0.000000 8C: STY abs
here! 0x0000ff 0x00eb28 0xe6fa3010 0xcdde0ebc tv:0.000000 (cycle 38964  pc ~EB25
writemem_ex! addr=FE43 val=FF
lcpuC PC:EB28 (8D 4F FE) A:BF X:06 Y:FF P:84 S:F8 mem:001C4632 13:38960 tv:0.000006 8D: STA abs
here! 0x0000bf 0x00eb2b 0xe6fa3010 0xcdde0ebc tv:0.000000 (cycle 38960  pc ~EB28
writing BF(00BF) to FE4F!writemem_ex! addr=FE4F val=BF
lcpuC PC:EB2B (C8 8C 40) A:BF X:06 Y:FF P:84 S:F8 mem:001C4632 13:38956 tv:0.000042 C8: INY
lcpuC PC:EB2C (8C 40 FE) A:BF X:06 Y:00 P:06 S:F8 mem:001C4632 13:38954 tv:0.000000 8C: STY abs
here! 0x000000 0x00eb2f 0xe6fa3010 0xcdde0ebc tv:0.000001 (cycle 38954  pc ~EB2C
writemem_ex! addr=FE40 val=00
lcpuC PC:EB2F (A0 02 88) A:BF X:06 Y:00 P:06 S:F8 mem:001C4632 13:38950 tv:0.000008 A0: LDY imm
lcpuC PC:EB31 (88 D0 FD) A:BF X:06 Y:02 P:04 S:F8 mem:001C4632 13:38948 tv:0.000001 88: DEY
lcpuC PC:EB32 (D0 FD A0) A:BF X:06 Y:01 P:04 S:F8 mem:001C4632 13:38946 tv:0.000001 D0: BNE
lcpuC PC:EB31 (88 D0 FD) A:BF X:06 Y:01 P:04 S:F8 mem:001C4632 13:38943 tv:0.000001 88: DEY
lcpuC PC:EB32 (D0 FD A0) A:BF X:06 Y:00 P:06 S:F8 mem:001C4632 13:38941 tv:0.000000 D0: BNE
lcpuC PC:EB34 (A0 08 8C) A:BF X:06 Y:00 P:06 S:F8 mem:001C4632 13:38939 tv:0.000001 A0: LDY imm
lcpuC PC:EB36 (8C 40 FE) A:BF X:06 Y:08 P:04 S:F8 mem:001C4632 13:38937 tv:0.000001 8C: STY abs
here! 0x000008 0x00eb39 0xe6fa3010 0xcdde0ebc tv:0.000001 (cycle 38937  pc ~EB36
writemem_ex! addr=FE40 val=08
lcpuC PC:EB39 (A0 04 88) A:BF X:06 Y:08 P:04 S:F8 mem:001C4632 13:38933 tv:0.000008 A0: LDY imm
lcpuC PC:EB3B (88 D0 FD) A:BF X:06 Y:04 P:04 S:F8 mem:001C4632 13:38931 tv:0.000001 88: DEY
lcpuC PC:EB3C (D0 FD 28) A:BF X:06 Y:03 P:04 S:F8 mem:001C4632 13:38929 tv:0.000001 D0: BNE
lcpuC PC:EB3B (88 D0 FD) A:BF X:06 Y:03 P:04 S:F8 mem:001C4632 13:38926 tv:0.000000 88: DEY
lcpuC PC:EB3C (D0 FD 28) A:BF X:06 Y:02 P:04 S:F8 mem:001C4632 13:38924 tv:0.000001 D0: BNE
lcpuC PC:EB3B (88 D0 FD) A:BF X:06 Y:02 P:04 S:F8 mem:001C4632 13:38921 tv:0.000001 88: DEY
lcpuC PC:EB3C (D0 FD 28) A:BF X:06 Y:01 P:04 S:F8 mem:001C4632 13:38919 tv:0.000000 D0: BNE
lcpuC PC:EB3B (88 D0 FD) A:BF X:06 Y:01 P:04 S:F8 mem:001C4632 13:38916 tv:0.000000 88: DEY
lcpuC PC:EB3C (D0 FD 28) A:BF X:06 Y:00 P:06 S:F8 mem:001C4632 13:38914 tv:0.000000 D0: BNE
lcpuC PC:EB3E (28 60 E0) A:BF X:06 Y:00 P:06 S:F8 mem:001C4632 13:38912 tv:0.000000 28: PLP
lcpuC PC:EB3F (60 E0 C0) A:BF X:06 Y:00 P:84 S:F9 mem:001C4632 13:38908 tv:0.000001 60: RTS
lcpuC PC:ECA5 (98 9D 18) A:BF X:06 Y:00 P:84 S:FB mem:001C4632 13:38902 tv:0.000001 98: TYA
lcpuC PC:ECA6 (9D 18 08) A:00 X:06 Y:00 P:06 S:FB mem:001C4632 13:38900 tv:0.000000 9D: STA abs,x
lcpuC PC:ECA9 (9D CF 02) A:00 X:06 Y:00 P:06 S:FB mem:001C4632 13:38895 tv:0.000001 9D: STA abs,x
lcpuC PC:ECAC (9D 00 08) A:00 X:06 Y:00 P:06 S:FB mem:001C4533 13:38890 tv:0.000001 9D: STA abs,x
lcpuC PC:ECAF (A0 03 99) A:00 X:06 Y:00 P:06 S:FB mem:001C4533 13:38885 tv:0.000001 A0: LDY imm
lcpuC PC:ECB1 (99 2C 08) A:00 X:06 Y:03 P:04 S:FB mem:001C4533 13:38883 tv:0.000001 99: STA abs,y
lcpuC PC:ECB4 (88 10 FA) A:00 X:06 Y:03 P:04 S:FB mem:001C4533 13:38878 tv:0.000001 88: DEY
lcpuC PC:ECB5 (10 FA 8C) A:00 X:06 Y:02 P:04 S:FB mem:001C4533 13:38876 tv:0.000000 10: BPL
lcpuC PC:ECB1 (99 2C 08) A:00 X:06 Y:02 P:04 S:FB mem:001C4533 13:38873 tv:0.000001 99: STA abs,y
lcpuC PC:ECB4 (88 10 FA) A:00 X:06 Y:02 P:04 S:FB mem:001C4533 13:38868 tv:0.000001 88: DEY
lcpuC PC:ECB5 (10 FA 8C) A:00 X:06 Y:01 P:04 S:FB mem:001C4533 13:38866 tv:0.000000 10: BPL
lcpuC PC:ECB1 (99 2C 08) A:00 X:06 Y:01 P:04 S:FB mem:001C4533 13:38863 tv:0.000001 99: STA abs,y
lcpuC PC:ECB4 (88 10 FA) A:00 X:06 Y:01 P:04 S:FB mem:001C4533 13:38858 tv:0.000001 88: DEY
lcpuC PC:ECB5 (10 FA 8C) A:00 X:06 Y:00 P:06 S:FB mem:001C4533 13:38856 tv:0.000001 10: BPL
lcpuC PC:ECB1 (99 2C 08) A:00 X:06 Y:00 P:06 S:FB mem:001C4533 13:38853 tv:0.000000 99: STA abs,y
lcpuC PC:ECB4 (88 10 FA) A:00 X:06 Y:00 P:06 S:FB mem:001C4533 13:38848 tv:0.000001 88: DEY
lcpuC PC:ECB5 (10 FA 8C) A:00 X:06 Y:FF P:84 S:FB mem:001C4533 13:38846 tv:0.000001 10: BPL
lcpuC PC:ECB7 (8C 38 08) A:00 X:06 Y:FF P:84 S:FB mem:001C4533 13:38844 tv:0.000000 8C: STY abs
lcpuC PC:ECBA (30 4A 08) A:00 X:06 Y:FF P:84 S:FB mem:001C4533 13:38840 tv:0.000001 30: BMI
lcpuC PC:ED06 (9D 2C 08) A:00 X:06 Y:FF P:84 S:FB mem:001C4533 13:38837 tv:0.000001 9D: STA abs,x
lcpuC PC:ED09 (E0 04 D0) A:00 X:06 Y:FF P:84 S:FB mem:001C4533 13:38832 tv:0.000001 E0: CPX imm
lcpuC PC:ED0B (D0 09 29) A:00 X:06 Y:FF P:05 S:FB mem:001C4533 13:38830 tv:0.000001 D0: BNE
lcpuC PC:ED16 (48 29 03) A:00 X:06 Y:FF P:05 S:FB mem:001C4533 13:38827 tv:0.000001 48: PHA
lcpuC PC:ED17 (29 03 8D) A:00 X:06 Y:FF P:05 S:FA mem:001C4447 13:38824 tv:0.000000 29: AND
lcpuC PC:ED19 (8D 3C 08) A:00 X:06 Y:FF P:07 S:FA mem:001C4447 13:38821 tv:0.000001 8D: STA abs
lcpuC PC:ED1C (A9 00 8D) A:00 X:06 Y:FF P:07 S:FA mem:001C4447 13:38817 tv:0.000001 A9: LDA imm
lcpuC PC:ED1E (8D 3D 08) A:00 X:06 Y:FF P:07 S:FA mem:001C4447 13:38815 tv:0.000001 8D: STA abs
lcpuC PC:ED21 (68 4A 4A) A:00 X:06 Y:FF P:07 S:FA mem:001C4355 13:38811 tv:0.000000 68: PLA
lcpuC PC:ED22 (4A 4A C9) A:00 X:06 Y:FF P:07 S:FB mem:001C4355 13:38807 tv:0.000000 4A: LSR A
lcpuC PC:ED23 (4A C9 0C) A:00 X:06 Y:FF P:06 S:FB mem:001C4355 13:38805 tv:0.000001 4A: LSR A
lcpuC PC:ED24 (C9 0C 90) A:00 X:06 Y:FF P:06 S:FB mem:001C4355 13:38803 tv:0.000000 C9: CMP imm
lcpuC PC:ED26 (90 07 EE) A:00 X:06 Y:FF P:84 S:FB mem:001C4355 13:38801 tv:0.000001 90: BCC
lcpuC PC:ED2F (A8 AD 3D) A:00 X:06 Y:FF P:84 S:FB mem:001C4355 13:38798 tv:0.000001 A8: TAY
lcpuC PC:ED30 (AD 3D 08) A:00 X:06 Y:00 P:06 S:FB mem:001C4355 13:38796 tv:0.000001 AD: LDA abs
lcpuC PC:ED33 (48 B9 FB) A:00 X:06 Y:00 P:06 S:FB mem:001C4355 13:38792 tv:0.000001 48: PHA
lcpuC PC:ED34 (B9 FB ED) A:00 X:06 Y:00 P:06 S:FA mem:001C4355 13:38789 tv:0.000001 B9: LDA abs,y
lcpuC PC:ED37 (8D 3D 08) A:F0 X:06 Y:00 P:84 S:FA mem:001C4355 13:38785 tv:0.000001 8D: STA abs
lcpuC PC:ED3A (B9 07 EE) A:F0 X:06 Y:00 P:84 S:FA mem:001C4445 13:38781 tv:0.000000 B9: LDA abs,y
lcpuC PC:ED3D (48 29 03) A:E7 X:06 Y:00 P:84 S:FA mem:001C4445 13:38777 tv:0.000001 48: PHA
lcpuC PC:ED3E (29 03 8D) A:E7 X:06 Y:00 P:84 S:F9 mem:001C4488 13:38774 tv:0.000000 29: AND
lcpuC PC:ED40 (8D 3E 08) A:03 X:06 Y:00 P:04 S:F9 mem:001C4488 13:38771 tv:0.000001 8D: STA abs
lcpuC PC:ED43 (68 4A 4A) A:03 X:06 Y:00 P:04 S:F9 mem:001C448B 13:38767 tv:0.000001 68: PLA
lcpuC PC:ED44 (4A 4A 4A) A:E7 X:06 Y:00 P:84 S:FA mem:001C448B 13:38763 tv:0.000001 4A: LSR A
lcpuC PC:ED45 (4A 4A 4A) A:73 X:06 Y:00 P:05 S:FA mem:001C448B 13:38761 tv:0.000000 4A: LSR A
lcpuC PC:ED46 (4A 4A 8D) A:39 X:06 Y:00 P:05 S:FA mem:001C448B 13:38759 tv:0.000001 4A: LSR A
lcpuC PC:ED47 (4A 8D 3F) A:1C X:06 Y:00 P:05 S:FA mem:001C448B 13:38757 tv:0.000001 4A: LSR A
lcpuC PC:ED48 (8D 3F 08) A:0E X:06 Y:00 P:04 S:FA mem:001C448B 13:38755 tv:0.000001 8D: STA abs
lcpuC PC:ED4B (AD 3D 08) A:0E X:06 Y:00 P:04 S:FA mem:001C448B 13:38751 tv:0.000001 AD: LDA abs
lcpuC PC:ED4E (AC 3C 08) A:F0 X:06 Y:00 P:84 S:FA mem:001C448B 13:38747 tv:0.000000 AC: LDY abs
lcpuC PC:ED51 (F0 0C 38) A:F0 X:06 Y:00 P:06 S:FA mem:001C448B 13:38743 tv:0.000001 F0: BEQ
lcpuC PC:ED5F (8D 3D 08) A:F0 X:06 Y:00 P:06 S:FA mem:001C448B 13:38740 tv:0.000001 8D: STA abs
lcpuC PC:ED62 (68 A8 F0) A:F0 X:06 Y:00 P:06 S:FA mem:001C448B 13:38736 tv:0.000000 68: PLA
lcpuC PC:ED63 (A8 F0 09) A:00 X:06 Y:00 P:06 S:FB mem:001C448B 13:38732 tv:0.000001 A8: TAY
lcpuC PC:ED64 (F0 09 4E) A:00 X:06 Y:00 P:06 S:FB mem:001C448B 13:38730 tv:0.000000 F0: BEQ
lcpuC PC:ED6F (AD 3D 08) A:00 X:06 Y:00 P:06 S:FB mem:001C448B 13:38727 tv:0.000000 AD: LDA abs
lcpuC PC:ED72 (18 7D 3D) A:F0 X:06 Y:00 P:84 S:FB mem:001C448B 13:38723 tv:0.000000 18: CLC
lcpuC PC:ED73 (7D 3D C4) A:F0 X:06 Y:00 P:84 S:FB mem:001C448B 13:38721 tv:0.000000 7D: ADC abs,x
lcpuC PC:ED76 (8D 3D 08) A:F1 X:06 Y:00 P:84 S:FB mem:001C448B 13:38717 tv:0.000001 8D: STA abs
lcpuC PC:ED79 (90 03 EE) A:F1 X:06 Y:00 P:84 S:FB mem:001C448C 13:38713 tv:0.000001 90: BCC
lcpuC PC:ED7E (29 0F 1D) A:F1 X:06 Y:00 P:84 S:FB mem:001C448C 13:38710 tv:0.000000 29: AND
lcpuC PC:ED80 (1D 3C EB) A:01 X:06 Y:00 P:04 S:FB mem:001C448C 13:38707 tv:0.000001 1D: ORA abs,x
lcpuC PC:ED83 (08 78 20) A:A1 X:06 Y:00 P:84 S:FB mem:001C448C 13:38703 tv:0.000001 08: PHP
lcpuC PC:ED84 (78 20 21) A:A1 X:06 Y:00 P:84 S:FA mem:001C4540 13:38700 tv:0.000000 78: SEI
lcpuC PC:ED85 (20 21 EB) A:A1 X:06 Y:00 P:84 S:FA mem:001C4540 13:38698 tv:0.000000 20: JSR
lcpuC PC:EB21 (08 78 A0) A:A1 X:06 Y:00 P:84 S:F8 mem:001C4519 13:38692 tv:0.000000 08: PHP
lcpuC PC:EB22 (78 A0 FF) A:A1 X:06 Y:00 P:84 S:F7 mem:001C4519 13:38689 tv:0.000000 78: SEI
lcpuC PC:EB23 (A0 FF 8C) A:A1 X:06 Y:00 P:84 S:F7 mem:001C4519 13:38687 tv:0.000000 A0: LDY imm
lcpuC PC:EB25 (8C 43 FE) A:A1 X:06 Y:FF P:84 S:F7 mem:001C4519 13:38685 tv:0.000000 8C: STY abs
here! 0x0000ff 0x00eb28 0xe6fa3010 0xcdde0ebc tv:0.000000 (cycle 38685  pc ~EB25
writemem_ex! addr=FE43 val=FF
lcpuC PC:EB28 (8D 4F FE) A:A1 X:06 Y:FF P:84 S:F7 mem:001C4519 13:38681 tv:0.000007 8D: STA abs
here! 0x0000a1 0x00eb2b 0xe6fa3010 0xcdde0ebc tv:0.000001 (cycle 38681  pc ~EB28
writing A1(00A1) to FE4F!writemem_ex! addr=FE4F val=A1
lcpuC PC:EB2B (C8 8C 40) A:A1 X:06 Y:FF P:84 S:F7 mem:001C4519 13:38677 tv:0.000038 C8: INY
lcpuC PC:EB2C (8C 40 FE) A:A1 X:06 Y:00 P:06 S:F7 mem:001C4519 13:38675 tv:0.000000 8C: STY abs
here! 0x000000 0x00eb2f 0xe6fa3010 0xcdde0ebc tv:0.000001 (cycle 38675  pc ~EB2C
writemem_ex! addr=FE40 val=00
lcpuC PC:EB2F (A0 02 88) A:A1 X:06 Y:00 P:06 S:F7 mem:001C4519 13:38671 tv:0.000008 A0: LDY imm
lcpuC PC:EB31 (88 D0 FD) A:A1 X:06 Y:02 P:04 S:F7 mem:001C4519 13:38669 tv:0.000000 88: DEY
lcpuC PC:EB32 (D0 FD A0) A:A1 X:06 Y:01 P:04 S:F7 mem:001C4519 13:38667 tv:0.000001 D0: BNE
lcpuC PC:EB31 (88 D0 FD) A:A1 X:06 Y:01 P:04 S:F7 mem:001C4519 13:38664 tv:0.000000 88: DEY
lcpuC PC:EB32 (D0 FD A0) A:A1 X:06 Y:00 P:06 S:F7 mem:001C4519 13:38662 tv:0.000000 D0: BNE
lcpuC PC:EB34 (A0 08 8C) A:A1 X:06 Y:00 P:06 S:F7 mem:001C4519 13:38660 tv:0.000000 A0: LDY imm
lcpuC PC:EB36 (8C 40 FE) A:A1 X:06 Y:08 P:04 S:F7 mem:001C4519 13:38658 tv:0.000000 8C: STY abs
here! 0x000008 0x00eb39 0xe6fa3010 0xcdde0ebc tv:0.000000 (cycle 38658  pc ~EB36
writemem_ex! addr=FE40 val=08
lcpuC PC:EB39 (A0 04 88) A:A1 X:06 Y:08 P:04 S:F7 mem:001C4519 13:38654 tv:0.000007 A0: LDY imm
lcpuC PC:EB3B (88 D0 FD) A:A1 X:06 Y:04 P:04 S:F7 mem:001C4519 13:38652 tv:0.000000 88: DEY
lcpuC PC:EB3C (D0 FD 28) A:A1 X:06 Y:03 P:04 S:F7 mem:001C4519 13:38650 tv:0.000000 D0: BNE
lcpuC PC:EB3B (88 D0 FD) A:A1 X:06 Y:03 P:04 S:F7 mem:001C4519 13:38647 tv:0.000001 88: DEY
lcpuC PC:EB3C (D0 FD 28) A:A1 X:06 Y:02 P:04 S:F7 mem:001C4519 13:38645 tv:0.000001 D0: BNE
lcpuC PC:EB3B (88 D0 FD) A:A1 X:06 Y:02 P:04 S:F7 mem:001C4519 13:38642 tv:0.000000 88: DEY
lcpuC PC:EB3C (D0 FD 28) A:A1 X:06 Y:01 P:04 S:F7 mem:001C4519 13:38640 tv:0.000000 D0: BNE
lcpuC PC:EB3B (88 D0 FD) A:A1 X:06 Y:01 P:04 S:F7 mem:001C4519 13:38637 tv:0.000001 88: DEY
lcpuC PC:EB3C (D0 FD 28) A:A1 X:06 Y:00 P:06 S:F7 mem:001C4519 13:38635 tv:0.000001 D0: BNE
lcpuC PC:EB3E (28 60 E0) A:A1 X:06 Y:00 P:06 S:F7 mem:001C4519 13:38633 tv:0.000001 28: PLP
lcpuC PC:EB3F (60 E0 C0) A:A1 X:06 Y:00 P:84 S:F8 mem:001C4519 13:38629 tv:0.000001 60: RTS
lcpuC PC:ED88 (AD 3D 08) A:A1 X:06 Y:00 P:84 S:FA mem:001C4519 13:38623 tv:0.000001 AD: LDA abs
lcpuC PC:ED8B (4E 3E 08) A:F1 X:06 Y:00 P:84 S:FA mem:001C4519 13:38619 tv:0.000001 4E: LSR abs
lcpuC PC:ED8E (6A 4E 3E) A:F1 X:06 Y:00 P:05 S:FA mem:001C4517 13:38613 tv:0.000001 6A: ROR A
lcpuC PC:ED8F (4E 3E 08) A:F8 X:06 Y:00 P:85 S:FA mem:001C4517 13:38611 tv:0.000000 4E: LSR abs
lcpuC PC:ED92 (6A 4A 4A) A:F8 X:06 Y:00 P:07 S:FA mem:001C4516 13:38605 tv:0.000001 6A: ROR A
lcpuC PC:ED93 (4A 4A 4C) A:FC X:06 Y:00 P:84 S:FA mem:001C4516 13:38603 tv:0.000000 4A: LSR A
lcpuC PC:ED94 (4A 4C 22) A:7E X:06 Y:00 P:04 S:FA mem:001C4516 13:38601 tv:0.000001 4A: LSR A
lcpuC PC:ED95 (4C 22 EB) A:3F X:06 Y:00 P:04 S:FA mem:001C4516 13:38599 tv:0.000000 4C: JMP
lcpuC PC:EB22 (78 A0 FF) A:3F X:06 Y:00 P:04 S:FA mem:001C4516 13:38596 tv:0.000000 78: SEI
lcpuC PC:EB23 (A0 FF 8C) A:3F X:06 Y:00 P:04 S:FA mem:001C4516 13:38594 tv:0.000000 A0: LDY imm
lcpuC PC:EB25 (8C 43 FE) A:3F X:06 Y:FF P:84 S:FA mem:001C4516 13:38592 tv:0.000000 8C: STY abs
here! 0x0000ff 0x00eb28 0xe6fa3010 0xcdde0ebc tv:0.000000 (cycle 38592  pc ~EB25
writemem_ex! addr=FE43 val=FF
lcpuC PC:EB28 (8D 4F FE) A:3F X:06 Y:FF P:84 S:FA mem:001C4516 13:38588 tv:0.000007 8D: STA abs
here! 0x00003f 0x00eb2b 0xe6fa3010 0xcdde0ebc tv:0.000000 (cycle 38588  pc ~EB28
writing 3F(003F) to FE4F!writemem_ex! addr=FE4F val=3F
lcpuC PC:EB2B (C8 8C 40) A:3F X:06 Y:FF P:84 S:FA mem:001C4516 13:38584 tv:0.000036 C8: INY
lcpuC PC:EB2C (8C 40 FE) A:3F X:06 Y:00 P:06 S:FA mem:001C4516 13:38582 tv:0.000001 8C: STY abs
here! 0x000000 0x00eb2f 0xe6fa3010 0xcdde0ebc tv:0.000000 (cycle 38582  pc ~EB2C
writemem_ex! addr=FE40 val=00
lcpuC PC:EB2F (A0 02 88) A:3F X:06 Y:00 P:06 S:FA mem:001C4516 13:38578 tv:0.000008 A0: LDY imm
lcpuC PC:EB31 (88 D0 FD) A:3F X:06 Y:02 P:04 S:FA mem:001C4516 13:38576 tv:0.000001 88: DEY
lcpuC PC:EB32 (D0 FD A0) A:3F X:06 Y:01 P:04 S:FA mem:001C4516 13:38574 tv:0.000001 D0: BNE
lcpuC PC:EB31 (88 D0 FD) A:3F X:06 Y:01 P:04 S:FA mem:001C4516 13:38571 tv:0.000002 88: DEY
lcpuC PC:EB32 (D0 FD A0) A:3F X:06 Y:00 P:06 S:FA mem:001C4516 13:38569 tv:0.000001 D0: BNE
lcpuC PC:EB34 (A0 08 8C) A:3F X:06 Y:00 P:06 S:FA mem:001C4516 13:38567 tv:0.000000 A0: LDY imm
lcpuC PC:EB36 (8C 40 FE) A:3F X:06 Y:08 P:04 S:FA mem:001C4516 13:38565 tv:0.000001 8C: STY abs
here! 0x000008 0x00eb39 0xe6fa3010 0xcdde0ebc tv:0.000001 (cycle 38565  pc ~EB36
writemem_ex! addr=FE40 val=08
lcpuC PC:EB39 (A0 04 88) A:3F X:06 Y:08 P:04 S:FA mem:001C4516 13:38561 tv:0.000007 A0: LDY imm
lcpuC PC:EB3B (88 D0 FD) A:3F X:06 Y:04 P:04 S:FA mem:001C4516 13:38559 tv:0.000001 88: DEY
lcpuC PC:EB3C (D0 FD 28) A:3F X:06 Y:03 P:04 S:FA mem:001C4516 13:38557 tv:0.000001 D0: BNE
lcpuC PC:EB3B (88 D0 FD) A:3F X:06 Y:03 P:04 S:FA mem:001C4516 13:38554 tv:0.000001 88: DEY
lcpuC PC:EB3C (D0 FD 28) A:3F X:06 Y:02 P:04 S:FA mem:001C4516 13:38552 tv:0.000000 D0: BNE
lcpuC PC:EB3B (88 D0 FD) A:3F X:06 Y:02 P:04 S:FA mem:001C4516 13:38549 tv:0.000000 88: DEY
lcpuC PC:EB3C (D0 FD 28) A:3F X:06 Y:01 P:04 S:FA mem:001C4516 13:38547 tv:0.000000 D0: BNE
lcpuC PC:EB3B (88 D0 FD) A:3F X:06 Y:01 P:04 S:FA mem:001C4516 13:38544 tv:0.000000 88: DEY
lcpuC PC:EB3C (D0 FD 28) A:3F X:06 Y:00 P:06 S:FA mem:001C4516 13:38542 tv:0.000001 D0: BNE
lcpuC PC:EB3E (28 60 E0) A:3F X:06 Y:00 P:06 S:FA mem:001C4516 13:38540 tv:0.000001 28: PLP
lcpuC PC:EB3F (60 E0 C0) A:3F X:06 Y:00 P:84 S:FB mem:001C4516 13:38536 tv:0.000001 60: RTS
lcpuC PC:EC66 (E0 04 D0) A:3F X:06 Y:00 P:84 S:FD mem:001C4516 13:38530 tv:0.000001 E0: CPX imm
lcpuC PC:EC68 (D0 F8 60) A:3F X:06 Y:00 P:05 S:FD mem:001C4516 13:38528 tv:0.000001 D0: BNE
lcpuC PC:EC62 (CA 20 A2) A:3F X:06 Y:00 P:05 S:FD mem:001C4516 13:38525 tv:0.000000 CA: DEX
lcpuC PC:EC63 (20 A2 EC) A:3F X:05 Y:00 P:05 S:FD mem:001C4516 13:38523 tv:0.000001 20: JSR
lcpuC PC:ECA2 (20 03 EB) A:3F X:05 Y:00 P:05 S:FB mem:001C4516 13:38517 tv:0.000001 20: JSR
lcpuC PC:EB03 (A9 04 9D) A:3F X:05 Y:00 P:05 S:F9 mem:001C4505 13:38511 tv:0.000001 A9: LDA imm
lcpuC PC:EB05 (9D 08 08) A:04 X:05 Y:00 P:05 S:F9 mem:001C4505 13:38509 tv:0.000000 9D: STA abs,x
lcpuC PC:EB08 (A9 C0 9D) A:04 X:05 Y:00 P:05 S:F9 mem:001C4509 13:38504 tv:0.000001 A9: LDA imm
lcpuC PC:EB0A (9D 04 08) A:C0 X:05 Y:00 P:85 S:F9 mem:001C4509 13:38502 tv:0.000001 9D: STA abs,x
lcpuC PC:EB0D (AC 62 02) A:C0 X:05 Y:00 P:85 S:F9 mem:001C45C9 13:38497 tv:0.000001 AC: LDY abs
lcpuC PC:EB10 (F0 02 A9) A:C0 X:05 Y:00 P:07 S:F9 mem:001C45C9 13:38493 tv:0.000000 F0: BEQ
lcpuC PC:EB14 (38 E9 40) A:C0 X:05 Y:00 P:07 S:F9 mem:001C45C9 13:38490 tv:0.000000 38: SEC
lcpuC PC:EB15 (E9 40 4A) A:C0 X:05 Y:00 P:07 S:F9 mem:001C45C9 13:38488 tv:0.000001 E9: SBC imm
lcpuC PC:EB17 (4A 4A 4A) A:80 X:05 Y:00 P:85 S:F9 mem:001C45C9 13:38486 tv:0.000000 4A: LSR A
lcpuC PC:EB18 (4A 4A 49) A:40 X:05 Y:00 P:04 S:F9 mem:001C45C9 13:38484 tv:0.000000 4A: LSR A
lcpuC PC:EB19 (4A 49 0F) A:20 X:05 Y:00 P:04 S:F9 mem:001C45C9 13:38482 tv:0.000000 4A: LSR A
lcpuC PC:EB1A (49 0F 1D) A:10 X:05 Y:00 P:04 S:F9 mem:001C45C9 13:38480 tv:0.000001 49: EOR imm
lcpuC PC:EB1C (1D 3C EB) A:1F X:05 Y:00 P:04 S:F9 mem:001C45C9 13:38478 tv:0.000000 1D: ORA abs,x
lcpuC PC:EB1F (09 10 08) A:DF X:05 Y:00 P:84 S:F9 mem:001C45C9 13:38474 tv:0.000001 09: ORA imm
lcpuC PC:EB21 (08 78 A0) A:DF X:05 Y:00 P:84 S:F9 mem:001C45C9 13:38472 tv:0.000000 08: PHP
lcpuC PC:EB22 (78 A0 FF) A:DF X:05 Y:00 P:84 S:F8 mem:001C45F6 13:38469 tv:0.000000 78: SEI
lcpuC PC:EB23 (A0 FF 8C) A:DF X:05 Y:00 P:84 S:F8 mem:001C45F6 13:38467 tv:0.000000 A0: LDY imm
lcpuC PC:EB25 (8C 43 FE) A:DF X:05 Y:FF P:84 S:F8 mem:001C45F6 13:38465 tv:0.000001 8C: STY abs
here! 0x0000ff 0x00eb28 0xe6fa3010 0xcdde0ebc tv:0.000000 (cycle 38465  pc ~EB25
writemem_ex! addr=FE43 val=FF
lcpuC PC:EB28 (8D 4F FE) A:DF X:05 Y:FF P:84 S:F8 mem:001C45F6 13:38461 tv:0.000007 8D: STA abs
here! 0x0000df 0x00eb2b 0xe6fa3010 0xcdde0ebc tv:0.000000 (cycle 38461  pc ~EB28
writing DF(00DF) to FE4F!writemem_ex! addr=FE4F val=DF
lcpuC PC:EB2B (C8 8C 40) A:DF X:05 Y:FF P:84 S:F8 mem:001C45F6 13:38457 tv:0.000040 C8: INY
lcpuC PC:EB2C (8C 40 FE) A:DF X:05 Y:00 P:06 S:F8 mem:001C45F6 13:38455 tv:0.000000 8C: STY abs
here! 0x000000 0x00eb2f 0xe6fa3010 0xcdde0ebc tv:0.000000 (cycle 38455  pc ~EB2C
writemem_ex! addr=FE40 val=00
lcpuC PC:EB2F (A0 02 88) A:DF X:05 Y:00 P:06 S:F8 mem:001C45F6 13:38451 tv:0.000007 A0: LDY imm
lcpuC PC:EB31 (88 D0 FD) A:DF X:05 Y:02 P:04 S:F8 mem:001C45F6 13:38449 tv:0.000001 88: DEY
lcpuC PC:EB32 (D0 FD A0) A:DF X:05 Y:01 P:04 S:F8 mem:001C45F6 13:38447 tv:0.000000 D0: BNE
lcpuC PC:EB31 (88 D0 FD) A:DF X:05 Y:01 P:04 S:F8 mem:001C45F6 13:38444 tv:0.000000 88: DEY
lcpuC PC:EB32 (D0 FD A0) A:DF X:05 Y:00 P:06 S:F8 mem:001C45F6 13:38442 tv:0.000000 D0: BNE
lcpuC PC:EB34 (A0 08 8C) A:DF X:05 Y:00 P:06 S:F8 mem:001C45F6 13:38440 tv:0.000000 A0: LDY imm
lcpuC PC:EB36 (8C 40 FE) A:DF X:05 Y:08 P:04 S:F8 mem:001C45F6 13:38438 tv:0.000000 8C: STY abs
here! 0x000008 0x00eb39 0xe6fa3010 0xcdde0ebc tv:0.000000 (cycle 38438  pc ~EB36
writemem_ex! addr=FE40 val=08
lcpuC PC:EB39 (A0 04 88) A:DF X:05 Y:08 P:04 S:F8 mem:001C45F6 13:38434 tv:0.000007 A0: LDY imm
lcpuC PC:EB3B (88 D0 FD) A:DF X:05 Y:04 P:04 S:F8 mem:001C45F6 13:38432 tv:0.000000 88: DEY
lcpuC PC:EB3C (D0 FD 28) A:DF X:05 Y:03 P:04 S:F8 mem:001C45F6 13:38430 tv:0.000000 D0: BNE
lcpuC PC:EB3B (88 D0 FD) A:DF X:05 Y:03 P:04 S:F8 mem:001C45F6 13:38427 tv:0.000001 88: DEY
lcpuC PC:EB3C (D0 FD 28) A:DF X:05 Y:02 P:04 S:F8 mem:001C45F6 13:38425 tv:0.000001 D0: BNE
lcpuC PC:EB3B (88 D0 FD) A:DF X:05 Y:02 P:04 S:F8 mem:001C45F6 13:38422 tv:0.000001 88: DEY
lcpuC PC:EB3C (D0 FD 28) A:DF X:05 Y:01 P:04 S:F8 mem:001C45F6 13:38420 tv:0.000000 D0: BNE
lcpuC PC:EB3B (88 D0 FD) A:DF X:05 Y:01 P:04 S:F8 mem:001C45F6 13:38417 tv:0.000001 88: DEY
lcpuC PC:EB3C (D0 FD 28) A:DF X:05 Y:00 P:06 S:F8 mem:001C45F6 13:38415 tv:0.000000 D0: BNE
lcpuC PC:EB3E (28 60 E0) A:DF X:05 Y:00 P:06 S:F8 mem:001C45F6 13:38413 tv:0.000000 28: PLP
lcpuC PC:EB3F (60 E0 C0) A:DF X:05 Y:00 P:84 S:F9 mem:001C45F6 13:38409 tv:0.000000 60: RTS
lcpuC PC:ECA5 (98 9D 18) A:DF X:05 Y:00 P:84 S:FB mem:001C45F6 13:38403 tv:0.000001 98: TYA
lcpuC PC:ECA6 (9D 18 08) A:00 X:05 Y:00 P:06 S:FB mem:001C45F6 13:38401 tv:0.000001 9D: STA abs,x
lcpuC PC:ECA9 (9D CF 02) A:00 X:05 Y:00 P:06 S:FB mem:001C45F6 13:38396 tv:0.000001 9D: STA abs,x
lcpuC PC:ECAC (9D 00 08) A:00 X:05 Y:00 P:06 S:FB mem:001C44F7 13:38391 tv:0.000001 9D: STA abs,x
lcpuC PC:ECAF (A0 03 99) A:00 X:05 Y:00 P:06 S:FB mem:001C44F7 13:38386 tv:0.000001 A0: LDY imm
lcpuC PC:ECB1 (99 2C 08) A:00 X:05 Y:03 P:04 S:FB mem:001C44F7 13:38384 tv:0.000001 99: STA abs,y
lcpuC PC:ECB4 (88 10 FA) A:00 X:05 Y:03 P:04 S:FB mem:001C44F7 13:38379 tv:0.000001 88: DEY
lcpuC PC:ECB5 (10 FA 8C) A:00 X:05 Y:02 P:04 S:FB mem:001C44F7 13:38377 tv:0.000001 10: BPL
lcpuC PC:ECB1 (99 2C 08) A:00 X:05 Y:02 P:04 S:FB mem:001C44F7 13:38374 tv:0.000001 99: STA abs,y
lcpuC PC:ECB4 (88 10 FA) A:00 X:05 Y:02 P:04 S:FB mem:001C44F7 13:38369 tv:0.000001 88: DEY
lcpuC PC:ECB5 (10 FA 8C) A:00 X:05 Y:01 P:04 S:FB mem:001C44F7 13:38367 tv:0.000000 10: BPL
lcpuC PC:ECB1 (99 2C 08) A:00 X:05 Y:01 P:04 S:FB mem:001C44F7 13:38364 tv:0.000001 99: STA abs,y
lcpuC PC:ECB4 (88 10 FA) A:00 X:05 Y:01 P:04 S:FB mem:001C44F7 13:38359 tv:0.000001 88: DEY
lcpuC PC:ECB5 (10 FA 8C) A:00 X:05 Y:00 P:06 S:FB mem:001C44F7 13:38357 tv:0.000000 10: BPL
lcpuC PC:ECB1 (99 2C 08) A:00 X:05 Y:00 P:06 S:FB mem:001C44F7 13:38354 tv:0.000001 99: STA abs,y
lcpuC PC:ECB4 (88 10 FA) A:00 X:05 Y:00 P:06 S:FB mem:001C44F7 13:38349 tv:0.000001 88: DEY
lcpuC PC:ECB5 (10 FA 8C) A:00 X:05 Y:FF P:84 S:FB mem:001C44F7 13:38347 tv:0.000000 10: BPL
lcpuC PC:ECB7 (8C 38 08) A:00 X:05 Y:FF P:84 S:FB mem:001C44F7 13:38345 tv:0.000000 8C: STY abs
lcpuC PC:ECBA (30 4A 08) A:00 X:05 Y:FF P:84 S:FB mem:001C44F7 13:38341 tv:0.000000 30: BMI
lcpuC PC:ED06 (9D 2C 08) A:00 X:05 Y:FF P:84 S:FB mem:001C44F7 13:38338 tv:0.000001 9D: STA abs,x
lcpuC PC:ED09 (E0 04 D0) A:00 X:05 Y:FF P:84 S:FB mem:001C44F7 13:38333 tv:0.000001 E0: CPX imm
lcpuC PC:ED0B (D0 09 29) A:00 X:05 Y:FF P:05 S:FB mem:001C44F7 13:38331 tv:0.000000 D0: BNE
lcpuC PC:ED16 (48 29 03) A:00 X:05 Y:FF P:05 S:FB mem:001C44F7 13:38328 tv:0.000001 48: PHA
lcpuC PC:ED17 (29 03 8D) A:00 X:05 Y:FF P:05 S:FA mem:001C440B 13:38325 tv:0.000001 29: AND
lcpuC PC:ED19 (8D 3C 08) A:00 X:05 Y:FF P:07 S:FA mem:001C440B 13:38322 tv:0.000001 8D: STA abs
lcpuC PC:ED1C (A9 00 8D) A:00 X:05 Y:FF P:07 S:FA mem:001C440B 13:38318 tv:0.000000 A9: LDA imm
lcpuC PC:ED1E (8D 3D 08) A:00 X:05 Y:FF P:07 S:FA mem:001C440B 13:38316 tv:0.000000 8D: STA abs
lcpuC PC:ED21 (68 4A 4A) A:00 X:05 Y:FF P:07 S:FA mem:001C431A 13:38312 tv:0.000001 68: PLA
lcpuC PC:ED22 (4A 4A C9) A:00 X:05 Y:FF P:07 S:FB mem:001C431A 13:38308 tv:0.000001 4A: LSR A
lcpuC PC:ED23 (4A C9 0C) A:00 X:05 Y:FF P:06 S:FB mem:001C431A 13:38306 tv:0.000000 4A: LSR A
lcpuC PC:ED24 (C9 0C 90) A:00 X:05 Y:FF P:06 S:FB mem:001C431A 13:38304 tv:0.000000 C9: CMP imm
lcpuC PC:ED26 (90 07 EE) A:00 X:05 Y:FF P:84 S:FB mem:001C431A 13:38302 tv:0.000000 90: BCC
lcpuC PC:ED2F (A8 AD 3D) A:00 X:05 Y:FF P:84 S:FB mem:001C431A 13:38299 tv:0.000001 A8: TAY
lcpuC PC:ED30 (AD 3D 08) A:00 X:05 Y:00 P:06 S:FB mem:001C431A 13:38297 tv:0.000001 AD: LDA abs
lcpuC PC:ED33 (48 B9 FB) A:00 X:05 Y:00 P:06 S:FB mem:001C431A 13:38293 tv:0.000001 48: PHA
lcpuC PC:ED34 (B9 FB ED) A:00 X:05 Y:00 P:06 S:FA mem:001C431A 13:38290 tv:0.000000 B9: LDA abs,y
lcpuC PC:ED37 (8D 3D 08) A:F0 X:05 Y:00 P:84 S:FA mem:001C431A 13:38286 tv:0.000001 8D: STA abs
lcpuC PC:ED3A (B9 07 EE) A:F0 X:05 Y:00 P:84 S:FA mem:001C440A 13:38282 tv:0.000001 B9: LDA abs,y
lcpuC PC:ED3D (48 29 03) A:E7 X:05 Y:00 P:84 S:FA mem:001C440A 13:38278 tv:0.000001 48: PHA
lcpuC PC:ED3E (29 03 8D) A:E7 X:05 Y:00 P:84 S:F9 mem:001C444D 13:38275 tv:0.000000 29: AND
lcpuC PC:ED40 (8D 3E 08) A:03 X:05 Y:00 P:04 S:F9 mem:001C444D 13:38272 tv:0.000000 8D: STA abs
lcpuC PC:ED43 (68 4A 4A) A:03 X:05 Y:00 P:04 S:F9 mem:001C4450 13:38268 tv:0.000000 68: PLA
lcpuC PC:ED44 (4A 4A 4A) A:E7 X:05 Y:00 P:84 S:FA mem:001C4450 13:38264 tv:0.000000 4A: LSR A
lcpuC PC:ED45 (4A 4A 4A) A:73 X:05 Y:00 P:05 S:FA mem:001C4450 13:38262 tv:0.000000 4A: LSR A
lcpuC PC:ED46 (4A 4A 8D) A:39 X:05 Y:00 P:05 S:FA mem:001C4450 13:38260 tv:0.000000 4A: LSR A
lcpuC PC:ED47 (4A 8D 3F) A:1C X:05 Y:00 P:05 S:FA mem:001C4450 13:38258 tv:0.000000 4A: LSR A
lcpuC PC:ED48 (8D 3F 08) A:0E X:05 Y:00 P:04 S:FA mem:001C4450 13:38256 tv:0.000000 8D: STA abs
lcpuC PC:ED4B (AD 3D 08) A:0E X:05 Y:00 P:04 S:FA mem:001C4450 13:38252 tv:0.000000 AD: LDA abs
lcpuC PC:ED4E (AC 3C 08) A:F0 X:05 Y:00 P:84 S:FA mem:001C4450 13:38248 tv:0.000001 AC: LDY abs
lcpuC PC:ED51 (F0 0C 38) A:F0 X:05 Y:00 P:06 S:FA mem:001C4450 13:38244 tv:0.000000 F0: BEQ
lcpuC PC:ED5F (8D 3D 08) A:F0 X:05 Y:00 P:06 S:FA mem:001C4450 13:38241 tv:0.000000 8D: STA abs
lcpuC PC:ED62 (68 A8 F0) A:F0 X:05 Y:00 P:06 S:FA mem:001C4450 13:38237 tv:0.000001 68: PLA
lcpuC PC:ED63 (A8 F0 09) A:00 X:05 Y:00 P:06 S:FB mem:001C4450 13:38233 tv:0.000001 A8: TAY
lcpuC PC:ED64 (F0 09 4E) A:00 X:05 Y:00 P:06 S:FB mem:001C4450 13:38231 tv:0.000000 F0: BEQ
lcpuC PC:ED6F (AD 3D 08) A:00 X:05 Y:00 P:06 S:FB mem:001C4450 13:38228 tv:0.000000 AD: LDA abs
lcpuC PC:ED72 (18 7D 3D) A:F0 X:05 Y:00 P:84 S:FB mem:001C4450 13:38224 tv:0.000001 18: CLC
lcpuC PC:ED73 (7D 3D C4) A:F0 X:05 Y:00 P:84 S:FB mem:001C4450 13:38222 tv:0.000002 7D: ADC abs,x
lcpuC PC:ED76 (8D 3D 08) A:F0 X:05 Y:00 P:84 S:FB mem:001C4450 13:38218 tv:0.000001 8D: STA abs
lcpuC PC:ED79 (90 03 EE) A:F0 X:05 Y:00 P:84 S:FB mem:001C4450 13:38214 tv:0.000001 90: BCC
lcpuC PC:ED7E (29 0F 1D) A:F0 X:05 Y:00 P:84 S:FB mem:001C4450 13:38211 tv:0.000001 29: AND
lcpuC PC:ED80 (1D 3C EB) A:00 X:05 Y:00 P:06 S:FB mem:001C4450 13:38208 tv:0.000000 1D: ORA abs,x
lcpuC PC:ED83 (08 78 20) A:C0 X:05 Y:00 P:84 S:FB mem:001C4450 13:38204 tv:0.000002 08: PHP
lcpuC PC:ED84 (78 20 21) A:C0 X:05 Y:00 P:84 S:FA mem:001C4504 13:38201 tv:0.000000 78: SEI
lcpuC PC:ED85 (20 21 EB) A:C0 X:05 Y:00 P:84 S:FA mem:001C4504 13:38199 tv:0.000000 20: JSR
lcpuC PC:EB21 (08 78 A0) A:C0 X:05 Y:00 P:84 S:F8 mem:001C44DD 13:38193 tv:0.000001 08: PHP
lcpuC PC:EB22 (78 A0 FF) A:C0 X:05 Y:00 P:84 S:F7 mem:001C44DD 13:38190 tv:0.000000 78: SEI
lcpuC PC:EB23 (A0 FF 8C) A:C0 X:05 Y:00 P:84 S:F7 mem:001C44DD 13:38188 tv:0.000000 A0: LDY imm
lcpuC PC:EB25 (8C 43 FE) A:C0 X:05 Y:FF P:84 S:F7 mem:001C44DD 13:38186 tv:0.000000 8C: STY abs
here! 0x0000ff 0x00eb28 0xe6fa3010 0xcdde0ebc tv:0.000000 (cycle 38186  pc ~EB25
writemem_ex! addr=FE43 val=FF
lcpuC PC:EB28 (8D 4F FE) A:C0 X:05 Y:FF P:84 S:F7 mem:001C44DD 13:38182 tv:0.000007 8D: STA abs
here! 0x0000c0 0x00eb2b 0xe6fa3010 0xcdde0ebc tv:0.000001 (cycle 38182  pc ~EB28
writing C0(00C0) to FE4F!writemem_ex! addr=FE4F val=C0
lcpuC PC:EB2B (C8 8C 40) A:C0 X:05 Y:FF P:84 S:F7 mem:001C44DD 13:38178 tv:0.000055 C8: INY
lcpuC PC:EB2C (8C 40 FE) A:C0 X:05 Y:00 P:06 S:F7 mem:001C44DD 13:38176 tv:0.000001 8C: STY abs
here! 0x000000 0x00eb2f 0xe6fa3010 0xcdde0ebc tv:0.000000 (cycle 38176  pc ~EB2C
writemem_ex! addr=FE40 val=00
lcpuC PC:EB2F (A0 02 88) A:C0 X:05 Y:00 P:06 S:F7 mem:001C44DD 13:38172 tv:0.000007 A0: LDY imm
lcpuC PC:EB31 (88 D0 FD) A:C0 X:05 Y:02 P:04 S:F7 mem:001C44DD 13:38170 tv:0.000001 88: DEY
lcpuC PC:EB32 (D0 FD A0) A:C0 X:05 Y:01 P:04 S:F7 mem:001C44DD 13:38168 tv:0.000001 D0: BNE
lcpuC PC:EB31 (88 D0 FD) A:C0 X:05 Y:01 P:04 S:F7 mem:001C44DD 13:38165 tv:0.000001 88: DEY
lcpuC PC:EB32 (D0 FD A0) A:C0 X:05 Y:00 P:06 S:F7 mem:001C44DD 13:38163 tv:0.000001 D0: BNE
lcpuC PC:EB34 (A0 08 8C) A:C0 X:05 Y:00 P:06 S:F7 mem:001C44DD 13:38161 tv:0.000000 A0: LDY imm
lcpuC PC:EB36 (8C 40 FE) A:C0 X:05 Y:08 P:04 S:F7 mem:001C44DD 13:38159 tv:0.000001 8C: STY abs
here! 0x000008 0x00eb39 0xe6fa3010 0xcdde0ebc tv:0.000000 (cycle 38159  pc ~EB36
writemem_ex! addr=FE40 val=08
lcpuC PC:EB39 (A0 04 88) A:C0 X:05 Y:08 P:04 S:F7 mem:001C44DD 13:38155 tv:0.000007 A0: LDY imm
lcpuC PC:EB3B (88 D0 FD) A:C0 X:05 Y:04 P:04 S:F7 mem:001C44DD 13:38153 tv:0.000000 88: DEY
lcpuC PC:EB3C (D0 FD 28) A:C0 X:05 Y:03 P:04 S:F7 mem:001C44DD 13:38151 tv:0.000001 D0: BNE
lcpuC PC:EB3B (88 D0 FD) A:C0 X:05 Y:03 P:04 S:F7 mem:001C44DD 13:38148 tv:0.000001 88: DEY
lcpuC PC:EB3C (D0 FD 28) A:C0 X:05 Y:02 P:04 S:F7 mem:001C44DD 13:38146 tv:0.000001 D0: BNE
lcpuC PC:EB3B (88 D0 FD) A:C0 X:05 Y:02 P:04 S:F7 mem:001C44DD 13:38143 tv:0.000001 88: DEY
lcpuC PC:EB3C (D0 FD 28) A:C0 X:05 Y:01 P:04 S:F7 mem:001C44DD 13:38141 tv:0.000001 D0: BNE
lcpuC PC:EB3B (88 D0 FD) A:C0 X:05 Y:01 P:04 S:F7 mem:001C44DD 13:38138 tv:0.000001 88: DEY
lcpuC PC:EB3C (D0 FD 28) A:C0 X:05 Y:00 P:06 S:F7 mem:001C44DD 13:38136 tv:0.000000 D0: BNE
lcpuC PC:EB3E (28 60 E0) A:C0 X:05 Y:00 P:06 S:F7 mem:001C44DD 13:38134 tv:0.000000 28: PLP
lcpuC PC:EB3F (60 E0 C0) A:C0 X:05 Y:00 P:84 S:F8 mem:001C44DD 13:38130 tv:0.000000 60: RTS
lcpuC PC:ED88 (AD 3D 08) A:C0 X:05 Y:00 P:84 S:FA mem:001C44DD 13:38124 tv:0.000001 AD: LDA abs
lcpuC PC:ED8B (4E 3E 08) A:F0 X:05 Y:00 P:84 S:FA mem:001C44DD 13:38120 tv:0.000000 4E: LSR abs
lcpuC PC:ED8E (6A 4E 3E) A:F0 X:05 Y:00 P:05 S:FA mem:001C44DB 13:38114 tv:0.000001 6A: ROR A
lcpuC PC:ED8F (4E 3E 08) A:F8 X:05 Y:00 P:84 S:FA mem:001C44DB 13:38112 tv:0.000001 4E: LSR abs
lcpuC PC:ED92 (6A 4A 4A) A:F8 X:05 Y:00 P:07 S:FA mem:001C44DA 13:38106 tv:0.000001 6A: ROR A
lcpuC PC:ED93 (4A 4A 4C) A:FC X:05 Y:00 P:84 S:FA mem:001C44DA 13:38104 tv:0.000000 4A: LSR A
lcpuC PC:ED94 (4A 4C 22) A:7E X:05 Y:00 P:04 S:FA mem:001C44DA 13:38102 tv:0.000000 4A: LSR A
lcpuC PC:ED95 (4C 22 EB) A:3F X:05 Y:00 P:04 S:FA mem:001C44DA 13:38100 tv:0.000001 4C: JMP
lcpuC PC:EB22 (78 A0 FF) A:3F X:05 Y:00 P:04 S:FA mem:001C44DA 13:38097 tv:0.000001 78: SEI
lcpuC PC:EB23 (A0 FF 8C) A:3F X:05 Y:00 P:04 S:FA mem:001C44DA 13:38095 tv:0.000000 A0: LDY imm
lcpuC PC:EB25 (8C 43 FE) A:3F X:05 Y:FF P:84 S:FA mem:001C44DA 13:38093 tv:0.000001 8C: STY abs
here! 0x0000ff 0x00eb28 0xe6fa3010 0xcdde0ebc tv:0.000000 (cycle 38093  pc ~EB25
writemem_ex! addr=FE43 val=FF
lcpuC PC:EB28 (8D 4F FE) A:3F X:05 Y:FF P:84 S:FA mem:001C44DA 13:38089 tv:0.000008 8D: STA abs
here! 0x00003f 0x00eb2b 0xe6fa3010 0xcdde0ebc tv:0.000001 (cycle 38089  pc ~EB28
writing 3F(003F) to FE4F!writemem_ex! addr=FE4F val=3F
lcpuC PC:EB2B (C8 8C 40) A:3F X:05 Y:FF P:84 S:FA mem:001C44DA 13:38085 tv:0.000043 C8: INY
lcpuC PC:EB2C (8C 40 FE) A:3F X:05 Y:00 P:06 S:FA mem:001C44DA 13:38083 tv:0.000001 8C: STY abs
here! 0x000000 0x00eb2f 0xe6fa3010 0xcdde0ebc tv:0.000000 (cycle 38083  pc ~EB2C
writemem_ex! addr=FE40 val=00
lcpuC PC:EB2F (A0 02 88) A:3F X:05 Y:00 P:06 S:FA mem:001C44DA 13:38079 tv:0.000007 A0: LDY imm
lcpuC PC:EB31 (88 D0 FD) A:3F X:05 Y:02 P:04 S:FA mem:001C44DA 13:38077 tv:0.000001 88: DEY
lcpuC PC:EB32 (D0 FD A0) A:3F X:05 Y:01 P:04 S:FA mem:001C44DA 13:38075 tv:0.000000 D0: BNE
lcpuC PC:EB31 (88 D0 FD) A:3F X:05 Y:01 P:04 S:FA mem:001C44DA 13:38072 tv:0.000001 88: DEY
lcpuC PC:EB32 (D0 FD A0) A:3F X:05 Y:00 P:06 S:FA mem:001C44DA 13:38070 tv:0.000001 D0: BNE
lcpuC PC:EB34 (A0 08 8C) A:3F X:05 Y:00 P:06 S:FA mem:001C44DA 13:38068 tv:0.000000 A0: LDY imm
lcpuC PC:EB36 (8C 40 FE) A:3F X:05 Y:08 P:04 S:FA mem:001C44DA 13:38066 tv:0.000000 8C: STY abs
here! 0x000008 0x00eb39 0xe6fa3010 0xcdde0ebc tv:0.000000 (cycle 38066  pc ~EB36
writemem_ex! addr=FE40 val=08
lcpuC PC:EB39 (A0 04 88) A:3F X:05 Y:08 P:04 S:FA mem:001C44DA 13:38062 tv:0.000007 A0: LDY imm
lcpuC PC:EB3B (88 D0 FD) A:3F X:05 Y:04 P:04 S:FA mem:001C44DA 13:38060 tv:0.000001 88: DEY
lcpuC PC:EB3C (D0 FD 28) A:3F X:05 Y:03 P:04 S:FA mem:001C44DA 13:38058 tv:0.000000 D0: BNE
lcpuC PC:EB3B (88 D0 FD) A:3F X:05 Y:03 P:04 S:FA mem:001C44DA 13:38055 tv:0.000001 88: DEY
lcpuC PC:EB3C (D0 FD 28) A:3F X:05 Y:02 P:04 S:FA mem:001C44DA 13:38053 tv:0.000001 D0: BNE
lcpuC PC:EB3B (88 D0 FD) A:3F X:05 Y:02 P:04 S:FA mem:001C44DA 13:38050 tv:0.000001 88: DEY
lcpuC PC:EB3C (D0 FD 28) A:3F X:05 Y:01 P:04 S:FA mem:001C44DA 13:38048 tv:0.000000 D0: BNE
lcpuC PC:EB3B (88 D0 FD) A:3F X:05 Y:01 P:04 S:FA mem:001C44DA 13:38045 tv:0.000000 88: DEY
lcpuC PC:EB3C (D0 FD 28) A:3F X:05 Y:00 P:06 S:FA mem:001C44DA 13:38043 tv:0.000000 D0: BNE
lcpuC PC:EB3E (28 60 E0) A:3F X:05 Y:00 P:06 S:FA mem:001C44DA 13:38041 tv:0.000000 28: PLP
lcpuC PC:EB3F (60 E0 C0) A:3F X:05 Y:00 P:84 S:FB mem:001C44DA 13:38037 tv:0.000001 60: RTS
lcpuC PC:EC66 (E0 04 D0) A:3F X:05 Y:00 P:84 S:FD mem:001C44DA 13:38031 tv:0.000001 E0: CPX imm
lcpuC PC:EC68 (D0 F8 60) A:3F X:05 Y:00 P:05 S:FD mem:001C44DA 13:38029 tv:0.000001 D0: BNE
lcpuC PC:EC62 (CA 20 A2) A:3F X:05 Y:00 P:05 S:FD mem:001C44DA 13:38026 tv:0.000001 CA: DEX
lcpuC PC:EC63 (20 A2 EC) A:3F X:04 Y:00 P:05 S:FD mem:001C44DA 13:38024 tv:0.000001 20: JSR
lcpuC PC:ECA2 (20 03 EB) A:3F X:04 Y:00 P:05 S:FB mem:001C44DA 13:38018 tv:0.000001 20: JSR
lcpuC PC:EB03 (A9 04 9D) A:3F X:04 Y:00 P:05 S:F9 mem:001C44C9 13:38012 tv:0.000001 A9: LDA imm
lcpuC PC:EB05 (9D 08 08) A:04 X:04 Y:00 P:05 S:F9 mem:001C44C9 13:38010 tv:0.000001 9D: STA abs,x
lcpuC PC:EB08 (A9 C0 9D) A:04 X:04 Y:00 P:05 S:F9 mem:001C44CD 13:38005 tv:0.000001 A9: LDA imm
lcpuC PC:EB0A (9D 04 08) A:C0 X:04 Y:00 P:85 S:F9 mem:001C44CD 13:38003 tv:0.000000 9D: STA abs,x
lcpuC PC:EB0D (AC 62 02) A:C0 X:04 Y:00 P:85 S:F9 mem:001C458D 13:37998 tv:0.000001 AC: LDY abs
lcpuC PC:EB10 (F0 02 A9) A:C0 X:04 Y:00 P:07 S:F9 mem:001C458D 13:37994 tv:0.000000 F0: BEQ
lcpuC PC:EB14 (38 E9 40) A:C0 X:04 Y:00 P:07 S:F9 mem:001C458D 13:37991 tv:0.000001 38: SEC
lcpuC PC:EB15 (E9 40 4A) A:C0 X:04 Y:00 P:07 S:F9 mem:001C458D 13:37989 tv:0.000000 E9: SBC imm
lcpuC PC:EB17 (4A 4A 4A) A:80 X:04 Y:00 P:85 S:F9 mem:001C458D 13:37987 tv:0.000001 4A: LSR A
lcpuC PC:EB18 (4A 4A 49) A:40 X:04 Y:00 P:04 S:F9 mem:001C458D 13:37985 tv:0.000000 4A: LSR A
lcpuC PC:EB19 (4A 49 0F) A:20 X:04 Y:00 P:04 S:F9 mem:001C458D 13:37983 tv:0.000000 4A: LSR A
lcpuC PC:EB1A (49 0F 1D) A:10 X:04 Y:00 P:04 S:F9 mem:001C458D 13:37981 tv:0.000000 49: EOR imm
lcpuC PC:EB1C (1D 3C EB) A:1F X:04 Y:00 P:04 S:F9 mem:001C458D 13:37979 tv:0.000000 1D: ORA abs,x
lcpuC PC:EB1F (09 10 08) A:FF X:04 Y:00 P:84 S:F9 mem:001C458D 13:37975 tv:0.000001 09: ORA imm
lcpuC PC:EB21 (08 78 A0) A:FF X:04 Y:00 P:84 S:F9 mem:001C458D 13:37973 tv:0.000001 08: PHP
lcpuC PC:EB22 (78 A0 FF) A:FF X:04 Y:00 P:84 S:F8 mem:001C45BA 13:37970 tv:0.000000 78: SEI
lcpuC PC:EB23 (A0 FF 8C) A:FF X:04 Y:00 P:84 S:F8 mem:001C45BA 13:37968 tv:0.000000 A0: LDY imm
lcpuC PC:EB25 (8C 43 FE) A:FF X:04 Y:FF P:84 S:F8 mem:001C45BA 13:37966 tv:0.000000 8C: STY abs
here! 0x0000ff 0x00eb28 0xe6fa3010 0xcdde0ebc tv:0.000000 (cycle 37966  pc ~EB25
writemem_ex! addr=FE43 val=FF
lcpuC PC:EB28 (8D 4F FE) A:FF X:04 Y:FF P:84 S:F8 mem:001C45BA 13:37962 tv:0.000007 8D: STA abs
here! 0x0000ff 0x00eb2b 0xe6fa3010 0xcdde0ebc tv:0.000000 (cycle 37962  pc ~EB28
writing FF(00FF) to FE4F!writemem_ex! addr=FE4F val=FF
lcpuC PC:EB2B (C8 8C 40) A:FF X:04 Y:FF P:84 S:F8 mem:001C45BA 13:37958 tv:0.000037 C8: INY
lcpuC PC:EB2C (8C 40 FE) A:FF X:04 Y:00 P:06 S:F8 mem:001C45BA 13:37956 tv:0.000001 8C: STY abs
here! 0x000000 0x00eb2f 0xe6fa3010 0xcdde0ebc tv:0.000000 (cycle 37956  pc ~EB2C
writemem_ex! addr=FE40 val=00
lcpuC PC:EB2F (A0 02 88) A:FF X:04 Y:00 P:06 S:F8 mem:001C45BA 13:37952 tv:0.000007 A0: LDY imm
lcpuC PC:EB31 (88 D0 FD) A:FF X:04 Y:02 P:04 S:F8 mem:001C45BA 13:37950 tv:0.000000 88: DEY
lcpuC PC:EB32 (D0 FD A0) A:FF X:04 Y:01 P:04 S:F8 mem:001C45BA 13:37948 tv:0.000001 D0: BNE
lcpuC PC:EB31 (88 D0 FD) A:FF X:04 Y:01 P:04 S:F8 mem:001C45BA 13:37945 tv:0.000001 88: DEY
lcpuC PC:EB32 (D0 FD A0) A:FF X:04 Y:00 P:06 S:F8 mem:001C45BA 13:37943 tv:0.000000 D0: BNE
lcpuC PC:EB34 (A0 08 8C) A:FF X:04 Y:00 P:06 S:F8 mem:001C45BA 13:37941 tv:0.000000 A0: LDY imm
lcpuC PC:EB36 (8C 40 FE) A:FF X:04 Y:08 P:04 S:F8 mem:001C45BA 13:37939 tv:0.000000 8C: STY abs
here! 0x000008 0x00eb39 0xe6fa3010 0xcdde0ebc tv:0.000000 (cycle 37939  pc ~EB36
writemem_ex! addr=FE40 val=08
lcpuC PC:EB39 (A0 04 88) A:FF X:04 Y:08 P:04 S:F8 mem:001C45BA 13:37935 tv:0.000007 A0: LDY imm
lcpuC PC:EB3B (88 D0 FD) A:FF X:04 Y:04 P:04 S:F8 mem:001C45BA 13:37933 tv:0.000000 88: DEY
lcpuC PC:EB3C (D0 FD 28) A:FF X:04 Y:03 P:04 S:F8 mem:001C45BA 13:37931 tv:0.000001 D0: BNE
lcpuC PC:EB3B (88 D0 FD) A:FF X:04 Y:03 P:04 S:F8 mem:001C45BA 13:37928 tv:0.000000 88: DEY
lcpuC PC:EB3C (D0 FD 28) A:FF X:04 Y:02 P:04 S:F8 mem:001C45BA 13:37926 tv:0.000000 D0: BNE
lcpuC PC:EB3B (88 D0 FD) A:FF X:04 Y:02 P:04 S:F8 mem:001C45BA 13:37923 tv:0.000000 88: DEY
lcpuC PC:EB3C (D0 FD 28) A:FF X:04 Y:01 P:04 S:F8 mem:001C45BA 13:37921 tv:0.000001 D0: BNE
lcpuC PC:EB3B (88 D0 FD) A:FF X:04 Y:01 P:04 S:F8 mem:001C45BA 13:37918 tv:0.000001 88: DEY
lcpuC PC:EB3C (D0 FD 28) A:FF X:04 Y:00 P:06 S:F8 mem:001C45BA 13:37916 tv:0.000001 D0: BNE
lcpuC PC:EB3E (28 60 E0) A:FF X:04 Y:00 P:06 S:F8 mem:001C45BA 13:37914 tv:0.000001 28: PLP
lcpuC PC:EB3F (60 E0 C0) A:FF X:04 Y:00 P:84 S:F9 mem:001C45BA 13:37910 tv:0.000000 60: RTS
lcpuC PC:ECA5 (98 9D 18) A:FF X:04 Y:00 P:84 S:FB mem:001C45BA 13:37904 tv:0.000001 98: TYA
lcpuC PC:ECA6 (9D 18 08) A:00 X:04 Y:00 P:06 S:FB mem:001C45BA 13:37902 tv:0.000001 9D: STA abs,x
lcpuC PC:ECA9 (9D CF 02) A:00 X:04 Y:00 P:06 S:FB mem:001C45BA 13:37897 tv:0.000001 9D: STA abs,x
lcpuC PC:ECAC (9D 00 08) A:00 X:04 Y:00 P:06 S:FB mem:001C44BB 13:37892 tv:0.000000 9D: STA abs,x
lcpuC PC:ECAF (A0 03 99) A:00 X:04 Y:00 P:06 S:FB mem:001C44BB 13:37887 tv:0.000001 A0: LDY imm
lcpuC PC:ECB1 (99 2C 08) A:00 X:04 Y:03 P:04 S:FB mem:001C44BB 13:37885 tv:0.000001 99: STA abs,y
lcpuC PC:ECB4 (88 10 FA) A:00 X:04 Y:03 P:04 S:FB mem:001C44BB 13:37880 tv:0.000001 88: DEY
lcpuC PC:ECB5 (10 FA 8C) A:00 X:04 Y:02 P:04 S:FB mem:001C44BB 13:37878 tv:0.000001 10: BPL
lcpuC PC:ECB1 (99 2C 08) A:00 X:04 Y:02 P:04 S:FB mem:001C44BB 13:37875 tv:0.000000 99: STA abs,y
lcpuC PC:ECB4 (88 10 FA) A:00 X:04 Y:02 P:04 S:FB mem:001C44BB 13:37870 tv:0.000001 88: DEY
lcpuC PC:ECB5 (10 FA 8C) A:00 X:04 Y:01 P:04 S:FB mem:001C44BB 13:37868 tv:0.000000 10: BPL
lcpuC PC:ECB1 (99 2C 08) A:00 X:04 Y:01 P:04 S:FB mem:001C44BB 13:37865 tv:0.000001 99: STA abs,y
lcpuC PC:ECB4 (88 10 FA) A:00 X:04 Y:01 P:04 S:FB mem:001C44BB 13:37860 tv:0.000001 88: DEY
lcpuC PC:ECB5 (10 FA 8C) A:00 X:04 Y:00 P:06 S:FB mem:001C44BB 13:37858 tv:0.000001 10: BPL
lcpuC PC:ECB1 (99 2C 08) A:00 X:04 Y:00 P:06 S:FB mem:001C44BB 13:37855 tv:0.000001 99: STA abs,y
lcpuC PC:ECB4 (88 10 FA) A:00 X:04 Y:00 P:06 S:FB mem:001C44BB 13:37850 tv:0.000000 88: DEY
lcpuC PC:ECB5 (10 FA 8C) A:00 X:04 Y:FF P:84 S:FB mem:001C44BB 13:37848 tv:0.000000 10: BPL
lcpuC PC:ECB7 (8C 38 08) A:00 X:04 Y:FF P:84 S:FB mem:001C44BB 13:37846 tv:0.000001 8C: STY abs
lcpuC PC:ECBA (30 4A 08) A:00 X:04 Y:FF P:84 S:FB mem:001C44BB 13:37842 tv:0.000001 30: BMI
lcpuC PC:ED06 (9D 2C 08) A:00 X:04 Y:FF P:84 S:FB mem:001C44BB 13:37839 tv:0.000001 9D: STA abs,x
lcpuC PC:ED09 (E0 04 D0) A:00 X:04 Y:FF P:84 S:FB mem:001C44BB 13:37834 tv:0.000000 E0: CPX imm
lcpuC PC:ED0B (D0 09 29) A:00 X:04 Y:FF P:07 S:FB mem:001C44BB 13:37832 tv:0.000000 D0: BNE
lcpuC PC:ED0D (29 0F 1D) A:00 X:04 Y:FF P:07 S:FB mem:001C44BB 13:37830 tv:0.000001 29: AND
lcpuC PC:ED0F (1D 3C EB) A:00 X:04 Y:FF P:07 S:FB mem:001C44BB 13:37827 tv:0.000000 1D: ORA abs,x
lcpuC PC:ED12 (08 4C 95) A:E0 X:04 Y:FF P:85 S:FB mem:001C44BB 13:37823 tv:0.000001 08: PHP
lcpuC PC:ED13 (4C 95 ED) A:E0 X:04 Y:FF P:85 S:FA mem:001C4484 13:37820 tv:0.000000 4C: JMP
lcpuC PC:ED95 (4C 22 EB) A:E0 X:04 Y:FF P:85 S:FA mem:001C4484 13:37817 tv:0.000001 4C: JMP
lcpuC PC:EB22 (78 A0 FF) A:E0 X:04 Y:FF P:85 S:FA mem:001C4484 13:37814 tv:0.000001 78: SEI
lcpuC PC:EB23 (A0 FF 8C) A:E0 X:04 Y:FF P:85 S:FA mem:001C4484 13:37812 tv:0.000000 A0: LDY imm
lcpuC PC:EB25 (8C 43 FE) A:E0 X:04 Y:FF P:85 S:FA mem:001C4484 13:37810 tv:0.000001 8C: STY abs
here! 0x0000ff 0x00eb28 0xe6fa3010 0xcdde0ebc tv:0.000000 (cycle 37810  pc ~EB25
writemem_ex! addr=FE43 val=FF
lcpuC PC:EB28 (8D 4F FE) A:E0 X:04 Y:FF P:85 S:FA mem:001C4484 13:37806 tv:0.000007 8D: STA abs
here! 0x0000e0 0x00eb2b 0xe6fa3010 0xcdde0ebc tv:0.000001 (cycle 37806  pc ~EB28
writing E0(00E0) to FE4F!writemem_ex! addr=FE4F val=E0
lcpuC PC:EB2B (C8 8C 40) A:E0 X:04 Y:FF P:85 S:FA mem:001C4484 13:37802 tv:0.000053 C8: INY
lcpuC PC:EB2C (8C 40 FE) A:E0 X:04 Y:00 P:07 S:FA mem:001C4484 13:37800 tv:0.000001 8C: STY abs
here! 0x000000 0x00eb2f 0xe6fa3010 0xcdde0ebc tv:0.000000 (cycle 37800  pc ~EB2C
writemem_ex! addr=FE40 val=00
lcpuC PC:EB2F (A0 02 88) A:E0 X:04 Y:00 P:07 S:FA mem:001C4484 13:37796 tv:0.000008 A0: LDY imm
lcpuC PC:EB31 (88 D0 FD) A:E0 X:04 Y:02 P:05 S:FA mem:001C4484 13:37794 tv:0.000000 88: DEY
lcpuC PC:EB32 (D0 FD A0) A:E0 X:04 Y:01 P:05 S:FA mem:001C4484 13:37792 tv:0.000001 D0: BNE
lcpuC PC:EB31 (88 D0 FD) A:E0 X:04 Y:01 P:05 S:FA mem:001C4484 13:37789 tv:0.000001 88: DEY
lcpuC PC:EB32 (D0 FD A0) A:E0 X:04 Y:00 P:07 S:FA mem:001C4484 13:37787 tv:0.000000 D0: BNE
lcpuC PC:EB34 (A0 08 8C) A:E0 X:04 Y:00 P:07 S:FA mem:001C4484 13:37785 tv:0.000000 A0: LDY imm
lcpuC PC:EB36 (8C 40 FE) A:E0 X:04 Y:08 P:05 S:FA mem:001C4484 13:37783 tv:0.000001 8C: STY abs
here! 0x000008 0x00eb39 0xe6fa3010 0xcdde0ebc tv:0.000000 (cycle 37783  pc ~EB36
writemem_ex! addr=FE40 val=08
lcpuC PC:EB39 (A0 04 88) A:E0 X:04 Y:08 P:05 S:FA mem:001C4484 13:37779 tv:0.000007 A0: LDY imm
lcpuC PC:EB3B (88 D0 FD) A:E0 X:04 Y:04 P:05 S:FA mem:001C4484 13:37777 tv:0.000001 88: DEY
lcpuC PC:EB3C (D0 FD 28) A:E0 X:04 Y:03 P:05 S:FA mem:001C4484 13:37775 tv:0.000001 D0: BNE
lcpuC PC:EB3B (88 D0 FD) A:E0 X:04 Y:03 P:05 S:FA mem:001C4484 13:37772 tv:0.000001 88: DEY
lcpuC PC:EB3C (D0 FD 28) A:E0 X:04 Y:02 P:05 S:FA mem:001C4484 13:37770 tv:0.000001 D0: BNE
lcpuC PC:EB3B (88 D0 FD) A:E0 X:04 Y:02 P:05 S:FA mem:001C4484 13:37767 tv:0.000000 88: DEY
lcpuC PC:EB3C (D0 FD 28) A:E0 X:04 Y:01 P:05 S:FA mem:001C4484 13:37765 tv:0.000000 D0: BNE
lcpuC PC:EB3B (88 D0 FD) A:E0 X:04 Y:01 P:05 S:FA mem:001C4484 13:37762 tv:0.000001 88: DEY
lcpuC PC:EB3C (D0 FD 28) A:E0 X:04 Y:00 P:07 S:FA mem:001C4484 13:37760 tv:0.000001 D0: BNE
lcpuC PC:EB3E (28 60 E0) A:E0 X:04 Y:00 P:07 S:FA mem:001C4484 13:37758 tv:0.000001 28: PLP
lcpuC PC:EB3F (60 E0 C0) A:E0 X:04 Y:00 P:85 S:FB mem:001C4484 13:37754 tv:0.000001 60: RTS
lcpuC PC:EC66 (E0 04 D0) A:E0 X:04 Y:00 P:85 S:FD mem:001C4484 13:37748 tv:0.000001 E0: CPX imm
lcpuC PC:EC68 (D0 F8 60) A:E0 X:04 Y:00 P:07 S:FD mem:001C4484 13:37746 tv:0.000001 D0: BNE
lcpuC PC:EC6A (60 BD 08) A:E0 X:04 Y:00 P:07 S:FD mem:001C4484 13:37744 tv:0.000001 60: RTS
lcpuC PC:DAAD (AD 82 02) A:E0 X:04 Y:00 P:07 S:FF mem:001C4484 13:37738 tv:0.000001 AD: LDA abs
lcpuC PC:DAB0 (29 7F 20) A:64 X:04 Y:00 P:05 S:FF mem:001C4484 13:37734 tv:0.000000 29: AND
lcpuC PC:DAB2 (20 A7 E6) A:64 X:04 Y:00 P:05 S:FF mem:001C4484 13:37731 tv:0.000000 20: JSR
lcpuC PC:E6A7 (8D 82 02) A:64 X:04 Y:00 P:05 S:FD mem:001C448C 13:37725 tv:0.000001 8D: STA abs
lcpuC PC:E6AA (8D 10 FE) A:64 X:04 Y:00 P:05 S:FD mem:001C448C 13:37721 tv:0.000000 8D: STA abs
here! 0x000064 0x00e6ad 0xe6fa3010 0xcdde0ebc tv:0.000000 (cycle 37721  pc ~E6AA
writemem_ex! addr=FE10 val=64
lcpuC PC:E6AD (98 AA 60) A:64 X:04 Y:00 P:05 S:FD mem:001C448C 13:37717 tv:0.000007 98: TYA
lcpuC PC:E6AE (AA 60 C8) A:00 X:04 Y:00 P:07 S:FD mem:001C448C 13:37715 tv:0.000000 AA: TAX
lcpuC PC:E6AF (60 C8 18) A:00 X:00 Y:00 P:07 S:FD mem:001C448C 13:37713 tv:0.000001 60: RTS
lcpuC PC:DAB5 (AE 84 02) A:00 X:00 Y:00 P:07 S:FF mem:001C448C 13:37707 tv:0.000001 AE: LDX abs
lcpuC PC:DAB8 (F0 03 20) A:00 X:FF Y:00 P:85 S:FF mem:001C448C 13:37703 tv:0.000000 F0: BEQ
lcpuC PC:DABA (20 C8 E9) A:00 X:FF Y:00 P:85 S:FF mem:001C448C 13:37701 tv:0.000000 20: JSR
lcpuC PC:E9C8 (A9 10 8D) A:00 X:FF Y:00 P:85 S:FD mem:001C4494 13:37695 tv:0.000001 A9: LDA imm
lcpuC PC:E9CA (8D 84 02) A:10 X:FF Y:00 P:05 S:FD mem:001C4494 13:37693 tv:0.000000 8D: STA abs
lcpuC PC:E9CD (A2 00 9D) A:10 X:FF Y:00 P:05 S:FD mem:001C43A5 13:37689 tv:0.000001 A2: LDX imm
lcpuC PC:E9CF (9D 00 0B) A:10 X:00 Y:00 P:07 S:FD mem:001C43A5 13:37687 tv:0.000000 9D: STA abs,x
lcpuC PC:E9D2 (E8 D0 FA) A:10 X:00 Y:00 P:07 S:FD mem:001C43B5 13:37682 tv:0.000001 E8: INX
lcpuC PC:E9D3 (D0 FA 8E) A:10 X:01 Y:00 P:05 S:FD mem:001C43B5 13:37680 tv:0.000001 D0: BNE
lcpuC PC:E9CF (9D 00 0B) A:10 X:01 Y:00 P:05 S:FD mem:001C43B5 13:37677 tv:0.000001 9D: STA abs,x
lcpuC PC:E9D2 (E8 D0 FA) A:10 X:01 Y:00 P:05 S:FD mem:001C43C5 13:37672 tv:0.000000 E8: INX
lcpuC PC:E9D3 (D0 FA 8E) A:10 X:02 Y:00 P:05 S:FD mem:001C43C5 13:37670 tv:0.000001 D0: BNE
lcpuC PC:E9CF (9D 00 0B) A:10 X:02 Y:00 P:05 S:FD mem:001C43C5 13:37667 tv:0.000000 9D: STA abs,x
lcpuC PC:E9D2 (E8 D0 FA) A:10 X:02 Y:00 P:05 S:FD mem:001C43D5 13:37662 tv:0.000001 E8: INX
lcpuC PC:E9D3 (D0 FA 8E) A:10 X:03 Y:00 P:05 S:FD mem:001C43D5 13:37660 tv:0.000000 D0: BNE
lcpuC PC:E9CF (9D 00 0B) A:10 X:03 Y:00 P:05 S:FD mem:001C43D5 13:37657 tv:0.000001 9D: STA abs,x
lcpuC PC:E9D2 (E8 D0 FA) A:10 X:03 Y:00 P:05 S:FD mem:001C43E5 13:37652 tv:0.000001 E8: INX
lcpuC PC:E9D3 (D0 FA 8E) A:10 X:04 Y:00 P:05 S:FD mem:001C43E5 13:37650 tv:0.000001 D0: BNE
lcpuC PC:E9CF (9D 00 0B) A:10 X:04 Y:00 P:05 S:FD mem:001C43E5 13:37647 tv:0.000000 9D: STA abs,x
lcpuC PC:E9D2 (E8 D0 FA) A:10 X:04 Y:00 P:05 S:FD mem:001C43F5 13:37642 tv:0.000001 E8: INX
lcpuC PC:E9D3 (D0 FA 8E) A:10 X:05 Y:00 P:05 S:FD mem:001C43F5 13:37640 tv:0.000000 D0: BNE
lcpuC PC:E9CF (9D 00 0B) A:10 X:05 Y:00 P:05 S:FD mem:001C43F5 13:37637 tv:0.000001 9D: STA abs,x
lcpuC PC:E9D2 (E8 D0 FA) A:10 X:05 Y:00 P:05 S:FD mem:001C4405 13:37632 tv:0.000001 E8: INX
lcpuC PC:E9D3 (D0 FA 8E) A:10 X:06 Y:00 P:05 S:FD mem:001C4405 13:37630 tv:0.000001 D0: BNE
lcpuC PC:E9CF (9D 00 0B) A:10 X:06 Y:00 P:05 S:FD mem:001C4405 13:37627 tv:0.000001 9D: STA abs,x
lcpuC PC:E9D2 (E8 D0 FA) A:10 X:06 Y:00 P:05 S:FD mem:001C4415 13:37622 tv:0.000001 E8: INX
lcpuC PC:E9D3 (D0 FA 8E) A:10 X:07 Y:00 P:05 S:FD mem:001C4415 13:37620 tv:0.000000 D0: BNE
lcpuC PC:E9CF (9D 00 0B) A:10 X:07 Y:00 P:05 S:FD mem:001C4415 13:37617 tv:0.000000 9D: STA abs,x
lcpuC PC:E9D2 (E8 D0 FA) A:10 X:07 Y:00 P:05 S:FD mem:001C4425 13:37612 tv:0.000001 E8: INX
lcpuC PC:E9D3 (D0 FA 8E) A:10 X:08 Y:00 P:05 S:FD mem:001C4425 13:37610 tv:0.000001 D0: BNE
lcpuC PC:E9CF (9D 00 0B) A:10 X:08 Y:00 P:05 S:FD mem:001C4425 13:37607 tv:0.000001 9D: STA abs,x
lcpuC PC:E9D2 (E8 D0 FA) A:10 X:08 Y:00 P:05 S:FD mem:001C4435 13:37602 tv:0.000001 E8: INX
lcpuC PC:E9D3 (D0 FA 8E) A:10 X:09 Y:00 P:05 S:FD mem:001C4435 13:37600 tv:0.000001 D0: BNE
lcpuC PC:E9CF (9D 00 0B) A:10 X:09 Y:00 P:05 S:FD mem:001C4435 13:37597 tv:0.000000 9D: STA abs,x
lcpuC PC:E9D2 (E8 D0 FA) A:10 X:09 Y:00 P:05 S:FD mem:001C4445 13:37592 tv:0.000000 E8: INX
lcpuC PC:E9D3 (D0 FA 8E) A:10 X:0A Y:00 P:05 S:FD mem:001C4445 13:37590 tv:0.000000 D0: BNE
lcpuC PC:E9CF (9D 00 0B) A:10 X:0A Y:00 P:05 S:FD mem:001C4445 13:37587 tv:0.000001 9D: STA abs,x
lcpuC PC:E9D2 (E8 D0 FA) A:10 X:0A Y:00 P:05 S:FD mem:001C4455 13:37582 tv:0.000001 E8: INX
lcpuC PC:E9D3 (D0 FA 8E) A:10 X:0B Y:00 P:05 S:FD mem:001C4455 13:37580 tv:0.000001 D0: BNE
lcpuC PC:E9CF (9D 00 0B) A:10 X:0B Y:00 P:05 S:FD mem:001C4455 13:37577 tv:0.000001 9D: STA abs,x
lcpuC PC:E9D2 (E8 D0 FA) A:10 X:0B Y:00 P:05 S:FD mem:001C4465 13:37572 tv:0.000000 E8: INX
lcpuC PC:E9D3 (D0 FA 8E) A:10 X:0C Y:00 P:05 S:FD mem:001C4465 13:37570 tv:0.000000 D0: BNE
lcpuC PC:E9CF (9D 00 0B) A:10 X:0C Y:00 P:05 S:FD mem:001C4465 13:37567 tv:0.000000 9D: STA abs,x
lcpuC PC:E9D2 (E8 D0 FA) A:10 X:0C Y:00 P:05 S:FD mem:001C4475 13:37562 tv:0.000001 E8: INX
lcpuC PC:E9D3 (D0 FA 8E) A:10 X:0D Y:00 P:05 S:FD mem:001C4475 13:37560 tv:0.000000 D0: BNE
lcpuC PC:E9CF (9D 00 0B) A:10 X:0D Y:00 P:05 S:FD mem:001C4475 13:37557 tv:0.000001 9D: STA abs,x
lcpuC PC:E9D2 (E8 D0 FA) A:10 X:0D Y:00 P:05 S:FD mem:001C4485 13:37552 tv:0.000001 E8: INX
lcpuC PC:E9D3 (D0 FA 8E) A:10 X:0E Y:00 P:05 S:FD mem:001C4485 13:37550 tv:0.000001 D0: BNE
lcpuC PC:E9CF (9D 00 0B) A:10 X:0E Y:00 P:05 S:FD mem:001C4485 13:37547 tv:0.000001 9D: STA abs,x
lcpuC PC:E9D2 (E8 D0 FA) A:10 X:0E Y:00 P:05 S:FD mem:001C4495 13:37542 tv:0.000001 E8: INX
lcpuC PC:E9D3 (D0 FA 8E) A:10 X:0F Y:00 P:05 S:FD mem:001C4495 13:37540 tv:0.000000 D0: BNE
lcpuC PC:E9CF (9D 00 0B) A:10 X:0F Y:00 P:05 S:FD mem:001C4495 13:37537 tv:0.000001 9D: STA abs,x
lcpuC PC:E9D2 (E8 D0 FA) A:10 X:0F Y:00 P:05 S:FD mem:001C44A5 13:37532 tv:0.000001 E8: INX
lcpuC PC:E9D3 (D0 FA 8E) A:10 X:10 Y:00 P:05 S:FD mem:001C44A5 13:37530 tv:0.000000 D0: BNE
lcpuC PC:E9CF (9D 00 0B) A:10 X:10 Y:00 P:05 S:FD mem:001C44A5 13:37527 tv:0.000001 9D: STA abs,x
lcpuC PC:E9D2 (E8 D0 FA) A:10 X:10 Y:00 P:05 S:FD mem:001C44B5 13:37522 tv:0.000001 E8: INX
lcpuC PC:E9D3 (D0 FA 8E) A:10 X:11 Y:00 P:05 S:FD mem:001C44B5 13:37520 tv:0.000001 D0: BNE
lcpuC PC:E9CF (9D 00 0B) A:10 X:11 Y:00 P:05 S:FD mem:001C44B5 13:37517 tv:0.000001 9D: STA abs,x
lcpuC PC:E9D2 (E8 D0 FA) A:10 X:11 Y:00 P:05 S:FD mem:001C44C5 13:37512 tv:0.000001 E8: INX
lcpuC PC:E9D3 (D0 FA 8E) A:10 X:12 Y:00 P:05 S:FD mem:001C44C5 13:37510 tv:0.000000 D0: BNE
lcpuC PC:E9CF (9D 00 0B) A:10 X:12 Y:00 P:05 S:FD mem:001C44C5 13:37507 tv:0.000000 9D: STA abs,x
lcpuC PC:E9D2 (E8 D0 FA) A:10 X:12 Y:00 P:05 S:FD mem:001C44D5 13:37502 tv:0.000001 E8: INX
lcpuC PC:E9D3 (D0 FA 8E) A:10 X:13 Y:00 P:05 S:FD mem:001C44D5 13:37500 tv:0.000001 D0: BNE
lcpuC PC:E9CF (9D 00 0B) A:10 X:13 Y:00 P:05 S:FD mem:001C44D5 13:37497 tv:0.000000 9D: STA abs,x
lcpuC PC:E9D2 (E8 D0 FA) A:10 X:13 Y:00 P:05 S:FD mem:001C44E5 13:37492 tv:0.000000 E8: INX
lcpuC PC:E9D3 (D0 FA 8E) A:10 X:14 Y:00 P:05 S:FD mem:001C44E5 13:37490 tv:0.000000 D0: BNE
lcpuC PC:E9CF (9D 00 0B) A:10 X:14 Y:00 P:05 S:FD mem:001C44E5 13:37487 tv:0.000001 9D: STA abs,x
lcpuC PC:E9D2 (E8 D0 FA) A:10 X:14 Y:00 P:05 S:FD mem:001C44F5 13:37482 tv:0.000001 E8: INX
lcpuC PC:E9D3 (D0 FA 8E) A:10 X:15 Y:00 P:05 S:FD mem:001C44F5 13:37480 tv:0.000000 D0: BNE
lcpuC PC:E9CF (9D 00 0B) A:10 X:15 Y:00 P:05 S:FD mem:001C44F5 13:37477 tv:0.000001 9D: STA abs,x
lcpuC PC:E9D2 (E8 D0 FA) A:10 X:15 Y:00 P:05 S:FD mem:001C4505 13:37472 tv:0.000001 E8: INX
lcpuC PC:E9D3 (D0 FA 8E) A:10 X:16 Y:00 P:05 S:FD mem:001C4505 13:37470 tv:0.000000 D0: BNE
lcpuC PC:E9CF (9D 00 0B) A:10 X:16 Y:00 P:05 S:FD mem:001C4505 13:37467 tv:0.000001 9D: STA abs,x
lcpuC PC:E9D2 (E8 D0 FA) A:10 X:16 Y:00 P:05 S:FD mem:001C4515 13:37462 tv:0.000000 E8: INX
lcpuC PC:E9D3 (D0 FA 8E) A:10 X:17 Y:00 P:05 S:FD mem:001C4515 13:37460 tv:0.000000 D0: BNE
lcpuC PC:E9CF (9D 00 0B) A:10 X:17 Y:00 P:05 S:FD mem:001C4515 13:37457 tv:0.000000 9D: STA abs,x
lcpuC PC:E9D2 (E8 D0 FA) A:10 X:17 Y:00 P:05 S:FD mem:001C4525 13:37452 tv:0.000001 E8: INX
lcpuC PC:E9D3 (D0 FA 8E) A:10 X:18 Y:00 P:05 S:FD mem:001C4525 13:37450 tv:0.000000 D0: BNE
lcpuC PC:E9CF (9D 00 0B) A:10 X:18 Y:00 P:05 S:FD mem:001C4525 13:37447 tv:0.000001 9D: STA abs,x
lcpuC PC:E9D2 (E8 D0 FA) A:10 X:18 Y:00 P:05 S:FD mem:001C4535 13:37442 tv:0.000001 E8: INX
lcpuC PC:E9D3 (D0 FA 8E) A:10 X:19 Y:00 P:05 S:FD mem:001C4535 13:37440 tv:0.000000 D0: BNE
lcpuC PC:E9CF (9D 00 0B) A:10 X:19 Y:00 P:05 S:FD mem:001C4535 13:37437 tv:0.000001 9D: STA abs,x
lcpuC PC:E9D2 (E8 D0 FA) A:10 X:19 Y:00 P:05 S:FD mem:001C4545 13:37432 tv:0.000000 E8: INX
lcpuC PC:E9D3 (D0 FA 8E) A:10 X:1A Y:00 P:05 S:FD mem:001C4545 13:37430 tv:0.000000 D0: BNE
lcpuC PC:E9CF (9D 00 0B) A:10 X:1A Y:00 P:05 S:FD mem:001C4545 13:37427 tv:0.000000 9D: STA abs,x
lcpuC PC:E9D2 (E8 D0 FA) A:10 X:1A Y:00 P:05 S:FD mem:001C4555 13:37422 tv:0.000000 E8: INX
lcpuC PC:E9D3 (D0 FA 8E) A:10 X:1B Y:00 P:05 S:FD mem:001C4555 13:37420 tv:0.000001 D0: BNE
lcpuC PC:E9CF (9D 00 0B) A:10 X:1B Y:00 P:05 S:FD mem:001C4555 13:37417 tv:0.000001 9D: STA abs,x
lcpuC PC:E9D2 (E8 D0 FA) A:10 X:1B Y:00 P:05 S:FD mem:001C4565 13:37412 tv:0.000000 E8: INX
lcpuC PC:E9D3 (D0 FA 8E) A:10 X:1C Y:00 P:05 S:FD mem:001C4565 13:37410 tv:0.000000 D0: BNE
lcpuC PC:E9CF (9D 00 0B) A:10 X:1C Y:00 P:05 S:FD mem:001C4565 13:37407 tv:0.000001 9D: STA abs,x
lcpuC PC:E9D2 (E8 D0 FA) A:10 X:1C Y:00 P:05 S:FD mem:001C4575 13:37402 tv:0.000001 E8: INX
lcpuC PC:E9D3 (D0 FA 8E) A:10 X:1D Y:00 P:05 S:FD mem:001C4575 13:37400 tv:0.000000 D0: BNE
lcpuC PC:E9CF (9D 00 0B) A:10 X:1D Y:00 P:05 S:FD mem:001C4575 13:37397 tv:0.000001 9D: STA abs,x
lcpuC PC:E9D2 (E8 D0 FA) A:10 X:1D Y:00 P:05 S:FD mem:001C4585 13:37392 tv:0.000000 E8: INX
lcpuC PC:E9D3 (D0 FA 8E) A:10 X:1E Y:00 P:05 S:FD mem:001C4585 13:37390 tv:0.000001 D0: BNE
lcpuC PC:E9CF (9D 00 0B) A:10 X:1E Y:00 P:05 S:FD mem:001C4585 13:37387 tv:0.000000 9D: STA abs,x
lcpuC PC:E9D2 (E8 D0 FA) A:10 X:1E Y:00 P:05 S:FD mem:001C4595 13:37382 tv:0.000001 E8: INX
lcpuC PC:E9D3 (D0 FA 8E) A:10 X:1F Y:00 P:05 S:FD mem:001C4595 13:37380 tv:0.000000 D0: BNE
lcpuC PC:E9CF (9D 00 0B) A:10 X:1F Y:00 P:05 S:FD mem:001C4595 13:37377 tv:0.000000 9D: STA abs,x
lcpuC PC:E9D2 (E8 D0 FA) A:10 X:1F Y:00 P:05 S:FD mem:001C45A5 13:37372 tv:0.000000 E8: INX
lcpuC PC:E9D3 (D0 FA 8E) A:10 X:20 Y:00 P:05 S:FD mem:001C45A5 13:37370 tv:0.000001 D0: BNE
lcpuC PC:E9CF (9D 00 0B) A:10 X:20 Y:00 P:05 S:FD mem:001C45A5 13:37367 tv:0.000001 9D: STA abs,x
lcpuC PC:E9D2 (E8 D0 FA) A:10 X:20 Y:00 P:05 S:FD mem:001C45B5 13:37362 tv:0.000001 E8: INX
lcpuC PC:E9D3 (D0 FA 8E) A:10 X:21 Y:00 P:05 S:FD mem:001C45B5 13:37360 tv:0.000000 D0: BNE
lcpuC PC:E9CF (9D 00 0B) A:10 X:21 Y:00 P:05 S:FD mem:001C45B5 13:37357 tv:0.000001 9D: STA abs,x
lcpuC PC:E9D2 (E8 D0 FA) A:10 X:21 Y:00 P:05 S:FD mem:001C45C5 13:37352 tv:0.000001 E8: INX
lcpuC PC:E9D3 (D0 FA 8E) A:10 X:22 Y:00 P:05 S:FD mem:001C45C5 13:37350 tv:0.000001 D0: BNE
lcpuC PC:E9CF (9D 00 0B) A:10 X:22 Y:00 P:05 S:FD mem:001C45C5 13:37347 tv:0.000000 9D: STA abs,x
lcpuC PC:E9D2 (E8 D0 FA) A:10 X:22 Y:00 P:05 S:FD mem:001C45D5 13:37342 tv:0.000001 E8: INX
lcpuC PC:E9D3 (D0 FA 8E) A:10 X:23 Y:00 P:05 S:FD mem:001C45D5 13:37340 tv:0.000000 D0: BNE
lcpuC PC:E9CF (9D 00 0B) A:10 X:23 Y:00 P:05 S:FD mem:001C45D5 13:37337 tv:0.000001 9D: STA abs,x
lcpuC PC:E9D2 (E8 D0 FA) A:10 X:23 Y:00 P:05 S:FD mem:001C45E5 13:37332 tv:0.000001 E8: INX
lcpuC PC:E9D3 (D0 FA 8E) A:10 X:24 Y:00 P:05 S:FD mem:001C45E5 13:37330 tv:0.000000 D0: BNE
lcpuC PC:E9CF (9D 00 0B) A:10 X:24 Y:00 P:05 S:FD mem:001C45E5 13:37327 tv:0.000001 9D: STA abs,x
lcpuC PC:E9D2 (E8 D0 FA) A:10 X:24 Y:00 P:05 S:FD mem:001C45F5 13:37322 tv:0.000001 E8: INX
lcpuC PC:E9D3 (D0 FA 8E) A:10 X:25 Y:00 P:05 S:FD mem:001C45F5 13:37320 tv:0.000001 D0: BNE
lcpuC PC:E9CF (9D 00 0B) A:10 X:25 Y:00 P:05 S:FD mem:001C45F5 13:37317 tv:0.000000 9D: STA abs,x
lcpuC PC:E9D2 (E8 D0 FA) A:10 X:25 Y:00 P:05 S:FD mem:001C4605 13:37312 tv:0.000000 E8: INX
lcpuC PC:E9D3 (D0 FA 8E) A:10 X:26 Y:00 P:05 S:FD mem:001C4605 13:37310 tv:0.000001 D0: BNE
lcpuC PC:E9CF (9D 00 0B) A:10 X:26 Y:00 P:05 S:FD mem:001C4605 13:37307 tv:0.000001 9D: STA abs,x
lcpuC PC:E9D2 (E8 D0 FA) A:10 X:26 Y:00 P:05 S:FD mem:001C4615 13:37302 tv:0.000001 E8: INX
lcpuC PC:E9D3 (D0 FA 8E) A:10 X:27 Y:00 P:05 S:FD mem:001C4615 13:37300 tv:0.000000 D0: BNE
lcpuC PC:E9CF (9D 00 0B) A:10 X:27 Y:00 P:05 S:FD mem:001C4615 13:37297 tv:0.000001 9D: STA abs,x
lcpuC PC:E9D2 (E8 D0 FA) A:10 X:27 Y:00 P:05 S:FD mem:001C4625 13:37292 tv:0.000000 E8: INX
lcpuC PC:E9D3 (D0 FA 8E) A:10 X:28 Y:00 P:05 S:FD mem:001C4625 13:37290 tv:0.000001 D0: BNE
lcpuC PC:E9CF (9D 00 0B) A:10 X:28 Y:00 P:05 S:FD mem:001C4625 13:37287 tv:0.000001 9D: STA abs,x
lcpuC PC:E9D2 (E8 D0 FA) A:10 X:28 Y:00 P:05 S:FD mem:001C4635 13:37282 tv:0.000001 E8: INX
lcpuC PC:E9D3 (D0 FA 8E) A:10 X:29 Y:00 P:05 S:FD mem:001C4635 13:37280 tv:0.000000 D0: BNE
lcpuC PC:E9CF (9D 00 0B) A:10 X:29 Y:00 P:05 S:FD mem:001C4635 13:37277 tv:0.000001 9D: STA abs,x
lcpuC PC:E9D2 (E8 D0 FA) A:10 X:29 Y:00 P:05 S:FD mem:001C4645 13:37272 tv:0.000001 E8: INX
lcpuC PC:E9D3 (D0 FA 8E) A:10 X:2A Y:00 P:05 S:FD mem:001C4645 13:37270 tv:0.000000 D0: BNE
lcpuC PC:E9CF (9D 00 0B) A:10 X:2A Y:00 P:05 S:FD mem:001C4645 13:37267 tv:0.000001 9D: STA abs,x
lcpuC PC:E9D2 (E8 D0 FA) A:10 X:2A Y:00 P:05 S:FD mem:001C4655 13:37262 tv:0.000000 E8: INX
lcpuC PC:E9D3 (D0 FA 8E) A:10 X:2B Y:00 P:05 S:FD mem:001C4655 13:37260 tv:0.000001 D0: BNE
lcpuC PC:E9CF (9D 00 0B) A:10 X:2B Y:00 P:05 S:FD mem:001C4655 13:37257 tv:0.000000 9D: STA abs,x
lcpuC PC:E9D2 (E8 D0 FA) A:10 X:2B Y:00 P:05 S:FD mem:001C4665 13:37252 tv:0.000001 E8: INX
lcpuC PC:E9D3 (D0 FA 8E) A:10 X:2C Y:00 P:05 S:FD mem:001C4665 13:37250 tv:0.000001 D0: BNE
lcpuC PC:E9CF (9D 00 0B) A:10 X:2C Y:00 P:05 S:FD mem:001C4665 13:37247 tv:0.000000 9D: STA abs,x
lcpuC PC:E9D2 (E8 D0 FA) A:10 X:2C Y:00 P:05 S:FD mem:001C4675 13:37242 tv:0.000000 E8: INX
lcpuC PC:E9D3 (D0 FA 8E) A:10 X:2D Y:00 P:05 S:FD mem:001C4675 13:37240 tv:0.000001 D0: BNE
lcpuC PC:E9CF (9D 00 0B) A:10 X:2D Y:00 P:05 S:FD mem:001C4675 13:37237 tv:0.000000 9D: STA abs,x
lcpuC PC:E9D2 (E8 D0 FA) A:10 X:2D Y:00 P:05 S:FD mem:001C4685 13:37232 tv:0.000000 E8: INX
lcpuC PC:E9D3 (D0 FA 8E) A:10 X:2E Y:00 P:05 S:FD mem:001C4685 13:37230 tv:0.000000 D0: BNE
lcpuC PC:E9CF (9D 00 0B) A:10 X:2E Y:00 P:05 S:FD mem:001C4685 13:37227 tv:0.000001 9D: STA abs,x
lcpuC PC:E9D2 (E8 D0 FA) A:10 X:2E Y:00 P:05 S:FD mem:001C4695 13:37222 tv:0.000001 E8: INX
lcpuC PC:E9D3 (D0 FA 8E) A:10 X:2F Y:00 P:05 S:FD mem:001C4695 13:37220 tv:0.000000 D0: BNE
lcpuC PC:E9CF (9D 00 0B) A:10 X:2F Y:00 P:05 S:FD mem:001C4695 13:37217 tv:0.000001 9D: STA abs,x
lcpuC PC:E9D2 (E8 D0 FA) A:10 X:2F Y:00 P:05 S:FD mem:001C46A5 13:37212 tv:0.000001 E8: INX
lcpuC PC:E9D3 (D0 FA 8E) A:10 X:30 Y:00 P:05 S:FD mem:001C46A5 13:37210 tv:0.000000 D0: BNE
lcpuC PC:E9CF (9D 00 0B) A:10 X:30 Y:00 P:05 S:FD mem:001C46A5 13:37207 tv:0.000000 9D: STA abs,x
lcpuC PC:E9D2 (E8 D0 FA) A:10 X:30 Y:00 P:05 S:FD mem:001C46B5 13:37202 tv:0.000001 E8: INX
lcpuC PC:E9D3 (D0 FA 8E) A:10 X:31 Y:00 P:05 S:FD mem:001C46B5 13:37200 tv:0.000000 D0: BNE
lcpuC PC:E9CF (9D 00 0B) A:10 X:31 Y:00 P:05 S:FD mem:001C46B5 13:37197 tv:0.000000 9D: STA abs,x
lcpuC PC:E9D2 (E8 D0 FA) A:10 X:31 Y:00 P:05 S:FD mem:001C46C5 13:37192 tv:0.000001 E8: INX
lcpuC PC:E9D3 (D0 FA 8E) A:10 X:32 Y:00 P:05 S:FD mem:001C46C5 13:37190 tv:0.000001 D0: BNE
lcpuC PC:E9CF (9D 00 0B) A:10 X:32 Y:00 P:05 S:FD mem:001C46C5 13:37187 tv:0.000001 9D: STA abs,x
lcpuC PC:E9D2 (E8 D0 FA) A:10 X:32 Y:00 P:05 S:FD mem:001C46D5 13:37182 tv:0.000001 E8: INX
lcpuC PC:E9D3 (D0 FA 8E) A:10 X:33 Y:00 P:05 S:FD mem:001C46D5 13:37180 tv:0.000001 D0: BNE
lcpuC PC:E9CF (9D 00 0B) A:10 X:33 Y:00 P:05 S:FD mem:001C46D5 13:37177 tv:0.000000 9D: STA abs,x
lcpuC PC:E9D2 (E8 D0 FA) A:10 X:33 Y:00 P:05 S:FD mem:001C46E5 13:37172 tv:0.000001 E8: INX
lcpuC PC:E9D3 (D0 FA 8E) A:10 X:34 Y:00 P:05 S:FD mem:001C46E5 13:37170 tv:0.000001 D0: BNE
lcpuC PC:E9CF (9D 00 0B) A:10 X:34 Y:00 P:05 S:FD mem:001C46E5 13:37167 tv:0.000001 9D: STA abs,x
lcpuC PC:E9D2 (E8 D0 FA) A:10 X:34 Y:00 P:05 S:FD mem:001C46F5 13:37162 tv:0.000001 E8: INX
lcpuC PC:E9D3 (D0 FA 8E) A:10 X:35 Y:00 P:05 S:FD mem:001C46F5 13:37160 tv:0.000001 D0: BNE
lcpuC PC:E9CF (9D 00 0B) A:10 X:35 Y:00 P:05 S:FD mem:001C46F5 13:37157 tv:0.000001 9D: STA abs,x
lcpuC PC:E9D2 (E8 D0 FA) A:10 X:35 Y:00 P:05 S:FD mem:001C4705 13:37152 tv:0.000001 E8: INX
lcpuC PC:E9D3 (D0 FA 8E) A:10 X:36 Y:00 P:05 S:FD mem:001C4705 13:37150 tv:0.000001 D0: BNE
lcpuC PC:E9CF (9D 00 0B) A:10 X:36 Y:00 P:05 S:FD mem:001C4705 13:37147 tv:0.000000 9D: STA abs,x
lcpuC PC:E9D2 (E8 D0 FA) A:10 X:36 Y:00 P:05 S:FD mem:001C4715 13:37142 tv:0.000001 E8: INX
lcpuC PC:E9D3 (D0 FA 8E) A:10 X:37 Y:00 P:05 S:FD mem:001C4715 13:37140 tv:0.000001 D0: BNE
lcpuC PC:E9CF (9D 00 0B) A:10 X:37 Y:00 P:05 S:FD mem:001C4715 13:37137 tv:0.000001 9D: STA abs,x
lcpuC PC:E9D2 (E8 D0 FA) A:10 X:37 Y:00 P:05 S:FD mem:001C4725 13:37132 tv:0.000001 E8: INX
lcpuC PC:E9D3 (D0 FA 8E) A:10 X:38 Y:00 P:05 S:FD mem:001C4725 13:37130 tv:0.000000 D0: BNE
lcpuC PC:E9CF (9D 00 0B) A:10 X:38 Y:00 P:05 S:FD mem:001C4725 13:37127 tv:0.000001 9D: STA abs,x
lcpuC PC:E9D2 (E8 D0 FA) A:10 X:38 Y:00 P:05 S:FD mem:001C4735 13:37122 tv:0.000000 E8: INX
lcpuC PC:E9D3 (D0 FA 8E) A:10 X:39 Y:00 P:05 S:FD mem:001C4735 13:37120 tv:0.000001 D0: BNE
lcpuC PC:E9CF (9D 00 0B) A:10 X:39 Y:00 P:05 S:FD mem:001C4735 13:37117 tv:0.000000 9D: STA abs,x
lcpuC PC:E9D2 (E8 D0 FA) A:10 X:39 Y:00 P:05 S:FD mem:001C4745 13:37112 tv:0.000000 E8: INX
lcpuC PC:E9D3 (D0 FA 8E) A:10 X:3A Y:00 P:05 S:FD mem:001C4745 13:37110 tv:0.000001 D0: BNE
lcpuC PC:E9CF (9D 00 0B) A:10 X:3A Y:00 P:05 S:FD mem:001C4745 13:37107 tv:0.000000 9D: STA abs,x
lcpuC PC:E9D2 (E8 D0 FA) A:10 X:3A Y:00 P:05 S:FD mem:001C4755 13:37102 tv:0.000001 E8: INX
lcpuC PC:E9D3 (D0 FA 8E) A:10 X:3B Y:00 P:05 S:FD mem:001C4755 13:37100 tv:0.000001 D0: BNE
lcpuC PC:E9CF (9D 00 0B) A:10 X:3B Y:00 P:05 S:FD mem:001C4755 13:37097 tv:0.000001 9D: STA abs,x
lcpuC PC:E9D2 (E8 D0 FA) A:10 X:3B Y:00 P:05 S:FD mem:001C4765 13:37092 tv:0.000000 E8: INX
lcpuC PC:E9D3 (D0 FA 8E) A:10 X:3C Y:00 P:05 S:FD mem:001C4765 13:37090 tv:0.000000 D0: BNE
lcpuC PC:E9CF (9D 00 0B) A:10 X:3C Y:00 P:05 S:FD mem:001C4765 13:37087 tv:0.000001 9D: STA abs,x
lcpuC PC:E9D2 (E8 D0 FA) A:10 X:3C Y:00 P:05 S:FD mem:001C4775 13:37082 tv:0.000000 E8: INX
lcpuC PC:E9D3 (D0 FA 8E) A:10 X:3D Y:00 P:05 S:FD mem:001C4775 13:37080 tv:0.000000 D0: BNE
lcpuC PC:E9CF (9D 00 0B) A:10 X:3D Y:00 P:05 S:FD mem:001C4775 13:37077 tv:0.000001 9D: STA abs,x
lcpuC PC:E9D2 (E8 D0 FA) A:10 X:3D Y:00 P:05 S:FD mem:001C4785 13:37072 tv:0.000001 E8: INX
lcpuC PC:E9D3 (D0 FA 8E) A:10 X:3E Y:00 P:05 S:FD mem:001C4785 13:37070 tv:0.000000 D0: BNE
lcpuC PC:E9CF (9D 00 0B) A:10 X:3E Y:00 P:05 S:FD mem:001C4785 13:37067 tv:0.000001 9D: STA abs,x
lcpuC PC:E9D2 (E8 D0 FA) A:10 X:3E Y:00 P:05 S:FD mem:001C4795 13:37062 tv:0.000001 E8: INX
lcpuC PC:E9D3 (D0 FA 8E) A:10 X:3F Y:00 P:05 S:FD mem:001C4795 13:37060 tv:0.000000 D0: BNE
lcpuC PC:E9CF (9D 00 0B) A:10 X:3F Y:00 P:05 S:FD mem:001C4795 13:37057 tv:0.000001 9D: STA abs,x
lcpuC PC:E9D2 (E8 D0 FA) A:10 X:3F Y:00 P:05 S:FD mem:001C47A5 13:37052 tv:0.000001 E8: INX
lcpuC PC:E9D3 (D0 FA 8E) A:10 X:40 Y:00 P:05 S:FD mem:001C47A5 13:37050 tv:0.000000 D0: BNE
lcpuC PC:E9CF (9D 00 0B) A:10 X:40 Y:00 P:05 S:FD mem:001C47A5 13:37047 tv:0.000001 9D: STA abs,x
lcpuC PC:E9D2 (E8 D0 FA) A:10 X:40 Y:00 P:05 S:FD mem:001C47B5 13:37042 tv:0.000001 E8: INX
lcpuC PC:E9D3 (D0 FA 8E) A:10 X:41 Y:00 P:05 S:FD mem:001C47B5 13:37040 tv:0.000001 D0: BNE
lcpuC PC:E9CF (9D 00 0B) A:10 X:41 Y:00 P:05 S:FD mem:001C47B5 13:37037 tv:0.000000 9D: STA abs,x
lcpuC PC:E9D2 (E8 D0 FA) A:10 X:41 Y:00 P:05 S:FD mem:001C47C5 13:37032 tv:0.000000 E8: INX
lcpuC PC:E9D3 (D0 FA 8E) A:10 X:42 Y:00 P:05 S:FD mem:001C47C5 13:37030 tv:0.000000 D0: BNE
lcpuC PC:E9CF (9D 00 0B) A:10 X:42 Y:00 P:05 S:FD mem:001C47C5 13:37027 tv:0.000001 9D: STA abs,x
lcpuC PC:E9D2 (E8 D0 FA) A:10 X:42 Y:00 P:05 S:FD mem:001C47D5 13:37022 tv:0.000000 E8: INX
lcpuC PC:E9D3 (D0 FA 8E) A:10 X:43 Y:00 P:05 S:FD mem:001C47D5 13:37020 tv:0.000000 D0: BNE
lcpuC PC:E9CF (9D 00 0B) A:10 X:43 Y:00 P:05 S:FD mem:001C47D5 13:37017 tv:0.000001 9D: STA abs,x
lcpuC PC:E9D2 (E8 D0 FA) A:10 X:43 Y:00 P:05 S:FD mem:001C47E5 13:37012 tv:0.000001 E8: INX
lcpuC PC:E9D3 (D0 FA 8E) A:10 X:44 Y:00 P:05 S:FD mem:001C47E5 13:37010 tv:0.000000 D0: BNE
lcpuC PC:E9CF (9D 00 0B) A:10 X:44 Y:00 P:05 S:FD mem:001C47E5 13:37007 tv:0.000001 9D: STA abs,x
lcpuC PC:E9D2 (E8 D0 FA) A:10 X:44 Y:00 P:05 S:FD mem:001C47F5 13:37002 tv:0.000000 E8: INX
lcpuC PC:E9D3 (D0 FA 8E) A:10 X:45 Y:00 P:05 S:FD mem:001C47F5 13:37000 tv:0.000001 D0: BNE
lcpuC PC:E9CF (9D 00 0B) A:10 X:45 Y:00 P:05 S:FD mem:001C47F5 13:36997 tv:0.000001 9D: STA abs,x
lcpuC PC:E9D2 (E8 D0 FA) A:10 X:45 Y:00 P:05 S:FD mem:001C4805 13:36992 tv:0.000001 E8: INX
lcpuC PC:E9D3 (D0 FA 8E) A:10 X:46 Y:00 P:05 S:FD mem:001C4805 13:36990 tv:0.000001 D0: BNE
lcpuC PC:E9CF (9D 00 0B) A:10 X:46 Y:00 P:05 S:FD mem:001C4805 13:36987 tv:0.000000 9D: STA abs,x
lcpuC PC:E9D2 (E8 D0 FA) A:10 X:46 Y:00 P:05 S:FD mem:001C4815 13:36982 tv:0.000001 E8: INX
lcpuC PC:E9D3 (D0 FA 8E) A:10 X:47 Y:00 P:05 S:FD mem:001C4815 13:36980 tv:0.000001 D0: BNE
lcpuC PC:E9CF (9D 00 0B) A:10 X:47 Y:00 P:05 S:FD mem:001C4815 13:36977 tv:0.000001 9D: STA abs,x
lcpuC PC:E9D2 (E8 D0 FA) A:10 X:47 Y:00 P:05 S:FD mem:001C4825 13:36972 tv:0.000001 E8: INX
lcpuC PC:E9D3 (D0 FA 8E) A:10 X:48 Y:00 P:05 S:FD mem:001C4825 13:36970 tv:0.000001 D0: BNE
lcpuC PC:E9CF (9D 00 0B) A:10 X:48 Y:00 P:05 S:FD mem:001C4825 13:36967 tv:0.000001 9D: STA abs,x
lcpuC PC:E9D2 (E8 D0 FA) A:10 X:48 Y:00 P:05 S:FD mem:001C4835 13:36962 tv:0.000001 E8: INX
lcpuC PC:E9D3 (D0 FA 8E) A:10 X:49 Y:00 P:05 S:FD mem:001C4835 13:36960 tv:0.000000 D0: BNE
lcpuC PC:E9CF (9D 00 0B) A:10 X:49 Y:00 P:05 S:FD mem:001C4835 13:36957 tv:0.000001 9D: STA abs,x
lcpuC PC:E9D2 (E8 D0 FA) A:10 X:49 Y:00 P:05 S:FD mem:001C4845 13:36952 tv:0.000001 E8: INX
lcpuC PC:E9D3 (D0 FA 8E) A:10 X:4A Y:00 P:05 S:FD mem:001C4845 13:36950 tv:0.000001 D0: BNE
lcpuC PC:E9CF (9D 00 0B) A:10 X:4A Y:00 P:05 S:FD mem:001C4845 13:36947 tv:0.000000 9D: STA abs,x
lcpuC PC:E9D2 (E8 D0 FA) A:10 X:4A Y:00 P:05 S:FD mem:001C4855 13:36942 tv:0.000000 E8: INX
lcpuC PC:E9D3 (D0 FA 8E) A:10 X:4B Y:00 P:05 S:FD mem:001C4855 13:36940 tv:0.000001 D0: BNE
lcpuC PC:E9CF (9D 00 0B) A:10 X:4B Y:00 P:05 S:FD mem:001C4855 13:36937 tv:0.000000 9D: STA abs,x
lcpuC PC:E9D2 (E8 D0 FA) A:10 X:4B Y:00 P:05 S:FD mem:001C4865 13:36932 tv:0.000001 E8: INX
lcpuC PC:E9D3 (D0 FA 8E) A:10 X:4C Y:00 P:05 S:FD mem:001C4865 13:36930 tv:0.000001 D0: BNE
lcpuC PC:E9CF (9D 00 0B) A:10 X:4C Y:00 P:05 S:FD mem:001C4865 13:36927 tv:0.000001 9D: STA abs,x
lcpuC PC:E9D2 (E8 D0 FA) A:10 X:4C Y:00 P:05 S:FD mem:001C4875 13:36922 tv:0.000001 E8: INX
lcpuC PC:E9D3 (D0 FA 8E) A:10 X:4D Y:00 P:05 S:FD mem:001C4875 13:36920 tv:0.000000 D0: BNE
lcpuC PC:E9CF (9D 00 0B) A:10 X:4D Y:00 P:05 S:FD mem:001C4875 13:36917 tv:0.000001 9D: STA abs,x
lcpuC PC:E9D2 (E8 D0 FA) A:10 X:4D Y:00 P:05 S:FD mem:001C4885 13:36912 tv:0.000000 E8: INX
lcpuC PC:E9D3 (D0 FA 8E) A:10 X:4E Y:00 P:05 S:FD mem:001C4885 13:36910 tv:0.000000 D0: BNE
lcpuC PC:E9CF (9D 00 0B) A:10 X:4E Y:00 P:05 S:FD mem:001C4885 13:36907 tv:0.000000 9D: STA abs,x
lcpuC PC:E9D2 (E8 D0 FA) A:10 X:4E Y:00 P:05 S:FD mem:001C4895 13:36902 tv:0.000000 E8: INX
lcpuC PC:E9D3 (D0 FA 8E) A:10 X:4F Y:00 P:05 S:FD mem:001C4895 13:36900 tv:0.000001 D0: BNE
lcpuC PC:E9CF (9D 00 0B) A:10 X:4F Y:00 P:05 S:FD mem:001C4895 13:36897 tv:0.000000 9D: STA abs,x
lcpuC PC:E9D2 (E8 D0 FA) A:10 X:4F Y:00 P:05 S:FD mem:001C48A5 13:36892 tv:0.000000 E8: INX
lcpuC PC:E9D3 (D0 FA 8E) A:10 X:50 Y:00 P:05 S:FD mem:001C48A5 13:36890 tv:0.000001 D0: BNE
lcpuC PC:E9CF (9D 00 0B) A:10 X:50 Y:00 P:05 S:FD mem:001C48A5 13:36887 tv:0.000000 9D: STA abs,x
lcpuC PC:E9D2 (E8 D0 FA) A:10 X:50 Y:00 P:05 S:FD mem:001C48B5 13:36882 tv:0.000001 E8: INX
lcpuC PC:E9D3 (D0 FA 8E) A:10 X:51 Y:00 P:05 S:FD mem:001C48B5 13:36880 tv:0.000000 D0: BNE
lcpuC PC:E9CF (9D 00 0B) A:10 X:51 Y:00 P:05 S:FD mem:001C48B5 13:36877 tv:0.000001 9D: STA abs,x
lcpuC PC:E9D2 (E8 D0 FA) A:10 X:51 Y:00 P:05 S:FD mem:001C48C5 13:36872 tv:0.000000 E8: INX
lcpuC PC:E9D3 (D0 FA 8E) A:10 X:52 Y:00 P:05 S:FD mem:001C48C5 13:36870 tv:0.000000 D0: BNE
lcpuC PC:E9CF (9D 00 0B) A:10 X:52 Y:00 P:05 S:FD mem:001C48C5 13:36867 tv:0.000000 9D: STA abs,x
lcpuC PC:E9D2 (E8 D0 FA) A:10 X:52 Y:00 P:05 S:FD mem:001C48D5 13:36862 tv:0.000001 E8: INX
lcpuC PC:E9D3 (D0 FA 8E) A:10 X:53 Y:00 P:05 S:FD mem:001C48D5 13:36860 tv:0.000000 D0: BNE
lcpuC PC:E9CF (9D 00 0B) A:10 X:53 Y:00 P:05 S:FD mem:001C48D5 13:36857 tv:0.000001 9D: STA abs,x
lcpuC PC:E9D2 (E8 D0 FA) A:10 X:53 Y:00 P:05 S:FD mem:001C48E5 13:36852 tv:0.000001 E8: INX
lcpuC PC:E9D3 (D0 FA 8E) A:10 X:54 Y:00 P:05 S:FD mem:001C48E5 13:36850 tv:0.000001 D0: BNE
lcpuC PC:E9CF (9D 00 0B) A:10 X:54 Y:00 P:05 S:FD mem:001C48E5 13:36847 tv:0.000001 9D: STA abs,x
lcpuC PC:E9D2 (E8 D0 FA) A:10 X:54 Y:00 P:05 S:FD mem:001C48F5 13:36842 tv:0.000000 E8: INX
lcpuC PC:E9D3 (D0 FA 8E) A:10 X:55 Y:00 P:05 S:FD mem:001C48F5 13:36840 tv:0.000001 D0: BNE
lcpuC PC:E9CF (9D 00 0B) A:10 X:55 Y:00 P:05 S:FD mem:001C48F5 13:36837 tv:0.000001 9D: STA abs,x
lcpuC PC:E9D2 (E8 D0 FA) A:10 X:55 Y:00 P:05 S:FD mem:001C4905 13:36832 tv:0.000001 E8: INX
lcpuC PC:E9D3 (D0 FA 8E) A:10 X:56 Y:00 P:05 S:FD mem:001C4905 13:36830 tv:0.000001 D0: BNE
lcpuC PC:E9CF (9D 00 0B) A:10 X:56 Y:00 P:05 S:FD mem:001C4905 13:36827 tv:0.000000 9D: STA abs,x
lcpuC PC:E9D2 (E8 D0 FA) A:10 X:56 Y:00 P:05 S:FD mem:001C4915 13:36822 tv:0.000001 E8: INX
lcpuC PC:E9D3 (D0 FA 8E) A:10 X:57 Y:00 P:05 S:FD mem:001C4915 13:36820 tv:0.000001 D0: BNE
lcpuC PC:E9CF (9D 00 0B) A:10 X:57 Y:00 P:05 S:FD mem:001C4915 13:36817 tv:0.000000 9D: STA abs,x
lcpuC PC:E9D2 (E8 D0 FA) A:10 X:57 Y:00 P:05 S:FD mem:001C4925 13:36812 tv:0.000001 E8: INX
lcpuC PC:E9D3 (D0 FA 8E) A:10 X:58 Y:00 P:05 S:FD mem:001C4925 13:36810 tv:0.000001 D0: BNE
lcpuC PC:E9CF (9D 00 0B) A:10 X:58 Y:00 P:05 S:FD mem:001C4925 13:36807 tv:0.000001 9D: STA abs,x
lcpuC PC:E9D2 (E8 D0 FA) A:10 X:58 Y:00 P:05 S:FD mem:001C4935 13:36802 tv:0.000001 E8: INX
lcpuC PC:E9D3 (D0 FA 8E) A:10 X:59 Y:00 P:05 S:FD mem:001C4935 13:36800 tv:0.000001 D0: BNE
lcpuC PC:E9CF (9D 00 0B) A:10 X:59 Y:00 P:05 S:FD mem:001C4935 13:36797 tv:0.000001 9D: STA abs,x
lcpuC PC:E9D2 (E8 D0 FA) A:10 X:59 Y:00 P:05 S:FD mem:001C4945 13:36792 tv:0.000001 E8: INX
lcpuC PC:E9D3 (D0 FA 8E) A:10 X:5A Y:00 P:05 S:FD mem:001C4945 13:36790 tv:0.000001 D0: BNE
lcpuC PC:E9CF (9D 00 0B) A:10 X:5A Y:00 P:05 S:FD mem:001C4945 13:36787 tv:0.000000 9D: STA abs,x
lcpuC PC:E9D2 (E8 D0 FA) A:10 X:5A Y:00 P:05 S:FD mem:001C4955 13:36782 tv:0.000001 E8: INX
lcpuC PC:E9D3 (D0 FA 8E) A:10 X:5B Y:00 P:05 S:FD mem:001C4955 13:36780 tv:0.000000 D0: BNE
lcpuC PC:E9CF (9D 00 0B) A:10 X:5B Y:00 P:05 S:FD mem:001C4955 13:36777 tv:0.000001 9D: STA abs,x
lcpuC PC:E9D2 (E8 D0 FA) A:10 X:5B Y:00 P:05 S:FD mem:001C4965 13:36772 tv:0.000001 E8: INX
lcpuC PC:E9D3 (D0 FA 8E) A:10 X:5C Y:00 P:05 S:FD mem:001C4965 13:36770 tv:0.000001 D0: BNE
lcpuC PC:E9CF (9D 00 0B) A:10 X:5C Y:00 P:05 S:FD mem:001C4965 13:36767 tv:0.000001 9D: STA abs,x
lcpuC PC:E9D2 (E8 D0 FA) A:10 X:5C Y:00 P:05 S:FD mem:001C4975 13:36762 tv:0.000001 E8: INX
lcpuC PC:E9D3 (D0 FA 8E) A:10 X:5D Y:00 P:05 S:FD mem:001C4975 13:36760 tv:0.000001 D0: BNE
lcpuC PC:E9CF (9D 00 0B) A:10 X:5D Y:00 P:05 S:FD mem:001C4975 13:36757 tv:0.000001 9D: STA abs,x
lcpuC PC:E9D2 (E8 D0 FA) A:10 X:5D Y:00 P:05 S:FD mem:001C4985 13:36752 tv:0.000000 E8: INX
lcpuC PC:E9D3 (D0 FA 8E) A:10 X:5E Y:00 P:05 S:FD mem:001C4985 13:36750 tv:0.000000 D0: BNE
lcpuC PC:E9CF (9D 00 0B) A:10 X:5E Y:00 P:05 S:FD mem:001C4985 13:36747 tv:0.000001 9D: STA abs,x
lcpuC PC:E9D2 (E8 D0 FA) A:10 X:5E Y:00 P:05 S:FD mem:001C4995 13:36742 tv:0.000001 E8: INX
lcpuC PC:E9D3 (D0 FA 8E) A:10 X:5F Y:00 P:05 S:FD mem:001C4995 13:36740 tv:0.000000 D0: BNE
lcpuC PC:E9CF (9D 00 0B) A:10 X:5F Y:00 P:05 S:FD mem:001C4995 13:36737 tv:0.000000 9D: STA abs,x
lcpuC PC:E9D2 (E8 D0 FA) A:10 X:5F Y:00 P:05 S:FD mem:001C49A5 13:36732 tv:0.000000 E8: INX
lcpuC PC:E9D3 (D0 FA 8E) A:10 X:60 Y:00 P:05 S:FD mem:001C49A5 13:36730 tv:0.000001 D0: BNE
lcpuC PC:E9CF (9D 00 0B) A:10 X:60 Y:00 P:05 S:FD mem:001C49A5 13:36727 tv:0.000000 9D: STA abs,x
lcpuC PC:E9D2 (E8 D0 FA) A:10 X:60 Y:00 P:05 S:FD mem:001C49B5 13:36722 tv:0.000001 E8: INX
lcpuC PC:E9D3 (D0 FA 8E) A:10 X:61 Y:00 P:05 S:FD mem:001C49B5 13:36720 tv:0.000001 D0: BNE
lcpuC PC:E9CF (9D 00 0B) A:10 X:61 Y:00 P:05 S:FD mem:001C49B5 13:36717 tv:0.000001 9D: STA abs,x
lcpuC PC:E9D2 (E8 D0 FA) A:10 X:61 Y:00 P:05 S:FD mem:001C49C5 13:36712 tv:0.000001 E8: INX
lcpuC PC:E9D3 (D0 FA 8E) A:10 X:62 Y:00 P:05 S:FD mem:001C49C5 13:36710 tv:0.000000 D0: BNE
lcpuC PC:E9CF (9D 00 0B) A:10 X:62 Y:00 P:05 S:FD mem:001C49C5 13:36707 tv:0.000001 9D: STA abs,x
lcpuC PC:E9D2 (E8 D0 FA) A:10 X:62 Y:00 P:05 S:FD mem:001C49D5 13:36702 tv:0.000001 E8: INX
lcpuC PC:E9D3 (D0 FA 8E) A:10 X:63 Y:00 P:05 S:FD mem:001C49D5 13:36700 tv:0.000001 D0: BNE
lcpuC PC:E9CF (9D 00 0B) A:10 X:63 Y:00 P:05 S:FD mem:001C49D5 13:36697 tv:0.000000 9D: STA abs,x
lcpuC PC:E9D2 (E8 D0 FA) A:10 X:63 Y:00 P:05 S:FD mem:001C49E5 13:36692 tv:0.000000 E8: INX
lcpuC PC:E9D3 (D0 FA 8E) A:10 X:64 Y:00 P:05 S:FD mem:001C49E5 13:36690 tv:0.000001 D0: BNE
lcpuC PC:E9CF (9D 00 0B) A:10 X:64 Y:00 P:05 S:FD mem:001C49E5 13:36687 tv:0.000001 9D: STA abs,x
lcpuC PC:E9D2 (E8 D0 FA) A:10 X:64 Y:00 P:05 S:FD mem:001C49F5 13:36682 tv:0.000001 E8: INX
lcpuC PC:E9D3 (D0 FA 8E) A:10 X:65 Y:00 P:05 S:FD mem:001C49F5 13:36680 tv:0.000001 D0: BNE
lcpuC PC:E9CF (9D 00 0B) A:10 X:65 Y:00 P:05 S:FD mem:001C49F5 13:36677 tv:0.000000 9D: STA abs,x
lcpuC PC:E9D2 (E8 D0 FA) A:10 X:65 Y:00 P:05 S:FD mem:001C4A05 13:36672 tv:0.000001 E8: INX
lcpuC PC:E9D3 (D0 FA 8E) A:10 X:66 Y:00 P:05 S:FD mem:001C4A05 13:36670 tv:0.000001 D0: BNE
lcpuC PC:E9CF (9D 00 0B) A:10 X:66 Y:00 P:05 S:FD mem:001C4A05 13:36667 tv:0.000001 9D: STA abs,x
lcpuC PC:E9D2 (E8 D0 FA) A:10 X:66 Y:00 P:05 S:FD mem:001C4A15 13:36662 tv:0.000000 E8: INX
lcpuC PC:E9D3 (D0 FA 8E) A:10 X:67 Y:00 P:05 S:FD mem:001C4A15 13:36660 tv:0.000001 D0: BNE
lcpuC PC:E9CF (9D 00 0B) A:10 X:67 Y:00 P:05 S:FD mem:001C4A15 13:36657 tv:0.000001 9D: STA abs,x
lcpuC PC:E9D2 (E8 D0 FA) A:10 X:67 Y:00 P:05 S:FD mem:001C4A25 13:36652 tv:0.000000 E8: INX
lcpuC PC:E9D3 (D0 FA 8E) A:10 X:68 Y:00 P:05 S:FD mem:001C4A25 13:36650 tv:0.000001 D0: BNE
lcpuC PC:E9CF (9D 00 0B) A:10 X:68 Y:00 P:05 S:FD mem:001C4A25 13:36647 tv:0.000000 9D: STA abs,x
lcpuC PC:E9D2 (E8 D0 FA) A:10 X:68 Y:00 P:05 S:FD mem:001C4A35 13:36642 tv:0.000001 E8: INX
lcpuC PC:E9D3 (D0 FA 8E) A:10 X:69 Y:00 P:05 S:FD mem:001C4A35 13:36640 tv:0.000000 D0: BNE
lcpuC PC:E9CF (9D 00 0B) A:10 X:69 Y:00 P:05 S:FD mem:001C4A35 13:36637 tv:0.000001 9D: STA abs,x
lcpuC PC:E9D2 (E8 D0 FA) A:10 X:69 Y:00 P:05 S:FD mem:001C4A45 13:36632 tv:0.000000 E8: INX
lcpuC PC:E9D3 (D0 FA 8E) A:10 X:6A Y:00 P:05 S:FD mem:001C4A45 13:36630 tv:0.000001 D0: BNE
lcpuC PC:E9CF (9D 00 0B) A:10 X:6A Y:00 P:05 S:FD mem:001C4A45 13:36627 tv:0.000001 9D: STA abs,x
lcpuC PC:E9D2 (E8 D0 FA) A:10 X:6A Y:00 P:05 S:FD mem:001C4A55 13:36622 tv:0.000001 E8: INX
lcpuC PC:E9D3 (D0 FA 8E) A:10 X:6B Y:00 P:05 S:FD mem:001C4A55 13:36620 tv:0.000001 D0: BNE
lcpuC PC:E9CF (9D 00 0B) A:10 X:6B Y:00 P:05 S:FD mem:001C4A55 13:36617 tv:0.000001 9D: STA abs,x
lcpuC PC:E9D2 (E8 D0 FA) A:10 X:6B Y:00 P:05 S:FD mem:001C4A65 13:36612 tv:0.000001 E8: INX
lcpuC PC:E9D3 (D0 FA 8E) A:10 X:6C Y:00 P:05 S:FD mem:001C4A65 13:36610 tv:0.000000 D0: BNE
lcpuC PC:E9CF (9D 00 0B) A:10 X:6C Y:00 P:05 S:FD mem:001C4A65 13:36607 tv:0.000000 9D: STA abs,x
lcpuC PC:E9D2 (E8 D0 FA) A:10 X:6C Y:00 P:05 S:FD mem:001C4A75 13:36602 tv:0.000000 E8: INX
lcpuC PC:E9D3 (D0 FA 8E) A:10 X:6D Y:00 P:05 S:FD mem:001C4A75 13:36600 tv:0.000001 D0: BNE
lcpuC PC:E9CF (9D 00 0B) A:10 X:6D Y:00 P:05 S:FD mem:001C4A75 13:36597 tv:0.000001 9D: STA abs,x
lcpuC PC:E9D2 (E8 D0 FA) A:10 X:6D Y:00 P:05 S:FD mem:001C4A85 13:36592 tv:0.000001 E8: INX
lcpuC PC:E9D3 (D0 FA 8E) A:10 X:6E Y:00 P:05 S:FD mem:001C4A85 13:36590 tv:0.000000 D0: BNE
lcpuC PC:E9CF (9D 00 0B) A:10 X:6E Y:00 P:05 S:FD mem:001C4A85 13:36587 tv:0.000001 9D: STA abs,x
lcpuC PC:E9D2 (E8 D0 FA) A:10 X:6E Y:00 P:05 S:FD mem:001C4A95 13:36582 tv:0.000001 E8: INX
lcpuC PC:E9D3 (D0 FA 8E) A:10 X:6F Y:00 P:05 S:FD mem:001C4A95 13:36580 tv:0.000001 D0: BNE
lcpuC PC:E9CF (9D 00 0B) A:10 X:6F Y:00 P:05 S:FD mem:001C4A95 13:36577 tv:0.000000 9D: STA abs,x
lcpuC PC:E9D2 (E8 D0 FA) A:10 X:6F Y:00 P:05 S:FD mem:001C4AA5 13:36572 tv:0.000000 E8: INX
lcpuC PC:E9D3 (D0 FA 8E) A:10 X:70 Y:00 P:05 S:FD mem:001C4AA5 13:36570 tv:0.000001 D0: BNE
lcpuC PC:E9CF (9D 00 0B) A:10 X:70 Y:00 P:05 S:FD mem:001C4AA5 13:36567 tv:0.000001 9D: STA abs,x
lcpuC PC:E9D2 (E8 D0 FA) A:10 X:70 Y:00 P:05 S:FD mem:001C4AB5 13:36562 tv:0.000001 E8: INX
lcpuC PC:E9D3 (D0 FA 8E) A:10 X:71 Y:00 P:05 S:FD mem:001C4AB5 13:36560 tv:0.000001 D0: BNE
lcpuC PC:E9CF (9D 00 0B) A:10 X:71 Y:00 P:05 S:FD mem:001C4AB5 13:36557 tv:0.000001 9D: STA abs,x
lcpuC PC:E9D2 (E8 D0 FA) A:10 X:71 Y:00 P:05 S:FD mem:001C4AC5 13:36552 tv:0.000001 E8: INX
lcpuC PC:E9D3 (D0 FA 8E) A:10 X:72 Y:00 P:05 S:FD mem:001C4AC5 13:36550 tv:0.000001 D0: BNE
lcpuC PC:E9CF (9D 00 0B) A:10 X:72 Y:00 P:05 S:FD mem:001C4AC5 13:36547 tv:0.000000 9D: STA abs,x
lcpuC PC:E9D2 (E8 D0 FA) A:10 X:72 Y:00 P:05 S:FD mem:001C4AD5 13:36542 tv:0.000001 E8: INX
lcpuC PC:E9D3 (D0 FA 8E) A:10 X:73 Y:00 P:05 S:FD mem:001C4AD5 13:36540 tv:0.000001 D0: BNE
lcpuC PC:E9CF (9D 00 0B) A:10 X:73 Y:00 P:05 S:FD mem:001C4AD5 13:36537 tv:0.000001 9D: STA abs,x
lcpuC PC:E9D2 (E8 D0 FA) A:10 X:73 Y:00 P:05 S:FD mem:001C4AE5 13:36532 tv:0.000001 E8: INX
lcpuC PC:E9D3 (D0 FA 8E) A:10 X:74 Y:00 P:05 S:FD mem:001C4AE5 13:36530 tv:0.000001 D0: BNE
lcpuC PC:E9CF (9D 00 0B) A:10 X:74 Y:00 P:05 S:FD mem:001C4AE5 13:36527 tv:0.000001 9D: STA abs,x
lcpuC PC:E9D2 (E8 D0 FA) A:10 X:74 Y:00 P:05 S:FD mem:001C4AF5 13:36522 tv:0.000000 E8: INX
lcpuC PC:E9D3 (D0 FA 8E) A:10 X:75 Y:00 P:05 S:FD mem:001C4AF5 13:36520 tv:0.000000 D0: BNE
lcpuC PC:E9CF (9D 00 0B) A:10 X:75 Y:00 P:05 S:FD mem:001C4AF5 13:36517 tv:0.000001 9D: STA abs,x
lcpuC PC:E9D2 (E8 D0 FA) A:10 X:75 Y:00 P:05 S:FD mem:001C4B05 13:36512 tv:0.000001 E8: INX
lcpuC PC:E9D3 (D0 FA 8E) A:10 X:76 Y:00 P:05 S:FD mem:001C4B05 13:36510 tv:0.000001 D0: BNE
lcpuC PC:E9CF (9D 00 0B) A:10 X:76 Y:00 P:05 S:FD mem:001C4B05 13:36507 tv:0.000000 9D: STA abs,x
lcpuC PC:E9D2 (E8 D0 FA) A:10 X:76 Y:00 P:05 S:FD mem:001C4B15 13:36502 tv:0.000001 E8: INX
lcpuC PC:E9D3 (D0 FA 8E) A:10 X:77 Y:00 P:05 S:FD mem:001C4B15 13:36500 tv:0.000000 D0: BNE
lcpuC PC:E9CF (9D 00 0B) A:10 X:77 Y:00 P:05 S:FD mem:001C4B15 13:36497 tv:0.000001 9D: STA abs,x
lcpuC PC:E9D2 (E8 D0 FA) A:10 X:77 Y:00 P:05 S:FD mem:001C4B25 13:36492 tv:0.000001 E8: INX
lcpuC PC:E9D3 (D0 FA 8E) A:10 X:78 Y:00 P:05 S:FD mem:001C4B25 13:36490 tv:0.000001 D0: BNE
lcpuC PC:E9CF (9D 00 0B) A:10 X:78 Y:00 P:05 S:FD mem:001C4B25 13:36487 tv:0.000001 9D: STA abs,x
lcpuC PC:E9D2 (E8 D0 FA) A:10 X:78 Y:00 P:05 S:FD mem:001C4B35 13:36482 tv:0.000001 E8: INX
lcpuC PC:E9D3 (D0 FA 8E) A:10 X:79 Y:00 P:05 S:FD mem:001C4B35 13:36480 tv:0.000001 D0: BNE
lcpuC PC:E9CF (9D 00 0B) A:10 X:79 Y:00 P:05 S:FD mem:001C4B35 13:36477 tv:0.000000 9D: STA abs,x
lcpuC PC:E9D2 (E8 D0 FA) A:10 X:79 Y:00 P:05 S:FD mem:001C4B45 13:36472 tv:0.000001 E8: INX
lcpuC PC:E9D3 (D0 FA 8E) A:10 X:7A Y:00 P:05 S:FD mem:001C4B45 13:36470 tv:0.000000 D0: BNE
lcpuC PC:E9CF (9D 00 0B) A:10 X:7A Y:00 P:05 S:FD mem:001C4B45 13:36467 tv:0.000001 9D: STA abs,x
lcpuC PC:E9D2 (E8 D0 FA) A:10 X:7A Y:00 P:05 S:FD mem:001C4B55 13:36462 tv:0.000001 E8: INX
lcpuC PC:E9D3 (D0 FA 8E) A:10 X:7B Y:00 P:05 S:FD mem:001C4B55 13:36460 tv:0.000000 D0: BNE
lcpuC PC:E9CF (9D 00 0B) A:10 X:7B Y:00 P:05 S:FD mem:001C4B55 13:36457 tv:0.000000 9D: STA abs,x
lcpuC PC:E9D2 (E8 D0 FA) A:10 X:7B Y:00 P:05 S:FD mem:001C4B65 13:36452 tv:0.000001 E8: INX
lcpuC PC:E9D3 (D0 FA 8E) A:10 X:7C Y:00 P:05 S:FD mem:001C4B65 13:36450 tv:0.000000 D0: BNE
lcpuC PC:E9CF (9D 00 0B) A:10 X:7C Y:00 P:05 S:FD mem:001C4B65 13:36447 tv:0.000000 9D: STA abs,x
lcpuC PC:E9D2 (E8 D0 FA) A:10 X:7C Y:00 P:05 S:FD mem:001C4B75 13:36442 tv:0.000001 E8: INX
lcpuC PC:E9D3 (D0 FA 8E) A:10 X:7D Y:00 P:05 S:FD mem:001C4B75 13:36440 tv:0.000001 D0: BNE
lcpuC PC:E9CF (9D 00 0B) A:10 X:7D Y:00 P:05 S:FD mem:001C4B75 13:36437 tv:0.000000 9D: STA abs,x
lcpuC PC:E9D2 (E8 D0 FA) A:10 X:7D Y:00 P:05 S:FD mem:001C4B85 13:36432 tv:0.000001 E8: INX
lcpuC PC:E9D3 (D0 FA 8E) A:10 X:7E Y:00 P:05 S:FD mem:001C4B85 13:36430 tv:0.000000 D0: BNE
lcpuC PC:E9CF (9D 00 0B) A:10 X:7E Y:00 P:05 S:FD mem:001C4B85 13:36427 tv:0.000000 9D: STA abs,x
lcpuC PC:E9D2 (E8 D0 FA) A:10 X:7E Y:00 P:05 S:FD mem:001C4B95 13:36422 tv:0.000001 E8: INX
lcpuC PC:E9D3 (D0 FA 8E) A:10 X:7F Y:00 P:05 S:FD mem:001C4B95 13:36420 tv:0.000001 D0: BNE
lcpuC PC:E9CF (9D 00 0B) A:10 X:7F Y:00 P:05 S:FD mem:001C4B95 13:36417 tv:0.000001 9D: STA abs,x
lcpuC PC:E9D2 (E8 D0 FA) A:10 X:7F Y:00 P:05 S:FD mem:001C4BA5 13:36412 tv:0.000000 E8: INX
lcpuC PC:E9D3 (D0 FA 8E) A:10 X:80 Y:00 P:85 S:FD mem:001C4BA5 13:36410 tv:0.000001 D0: BNE
lcpuC PC:E9CF (9D 00 0B) A:10 X:80 Y:00 P:85 S:FD mem:001C4BA5 13:36407 tv:0.000001 9D: STA abs,x
lcpuC PC:E9D2 (E8 D0 FA) A:10 X:80 Y:00 P:85 S:FD mem:001C4BB5 13:36402 tv:0.000000 E8: INX
lcpuC PC:E9D3 (D0 FA 8E) A:10 X:81 Y:00 P:85 S:FD mem:001C4BB5 13:36400 tv:0.000001 D0: BNE
lcpuC PC:E9CF (9D 00 0B) A:10 X:81 Y:00 P:85 S:FD mem:001C4BB5 13:36397 tv:0.000001 9D: STA abs,x
lcpuC PC:E9D2 (E8 D0 FA) A:10 X:81 Y:00 P:85 S:FD mem:001C4BC5 13:36392 tv:0.000001 E8: INX
lcpuC PC:E9D3 (D0 FA 8E) A:10 X:82 Y:00 P:85 S:FD mem:001C4BC5 13:36390 tv:0.000001 D0: BNE
lcpuC PC:E9CF (9D 00 0B) A:10 X:82 Y:00 P:85 S:FD mem:001C4BC5 13:36387 tv:0.000000 9D: STA abs,x
lcpuC PC:E9D2 (E8 D0 FA) A:10 X:82 Y:00 P:85 S:FD mem:001C4BD5 13:36382 tv:0.000001 E8: INX
lcpuC PC:E9D3 (D0 FA 8E) A:10 X:83 Y:00 P:85 S:FD mem:001C4BD5 13:36380 tv:0.000001 D0: BNE
lcpuC PC:E9CF (9D 00 0B) A:10 X:83 Y:00 P:85 S:FD mem:001C4BD5 13:36377 tv:0.000001 9D: STA abs,x
lcpuC PC:E9D2 (E8 D0 FA) A:10 X:83 Y:00 P:85 S:FD mem:001C4BE5 13:36372 tv:0.000000 E8: INX
lcpuC PC:E9D3 (D0 FA 8E) A:10 X:84 Y:00 P:85 S:FD mem:001C4BE5 13:36370 tv:0.000000 D0: BNE
lcpuC PC:E9CF (9D 00 0B) A:10 X:84 Y:00 P:85 S:FD mem:001C4BE5 13:36367 tv:0.000001 9D: STA abs,x
lcpuC PC:E9D2 (E8 D0 FA) A:10 X:84 Y:00 P:85 S:FD mem:001C4BF5 13:36362 tv:0.000000 E8: INX
lcpuC PC:E9D3 (D0 FA 8E) A:10 X:85 Y:00 P:85 S:FD mem:001C4BF5 13:36360 tv:0.000001 D0: BNE
lcpuC PC:E9CF (9D 00 0B) A:10 X:85 Y:00 P:85 S:FD mem:001C4BF5 13:36357 tv:0.000000 9D: STA abs,x
lcpuC PC:E9D2 (E8 D0 FA) A:10 X:85 Y:00 P:85 S:FD mem:001C4C05 13:36352 tv:0.000001 E8: INX
lcpuC PC:E9D3 (D0 FA 8E) A:10 X:86 Y:00 P:85 S:FD mem:001C4C05 13:36350 tv:0.000001 D0: BNE
lcpuC PC:E9CF (9D 00 0B) A:10 X:86 Y:00 P:85 S:FD mem:001C4C05 13:36347 tv:0.000001 9D: STA abs,x
lcpuC PC:E9D2 (E8 D0 FA) A:10 X:86 Y:00 P:85 S:FD mem:001C4C15 13:36342 tv:0.000000 E8: INX
lcpuC PC:E9D3 (D0 FA 8E) A:10 X:87 Y:00 P:85 S:FD mem:001C4C15 13:36340 tv:0.000000 D0: BNE
lcpuC PC:E9CF (9D 00 0B) A:10 X:87 Y:00 P:85 S:FD mem:001C4C15 13:36337 tv:0.000001 9D: STA abs,x
lcpuC PC:E9D2 (E8 D0 FA) A:10 X:87 Y:00 P:85 S:FD mem:001C4C25 13:36332 tv:0.000001 E8: INX
lcpuC PC:E9D3 (D0 FA 8E) A:10 X:88 Y:00 P:85 S:FD mem:001C4C25 13:36330 tv:0.000001 D0: BNE
lcpuC PC:E9CF (9D 00 0B) A:10 X:88 Y:00 P:85 S:FD mem:001C4C25 13:36327 tv:0.000001 9D: STA abs,x
lcpuC PC:E9D2 (E8 D0 FA) A:10 X:88 Y:00 P:85 S:FD mem:001C4C35 13:36322 tv:0.000000 E8: INX
lcpuC PC:E9D3 (D0 FA 8E) A:10 X:89 Y:00 P:85 S:FD mem:001C4C35 13:36320 tv:0.000001 D0: BNE
lcpuC PC:E9CF (9D 00 0B) A:10 X:89 Y:00 P:85 S:FD mem:001C4C35 13:36317 tv:0.000001 9D: STA abs,x
lcpuC PC:E9D2 (E8 D0 FA) A:10 X:89 Y:00 P:85 S:FD mem:001C4C45 13:36312 tv:0.000001 E8: INX
lcpuC PC:E9D3 (D0 FA 8E) A:10 X:8A Y:00 P:85 S:FD mem:001C4C45 13:36310 tv:0.000001 D0: BNE
lcpuC PC:E9CF (9D 00 0B) A:10 X:8A Y:00 P:85 S:FD mem:001C4C45 13:36307 tv:0.000001 9D: STA abs,x
lcpuC PC:E9D2 (E8 D0 FA) A:10 X:8A Y:00 P:85 S:FD mem:001C4C55 13:36302 tv:0.000000 E8: INX
lcpuC PC:E9D3 (D0 FA 8E) A:10 X:8B Y:00 P:85 S:FD mem:001C4C55 13:36300 tv:0.000000 D0: BNE
lcpuC PC:E9CF (9D 00 0B) A:10 X:8B Y:00 P:85 S:FD mem:001C4C55 13:36297 tv:0.000001 9D: STA abs,x
lcpuC PC:E9D2 (E8 D0 FA) A:10 X:8B Y:00 P:85 S:FD mem:001C4C65 13:36292 tv:0.000001 E8: INX
lcpuC PC:E9D3 (D0 FA 8E) A:10 X:8C Y:00 P:85 S:FD mem:001C4C65 13:36290 tv:0.000000 D0: BNE
lcpuC PC:E9CF (9D 00 0B) A:10 X:8C Y:00 P:85 S:FD mem:001C4C65 13:36287 tv:0.000001 9D: STA abs,x
lcpuC PC:E9D2 (E8 D0 FA) A:10 X:8C Y:00 P:85 S:FD mem:001C4C75 13:36282 tv:0.000000 E8: INX
lcpuC PC:E9D3 (D0 FA 8E) A:10 X:8D Y:00 P:85 S:FD mem:001C4C75 13:36280 tv:0.000001 D0: BNE
lcpuC PC:E9CF (9D 00 0B) A:10 X:8D Y:00 P:85 S:FD mem:001C4C75 13:36277 tv:0.000001 9D: STA abs,x
lcpuC PC:E9D2 (E8 D0 FA) A:10 X:8D Y:00 P:85 S:FD mem:001C4C85 13:36272 tv:0.000001 E8: INX
lcpuC PC:E9D3 (D0 FA 8E) A:10 X:8E Y:00 P:85 S:FD mem:001C4C85 13:36270 tv:0.000000 D0: BNE
lcpuC PC:E9CF (9D 00 0B) A:10 X:8E Y:00 P:85 S:FD mem:001C4C85 13:36267 tv:0.000000 9D: STA abs,x
lcpuC PC:E9D2 (E8 D0 FA) A:10 X:8E Y:00 P:85 S:FD mem:001C4C95 13:36262 tv:0.000001 E8: INX
lcpuC PC:E9D3 (D0 FA 8E) A:10 X:8F Y:00 P:85 S:FD mem:001C4C95 13:36260 tv:0.000000 D0: BNE
lcpuC PC:E9CF (9D 00 0B) A:10 X:8F Y:00 P:85 S:FD mem:001C4C95 13:36257 tv:0.000000 9D: STA abs,x
lcpuC PC:E9D2 (E8 D0 FA) A:10 X:8F Y:00 P:85 S:FD mem:001C4CA5 13:36252 tv:0.000000 E8: INX
lcpuC PC:E9D3 (D0 FA 8E) A:10 X:90 Y:00 P:85 S:FD mem:001C4CA5 13:36250 tv:0.000001 D0: BNE
lcpuC PC:E9CF (9D 00 0B) A:10 X:90 Y:00 P:85 S:FD mem:001C4CA5 13:36247 tv:0.000001 9D: STA abs,x
lcpuC PC:E9D2 (E8 D0 FA) A:10 X:90 Y:00 P:85 S:FD mem:001C4CB5 13:36242 tv:0.000001 E8: INX
lcpuC PC:E9D3 (D0 FA 8E) A:10 X:91 Y:00 P:85 S:FD mem:001C4CB5 13:36240 tv:0.000000 D0: BNE
lcpuC PC:E9CF (9D 00 0B) A:10 X:91 Y:00 P:85 S:FD mem:001C4CB5 13:36237 tv:0.000000 9D: STA abs,x
lcpuC PC:E9D2 (E8 D0 FA) A:10 X:91 Y:00 P:85 S:FD mem:001C4CC5 13:36232 tv:0.000001 E8: INX
lcpuC PC:E9D3 (D0 FA 8E) A:10 X:92 Y:00 P:85 S:FD mem:001C4CC5 13:36230 tv:0.000001 D0: BNE
lcpuC PC:E9CF (9D 00 0B) A:10 X:92 Y:00 P:85 S:FD mem:001C4CC5 13:36227 tv:0.000001 9D: STA abs,x
lcpuC PC:E9D2 (E8 D0 FA) A:10 X:92 Y:00 P:85 S:FD mem:001C4CD5 13:36222 tv:0.000000 E8: INX
lcpuC PC:E9D3 (D0 FA 8E) A:10 X:93 Y:00 P:85 S:FD mem:001C4CD5 13:36220 tv:0.000001 D0: BNE
lcpuC PC:E9CF (9D 00 0B) A:10 X:93 Y:00 P:85 S:FD mem:001C4CD5 13:36217 tv:0.000001 9D: STA abs,x
lcpuC PC:E9D2 (E8 D0 FA) A:10 X:93 Y:00 P:85 S:FD mem:001C4CE5 13:36212 tv:0.000001 E8: INX
lcpuC PC:E9D3 (D0 FA 8E) A:10 X:94 Y:00 P:85 S:FD mem:001C4CE5 13:36210 tv:0.000000 D0: BNE
lcpuC PC:E9CF (9D 00 0B) A:10 X:94 Y:00 P:85 S:FD mem:001C4CE5 13:36207 tv:0.000001 9D: STA abs,x
lcpuC PC:E9D2 (E8 D0 FA) A:10 X:94 Y:00 P:85 S:FD mem:001C4CF5 13:36202 tv:0.000000 E8: INX
lcpuC PC:E9D3 (D0 FA 8E) A:10 X:95 Y:00 P:85 S:FD mem:001C4CF5 13:36200 tv:0.000001 D0: BNE
lcpuC PC:E9CF (9D 00 0B) A:10 X:95 Y:00 P:85 S:FD mem:001C4CF5 13:36197 tv:0.000001 9D: STA abs,x
lcpuC PC:E9D2 (E8 D0 FA) A:10 X:95 Y:00 P:85 S:FD mem:001C4D05 13:36192 tv:0.000001 E8: INX
lcpuC PC:E9D3 (D0 FA 8E) A:10 X:96 Y:00 P:85 S:FD mem:001C4D05 13:36190 tv:0.000001 D0: BNE
lcpuC PC:E9CF (9D 00 0B) A:10 X:96 Y:00 P:85 S:FD mem:001C4D05 13:36187 tv:0.000001 9D: STA abs,x
lcpuC PC:E9D2 (E8 D0 FA) A:10 X:96 Y:00 P:85 S:FD mem:001C4D15 13:36182 tv:0.000001 E8: INX
lcpuC PC:E9D3 (D0 FA 8E) A:10 X:97 Y:00 P:85 S:FD mem:001C4D15 13:36180 tv:0.000000 D0: BNE
lcpuC PC:E9CF (9D 00 0B) A:10 X:97 Y:00 P:85 S:FD mem:001C4D15 13:36177 tv:0.000000 9D: STA abs,x
lcpuC PC:E9D2 (E8 D0 FA) A:10 X:97 Y:00 P:85 S:FD mem:001C4D25 13:36172 tv:0.000000 E8: INX
lcpuC PC:E9D3 (D0 FA 8E) A:10 X:98 Y:00 P:85 S:FD mem:001C4D25 13:36170 tv:0.000000 D0: BNE
lcpuC PC:E9CF (9D 00 0B) A:10 X:98 Y:00 P:85 S:FD mem:001C4D25 13:36167 tv:0.000001 9D: STA abs,x
lcpuC PC:E9D2 (E8 D0 FA) A:10 X:98 Y:00 P:85 S:FD mem:001C4D35 13:36162 tv:0.000001 E8: INX
lcpuC PC:E9D3 (D0 FA 8E) A:10 X:99 Y:00 P:85 S:FD mem:001C4D35 13:36160 tv:0.000001 D0: BNE
lcpuC PC:E9CF (9D 00 0B) A:10 X:99 Y:00 P:85 S:FD mem:001C4D35 13:36157 tv:0.000001 9D: STA abs,x
lcpuC PC:E9D2 (E8 D0 FA) A:10 X:99 Y:00 P:85 S:FD mem:001C4D45 13:36152 tv:0.000001 E8: INX
lcpuC PC:E9D3 (D0 FA 8E) A:10 X:9A Y:00 P:85 S:FD mem:001C4D45 13:36150 tv:0.000001 D0: BNE
lcpuC PC:E9CF (9D 00 0B) A:10 X:9A Y:00 P:85 S:FD mem:001C4D45 13:36147 tv:0.000001 9D: STA abs,x
lcpuC PC:E9D2 (E8 D0 FA) A:10 X:9A Y:00 P:85 S:FD mem:001C4D55 13:36142 tv:0.000001 E8: INX
lcpuC PC:E9D3 (D0 FA 8E) A:10 X:9B Y:00 P:85 S:FD mem:001C4D55 13:36140 tv:0.000001 D0: BNE
lcpuC PC:E9CF (9D 00 0B) A:10 X:9B Y:00 P:85 S:FD mem:001C4D55 13:36137 tv:0.000001 9D: STA abs,x
lcpuC PC:E9D2 (E8 D0 FA) A:10 X:9B Y:00 P:85 S:FD mem:001C4D65 13:36132 tv:0.000001 E8: INX
lcpuC PC:E9D3 (D0 FA 8E) A:10 X:9C Y:00 P:85 S:FD mem:001C4D65 13:36130 tv:0.000000 D0: BNE
lcpuC PC:E9CF (9D 00 0B) A:10 X:9C Y:00 P:85 S:FD mem:001C4D65 13:36127 tv:0.000000 9D: STA abs,x
lcpuC PC:E9D2 (E8 D0 FA) A:10 X:9C Y:00 P:85 S:FD mem:001C4D75 13:36122 tv:0.000000 E8: INX
lcpuC PC:E9D3 (D0 FA 8E) A:10 X:9D Y:00 P:85 S:FD mem:001C4D75 13:36120 tv:0.000001 D0: BNE
lcpuC PC:E9CF (9D 00 0B) A:10 X:9D Y:00 P:85 S:FD mem:001C4D75 13:36117 tv:0.000001 9D: STA abs,x
lcpuC PC:E9D2 (E8 D0 FA) A:10 X:9D Y:00 P:85 S:FD mem:001C4D85 13:36112 tv:0.000000 E8: INX
lcpuC PC:E9D3 (D0 FA 8E) A:10 X:9E Y:00 P:85 S:FD mem:001C4D85 13:36110 tv:0.000001 D0: BNE
lcpuC PC:E9CF (9D 00 0B) A:10 X:9E Y:00 P:85 S:FD mem:001C4D85 13:36107 tv:0.000001 9D: STA abs,x
lcpuC PC:E9D2 (E8 D0 FA) A:10 X:9E Y:00 P:85 S:FD mem:001C4D95 13:36102 tv:0.000001 E8: INX
lcpuC PC:E9D3 (D0 FA 8E) A:10 X:9F Y:00 P:85 S:FD mem:001C4D95 13:36100 tv:0.000000 D0: BNE
lcpuC PC:E9CF (9D 00 0B) A:10 X:9F Y:00 P:85 S:FD mem:001C4D95 13:36097 tv:0.000001 9D: STA abs,x
lcpuC PC:E9D2 (E8 D0 FA) A:10 X:9F Y:00 P:85 S:FD mem:001C4DA5 13:36092 tv:0.000001 E8: INX
lcpuC PC:E9D3 (D0 FA 8E) A:10 X:A0 Y:00 P:85 S:FD mem:001C4DA5 13:36090 tv:0.000000 D0: BNE
lcpuC PC:E9CF (9D 00 0B) A:10 X:A0 Y:00 P:85 S:FD mem:001C4DA5 13:36087 tv:0.000000 9D: STA abs,x
lcpuC PC:E9D2 (E8 D0 FA) A:10 X:A0 Y:00 P:85 S:FD mem:001C4DB5 13:36082 tv:0.000001 E8: INX
lcpuC PC:E9D3 (D0 FA 8E) A:10 X:A1 Y:00 P:85 S:FD mem:001C4DB5 13:36080 tv:0.000000 D0: BNE
lcpuC PC:E9CF (9D 00 0B) A:10 X:A1 Y:00 P:85 S:FD mem:001C4DB5 13:36077 tv:0.000001 9D: STA abs,x
lcpuC PC:E9D2 (E8 D0 FA) A:10 X:A1 Y:00 P:85 S:FD mem:001C4DC5 13:36072 tv:0.000001 E8: INX
lcpuC PC:E9D3 (D0 FA 8E) A:10 X:A2 Y:00 P:85 S:FD mem:001C4DC5 13:36070 tv:0.000001 D0: BNE
lcpuC PC:E9CF (9D 00 0B) A:10 X:A2 Y:00 P:85 S:FD mem:001C4DC5 13:36067 tv:0.000001 9D: STA abs,x
lcpuC PC:E9D2 (E8 D0 FA) A:10 X:A2 Y:00 P:85 S:FD mem:001C4DD5 13:36062 tv:0.000001 E8: INX
lcpuC PC:E9D3 (D0 FA 8E) A:10 X:A3 Y:00 P:85 S:FD mem:001C4DD5 13:36060 tv:0.000001 D0: BNE
lcpuC PC:E9CF (9D 00 0B) A:10 X:A3 Y:00 P:85 S:FD mem:001C4DD5 13:36057 tv:0.000001 9D: STA abs,x
lcpuC PC:E9D2 (E8 D0 FA) A:10 X:A3 Y:00 P:85 S:FD mem:001C4DE5 13:36052 tv:0.000000 E8: INX
lcpuC PC:E9D3 (D0 FA 8E) A:10 X:A4 Y:00 P:85 S:FD mem:001C4DE5 13:36050 tv:0.000000 D0: BNE
lcpuC PC:E9CF (9D 00 0B) A:10 X:A4 Y:00 P:85 S:FD mem:001C4DE5 13:36047 tv:0.000000 9D: STA abs,x
lcpuC PC:E9D2 (E8 D0 FA) A:10 X:A4 Y:00 P:85 S:FD mem:001C4DF5 13:36042 tv:0.000001 E8: INX
lcpuC PC:E9D3 (D0 FA 8E) A:10 X:A5 Y:00 P:85 S:FD mem:001C4DF5 13:36040 tv:0.000001 D0: BNE
lcpuC PC:E9CF (9D 00 0B) A:10 X:A5 Y:00 P:85 S:FD mem:001C4DF5 13:36037 tv:0.000001 9D: STA abs,x
lcpuC PC:E9D2 (E8 D0 FA) A:10 X:A5 Y:00 P:85 S:FD mem:001C4E05 13:36032 tv:0.000001 E8: INX
lcpuC PC:E9D3 (D0 FA 8E) A:10 X:A6 Y:00 P:85 S:FD mem:001C4E05 13:36030 tv:0.000001 D0: BNE
lcpuC PC:E9CF (9D 00 0B) A:10 X:A6 Y:00 P:85 S:FD mem:001C4E05 13:36027 tv:0.000001 9D: STA abs,x
lcpuC PC:E9D2 (E8 D0 FA) A:10 X:A6 Y:00 P:85 S:FD mem:001C4E15 13:36022 tv:0.000001 E8: INX
lcpuC PC:E9D3 (D0 FA 8E) A:10 X:A7 Y:00 P:85 S:FD mem:001C4E15 13:36020 tv:0.000001 D0: BNE
lcpuC PC:E9CF (9D 00 0B) A:10 X:A7 Y:00 P:85 S:FD mem:001C4E15 13:36017 tv:0.000000 9D: STA abs,x
lcpuC PC:E9D2 (E8 D0 FA) A:10 X:A7 Y:00 P:85 S:FD mem:001C4E25 13:36012 tv:0.000001 E8: INX
lcpuC PC:E9D3 (D0 FA 8E) A:10 X:A8 Y:00 P:85 S:FD mem:001C4E25 13:36010 tv:0.000001 D0: BNE
lcpuC PC:E9CF (9D 00 0B) A:10 X:A8 Y:00 P:85 S:FD mem:001C4E25 13:36007 tv:0.000001 9D: STA abs,x
lcpuC PC:E9D2 (E8 D0 FA) A:10 X:A8 Y:00 P:85 S:FD mem:001C4E35 13:36002 tv:0.000001 E8: INX
lcpuC PC:E9D3 (D0 FA 8E) A:10 X:A9 Y:00 P:85 S:FD mem:001C4E35 13:36000 tv:0.000001 D0: BNE
lcpuC PC:E9CF (9D 00 0B) A:10 X:A9 Y:00 P:85 S:FD mem:001C4E35 13:35997 tv:0.000000 9D: STA abs,x
lcpuC PC:E9D2 (E8 D0 FA) A:10 X:A9 Y:00 P:85 S:FD mem:001C4E45 13:35992 tv:0.000000 E8: INX
lcpuC PC:E9D3 (D0 FA 8E) A:10 X:AA Y:00 P:85 S:FD mem:001C4E45 13:35990 tv:0.000001 D0: BNE
lcpuC PC:E9CF (9D 00 0B) A:10 X:AA Y:00 P:85 S:FD mem:001C4E45 13:35987 tv:0.000000 9D: STA abs,x
lcpuC PC:E9D2 (E8 D0 FA) A:10 X:AA Y:00 P:85 S:FD mem:001C4E55 13:35982 tv:0.000001 E8: INX
lcpuC PC:E9D3 (D0 FA 8E) A:10 X:AB Y:00 P:85 S:FD mem:001C4E55 13:35980 tv:0.000000 D0: BNE
lcpuC PC:E9CF (9D 00 0B) A:10 X:AB Y:00 P:85 S:FD mem:001C4E55 13:35977 tv:0.000001 9D: STA abs,x
lcpuC PC:E9D2 (E8 D0 FA) A:10 X:AB Y:00 P:85 S:FD mem:001C4E65 13:35972 tv:0.000001 E8: INX
lcpuC PC:E9D3 (D0 FA 8E) A:10 X:AC Y:00 P:85 S:FD mem:001C4E65 13:35970 tv:0.000000 D0: BNE
lcpuC PC:E9CF (9D 00 0B) A:10 X:AC Y:00 P:85 S:FD mem:001C4E65 13:35967 tv:0.000001 9D: STA abs,x
lcpuC PC:E9D2 (E8 D0 FA) A:10 X:AC Y:00 P:85 S:FD mem:001C4E75 13:35962 tv:0.000001 E8: INX
lcpuC PC:E9D3 (D0 FA 8E) A:10 X:AD Y:00 P:85 S:FD mem:001C4E75 13:35960 tv:0.000001 D0: BNE
lcpuC PC:E9CF (9D 00 0B) A:10 X:AD Y:00 P:85 S:FD mem:001C4E75 13:35957 tv:0.000001 9D: STA abs,x
lcpuC PC:E9D2 (E8 D0 FA) A:10 X:AD Y:00 P:85 S:FD mem:001C4E85 13:35952 tv:0.000001 E8: INX
lcpuC PC:E9D3 (D0 FA 8E) A:10 X:AE Y:00 P:85 S:FD mem:001C4E85 13:35950 tv:0.000001 D0: BNE
lcpuC PC:E9CF (9D 00 0B) A:10 X:AE Y:00 P:85 S:FD mem:001C4E85 13:35947 tv:0.000001 9D: STA abs,x
lcpuC PC:E9D2 (E8 D0 FA) A:10 X:AE Y:00 P:85 S:FD mem:001C4E95 13:35942 tv:0.000000 E8: INX
lcpuC PC:E9D3 (D0 FA 8E) A:10 X:AF Y:00 P:85 S:FD mem:001C4E95 13:35940 tv:0.000001 D0: BNE
lcpuC PC:E9CF (9D 00 0B) A:10 X:AF Y:00 P:85 S:FD mem:001C4E95 13:35937 tv:0.000001 9D: STA abs,x
lcpuC PC:E9D2 (E8 D0 FA) A:10 X:AF Y:00 P:85 S:FD mem:001C4EA5 13:35932 tv:0.000001 E8: INX
lcpuC PC:E9D3 (D0 FA 8E) A:10 X:B0 Y:00 P:85 S:FD mem:001C4EA5 13:35930 tv:0.000001 D0: BNE
lcpuC PC:E9CF (9D 00 0B) A:10 X:B0 Y:00 P:85 S:FD mem:001C4EA5 13:35927 tv:0.000001 9D: STA abs,x
lcpuC PC:E9D2 (E8 D0 FA) A:10 X:B0 Y:00 P:85 S:FD mem:001C4EB5 13:35922 tv:0.000001 E8: INX
lcpuC PC:E9D3 (D0 FA 8E) A:10 X:B1 Y:00 P:85 S:FD mem:001C4EB5 13:35920 tv:0.000001 D0: BNE
lcpuC PC:E9CF (9D 00 0B) A:10 X:B1 Y:00 P:85 S:FD mem:001C4EB5 13:35917 tv:0.000001 9D: STA abs,x
lcpuC PC:E9D2 (E8 D0 FA) A:10 X:B1 Y:00 P:85 S:FD mem:001C4EC5 13:35912 tv:0.000001 E8: INX
lcpuC PC:E9D3 (D0 FA 8E) A:10 X:B2 Y:00 P:85 S:FD mem:001C4EC5 13:35910 tv:0.000001 D0: BNE
lcpuC PC:E9CF (9D 00 0B) A:10 X:B2 Y:00 P:85 S:FD mem:001C4EC5 13:35907 tv:0.000000 9D: STA abs,x
lcpuC PC:E9D2 (E8 D0 FA) A:10 X:B2 Y:00 P:85 S:FD mem:001C4ED5 13:35902 tv:0.000001 E8: INX
lcpuC PC:E9D3 (D0 FA 8E) A:10 X:B3 Y:00 P:85 S:FD mem:001C4ED5 13:35900 tv:0.000000 D0: BNE
lcpuC PC:E9CF (9D 00 0B) A:10 X:B3 Y:00 P:85 S:FD mem:001C4ED5 13:35897 tv:0.000001 9D: STA abs,x
lcpuC PC:E9D2 (E8 D0 FA) A:10 X:B3 Y:00 P:85 S:FD mem:001C4EE5 13:35892 tv:0.000000 E8: INX
lcpuC PC:E9D3 (D0 FA 8E) A:10 X:B4 Y:00 P:85 S:FD mem:001C4EE5 13:35890 tv:0.000000 D0: BNE
lcpuC PC:E9CF (9D 00 0B) A:10 X:B4 Y:00 P:85 S:FD mem:001C4EE5 13:35887 tv:0.000001 9D: STA abs,x
lcpuC PC:E9D2 (E8 D0 FA) A:10 X:B4 Y:00 P:85 S:FD mem:001C4EF5 13:35882 tv:0.000000 E8: INX
lcpuC PC:E9D3 (D0 FA 8E) A:10 X:B5 Y:00 P:85 S:FD mem:001C4EF5 13:35880 tv:0.000000 D0: BNE
lcpuC PC:E9CF (9D 00 0B) A:10 X:B5 Y:00 P:85 S:FD mem:001C4EF5 13:35877 tv:0.000001 9D: STA abs,x
lcpuC PC:E9D2 (E8 D0 FA) A:10 X:B5 Y:00 P:85 S:FD mem:001C4F05 13:35872 tv:0.000000 E8: INX
lcpuC PC:E9D3 (D0 FA 8E) A:10 X:B6 Y:00 P:85 S:FD mem:001C4F05 13:35870 tv:0.000001 D0: BNE
lcpuC PC:E9CF (9D 00 0B) A:10 X:B6 Y:00 P:85 S:FD mem:001C4F05 13:35867 tv:0.000000 9D: STA abs,x
lcpuC PC:E9D2 (E8 D0 FA) A:10 X:B6 Y:00 P:85 S:FD mem:001C4F15 13:35862 tv:0.000000 E8: INX
lcpuC PC:E9D3 (D0 FA 8E) A:10 X:B7 Y:00 P:85 S:FD mem:001C4F15 13:35860 tv:0.000000 D0: BNE
lcpuC PC:E9CF (9D 00 0B) A:10 X:B7 Y:00 P:85 S:FD mem:001C4F15 13:35857 tv:0.000000 9D: STA abs,x
lcpuC PC:E9D2 (E8 D0 FA) A:10 X:B7 Y:00 P:85 S:FD mem:001C4F25 13:35852 tv:0.000001 E8: INX
lcpuC PC:E9D3 (D0 FA 8E) A:10 X:B8 Y:00 P:85 S:FD mem:001C4F25 13:35850 tv:0.000001 D0: BNE
lcpuC PC:E9CF (9D 00 0B) A:10 X:B8 Y:00 P:85 S:FD mem:001C4F25 13:35847 tv:0.000001 9D: STA abs,x
lcpuC PC:E9D2 (E8 D0 FA) A:10 X:B8 Y:00 P:85 S:FD mem:001C4F35 13:35842 tv:0.000001 E8: INX
lcpuC PC:E9D3 (D0 FA 8E) A:10 X:B9 Y:00 P:85 S:FD mem:001C4F35 13:35840 tv:0.000000 D0: BNE
lcpuC PC:E9CF (9D 00 0B) A:10 X:B9 Y:00 P:85 S:FD mem:001C4F35 13:35837 tv:0.000000 9D: STA abs,x
lcpuC PC:E9D2 (E8 D0 FA) A:10 X:B9 Y:00 P:85 S:FD mem:001C4F45 13:35832 tv:0.000001 E8: INX
lcpuC PC:E9D3 (D0 FA 8E) A:10 X:BA Y:00 P:85 S:FD mem:001C4F45 13:35830 tv:0.000000 D0: BNE
lcpuC PC:E9CF (9D 00 0B) A:10 X:BA Y:00 P:85 S:FD mem:001C4F45 13:35827 tv:0.000001 9D: STA abs,x
lcpuC PC:E9D2 (E8 D0 FA) A:10 X:BA Y:00 P:85 S:FD mem:001C4F55 13:35822 tv:0.000001 E8: INX
lcpuC PC:E9D3 (D0 FA 8E) A:10 X:BB Y:00 P:85 S:FD mem:001C4F55 13:35820 tv:0.000000 D0: BNE
lcpuC PC:E9CF (9D 00 0B) A:10 X:BB Y:00 P:85 S:FD mem:001C4F55 13:35817 tv:0.000001 9D: STA abs,x
lcpuC PC:E9D2 (E8 D0 FA) A:10 X:BB Y:00 P:85 S:FD mem:001C4F65 13:35812 tv:0.000000 E8: INX
lcpuC PC:E9D3 (D0 FA 8E) A:10 X:BC Y:00 P:85 S:FD mem:001C4F65 13:35810 tv:0.000000 D0: BNE
lcpuC PC:E9CF (9D 00 0B) A:10 X:BC Y:00 P:85 S:FD mem:001C4F65 13:35807 tv:0.000000 9D: STA abs,x
lcpuC PC:E9D2 (E8 D0 FA) A:10 X:BC Y:00 P:85 S:FD mem:001C4F75 13:35802 tv:0.000001 E8: INX
lcpuC PC:E9D3 (D0 FA 8E) A:10 X:BD Y:00 P:85 S:FD mem:001C4F75 13:35800 tv:0.000001 D0: BNE
lcpuC PC:E9CF (9D 00 0B) A:10 X:BD Y:00 P:85 S:FD mem:001C4F75 13:35797 tv:0.000001 9D: STA abs,x
lcpuC PC:E9D2 (E8 D0 FA) A:10 X:BD Y:00 P:85 S:FD mem:001C4F85 13:35792 tv:0.000000 E8: INX
lcpuC PC:E9D3 (D0 FA 8E) A:10 X:BE Y:00 P:85 S:FD mem:001C4F85 13:35790 tv:0.000000 D0: BNE
lcpuC PC:E9CF (9D 00 0B) A:10 X:BE Y:00 P:85 S:FD mem:001C4F85 13:35787 tv:0.000001 9D: STA abs,x
lcpuC PC:E9D2 (E8 D0 FA) A:10 X:BE Y:00 P:85 S:FD mem:001C4F95 13:35782 tv:0.000001 E8: INX
lcpuC PC:E9D3 (D0 FA 8E) A:10 X:BF Y:00 P:85 S:FD mem:001C4F95 13:35780 tv:0.000000 D0: BNE
lcpuC PC:E9CF (9D 00 0B) A:10 X:BF Y:00 P:85 S:FD mem:001C4F95 13:35777 tv:0.000000 9D: STA abs,x
lcpuC PC:E9D2 (E8 D0 FA) A:10 X:BF Y:00 P:85 S:FD mem:001C4FA5 13:35772 tv:0.000000 E8: INX
lcpuC PC:E9D3 (D0 FA 8E) A:10 X:C0 Y:00 P:85 S:FD mem:001C4FA5 13:35770 tv:0.000000 D0: BNE
lcpuC PC:E9CF (9D 00 0B) A:10 X:C0 Y:00 P:85 S:FD mem:001C4FA5 13:35767 tv:0.000001 9D: STA abs,x
lcpuC PC:E9D2 (E8 D0 FA) A:10 X:C0 Y:00 P:85 S:FD mem:001C4FB5 13:35762 tv:0.000001 E8: INX
lcpuC PC:E9D3 (D0 FA 8E) A:10 X:C1 Y:00 P:85 S:FD mem:001C4FB5 13:35760 tv:0.000001 D0: BNE
lcpuC PC:E9CF (9D 00 0B) A:10 X:C1 Y:00 P:85 S:FD mem:001C4FB5 13:35757 tv:0.000001 9D: STA abs,x
lcpuC PC:E9D2 (E8 D0 FA) A:10 X:C1 Y:00 P:85 S:FD mem:001C4FC5 13:35752 tv:0.000000 E8: INX
lcpuC PC:E9D3 (D0 FA 8E) A:10 X:C2 Y:00 P:85 S:FD mem:001C4FC5 13:35750 tv:0.000000 D0: BNE
lcpuC PC:E9CF (9D 00 0B) A:10 X:C2 Y:00 P:85 S:FD mem:001C4FC5 13:35747 tv:0.000001 9D: STA abs,x
lcpuC PC:E9D2 (E8 D0 FA) A:10 X:C2 Y:00 P:85 S:FD mem:001C4FD5 13:35742 tv:0.000001 E8: INX
lcpuC PC:E9D3 (D0 FA 8E) A:10 X:C3 Y:00 P:85 S:FD mem:001C4FD5 13:35740 tv:0.000001 D0: BNE
lcpuC PC:E9CF (9D 00 0B) A:10 X:C3 Y:00 P:85 S:FD mem:001C4FD5 13:35737 tv:0.000001 9D: STA abs,x
lcpuC PC:E9D2 (E8 D0 FA) A:10 X:C3 Y:00 P:85 S:FD mem:001C4FE5 13:35732 tv:0.000000 E8: INX
lcpuC PC:E9D3 (D0 FA 8E) A:10 X:C4 Y:00 P:85 S:FD mem:001C4FE5 13:35730 tv:0.000001 D0: BNE
lcpuC PC:E9CF (9D 00 0B) A:10 X:C4 Y:00 P:85 S:FD mem:001C4FE5 13:35727 tv:0.000000 9D: STA abs,x
lcpuC PC:E9D2 (E8 D0 FA) A:10 X:C4 Y:00 P:85 S:FD mem:001C4FF5 13:35722 tv:0.000001 E8: INX
lcpuC PC:E9D3 (D0 FA 8E) A:10 X:C5 Y:00 P:85 S:FD mem:001C4FF5 13:35720 tv:0.000000 D0: BNE
lcpuC PC:E9CF (9D 00 0B) A:10 X:C5 Y:00 P:85 S:FD mem:001C4FF5 13:35717 tv:0.000001 9D: STA abs,x
lcpuC PC:E9D2 (E8 D0 FA) A:10 X:C5 Y:00 P:85 S:FD mem:001C5005 13:35712 tv:0.000000 E8: INX
lcpuC PC:E9D3 (D0 FA 8E) A:10 X:C6 Y:00 P:85 S:FD mem:001C5005 13:35710 tv:0.000001 D0: BNE
lcpuC PC:E9CF (9D 00 0B) A:10 X:C6 Y:00 P:85 S:FD mem:001C5005 13:35707 tv:0.000001 9D: STA abs,x
lcpuC PC:E9D2 (E8 D0 FA) A:10 X:C6 Y:00 P:85 S:FD mem:001C5015 13:35702 tv:0.000001 E8: INX
lcpuC PC:E9D3 (D0 FA 8E) A:10 X:C7 Y:00 P:85 S:FD mem:001C5015 13:35700 tv:0.000000 D0: BNE
lcpuC PC:E9CF (9D 00 0B) A:10 X:C7 Y:00 P:85 S:FD mem:001C5015 13:35697 tv:0.000001 9D: STA abs,x
lcpuC PC:E9D2 (E8 D0 FA) A:10 X:C7 Y:00 P:85 S:FD mem:001C5025 13:35692 tv:0.000001 E8: INX
lcpuC PC:E9D3 (D0 FA 8E) A:10 X:C8 Y:00 P:85 S:FD mem:001C5025 13:35690 tv:0.000000 D0: BNE
lcpuC PC:E9CF (9D 00 0B) A:10 X:C8 Y:00 P:85 S:FD mem:001C5025 13:35687 tv:0.000001 9D: STA abs,x
lcpuC PC:E9D2 (E8 D0 FA) A:10 X:C8 Y:00 P:85 S:FD mem:001C5035 13:35682 tv:0.000001 E8: INX
lcpuC PC:E9D3 (D0 FA 8E) A:10 X:C9 Y:00 P:85 S:FD mem:001C5035 13:35680 tv:0.000001 D0: BNE
lcpuC PC:E9CF (9D 00 0B) A:10 X:C9 Y:00 P:85 S:FD mem:001C5035 13:35677 tv:0.000001 9D: STA abs,x
lcpuC PC:E9D2 (E8 D0 FA) A:10 X:C9 Y:00 P:85 S:FD mem:001C5045 13:35672 tv:0.000001 E8: INX
lcpuC PC:E9D3 (D0 FA 8E) A:10 X:CA Y:00 P:85 S:FD mem:001C5045 13:35670 tv:0.000001 D0: BNE
lcpuC PC:E9CF (9D 00 0B) A:10 X:CA Y:00 P:85 S:FD mem:001C5045 13:35667 tv:0.000000 9D: STA abs,x
lcpuC PC:E9D2 (E8 D0 FA) A:10 X:CA Y:00 P:85 S:FD mem:001C5055 13:35662 tv:0.000001 E8: INX
lcpuC PC:E9D3 (D0 FA 8E) A:10 X:CB Y:00 P:85 S:FD mem:001C5055 13:35660 tv:0.000000 D0: BNE
lcpuC PC:E9CF (9D 00 0B) A:10 X:CB Y:00 P:85 S:FD mem:001C5055 13:35657 tv:0.000000 9D: STA abs,x
lcpuC PC:E9D2 (E8 D0 FA) A:10 X:CB Y:00 P:85 S:FD mem:001C5065 13:35652 tv:0.000000 E8: INX
lcpuC PC:E9D3 (D0 FA 8E) A:10 X:CC Y:00 P:85 S:FD mem:001C5065 13:35650 tv:0.000001 D0: BNE
lcpuC PC:E9CF (9D 00 0B) A:10 X:CC Y:00 P:85 S:FD mem:001C5065 13:35647 tv:0.000000 9D: STA abs,x
lcpuC PC:E9D2 (E8 D0 FA) A:10 X:CC Y:00 P:85 S:FD mem:001C5075 13:35642 tv:0.000001 E8: INX
lcpuC PC:E9D3 (D0 FA 8E) A:10 X:CD Y:00 P:85 S:FD mem:001C5075 13:35640 tv:0.000001 D0: BNE
lcpuC PC:E9CF (9D 00 0B) A:10 X:CD Y:00 P:85 S:FD mem:001C5075 13:35637 tv:0.000001 9D: STA abs,x
lcpuC PC:E9D2 (E8 D0 FA) A:10 X:CD Y:00 P:85 S:FD mem:001C5085 13:35632 tv:0.000000 E8: INX
lcpuC PC:E9D3 (D0 FA 8E) A:10 X:CE Y:00 P:85 S:FD mem:001C5085 13:35630 tv:0.000000 D0: BNE
lcpuC PC:E9CF (9D 00 0B) A:10 X:CE Y:00 P:85 S:FD mem:001C5085 13:35627 tv:0.000001 9D: STA abs,x
lcpuC PC:E9D2 (E8 D0 FA) A:10 X:CE Y:00 P:85 S:FD mem:001C5095 13:35622 tv:0.000001 E8: INX
lcpuC PC:E9D3 (D0 FA 8E) A:10 X:CF Y:00 P:85 S:FD mem:001C5095 13:35620 tv:0.000002 D0: BNE
lcpuC PC:E9CF (9D 00 0B) A:10 X:CF Y:00 P:85 S:FD mem:001C5095 13:35617 tv:0.000000 9D: STA abs,x
lcpuC PC:E9D2 (E8 D0 FA) A:10 X:CF Y:00 P:85 S:FD mem:001C50A5 13:35612 tv:0.000001 E8: INX
lcpuC PC:E9D3 (D0 FA 8E) A:10 X:D0 Y:00 P:85 S:FD mem:001C50A5 13:35610 tv:0.000001 D0: BNE
lcpuC PC:E9CF (9D 00 0B) A:10 X:D0 Y:00 P:85 S:FD mem:001C50A5 13:35607 tv:0.000001 9D: STA abs,x
lcpuC PC:E9D2 (E8 D0 FA) A:10 X:D0 Y:00 P:85 S:FD mem:001C50B5 13:35602 tv:0.000001 E8: INX
lcpuC PC:E9D3 (D0 FA 8E) A:10 X:D1 Y:00 P:85 S:FD mem:001C50B5 13:35600 tv:0.000000 D0: BNE
lcpuC PC:E9CF (9D 00 0B) A:10 X:D1 Y:00 P:85 S:FD mem:001C50B5 13:35597 tv:0.000001 9D: STA abs,x
lcpuC PC:E9D2 (E8 D0 FA) A:10 X:D1 Y:00 P:85 S:FD mem:001C50C5 13:35592 tv:0.000001 E8: INX
lcpuC PC:E9D3 (D0 FA 8E) A:10 X:D2 Y:00 P:85 S:FD mem:001C50C5 13:35590 tv:0.000000 D0: BNE
lcpuC PC:E9CF (9D 00 0B) A:10 X:D2 Y:00 P:85 S:FD mem:001C50C5 13:35587 tv:0.000001 9D: STA abs,x
lcpuC PC:E9D2 (E8 D0 FA) A:10 X:D2 Y:00 P:85 S:FD mem:001C50D5 13:35582 tv:0.000001 E8: INX
lcpuC PC:E9D3 (D0 FA 8E) A:10 X:D3 Y:00 P:85 S:FD mem:001C50D5 13:35580 tv:0.000000 D0: BNE
lcpuC PC:E9CF (9D 00 0B) A:10 X:D3 Y:00 P:85 S:FD mem:001C50D5 13:35577 tv:0.000000 9D: STA abs,x
lcpuC PC:E9D2 (E8 D0 FA) A:10 X:D3 Y:00 P:85 S:FD mem:001C50E5 13:35572 tv:0.000000 E8: INX
lcpuC PC:E9D3 (D0 FA 8E) A:10 X:D4 Y:00 P:85 S:FD mem:001C50E5 13:35570 tv:0.000000 D0: BNE
lcpuC PC:E9CF (9D 00 0B) A:10 X:D4 Y:00 P:85 S:FD mem:001C50E5 13:35567 tv:0.000000 9D: STA abs,x
lcpuC PC:E9D2 (E8 D0 FA) A:10 X:D4 Y:00 P:85 S:FD mem:001C50F5 13:35562 tv:0.000001 E8: INX
lcpuC PC:E9D3 (D0 FA 8E) A:10 X:D5 Y:00 P:85 S:FD mem:001C50F5 13:35560 tv:0.000001 D0: BNE
lcpuC PC:E9CF (9D 00 0B) A:10 X:D5 Y:00 P:85 S:FD mem:001C50F5 13:35557 tv:0.000001 9D: STA abs,x
lcpuC PC:E9D2 (E8 D0 FA) A:10 X:D5 Y:00 P:85 S:FD mem:001C5105 13:35552 tv:0.000000 E8: INX
lcpuC PC:E9D3 (D0 FA 8E) A:10 X:D6 Y:00 P:85 S:FD mem:001C5105 13:35550 tv:0.000000 D0: BNE
lcpuC PC:E9CF (9D 00 0B) A:10 X:D6 Y:00 P:85 S:FD mem:001C5105 13:35547 tv:0.000001 9D: STA abs,x
lcpuC PC:E9D2 (E8 D0 FA) A:10 X:D6 Y:00 P:85 S:FD mem:001C5115 13:35542 tv:0.000001 E8: INX
lcpuC PC:E9D3 (D0 FA 8E) A:10 X:D7 Y:00 P:85 S:FD mem:001C5115 13:35540 tv:0.000000 D0: BNE
lcpuC PC:E9CF (9D 00 0B) A:10 X:D7 Y:00 P:85 S:FD mem:001C5115 13:35537 tv:0.000000 9D: STA abs,x
lcpuC PC:E9D2 (E8 D0 FA) A:10 X:D7 Y:00 P:85 S:FD mem:001C5125 13:35532 tv:0.000001 E8: INX
lcpuC PC:E9D3 (D0 FA 8E) A:10 X:D8 Y:00 P:85 S:FD mem:001C5125 13:35530 tv:0.000000 D0: BNE
lcpuC PC:E9CF (9D 00 0B) A:10 X:D8 Y:00 P:85 S:FD mem:001C5125 13:35527 tv:0.000001 9D: STA abs,x
lcpuC PC:E9D2 (E8 D0 FA) A:10 X:D8 Y:00 P:85 S:FD mem:001C5135 13:35522 tv:0.000001 E8: INX
lcpuC PC:E9D3 (D0 FA 8E) A:10 X:D9 Y:00 P:85 S:FD mem:001C5135 13:35520 tv:0.000001 D0: BNE
lcpuC PC:E9CF (9D 00 0B) A:10 X:D9 Y:00 P:85 S:FD mem:001C5135 13:35517 tv:0.000001 9D: STA abs,x
lcpuC PC:E9D2 (E8 D0 FA) A:10 X:D9 Y:00 P:85 S:FD mem:001C5145 13:35512 tv:0.000001 E8: INX
lcpuC PC:E9D3 (D0 FA 8E) A:10 X:DA Y:00 P:85 S:FD mem:001C5145 13:35510 tv:0.000000 D0: BNE
lcpuC PC:E9CF (9D 00 0B) A:10 X:DA Y:00 P:85 S:FD mem:001C5145 13:35507 tv:0.000001 9D: STA abs,x
lcpuC PC:E9D2 (E8 D0 FA) A:10 X:DA Y:00 P:85 S:FD mem:001C5155 13:35502 tv:0.000000 E8: INX
lcpuC PC:E9D3 (D0 FA 8E) A:10 X:DB Y:00 P:85 S:FD mem:001C5155 13:35500 tv:0.000000 D0: BNE
lcpuC PC:E9CF (9D 00 0B) A:10 X:DB Y:00 P:85 S:FD mem:001C5155 13:35497 tv:0.000000 9D: STA abs,x
lcpuC PC:E9D2 (E8 D0 FA) A:10 X:DB Y:00 P:85 S:FD mem:001C5165 13:35492 tv:0.000001 E8: INX
lcpuC PC:E9D3 (D0 FA 8E) A:10 X:DC Y:00 P:85 S:FD mem:001C5165 13:35490 tv:0.000000 D0: BNE
lcpuC PC:E9CF (9D 00 0B) A:10 X:DC Y:00 P:85 S:FD mem:001C5165 13:35487 tv:0.000001 9D: STA abs,x
lcpuC PC:E9D2 (E8 D0 FA) A:10 X:DC Y:00 P:85 S:FD mem:001C5175 13:35482 tv:0.000001 E8: INX
lcpuC PC:E9D3 (D0 FA 8E) A:10 X:DD Y:00 P:85 S:FD mem:001C5175 13:35480 tv:0.000000 D0: BNE
lcpuC PC:E9CF (9D 00 0B) A:10 X:DD Y:00 P:85 S:FD mem:001C5175 13:35477 tv:0.000001 9D: STA abs,x
lcpuC PC:E9D2 (E8 D0 FA) A:10 X:DD Y:00 P:85 S:FD mem:001C5185 13:35472 tv:0.000000 E8: INX
lcpuC PC:E9D3 (D0 FA 8E) A:10 X:DE Y:00 P:85 S:FD mem:001C5185 13:35470 tv:0.000000 D0: BNE
lcpuC PC:E9CF (9D 00 0B) A:10 X:DE Y:00 P:85 S:FD mem:001C5185 13:35467 tv:0.000000 9D: STA abs,x
lcpuC PC:E9D2 (E8 D0 FA) A:10 X:DE Y:00 P:85 S:FD mem:001C5195 13:35462 tv:0.000001 E8: INX
lcpuC PC:E9D3 (D0 FA 8E) A:10 X:DF Y:00 P:85 S:FD mem:001C5195 13:35460 tv:0.000001 D0: BNE
lcpuC PC:E9CF (9D 00 0B) A:10 X:DF Y:00 P:85 S:FD mem:001C5195 13:35457 tv:0.000001 9D: STA abs,x
lcpuC PC:E9D2 (E8 D0 FA) A:10 X:DF Y:00 P:85 S:FD mem:001C51A5 13:35452 tv:0.000000 E8: INX
lcpuC PC:E9D3 (D0 FA 8E) A:10 X:E0 Y:00 P:85 S:FD mem:001C51A5 13:35450 tv:0.000001 D0: BNE
lcpuC PC:E9CF (9D 00 0B) A:10 X:E0 Y:00 P:85 S:FD mem:001C51A5 13:35447 tv:0.000001 9D: STA abs,x
lcpuC PC:E9D2 (E8 D0 FA) A:10 X:E0 Y:00 P:85 S:FD mem:001C51B5 13:35442 tv:0.000001 E8: INX
lcpuC PC:E9D3 (D0 FA 8E) A:10 X:E1 Y:00 P:85 S:FD mem:001C51B5 13:35440 tv:0.000000 D0: BNE
lcpuC PC:E9CF (9D 00 0B) A:10 X:E1 Y:00 P:85 S:FD mem:001C51B5 13:35437 tv:0.000001 9D: STA abs,x
lcpuC PC:E9D2 (E8 D0 FA) A:10 X:E1 Y:00 P:85 S:FD mem:001C51C5 13:35432 tv:0.000000 E8: INX
lcpuC PC:E9D3 (D0 FA 8E) A:10 X:E2 Y:00 P:85 S:FD mem:001C51C5 13:35430 tv:0.000000 D0: BNE
lcpuC PC:E9CF (9D 00 0B) A:10 X:E2 Y:00 P:85 S:FD mem:001C51C5 13:35427 tv:0.000000 9D: STA abs,x
lcpuC PC:E9D2 (E8 D0 FA) A:10 X:E2 Y:00 P:85 S:FD mem:001C51D5 13:35422 tv:0.000001 E8: INX
lcpuC PC:E9D3 (D0 FA 8E) A:10 X:E3 Y:00 P:85 S:FD mem:001C51D5 13:35420 tv:0.000001 D0: BNE
lcpuC PC:E9CF (9D 00 0B) A:10 X:E3 Y:00 P:85 S:FD mem:001C51D5 13:35417 tv:0.000000 9D: STA abs,x
lcpuC PC:E9D2 (E8 D0 FA) A:10 X:E3 Y:00 P:85 S:FD mem:001C51E5 13:35412 tv:0.000001 E8: INX
lcpuC PC:E9D3 (D0 FA 8E) A:10 X:E4 Y:00 P:85 S:FD mem:001C51E5 13:35410 tv:0.000001 D0: BNE
lcpuC PC:E9CF (9D 00 0B) A:10 X:E4 Y:00 P:85 S:FD mem:001C51E5 13:35407 tv:0.000001 9D: STA abs,x
lcpuC PC:E9D2 (E8 D0 FA) A:10 X:E4 Y:00 P:85 S:FD mem:001C51F5 13:35402 tv:0.000001 E8: INX
lcpuC PC:E9D3 (D0 FA 8E) A:10 X:E5 Y:00 P:85 S:FD mem:001C51F5 13:35400 tv:0.000001 D0: BNE
lcpuC PC:E9CF (9D 00 0B) A:10 X:E5 Y:00 P:85 S:FD mem:001C51F5 13:35397 tv:0.000001 9D: STA abs,x
lcpuC PC:E9D2 (E8 D0 FA) A:10 X:E5 Y:00 P:85 S:FD mem:001C5205 13:35392 tv:0.000001 E8: INX
lcpuC PC:E9D3 (D0 FA 8E) A:10 X:E6 Y:00 P:85 S:FD mem:001C5205 13:35390 tv:0.000001 D0: BNE
lcpuC PC:E9CF (9D 00 0B) A:10 X:E6 Y:00 P:85 S:FD mem:001C5205 13:35387 tv:0.000001 9D: STA abs,x
lcpuC PC:E9D2 (E8 D0 FA) A:10 X:E6 Y:00 P:85 S:FD mem:001C5215 13:35382 tv:0.000000 E8: INX
lcpuC PC:E9D3 (D0 FA 8E) A:10 X:E7 Y:00 P:85 S:FD mem:001C5215 13:35380 tv:0.000000 D0: BNE
lcpuC PC:E9CF (9D 00 0B) A:10 X:E7 Y:00 P:85 S:FD mem:001C5215 13:35377 tv:0.000001 9D: STA abs,x
lcpuC PC:E9D2 (E8 D0 FA) A:10 X:E7 Y:00 P:85 S:FD mem:001C5225 13:35372 tv:0.000000 E8: INX
lcpuC PC:E9D3 (D0 FA 8E) A:10 X:E8 Y:00 P:85 S:FD mem:001C5225 13:35370 tv:0.000001 D0: BNE
lcpuC PC:E9CF (9D 00 0B) A:10 X:E8 Y:00 P:85 S:FD mem:001C5225 13:35367 tv:0.000001 9D: STA abs,x
lcpuC PC:E9D2 (E8 D0 FA) A:10 X:E8 Y:00 P:85 S:FD mem:001C5235 13:35362 tv:0.000001 E8: INX
lcpuC PC:E9D3 (D0 FA 8E) A:10 X:E9 Y:00 P:85 S:FD mem:001C5235 13:35360 tv:0.000000 D0: BNE
lcpuC PC:E9CF (9D 00 0B) A:10 X:E9 Y:00 P:85 S:FD mem:001C5235 13:35357 tv:0.000001 9D: STA abs,x
lcpuC PC:E9D2 (E8 D0 FA) A:10 X:E9 Y:00 P:85 S:FD mem:001C5245 13:35352 tv:0.000000 E8: INX
lcpuC PC:E9D3 (D0 FA 8E) A:10 X:EA Y:00 P:85 S:FD mem:001C5245 13:35350 tv:0.000000 D0: BNE
lcpuC PC:E9CF (9D 00 0B) A:10 X:EA Y:00 P:85 S:FD mem:001C5245 13:35347 tv:0.000000 9D: STA abs,x
lcpuC PC:E9D2 (E8 D0 FA) A:10 X:EA Y:00 P:85 S:FD mem:001C5255 13:35342 tv:0.000001 E8: INX
lcpuC PC:E9D3 (D0 FA 8E) A:10 X:EB Y:00 P:85 S:FD mem:001C5255 13:35340 tv:0.000000 D0: BNE
lcpuC PC:E9CF (9D 00 0B) A:10 X:EB Y:00 P:85 S:FD mem:001C5255 13:35337 tv:0.000000 9D: STA abs,x
lcpuC PC:E9D2 (E8 D0 FA) A:10 X:EB Y:00 P:85 S:FD mem:001C5265 13:35332 tv:0.000001 E8: INX
lcpuC PC:E9D3 (D0 FA 8E) A:10 X:EC Y:00 P:85 S:FD mem:001C5265 13:35330 tv:0.000001 D0: BNE
lcpuC PC:E9CF (9D 00 0B) A:10 X:EC Y:00 P:85 S:FD mem:001C5265 13:35327 tv:0.000001 9D: STA abs,x
lcpuC PC:E9D2 (E8 D0 FA) A:10 X:EC Y:00 P:85 S:FD mem:001C5275 13:35322 tv:0.000001 E8: INX
lcpuC PC:E9D3 (D0 FA 8E) A:10 X:ED Y:00 P:85 S:FD mem:001C5275 13:35320 tv:0.000000 D0: BNE
lcpuC PC:E9CF (9D 00 0B) A:10 X:ED Y:00 P:85 S:FD mem:001C5275 13:35317 tv:0.000000 9D: STA abs,x
lcpuC PC:E9D2 (E8 D0 FA) A:10 X:ED Y:00 P:85 S:FD mem:001C5285 13:35312 tv:0.000001 E8: INX
lcpuC PC:E9D3 (D0 FA 8E) A:10 X:EE Y:00 P:85 S:FD mem:001C5285 13:35310 tv:0.000000 D0: BNE
lcpuC PC:E9CF (9D 00 0B) A:10 X:EE Y:00 P:85 S:FD mem:001C5285 13:35307 tv:0.000000 9D: STA abs,x
lcpuC PC:E9D2 (E8 D0 FA) A:10 X:EE Y:00 P:85 S:FD mem:001C5295 13:35302 tv:0.000001 E8: INX
lcpuC PC:E9D3 (D0 FA 8E) A:10 X:EF Y:00 P:85 S:FD mem:001C5295 13:35300 tv:0.000000 D0: BNE
lcpuC PC:E9CF (9D 00 0B) A:10 X:EF Y:00 P:85 S:FD mem:001C5295 13:35297 tv:0.000001 9D: STA abs,x
lcpuC PC:E9D2 (E8 D0 FA) A:10 X:EF Y:00 P:85 S:FD mem:001C52A5 13:35292 tv:0.000000 E8: INX
lcpuC PC:E9D3 (D0 FA 8E) A:10 X:F0 Y:00 P:85 S:FD mem:001C52A5 13:35290 tv:0.000001 D0: BNE
lcpuC PC:E9CF (9D 00 0B) A:10 X:F0 Y:00 P:85 S:FD mem:001C52A5 13:35287 tv:0.000001 9D: STA abs,x
lcpuC PC:E9D2 (E8 D0 FA) A:10 X:F0 Y:00 P:85 S:FD mem:001C52B5 13:35282 tv:0.000001 E8: INX
lcpuC PC:E9D3 (D0 FA 8E) A:10 X:F1 Y:00 P:85 S:FD mem:001C52B5 13:35280 tv:0.000000 D0: BNE
lcpuC PC:E9CF (9D 00 0B) A:10 X:F1 Y:00 P:85 S:FD mem:001C52B5 13:35277 tv:0.000001 9D: STA abs,x
lcpuC PC:E9D2 (E8 D0 FA) A:10 X:F1 Y:00 P:85 S:FD mem:001C52C5 13:35272 tv:0.000000 E8: INX
lcpuC PC:E9D3 (D0 FA 8E) A:10 X:F2 Y:00 P:85 S:FD mem:001C52C5 13:35270 tv:0.000000 D0: BNE
lcpuC PC:E9CF (9D 00 0B) A:10 X:F2 Y:00 P:85 S:FD mem:001C52C5 13:35267 tv:0.000001 9D: STA abs,x
lcpuC PC:E9D2 (E8 D0 FA) A:10 X:F2 Y:00 P:85 S:FD mem:001C52D5 13:35262 tv:0.000001 E8: INX
lcpuC PC:E9D3 (D0 FA 8E) A:10 X:F3 Y:00 P:85 S:FD mem:001C52D5 13:35260 tv:0.000000 D0: BNE
lcpuC PC:E9CF (9D 00 0B) A:10 X:F3 Y:00 P:85 S:FD mem:001C52D5 13:35257 tv:0.000001 9D: STA abs,x
lcpuC PC:E9D2 (E8 D0 FA) A:10 X:F3 Y:00 P:85 S:FD mem:001C52E5 13:35252 tv:0.000001 E8: INX
lcpuC PC:E9D3 (D0 FA 8E) A:10 X:F4 Y:00 P:85 S:FD mem:001C52E5 13:35250 tv:0.000000 D0: BNE
lcpuC PC:E9CF (9D 00 0B) A:10 X:F4 Y:00 P:85 S:FD mem:001C52E5 13:35247 tv:0.000000 9D: STA abs,x
lcpuC PC:E9D2 (E8 D0 FA) A:10 X:F4 Y:00 P:85 S:FD mem:001C52F5 13:35242 tv:0.000001 E8: INX
lcpuC PC:E9D3 (D0 FA 8E) A:10 X:F5 Y:00 P:85 S:FD mem:001C52F5 13:35240 tv:0.000001 D0: BNE
lcpuC PC:E9CF (9D 00 0B) A:10 X:F5 Y:00 P:85 S:FD mem:001C52F5 13:35237 tv:0.000000 9D: STA abs,x
lcpuC PC:E9D2 (E8 D0 FA) A:10 X:F5 Y:00 P:85 S:FD mem:001C5305 13:35232 tv:0.000001 E8: INX
lcpuC PC:E9D3 (D0 FA 8E) A:10 X:F6 Y:00 P:85 S:FD mem:001C5305 13:35230 tv:0.000001 D0: BNE
lcpuC PC:E9CF (9D 00 0B) A:10 X:F6 Y:00 P:85 S:FD mem:001C5305 13:35227 tv:0.000001 9D: STA abs,x
lcpuC PC:E9D2 (E8 D0 FA) A:10 X:F6 Y:00 P:85 S:FD mem:001C5315 13:35222 tv:0.000001 E8: INX
lcpuC PC:E9D3 (D0 FA 8E) A:10 X:F7 Y:00 P:85 S:FD mem:001C5315 13:35220 tv:0.000001 D0: BNE
lcpuC PC:E9CF (9D 00 0B) A:10 X:F7 Y:00 P:85 S:FD mem:001C5315 13:35217 tv:0.000000 9D: STA abs,x
lcpuC PC:E9D2 (E8 D0 FA) A:10 X:F7 Y:00 P:85 S:FD mem:001C5325 13:35212 tv:0.000001 E8: INX
lcpuC PC:E9D3 (D0 FA 8E) A:10 X:F8 Y:00 P:85 S:FD mem:001C5325 13:35210 tv:0.000000 D0: BNE
lcpuC PC:E9CF (9D 00 0B) A:10 X:F8 Y:00 P:85 S:FD mem:001C5325 13:35207 tv:0.000001 9D: STA abs,x
lcpuC PC:E9D2 (E8 D0 FA) A:10 X:F8 Y:00 P:85 S:FD mem:001C5335 13:35202 tv:0.000000 E8: INX
lcpuC PC:E9D3 (D0 FA 8E) A:10 X:F9 Y:00 P:85 S:FD mem:001C5335 13:35200 tv:0.000000 D0: BNE
lcpuC PC:E9CF (9D 00 0B) A:10 X:F9 Y:00 P:85 S:FD mem:001C5335 13:35197 tv:0.000001 9D: STA abs,x
lcpuC PC:E9D2 (E8 D0 FA) A:10 X:F9 Y:00 P:85 S:FD mem:001C5345 13:35192 tv:0.000001 E8: INX
lcpuC PC:E9D3 (D0 FA 8E) A:10 X:FA Y:00 P:85 S:FD mem:001C5345 13:35190 tv:0.000000 D0: BNE
lcpuC PC:E9CF (9D 00 0B) A:10 X:FA Y:00 P:85 S:FD mem:001C5345 13:35187 tv:0.000000 9D: STA abs,x
lcpuC PC:E9D2 (E8 D0 FA) A:10 X:FA Y:00 P:85 S:FD mem:001C5355 13:35182 tv:0.000000 E8: INX
lcpuC PC:E9D3 (D0 FA 8E) A:10 X:FB Y:00 P:85 S:FD mem:001C5355 13:35180 tv:0.000001 D0: BNE
lcpuC PC:E9CF (9D 00 0B) A:10 X:FB Y:00 P:85 S:FD mem:001C5355 13:35177 tv:0.000000 9D: STA abs,x
lcpuC PC:E9D2 (E8 D0 FA) A:10 X:FB Y:00 P:85 S:FD mem:001C5365 13:35172 tv:0.000001 E8: INX
lcpuC PC:E9D3 (D0 FA 8E) A:10 X:FC Y:00 P:85 S:FD mem:001C5365 13:35170 tv:0.000001 D0: BNE
lcpuC PC:E9CF (9D 00 0B) A:10 X:FC Y:00 P:85 S:FD mem:001C5365 13:35167 tv:0.000001 9D: STA abs,x
lcpuC PC:E9D2 (E8 D0 FA) A:10 X:FC Y:00 P:85 S:FD mem:001C5375 13:35162 tv:0.000001 E8: INX
lcpuC PC:E9D3 (D0 FA 8E) A:10 X:FD Y:00 P:85 S:FD mem:001C5375 13:35160 tv:0.000001 D0: BNE
lcpuC PC:E9CF (9D 00 0B) A:10 X:FD Y:00 P:85 S:FD mem:001C5375 13:35157 tv:0.000001 9D: STA abs,x
lcpuC PC:E9D2 (E8 D0 FA) A:10 X:FD Y:00 P:85 S:FD mem:001C5385 13:35152 tv:0.000001 E8: INX
lcpuC PC:E9D3 (D0 FA 8E) A:10 X:FE Y:00 P:85 S:FD mem:001C5385 13:35150 tv:0.000000 D0: BNE
lcpuC PC:E9CF (9D 00 0B) A:10 X:FE Y:00 P:85 S:FD mem:001C5385 13:35147 tv:0.000001 9D: STA abs,x
lcpuC PC:E9D2 (E8 D0 FA) A:10 X:FE Y:00 P:85 S:FD mem:001C5395 13:35142 tv:0.000000 E8: INX
lcpuC PC:E9D3 (D0 FA 8E) A:10 X:FF Y:00 P:85 S:FD mem:001C5395 13:35140 tv:0.000001 D0: BNE
lcpuC PC:E9CF (9D 00 0B) A:10 X:FF Y:00 P:85 S:FD mem:001C5395 13:35137 tv:0.000001 9D: STA abs,x
lcpuC PC:E9D2 (E8 D0 FA) A:10 X:FF Y:00 P:85 S:FD mem:001C53A5 13:35132 tv:0.000000 E8: INX
lcpuC PC:E9D3 (D0 FA 8E) A:10 X:00 Y:00 P:07 S:FD mem:001C53A5 13:35130 tv:0.000001 D0: BNE
lcpuC PC:E9D5 (8E 84 02) A:10 X:00 Y:00 P:07 S:FD mem:001C53A5 13:35128 tv:0.000000 8E: STX abs
lcpuC PC:E9D8 (60 08 78) A:10 X:00 Y:00 P:07 S:FD mem:001C5395 13:35124 tv:0.000000 60: RTS
lcpuC PC:DABD (20 16 DC) A:10 X:00 Y:00 P:07 S:FF mem:001C5395 13:35118 tv:0.000001 20: JSR
lcpuC PC:DC16 (86 F4 8E) A:10 X:00 Y:00 P:07 S:FD mem:001C5398 13:35112 tv:0.000001 86: STX zp
lcpuC PC:DC18 (8E 30 FE) A:10 X:00 Y:00 P:07 S:FD mem:001C5398 13:35109 tv:0.000001 8E: STX abs
here! 0x000000 0x00dc1b 0xe6fa3010 0xcdde0ebc tv:0.000000 (cycle 35109  pc ~DC18
writemem_ex! addr=FE30 val=00
lcpuC PC:DC1B (60 85 FC) A:10 X:00 Y:00 P:07 S:FD mem:001C5398 13:35105 tv:0.000007 60: RTS
lcpuC PC:DAC0 (A2 03 AC) A:10 X:00 Y:00 P:07 S:FF mem:001C5398 13:35099 tv:0.000001 A2: LDX imm
lcpuC PC:DAC2 (AC 07 80) A:10 X:03 Y:00 P:05 S:FF mem:001C5398 13:35097 tv:0.000001 AC: LDY abs
lcpuC PC:DAC5 (B9 00 80) A:10 X:03 Y:00 P:07 S:FF mem:001C5398 13:35093 tv:0.000001 B9: LDA abs,y
lcpuC PC:DAC8 (DD 0C DF) A:00 X:03 Y:00 P:07 S:FF mem:001C5398 13:35089 tv:0.000000 DD: CMP abs,x
lcpuC PC:DACB (D0 2E C8) A:00 X:03 Y:00 P:07 S:FF mem:001C5398 13:35085 tv:0.000000 D0: BNE
lcpuC PC:DACD (C8 CA 10) A:00 X:03 Y:00 P:07 S:FF mem:001C5398 13:35083 tv:0.000001 C8: INY
lcpuC PC:DACE (CA 10 F4) A:00 X:03 Y:01 P:05 S:FF mem:001C5398 13:35081 tv:0.000000 CA: DEX
lcpuC PC:DACF (10 F4 A6) A:00 X:02 Y:01 P:05 S:FF mem:001C5398 13:35079 tv:0.000001 10: BPL
lcpuC PC:DAC5 (B9 00 80) A:00 X:02 Y:01 P:05 S:FF mem:001C5398 13:35076 tv:0.000000 B9: LDA abs,y
lcpuC PC:DAC8 (DD 0C DF) A:00 X:02 Y:01 P:07 S:FF mem:001C5398 13:35072 tv:0.000000 DD: CMP abs,x
lcpuC PC:DACB (D0 2E C8) A:00 X:02 Y:01 P:84 S:FF mem:001C5398 13:35068 tv:0.000001 D0: BNE
lcpuC PC:DAFB (A6 F4 10) A:00 X:02 Y:01 P:84 S:FF mem:001C5398 13:35065 tv:0.000000 A6: LDX zp
lcpuC PC:DAFD (10 0D AD) A:00 X:00 Y:01 P:06 S:FF mem:001C5398 13:35062 tv:0.000001 10: BPL
lcpuC PC:DB0C (E8 E0 10) A:00 X:00 Y:01 P:06 S:FF mem:001C5398 13:35059 tv:0.000001 E8: INX
lcpuC PC:DB0D (E0 10 90) A:00 X:01 Y:01 P:04 S:FF mem:001C5398 13:35057 tv:0.000000 E0: CPX imm
lcpuC PC:DB0F (90 AC 2C) A:00 X:01 Y:01 P:84 S:FF mem:001C5398 13:35055 tv:0.000001 90: BCC
lcpuC PC:DABD (20 16 DC) A:00 X:01 Y:01 P:84 S:FF mem:001C5398 13:35052 tv:0.000000 20: JSR
lcpuC PC:DC16 (86 F4 8E) A:00 X:01 Y:01 P:84 S:FD mem:001C5398 13:35046 tv:0.000001 86: STX zp
lcpuC PC:DC18 (8E 30 FE) A:00 X:01 Y:01 P:84 S:FD mem:001C5399 13:35043 tv:0.000001 8E: STX abs
here! 0x000001 0x00dc1b 0xe6fa3010 0xcdde0ebc tv:0.000000 (cycle 35043  pc ~DC18
writemem_ex! addr=FE30 val=01
lcpuC PC:DC1B (60 85 FC) A:00 X:01 Y:01 P:84 S:FD mem:001C5399 13:35039 tv:0.000081 60: RTS
lcpuC PC:DAC0 (A2 03 AC) A:00 X:01 Y:01 P:84 S:FF mem:001C5399 13:35033 tv:0.000001 A2: LDX imm
lcpuC PC:DAC2 (AC 07 80) A:00 X:03 Y:01 P:04 S:FF mem:001C5399 13:35031 tv:0.000000 AC: LDY abs
lcpuC PC:DAC5 (B9 00 80) A:00 X:03 Y:00 P:06 S:FF mem:001C5399 13:35027 tv:0.000000 B9: LDA abs,y
lcpuC PC:DAC8 (DD 0C DF) A:00 X:03 Y:00 P:06 S:FF mem:001C5399 13:35023 tv:0.000001 DD: CMP abs,x
lcpuC PC:DACB (D0 2E C8) A:00 X:03 Y:00 P:07 S:FF mem:001C5399 13:35019 tv:0.000001 D0: BNE
lcpuC PC:DACD (C8 CA 10) A:00 X:03 Y:00 P:07 S:FF mem:001C5399 13:35017 tv:0.000001 C8: INY
lcpuC PC:DACE (CA 10 F4) A:00 X:03 Y:01 P:05 S:FF mem:001C5399 13:35015 tv:0.000001 CA: DEX
lcpuC PC:DACF (10 F4 A6) A:00 X:02 Y:01 P:05 S:FF mem:001C5399 13:35013 tv:0.000001 10: BPL
lcpuC PC:DAC5 (B9 00 80) A:00 X:02 Y:01 P:05 S:FF mem:001C5399 13:35010 tv:0.000001 B9: LDA abs,y
lcpuC PC:DAC8 (DD 0C DF) A:00 X:02 Y:01 P:07 S:FF mem:001C5399 13:35006 tv:0.000000 DD: CMP abs,x
lcpuC PC:DACB (D0 2E C8) A:00 X:02 Y:01 P:84 S:FF mem:001C5399 13:35002 tv:0.000001 D0: BNE
lcpuC PC:DAFB (A6 F4 10) A:00 X:02 Y:01 P:84 S:FF mem:001C5399 13:34999 tv:0.000000 A6: LDX zp
lcpuC PC:DAFD (10 0D AD) A:00 X:01 Y:01 P:04 S:FF mem:001C5399 13:34996 tv:0.000001 10: BPL
lcpuC PC:DB0C (E8 E0 10) A:00 X:01 Y:01 P:04 S:FF mem:001C5399 13:34993 tv:0.000001 E8: INX
lcpuC PC:DB0D (E0 10 90) A:00 X:02 Y:01 P:04 S:FF mem:001C5399 13:34991 tv:0.000000 E0: CPX imm
lcpuC PC:DB0F (90 AC 2C) A:00 X:02 Y:01 P:84 S:FF mem:001C5399 13:34989 tv:0.000000 90: BCC
lcpuC PC:DABD (20 16 DC) A:00 X:02 Y:01 P:84 S:FF mem:001C5399 13:34986 tv:0.000001 20: JSR
lcpuC PC:DC16 (86 F4 8E) A:00 X:02 Y:01 P:84 S:FD mem:001C5399 13:34980 tv:0.000001 86: STX zp
lcpuC PC:DC18 (8E 30 FE) A:00 X:02 Y:01 P:84 S:FD mem:001C539A 13:34977 tv:0.000001 8E: STX abs
here! 0x000002 0x00dc1b 0xe6fa3010 0xcdde0ebc tv:0.000000 (cycle 34977  pc ~DC18
writemem_ex! addr=FE30 val=02
lcpuC PC:DC1B (60 85 FC) A:00 X:02 Y:01 P:84 S:FD mem:001C539A 13:34973 tv:0.000039 60: RTS
lcpuC PC:DAC0 (A2 03 AC) A:00 X:02 Y:01 P:84 S:FF mem:001C539A 13:34967 tv:0.000001 A2: LDX imm
lcpuC PC:DAC2 (AC 07 80) A:00 X:03 Y:01 P:04 S:FF mem:001C539A 13:34965 tv:0.000000 AC: LDY abs
lcpuC PC:DAC5 (B9 00 80) A:00 X:03 Y:00 P:06 S:FF mem:001C539A 13:34961 tv:0.000001 B9: LDA abs,y
lcpuC PC:DAC8 (DD 0C DF) A:00 X:03 Y:00 P:06 S:FF mem:001C539A 13:34957 tv:0.000001 DD: CMP abs,x
lcpuC PC:DACB (D0 2E C8) A:00 X:03 Y:00 P:07 S:FF mem:001C539A 13:34953 tv:0.000001 D0: BNE
lcpuC PC:DACD (C8 CA 10) A:00 X:03 Y:00 P:07 S:FF mem:001C539A 13:34951 tv:0.000001 C8: INY
lcpuC PC:DACE (CA 10 F4) A:00 X:03 Y:01 P:05 S:FF mem:001C539A 13:34949 tv:0.000001 CA: DEX
lcpuC PC:DACF (10 F4 A6) A:00 X:02 Y:01 P:05 S:FF mem:001C539A 13:34947 tv:0.000000 10: BPL
lcpuC PC:DAC5 (B9 00 80) A:00 X:02 Y:01 P:05 S:FF mem:001C539A 13:34944 tv:0.000000 B9: LDA abs,y
lcpuC PC:DAC8 (DD 0C DF) A:00 X:02 Y:01 P:07 S:FF mem:001C539A 13:34940 tv:0.000001 DD: CMP abs,x
lcpuC PC:DACB (D0 2E C8) A:00 X:02 Y:01 P:84 S:FF mem:001C539A 13:34936 tv:0.000001 D0: BNE
lcpuC PC:DAFB (A6 F4 10) A:00 X:02 Y:01 P:84 S:FF mem:001C539A 13:34933 tv:0.000001 A6: LDX zp
lcpuC PC:DAFD (10 0D AD) A:00 X:02 Y:01 P:04 S:FF mem:001C539A 13:34930 tv:0.000000 10: BPL
lcpuC PC:DB0C (E8 E0 10) A:00 X:02 Y:01 P:04 S:FF mem:001C539A 13:34927 tv:0.000000 E8: INX
lcpuC PC:DB0D (E0 10 90) A:00 X:03 Y:01 P:04 S:FF mem:001C539A 13:34925 tv:0.000000 E0: CPX imm
lcpuC PC:DB0F (90 AC 2C) A:00 X:03 Y:01 P:84 S:FF mem:001C539A 13:34923 tv:0.000000 90: BCC
lcpuC PC:DABD (20 16 DC) A:00 X:03 Y:01 P:84 S:FF mem:001C539A 13:34920 tv:0.000001 20: JSR
lcpuC PC:DC16 (86 F4 8E) A:00 X:03 Y:01 P:84 S:FD mem:001C539A 13:34914 tv:0.000000 86: STX zp
lcpuC PC:DC18 (8E 30 FE) A:00 X:03 Y:01 P:84 S:FD mem:001C539B 13:34911 tv:0.000001 8E: STX abs
here! 0x000003 0x00dc1b 0xe6fa3010 0xcdde0ebc tv:0.000001 (cycle 34911  pc ~DC18
writemem_ex! addr=FE30 val=03
lcpuC PC:DC1B (60 85 FC) A:00 X:03 Y:01 P:84 S:FD mem:001C539B 13:34907 tv:0.000037 60: RTS
lcpuC PC:DAC0 (A2 03 AC) A:00 X:03 Y:01 P:84 S:FF mem:001C539B 13:34901 tv:0.000001 A2: LDX imm
lcpuC PC:DAC2 (AC 07 80) A:00 X:03 Y:01 P:04 S:FF mem:001C539B 13:34899 tv:0.000001 AC: LDY abs
lcpuC PC:DAC5 (B9 00 80) A:00 X:03 Y:00 P:06 S:FF mem:001C539B 13:34895 tv:0.000001 B9: LDA abs,y
lcpuC PC:DAC8 (DD 0C DF) A:00 X:03 Y:00 P:06 S:FF mem:001C539B 13:34891 tv:0.000001 DD: CMP abs,x
lcpuC PC:DACB (D0 2E C8) A:00 X:03 Y:00 P:07 S:FF mem:001C539B 13:34887 tv:0.000001 D0: BNE
lcpuC PC:DACD (C8 CA 10) A:00 X:03 Y:00 P:07 S:FF mem:001C539B 13:34885 tv:0.000001 C8: INY
lcpuC PC:DACE (CA 10 F4) A:00 X:03 Y:01 P:05 S:FF mem:001C539B 13:34883 tv:0.000001 CA: DEX
lcpuC PC:DACF (10 F4 A6) A:00 X:02 Y:01 P:05 S:FF mem:001C539B 13:34881 tv:0.000001 10: BPL
lcpuC PC:DAC5 (B9 00 80) A:00 X:02 Y:01 P:05 S:FF mem:001C539B 13:34878 tv:0.000000 B9: LDA abs,y
lcpuC PC:DAC8 (DD 0C DF) A:00 X:02 Y:01 P:07 S:FF mem:001C539B 13:34874 tv:0.000001 DD: CMP abs,x
lcpuC PC:DACB (D0 2E C8) A:00 X:02 Y:01 P:84 S:FF mem:001C539B 13:34870 tv:0.000000 D0: BNE
lcpuC PC:DAFB (A6 F4 10) A:00 X:02 Y:01 P:84 S:FF mem:001C539B 13:34867 tv:0.000001 A6: LDX zp
lcpuC PC:DAFD (10 0D AD) A:00 X:03 Y:01 P:04 S:FF mem:001C539B 13:34864 tv:0.000001 10: BPL
lcpuC PC:DB0C (E8 E0 10) A:00 X:03 Y:01 P:04 S:FF mem:001C539B 13:34861 tv:0.000001 E8: INX
lcpuC PC:DB0D (E0 10 90) A:00 X:04 Y:01 P:04 S:FF mem:001C539B 13:34859 tv:0.000001 E0: CPX imm
lcpuC PC:DB0F (90 AC 2C) A:00 X:04 Y:01 P:84 S:FF mem:001C539B 13:34857 tv:0.000001 90: BCC
lcpuC PC:DABD (20 16 DC) A:00 X:04 Y:01 P:84 S:FF mem:001C539B 13:34854 tv:0.000000 20: JSR
lcpuC PC:DC16 (86 F4 8E) A:00 X:04 Y:01 P:84 S:FD mem:001C539B 13:34848 tv:0.000000 86: STX zp
lcpuC PC:DC18 (8E 30 FE) A:00 X:04 Y:01 P:84 S:FD mem:001C539C 13:34845 tv:0.000001 8E: STX abs
here! 0x000004 0x00dc1b 0xe6fa3010 0xcdde0ebc tv:0.000000 (cycle 34845  pc ~DC18
writemem_ex! addr=FE30 val=04
lcpuC PC:DC1B (60 85 FC) A:00 X:04 Y:01 P:84 S:FD mem:001C539C 13:34841 tv:0.000036 60: RTS
lcpuC PC:DAC0 (A2 03 AC) A:00 X:04 Y:01 P:84 S:FF mem:001C539C 13:34835 tv:0.000001 A2: LDX imm
lcpuC PC:DAC2 (AC 07 80) A:00 X:03 Y:01 P:04 S:FF mem:001C539C 13:34833 tv:0.000001 AC: LDY abs
lcpuC PC:DAC5 (B9 00 80) A:00 X:03 Y:00 P:06 S:FF mem:001C539C 13:34829 tv:0.000001 B9: LDA abs,y
lcpuC PC:DAC8 (DD 0C DF) A:00 X:03 Y:00 P:06 S:FF mem:001C539C 13:34825 tv:0.000000 DD: CMP abs,x
lcpuC PC:DACB (D0 2E C8) A:00 X:03 Y:00 P:07 S:FF mem:001C539C 13:34821 tv:0.000000 D0: BNE
lcpuC PC:DACD (C8 CA 10) A:00 X:03 Y:00 P:07 S:FF mem:001C539C 13:34819 tv:0.000001 C8: INY
lcpuC PC:DACE (CA 10 F4) A:00 X:03 Y:01 P:05 S:FF mem:001C539C 13:34817 tv:0.000001 CA: DEX
lcpuC PC:DACF (10 F4 A6) A:00 X:02 Y:01 P:05 S:FF mem:001C539C 13:34815 tv:0.000000 10: BPL
lcpuC PC:DAC5 (B9 00 80) A:00 X:02 Y:01 P:05 S:FF mem:001C539C 13:34812 tv:0.000000 B9: LDA abs,y
lcpuC PC:DAC8 (DD 0C DF) A:00 X:02 Y:01 P:07 S:FF mem:001C539C 13:34808 tv:0.000001 DD: CMP abs,x
lcpuC PC:DACB (D0 2E C8) A:00 X:02 Y:01 P:84 S:FF mem:001C539C 13:34804 tv:0.000000 D0: BNE
lcpuC PC:DAFB (A6 F4 10) A:00 X:02 Y:01 P:84 S:FF mem:001C539C 13:34801 tv:0.000000 A6: LDX zp
lcpuC PC:DAFD (10 0D AD) A:00 X:04 Y:01 P:04 S:FF mem:001C539C 13:34798 tv:0.000000 10: BPL
lcpuC PC:DB0C (E8 E0 10) A:00 X:04 Y:01 P:04 S:FF mem:001C539C 13:34795 tv:0.000001 E8: INX
lcpuC PC:DB0D (E0 10 90) A:00 X:05 Y:01 P:04 S:FF mem:001C539C 13:34793 tv:0.000001 E0: CPX imm
lcpuC PC:DB0F (90 AC 2C) A:00 X:05 Y:01 P:84 S:FF mem:001C539C 13:34791 tv:0.000001 90: BCC
lcpuC PC:DABD (20 16 DC) A:00 X:05 Y:01 P:84 S:FF mem:001C539C 13:34788 tv:0.000001 20: JSR
lcpuC PC:DC16 (86 F4 8E) A:00 X:05 Y:01 P:84 S:FD mem:001C539C 13:34782 tv:0.000001 86: STX zp
lcpuC PC:DC18 (8E 30 FE) A:00 X:05 Y:01 P:84 S:FD mem:001C539D 13:34779 tv:0.000001 8E: STX abs
here! 0x000005 0x00dc1b 0xe6fa3010 0xcdde0ebc tv:0.000000 (cycle 34779  pc ~DC18
writemem_ex! addr=FE30 val=05
lcpuC PC:DC1B (60 85 FC) A:00 X:05 Y:01 P:84 S:FD mem:001C539D 13:34775 tv:0.000037 60: RTS
lcpuC PC:DAC0 (A2 03 AC) A:00 X:05 Y:01 P:84 S:FF mem:001C539D 13:34769 tv:0.000000 A2: LDX imm
lcpuC PC:DAC2 (AC 07 80) A:00 X:03 Y:01 P:04 S:FF mem:001C539D 13:34767 tv:0.000001 AC: LDY abs
lcpuC PC:DAC5 (B9 00 80) A:00 X:03 Y:00 P:06 S:FF mem:001C539D 13:34763 tv:0.000001 B9: LDA abs,y
lcpuC PC:DAC8 (DD 0C DF) A:00 X:03 Y:00 P:06 S:FF mem:001C539D 13:34759 tv:0.000001 DD: CMP abs,x
lcpuC PC:DACB (D0 2E C8) A:00 X:03 Y:00 P:07 S:FF mem:001C539D 13:34755 tv:0.000001 D0: BNE
lcpuC PC:DACD (C8 CA 10) A:00 X:03 Y:00 P:07 S:FF mem:001C539D 13:34753 tv:0.000000 C8: INY
lcpuC PC:DACE (CA 10 F4) A:00 X:03 Y:01 P:05 S:FF mem:001C539D 13:34751 tv:0.000000 CA: DEX
lcpuC PC:DACF (10 F4 A6) A:00 X:02 Y:01 P:05 S:FF mem:001C539D 13:34749 tv:0.000001 10: BPL
lcpuC PC:DAC5 (B9 00 80) A:00 X:02 Y:01 P:05 S:FF mem:001C539D 13:34746 tv:0.000001 B9: LDA abs,y
lcpuC PC:DAC8 (DD 0C DF) A:00 X:02 Y:01 P:07 S:FF mem:001C539D 13:34742 tv:0.000000 DD: CMP abs,x
lcpuC PC:DACB (D0 2E C8) A:00 X:02 Y:01 P:84 S:FF mem:001C539D 13:34738 tv:0.000001 D0: BNE
lcpuC PC:DAFB (A6 F4 10) A:00 X:02 Y:01 P:84 S:FF mem:001C539D 13:34735 tv:0.000001 A6: LDX zp
lcpuC PC:DAFD (10 0D AD) A:00 X:05 Y:01 P:04 S:FF mem:001C539D 13:34732 tv:0.000000 10: BPL
lcpuC PC:DB0C (E8 E0 10) A:00 X:05 Y:01 P:04 S:FF mem:001C539D 13:34729 tv:0.000001 E8: INX
lcpuC PC:DB0D (E0 10 90) A:00 X:06 Y:01 P:04 S:FF mem:001C539D 13:34727 tv:0.000001 E0: CPX imm
lcpuC PC:DB0F (90 AC 2C) A:00 X:06 Y:01 P:84 S:FF mem:001C539D 13:34725 tv:0.000001 90: BCC
lcpuC PC:DABD (20 16 DC) A:00 X:06 Y:01 P:84 S:FF mem:001C539D 13:34722 tv:0.000001 20: JSR
lcpuC PC:DC16 (86 F4 8E) A:00 X:06 Y:01 P:84 S:FD mem:001C539D 13:34716 tv:0.000001 86: STX zp
lcpuC PC:DC18 (8E 30 FE) A:00 X:06 Y:01 P:84 S:FD mem:001C539E 13:34713 tv:0.000001 8E: STX abs
here! 0x000006 0x00dc1b 0xe6fa3010 0xcdde0ebc tv:0.000000 (cycle 34713  pc ~DC18
writemem_ex! addr=FE30 val=06
lcpuC PC:DC1B (60 85 FC) A:00 X:06 Y:01 P:84 S:FD mem:001C539E 13:34709 tv:0.000036 60: RTS
lcpuC PC:DAC0 (A2 03 AC) A:00 X:06 Y:01 P:84 S:FF mem:001C539E 13:34703 tv:0.000001 A2: LDX imm
lcpuC PC:DAC2 (AC 07 80) A:00 X:03 Y:01 P:04 S:FF mem:001C539E 13:34701 tv:0.000001 AC: LDY abs
lcpuC PC:DAC5 (B9 00 80) A:00 X:03 Y:00 P:06 S:FF mem:001C539E 13:34697 tv:0.000001 B9: LDA abs,y
lcpuC PC:DAC8 (DD 0C DF) A:00 X:03 Y:00 P:06 S:FF mem:001C539E 13:34693 tv:0.000000 DD: CMP abs,x
lcpuC PC:DACB (D0 2E C8) A:00 X:03 Y:00 P:07 S:FF mem:001C539E 13:34689 tv:0.000001 D0: BNE
lcpuC PC:DACD (C8 CA 10) A:00 X:03 Y:00 P:07 S:FF mem:001C539E 13:34687 tv:0.000001 C8: INY
lcpuC PC:DACE (CA 10 F4) A:00 X:03 Y:01 P:05 S:FF mem:001C539E 13:34685 tv:0.000000 CA: DEX
lcpuC PC:DACF (10 F4 A6) A:00 X:02 Y:01 P:05 S:FF mem:001C539E 13:34683 tv:0.000001 10: BPL
lcpuC PC:DAC5 (B9 00 80) A:00 X:02 Y:01 P:05 S:FF mem:001C539E 13:34680 tv:0.000001 B9: LDA abs,y
lcpuC PC:DAC8 (DD 0C DF) A:00 X:02 Y:01 P:07 S:FF mem:001C539E 13:34676 tv:0.000001 DD: CMP abs,x
lcpuC PC:DACB (D0 2E C8) A:00 X:02 Y:01 P:84 S:FF mem:001C539E 13:34672 tv:0.000001 D0: BNE
lcpuC PC:DAFB (A6 F4 10) A:00 X:02 Y:01 P:84 S:FF mem:001C539E 13:34669 tv:0.000000 A6: LDX zp
lcpuC PC:DAFD (10 0D AD) A:00 X:06 Y:01 P:04 S:FF mem:001C539E 13:34666 tv:0.000001 10: BPL
lcpuC PC:DB0C (E8 E0 10) A:00 X:06 Y:01 P:04 S:FF mem:001C539E 13:34663 tv:0.000001 E8: INX
lcpuC PC:DB0D (E0 10 90) A:00 X:07 Y:01 P:04 S:FF mem:001C539E 13:34661 tv:0.000000 E0: CPX imm
lcpuC PC:DB0F (90 AC 2C) A:00 X:07 Y:01 P:84 S:FF mem:001C539E 13:34659 tv:0.000000 90: BCC
lcpuC PC:DABD (20 16 DC) A:00 X:07 Y:01 P:84 S:FF mem:001C539E 13:34656 tv:0.000001 20: JSR
lcpuC PC:DC16 (86 F4 8E) A:00 X:07 Y:01 P:84 S:FD mem:001C539E 13:34650 tv:0.000000 86: STX zp
lcpuC PC:DC18 (8E 30 FE) A:00 X:07 Y:01 P:84 S:FD mem:001C539F 13:34647 tv:0.000000 8E: STX abs
here! 0x000007 0x00dc1b 0xe6fa3010 0xcdde0ebc tv:0.000000 (cycle 34647  pc ~DC18
writemem_ex! addr=FE30 val=07
lcpuC PC:DC1B (60 85 FC) A:00 X:07 Y:01 P:84 S:FD mem:001C539F 13:34643 tv:0.000037 60: RTS
lcpuC PC:DAC0 (A2 03 AC) A:00 X:07 Y:01 P:84 S:FF mem:001C539F 13:34637 tv:0.000001 A2: LDX imm
lcpuC PC:DAC2 (AC 07 80) A:00 X:03 Y:01 P:04 S:FF mem:001C539F 13:34635 tv:0.000001 AC: LDY abs
lcpuC PC:DAC5 (B9 00 80) A:00 X:03 Y:00 P:06 S:FF mem:001C539F 13:34631 tv:0.000001 B9: LDA abs,y
lcpuC PC:DAC8 (DD 0C DF) A:00 X:03 Y:00 P:06 S:FF mem:001C539F 13:34627 tv:0.000001 DD: CMP abs,x
lcpuC PC:DACB (D0 2E C8) A:00 X:03 Y:00 P:07 S:FF mem:001C539F 13:34623 tv:0.000001 D0: BNE
lcpuC PC:DACD (C8 CA 10) A:00 X:03 Y:00 P:07 S:FF mem:001C539F 13:34621 tv:0.000001 C8: INY
lcpuC PC:DACE (CA 10 F4) A:00 X:03 Y:01 P:05 S:FF mem:001C539F 13:34619 tv:0.000001 CA: DEX
lcpuC PC:DACF (10 F4 A6) A:00 X:02 Y:01 P:05 S:FF mem:001C539F 13:34617 tv:0.000000 10: BPL
lcpuC PC:DAC5 (B9 00 80) A:00 X:02 Y:01 P:05 S:FF mem:001C539F 13:34614 tv:0.000001 B9: LDA abs,y
lcpuC PC:DAC8 (DD 0C DF) A:00 X:02 Y:01 P:07 S:FF mem:001C539F 13:34610 tv:0.000001 DD: CMP abs,x
lcpuC PC:DACB (D0 2E C8) A:00 X:02 Y:01 P:84 S:FF mem:001C539F 13:34606 tv:0.000000 D0: BNE
lcpuC PC:DAFB (A6 F4 10) A:00 X:02 Y:01 P:84 S:FF mem:001C539F 13:34603 tv:0.000001 A6: LDX zp
lcpuC PC:DAFD (10 0D AD) A:00 X:07 Y:01 P:04 S:FF mem:001C539F 13:34600 tv:0.000001 10: BPL
lcpuC PC:DB0C (E8 E0 10) A:00 X:07 Y:01 P:04 S:FF mem:001C539F 13:34597 tv:0.000001 E8: INX
lcpuC PC:DB0D (E0 10 90) A:00 X:08 Y:01 P:04 S:FF mem:001C539F 13:34595 tv:0.000001 E0: CPX imm
lcpuC PC:DB0F (90 AC 2C) A:00 X:08 Y:01 P:84 S:FF mem:001C539F 13:34593 tv:0.000000 90: BCC
lcpuC PC:DABD (20 16 DC) A:00 X:08 Y:01 P:84 S:FF mem:001C539F 13:34590 tv:0.000000 20: JSR
lcpuC PC:DC16 (86 F4 8E) A:00 X:08 Y:01 P:84 S:FD mem:001C539F 13:34584 tv:0.000001 86: STX zp
lcpuC PC:DC18 (8E 30 FE) A:00 X:08 Y:01 P:84 S:FD mem:001C53A0 13:34581 tv:0.000000 8E: STX abs
here! 0x000008 0x00dc1b 0xe6fa3010 0xcdde0ebc tv:0.000000 (cycle 34581  pc ~DC18
writemem_ex! addr=FE30 val=08
lcpuC PC:DC1B (60 85 FC) A:00 X:08 Y:01 P:84 S:FD mem:001C53A0 13:34577 tv:0.000036 60: RTS
lcpuC PC:DAC0 (A2 03 AC) A:00 X:08 Y:01 P:84 S:FF mem:001C53A0 13:34571 tv:0.000000 A2: LDX imm
lcpuC PC:DAC2 (AC 07 80) A:00 X:03 Y:01 P:04 S:FF mem:001C53A0 13:34569 tv:0.000001 AC: LDY abs
lcpuC PC:DAC5 (B9 00 80) A:00 X:03 Y:00 P:06 S:FF mem:001C53A0 13:34565 tv:0.000000 B9: LDA abs,y
lcpuC PC:DAC8 (DD 0C DF) A:00 X:03 Y:00 P:06 S:FF mem:001C53A0 13:34561 tv:0.000001 DD: CMP abs,x
lcpuC PC:DACB (D0 2E C8) A:00 X:03 Y:00 P:07 S:FF mem:001C53A0 13:34557 tv:0.000000 D0: BNE
lcpuC PC:DACD (C8 CA 10) A:00 X:03 Y:00 P:07 S:FF mem:001C53A0 13:34555 tv:0.000001 C8: INY
lcpuC PC:DACE (CA 10 F4) A:00 X:03 Y:01 P:05 S:FF mem:001C53A0 13:34553 tv:0.000001 CA: DEX
lcpuC PC:DACF (10 F4 A6) A:00 X:02 Y:01 P:05 S:FF mem:001C53A0 13:34551 tv:0.000000 10: BPL
lcpuC PC:DAC5 (B9 00 80) A:00 X:02 Y:01 P:05 S:FF mem:001C53A0 13:34548 tv:0.000001 B9: LDA abs,y
lcpuC PC:DAC8 (DD 0C DF) A:00 X:02 Y:01 P:07 S:FF mem:001C53A0 13:34544 tv:0.000001 DD: CMP abs,x
lcpuC PC:DACB (D0 2E C8) A:00 X:02 Y:01 P:84 S:FF mem:001C53A0 13:34540 tv:0.000000 D0: BNE
lcpuC PC:DAFB (A6 F4 10) A:00 X:02 Y:01 P:84 S:FF mem:001C53A0 13:34537 tv:0.000000 A6: LDX zp
lcpuC PC:DAFD (10 0D AD) A:00 X:08 Y:01 P:04 S:FF mem:001C53A0 13:34534 tv:0.000000 10: BPL
lcpuC PC:DB0C (E8 E0 10) A:00 X:08 Y:01 P:04 S:FF mem:001C53A0 13:34531 tv:0.000001 E8: INX
lcpuC PC:DB0D (E0 10 90) A:00 X:09 Y:01 P:04 S:FF mem:001C53A0 13:34529 tv:0.000001 E0: CPX imm
lcpuC PC:DB0F (90 AC 2C) A:00 X:09 Y:01 P:84 S:FF mem:001C53A0 13:34527 tv:0.000001 90: BCC
lcpuC PC:DABD (20 16 DC) A:00 X:09 Y:01 P:84 S:FF mem:001C53A0 13:34524 tv:0.000000 20: JSR
lcpuC PC:DC16 (86 F4 8E) A:00 X:09 Y:01 P:84 S:FD mem:001C53A0 13:34518 tv:0.000001 86: STX zp
lcpuC PC:DC18 (8E 30 FE) A:00 X:09 Y:01 P:84 S:FD mem:001C53A1 13:34515 tv:0.000001 8E: STX abs
here! 0x000009 0x00dc1b 0xe6fa3010 0xcdde0ebc tv:0.000000 (cycle 34515  pc ~DC18
writemem_ex! addr=FE30 val=09
lcpuC PC:DC1B (60 85 FC) A:00 X:09 Y:01 P:84 S:FD mem:001C53A1 13:34511 tv:0.000037 60: RTS
lcpuC PC:DAC0 (A2 03 AC) A:00 X:09 Y:01 P:84 S:FF mem:001C53A1 13:34505 tv:0.000001 A2: LDX imm
lcpuC PC:DAC2 (AC 07 80) A:00 X:03 Y:01 P:04 S:FF mem:001C53A1 13:34503 tv:0.000000 AC: LDY abs
lcpuC PC:DAC5 (B9 00 80) A:00 X:03 Y:00 P:06 S:FF mem:001C53A1 13:34499 tv:0.000001 B9: LDA abs,y
lcpuC PC:DAC8 (DD 0C DF) A:00 X:03 Y:00 P:06 S:FF mem:001C53A1 13:34495 tv:0.000001 DD: CMP abs,x
lcpuC PC:DACB (D0 2E C8) A:00 X:03 Y:00 P:07 S:FF mem:001C53A1 13:34491 tv:0.000001 D0: BNE
lcpuC PC:DACD (C8 CA 10) A:00 X:03 Y:00 P:07 S:FF mem:001C53A1 13:34489 tv:0.000001 C8: INY
lcpuC PC:DACE (CA 10 F4) A:00 X:03 Y:01 P:05 S:FF mem:001C53A1 13:34487 tv:0.000000 CA: DEX
lcpuC PC:DACF (10 F4 A6) A:00 X:02 Y:01 P:05 S:FF mem:001C53A1 13:34485 tv:0.000001 10: BPL
lcpuC PC:DAC5 (B9 00 80) A:00 X:02 Y:01 P:05 S:FF mem:001C53A1 13:34482 tv:0.000001 B9: LDA abs,y
lcpuC PC:DAC8 (DD 0C DF) A:00 X:02 Y:01 P:07 S:FF mem:001C53A1 13:34478 tv:0.000001 DD: CMP abs,x
lcpuC PC:DACB (D0 2E C8) A:00 X:02 Y:01 P:84 S:FF mem:001C53A1 13:34474 tv:0.000000 D0: BNE
lcpuC PC:DAFB (A6 F4 10) A:00 X:02 Y:01 P:84 S:FF mem:001C53A1 13:34471 tv:0.000001 A6: LDX zp
lcpuC PC:DAFD (10 0D AD) A:00 X:09 Y:01 P:04 S:FF mem:001C53A1 13:34468 tv:0.000001 10: BPL
lcpuC PC:DB0C (E8 E0 10) A:00 X:09 Y:01 P:04 S:FF mem:001C53A1 13:34465 tv:0.000001 E8: INX
lcpuC PC:DB0D (E0 10 90) A:00 X:0A Y:01 P:04 S:FF mem:001C53A1 13:34463 tv:0.000001 E0: CPX imm
lcpuC PC:DB0F (90 AC 2C) A:00 X:0A Y:01 P:84 S:FF mem:001C53A1 13:34461 tv:0.000000 90: BCC
lcpuC PC:DABD (20 16 DC) A:00 X:0A Y:01 P:84 S:FF mem:001C53A1 13:34458 tv:0.000000 20: JSR
lcpuC PC:DC16 (86 F4 8E) A:00 X:0A Y:01 P:84 S:FD mem:001C53A1 13:34452 tv:0.000001 86: STX zp
lcpuC PC:DC18 (8E 30 FE) A:00 X:0A Y:01 P:84 S:FD mem:001C53A2 13:34449 tv:0.000001 8E: STX abs
here! 0x00000a 0x00dc1b 0xe6fa3010 0xcdde0ebc tv:0.000001 (cycle 34449  pc ~DC18
writemem_ex! addr=FE30 val=0A
lcpuC PC:DC1B (60 85 FC) A:00 X:0A Y:01 P:84 S:FD mem:001C53A2 13:34445 tv:0.000049 60: RTS
lcpuC PC:DAC0 (A2 03 AC) A:00 X:0A Y:01 P:84 S:FF mem:001C53A2 13:34439 tv:0.000001 A2: LDX imm
lcpuC PC:DAC2 (AC 07 80) A:00 X:03 Y:01 P:04 S:FF mem:001C53A2 13:34437 tv:0.000001 AC: LDY abs
lcpuC PC:DAC5 (B9 00 80) A:00 X:03 Y:00 P:06 S:FF mem:001C53A2 13:34433 tv:0.000001 B9: LDA abs,y
lcpuC PC:DAC8 (DD 0C DF) A:00 X:03 Y:00 P:06 S:FF mem:001C53A2 13:34429 tv:0.000001 DD: CMP abs,x
lcpuC PC:DACB (D0 2E C8) A:00 X:03 Y:00 P:07 S:FF mem:001C53A2 13:34425 tv:0.000002 D0: BNE
lcpuC PC:DACD (C8 CA 10) A:00 X:03 Y:00 P:07 S:FF mem:001C53A2 13:34423 tv:0.000001 C8: INY
lcpuC PC:DACE (CA 10 F4) A:00 X:03 Y:01 P:05 S:FF mem:001C53A2 13:34421 tv:0.000000 CA: DEX
lcpuC PC:DACF (10 F4 A6) A:00 X:02 Y:01 P:05 S:FF mem:001C53A2 13:34419 tv:0.000001 10: BPL
lcpuC PC:DAC5 (B9 00 80) A:00 X:02 Y:01 P:05 S:FF mem:001C53A2 13:34416 tv:0.000000 B9: LDA abs,y
lcpuC PC:DAC8 (DD 0C DF) A:00 X:02 Y:01 P:07 S:FF mem:001C53A2 13:34412 tv:0.000001 DD: CMP abs,x
lcpuC PC:DACB (D0 2E C8) A:00 X:02 Y:01 P:84 S:FF mem:001C53A2 13:34408 tv:0.000001 D0: BNE
lcpuC PC:DAFB (A6 F4 10) A:00 X:02 Y:01 P:84 S:FF mem:001C53A2 13:34405 tv:0.000001 A6: LDX zp
lcpuC PC:DAFD (10 0D AD) A:00 X:0A Y:01 P:04 S:FF mem:001C53A2 13:34402 tv:0.000001 10: BPL
lcpuC PC:DB0C (E8 E0 10) A:00 X:0A Y:01 P:04 S:FF mem:001C53A2 13:34399 tv:0.000001 E8: INX
lcpuC PC:DB0D (E0 10 90) A:00 X:0B Y:01 P:04 S:FF mem:001C53A2 13:34397 tv:0.000000 E0: CPX imm
lcpuC PC:DB0F (90 AC 2C) A:00 X:0B Y:01 P:84 S:FF mem:001C53A2 13:34395 tv:0.000001 90: BCC
lcpuC PC:DABD (20 16 DC) A:00 X:0B Y:01 P:84 S:FF mem:001C53A2 13:34392 tv:0.000001 20: JSR
lcpuC PC:DC16 (86 F4 8E) A:00 X:0B Y:01 P:84 S:FD mem:001C53A2 13:34386 tv:0.000001 86: STX zp
lcpuC PC:DC18 (8E 30 FE) A:00 X:0B Y:01 P:84 S:FD mem:001C53A3 13:34383 tv:0.000001 8E: STX abs
here! 0x00000b 0x00dc1b 0xe6fa3010 0xcdde0ebc tv:0.000000 (cycle 34383  pc ~DC18
writemem_ex! addr=FE30 val=0B
lcpuC PC:DC1B (60 85 FC) A:00 X:0B Y:01 P:84 S:FD mem:001C53A3 13:34379 tv:0.000040 60: RTS
lcpuC PC:DAC0 (A2 03 AC) A:00 X:0B Y:01 P:84 S:FF mem:001C53A3 13:34373 tv:0.000001 A2: LDX imm
lcpuC PC:DAC2 (AC 07 80) A:00 X:03 Y:01 P:04 S:FF mem:001C53A3 13:34371 tv:0.000000 AC: LDY abs
lcpuC PC:DAC5 (B9 00 80) A:00 X:03 Y:00 P:06 S:FF mem:001C53A3 13:34367 tv:0.000001 B9: LDA abs,y
lcpuC PC:DAC8 (DD 0C DF) A:00 X:03 Y:00 P:06 S:FF mem:001C53A3 13:34363 tv:0.000002 DD: CMP abs,x
lcpuC PC:DACB (D0 2E C8) A:00 X:03 Y:00 P:07 S:FF mem:001C53A3 13:34359 tv:0.000000 D0: BNE
lcpuC PC:DACD (C8 CA 10) A:00 X:03 Y:00 P:07 S:FF mem:001C53A3 13:34357 tv:0.000001 C8: INY
lcpuC PC:DACE (CA 10 F4) A:00 X:03 Y:01 P:05 S:FF mem:001C53A3 13:34355 tv:0.000000 CA: DEX
lcpuC PC:DACF (10 F4 A6) A:00 X:02 Y:01 P:05 S:FF mem:001C53A3 13:34353 tv:0.000000 10: BPL
lcpuC PC:DAC5 (B9 00 80) A:00 X:02 Y:01 P:05 S:FF mem:001C53A3 13:34350 tv:0.000000 B9: LDA abs,y
lcpuC PC:DAC8 (DD 0C DF) A:00 X:02 Y:01 P:07 S:FF mem:001C53A3 13:34346 tv:0.000001 DD: CMP abs,x
lcpuC PC:DACB (D0 2E C8) A:00 X:02 Y:01 P:84 S:FF mem:001C53A3 13:34342 tv:0.000001 D0: BNE
lcpuC PC:DAFB (A6 F4 10) A:00 X:02 Y:01 P:84 S:FF mem:001C53A3 13:34339 tv:0.000001 A6: LDX zp
lcpuC PC:DAFD (10 0D AD) A:00 X:0B Y:01 P:04 S:FF mem:001C53A3 13:34336 tv:0.000001 10: BPL
lcpuC PC:DB0C (E8 E0 10) A:00 X:0B Y:01 P:04 S:FF mem:001C53A3 13:34333 tv:0.000000 E8: INX
lcpuC PC:DB0D (E0 10 90) A:00 X:0C Y:01 P:04 S:FF mem:001C53A3 13:34331 tv:0.000000 E0: CPX imm
lcpuC PC:DB0F (90 AC 2C) A:00 X:0C Y:01 P:84 S:FF mem:001C53A3 13:34329 tv:0.000000 90: BCC
lcpuC PC:DABD (20 16 DC) A:00 X:0C Y:01 P:84 S:FF mem:001C53A3 13:34326 tv:0.000001 20: JSR
lcpuC PC:DC16 (86 F4 8E) A:00 X:0C Y:01 P:84 S:FD mem:001C53A3 13:34320 tv:0.000001 86: STX zp
lcpuC PC:DC18 (8E 30 FE) A:00 X:0C Y:01 P:84 S:FD mem:001C53A4 13:34317 tv:0.000001 8E: STX abs
here! 0x00000c 0x00dc1b 0xe6fa3010 0xcdde0ebc tv:0.000000 (cycle 34317  pc ~DC18
writemem_ex! addr=FE30 val=0C
lcpuC PC:DC1B (60 85 FC) A:00 X:0C Y:01 P:84 S:FD mem:001C53A4 13:34313 tv:0.000037 60: RTS
lcpuC PC:DAC0 (A2 03 AC) A:00 X:0C Y:01 P:84 S:FF mem:001C53A4 13:34307 tv:0.000001 A2: LDX imm
lcpuC PC:DAC2 (AC 07 80) A:00 X:03 Y:01 P:04 S:FF mem:001C53A4 13:34305 tv:0.000001 AC: LDY abs
lcpuC PC:DAC5 (B9 00 80) A:00 X:03 Y:00 P:06 S:FF mem:001C53A4 13:34301 tv:0.000000 B9: LDA abs,y
lcpuC PC:DAC8 (DD 0C DF) A:00 X:03 Y:00 P:06 S:FF mem:001C53A4 13:34297 tv:0.000000 DD: CMP abs,x
lcpuC PC:DACB (D0 2E C8) A:00 X:03 Y:00 P:07 S:FF mem:001C53A4 13:34293 tv:0.000001 D0: BNE
lcpuC PC:DACD (C8 CA 10) A:00 X:03 Y:00 P:07 S:FF mem:001C53A4 13:34291 tv:0.000001 C8: INY
lcpuC PC:DACE (CA 10 F4) A:00 X:03 Y:01 P:05 S:FF mem:001C53A4 13:34289 tv:0.000000 CA: DEX
lcpuC PC:DACF (10 F4 A6) A:00 X:02 Y:01 P:05 S:FF mem:001C53A4 13:34287 tv:0.000001 10: BPL
lcpuC PC:DAC5 (B9 00 80) A:00 X:02 Y:01 P:05 S:FF mem:001C53A4 13:34284 tv:0.000001 B9: LDA abs,y
lcpuC PC:DAC8 (DD 0C DF) A:00 X:02 Y:01 P:07 S:FF mem:001C53A4 13:34280 tv:0.000001 DD: CMP abs,x
lcpuC PC:DACB (D0 2E C8) A:00 X:02 Y:01 P:84 S:FF mem:001C53A4 13:34276 tv:0.000001 D0: BNE
lcpuC PC:DAFB (A6 F4 10) A:00 X:02 Y:01 P:84 S:FF mem:001C53A4 13:34273 tv:0.000000 A6: LDX zp
lcpuC PC:DAFD (10 0D AD) A:00 X:0C Y:01 P:04 S:FF mem:001C53A4 13:34270 tv:0.000000 10: BPL
lcpuC PC:DB0C (E8 E0 10) A:00 X:0C Y:01 P:04 S:FF mem:001C53A4 13:34267 tv:0.000000 E8: INX
lcpuC PC:DB0D (E0 10 90) A:00 X:0D Y:01 P:04 S:FF mem:001C53A4 13:34265 tv:0.000000 E0: CPX imm
lcpuC PC:DB0F (90 AC 2C) A:00 X:0D Y:01 P:84 S:FF mem:001C53A4 13:34263 tv:0.000001 90: BCC
lcpuC PC:DABD (20 16 DC) A:00 X:0D Y:01 P:84 S:FF mem:001C53A4 13:34260 tv:0.000000 20: JSR
lcpuC PC:DC16 (86 F4 8E) A:00 X:0D Y:01 P:84 S:FD mem:001C53A4 13:34254 tv:0.000001 86: STX zp
lcpuC PC:DC18 (8E 30 FE) A:00 X:0D Y:01 P:84 S:FD mem:001C53A5 13:34251 tv:0.000001 8E: STX abs
here! 0x00000d 0x00dc1b 0xe6fa3010 0xcdde0ebc tv:0.000000 (cycle 34251  pc ~DC18
writemem_ex! addr=FE30 val=0D
lcpuC PC:DC1B (60 85 FC) A:00 X:0D Y:01 P:84 S:FD mem:001C53A5 13:34247 tv:0.000047 60: RTS
lcpuC PC:DAC0 (A2 03 AC) A:00 X:0D Y:01 P:84 S:FF mem:001C53A5 13:34241 tv:0.000001 A2: LDX imm
lcpuC PC:DAC2 (AC 07 80) A:00 X:03 Y:01 P:04 S:FF mem:001C53A5 13:34239 tv:0.000000 AC: LDY abs
lcpuC PC:DAC5 (B9 00 80) A:00 X:03 Y:00 P:06 S:FF mem:001C53A5 13:34235 tv:0.000001 B9: LDA abs,y
lcpuC PC:DAC8 (DD 0C DF) A:00 X:03 Y:00 P:06 S:FF mem:001C53A5 13:34231 tv:0.000001 DD: CMP abs,x
lcpuC PC:DACB (D0 2E C8) A:00 X:03 Y:00 P:07 S:FF mem:001C53A5 13:34227 tv:0.000000 D0: BNE
lcpuC PC:DACD (C8 CA 10) A:00 X:03 Y:00 P:07 S:FF mem:001C53A5 13:34225 tv:0.000000 C8: INY
lcpuC PC:DACE (CA 10 F4) A:00 X:03 Y:01 P:05 S:FF mem:001C53A5 13:34223 tv:0.000001 CA: DEX
lcpuC PC:DACF (10 F4 A6) A:00 X:02 Y:01 P:05 S:FF mem:001C53A5 13:34221 tv:0.000001 10: BPL
lcpuC PC:DAC5 (B9 00 80) A:00 X:02 Y:01 P:05 S:FF mem:001C53A5 13:34218 tv:0.000001 B9: LDA abs,y
lcpuC PC:DAC8 (DD 0C DF) A:00 X:02 Y:01 P:07 S:FF mem:001C53A5 13:34214 tv:0.000000 DD: CMP abs,x
lcpuC PC:DACB (D0 2E C8) A:00 X:02 Y:01 P:84 S:FF mem:001C53A5 13:34210 tv:0.000000 D0: BNE
lcpuC PC:DAFB (A6 F4 10) A:00 X:02 Y:01 P:84 S:FF mem:001C53A5 13:34207 tv:0.000001 A6: LDX zp
lcpuC PC:DAFD (10 0D AD) A:00 X:0D Y:01 P:04 S:FF mem:001C53A5 13:34204 tv:0.000001 10: BPL
lcpuC PC:DB0C (E8 E0 10) A:00 X:0D Y:01 P:04 S:FF mem:001C53A5 13:34201 tv:0.000001 E8: INX
lcpuC PC:DB0D (E0 10 90) A:00 X:0E Y:01 P:04 S:FF mem:001C53A5 13:34199 tv:0.000000 E0: CPX imm
lcpuC PC:DB0F (90 AC 2C) A:00 X:0E Y:01 P:84 S:FF mem:001C53A5 13:34197 tv:0.000000 90: BCC
lcpuC PC:DABD (20 16 DC) A:00 X:0E Y:01 P:84 S:FF mem:001C53A5 13:34194 tv:0.000001 20: JSR
lcpuC PC:DC16 (86 F4 8E) A:00 X:0E Y:01 P:84 S:FD mem:001C53A5 13:34188 tv:0.000001 86: STX zp
lcpuC PC:DC18 (8E 30 FE) A:00 X:0E Y:01 P:84 S:FD mem:001C53A6 13:34185 tv:0.000000 8E: STX abs
here! 0x00000e 0x00dc1b 0xe6fa3010 0xcdde0ebc tv:0.000000 (cycle 34185  pc ~DC18
writemem_ex! addr=FE30 val=0E
lcpuC PC:DC1B (60 85 FC) A:00 X:0E Y:01 P:84 S:FD mem:0037DADD 13:34181 tv:0.000046 60: RTS
lcpuC PC:DAC0 (A2 03 AC) A:00 X:0E Y:01 P:84 S:FF mem:0037DADD 13:34175 tv:0.000001 A2: LDX imm
lcpuC PC:DAC2 (AC 07 80) A:00 X:03 Y:01 P:04 S:FF mem:0037DADD 13:34173 tv:0.000001 AC: LDY abs
lcpuC PC:DAC5 (B9 00 80) A:00 X:03 Y:0E P:04 S:FF mem:0037DADD 13:34169 tv:0.000001 B9: LDA abs,y
lcpuC PC:DAC8 (DD 0C DF) A:00 X:03 Y:0E P:06 S:FF mem:0037DADD 13:34165 tv:0.000000 DD: CMP abs,x
lcpuC PC:DACB (D0 2E C8) A:00 X:03 Y:0E P:07 S:FF mem:0037DADD 13:34161 tv:0.000001 D0: BNE
lcpuC PC:DACD (C8 CA 10) A:00 X:03 Y:0E P:07 S:FF mem:0037DADD 13:34159 tv:0.000000 C8: INY
lcpuC PC:DACE (CA 10 F4) A:00 X:03 Y:0F P:05 S:FF mem:0037DADD 13:34157 tv:0.000001 CA: DEX
lcpuC PC:DACF (10 F4 A6) A:00 X:02 Y:0F P:05 S:FF mem:0037DADD 13:34155 tv:0.000001 10: BPL
lcpuC PC:DAC5 (B9 00 80) A:00 X:02 Y:0F P:05 S:FF mem:0037DADD 13:34152 tv:0.000001 B9: LDA abs,y
lcpuC PC:DAC8 (DD 0C DF) A:28 X:02 Y:0F P:05 S:FF mem:0037DADD 13:34148 tv:0.000001 DD: CMP abs,x
lcpuC PC:DACB (D0 2E C8) A:28 X:02 Y:0F P:07 S:FF mem:0037DADD 13:34144 tv:0.000001 D0: BNE
lcpuC PC:DACD (C8 CA 10) A:28 X:02 Y:0F P:07 S:FF mem:0037DADD 13:34142 tv:0.000001 C8: INY
lcpuC PC:DACE (CA 10 F4) A:28 X:02 Y:10 P:05 S:FF mem:0037DADD 13:34140 tv:0.000000 CA: DEX
lcpuC PC:DACF (10 F4 A6) A:28 X:01 Y:10 P:05 S:FF mem:0037DADD 13:34138 tv:0.000000 10: BPL
lcpuC PC:DAC5 (B9 00 80) A:28 X:01 Y:10 P:05 S:FF mem:0037DADD 13:34135 tv:0.000001 B9: LDA abs,y
lcpuC PC:DAC8 (DD 0C DF) A:43 X:01 Y:10 P:05 S:FF mem:0037DADD 13:34131 tv:0.000001 DD: CMP abs,x
lcpuC PC:DACB (D0 2E C8) A:43 X:01 Y:10 P:07 S:FF mem:0037DADD 13:34127 tv:0.000001 D0: BNE
lcpuC PC:DACD (C8 CA 10) A:43 X:01 Y:10 P:07 S:FF mem:0037DADD 13:34125 tv:0.000000 C8: INY
lcpuC PC:DACE (CA 10 F4) A:43 X:01 Y:11 P:05 S:FF mem:0037DADD 13:34123 tv:0.000001 CA: DEX
lcpuC PC:DACF (10 F4 A6) A:43 X:00 Y:11 P:07 S:FF mem:0037DADD 13:34121 tv:0.000000 10: BPL
lcpuC PC:DAC5 (B9 00 80) A:43 X:00 Y:11 P:07 S:FF mem:0037DADD 13:34118 tv:0.000000 B9: LDA abs,y
lcpuC PC:DAC8 (DD 0C DF) A:29 X:00 Y:11 P:05 S:FF mem:0037DADD 13:34114 tv:0.000000 DD: CMP abs,x
lcpuC PC:DACB (D0 2E C8) A:29 X:00 Y:11 P:07 S:FF mem:0037DADD 13:34110 tv:0.000000 D0: BNE
lcpuC PC:DACD (C8 CA 10) A:29 X:00 Y:11 P:07 S:FF mem:0037DADD 13:34108 tv:0.000001 C8: INY
lcpuC PC:DACE (CA 10 F4) A:29 X:00 Y:12 P:05 S:FF mem:0037DADD 13:34106 tv:0.000001 CA: DEX
lcpuC PC:DACF (10 F4 A6) A:29 X:FF Y:12 P:85 S:FF mem:0037DADD 13:34104 tv:0.000000 10: BPL
lcpuC PC:DAD1 (A6 F4 A4) A:29 X:FF Y:12 P:85 S:FF mem:0037DADD 13:34102 tv:0.000000 A6: LDX zp
lcpuC PC:DAD3 (A4 F4 C8) A:29 X:0E Y:12 P:05 S:FF mem:0037DADD 13:34099 tv:0.000000 A4: LDY zp
lcpuC PC:DAD5 (C8 C0 10) A:29 X:0E Y:0E P:05 S:FF mem:0037DADD 13:34096 tv:0.000001 C8: INY
lcpuC PC:DAD6 (C0 10 B0) A:29 X:0E Y:0F P:05 S:FF mem:0037DADD 13:34094 tv:0.000001 C0: CPY imm
lcpuC PC:DAD8 (B0 25 98) A:29 X:0E Y:0F P:84 S:FF mem:0037DADD 13:34092 tv:0.000000 B0: BCS
lcpuC PC:DADA (98 49 FF) A:29 X:0E Y:0F P:84 S:FF mem:0037DADD 13:34090 tv:0.000000 98: TYA
lcpuC PC:DADB (49 FF 85) A:0F X:0E Y:0F P:04 S:FF mem:0037DADD 13:34088 tv:0.000001 49: EOR imm
lcpuC PC:DADD (85 FA A9) A:F0 X:0E Y:0F P:84 S:FF mem:0037DADD 13:34086 tv:0.000000 85: STA zp
lcpuC PC:DADF (A9 7F 85) A:F0 X:0E Y:0F P:84 S:FF mem:0037DBCD 13:34083 tv:0.000000 A9: LDA imm
lcpuC PC:DAE1 (85 FB 8C) A:7F X:0E Y:0F P:04 S:FF mem:0037DBCD 13:34081 tv:0.000001 85: STA zp
lcpuC PC:DAE3 (8C 30 FE) A:7F X:0E Y:0F P:04 S:FF mem:0037DC4C 13:34078 tv:0.000000 8C: STY abs
here! 0x00000f 0x00dae6 0xe6fa3010 0xcdde0ebc tv:0.000000 (cycle 34078  pc ~DAE3
writemem_ex! addr=FE30 val=0F
lcpuC PC:DAE6 (B1 FA 8E) A:7F X:0E Y:0F P:04 S:FF mem:002A56A5 13:34074 tv:0.000042 B1: LDA (),y
lcpuC PC:DAE8 (8E 30 FE) A:00 X:0E Y:0F P:06 S:FF mem:002A56A5 13:34069 tv:0.000001 8E: STX abs
here! 0x00000e 0x00daeb 0xe6fa3010 0xcdde0ebc tv:0.000000 (cycle 34069  pc ~DAE8
writemem_ex! addr=FE30 val=0E
lcpuC PC:DAEB (D1 FA D0) A:00 X:0E Y:0F P:06 S:FF mem:0037DC4C 13:34065 tv:0.000042 D1: CMP (),y
lcpuC PC:DAED (D0 E6 E6) A:00 X:0E Y:0F P:07 S:FF mem:0037DC4C 13:34059 tv:0.000001 D0: BNE
lcpuC PC:DAEF (E6 FA D0) A:00 X:0E Y:0F P:07 S:FF mem:0037DC4C 13:34057 tv:0.000001 E6: INC zp
lcpuC PC:DAF1 (D0 F0 E6) A:00 X:0E Y:0F P:85 S:FF mem:0037DC4D 13:34052 tv:0.000001 D0: BNE
lcpuC PC:DAE3 (8C 30 FE) A:00 X:0E Y:0F P:85 S:FF mem:0037DC4D 13:34049 tv:0.000000 8C: STY abs
here! 0x00000f 0x00dae6 0xe6fa3010 0xcdde0ebc tv:0.000000 (cycle 34049  pc ~DAE3
writemem_ex! addr=FE30 val=0F
lcpuC PC:DAE6 (B1 FA 8E) A:00 X:0E Y:0F P:85 S:FF mem:002A56A6 13:34045 tv:0.000043 B1: LDA (),y
lcpuC PC:DAE8 (8E 30 FE) A:00 X:0E Y:0F P:07 S:FF mem:002A56A6 13:34040 tv:0.000001 8E: STX abs
here! 0x00000e 0x00daeb 0xe6fa3010 0xcdde0ebc tv:0.000001 (cycle 34040  pc ~DAE8
writemem_ex! addr=FE30 val=0E
lcpuC PC:DAEB (D1 FA D0) A:00 X:0E Y:0F P:07 S:FF mem:0037DC4D 13:34036 tv:0.000041 D1: CMP (),y
lcpuC PC:DAED (D0 E6 E6) A:00 X:0E Y:0F P:04 S:FF mem:0037DC4D 13:34030 tv:0.000001 D0: BNE
lcpuC PC:DAD5 (C8 C0 10) A:00 X:0E Y:0F P:04 S:FF mem:0037DC4D 13:34027 tv:0.000001 C8: INY
lcpuC PC:DAD6 (C0 10 B0) A:00 X:0E Y:10 P:04 S:FF mem:0037DC4D 13:34025 tv:0.000001 C0: CPY imm
lcpuC PC:DAD8 (B0 25 98) A:00 X:0E Y:10 P:07 S:FF mem:0037DC4D 13:34023 tv:0.000000 B0: BCS
lcpuC PC:DAFF (AD 06 80) A:00 X:0E Y:10 P:07 S:FF mem:0037DC4D 13:34020 tv:0.000000 AD: LDA abs
lcpuC PC:DB02 (9D A1 02) A:60 X:0E Y:10 P:05 S:FF mem:0037DC4D 13:34016 tv:0.000001 9D: STA abs,x
lcpuC PC:DB05 (29 8F D0) A:60 X:0E Y:10 P:05 S:FF mem:0037DCAD 13:34011 tv:0.000001 29: AND
lcpuC PC:DB07 (D0 03 8E) A:00 X:0E Y:10 P:07 S:FF mem:0037DCAD 13:34008 tv:0.000000 D0: BNE
lcpuC PC:DB09 (8E 4B 02) A:00 X:0E Y:10 P:07 S:FF mem:0037DCAD 13:34006 tv:0.000001 8E: STX abs
lcpuC PC:DB0C (E8 E0 10) A:00 X:0E Y:10 P:07 S:FF mem:0037DBBC 13:34002 tv:0.000001 E8: INX
lcpuC PC:DB0D (E0 10 90) A:00 X:0F Y:10 P:05 S:FF mem:0037DBBC 13:34000 tv:0.000001 E0: CPX imm
lcpuC PC:DB0F (90 AC 2C) A:00 X:0F Y:10 P:84 S:FF mem:0037DBBC 13:33998 tv:0.000000 90: BCC
lcpuC PC:DABD (20 16 DC) A:00 X:0F Y:10 P:84 S:FF mem:0037DBBC 13:33995 tv:0.000001 20: JSR
lcpuC PC:DC16 (86 F4 8E) A:00 X:0F Y:10 P:84 S:FD mem:0037DBBC 13:33989 tv:0.000001 86: STX zp
lcpuC PC:DC18 (8E 30 FE) A:00 X:0F Y:10 P:84 S:FD mem:0037DBBD 13:33986 tv:0.000000 8E: STX abs
here! 0x00000f 0x00dc1b 0xe6fa3010 0xcdde0ebc tv:0.000000 (cycle 33986  pc ~DC18
writemem_ex! addr=FE30 val=0F
lcpuC PC:DC1B (60 85 FC) A:00 X:0F Y:10 P:84 S:FD mem:002A5616 13:33982 tv:0.000033 60: RTS
lcpuC PC:DAC0 (A2 03 AC) A:00 X:0F Y:10 P:84 S:FF mem:002A5616 13:33976 tv:0.000001 A2: LDX imm
lcpuC PC:DAC2 (AC 07 80) A:00 X:03 Y:10 P:04 S:FF mem:002A5616 13:33974 tv:0.000001 AC: LDY abs
lcpuC PC:DAC5 (B9 00 80) A:00 X:03 Y:11 P:04 S:FF mem:002A5616 13:33970 tv:0.000000 B9: LDA abs,y
lcpuC PC:DAC8 (DD 0C DF) A:00 X:03 Y:11 P:06 S:FF mem:002A5616 13:33966 tv:0.000001 DD: CMP abs,x
lcpuC PC:DACB (D0 2E C8) A:00 X:03 Y:11 P:07 S:FF mem:002A5616 13:33962 tv:0.000000 D0: BNE
lcpuC PC:DACD (C8 CA 10) A:00 X:03 Y:11 P:07 S:FF mem:002A5616 13:33960 tv:0.000001 C8: INY
lcpuC PC:DACE (CA 10 F4) A:00 X:03 Y:12 P:05 S:FF mem:002A5616 13:33958 tv:0.000000 CA: DEX
lcpuC PC:DACF (10 F4 A6) A:00 X:02 Y:12 P:05 S:FF mem:002A5616 13:33956 tv:0.000001 10: BPL
lcpuC PC:DAC5 (B9 00 80) A:00 X:02 Y:12 P:05 S:FF mem:002A5616 13:33953 tv:0.000001 B9: LDA abs,y
lcpuC PC:DAC8 (DD 0C DF) A:28 X:02 Y:12 P:05 S:FF mem:002A5616 13:33949 tv:0.000000 DD: CMP abs,x
lcpuC PC:DACB (D0 2E C8) A:28 X:02 Y:12 P:07 S:FF mem:002A5616 13:33945 tv:0.000001 D0: BNE
lcpuC PC:DACD (C8 CA 10) A:28 X:02 Y:12 P:07 S:FF mem:002A5616 13:33943 tv:0.000000 C8: INY
lcpuC PC:DACE (CA 10 F4) A:28 X:02 Y:13 P:05 S:FF mem:002A5616 13:33941 tv:0.000000 CA: DEX
lcpuC PC:DACF (10 F4 A6) A:28 X:01 Y:13 P:05 S:FF mem:002A5616 13:33939 tv:0.000001 10: BPL
lcpuC PC:DAC5 (B9 00 80) A:28 X:01 Y:13 P:05 S:FF mem:002A5616 13:33936 tv:0.000000 B9: LDA abs,y
lcpuC PC:DAC8 (DD 0C DF) A:43 X:01 Y:13 P:05 S:FF mem:002A5616 13:33932 tv:0.000000 DD: CMP abs,x
lcpuC PC:DACB (D0 2E C8) A:43 X:01 Y:13 P:07 S:FF mem:002A5616 13:33928 tv:0.000001 D0: BNE
lcpuC PC:DACD (C8 CA 10) A:43 X:01 Y:13 P:07 S:FF mem:002A5616 13:33926 tv:0.000001 C8: INY
lcpuC PC:DACE (CA 10 F4) A:43 X:01 Y:14 P:05 S:FF mem:002A5616 13:33924 tv:0.000001 CA: DEX
lcpuC PC:DACF (10 F4 A6) A:43 X:00 Y:14 P:07 S:FF mem:002A5616 13:33922 tv:0.000000 10: BPL
lcpuC PC:DAC5 (B9 00 80) A:43 X:00 Y:14 P:07 S:FF mem:002A5616 13:33919 tv:0.000001 B9: LDA abs,y
lcpuC PC:DAC8 (DD 0C DF) A:29 X:00 Y:14 P:05 S:FF mem:002A5616 13:33915 tv:0.000000 DD: CMP abs,x
lcpuC PC:DACB (D0 2E C8) A:29 X:00 Y:14 P:07 S:FF mem:002A5616 13:33911 tv:0.000001 D0: BNE
lcpuC PC:DACD (C8 CA 10) A:29 X:00 Y:14 P:07 S:FF mem:002A5616 13:33909 tv:0.000000 C8: INY
lcpuC PC:DACE (CA 10 F4) A:29 X:00 Y:15 P:05 S:FF mem:002A5616 13:33907 tv:0.000000 CA: DEX
lcpuC PC:DACF (10 F4 A6) A:29 X:FF Y:15 P:85 S:FF mem:002A5616 13:33905 tv:0.000001 10: BPL
lcpuC PC:DAD1 (A6 F4 A4) A:29 X:FF Y:15 P:85 S:FF mem:002A5616 13:33903 tv:0.000001 A6: LDX zp
lcpuC PC:DAD3 (A4 F4 C8) A:29 X:0F Y:15 P:05 S:FF mem:002A5616 13:33900 tv:0.000000 A4: LDY zp
lcpuC PC:DAD5 (C8 C0 10) A:29 X:0F Y:0F P:05 S:FF mem:002A5616 13:33897 tv:0.000001 C8: INY
lcpuC PC:DAD6 (C0 10 B0) A:29 X:0F Y:10 P:05 S:FF mem:002A5616 13:33895 tv:0.000001 C0: CPY imm
lcpuC PC:DAD8 (B0 25 98) A:29 X:0F Y:10 P:07 S:FF mem:002A5616 13:33893 tv:0.000001 B0: BCS
lcpuC PC:DAFF (AD 06 80) A:29 X:0F Y:10 P:07 S:FF mem:002A5616 13:33890 tv:0.000000 AD: LDA abs
lcpuC PC:DB02 (9D A1 02) A:82 X:0F Y:10 P:85 S:FF mem:002A5616 13:33886 tv:0.000001 9D: STA abs,x
lcpuC PC:DB05 (29 8F D0) A:82 X:0F Y:10 P:85 S:FF mem:002A5698 13:33881 tv:0.000001 29: AND
lcpuC PC:DB07 (D0 03 8E) A:82 X:0F Y:10 P:85 S:FF mem:002A5698 13:33878 tv:0.000001 D0: BNE
lcpuC PC:DB0C (E8 E0 10) A:82 X:0F Y:10 P:85 S:FF mem:002A5698 13:33875 tv:0.000000 E8: INX
lcpuC PC:DB0D (E0 10 90) A:82 X:10 Y:10 P:05 S:FF mem:002A5698 13:33873 tv:0.000001 E0: CPX imm
lcpuC PC:DB0F (90 AC 2C) A:82 X:10 Y:10 P:07 S:FF mem:002A5698 13:33871 tv:0.000001 90: BCC
lcpuC PC:DB11 (2C 40 FE) A:82 X:10 Y:10 P:07 S:FF mem:002A5698 13:33869 tv:0.000000 2C: BIT abs
readmem_ex! addr=FE40 val=F8
lcpuC PC:DB14 (30 11 CE) A:82 X:10 Y:10 P:C5 S:FF mem:002A5698 13:33865 tv:0.000005 30: BMI
lcpuC PC:DB27 (AD 8F 02) A:82 X:10 Y:10 P:C5 S:FF mem:002A5698 13:33862 tv:0.000001 AD: LDA abs
lcpuC PC:DB2A (20 00 C3) A:FF X:10 Y:10 P:C5 S:FF mem:002A5698 13:33858 tv:0.000001 20: JSR
lcpuC PC:C300 (4C 1D CB) A:FF X:10 Y:10 P:C5 S:FD mem:002A5606 13:33852 tv:0.000001 4C: JMP
lcpuC PC:CB1D (48 A2 7F) A:FF X:10 Y:10 P:C5 S:FD mem:002A5606 13:33849 tv:0.000000 48: PHA
lcpuC PC:CB1E (A2 7F A9) A:FF X:10 Y:10 P:C5 S:FC mem:002A5619 13:33846 tv:0.000001 A2: LDX imm
lcpuC PC:CB20 (A9 00 85) A:FF X:7F Y:10 P:45 S:FC mem:002A5619 13:33844 tv:0.000001 A9: LDA imm
lcpuC PC:CB22 (85 D0 9D) A:00 X:7F Y:10 P:47 S:FC mem:002A5619 13:33842 tv:0.000000 85: STA zp
lcpuC PC:CB24 (9D FF 02) A:00 X:7F Y:10 P:47 S:FC mem:002A5619 13:33839 tv:0.000001 9D: STA abs,x
lcpuC PC:CB27 (CA D0 FA) A:00 X:7F Y:10 P:47 S:FC mem:002A5619 13:33834 tv:0.000000 CA: DEX
lcpuC PC:CB28 (D0 FA 20) A:00 X:7E Y:10 P:45 S:FC mem:002A5619 13:33832 tv:0.000001 D0: BNE
lcpuC PC:CB24 (9D FF 02) A:00 X:7E Y:10 P:45 S:FC mem:002A5619 13:33829 tv:0.000001 9D: STA abs,x
lcpuC PC:CB27 (CA D0 FA) A:00 X:7E Y:10 P:45 S:FC mem:002A5619 13:33824 tv:0.000000 CA: DEX
lcpuC PC:CB28 (D0 FA 20) A:00 X:7D Y:10 P:45 S:FC mem:002A5619 13:33822 tv:0.000000 D0: BNE
lcpuC PC:CB24 (9D FF 02) A:00 X:7D Y:10 P:45 S:FC mem:002A5619 13:33819 tv:0.000001 9D: STA abs,x
lcpuC PC:CB27 (CA D0 FA) A:00 X:7D Y:10 P:45 S:FC mem:002A5619 13:33814 tv:0.000001 CA: DEX
lcpuC PC:CB28 (D0 FA 20) A:00 X:7C Y:10 P:45 S:FC mem:002A5619 13:33812 tv:0.000000 D0: BNE
lcpuC PC:CB24 (9D FF 02) A:00 X:7C Y:10 P:45 S:FC mem:002A5619 13:33809 tv:0.000001 9D: STA abs,x
lcpuC PC:CB27 (CA D0 FA) A:00 X:7C Y:10 P:45 S:FC mem:002A5619 13:33804 tv:0.000000 CA: DEX
lcpuC PC:CB28 (D0 FA 20) A:00 X:7B Y:10 P:45 S:FC mem:002A5619 13:33802 tv:0.000000 D0: BNE
lcpuC PC:CB24 (9D FF 02) A:00 X:7B Y:10 P:45 S:FC mem:002A5619 13:33799 tv:0.000001 9D: STA abs,x
lcpuC PC:CB27 (CA D0 FA) A:00 X:7B Y:10 P:45 S:FC mem:002A5619 13:33794 tv:0.000001 CA: DEX
lcpuC PC:CB28 (D0 FA 20) A:00 X:7A Y:10 P:45 S:FC mem:002A5619 13:33792 tv:0.000001 D0: BNE
lcpuC PC:CB24 (9D FF 02) A:00 X:7A Y:10 P:45 S:FC mem:002A5619 13:33789 tv:0.000001 9D: STA abs,x
lcpuC PC:CB27 (CA D0 FA) A:00 X:7A Y:10 P:45 S:FC mem:002A5619 13:33784 tv:0.000000 CA: DEX
lcpuC PC:CB28 (D0 FA 20) A:00 X:79 Y:10 P:45 S:FC mem:002A5619 13:33782 tv:0.000000 D0: BNE
lcpuC PC:CB24 (9D FF 02) A:00 X:79 Y:10 P:45 S:FC mem:002A5619 13:33779 tv:0.000001 9D: STA abs,x
lcpuC PC:CB27 (CA D0 FA) A:00 X:79 Y:10 P:45 S:FC mem:002A5619 13:33774 tv:0.000001 CA: DEX
lcpuC PC:CB28 (D0 FA 20) A:00 X:78 Y:10 P:45 S:FC mem:002A5619 13:33772 tv:0.000001 D0: BNE
lcpuC PC:CB24 (9D FF 02) A:00 X:78 Y:10 P:45 S:FC mem:002A5619 13:33769 tv:0.000001 9D: STA abs,x
lcpuC PC:CB27 (CA D0 FA) A:00 X:78 Y:10 P:45 S:FC mem:002A5619 13:33764 tv:0.000001 CA: DEX
lcpuC PC:CB28 (D0 FA 20) A:00 X:77 Y:10 P:45 S:FC mem:002A5619 13:33762 tv:0.000001 D0: BNE
lcpuC PC:CB24 (9D FF 02) A:00 X:77 Y:10 P:45 S:FC mem:002A5619 13:33759 tv:0.000000 9D: STA abs,x
lcpuC PC:CB27 (CA D0 FA) A:00 X:77 Y:10 P:45 S:FC mem:002A5619 13:33754 tv:0.000001 CA: DEX
lcpuC PC:CB28 (D0 FA 20) A:00 X:76 Y:10 P:45 S:FC mem:002A5619 13:33752 tv:0.000001 D0: BNE
lcpuC PC:CB24 (9D FF 02) A:00 X:76 Y:10 P:45 S:FC mem:002A5619 13:33749 tv:0.000001 9D: STA abs,x
lcpuC PC:CB27 (CA D0 FA) A:00 X:76 Y:10 P:45 S:FC mem:002A5619 13:33744 tv:0.000001 CA: DEX
lcpuC PC:CB28 (D0 FA 20) A:00 X:75 Y:10 P:45 S:FC mem:002A5619 13:33742 tv:0.000000 D0: BNE
lcpuC PC:CB24 (9D FF 02) A:00 X:75 Y:10 P:45 S:FC mem:002A5619 13:33739 tv:0.000001 9D: STA abs,x
lcpuC PC:CB27 (CA D0 FA) A:00 X:75 Y:10 P:45 S:FC mem:002A5619 13:33734 tv:0.000001 CA: DEX
lcpuC PC:CB28 (D0 FA 20) A:00 X:74 Y:10 P:45 S:FC mem:002A5619 13:33732 tv:0.000000 D0: BNE
lcpuC PC:CB24 (9D FF 02) A:00 X:74 Y:10 P:45 S:FC mem:002A5619 13:33729 tv:0.000000 9D: STA abs,x
lcpuC PC:CB27 (CA D0 FA) A:00 X:74 Y:10 P:45 S:FC mem:002A5619 13:33724 tv:0.000000 CA: DEX
lcpuC PC:CB28 (D0 FA 20) A:00 X:73 Y:10 P:45 S:FC mem:002A5619 13:33722 tv:0.000000 D0: BNE
lcpuC PC:CB24 (9D FF 02) A:00 X:73 Y:10 P:45 S:FC mem:002A5619 13:33719 tv:0.000001 9D: STA abs,x
lcpuC PC:CB27 (CA D0 FA) A:00 X:73 Y:10 P:45 S:FC mem:002A5619 13:33714 tv:0.000001 CA: DEX
lcpuC PC:CB28 (D0 FA 20) A:00 X:72 Y:10 P:45 S:FC mem:002A5619 13:33712 tv:0.000001 D0: BNE
lcpuC PC:CB24 (9D FF 02) A:00 X:72 Y:10 P:45 S:FC mem:002A5619 13:33709 tv:0.000001 9D: STA abs,x
lcpuC PC:CB27 (CA D0 FA) A:00 X:72 Y:10 P:45 S:FC mem:002A5619 13:33704 tv:0.000001 CA: DEX
lcpuC PC:CB28 (D0 FA 20) A:00 X:71 Y:10 P:45 S:FC mem:002A5619 13:33702 tv:0.000001 D0: BNE
lcpuC PC:CB24 (9D FF 02) A:00 X:71 Y:10 P:45 S:FC mem:002A5619 13:33699 tv:0.000000 9D: STA abs,x
lcpuC PC:CB27 (CA D0 FA) A:00 X:71 Y:10 P:45 S:FC mem:002A5619 13:33694 tv:0.000001 CA: DEX
lcpuC PC:CB28 (D0 FA 20) A:00 X:70 Y:10 P:45 S:FC mem:002A5619 13:33692 tv:0.000001 D0: BNE
lcpuC PC:CB24 (9D FF 02) A:00 X:70 Y:10 P:45 S:FC mem:002A5619 13:33689 tv:0.000001 9D: STA abs,x
lcpuC PC:CB27 (CA D0 FA) A:00 X:70 Y:10 P:45 S:FC mem:002A5619 13:33684 tv:0.000001 CA: DEX
lcpuC PC:CB28 (D0 FA 20) A:00 X:6F Y:10 P:45 S:FC mem:002A5619 13:33682 tv:0.000000 D0: BNE
lcpuC PC:CB24 (9D FF 02) A:00 X:6F Y:10 P:45 S:FC mem:002A5619 13:33679 tv:0.000001 9D: STA abs,x
lcpuC PC:CB27 (CA D0 FA) A:00 X:6F Y:10 P:45 S:FC mem:002A5619 13:33674 tv:0.000001 CA: DEX
lcpuC PC:CB28 (D0 FA 20) A:00 X:6E Y:10 P:45 S:FC mem:002A5619 13:33672 tv:0.000001 D0: BNE
lcpuC PC:CB24 (9D FF 02) A:00 X:6E Y:10 P:45 S:FC mem:002A5619 13:33669 tv:0.000001 9D: STA abs,x
lcpuC PC:CB27 (CA D0 FA) A:00 X:6E Y:10 P:45 S:FC mem:002A5619 13:33664 tv:0.000000 CA: DEX
lcpuC PC:CB28 (D0 FA 20) A:00 X:6D Y:10 P:45 S:FC mem:002A5619 13:33662 tv:0.000000 D0: BNE
lcpuC PC:CB24 (9D FF 02) A:00 X:6D Y:10 P:45 S:FC mem:002A5619 13:33659 tv:0.000001 9D: STA abs,x
lcpuC PC:CB27 (CA D0 FA) A:00 X:6D Y:10 P:45 S:FC mem:002A5619 13:33654 tv:0.000001 CA: DEX
lcpuC PC:CB28 (D0 FA 20) A:00 X:6C Y:10 P:45 S:FC mem:002A5619 13:33652 tv:0.000001 D0: BNE
lcpuC PC:CB24 (9D FF 02) A:00 X:6C Y:10 P:45 S:FC mem:002A5619 13:33649 tv:0.000001 9D: STA abs,x
lcpuC PC:CB27 (CA D0 FA) A:00 X:6C Y:10 P:45 S:FC mem:002A5619 13:33644 tv:0.000001 CA: DEX
lcpuC PC:CB28 (D0 FA 20) A:00 X:6B Y:10 P:45 S:FC mem:002A5619 13:33642 tv:0.000001 D0: BNE
lcpuC PC:CB24 (9D FF 02) A:00 X:6B Y:10 P:45 S:FC mem:002A5619 13:33639 tv:0.000001 9D: STA abs,x
lcpuC PC:CB27 (CA D0 FA) A:00 X:6B Y:10 P:45 S:FC mem:002A5619 13:33634 tv:0.000001 CA: DEX
lcpuC PC:CB28 (D0 FA 20) A:00 X:6A Y:10 P:45 S:FC mem:002A5619 13:33632 tv:0.000001 D0: BNE
lcpuC PC:CB24 (9D FF 02) A:00 X:6A Y:10 P:45 S:FC mem:002A5619 13:33629 tv:0.000001 9D: STA abs,x
lcpuC PC:CB27 (CA D0 FA) A:00 X:6A Y:10 P:45 S:FC mem:002A5619 13:33624 tv:0.000001 CA: DEX
lcpuC PC:CB28 (D0 FA 20) A:00 X:69 Y:10 P:45 S:FC mem:002A5619 13:33622 tv:0.000001 D0: BNE
lcpuC PC:CB24 (9D FF 02) A:00 X:69 Y:10 P:45 S:FC mem:002A5619 13:33619 tv:0.000000 9D: STA abs,x
lcpuC PC:CB27 (CA D0 FA) A:00 X:69 Y:10 P:45 S:FC mem:002A5619 13:33614 tv:0.000001 CA: DEX
lcpuC PC:CB28 (D0 FA 20) A:00 X:68 Y:10 P:45 S:FC mem:002A5619 13:33612 tv:0.000001 D0: BNE
lcpuC PC:CB24 (9D FF 02) A:00 X:68 Y:10 P:45 S:FC mem:002A5619 13:33609 tv:0.000001 9D: STA abs,x
lcpuC PC:CB27 (CA D0 FA) A:00 X:68 Y:10 P:45 S:FC mem:002A5619 13:33604 tv:0.000001 CA: DEX
lcpuC PC:CB28 (D0 FA 20) A:00 X:67 Y:10 P:45 S:FC mem:002A5619 13:33602 tv:0.000000 D0: BNE
lcpuC PC:CB24 (9D FF 02) A:00 X:67 Y:10 P:45 S:FC mem:002A5619 13:33599 tv:0.000000 9D: STA abs,x
lcpuC PC:CB27 (CA D0 FA) A:00 X:67 Y:10 P:45 S:FC mem:002A5619 13:33594 tv:0.000001 CA: DEX
lcpuC PC:CB28 (D0 FA 20) A:00 X:66 Y:10 P:45 S:FC mem:002A5619 13:33592 tv:0.000001 D0: BNE
lcpuC PC:CB24 (9D FF 02) A:00 X:66 Y:10 P:45 S:FC mem:002A5619 13:33589 tv:0.000000 9D: STA abs,x
lcpuC PC:CB27 (CA D0 FA) A:00 X:66 Y:10 P:45 S:FC mem:002A5619 13:33584 tv:0.000001 CA: DEX
lcpuC PC:CB28 (D0 FA 20) A:00 X:65 Y:10 P:45 S:FC mem:002A5619 13:33582 tv:0.000000 D0: BNE
lcpuC PC:CB24 (9D FF 02) A:00 X:65 Y:10 P:45 S:FC mem:002A5619 13:33579 tv:0.000001 9D: STA abs,x
lcpuC PC:CB27 (CA D0 FA) A:00 X:65 Y:10 P:45 S:FC mem:002A5619 13:33574 tv:0.000001 CA: DEX
lcpuC PC:CB28 (D0 FA 20) A:00 X:64 Y:10 P:45 S:FC mem:002A5619 13:33572 tv:0.000001 D0: BNE
lcpuC PC:CB24 (9D FF 02) A:00 X:64 Y:10 P:45 S:FC mem:002A5619 13:33569 tv:0.000001 9D: STA abs,x
lcpuC PC:CB27 (CA D0 FA) A:00 X:64 Y:10 P:45 S:FC mem:002A5619 13:33564 tv:0.000001 CA: DEX
lcpuC PC:CB28 (D0 FA 20) A:00 X:63 Y:10 P:45 S:FC mem:002A5619 13:33562 tv:0.000001 D0: BNE
lcpuC PC:CB24 (9D FF 02) A:00 X:63 Y:10 P:45 S:FC mem:002A5619 13:33559 tv:0.000000 9D: STA abs,x
lcpuC PC:CB27 (CA D0 FA) A:00 X:63 Y:10 P:45 S:FC mem:002A5619 13:33554 tv:0.000000 CA: DEX
lcpuC PC:CB28 (D0 FA 20) A:00 X:62 Y:10 P:45 S:FC mem:002A5619 13:33552 tv:0.000000 D0: BNE
lcpuC PC:CB24 (9D FF 02) A:00 X:62 Y:10 P:45 S:FC mem:002A5619 13:33549 tv:0.000001 9D: STA abs,x
lcpuC PC:CB27 (CA D0 FA) A:00 X:62 Y:10 P:45 S:FC mem:002A5619 13:33544 tv:0.000000 CA: DEX
lcpuC PC:CB28 (D0 FA 20) A:00 X:61 Y:10 P:45 S:FC mem:002A5619 13:33542 tv:0.000001 D0: BNE
lcpuC PC:CB24 (9D FF 02) A:00 X:61 Y:10 P:45 S:FC mem:002A5619 13:33539 tv:0.000001 9D: STA abs,x
lcpuC PC:CB27 (CA D0 FA) A:00 X:61 Y:10 P:45 S:FC mem:002A5619 13:33534 tv:0.000001 CA: DEX
lcpuC PC:CB28 (D0 FA 20) A:00 X:60 Y:10 P:45 S:FC mem:002A5619 13:33532 tv:0.000000 D0: BNE
lcpuC PC:CB24 (9D FF 02) A:00 X:60 Y:10 P:45 S:FC mem:002A5619 13:33529 tv:0.000001 9D: STA abs,x
lcpuC PC:CB27 (CA D0 FA) A:00 X:60 Y:10 P:45 S:FC mem:002A5619 13:33524 tv:0.000001 CA: DEX
lcpuC PC:CB28 (D0 FA 20) A:00 X:5F Y:10 P:45 S:FC mem:002A5619 13:33522 tv:0.000000 D0: BNE
lcpuC PC:CB24 (9D FF 02) A:00 X:5F Y:10 P:45 S:FC mem:002A5619 13:33519 tv:0.000000 9D: STA abs,x
lcpuC PC:CB27 (CA D0 FA) A:00 X:5F Y:10 P:45 S:FC mem:002A5619 13:33514 tv:0.000001 CA: DEX
lcpuC PC:CB28 (D0 FA 20) A:00 X:5E Y:10 P:45 S:FC mem:002A5619 13:33512 tv:0.000000 D0: BNE
lcpuC PC:CB24 (9D FF 02) A:00 X:5E Y:10 P:45 S:FC mem:002A5619 13:33509 tv:0.000001 9D: STA abs,x
lcpuC PC:CB27 (CA D0 FA) A:00 X:5E Y:10 P:45 S:FC mem:002A5619 13:33504 tv:0.000001 CA: DEX
lcpuC PC:CB28 (D0 FA 20) A:00 X:5D Y:10 P:45 S:FC mem:002A5619 13:33502 tv:0.000001 D0: BNE
lcpuC PC:CB24 (9D FF 02) A:00 X:5D Y:10 P:45 S:FC mem:002A5619 13:33499 tv:0.000001 9D: STA abs,x
lcpuC PC:CB27 (CA D0 FA) A:00 X:5D Y:10 P:45 S:FC mem:002A5619 13:33494 tv:0.000000 CA: DEX
lcpuC PC:CB28 (D0 FA 20) A:00 X:5C Y:10 P:45 S:FC mem:002A5619 13:33492 tv:0.000001 D0: BNE
lcpuC PC:CB24 (9D FF 02) A:00 X:5C Y:10 P:45 S:FC mem:002A5619 13:33489 tv:0.000000 9D: STA abs,x
lcpuC PC:CB27 (CA D0 FA) A:00 X:5C Y:10 P:45 S:FC mem:002A5619 13:33484 tv:0.000001 CA: DEX
lcpuC PC:CB28 (D0 FA 20) A:00 X:5B Y:10 P:45 S:FC mem:002A5619 13:33482 tv:0.000001 D0: BNE
lcpuC PC:CB24 (9D FF 02) A:00 X:5B Y:10 P:45 S:FC mem:002A5619 13:33479 tv:0.000001 9D: STA abs,x
lcpuC PC:CB27 (CA D0 FA) A:00 X:5B Y:10 P:45 S:FC mem:002A5619 13:33474 tv:0.000000 CA: DEX
lcpuC PC:CB28 (D0 FA 20) A:00 X:5A Y:10 P:45 S:FC mem:002A5619 13:33472 tv:0.000001 D0: BNE
lcpuC PC:CB24 (9D FF 02) A:00 X:5A Y:10 P:45 S:FC mem:002A5619 13:33469 tv:0.000001 9D: STA abs,x
lcpuC PC:CB27 (CA D0 FA) A:00 X:5A Y:10 P:45 S:FC mem:002A5619 13:33464 tv:0.000001 CA: DEX
lcpuC PC:CB28 (D0 FA 20) A:00 X:59 Y:10 P:45 S:FC mem:002A5619 13:33462 tv:0.000001 D0: BNE
lcpuC PC:CB24 (9D FF 02) A:00 X:59 Y:10 P:45 S:FC mem:002A5619 13:33459 tv:0.000001 9D: STA abs,x
lcpuC PC:CB27 (CA D0 FA) A:00 X:59 Y:10 P:45 S:FC mem:002A5619 13:33454 tv:0.000001 CA: DEX
lcpuC PC:CB28 (D0 FA 20) A:00 X:58 Y:10 P:45 S:FC mem:002A5619 13:33452 tv:0.000001 D0: BNE
lcpuC PC:CB24 (9D FF 02) A:00 X:58 Y:10 P:45 S:FC mem:002A5619 13:33449 tv:0.000001 9D: STA abs,x
lcpuC PC:CB27 (CA D0 FA) A:00 X:58 Y:10 P:45 S:FC mem:002A5619 13:33444 tv:0.000001 CA: DEX
lcpuC PC:CB28 (D0 FA 20) A:00 X:57 Y:10 P:45 S:FC mem:002A5619 13:33442 tv:0.000001 D0: BNE
lcpuC PC:CB24 (9D FF 02) A:00 X:57 Y:10 P:45 S:FC mem:002A5619 13:33439 tv:0.000001 9D: STA abs,x
lcpuC PC:CB27 (CA D0 FA) A:00 X:57 Y:10 P:45 S:FC mem:002A5619 13:33434 tv:0.000001 CA: DEX
lcpuC PC:CB28 (D0 FA 20) A:00 X:56 Y:10 P:45 S:FC mem:002A5619 13:33432 tv:0.000001 D0: BNE
lcpuC PC:CB24 (9D FF 02) A:00 X:56 Y:10 P:45 S:FC mem:002A5619 13:33429 tv:0.000000 9D: STA abs,x
lcpuC PC:CB27 (CA D0 FA) A:00 X:56 Y:10 P:45 S:FC mem:002A5619 13:33424 tv:0.000000 CA: DEX
lcpuC PC:CB28 (D0 FA 20) A:00 X:55 Y:10 P:45 S:FC mem:002A5619 13:33422 tv:0.000001 D0: BNE
lcpuC PC:CB24 (9D FF 02) A:00 X:55 Y:10 P:45 S:FC mem:002A5619 13:33419 tv:0.000001 9D: STA abs,x
lcpuC PC:CB27 (CA D0 FA) A:00 X:55 Y:10 P:45 S:FC mem:002A5619 13:33414 tv:0.000000 CA: DEX
lcpuC PC:CB28 (D0 FA 20) A:00 X:54 Y:10 P:45 S:FC mem:002A5619 13:33412 tv:0.000001 D0: BNE
lcpuC PC:CB24 (9D FF 02) A:00 X:54 Y:10 P:45 S:FC mem:002A5619 13:33409 tv:0.000001 9D: STA abs,x
lcpuC PC:CB27 (CA D0 FA) A:00 X:54 Y:10 P:45 S:FC mem:002A5619 13:33404 tv:0.000000 CA: DEX
lcpuC PC:CB28 (D0 FA 20) A:00 X:53 Y:10 P:45 S:FC mem:002A5619 13:33402 tv:0.000000 D0: BNE
lcpuC PC:CB24 (9D FF 02) A:00 X:53 Y:10 P:45 S:FC mem:002A5619 13:33399 tv:0.000000 9D: STA abs,x
lcpuC PC:CB27 (CA D0 FA) A:00 X:53 Y:10 P:45 S:FC mem:002A5619 13:33394 tv:0.000000 CA: DEX
lcpuC PC:CB28 (D0 FA 20) A:00 X:52 Y:10 P:45 S:FC mem:002A5619 13:33392 tv:0.000000 D0: BNE
lcpuC PC:CB24 (9D FF 02) A:00 X:52 Y:10 P:45 S:FC mem:002A5619 13:33389 tv:0.000000 9D: STA abs,x
lcpuC PC:CB27 (CA D0 FA) A:00 X:52 Y:10 P:45 S:FC mem:002A5619 13:33384 tv:0.000001 CA: DEX
lcpuC PC:CB28 (D0 FA 20) A:00 X:51 Y:10 P:45 S:FC mem:002A5619 13:33382 tv:0.000001 D0: BNE
lcpuC PC:CB24 (9D FF 02) A:00 X:51 Y:10 P:45 S:FC mem:002A5619 13:33379 tv:0.000001 9D: STA abs,x
lcpuC PC:CB27 (CA D0 FA) A:00 X:51 Y:10 P:45 S:FC mem:002A5619 13:33374 tv:0.000000 CA: DEX
lcpuC PC:CB28 (D0 FA 20) A:00 X:50 Y:10 P:45 S:FC mem:002A5619 13:33372 tv:0.000000 D0: BNE
lcpuC PC:CB24 (9D FF 02) A:00 X:50 Y:10 P:45 S:FC mem:002A5619 13:33369 tv:0.000000 9D: STA abs,x
lcpuC PC:CB27 (CA D0 FA) A:00 X:50 Y:10 P:45 S:FC mem:002A5619 13:33364 tv:0.000000 CA: DEX
lcpuC PC:CB28 (D0 FA 20) A:00 X:4F Y:10 P:45 S:FC mem:002A5619 13:33362 tv:0.000001 D0: BNE
lcpuC PC:CB24 (9D FF 02) A:00 X:4F Y:10 P:45 S:FC mem:002A5619 13:33359 tv:0.000001 9D: STA abs,x
lcpuC PC:CB27 (CA D0 FA) A:00 X:4F Y:10 P:45 S:FC mem:002A5619 13:33354 tv:0.000001 CA: DEX
lcpuC PC:CB28 (D0 FA 20) A:00 X:4E Y:10 P:45 S:FC mem:002A5619 13:33352 tv:0.000000 D0: BNE
lcpuC PC:CB24 (9D FF 02) A:00 X:4E Y:10 P:45 S:FC mem:002A5619 13:33349 tv:0.000001 9D: STA abs,x
lcpuC PC:CB27 (CA D0 FA) A:00 X:4E Y:10 P:45 S:FC mem:002A5619 13:33344 tv:0.000001 CA: DEX
lcpuC PC:CB28 (D0 FA 20) A:00 X:4D Y:10 P:45 S:FC mem:002A5619 13:33342 tv:0.000000 D0: BNE
lcpuC PC:CB24 (9D FF 02) A:00 X:4D Y:10 P:45 S:FC mem:002A5619 13:33339 tv:0.000001 9D: STA abs,x
lcpuC PC:CB27 (CA D0 FA) A:00 X:4D Y:10 P:45 S:FC mem:002A5619 13:33334 tv:0.000001 CA: DEX
lcpuC PC:CB28 (D0 FA 20) A:00 X:4C Y:10 P:45 S:FC mem:002A5619 13:33332 tv:0.000000 D0: BNE
lcpuC PC:CB24 (9D FF 02) A:00 X:4C Y:10 P:45 S:FC mem:002A5619 13:33329 tv:0.000000 9D: STA abs,x
lcpuC PC:CB27 (CA D0 FA) A:00 X:4C Y:10 P:45 S:FC mem:002A5619 13:33324 tv:0.000001 CA: DEX
lcpuC PC:CB28 (D0 FA 20) A:00 X:4B Y:10 P:45 S:FC mem:002A5619 13:33322 tv:0.000000 D0: BNE
lcpuC PC:CB24 (9D FF 02) A:00 X:4B Y:10 P:45 S:FC mem:002A5619 13:33319 tv:0.000001 9D: STA abs,x
lcpuC PC:CB27 (CA D0 FA) A:00 X:4B Y:10 P:45 S:FC mem:002A5619 13:33314 tv:0.000001 CA: DEX
lcpuC PC:CB28 (D0 FA 20) A:00 X:4A Y:10 P:45 S:FC mem:002A5619 13:33312 tv:0.000000 D0: BNE
lcpuC PC:CB24 (9D FF 02) A:00 X:4A Y:10 P:45 S:FC mem:002A5619 13:33309 tv:0.000001 9D: STA abs,x
lcpuC PC:CB27 (CA D0 FA) A:00 X:4A Y:10 P:45 S:FC mem:002A5619 13:33304 tv:0.000001 CA: DEX
lcpuC PC:CB28 (D0 FA 20) A:00 X:49 Y:10 P:45 S:FC mem:002A5619 13:33302 tv:0.000001 D0: BNE
lcpuC PC:CB24 (9D FF 02) A:00 X:49 Y:10 P:45 S:FC mem:002A5619 13:33299 tv:0.000000 9D: STA abs,x
lcpuC PC:CB27 (CA D0 FA) A:00 X:49 Y:10 P:45 S:FC mem:002A5619 13:33294 tv:0.000001 CA: DEX
lcpuC PC:CB28 (D0 FA 20) A:00 X:48 Y:10 P:45 S:FC mem:002A5619 13:33292 tv:0.000001 D0: BNE
lcpuC PC:CB24 (9D FF 02) A:00 X:48 Y:10 P:45 S:FC mem:002A5619 13:33289 tv:0.000000 9D: STA abs,x
lcpuC PC:CB27 (CA D0 FA) A:00 X:48 Y:10 P:45 S:FC mem:002A5619 13:33284 tv:0.000001 CA: DEX
lcpuC PC:CB28 (D0 FA 20) A:00 X:47 Y:10 P:45 S:FC mem:002A5619 13:33282 tv:0.000001 D0: BNE
lcpuC PC:CB24 (9D FF 02) A:00 X:47 Y:10 P:45 S:FC mem:002A5619 13:33279 tv:0.000000 9D: STA abs,x
lcpuC PC:CB27 (CA D0 FA) A:00 X:47 Y:10 P:45 S:FC mem:002A5619 13:33274 tv:0.000001 CA: DEX
lcpuC PC:CB28 (D0 FA 20) A:00 X:46 Y:10 P:45 S:FC mem:002A5619 13:33272 tv:0.000001 D0: BNE
lcpuC PC:CB24 (9D FF 02) A:00 X:46 Y:10 P:45 S:FC mem:002A5619 13:33269 tv:0.000001 9D: STA abs,x
lcpuC PC:CB27 (CA D0 FA) A:00 X:46 Y:10 P:45 S:FC mem:002A5619 13:33264 tv:0.000001 CA: DEX
lcpuC PC:CB28 (D0 FA 20) A:00 X:45 Y:10 P:45 S:FC mem:002A5619 13:33262 tv:0.000000 D0: BNE
lcpuC PC:CB24 (9D FF 02) A:00 X:45 Y:10 P:45 S:FC mem:002A5619 13:33259 tv:0.000001 9D: STA abs,x
lcpuC PC:CB27 (CA D0 FA) A:00 X:45 Y:10 P:45 S:FC mem:002A5619 13:33254 tv:0.000001 CA: DEX
lcpuC PC:CB28 (D0 FA 20) A:00 X:44 Y:10 P:45 S:FC mem:002A5619 13:33252 tv:0.000005 D0: BNE
lcpuC PC:CB24 (9D FF 02) A:00 X:44 Y:10 P:45 S:FC mem:002A5619 13:33249 tv:0.000001 9D: STA abs,x
lcpuC PC:CB27 (CA D0 FA) A:00 X:44 Y:10 P:45 S:FC mem:002A5619 13:33244 tv:0.000001 CA: DEX
lcpuC PC:CB28 (D0 FA 20) A:00 X:43 Y:10 P:45 S:FC mem:002A5619 13:33242 tv:0.000001 D0: BNE
lcpuC PC:CB24 (9D FF 02) A:00 X:43 Y:10 P:45 S:FC mem:002A5619 13:33239 tv:0.000001 9D: STA abs,x
lcpuC PC:CB27 (CA D0 FA) A:00 X:43 Y:10 P:45 S:FC mem:002A5619 13:33234 tv:0.000000 CA: DEX
lcpuC PC:CB28 (D0 FA 20) A:00 X:42 Y:10 P:45 S:FC mem:002A5619 13:33232 tv:0.000000 D0: BNE
lcpuC PC:CB24 (9D FF 02) A:00 X:42 Y:10 P:45 S:FC mem:002A5619 13:33229 tv:0.000000 9D: STA abs,x
lcpuC PC:CB27 (CA D0 FA) A:00 X:42 Y:10 P:45 S:FC mem:002A5619 13:33224 tv:0.000001 CA: DEX
lcpuC PC:CB28 (D0 FA 20) A:00 X:41 Y:10 P:45 S:FC mem:002A5619 13:33222 tv:0.000001 D0: BNE
lcpuC PC:CB24 (9D FF 02) A:00 X:41 Y:10 P:45 S:FC mem:002A5619 13:33219 tv:0.000000 9D: STA abs,x
lcpuC PC:CB27 (CA D0 FA) A:00 X:41 Y:10 P:45 S:FC mem:002A5619 13:33214 tv:0.000001 CA: DEX
lcpuC PC:CB28 (D0 FA 20) A:00 X:40 Y:10 P:45 S:FC mem:002A5619 13:33212 tv:0.000000 D0: BNE
lcpuC PC:CB24 (9D FF 02) A:00 X:40 Y:10 P:45 S:FC mem:002A5619 13:33209 tv:0.000001 9D: STA abs,x
lcpuC PC:CB27 (CA D0 FA) A:00 X:40 Y:10 P:45 S:FC mem:002A5619 13:33204 tv:0.000001 CA: DEX
lcpuC PC:CB28 (D0 FA 20) A:00 X:3F Y:10 P:45 S:FC mem:002A5619 13:33202 tv:0.000001 D0: BNE
lcpuC PC:CB24 (9D FF 02) A:00 X:3F Y:10 P:45 S:FC mem:002A5619 13:33199 tv:0.000000 9D: STA abs,x
lcpuC PC:CB27 (CA D0 FA) A:00 X:3F Y:10 P:45 S:FC mem:002A5619 13:33194 tv:0.000001 CA: DEX
lcpuC PC:CB28 (D0 FA 20) A:00 X:3E Y:10 P:45 S:FC mem:002A5619 13:33192 tv:0.000000 D0: BNE
lcpuC PC:CB24 (9D FF 02) A:00 X:3E Y:10 P:45 S:FC mem:002A5619 13:33189 tv:0.000000 9D: STA abs,x
lcpuC PC:CB27 (CA D0 FA) A:00 X:3E Y:10 P:45 S:FC mem:002A5619 13:33184 tv:0.000001 CA: DEX
lcpuC PC:CB28 (D0 FA 20) A:00 X:3D Y:10 P:45 S:FC mem:002A5619 13:33182 tv:0.000001 D0: BNE
lcpuC PC:CB24 (9D FF 02) A:00 X:3D Y:10 P:45 S:FC mem:002A5619 13:33179 tv:0.000001 9D: STA abs,x
lcpuC PC:CB27 (CA D0 FA) A:00 X:3D Y:10 P:45 S:FC mem:002A5619 13:33174 tv:0.000001 CA: DEX
lcpuC PC:CB28 (D0 FA 20) A:00 X:3C Y:10 P:45 S:FC mem:002A5619 13:33172 tv:0.000001 D0: BNE
lcpuC PC:CB24 (9D FF 02) A:00 X:3C Y:10 P:45 S:FC mem:002A5619 13:33169 tv:0.000000 9D: STA abs,x
lcpuC PC:CB27 (CA D0 FA) A:00 X:3C Y:10 P:45 S:FC mem:002A5619 13:33164 tv:0.000010 CA: DEX
lcpuC PC:CB28 (D0 FA 20) A:00 X:3B Y:10 P:45 S:FC mem:002A5619 13:33162 tv:0.000001 D0: BNE
lcpuC PC:CB24 (9D FF 02) A:00 X:3B Y:10 P:45 S:FC mem:002A5619 13:33159 tv:0.000001 9D: STA abs,x
lcpuC PC:CB27 (CA D0 FA) A:00 X:3B Y:10 P:45 S:FC mem:002A5619 13:33154 tv:0.000001 CA: DEX
lcpuC PC:CB28 (D0 FA 20) A:00 X:3A Y:10 P:45 S:FC mem:002A5619 13:33152 tv:0.000001 D0: BNE
lcpuC PC:CB24 (9D FF 02) A:00 X:3A Y:10 P:45 S:FC mem:002A5619 13:33149 tv:0.000000 9D: STA abs,x
lcpuC PC:CB27 (CA D0 FA) A:00 X:3A Y:10 P:45 S:FC mem:002A5619 13:33144 tv:0.000001 CA: DEX
lcpuC PC:CB28 (D0 FA 20) A:00 X:39 Y:10 P:45 S:FC mem:002A5619 13:33142 tv:0.000000 D0: BNE
lcpuC PC:CB24 (9D FF 02) A:00 X:39 Y:10 P:45 S:FC mem:002A5619 13:33139 tv:0.000001 9D: STA abs,x
lcpuC PC:CB27 (CA D0 FA) A:00 X:39 Y:10 P:45 S:FC mem:002A5619 13:33134 tv:0.000000 CA: DEX
lcpuC PC:CB28 (D0 FA 20) A:00 X:38 Y:10 P:45 S:FC mem:002A5619 13:33132 tv:0.000000 D0: BNE
lcpuC PC:CB24 (9D FF 02) A:00 X:38 Y:10 P:45 S:FC mem:002A5619 13:33129 tv:0.000001 9D: STA abs,x
lcpuC PC:CB27 (CA D0 FA) A:00 X:38 Y:10 P:45 S:FC mem:002A5619 13:33124 tv:0.000001 CA: DEX
lcpuC PC:CB28 (D0 FA 20) A:00 X:37 Y:10 P:45 S:FC mem:002A5619 13:33122 tv:0.000000 D0: BNE
lcpuC PC:CB24 (9D FF 02) A:00 X:37 Y:10 P:45 S:FC mem:002A5619 13:33119 tv:0.000001 9D: STA abs,x
lcpuC PC:CB27 (CA D0 FA) A:00 X:37 Y:10 P:45 S:FC mem:002A5619 13:33114 tv:0.000001 CA: DEX
lcpuC PC:CB28 (D0 FA 20) A:00 X:36 Y:10 P:45 S:FC mem:002A5619 13:33112 tv:0.000000 D0: BNE
lcpuC PC:CB24 (9D FF 02) A:00 X:36 Y:10 P:45 S:FC mem:002A5619 13:33109 tv:0.000000 9D: STA abs,x
lcpuC PC:CB27 (CA D0 FA) A:00 X:36 Y:10 P:45 S:FC mem:002A5619 13:33104 tv:0.000001 CA: DEX
lcpuC PC:CB28 (D0 FA 20) A:00 X:35 Y:10 P:45 S:FC mem:002A5619 13:33102 tv:0.000001 D0: BNE
lcpuC PC:CB24 (9D FF 02) A:00 X:35 Y:10 P:45 S:FC mem:002A5619 13:33099 tv:0.000001 9D: STA abs,x
lcpuC PC:CB27 (CA D0 FA) A:00 X:35 Y:10 P:45 S:FC mem:002A5619 13:33094 tv:0.000001 CA: DEX
lcpuC PC:CB28 (D0 FA 20) A:00 X:34 Y:10 P:45 S:FC mem:002A5619 13:33092 tv:0.000000 D0: BNE
lcpuC PC:CB24 (9D FF 02) A:00 X:34 Y:10 P:45 S:FC mem:002A5619 13:33089 tv:0.000001 9D: STA abs,x
lcpuC PC:CB27 (CA D0 FA) A:00 X:34 Y:10 P:45 S:FC mem:002A5619 13:33084 tv:0.000000 CA: DEX
lcpuC PC:CB28 (D0 FA 20) A:00 X:33 Y:10 P:45 S:FC mem:002A5619 13:33082 tv:0.000001 D0: BNE
lcpuC PC:CB24 (9D FF 02) A:00 X:33 Y:10 P:45 S:FC mem:002A5619 13:33079 tv:0.000001 9D: STA abs,x
lcpuC PC:CB27 (CA D0 FA) A:00 X:33 Y:10 P:45 S:FC mem:002A5619 13:33074 tv:0.000009 CA: DEX
lcpuC PC:CB28 (D0 FA 20) A:00 X:32 Y:10 P:45 S:FC mem:002A5619 13:33072 tv:0.000000 D0: BNE
lcpuC PC:CB24 (9D FF 02) A:00 X:32 Y:10 P:45 S:FC mem:002A5619 13:33069 tv:0.000000 9D: STA abs,x
lcpuC PC:CB27 (CA D0 FA) A:00 X:32 Y:10 P:45 S:FC mem:002A5619 13:33064 tv:0.000001 CA: DEX
lcpuC PC:CB28 (D0 FA 20) A:00 X:31 Y:10 P:45 S:FC mem:002A5619 13:33062 tv:0.000001 D0: BNE
lcpuC PC:CB24 (9D FF 02) A:00 X:31 Y:10 P:45 S:FC mem:002A5619 13:33059 tv:0.000001 9D: STA abs,x
lcpuC PC:CB27 (CA D0 FA) A:00 X:31 Y:10 P:45 S:FC mem:002A5619 13:33054 tv:0.000001 CA: DEX
lcpuC PC:CB28 (D0 FA 20) A:00 X:30 Y:10 P:45 S:FC mem:002A5619 13:33052 tv:0.000001 D0: BNE
lcpuC PC:CB24 (9D FF 02) A:00 X:30 Y:10 P:45 S:FC mem:002A5619 13:33049 tv:0.000000 9D: STA abs,x
lcpuC PC:CB27 (CA D0 FA) A:00 X:30 Y:10 P:45 S:FC mem:002A5619 13:33044 tv:0.000001 CA: DEX
lcpuC PC:CB28 (D0 FA 20) A:00 X:2F Y:10 P:45 S:FC mem:002A5619 13:33042 tv:0.000001 D0: BNE
lcpuC PC:CB24 (9D FF 02) A:00 X:2F Y:10 P:45 S:FC mem:002A5619 13:33039 tv:0.000001 9D: STA abs,x
lcpuC PC:CB27 (CA D0 FA) A:00 X:2F Y:10 P:45 S:FC mem:002A5619 13:33034 tv:0.000001 CA: DEX
lcpuC PC:CB28 (D0 FA 20) A:00 X:2E Y:10 P:45 S:FC mem:002A5619 13:33032 tv:0.000001 D0: BNE
lcpuC PC:CB24 (9D FF 02) A:00 X:2E Y:10 P:45 S:FC mem:002A5619 13:33029 tv:0.000001 9D: STA abs,x
lcpuC PC:CB27 (CA D0 FA) A:00 X:2E Y:10 P:45 S:FC mem:002A5619 13:33024 tv:0.000001 CA: DEX
lcpuC PC:CB28 (D0 FA 20) A:00 X:2D Y:10 P:45 S:FC mem:002A5619 13:33022 tv:0.000001 D0: BNE
lcpuC PC:CB24 (9D FF 02) A:00 X:2D Y:10 P:45 S:FC mem:002A5619 13:33019 tv:0.000001 9D: STA abs,x
lcpuC PC:CB27 (CA D0 FA) A:00 X:2D Y:10 P:45 S:FC mem:002A5619 13:33014 tv:0.000001 CA: DEX
lcpuC PC:CB28 (D0 FA 20) A:00 X:2C Y:10 P:45 S:FC mem:002A5619 13:33012 tv:0.000000 D0: BNE
lcpuC PC:CB24 (9D FF 02) A:00 X:2C Y:10 P:45 S:FC mem:002A5619 13:33009 tv:0.000000 9D: STA abs,x
lcpuC PC:CB27 (CA D0 FA) A:00 X:2C Y:10 P:45 S:FC mem:002A5619 13:33004 tv:0.000001 CA: DEX
lcpuC PC:CB28 (D0 FA 20) A:00 X:2B Y:10 P:45 S:FC mem:002A5619 13:33002 tv:0.000001 D0: BNE
lcpuC PC:CB24 (9D FF 02) A:00 X:2B Y:10 P:45 S:FC mem:002A5619 13:32999 tv:0.000001 9D: STA abs,x
lcpuC PC:CB27 (CA D0 FA) A:00 X:2B Y:10 P:45 S:FC mem:002A5619 13:32994 tv:0.000000 CA: DEX
lcpuC PC:CB28 (D0 FA 20) A:00 X:2A Y:10 P:45 S:FC mem:002A5619 13:32992 tv:0.000000 D0: BNE
lcpuC PC:CB24 (9D FF 02) A:00 X:2A Y:10 P:45 S:FC mem:002A5619 13:32989 tv:0.000001 9D: STA abs,x
lcpuC PC:CB27 (CA D0 FA) A:00 X:2A Y:10 P:45 S:FC mem:002A5619 13:32984 tv:0.000001 CA: DEX
lcpuC PC:CB28 (D0 FA 20) A:00 X:29 Y:10 P:45 S:FC mem:002A5619 13:32982 tv:0.000000 D0: BNE
lcpuC PC:CB24 (9D FF 02) A:00 X:29 Y:10 P:45 S:FC mem:002A5619 13:32979 tv:0.000000 9D: STA abs,x
lcpuC PC:CB27 (CA D0 FA) A:00 X:29 Y:10 P:45 S:FC mem:002A5619 13:32974 tv:0.000001 CA: DEX
lcpuC PC:CB28 (D0 FA 20) A:00 X:28 Y:10 P:45 S:FC mem:002A5619 13:32972 tv:0.000000 D0: BNE
lcpuC PC:CB24 (9D FF 02) A:00 X:28 Y:10 P:45 S:FC mem:002A5619 13:32969 tv:0.000001 9D: STA abs,x
lcpuC PC:CB27 (CA D0 FA) A:00 X:28 Y:10 P:45 S:FC mem:002A5619 13:32964 tv:0.000000 CA: DEX
lcpuC PC:CB28 (D0 FA 20) A:00 X:27 Y:10 P:45 S:FC mem:002A5619 13:32962 tv:0.000000 D0: BNE
lcpuC PC:CB24 (9D FF 02) A:00 X:27 Y:10 P:45 S:FC mem:002A5619 13:32959 tv:0.000001 9D: STA abs,x
lcpuC PC:CB27 (CA D0 FA) A:00 X:27 Y:10 P:45 S:FC mem:002A5619 13:32954 tv:0.000000 CA: DEX
lcpuC PC:CB28 (D0 FA 20) A:00 X:26 Y:10 P:45 S:FC mem:002A5619 13:32952 tv:0.000001 D0: BNE
lcpuC PC:CB24 (9D FF 02) A:00 X:26 Y:10 P:45 S:FC mem:002A5619 13:32949 tv:0.000000 9D: STA abs,x
lcpuC PC:CB27 (CA D0 FA) A:00 X:26 Y:10 P:45 S:FC mem:002A5619 13:32944 tv:0.000001 CA: DEX
lcpuC PC:CB28 (D0 FA 20) A:00 X:25 Y:10 P:45 S:FC mem:002A5619 13:32942 tv:0.000001 D0: BNE
lcpuC PC:CB24 (9D FF 02) A:00 X:25 Y:10 P:45 S:FC mem:002A5619 13:32939 tv:0.000001 9D: STA abs,x
lcpuC PC:CB27 (CA D0 FA) A:00 X:25 Y:10 P:45 S:FC mem:002A5619 13:32934 tv:0.000001 CA: DEX
lcpuC PC:CB28 (D0 FA 20) A:00 X:24 Y:10 P:45 S:FC mem:002A5619 13:32932 tv:0.000000 D0: BNE
lcpuC PC:CB24 (9D FF 02) A:00 X:24 Y:10 P:45 S:FC mem:002A5619 13:32929 tv:0.000001 9D: STA abs,x
lcpuC PC:CB27 (CA D0 FA) A:00 X:24 Y:10 P:45 S:FC mem:002A5619 13:32924 tv:0.000001 CA: DEX
lcpuC PC:CB28 (D0 FA 20) A:00 X:23 Y:10 P:45 S:FC mem:002A5619 13:32922 tv:0.000000 D0: BNE
lcpuC PC:CB24 (9D FF 02) A:00 X:23 Y:10 P:45 S:FC mem:002A5619 13:32919 tv:0.000000 9D: STA abs,x
lcpuC PC:CB27 (CA D0 FA) A:00 X:23 Y:10 P:45 S:FC mem:002A5619 13:32914 tv:0.000001 CA: DEX
lcpuC PC:CB28 (D0 FA 20) A:00 X:22 Y:10 P:45 S:FC mem:002A5619 13:32912 tv:0.000001 D0: BNE
lcpuC PC:CB24 (9D FF 02) A:00 X:22 Y:10 P:45 S:FC mem:002A5619 13:32909 tv:0.000000 9D: STA abs,x
lcpuC PC:CB27 (CA D0 FA) A:00 X:22 Y:10 P:45 S:FC mem:002A5619 13:32904 tv:0.000001 CA: DEX
lcpuC PC:CB28 (D0 FA 20) A:00 X:21 Y:10 P:45 S:FC mem:002A5619 13:32902 tv:0.000001 D0: BNE
lcpuC PC:CB24 (9D FF 02) A:00 X:21 Y:10 P:45 S:FC mem:002A5619 13:32899 tv:0.000001 9D: STA abs,x
lcpuC PC:CB27 (CA D0 FA) A:00 X:21 Y:10 P:45 S:FC mem:002A5619 13:32894 tv:0.000001 CA: DEX
lcpuC PC:CB28 (D0 FA 20) A:00 X:20 Y:10 P:45 S:FC mem:002A5619 13:32892 tv:0.000000 D0: BNE
lcpuC PC:CB24 (9D FF 02) A:00 X:20 Y:10 P:45 S:FC mem:002A5619 13:32889 tv:0.000000 9D: STA abs,x
lcpuC PC:CB27 (CA D0 FA) A:00 X:20 Y:10 P:45 S:FC mem:002A5619 13:32884 tv:0.000001 CA: DEX
lcpuC PC:CB28 (D0 FA 20) A:00 X:1F Y:10 P:45 S:FC mem:002A5619 13:32882 tv:0.000000 D0: BNE
lcpuC PC:CB24 (9D FF 02) A:00 X:1F Y:10 P:45 S:FC mem:002A5619 13:32879 tv:0.000001 9D: STA abs,x
lcpuC PC:CB27 (CA D0 FA) A:00 X:1F Y:10 P:45 S:FC mem:002A5619 13:32874 tv:0.000001 CA: DEX
lcpuC PC:CB28 (D0 FA 20) A:00 X:1E Y:10 P:45 S:FC mem:002A5619 13:32872 tv:0.000000 D0: BNE
lcpuC PC:CB24 (9D FF 02) A:00 X:1E Y:10 P:45 S:FC mem:002A5619 13:32869 tv:0.000001 9D: STA abs,x
lcpuC PC:CB27 (CA D0 FA) A:00 X:1E Y:10 P:45 S:FC mem:002A5619 13:32864 tv:0.000000 CA: DEX
lcpuC PC:CB28 (D0 FA 20) A:00 X:1D Y:10 P:45 S:FC mem:002A5619 13:32862 tv:0.000001 D0: BNE
lcpuC PC:CB24 (9D FF 02) A:00 X:1D Y:10 P:45 S:FC mem:002A5619 13:32859 tv:0.000001 9D: STA abs,x
lcpuC PC:CB27 (CA D0 FA) A:00 X:1D Y:10 P:45 S:FC mem:002A5619 13:32854 tv:0.000001 CA: DEX
lcpuC PC:CB28 (D0 FA 20) A:00 X:1C Y:10 P:45 S:FC mem:002A5619 13:32852 tv:0.000000 D0: BNE
lcpuC PC:CB24 (9D FF 02) A:00 X:1C Y:10 P:45 S:FC mem:002A5619 13:32849 tv:0.000000 9D: STA abs,x
lcpuC PC:CB27 (CA D0 FA) A:00 X:1C Y:10 P:45 S:FC mem:002A5619 13:32844 tv:0.000001 CA: DEX
lcpuC PC:CB28 (D0 FA 20) A:00 X:1B Y:10 P:45 S:FC mem:002A5619 13:32842 tv:0.000001 D0: BNE
lcpuC PC:CB24 (9D FF 02) A:00 X:1B Y:10 P:45 S:FC mem:002A5619 13:32839 tv:0.000001 9D: STA abs,x
lcpuC PC:CB27 (CA D0 FA) A:00 X:1B Y:10 P:45 S:FC mem:002A5619 13:32834 tv:0.000001 CA: DEX
lcpuC PC:CB28 (D0 FA 20) A:00 X:1A Y:10 P:45 S:FC mem:002A5619 13:32832 tv:0.000001 D0: BNE
lcpuC PC:CB24 (9D FF 02) A:00 X:1A Y:10 P:45 S:FC mem:002A5619 13:32829 tv:0.000001 9D: STA abs,x
lcpuC PC:CB27 (CA D0 FA) A:00 X:1A Y:10 P:45 S:FC mem:002A5619 13:32824 tv:0.000000 CA: DEX
lcpuC PC:CB28 (D0 FA 20) A:00 X:19 Y:10 P:45 S:FC mem:002A5619 13:32822 tv:0.000001 D0: BNE
lcpuC PC:CB24 (9D FF 02) A:00 X:19 Y:10 P:45 S:FC mem:002A5619 13:32819 tv:0.000000 9D: STA abs,x
lcpuC PC:CB27 (CA D0 FA) A:00 X:19 Y:10 P:45 S:FC mem:002A5619 13:32814 tv:0.000001 CA: DEX
lcpuC PC:CB28 (D0 FA 20) A:00 X:18 Y:10 P:45 S:FC mem:002A5619 13:32812 tv:0.000001 D0: BNE
lcpuC PC:CB24 (9D FF 02) A:00 X:18 Y:10 P:45 S:FC mem:002A5619 13:32809 tv:0.000001 9D: STA abs,x
lcpuC PC:CB27 (CA D0 FA) A:00 X:18 Y:10 P:45 S:FC mem:002A5619 13:32804 tv:0.000001 CA: DEX
lcpuC PC:CB28 (D0 FA 20) A:00 X:17 Y:10 P:45 S:FC mem:002A5619 13:32802 tv:0.000000 D0: BNE
lcpuC PC:CB24 (9D FF 02) A:00 X:17 Y:10 P:45 S:FC mem:002A5619 13:32799 tv:0.000000 9D: STA abs,x
lcpuC PC:CB27 (CA D0 FA) A:00 X:17 Y:10 P:45 S:FC mem:002A5619 13:32794 tv:0.000001 CA: DEX
lcpuC PC:CB28 (D0 FA 20) A:00 X:16 Y:10 P:45 S:FC mem:002A5619 13:32792 tv:0.000001 D0: BNE
lcpuC PC:CB24 (9D FF 02) A:00 X:16 Y:10 P:45 S:FC mem:002A5619 13:32789 tv:0.000001 9D: STA abs,x
lcpuC PC:CB27 (CA D0 FA) A:00 X:16 Y:10 P:45 S:FC mem:002A5619 13:32784 tv:0.000001 CA: DEX
lcpuC PC:CB28 (D0 FA 20) A:00 X:15 Y:10 P:45 S:FC mem:002A5619 13:32782 tv:0.000000 D0: BNE
lcpuC PC:CB24 (9D FF 02) A:00 X:15 Y:10 P:45 S:FC mem:002A5619 13:32779 tv:0.000001 9D: STA abs,x
lcpuC PC:CB27 (CA D0 FA) A:00 X:15 Y:10 P:45 S:FC mem:002A5619 13:32774 tv:0.000001 CA: DEX
lcpuC PC:CB28 (D0 FA 20) A:00 X:14 Y:10 P:45 S:FC mem:002A5619 13:32772 tv:0.000000 D0: BNE
lcpuC PC:CB24 (9D FF 02) A:00 X:14 Y:10 P:45 S:FC mem:002A5619 13:32769 tv:0.000001 9D: STA abs,x
lcpuC PC:CB27 (CA D0 FA) A:00 X:14 Y:10 P:45 S:FC mem:002A5619 13:32764 tv:0.000001 CA: DEX
lcpuC PC:CB28 (D0 FA 20) A:00 X:13 Y:10 P:45 S:FC mem:002A5619 13:32762 tv:0.000001 D0: BNE
lcpuC PC:CB24 (9D FF 02) A:00 X:13 Y:10 P:45 S:FC mem:002A5619 13:32759 tv:0.000001 9D: STA abs,x
lcpuC PC:CB27 (CA D0 FA) A:00 X:13 Y:10 P:45 S:FC mem:002A5619 13:32754 tv:0.000001 CA: DEX
lcpuC PC:CB28 (D0 FA 20) A:00 X:12 Y:10 P:45 S:FC mem:002A5619 13:32752 tv:0.000000 D0: BNE
lcpuC PC:CB24 (9D FF 02) A:00 X:12 Y:10 P:45 S:FC mem:002A5619 13:32749 tv:0.000001 9D: STA abs,x
lcpuC PC:CB27 (CA D0 FA) A:00 X:12 Y:10 P:45 S:FC mem:002A5619 13:32744 tv:0.000001 CA: DEX
lcpuC PC:CB28 (D0 FA 20) A:00 X:11 Y:10 P:45 S:FC mem:002A5619 13:32742 tv:0.000000 D0: BNE
lcpuC PC:CB24 (9D FF 02) A:00 X:11 Y:10 P:45 S:FC mem:002A5619 13:32739 tv:0.000001 9D: STA abs,x
lcpuC PC:CB27 (CA D0 FA) A:00 X:11 Y:10 P:45 S:FC mem:002A5619 13:32734 tv:0.000001 CA: DEX
lcpuC PC:CB28 (D0 FA 20) A:00 X:10 Y:10 P:45 S:FC mem:002A5619 13:32732 tv:0.000001 D0: BNE
lcpuC PC:CB24 (9D FF 02) A:00 X:10 Y:10 P:45 S:FC mem:002A5619 13:32729 tv:0.000001 9D: STA abs,x
lcpuC PC:CB27 (CA D0 FA) A:00 X:10 Y:10 P:45 S:FC mem:002A5619 13:32724 tv:0.000001 CA: DEX
lcpuC PC:CB28 (D0 FA 20) A:00 X:0F Y:10 P:45 S:FC mem:002A5619 13:32722 tv:0.000001 D0: BNE
lcpuC PC:CB24 (9D FF 02) A:00 X:0F Y:10 P:45 S:FC mem:002A5619 13:32719 tv:0.000001 9D: STA abs,x
lcpuC PC:CB27 (CA D0 FA) A:00 X:0F Y:10 P:45 S:FC mem:002A5619 13:32714 tv:0.000001 CA: DEX
lcpuC PC:CB28 (D0 FA 20) A:00 X:0E Y:10 P:45 S:FC mem:002A5619 13:32712 tv:0.000001 D0: BNE
lcpuC PC:CB24 (9D FF 02) A:00 X:0E Y:10 P:45 S:FC mem:002A5619 13:32709 tv:0.000000 9D: STA abs,x
lcpuC PC:CB27 (CA D0 FA) A:00 X:0E Y:10 P:45 S:FC mem:002A5619 13:32704 tv:0.000001 CA: DEX
lcpuC PC:CB28 (D0 FA 20) A:00 X:0D Y:10 P:45 S:FC mem:002A5619 13:32702 tv:0.000001 D0: BNE
lcpuC PC:CB24 (9D FF 02) A:00 X:0D Y:10 P:45 S:FC mem:002A5619 13:32699 tv:0.000001 9D: STA abs,x
lcpuC PC:CB27 (CA D0 FA) A:00 X:0D Y:10 P:45 S:FC mem:002A5619 13:32694 tv:0.000001 CA: DEX
lcpuC PC:CB28 (D0 FA 20) A:00 X:0C Y:10 P:45 S:FC mem:002A5619 13:32692 tv:0.000001 D0: BNE
lcpuC PC:CB24 (9D FF 02) A:00 X:0C Y:10 P:45 S:FC mem:002A5619 13:32689 tv:0.000001 9D: STA abs,x
lcpuC PC:CB27 (CA D0 FA) A:00 X:0C Y:10 P:45 S:FC mem:002A5619 13:32684 tv:0.000001 CA: DEX
lcpuC PC:CB28 (D0 FA 20) A:00 X:0B Y:10 P:45 S:FC mem:002A5619 13:32682 tv:0.000000 D0: BNE
lcpuC PC:CB24 (9D FF 02) A:00 X:0B Y:10 P:45 S:FC mem:002A5619 13:32679 tv:0.000000 9D: STA abs,x
lcpuC PC:CB27 (CA D0 FA) A:00 X:0B Y:10 P:45 S:FC mem:002A5619 13:32674 tv:0.000000 CA: DEX
lcpuC PC:CB28 (D0 FA 20) A:00 X:0A Y:10 P:45 S:FC mem:002A5619 13:32672 tv:0.000001 D0: BNE
lcpuC PC:CB24 (9D FF 02) A:00 X:0A Y:10 P:45 S:FC mem:002A5619 13:32669 tv:0.000001 9D: STA abs,x
lcpuC PC:CB27 (CA D0 FA) A:00 X:0A Y:10 P:45 S:FC mem:002A5619 13:32664 tv:0.000001 CA: DEX
lcpuC PC:CB28 (D0 FA 20) A:00 X:09 Y:10 P:45 S:FC mem:002A5619 13:32662 tv:0.000001 D0: BNE
lcpuC PC:CB24 (9D FF 02) A:00 X:09 Y:10 P:45 S:FC mem:002A5619 13:32659 tv:0.000001 9D: STA abs,x
lcpuC PC:CB27 (CA D0 FA) A:00 X:09 Y:10 P:45 S:FC mem:002A5619 13:32654 tv:0.000001 CA: DEX
lcpuC PC:CB28 (D0 FA 20) A:00 X:08 Y:10 P:45 S:FC mem:002A5619 13:32652 tv:0.000000 D0: BNE
lcpuC PC:CB24 (9D FF 02) A:00 X:08 Y:10 P:45 S:FC mem:002A5619 13:32649 tv:0.000001 9D: STA abs,x
lcpuC PC:CB27 (CA D0 FA) A:00 X:08 Y:10 P:45 S:FC mem:002A5619 13:32644 tv:0.000000 CA: DEX
lcpuC PC:CB28 (D0 FA 20) A:00 X:07 Y:10 P:45 S:FC mem:002A5619 13:32642 tv:0.000001 D0: BNE
lcpuC PC:CB24 (9D FF 02) A:00 X:07 Y:10 P:45 S:FC mem:002A5619 13:32639 tv:0.000001 9D: STA abs,x
lcpuC PC:CB27 (CA D0 FA) A:00 X:07 Y:10 P:45 S:FC mem:002A5619 13:32634 tv:0.000000 CA: DEX
lcpuC PC:CB28 (D0 FA 20) A:00 X:06 Y:10 P:45 S:FC mem:002A5619 13:32632 tv:0.000000 D0: BNE
lcpuC PC:CB24 (9D FF 02) A:00 X:06 Y:10 P:45 S:FC mem:002A5619 13:32629 tv:0.000001 9D: STA abs,x
lcpuC PC:CB27 (CA D0 FA) A:00 X:06 Y:10 P:45 S:FC mem:002A5619 13:32624 tv:0.000001 CA: DEX
lcpuC PC:CB28 (D0 FA 20) A:00 X:05 Y:10 P:45 S:FC mem:002A5619 13:32622 tv:0.000001 D0: BNE
lcpuC PC:CB24 (9D FF 02) A:00 X:05 Y:10 P:45 S:FC mem:002A5619 13:32619 tv:0.000001 9D: STA abs,x
lcpuC PC:CB27 (CA D0 FA) A:00 X:05 Y:10 P:45 S:FC mem:002A5619 13:32614 tv:0.000001 CA: DEX
lcpuC PC:CB28 (D0 FA 20) A:00 X:04 Y:10 P:45 S:FC mem:002A5619 13:32612 tv:0.000001 D0: BNE
lcpuC PC:CB24 (9D FF 02) A:00 X:04 Y:10 P:45 S:FC mem:002A5619 13:32609 tv:0.000001 9D: STA abs,x
lcpuC PC:CB27 (CA D0 FA) A:00 X:04 Y:10 P:45 S:FC mem:002A5619 13:32604 tv:0.000000 CA: DEX
lcpuC PC:CB28 (D0 FA 20) A:00 X:03 Y:10 P:45 S:FC mem:002A5619 13:32602 tv:0.000000 D0: BNE
lcpuC PC:CB24 (9D FF 02) A:00 X:03 Y:10 P:45 S:FC mem:002A5619 13:32599 tv:0.000000 9D: STA abs,x
lcpuC PC:CB27 (CA D0 FA) A:00 X:03 Y:10 P:45 S:FC mem:002A5619 13:32594 tv:0.000001 CA: DEX
lcpuC PC:CB28 (D0 FA 20) A:00 X:02 Y:10 P:45 S:FC mem:002A5619 13:32592 tv:0.000001 D0: BNE
lcpuC PC:CB24 (9D FF 02) A:00 X:02 Y:10 P:45 S:FC mem:002A5619 13:32589 tv:0.000001 9D: STA abs,x
lcpuC PC:CB27 (CA D0 FA) A:00 X:02 Y:10 P:45 S:FC mem:002A5619 13:32584 tv:0.000001 CA: DEX
lcpuC PC:CB28 (D0 FA 20) A:00 X:01 Y:10 P:45 S:FC mem:002A5619 13:32582 tv:0.000000 D0: BNE
lcpuC PC:CB24 (9D FF 02) A:00 X:01 Y:10 P:45 S:FC mem:002A5619 13:32579 tv:0.000001 9D: STA abs,x
lcpuC PC:CB27 (CA D0 FA) A:00 X:01 Y:10 P:45 S:FC mem:002A5619 13:32574 tv:0.000000 CA: DEX
lcpuC PC:CB28 (D0 FA 20) A:00 X:00 Y:10 P:47 S:FC mem:002A5619 13:32572 tv:0.000001 D0: BNE
lcpuC PC:CB2A (20 07 CD) A:00 X:00 Y:10 P:47 S:FC mem:002A5619 13:32570 tv:0.000001 20: JSR
lcpuC PC:CD07 (A9 0F 8D) A:00 X:00 Y:10 P:47 S:FA mem:002A55F6 13:32564 tv:0.000001 A9: LDA imm
lcpuC PC:CD09 (8D 67 03) A:0F X:00 Y:10 P:45 S:FA mem:002A55F6 13:32562 tv:0.000002 8D: STA abs
lcpuC PC:CD0C (A9 0C A0) A:0F X:00 Y:10 P:45 S:FA mem:002A5605 13:32558 tv:0.000001 A9: LDA imm
lcpuC PC:CD0E (A0 06 99) A:0C X:00 Y:10 P:45 S:FA mem:002A5605 13:32556 tv:0.000001 A0: LDY imm
lcpuC PC:CD10 (99 68 03) A:0C X:00 Y:06 P:45 S:FA mem:002A5605 13:32554 tv:0.000000 99: STA abs,y
lcpuC PC:CD13 (88 10 FA) A:0C X:00 Y:06 P:45 S:FA mem:002A5611 13:32549 tv:0.000001 88: DEY
lcpuC PC:CD14 (10 FA E0) A:0C X:00 Y:05 P:45 S:FA mem:002A5611 13:32547 tv:0.000000 10: BPL
lcpuC PC:CD10 (99 68 03) A:0C X:00 Y:05 P:45 S:FA mem:002A5611 13:32544 tv:0.000000 99: STA abs,y
lcpuC PC:CD13 (88 10 FA) A:0C X:00 Y:05 P:45 S:FA mem:002A561D 13:32539 tv:0.000003 88: DEY
lcpuC PC:CD14 (10 FA E0) A:0C X:00 Y:04 P:45 S:FA mem:002A561D 13:32537 tv:0.000002 10: BPL
lcpuC PC:CD10 (99 68 03) A:0C X:00 Y:04 P:45 S:FA mem:002A561D 13:32534 tv:0.000002 99: STA abs,y
lcpuC PC:CD13 (88 10 FA) A:0C X:00 Y:04 P:45 S:FA mem:002A5629 13:32529 tv:0.000003 88: DEY
lcpuC PC:CD14 (10 FA E0) A:0C X:00 Y:03 P:45 S:FA mem:002A5629 13:32527 tv:0.000002 10: BPL
lcpuC PC:CD10 (99 68 03) A:0C X:00 Y:03 P:45 S:FA mem:002A5629 13:32524 tv:0.000001 99: STA abs,y
lcpuC PC:CD13 (88 10 FA) A:0C X:00 Y:03 P:45 S:FA mem:002A5635 13:32519 tv:0.000001 88: DEY
lcpuC PC:CD14 (10 FA E0) A:0C X:00 Y:02 P:45 S:FA mem:002A5635 13:32517 tv:0.000001 10: BPL
lcpuC PC:CD10 (99 68 03) A:0C X:00 Y:02 P:45 S:FA mem:002A5635 13:32514 tv:0.000000 99: STA abs,y
lcpuC PC:CD13 (88 10 FA) A:0C X:00 Y:02 P:45 S:FA mem:002A5641 13:32509 tv:0.000001 88: DEY
lcpuC PC:CD14 (10 FA E0) A:0C X:00 Y:01 P:45 S:FA mem:002A5641 13:32507 tv:0.000001 10: BPL
lcpuC PC:CD10 (99 68 03) A:0C X:00 Y:01 P:45 S:FA mem:002A5641 13:32504 tv:0.000001 99: STA abs,y
lcpuC PC:CD13 (88 10 FA) A:0C X:00 Y:01 P:45 S:FA mem:002A564D 13:32499 tv:0.000001 88: DEY
lcpuC PC:CD14 (10 FA E0) A:0C X:00 Y:00 P:47 S:FA mem:002A564D 13:32497 tv:0.000000 10: BPL
lcpuC PC:CD10 (99 68 03) A:0C X:00 Y:00 P:47 S:FA mem:002A564D 13:32494 tv:0.000001 99: STA abs,y
lcpuC PC:CD13 (88 10 FA) A:0C X:00 Y:00 P:47 S:FA mem:002A5659 13:32489 tv:0.000001 88: DEY
lcpuC PC:CD14 (10 FA E0) A:0C X:00 Y:FF P:C5 S:FA mem:002A5659 13:32487 tv:0.000000 10: BPL
lcpuC PC:CD16 (E0 07 90) A:0C X:00 Y:FF P:C5 S:FA mem:002A5659 13:32485 tv:0.000000 E0: CPX imm
lcpuC PC:CD18 (90 02 A2) A:0C X:00 Y:FF P:C4 S:FA mem:002A5659 13:32483 tv:0.000000 90: BCC
lcpuC PC:CD1C (8E 46 02) A:0C X:00 Y:FF P:C4 S:FA mem:002A5659 13:32480 tv:0.000000 8E: STX abs
lcpuC PC:CD1F (AD 43 02) A:0C X:00 Y:FF P:C4 S:FA mem:002A5659 13:32476 tv:0.000000 AD: LDA abs
lcpuC PC:CD22 (A2 00 EC) A:00 X:00 Y:FF P:46 S:FA mem:002A5659 13:32472 tv:0.000002 A2: LDX imm
lcpuC PC:CD24 (EC 46 02) A:00 X:00 Y:FF P:46 S:FA mem:002A5659 13:32470 tv:0.000001 EC: CPX abs
lcpuC PC:CD27 (B0 0B BC) A:00 X:00 Y:FF P:47 S:FA mem:002A5659 13:32466 tv:0.000002 B0: BCS
lcpuC PC:CD34 (8D 44 02) A:00 X:00 Y:FF P:47 S:FA mem:002A5659 13:32463 tv:0.000002 8D: STA abs
lcpuC PC:CD37 (A8 F0 CC) A:00 X:00 Y:FF P:47 S:FA mem:002A5659 13:32459 tv:0.000001 A8: TAY
lcpuC PC:CD38 (F0 CC A2) A:00 X:00 Y:00 P:47 S:FA mem:002A5659 13:32457 tv:0.000000 F0: BEQ
lcpuC PC:CD06 (60 A9 0F) A:00 X:00 Y:00 P:47 S:FA mem:002A5659 13:32454 tv:0.000001 60: RTS
lcpuC PC:CB2D (68 A2 7F) A:00 X:00 Y:00 P:47 S:FC mem:002A5659 13:32448 tv:0.000002 68: PLA
lcpuC PC:CB2E (A2 7F 8E) A:FF X:00 Y:00 P:C5 S:FD mem:002A5659 13:32444 tv:0.000001 A2: LDX imm
lcpuC PC:CB30 (8E 66 03) A:FF X:7F Y:00 P:45 S:FD mem:002A5659 13:32442 tv:0.000001 8E: STX abs
lcpuC PC:CB33 (2C 8E 02) A:FF X:7F Y:00 P:45 S:FD mem:002A56D8 13:32438 tv:0.000000 2C: BIT abs
lcpuC PC:CB36 (30 02 09) A:FF X:7F Y:00 P:85 S:FD mem:002A56D8 13:32434 tv:0.000001 30: BMI
lcpuC PC:CB3A (29 07 AA) A:FF X:7F Y:00 P:85 S:FD mem:002A56D8 13:32431 tv:0.000001 29: AND
lcpuC PC:CB3C (AA 8E 55) A:07 X:7F Y:00 P:05 S:FD mem:002A56D8 13:32428 tv:0.000001 AA: TAX
lcpuC PC:CB3D (8E 55 03) A:07 X:07 Y:00 P:05 S:FD mem:002A56D8 13:32426 tv:0.000001 8E: STX abs
lcpuC PC:CB40 (BD 14 C4) A:07 X:07 Y:00 P:05 S:FD mem:002A56DF 13:32422 tv:0.000001 BD: LDA abs,x
lcpuC PC:CB43 (8D 60 03) A:00 X:07 Y:00 P:07 S:FD mem:002A56DF 13:32418 tv:0.000001 8D: STA abs
lcpuC PC:CB46 (BD FF C3) A:00 X:07 Y:00 P:07 S:FD mem:002A56DF 13:32414 tv:0.000001 BD: LDA abs,x
lcpuC PC:CB49 (8D 4F 03) A:01 X:07 Y:00 P:05 S:FD mem:002A56DF 13:32410 tv:0.000000 8D: STA abs
lcpuC PC:CB4C (BD 3A C4) A:01 X:07 Y:00 P:05 S:FD mem:002A56E0 13:32406 tv:0.000000 BD: LDA abs,x
lcpuC PC:CB4F (8D 61 03) A:00 X:07 Y:00 P:07 S:FD mem:002A56E0 13:32402 tv:0.000000 8D: STA abs
lcpuC PC:CB52 (D0 02 A9) A:00 X:07 Y:00 P:07 S:FD mem:002A56E0 13:32398 tv:0.000000 D0: BNE
lcpuC PC:CB54 (A9 07 0A) A:00 X:07 Y:00 P:07 S:FD mem:002A56E0 13:32396 tv:0.000000 A9: LDA imm
lcpuC PC:CB56 (0A A8 B9) A:07 X:07 Y:00 P:05 S:FD mem:002A56E0 13:32394 tv:0.000000 0A: ASL A
lcpuC PC:CB57 (A8 B9 06) A:0E X:07 Y:00 P:04 S:FD mem:002A56E0 13:32392 tv:0.000001 A8: TAY
lcpuC PC:CB58 (B9 06 C4) A:0E X:07 Y:0E P:04 S:FD mem:002A56E0 13:32390 tv:0.000001 B9: LDA abs,y
lcpuC PC:CB5B (8D 63 03) A:01 X:07 Y:0E P:04 S:FD mem:002A56E0 13:32386 tv:0.000001 8D: STA abs
lcpuC PC:CB5E (0A 10 FD) A:01 X:07 Y:0E P:04 S:FD mem:002A56E1 13:32382 tv:0.000001 0A: ASL A
lcpuC PC:CB5F (10 FD 8D) A:02 X:07 Y:0E P:04 S:FD mem:002A56E1 13:32380 tv:0.000000 10: BPL
lcpuC PC:CB5E (0A 10 FD) A:02 X:07 Y:0E P:04 S:FD mem:002A56E1 13:32377 tv:0.000000 0A: ASL A
lcpuC PC:CB5F (10 FD 8D) A:04 X:07 Y:0E P:04 S:FD mem:002A56E1 13:32375 tv:0.000001 10: BPL
lcpuC PC:CB5E (0A 10 FD) A:04 X:07 Y:0E P:04 S:FD mem:002A56E1 13:32372 tv:0.000001 0A: ASL A
lcpuC PC:CB5F (10 FD 8D) A:08 X:07 Y:0E P:04 S:FD mem:002A56E1 13:32370 tv:0.000001 10: BPL
lcpuC PC:CB5E (0A 10 FD) A:08 X:07 Y:0E P:04 S:FD mem:002A56E1 13:32367 tv:0.000000 0A: ASL A
lcpuC PC:CB5F (10 FD 8D) A:10 X:07 Y:0E P:04 S:FD mem:002A56E1 13:32365 tv:0.000000 10: BPL
lcpuC PC:CB5E (0A 10 FD) A:10 X:07 Y:0E P:04 S:FD mem:002A56E1 13:32362 tv:0.000000 0A: ASL A
lcpuC PC:CB5F (10 FD 8D) A:20 X:07 Y:0E P:04 S:FD mem:002A56E1 13:32360 tv:0.000001 10: BPL
lcpuC PC:CB5E (0A 10 FD) A:20 X:07 Y:0E P:04 S:FD mem:002A56E1 13:32357 tv:0.000001 0A: ASL A
lcpuC PC:CB5F (10 FD 8D) A:40 X:07 Y:0E P:04 S:FD mem:002A56E1 13:32355 tv:0.000001 10: BPL
lcpuC PC:CB5E (0A 10 FD) A:40 X:07 Y:0E P:04 S:FD mem:002A56E1 13:32352 tv:0.000001 0A: ASL A
lcpuC PC:CB5F (10 FD 8D) A:80 X:07 Y:0E P:84 S:FD mem:002A56E1 13:32350 tv:0.000001 10: BPL
lcpuC PC:CB61 (8D 62 03) A:80 X:07 Y:0E P:84 S:FD mem:002A56E1 13:32348 tv:0.000001 8D: STA abs
lcpuC PC:CB64 (BC 40 C4) A:80 X:07 Y:0E P:84 S:FD mem:002A5761 13:32344 tv:0.000001 BC: LDY abs,x
lcpuC PC:CB67 (8C 56 03) A:80 X:07 Y:04 P:04 S:FD mem:002A5761 13:32340 tv:0.000000 8C: STY abs
lcpuC PC:CB6A (B9 4F C4) A:80 X:07 Y:04 P:04 S:FD mem:002A5765 13:32336 tv:0.000001 B9: LDA abs,y
lcpuC PC:CB6D (20 F8 E9) A:04 X:07 Y:04 P:04 S:FD mem:002A5765 13:32332 tv:0.000001 20: JSR
lcpuC PC:E9F8 (08 78 8D) A:04 X:07 Y:04 P:04 S:FB mem:002A56D5 13:32326 tv:0.000001 08: PHP
lcpuC PC:E9F9 (78 8D 40) A:04 X:07 Y:04 P:04 S:FA mem:002A56DD 13:32323 tv:0.000000 78: SEI
lcpuC PC:E9FA (8D 40 FE) A:04 X:07 Y:04 P:04 S:FA mem:002A56DD 13:32321 tv:0.000001 8D: STA abs
here! 0x000004 0x00e9fd 0xe6fa3010 0xcdde0ebc tv:0.000000 (cycle 32321  pc ~E9FA
writemem_ex! addr=FE40 val=04
lcpuC PC:E9FD (28 60 8A) A:04 X:07 Y:04 P:04 S:FA mem:002A56DD 13:32317 tv:0.000008 28: PLP
lcpuC PC:E9FE (60 8A 08) A:04 X:07 Y:04 P:04 S:FB mem:002A56DD 13:32313 tv:0.000001 60: RTS
lcpuC PC:CB70 (B9 4B C4) A:04 X:07 Y:04 P:04 S:FD mem:002A56DD 13:32307 tv:0.000001 B9: LDA abs,y
lcpuC PC:CB73 (20 F8 E9) A:04 X:07 Y:04 P:04 S:FD mem:002A56DD 13:32303 tv:0.000001 20: JSR
lcpuC PC:E9F8 (08 78 8D) A:04 X:07 Y:04 P:04 S:FB mem:002A56E3 13:32297 tv:0.000000 08: PHP
lcpuC PC:E9F9 (78 8D 40) A:04 X:07 Y:04 P:04 S:FA mem:002A56E3 13:32294 tv:0.000001 78: SEI
lcpuC PC:E9FA (8D 40 FE) A:04 X:07 Y:04 P:04 S:FA mem:002A56E3 13:32292 tv:0.000001 8D: STA abs
here! 0x000004 0x00e9fd 0xe6fa3010 0xcdde0ebc tv:0.000001 (cycle 32292  pc ~E9FA
writemem_ex! addr=FE40 val=04
lcpuC PC:E9FD (28 60 8A) A:04 X:07 Y:04 P:04 S:FA mem:002A56E3 13:32288 tv:0.000007 28: PLP
lcpuC PC:E9FE (60 8A 08) A:04 X:07 Y:04 P:04 S:FB mem:002A56E3 13:32284 tv:0.000000 60: RTS
lcpuC PC:CB76 (B9 59 C4) A:04 X:07 Y:04 P:04 S:FD mem:002A56E3 13:32278 tv:0.000001 B9: LDA abs,y
lcpuC PC:CB79 (8D 54 03) A:04 X:07 Y:04 P:04 S:FD mem:002A56E3 13:32274 tv:0.000001 8D: STA abs
lcpuC PC:CB7C (B9 5E C4) A:04 X:07 Y:04 P:04 S:FD mem:002A56E7 13:32270 tv:0.000000 B9: LDA abs,y
lcpuC PC:CB7F (8D 4E 03) A:7C X:07 Y:04 P:04 S:FD mem:002A56E7 13:32266 tv:0.000001 8D: STA abs
lcpuC PC:CB82 (98 69 02) A:7C X:07 Y:04 P:04 S:FD mem:002A5763 13:32262 tv:0.000001 98: TYA
lcpuC PC:CB83 (69 02 49) A:04 X:07 Y:04 P:04 S:FD mem:002A5763 13:32260 tv:0.000001 69: ADC imm
lcpuC PC:CB85 (49 07 4A) A:06 X:07 Y:04 P:04 S:FD mem:002A5763 13:32258 tv:0.000001 49: EOR imm
lcpuC PC:CB87 (4A AA BD) A:01 X:07 Y:04 P:04 S:FD mem:002A5763 13:32256 tv:0.000000 4A: LSR A
lcpuC PC:CB88 (AA BD 66) A:00 X:07 Y:04 P:07 S:FD mem:002A5763 13:32254 tv:0.000001 AA: TAX
lcpuC PC:CB89 (BD 66 C4) A:00 X:00 Y:04 P:07 S:FD mem:002A5763 13:32252 tv:0.000000 BD: LDA abs,x
lcpuC PC:CB8C (85 E0 A9) A:B5 X:00 Y:04 P:85 S:FD mem:002A5763 13:32248 tv:0.000000 85: STA zp
lcpuC PC:CB8E (A9 C3 85) A:B5 X:00 Y:04 P:85 S:FD mem:002A5818 13:32245 tv:0.000001 A9: LDA imm
lcpuC PC:CB90 (85 E1 BD) A:C3 X:00 Y:04 P:85 S:FD mem:002A5818 13:32243 tv:0.000000 85: STA zp
lcpuC PC:CB92 (BD 63 C4) A:C3 X:00 Y:04 P:85 S:FD mem:002A58DB 13:32240 tv:0.000001 BD: LDA abs,x
lcpuC PC:CB95 (8D 52 03) A:28 X:00 Y:04 P:05 S:FD mem:002A58DB 13:32236 tv:0.000001 8D: STA abs
lcpuC PC:CB98 (8E 53 03) A:28 X:00 Y:04 P:05 S:FD mem:002A5903 13:32232 tv:0.000001 8E: STX abs
lcpuC PC:CB9B (A9 43 20) A:28 X:00 Y:04 P:05 S:FD mem:002A5903 13:32228 tv:0.000000 A9: LDA imm
lcpuC PC:CB9D (20 A8 C5) A:43 X:00 Y:04 P:05 S:FD mem:002A5903 13:32226 tv:0.000001 20: JSR
lcpuC PC:C5A8 (25 D0 85) A:43 X:00 Y:04 P:05 S:FB mem:002A592D 13:32220 tv:0.000009 25: AND zp
lcpuC PC:C5AA (85 D0 60) A:00 X:00 Y:04 P:07 S:FB mem:002A592D 13:32217 tv:0.000000 85: STA zp
lcpuC PC:C5AC (60 AD 61) A:00 X:00 Y:04 P:07 S:FB mem:002A592D 13:32214 tv:0.000000 60: RTS
lcpuC PC:CBA0 (AE 55 03) A:00 X:00 Y:04 P:07 S:FD mem:002A592D 13:32208 tv:0.000002 AE: LDX abs
lcpuC PC:CBA3 (BD F7 C3) A:00 X:07 Y:04 P:05 S:FD mem:002A592D 13:32204 tv:0.000001 BD: LDA abs,x
lcpuC PC:CBA6 (20 00 EA) A:4B X:07 Y:04 P:05 S:FD mem:002A592D 13:32200 tv:0.000001 20: JSR
lcpuC PC:EA00 (08 78 8D) A:4B X:07 Y:04 P:05 S:FB mem:002A5936 13:32194 tv:0.000001 08: PHP
lcpuC PC:EA01 (78 8D 48) A:4B X:07 Y:04 P:05 S:FA mem:002A5937 13:32191 tv:0.000000 78: SEI
lcpuC PC:EA02 (8D 48 02) A:4B X:07 Y:04 P:05 S:FA mem:002A5937 13:32189 tv:0.000001 8D: STA abs
lcpuC PC:EA05 (8D 20 FE) A:4B X:07 Y:04 P:05 S:FA mem:002A5982 13:32185 tv:0.000001 8D: STA abs
here! 0x00004b 0x00ea08 0xe6fa3010 0xcdde0ebc tv:0.000000 (cycle 32185  pc ~EA05
writemem_ex! addr=FE20 val=4B
lcpuC PC:EA08 (AD 53 02) A:4B X:07 Y:04 P:05 S:FA mem:002A5982 13:32181 tv:0.000018 AD: LDA abs
lcpuC PC:EA0B (8D 51 02) A:19 X:07 Y:04 P:05 S:FA mem:002A5982 13:32177 tv:0.000001 8D: STA abs
lcpuC PC:EA0E (28 60 8A) A:19 X:07 Y:04 P:05 S:FA mem:002A5982 13:32173 tv:0.000001 28: PLP
lcpuC PC:EA0F (60 8A 49) A:19 X:07 Y:04 P:05 S:FB mem:002A5982 13:32169 tv:0.000000 60: RTS
lcpuC PC:CBA9 (08 78 BE) A:19 X:07 Y:04 P:05 S:FD mem:002A5982 13:32163 tv:0.000001 08: PHP
lcpuC PC:CBAA (78 BE 69) A:19 X:07 Y:04 P:05 S:FC mem:002A58EC 13:32160 tv:0.000001 78: SEI
lcpuC PC:CBAB (BE 69 C4) A:19 X:07 Y:04 P:05 S:FC mem:002A58EC 13:32158 tv:0.000001 BE: LDX abs,y
lcpuC PC:CBAE (A0 0B BD) A:19 X:3B Y:04 P:05 S:FC mem:002A58EC 13:32154 tv:0.000001 A0: LDY imm
lcpuC PC:CBB0 (BD 6E C4) A:19 X:3B Y:0B P:05 S:FC mem:002A58EC 13:32152 tv:0.000000 BD: LDA abs,x
lcpuC PC:CBB3 (20 5E C9) A:13 X:3B Y:0B P:05 S:FC mem:002A58EC 13:32148 tv:0.000000 20: JSR
lcpuC PC:C95E (C0 07 90) A:13 X:3B Y:0B P:05 S:FA mem:002A598F 13:32142 tv:0.000000 C0: CPY imm
lcpuC PC:C960 (90 23 D0) A:13 X:3B Y:0B P:05 S:FA mem:002A598F 13:32140 tv:0.000001 90: BCC
lcpuC PC:C962 (D0 03 6D) A:13 X:3B Y:0B P:05 S:FA mem:002A598F 13:32138 tv:0.000000 D0: BNE
lcpuC PC:C967 (C0 08 D0) A:13 X:3B Y:0B P:05 S:FA mem:002A598F 13:32135 tv:0.000001 C0: CPY imm
lcpuC PC:C969 (D0 07 09) A:13 X:3B Y:0B P:05 S:FA mem:002A598F 13:32133 tv:0.000000 D0: BNE
lcpuC PC:C972 (C0 0A D0) A:13 X:3B Y:0B P:05 S:FA mem:002A598F 13:32130 tv:0.000001 C0: CPY imm
lcpuC PC:C974 (D0 0F 8D) A:13 X:3B Y:0B P:05 S:FA mem:002A598F 13:32128 tv:0.000001 D0: BNE
lcpuC PC:C985 (8C 00 FE) A:13 X:3B Y:0B P:05 S:FA mem:002A598F 13:32125 tv:0.000001 8C: STY abs
here! 0x00000b 0x00c988 0xe6fa3010 0xcdde0ebc tv:0.000000 (cycle 32125  pc ~C985
writemem_ex! addr=FE00 val=0B
lcpuC PC:C988 (8D 01 FE) A:13 X:3B Y:0B P:05 S:FA mem:002A598F 13:32121 tv:0.000007 8D: STA abs
here! 0x000013 0x00c98b 0xe6fa3010 0xcdde0ebc tv:0.000000 (cycle 32121  pc ~C988
writemem_ex! addr=FE01 val=13
lcpuC PC:C98B (60 AE 61) A:13 X:3B Y:0B P:05 S:FA mem:002A598F 13:32117 tv:0.000007 60: RTS
lcpuC PC:CBB6 (CA 88 10) A:13 X:3B Y:0B P:05 S:FC mem:002A598F 13:32111 tv:0.000002 CA: DEX
lcpuC PC:CBB7 (88 10 F6) A:13 X:3A Y:0B P:05 S:FC mem:002A598F 13:32109 tv:0.000000 88: DEY
lcpuC PC:CBB8 (10 F6 28) A:13 X:3A Y:0A P:05 S:FC mem:002A598F 13:32107 tv:0.000001 10: BPL
lcpuC PC:CBB0 (BD 6E C4) A:13 X:3A Y:0A P:05 S:FC mem:002A598F 13:32104 tv:0.000000 BD: LDA abs,x
lcpuC PC:CBB3 (20 5E C9) A:72 X:3A Y:0A P:05 S:FC mem:002A598F 13:32100 tv:0.000000 20: JSR
lcpuC PC:C95E (C0 07 90) A:72 X:3A Y:0A P:05 S:FA mem:002A598F 13:32094 tv:0.000001 C0: CPY imm
lcpuC PC:C960 (90 23 D0) A:72 X:3A Y:0A P:05 S:FA mem:002A598F 13:32092 tv:0.000002 90: BCC
lcpuC PC:C962 (D0 03 6D) A:72 X:3A Y:0A P:05 S:FA mem:002A598F 13:32090 tv:0.000002 D0: BNE
lcpuC PC:C967 (C0 08 D0) A:72 X:3A Y:0A P:05 S:FA mem:002A598F 13:32087 tv:0.000001 C0: CPY imm
lcpuC PC:C969 (D0 07 09) A:72 X:3A Y:0A P:05 S:FA mem:002A598F 13:32085 tv:0.000001 D0: BNE
lcpuC PC:C972 (C0 0A D0) A:72 X:3A Y:0A P:05 S:FA mem:002A598F 13:32082 tv:0.000001 C0: CPY imm
lcpuC PC:C974 (D0 0F 8D) A:72 X:3A Y:0A P:07 S:FA mem:002A598F 13:32080 tv:0.000000 D0: BNE
lcpuC PC:C976 (8D 5F 03) A:72 X:3A Y:0A P:07 S:FA mem:002A598F 13:32078 tv:0.000000 8D: STA abs
lcpuC PC:C979 (A8 A5 D0) A:72 X:3A Y:0A P:07 S:FA mem:002A5A01 13:32074 tv:0.000001 A8: TAY
lcpuC PC:C97A (A5 D0 29) A:72 X:3A Y:72 P:05 S:FA mem:002A5A01 13:32072 tv:0.000000 A5: LDA zp
lcpuC PC:C97C (29 20 08) A:00 X:3A Y:72 P:07 S:FA mem:002A5A01 13:32069 tv:0.000001 29: AND
lcpuC PC:C97E (08 98 A0) A:00 X:3A Y:72 P:07 S:FA mem:002A5A01 13:32066 tv:0.000001 08: PHP
lcpuC PC:C97F (98 A0 0A) A:00 X:3A Y:72 P:07 S:F9 mem:002A5994 13:32063 tv:0.000000 98: TYA
lcpuC PC:C980 (A0 0A 28) A:72 X:3A Y:72 P:05 S:F9 mem:002A5994 13:32061 tv:0.000001 A0: LDY imm
lcpuC PC:C982 (28 D0 06) A:72 X:3A Y:0A P:05 S:F9 mem:002A5994 13:32059 tv:0.000000 28: PLP
lcpuC PC:C983 (D0 06 8C) A:72 X:3A Y:0A P:07 S:FA mem:002A5994 13:32055 tv:0.000001 D0: BNE
lcpuC PC:C985 (8C 00 FE) A:72 X:3A Y:0A P:07 S:FA mem:002A5994 13:32053 tv:0.000000 8C: STY abs
here! 0x00000a 0x00c988 0xe6fa3010 0xcdde0ebc tv:0.000000 (cycle 32053  pc ~C985
writemem_ex! addr=FE00 val=0A
lcpuC PC:C988 (8D 01 FE) A:72 X:3A Y:0A P:07 S:FA mem:002A5994 13:32049 tv:0.000007 8D: STA abs
here! 0x000072 0x00c98b 0xe6fa3010 0xcdde0ebc tv:0.000000 (cycle 32049  pc ~C988
writemem_ex! addr=FE01 val=72
lcpuC PC:C98B (60 AE 61) A:72 X:3A Y:0A P:07 S:FA mem:002A5994 13:32045 tv:0.000007 60: RTS
lcpuC PC:CBB6 (CA 88 10) A:72 X:3A Y:0A P:07 S:FC mem:002A5994 13:32039 tv:0.000000 CA: DEX
lcpuC PC:CBB7 (88 10 F6) A:72 X:39 Y:0A P:05 S:FC mem:002A5994 13:32037 tv:0.000001 88: DEY
lcpuC PC:CBB8 (10 F6 28) A:72 X:39 Y:09 P:05 S:FC mem:002A5994 13:32035 tv:0.000000 10: BPL
lcpuC PC:CBB0 (BD 6E C4) A:72 X:39 Y:09 P:05 S:FC mem:002A5994 13:32032 tv:0.000001 BD: LDA abs,x
lcpuC PC:CBB3 (20 5E C9) A:12 X:39 Y:09 P:05 S:FC mem:002A5994 13:32028 tv:0.000001 20: JSR
lcpuC PC:C95E (C0 07 90) A:12 X:39 Y:09 P:05 S:FA mem:002A5994 13:32022 tv:0.000001 C0: CPY imm
lcpuC PC:C960 (90 23 D0) A:12 X:39 Y:09 P:05 S:FA mem:002A5994 13:32020 tv:0.000001 90: BCC
lcpuC PC:C962 (D0 03 6D) A:12 X:39 Y:09 P:05 S:FA mem:002A5994 13:32018 tv:0.000000 D0: BNE
lcpuC PC:C967 (C0 08 D0) A:12 X:39 Y:09 P:05 S:FA mem:002A5994 13:32015 tv:0.000000 C0: CPY imm
lcpuC PC:C969 (D0 07 09) A:12 X:39 Y:09 P:05 S:FA mem:002A5994 13:32013 tv:0.000001 D0: BNE
lcpuC PC:C972 (C0 0A D0) A:12 X:39 Y:09 P:05 S:FA mem:002A5994 13:32010 tv:0.000000 C0: CPY imm
lcpuC PC:C974 (D0 0F 8D) A:12 X:39 Y:09 P:84 S:FA mem:002A5994 13:32008 tv:0.000000 D0: BNE
lcpuC PC:C985 (8C 00 FE) A:12 X:39 Y:09 P:84 S:FA mem:002A5994 13:32005 tv:0.000000 8C: STY abs
here! 0x000009 0x00c988 0xe6fa3010 0xcdde0ebc tv:0.000000 (cycle 32005  pc ~C985
writemem_ex! addr=FE00 val=09
lcpuC PC:C988 (8D 01 FE) A:12 X:39 Y:09 P:84 S:FA mem:002A5994 13:32001 tv:0.000007 8D: STA abs
here! 0x000012 0x00c98b 0xe6fa3010 0xcdde0ebc tv:0.000000 (cycle 32001  pc ~C988
writemem_ex! addr=FE01 val=12
lcpuC PC:C98B (60 AE 61) A:12 X:39 Y:09 P:84 S:FA mem:002A5994 13:31997 tv:0.000015 60: RTS
lcpuC PC:CBB6 (CA 88 10) A:12 X:39 Y:09 P:84 S:FC mem:002A5994 13:31991 tv:0.000005 CA: DEX
lcpuC PC:CBB7 (88 10 F6) A:12 X:38 Y:09 P:04 S:FC mem:002A5994 13:31989 tv:0.000004 88: DEY
lcpuC PC:CBB8 (10 F6 28) A:12 X:38 Y:08 P:04 S:FC mem:002A5994 13:31987 tv:0.000001 10: BPL
lcpuC PC:CBB0 (BD 6E C4) A:12 X:38 Y:08 P:04 S:FC mem:002A5994 13:31984 tv:0.000004 BD: LDA abs,x
lcpuC PC:CBB3 (20 5E C9) A:93 X:38 Y:08 P:84 S:FC mem:002A5994 13:31980 tv:0.000004 20: JSR
lcpuC PC:C95E (C0 07 90) A:93 X:38 Y:08 P:84 S:FA mem:002A5994 13:31974 tv:0.000005 C0: CPY imm
lcpuC PC:C960 (90 23 D0) A:93 X:38 Y:08 P:05 S:FA mem:002A5994 13:31972 tv:0.000005 90: BCC
lcpuC PC:C962 (D0 03 6D) A:93 X:38 Y:08 P:05 S:FA mem:002A5994 13:31970 tv:0.000001 D0: BNE
lcpuC PC:C967 (C0 08 D0) A:93 X:38 Y:08 P:05 S:FA mem:002A5994 13:31967 tv:0.000004 C0: CPY imm
lcpuC PC:C969 (D0 07 09) A:93 X:38 Y:08 P:07 S:FA mem:002A5994 13:31965 tv:0.000004 D0: BNE
lcpuC PC:C96B (09 00 30) A:93 X:38 Y:08 P:07 S:FA mem:002A5994 13:31963 tv:0.010679 09: ORA imm
lcpuC PC:C96D (30 03 4D) A:93 X:38 Y:08 P:85 S:FA mem:002A5994 13:31961 tv:0.000003 30: BMI
lcpuC PC:C972 (C0 0A D0) A:93 X:38 Y:08 P:85 S:FA mem:002A5994 13:31958 tv:0.000001 C0: CPY imm
lcpuC PC:C974 (D0 0F 8D) A:93 X:38 Y:08 P:84 S:FA mem:002A5994 13:31956 tv:0.000001 D0: BNE
lcpuC PC:C985 (8C 00 FE) A:93 X:38 Y:08 P:84 S:FA mem:002A5994 13:31953 tv:0.000001 8C: STY abs
here! 0x000008 0x00c988 0xe6fa3010 0xcdde0ebc tv:0.000001 (cycle 31953  pc ~C985
writemem_ex! addr=FE00 val=08
lcpuC PC:C988 (8D 01 FE) A:93 X:38 Y:08 P:84 S:FA mem:002A5994 13:31949 tv:0.000009 8D: STA abs
here! 0x000093 0x00c98b 0xe6fa3010 0xcdde0ebc tv:0.000000 (cycle 31949  pc ~C988
writemem_ex! addr=FE01 val=93
lcpuC PC:C98B (60 AE 61) A:93 X:38 Y:08 P:84 S:FA mem:002A5994 13:31945 tv:0.000007 60: RTS
lcpuC PC:CBB6 (CA 88 10) A:93 X:38 Y:08 P:84 S:FC mem:002A5994 13:31939 tv:0.004260 CA: DEX
lcpuC PC:CBB7 (88 10 F6) A:93 X:37 Y:08 P:04 S:FC mem:002A5994 13:31937 tv:0.000001 88: DEY
lcpuC PC:CBB8 (10 F6 28) A:93 X:37 Y:07 P:04 S:FC mem:002A5994 13:31935 tv:0.000001 10: BPL
lcpuC PC:CBB0 (BD 6E C4) A:93 X:37 Y:07 P:04 S:FC mem:002A5994 13:31932 tv:0.000001 BD: LDA abs,x
lcpuC PC:CBB3 (20 5E C9) A:1B X:37 Y:07 P:04 S:FC mem:002A5994 13:31928 tv:0.000002 20: JSR
lcpuC PC:C95E (C0 07 90) A:1B X:37 Y:07 P:04 S:FA mem:002A5994 13:31922 tv:0.017681 C0: CPY imm
lcpuC PC:C960 (90 23 D0) A:1B X:37 Y:07 P:07 S:FA mem:002A5994 13:31920 tv:0.000005 90: BCC
lcpuC PC:C962 (D0 03 6D) A:1B X:37 Y:07 P:07 S:FA mem:002A5994 13:31918 tv:0.000002 D0: BNE
lcpuC PC:C964 (6D 90 02) A:1B X:37 Y:07 P:07 S:FA mem:002A5994 13:31916 tv:0.000002 6D: ADC abs
lcpuC PC:C967 (C0 08 D0) A:1C X:37 Y:07 P:04 S:FA mem:002A5994 13:31912 tv:0.000001 C0: CPY imm
lcpuC PC:C969 (D0 07 09) A:1C X:37 Y:07 P:84 S:FA mem:002A5994 13:31910 tv:0.000001 D0: BNE
lcpuC PC:C972 (C0 0A D0) A:1C X:37 Y:07 P:84 S:FA mem:002A5994 13:31907 tv:0.000001 C0: CPY imm
lcpuC PC:C974 (D0 0F 8D) A:1C X:37 Y:07 P:84 S:FA mem:002A5994 13:31905 tv:0.000001 D0: BNE
lcpuC PC:C985 (8C 00 FE) A:1C X:37 Y:07 P:84 S:FA mem:002A5994 13:31902 tv:0.000001 8C: STY abs
here! 0x000007 0x00c988 0xe6fa3010 0xcdde0ebc tv:0.000000 (cycle 31902  pc ~C985
writemem_ex! addr=FE00 val=07
lcpuC PC:C988 (8D 01 FE) A:1C X:37 Y:07 P:84 S:FA mem:002A5994 13:31898 tv:0.014364 8D: STA abs
here! 0x00001c 0x00c98b 0xe6fa3010 0xcdde0ebc tv:0.000000 (cycle 31898  pc ~C988
writemem_ex! addr=FE01 val=1C
lcpuC PC:C98B (60 AE 61) A:1C X:37 Y:07 P:84 S:FA mem:002A5994 13:31894 tv:0.000013 60: RTS
lcpuC PC:CBB6 (CA 88 10) A:1C X:37 Y:07 P:84 S:FC mem:002A5994 13:31888 tv:0.000001 CA: DEX
lcpuC PC:CBB7 (88 10 F6) A:1C X:36 Y:07 P:04 S:FC mem:002A5994 13:31886 tv:0.000001 88: DEY
lcpuC PC:CBB8 (10 F6 28) A:1C X:36 Y:06 P:04 S:FC mem:002A5994 13:31884 tv:0.000001 10: BPL
lcpuC PC:CBB0 (BD 6E C4) A:1C X:36 Y:06 P:04 S:FC mem:002A5994 13:31881 tv:0.000001 BD: LDA abs,x
lcpuC PC:CBB3 (20 5E C9) A:19 X:36 Y:06 P:04 S:FC mem:002A5994 13:31877 tv:0.000002 20: JSR
lcpuC PC:C95E (C0 07 90) A:19 X:36 Y:06 P:04 S:FA mem:002A5994 13:31871 tv:0.000002 C0: CPY imm
lcpuC PC:C960 (90 23 D0) A:19 X:36 Y:06 P:84 S:FA mem:002A5994 13:31869 tv:0.000002 90: BCC
lcpuC PC:C985 (8C 00 FE) A:19 X:36 Y:06 P:84 S:FA mem:002A5994 13:31866 tv:0.000002 8C: STY abs
here! 0x000006 0x00c988 0xe6fa3010 0xcdde0ebc tv:0.000001 (cycle 31866  pc ~C985
writemem_ex! addr=FE00 val=06
lcpuC PC:C988 (8D 01 FE) A:19 X:36 Y:06 P:84 S:FA mem:002A5994 13:31862 tv:0.000018 8D: STA abs
here! 0x000019 0x00c98b 0xe6fa3010 0xcdde0ebc tv:0.000000 (cycle 31862  pc ~C988
writemem_ex! addr=FE01 val=19
lcpuC PC:C98B (60 AE 61) A:19 X:36 Y:06 P:84 S:FA mem:002A5994 13:31858 tv:0.000035 60: RTS
lcpuC PC:CBB6 (CA 88 10) A:19 X:36 Y:06 P:84 S:FC mem:002A5994 13:31852 tv:0.000013 CA: DEX
lcpuC PC:CBB7 (88 10 F6) A:19 X:35 Y:06 P:04 S:FC mem:002A5994 13:31850 tv:0.000001 88: DEY
lcpuC PC:CBB8 (10 F6 28) A:19 X:35 Y:05 P:04 S:FC mem:002A5994 13:31848 tv:0.000009 10: BPL
lcpuC PC:CBB0 (BD 6E C4) A:19 X:35 Y:05 P:04 S:FC mem:002A5994 13:31845 tv:0.000011 BD: LDA abs,x
lcpuC PC:CBB3 (20 5E C9) A:02 X:35 Y:05 P:04 S:FC mem:002A5994 13:31841 tv:0.000010 20: JSR
lcpuC PC:C95E (C0 07 90) A:02 X:35 Y:05 P:04 S:FA mem:002A5994 13:31835 tv:0.000011 C0: CPY imm
lcpuC PC:C960 (90 23 D0) A:02 X:35 Y:05 P:84 S:FA mem:002A5994 13:31833 tv:0.000008 90: BCC
lcpuC PC:C985 (8C 00 FE) A:02 X:35 Y:05 P:84 S:FA mem:002A5994 13:31830 tv:0.000002 8C: STY abs
here! 0x000005 0x00c988 0xe6fa3010 0xcdde0ebc tv:0.000000 (cycle 31830  pc ~C985
writemem_ex! addr=FE00 val=05
lcpuC PC:C988 (8D 01 FE) A:02 X:35 Y:05 P:84 S:FA mem:002A5994 13:31826 tv:0.000025 8D: STA abs
here! 0x000002 0x00c98b 0xe6fa3010 0xcdde0ebc tv:0.000001 (cycle 31826  pc ~C988
writemem_ex! addr=FE01 val=02
lcpuC PC:C98B (60 AE 61) A:02 X:35 Y:05 P:84 S:FA mem:002A5994 13:31822 tv:0.000031 60: RTS
lcpuC PC:CBB6 (CA 88 10) A:02 X:35 Y:05 P:84 S:FC mem:002A5994 13:31816 tv:0.000011 CA: DEX
lcpuC PC:CBB7 (88 10 F6) A:02 X:34 Y:05 P:04 S:FC mem:002A5994 13:31814 tv:0.000001 88: DEY
lcpuC PC:CBB8 (10 F6 28) A:02 X:34 Y:04 P:04 S:FC mem:002A5994 13:31812 tv:0.000007 10: BPL
lcpuC PC:CBB0 (BD 6E C4) A:02 X:34 Y:04 P:04 S:FC mem:002A5994 13:31809 tv:0.000005 BD: LDA abs,x
lcpuC PC:CBB3 (20 5E C9) A:1E X:34 Y:04 P:04 S:FC mem:002A5994 13:31805 tv:0.000010 20: JSR
lcpuC PC:C95E (C0 07 90) A:1E X:34 Y:04 P:04 S:FA mem:002A5994 13:31799 tv:0.000015 C0: CPY imm
lcpuC PC:C960 (90 23 D0) A:1E X:34 Y:04 P:84 S:FA mem:002A5994 13:31797 tv:0.000011 90: BCC
lcpuC PC:C985 (8C 00 FE) A:1E X:34 Y:04 P:84 S:FA mem:002A5994 13:31794 tv:0.000001 8C: STY abs
here! 0x000004 0x00c988 0xe6fa3010 0xcdde0ebc tv:0.000000 (cycle 31794  pc ~C985
writemem_ex! addr=FE00 val=04
lcpuC PC:C988 (8D 01 FE) A:1E X:34 Y:04 P:84 S:FA mem:002A5994 13:31790 tv:0.000017 8D: STA abs
here! 0x00001e 0x00c98b 0xe6fa3010 0xcdde0ebc tv:0.000000 (cycle 31790  pc ~C988
writemem_ex! addr=FE01 val=1E
lcpuC PC:C98B (60 AE 61) A:1E X:34 Y:04 P:84 S:FA mem:002A5994 13:31786 tv:0.000013 60: RTS
lcpuC PC:CBB6 (CA 88 10) A:1E X:34 Y:04 P:84 S:FC mem:002A5994 13:31780 tv:0.000009 CA: DEX
lcpuC PC:CBB7 (88 10 F6) A:1E X:33 Y:04 P:04 S:FC mem:002A5994 13:31778 tv:0.000000 88: DEY
lcpuC PC:CBB8 (10 F6 28) A:1E X:33 Y:03 P:04 S:FC mem:002A5994 13:31776 tv:0.000004 10: BPL
lcpuC PC:CBB0 (BD 6E C4) A:1E X:33 Y:03 P:04 S:FC mem:002A5994 13:31773 tv:0.000006 BD: LDA abs,x
lcpuC PC:CBB3 (20 5E C9) A:24 X:33 Y:03 P:04 S:FC mem:002A5994 13:31769 tv:0.000005 20: JSR
lcpuC PC:C95E (C0 07 90) A:24 X:33 Y:03 P:04 S:FA mem:002A5994 13:31763 tv:0.000006 C0: CPY imm
lcpuC PC:C960 (90 23 D0) A:24 X:33 Y:03 P:84 S:FA mem:002A5994 13:31761 tv:0.000005 90: BCC
lcpuC PC:C985 (8C 00 FE) A:24 X:33 Y:03 P:84 S:FA mem:002A5994 13:31758 tv:0.000002 8C: STY abs
here! 0x000003 0x00c988 0xe6fa3010 0xcdde0ebc tv:0.000000 (cycle 31758  pc ~C985
writemem_ex! addr=FE00 val=03
lcpuC PC:C988 (8D 01 FE) A:24 X:33 Y:03 P:84 S:FA mem:002A5994 13:31754 tv:0.000013 8D: STA abs
here! 0x000024 0x00c98b 0xe6fa3010 0xcdde0ebc tv:0.000000 (cycle 31754  pc ~C988
writemem_ex! addr=FE01 val=24
lcpuC PC:C98B (60 AE 61) A:24 X:33 Y:03 P:84 S:FA mem:002A5994 13:31750 tv:0.000012 60: RTS
lcpuC PC:CBB6 (CA 88 10) A:24 X:33 Y:03 P:84 S:FC mem:002A5994 13:31744 tv:0.000009 CA: DEX
lcpuC PC:CBB7 (88 10 F6) A:24 X:32 Y:03 P:04 S:FC mem:002A5994 13:31742 tv:0.000001 88: DEY
lcpuC PC:CBB8 (10 F6 28) A:24 X:32 Y:02 P:04 S:FC mem:002A5994 13:31740 tv:0.000004 10: BPL
lcpuC PC:CBB0 (BD 6E C4) A:24 X:32 Y:02 P:04 S:FC mem:002A5994 13:31737 tv:0.000007 BD: LDA abs,x
lcpuC PC:CBB3 (20 5E C9) A:33 X:32 Y:02 P:04 S:FC mem:002A5994 13:31733 tv:0.000006 20: JSR
lcpuC PC:C95E (C0 07 90) A:33 X:32 Y:02 P:04 S:FA mem:002A5994 13:31727 tv:0.000005 C0: CPY imm
lcpuC PC:C960 (90 23 D0) A:33 X:32 Y:02 P:84 S:FA mem:002A5994 13:31725 tv:0.000005 90: BCC
lcpuC PC:C985 (8C 00 FE) A:33 X:32 Y:02 P:84 S:FA mem:002A5994 13:31722 tv:0.000001 8C: STY abs
here! 0x000002 0x00c988 0xe6fa3010 0xcdde0ebc tv:0.000000 (cycle 31722  pc ~C985
writemem_ex! addr=FE00 val=02
lcpuC PC:C988 (8D 01 FE) A:33 X:32 Y:02 P:84 S:FA mem:002A5994 13:31718 tv:0.000012 8D: STA abs
here! 0x000033 0x00c98b 0xe6fa3010 0xcdde0ebc tv:0.000000 (cycle 31718  pc ~C988
writemem_ex! addr=FE01 val=33
lcpuC PC:C98B (60 AE 61) A:33 X:32 Y:02 P:84 S:FA mem:002A5994 13:31714 tv:0.000008 60: RTS
lcpuC PC:CBB6 (CA 88 10) A:33 X:32 Y:02 P:84 S:FC mem:002A5994 13:31708 tv:0.000000 CA: DEX
lcpuC PC:CBB7 (88 10 F6) A:33 X:31 Y:02 P:04 S:FC mem:002A5994 13:31706 tv:0.000000 88: DEY
lcpuC PC:CBB8 (10 F6 28) A:33 X:31 Y:01 P:04 S:FC mem:002A5994 13:31704 tv:0.000000 10: BPL
lcpuC PC:CBB0 (BD 6E C4) A:33 X:31 Y:01 P:04 S:FC mem:002A5994 13:31701 tv:0.000002 BD: LDA abs,x
lcpuC PC:CBB3 (20 5E C9) A:28 X:31 Y:01 P:04 S:FC mem:002A5994 13:31697 tv:0.000001 20: JSR
lcpuC PC:C95E (C0 07 90) A:28 X:31 Y:01 P:04 S:FA mem:002A5994 13:31691 tv:0.000001 C0: CPY imm
lcpuC PC:C960 (90 23 D0) A:28 X:31 Y:01 P:84 S:FA mem:002A5994 13:31689 tv:0.000001 90: BCC
lcpuC PC:C985 (8C 00 FE) A:28 X:31 Y:01 P:84 S:FA mem:002A5994 13:31686 tv:0.000000 8C: STY abs
here! 0x000001 0x00c988 0xe6fa3010 0xcdde0ebc tv:0.000000 (cycle 31686  pc ~C985
writemem_ex! addr=FE00 val=01
lcpuC PC:C988 (8D 01 FE) A:28 X:31 Y:01 P:84 S:FA mem:002A5994 13:31682 tv:0.000008 8D: STA abs
here! 0x000028 0x00c98b 0xe6fa3010 0xcdde0ebc tv:0.000000 (cycle 31682  pc ~C988
writemem_ex! addr=FE01 val=28
lcpuC PC:C98B (60 AE 61) A:28 X:31 Y:01 P:84 S:FA mem:002A5994 13:31678 tv:0.000008 60: RTS
lcpuC PC:CBB6 (CA 88 10) A:28 X:31 Y:01 P:84 S:FC mem:002A5994 13:31672 tv:0.000003 CA: DEX
lcpuC PC:CBB7 (88 10 F6) A:28 X:30 Y:01 P:04 S:FC mem:002A5994 13:31670 tv:0.000001 88: DEY
lcpuC PC:CBB8 (10 F6 28) A:28 X:30 Y:00 P:06 S:FC mem:002A5994 13:31668 tv:0.000001 10: BPL
lcpuC PC:CBB0 (BD 6E C4) A:28 X:30 Y:00 P:06 S:FC mem:002A5994 13:31665 tv:0.000001 BD: LDA abs,x
lcpuC PC:CBB3 (20 5E C9) A:3F X:30 Y:00 P:04 S:FC mem:002A5994 13:31661 tv:0.000001 20: JSR
lcpuC PC:C95E (C0 07 90) A:3F X:30 Y:00 P:04 S:FA mem:002A5994 13:31655 tv:0.000001 C0: CPY imm
lcpuC PC:C960 (90 23 D0) A:3F X:30 Y:00 P:84 S:FA mem:002A5994 13:31653 tv:0.000001 90: BCC
lcpuC PC:C985 (8C 00 FE) A:3F X:30 Y:00 P:84 S:FA mem:002A5994 13:31650 tv:0.000001 8C: STY abs
here! 0x000000 0x00c988 0xe6fa3010 0xcdde0ebc tv:0.000000 (cycle 31650  pc ~C985
writemem_ex! addr=FE00 val=00
lcpuC PC:C988 (8D 01 FE) A:3F X:30 Y:00 P:84 S:FA mem:002A5994 13:31646 tv:0.000008 8D: STA abs
here! 0x00003f 0x00c98b 0xe6fa3010 0xcdde0ebc tv:0.000000 (cycle 31646  pc ~C988
writemem_ex! addr=FE01 val=3F
lcpuC PC:C98B (60 AE 61) A:3F X:30 Y:00 P:84 S:FA mem:002A5994 13:31642 tv:0.000006 60: RTS
lcpuC PC:CBB6 (CA 88 10) A:3F X:30 Y:00 P:84 S:FC mem:002A5994 13:31636 tv:0.000001 CA: DEX
lcpuC PC:CBB7 (88 10 F6) A:3F X:2F Y:00 P:04 S:FC mem:002A5994 13:31634 tv:0.000000 88: DEY
lcpuC PC:CBB8 (10 F6 28) A:3F X:2F Y:FF P:84 S:FC mem:002A5994 13:31632 tv:0.000000 10: BPL
lcpuC PC:CBBA (28 20 39) A:3F X:2F Y:FF P:84 S:FC mem:002A5994 13:31630 tv:0.000001 28: PLP
lcpuC PC:CBBB (20 39 C8) A:3F X:2F Y:FF P:05 S:FD mem:002A5994 13:31626 tv:0.000001 20: JSR
lcpuC PC:C839 (A2 05 A9) A:3F X:2F Y:FF P:05 S:FB mem:002A5A1C 13:31620 tv:0.000001 A2: LDX imm
lcpuC PC:C83B (A9 00 9D) A:3F X:05 Y:FF P:05 S:FB mem:002A5A1C 13:31618 tv:0.000001 A9: LDA imm
lcpuC PC:C83D (9D 57 03) A:00 X:05 Y:FF P:07 S:FB mem:002A5A1C 13:31616 tv:0.000001 9D: STA abs,x
lcpuC PC:C840 (CA 10 FA) A:00 X:05 Y:FF P:07 S:FB mem:002A5A1C 13:31611 tv:0.000001 CA: DEX
lcpuC PC:C841 (10 FA AE) A:00 X:04 Y:FF P:05 S:FB mem:002A5A1C 13:31609 tv:0.000001 10: BPL
lcpuC PC:C83D (9D 57 03) A:00 X:04 Y:FF P:05 S:FB mem:002A5A1C 13:31606 tv:0.000000 9D: STA abs,x
lcpuC PC:C840 (CA 10 FA) A:00 X:04 Y:FF P:05 S:FB mem:002A5A1C 13:31601 tv:0.000019 CA: DEX
lcpuC PC:C841 (10 FA AE) A:00 X:03 Y:FF P:05 S:FB mem:002A5A1C 13:31599 tv:0.000000 10: BPL
lcpuC PC:C83D (9D 57 03) A:00 X:03 Y:FF P:05 S:FB mem:002A5A1C 13:31596 tv:0.000000 9D: STA abs,x
lcpuC PC:C840 (CA 10 FA) A:00 X:03 Y:FF P:05 S:FB mem:002A5A1C 13:31591 tv:0.000001 CA: DEX
lcpuC PC:C841 (10 FA AE) A:00 X:02 Y:FF P:05 S:FB mem:002A5A1C 13:31589 tv:0.000000 10: BPL
lcpuC PC:C83D (9D 57 03) A:00 X:02 Y:FF P:05 S:FB mem:002A5A1C 13:31586 tv:0.000001 9D: STA abs,x
lcpuC PC:C840 (CA 10 FA) A:00 X:02 Y:FF P:05 S:FB mem:002A5A1C 13:31581 tv:0.000000 CA: DEX
lcpuC PC:C841 (10 FA AE) A:00 X:01 Y:FF P:05 S:FB mem:002A5A1C 13:31579 tv:0.000001 10: BPL
lcpuC PC:C83D (9D 57 03) A:00 X:01 Y:FF P:05 S:FB mem:002A5A1C 13:31576 tv:0.000000 9D: STA abs,x
lcpuC PC:C840 (CA 10 FA) A:00 X:01 Y:FF P:05 S:FB mem:002A5A1C 13:31571 tv:0.000000 CA: DEX
lcpuC PC:C841 (10 FA AE) A:00 X:00 Y:FF P:07 S:FB mem:002A5A1C 13:31569 tv:0.000000 10: BPL
lcpuC PC:C83D (9D 57 03) A:00 X:00 Y:FF P:07 S:FB mem:002A5A1C 13:31566 tv:0.000000 9D: STA abs,x
lcpuC PC:C840 (CA 10 FA) A:00 X:00 Y:FF P:07 S:FB mem:002A5A1C 13:31561 tv:0.000002 CA: DEX
lcpuC PC:C841 (10 FA AE) A:00 X:FF Y:FF P:85 S:FB mem:002A5A1C 13:31559 tv:0.000001 10: BPL
lcpuC PC:C843 (AE 60 03) A:00 X:FF Y:FF P:85 S:FB mem:002A5A1C 13:31557 tv:0.000000 AE: LDX abs
lcpuC PC:C846 (F0 EB A9) A:00 X:00 Y:FF P:07 S:FB mem:002A5A1C 13:31553 tv:0.000000 F0: BEQ
lcpuC PC:C833 (A9 20 8D) A:00 X:00 Y:FF P:07 S:FB mem:002A5A1C 13:31550 tv:0.000000 A9: LDA imm
lcpuC PC:C835 (8D 58 03) A:20 X:00 Y:FF P:05 S:FB mem:002A5A1C 13:31548 tv:0.000002 8D: STA abs
lcpuC PC:C838 (60 A2 05) A:20 X:00 Y:FF P:05 S:FB mem:002A5A3C 13:31544 tv:0.000001 60: RTS
lcpuC PC:CBBE (20 BD C9) A:20 X:00 Y:FF P:05 S:FD mem:002A5A3C 13:31538 tv:0.000002 20: JSR
lcpuC PC:C9BD (A9 00 A2) A:20 X:00 Y:FF P:05 S:FB mem:002A5A3F 13:31532 tv:0.000001 A9: LDA imm
lcpuC PC:C9BF (A2 2C 9D) A:00 X:00 Y:FF P:07 S:FB mem:002A5A3F 13:31530 tv:0.000001 A2: LDX imm
lcpuC PC:C9C1 (9D 00 03) A:00 X:2C Y:FF P:05 S:FB mem:002A5A3F 13:31528 tv:0.000000 9D: STA abs,x
lcpuC PC:C9C4 (CA 10 FA) A:00 X:2C Y:FF P:05 S:FB mem:002A5A3F 13:31523 tv:0.000001 CA: DEX
lcpuC PC:C9C5 (10 FA AE) A:00 X:2B Y:FF P:05 S:FB mem:002A5A3F 13:31521 tv:0.000000 10: BPL
lcpuC PC:C9C1 (9D 00 03) A:00 X:2B Y:FF P:05 S:FB mem:002A5A3F 13:31518 tv:0.000000 9D: STA abs,x
lcpuC PC:C9C4 (CA 10 FA) A:00 X:2B Y:FF P:05 S:FB mem:002A5A3F 13:31513 tv:0.000001 CA: DEX
lcpuC PC:C9C5 (10 FA AE) A:00 X:2A Y:FF P:05 S:FB mem:002A5A3F 13:31511 tv:0.000001 10: BPL
lcpuC PC:C9C1 (9D 00 03) A:00 X:2A Y:FF P:05 S:FB mem:002A5A3F 13:31508 tv:0.000001 9D: STA abs,x
lcpuC PC:C9C4 (CA 10 FA) A:00 X:2A Y:FF P:05 S:FB mem:002A5A3F 13:31503 tv:0.000001 CA: DEX
lcpuC PC:C9C5 (10 FA AE) A:00 X:29 Y:FF P:05 S:FB mem:002A5A3F 13:31501 tv:0.000000 10: BPL
lcpuC PC:C9C1 (9D 00 03) A:00 X:29 Y:FF P:05 S:FB mem:002A5A3F 13:31498 tv:0.000000 9D: STA abs,x
lcpuC PC:C9C4 (CA 10 FA) A:00 X:29 Y:FF P:05 S:FB mem:002A5A3F 13:31493 tv:0.000001 CA: DEX
lcpuC PC:C9C5 (10 FA AE) A:00 X:28 Y:FF P:05 S:FB mem:002A5A3F 13:31491 tv:0.000000 10: BPL
lcpuC PC:C9C1 (9D 00 03) A:00 X:28 Y:FF P:05 S:FB mem:002A5A3F 13:31488 tv:0.000001 9D: STA abs,x
lcpuC PC:C9C4 (CA 10 FA) A:00 X:28 Y:FF P:05 S:FB mem:002A5A3F 13:31483 tv:0.000001 CA: DEX
lcpuC PC:C9C5 (10 FA AE) A:00 X:27 Y:FF P:05 S:FB mem:002A5A3F 13:31481 tv:0.000000 10: BPL
lcpuC PC:C9C1 (9D 00 03) A:00 X:27 Y:FF P:05 S:FB mem:002A5A3F 13:31478 tv:0.000000 9D: STA abs,x
lcpuC PC:C9C4 (CA 10 FA) A:00 X:27 Y:FF P:05 S:FB mem:002A5A3F 13:31473 tv:0.000000 CA: DEX
lcpuC PC:C9C5 (10 FA AE) A:00 X:26 Y:FF P:05 S:FB mem:002A5A3F 13:31471 tv:0.000001 10: BPL
lcpuC PC:C9C1 (9D 00 03) A:00 X:26 Y:FF P:05 S:FB mem:002A5A3F 13:31468 tv:0.000000 9D: STA abs,x
lcpuC PC:C9C4 (CA 10 FA) A:00 X:26 Y:FF P:05 S:FB mem:002A5A3F 13:31463 tv:0.000001 CA: DEX
lcpuC PC:C9C5 (10 FA AE) A:00 X:25 Y:FF P:05 S:FB mem:002A5A3F 13:31461 tv:0.000009 10: BPL
lcpuC PC:C9C1 (9D 00 03) A:00 X:25 Y:FF P:05 S:FB mem:002A5A3F 13:31458 tv:0.000001 9D: STA abs,x
lcpuC PC:C9C4 (CA 10 FA) A:00 X:25 Y:FF P:05 S:FB mem:002A5A3F 13:31453 tv:0.000000 CA: DEX
lcpuC PC:C9C5 (10 FA AE) A:00 X:24 Y:FF P:05 S:FB mem:002A5A3F 13:31451 tv:0.000000 10: BPL
lcpuC PC:C9C1 (9D 00 03) A:00 X:24 Y:FF P:05 S:FB mem:002A5A3F 13:31448 tv:0.000002 9D: STA abs,x
lcpuC PC:C9C4 (CA 10 FA) A:00 X:24 Y:FF P:05 S:FB mem:002A5A3F 13:31443 tv:0.000001 CA: DEX
lcpuC PC:C9C5 (10 FA AE) A:00 X:23 Y:FF P:05 S:FB mem:002A5A3F 13:31441 tv:0.000001 10: BPL
lcpuC PC:C9C1 (9D 00 03) A:00 X:23 Y:FF P:05 S:FB mem:002A5A3F 13:31438 tv:0.000000 9D: STA abs,x
lcpuC PC:C9C4 (CA 10 FA) A:00 X:23 Y:FF P:05 S:FB mem:002A5A3F 13:31433 tv:0.000001 CA: DEX
lcpuC PC:C9C5 (10 FA AE) A:00 X:22 Y:FF P:05 S:FB mem:002A5A3F 13:31431 tv:0.000000 10: BPL
lcpuC PC:C9C1 (9D 00 03) A:00 X:22 Y:FF P:05 S:FB mem:002A5A3F 13:31428 tv:0.000001 9D: STA abs,x
lcpuC PC:C9C4 (CA 10 FA) A:00 X:22 Y:FF P:05 S:FB mem:002A5A3F 13:31423 tv:0.000000 CA: DEX
lcpuC PC:C9C5 (10 FA AE) A:00 X:21 Y:FF P:05 S:FB mem:002A5A3F 13:31421 tv:0.000001 10: BPL
lcpuC PC:C9C1 (9D 00 03) A:00 X:21 Y:FF P:05 S:FB mem:002A5A3F 13:31418 tv:0.000000 9D: STA abs,x
lcpuC PC:C9C4 (CA 10 FA) A:00 X:21 Y:FF P:05 S:FB mem:002A5A3F 13:31413 tv:0.000001 CA: DEX
lcpuC PC:C9C5 (10 FA AE) A:00 X:20 Y:FF P:05 S:FB mem:002A5A3F 13:31411 tv:0.000001 10: BPL
lcpuC PC:C9C1 (9D 00 03) A:00 X:20 Y:FF P:05 S:FB mem:002A5A3F 13:31408 tv:0.000000 9D: STA abs,x
lcpuC PC:C9C4 (CA 10 FA) A:00 X:20 Y:FF P:05 S:FB mem:002A5A3F 13:31403 tv:0.000001 CA: DEX
lcpuC PC:C9C5 (10 FA AE) A:00 X:1F Y:FF P:05 S:FB mem:002A5A3F 13:31401 tv:0.000000 10: BPL
lcpuC PC:C9C1 (9D 00 03) A:00 X:1F Y:FF P:05 S:FB mem:002A5A3F 13:31398 tv:0.000000 9D: STA abs,x
lcpuC PC:C9C4 (CA 10 FA) A:00 X:1F Y:FF P:05 S:FB mem:002A5A3F 13:31393 tv:0.000000 CA: DEX
lcpuC PC:C9C5 (10 FA AE) A:00 X:1E Y:FF P:05 S:FB mem:002A5A3F 13:31391 tv:0.000000 10: BPL
lcpuC PC:C9C1 (9D 00 03) A:00 X:1E Y:FF P:05 S:FB mem:002A5A3F 13:31388 tv:0.000000 9D: STA abs,x
lcpuC PC:C9C4 (CA 10 FA) A:00 X:1E Y:FF P:05 S:FB mem:002A5A3F 13:31383 tv:0.000000 CA: DEX
lcpuC PC:C9C5 (10 FA AE) A:00 X:1D Y:FF P:05 S:FB mem:002A5A3F 13:31381 tv:0.000001 10: BPL
lcpuC PC:C9C1 (9D 00 03) A:00 X:1D Y:FF P:05 S:FB mem:002A5A3F 13:31378 tv:0.000001 9D: STA abs,x
lcpuC PC:C9C4 (CA 10 FA) A:00 X:1D Y:FF P:05 S:FB mem:002A5A3F 13:31373 tv:0.000001 CA: DEX
lcpuC PC:C9C5 (10 FA AE) A:00 X:1C Y:FF P:05 S:FB mem:002A5A3F 13:31371 tv:0.000001 10: BPL
lcpuC PC:C9C1 (9D 00 03) A:00 X:1C Y:FF P:05 S:FB mem:002A5A3F 13:31368 tv:0.000000 9D: STA abs,x
lcpuC PC:C9C4 (CA 10 FA) A:00 X:1C Y:FF P:05 S:FB mem:002A5A3F 13:31363 tv:0.000000 CA: DEX
lcpuC PC:C9C5 (10 FA AE) A:00 X:1B Y:FF P:05 S:FB mem:002A5A3F 13:31361 tv:0.000001 10: BPL
lcpuC PC:C9C1 (9D 00 03) A:00 X:1B Y:FF P:05 S:FB mem:002A5A3F 13:31358 tv:0.000001 9D: STA abs,x
lcpuC PC:C9C4 (CA 10 FA) A:00 X:1B Y:FF P:05 S:FB mem:002A5A3F 13:31353 tv:0.000000 CA: DEX
lcpuC PC:C9C5 (10 FA AE) A:00 X:1A Y:FF P:05 S:FB mem:002A5A3F 13:31351 tv:0.000000 10: BPL
lcpuC PC:C9C1 (9D 00 03) A:00 X:1A Y:FF P:05 S:FB mem:002A5A3F 13:31348 tv:0.000001 9D: STA abs,x
lcpuC PC:C9C4 (CA 10 FA) A:00 X:1A Y:FF P:05 S:FB mem:002A5A3F 13:31343 tv:0.000001 CA: DEX
lcpuC PC:C9C5 (10 FA AE) A:00 X:19 Y:FF P:05 S:FB mem:002A5A3F 13:31341 tv:0.000001 10: BPL
lcpuC PC:C9C1 (9D 00 03) A:00 X:19 Y:FF P:05 S:FB mem:002A5A3F 13:31338 tv:0.000001 9D: STA abs,x
lcpuC PC:C9C4 (CA 10 FA) A:00 X:19 Y:FF P:05 S:FB mem:002A5A3F 13:31333 tv:0.000001 CA: DEX
lcpuC PC:C9C5 (10 FA AE) A:00 X:18 Y:FF P:05 S:FB mem:002A5A3F 13:31331 tv:0.000000 10: BPL
lcpuC PC:C9C1 (9D 00 03) A:00 X:18 Y:FF P:05 S:FB mem:002A5A3F 13:31328 tv:0.000001 9D: STA abs,x
lcpuC PC:C9C4 (CA 10 FA) A:00 X:18 Y:FF P:05 S:FB mem:002A5A3F 13:31323 tv:0.000006 CA: DEX
lcpuC PC:C9C5 (10 FA AE) A:00 X:17 Y:FF P:05 S:FB mem:002A5A3F 13:31321 tv:0.000001 10: BPL
lcpuC PC:C9C1 (9D 00 03) A:00 X:17 Y:FF P:05 S:FB mem:002A5A3F 13:31318 tv:0.000000 9D: STA abs,x
lcpuC PC:C9C4 (CA 10 FA) A:00 X:17 Y:FF P:05 S:FB mem:002A5A3F 13:31313 tv:0.000001 CA: DEX
lcpuC PC:C9C5 (10 FA AE) A:00 X:16 Y:FF P:05 S:FB mem:002A5A3F 13:31311 tv:0.000000 10: BPL
lcpuC PC:C9C1 (9D 00 03) A:00 X:16 Y:FF P:05 S:FB mem:002A5A3F 13:31308 tv:0.000001 9D: STA abs,x
lcpuC PC:C9C4 (CA 10 FA) A:00 X:16 Y:FF P:05 S:FB mem:002A5A3F 13:31303 tv:0.000001 CA: DEX
lcpuC PC:C9C5 (10 FA AE) A:00 X:15 Y:FF P:05 S:FB mem:002A5A3F 13:31301 tv:0.000010 10: BPL
lcpuC PC:C9C1 (9D 00 03) A:00 X:15 Y:FF P:05 S:FB mem:002A5A3F 13:31298 tv:0.000000 9D: STA abs,x
lcpuC PC:C9C4 (CA 10 FA) A:00 X:15 Y:FF P:05 S:FB mem:002A5A3F 13:31293 tv:0.000000 CA: DEX
lcpuC PC:C9C5 (10 FA AE) A:00 X:14 Y:FF P:05 S:FB mem:002A5A3F 13:31291 tv:0.000000 10: BPL
lcpuC PC:C9C1 (9D 00 03) A:00 X:14 Y:FF P:05 S:FB mem:002A5A3F 13:31288 tv:0.000001 9D: STA abs,x
lcpuC PC:C9C4 (CA 10 FA) A:00 X:14 Y:FF P:05 S:FB mem:002A5A3F 13:31283 tv:0.000001 CA: DEX
lcpuC PC:C9C5 (10 FA AE) A:00 X:13 Y:FF P:05 S:FB mem:002A5A3F 13:31281 tv:0.000000 10: BPL
lcpuC PC:C9C1 (9D 00 03) A:00 X:13 Y:FF P:05 S:FB mem:002A5A3F 13:31278 tv:0.000001 9D: STA abs,x
lcpuC PC:C9C4 (CA 10 FA) A:00 X:13 Y:FF P:05 S:FB mem:002A5A3F 13:31273 tv:0.000001 CA: DEX
lcpuC PC:C9C5 (10 FA AE) A:00 X:12 Y:FF P:05 S:FB mem:002A5A3F 13:31271 tv:0.000000 10: BPL
lcpuC PC:C9C1 (9D 00 03) A:00 X:12 Y:FF P:05 S:FB mem:002A5A3F 13:31268 tv:0.000001 9D: STA abs,x
lcpuC PC:C9C4 (CA 10 FA) A:00 X:12 Y:FF P:05 S:FB mem:002A5A3F 13:31263 tv:0.000002 CA: DEX
lcpuC PC:C9C5 (10 FA AE) A:00 X:11 Y:FF P:05 S:FB mem:002A5A3F 13:31261 tv:0.000001 10: BPL
lcpuC PC:C9C1 (9D 00 03) A:00 X:11 Y:FF P:05 S:FB mem:002A5A3F 13:31258 tv:0.000000 9D: STA abs,x
lcpuC PC:C9C4 (CA 10 FA) A:00 X:11 Y:FF P:05 S:FB mem:002A5A3F 13:31253 tv:0.000001 CA: DEX
lcpuC PC:C9C5 (10 FA AE) A:00 X:10 Y:FF P:05 S:FB mem:002A5A3F 13:31251 tv:0.000000 10: BPL
lcpuC PC:C9C1 (9D 00 03) A:00 X:10 Y:FF P:05 S:FB mem:002A5A3F 13:31248 tv:0.000001 9D: STA abs,x
lcpuC PC:C9C4 (CA 10 FA) A:00 X:10 Y:FF P:05 S:FB mem:002A5A3F 13:31243 tv:0.000000 CA: DEX
lcpuC PC:C9C5 (10 FA AE) A:00 X:0F Y:FF P:05 S:FB mem:002A5A3F 13:31241 tv:0.000000 10: BPL
lcpuC PC:C9C1 (9D 00 03) A:00 X:0F Y:FF P:05 S:FB mem:002A5A3F 13:31238 tv:0.000000 9D: STA abs,x
lcpuC PC:C9C4 (CA 10 FA) A:00 X:0F Y:FF P:05 S:FB mem:002A5A3F 13:31233 tv:0.000001 CA: DEX
lcpuC PC:C9C5 (10 FA AE) A:00 X:0E Y:FF P:05 S:FB mem:002A5A3F 13:31231 tv:0.000001 10: BPL
lcpuC PC:C9C1 (9D 00 03) A:00 X:0E Y:FF P:05 S:FB mem:002A5A3F 13:31228 tv:0.000001 9D: STA abs,x
lcpuC PC:C9C4 (CA 10 FA) A:00 X:0E Y:FF P:05 S:FB mem:002A5A3F 13:31223 tv:0.000002 CA: DEX
lcpuC PC:C9C5 (10 FA AE) A:00 X:0D Y:FF P:05 S:FB mem:002A5A3F 13:31221 tv:0.000002 10: BPL
lcpuC PC:C9C1 (9D 00 03) A:00 X:0D Y:FF P:05 S:FB mem:002A5A3F 13:31218 tv:0.000000 9D: STA abs,x
lcpuC PC:C9C4 (CA 10 FA) A:00 X:0D Y:FF P:05 S:FB mem:002A5A3F 13:31213 tv:0.000001 CA: DEX
lcpuC PC:C9C5 (10 FA AE) A:00 X:0C Y:FF P:05 S:FB mem:002A5A3F 13:31211 tv:0.000001 10: BPL
lcpuC PC:C9C1 (9D 00 03) A:00 X:0C Y:FF P:05 S:FB mem:002A5A3F 13:31208 tv:0.000001 9D: STA abs,x
lcpuC PC:C9C4 (CA 10 FA) A:00 X:0C Y:FF P:05 S:FB mem:002A5A3F 13:31203 tv:0.000000 CA: DEX
lcpuC PC:C9C5 (10 FA AE) A:00 X:0B Y:FF P:05 S:FB mem:002A5A3F 13:31201 tv:0.000001 10: BPL
lcpuC PC:C9C1 (9D 00 03) A:00 X:0B Y:FF P:05 S:FB mem:002A5A3F 13:31198 tv:0.000000 9D: STA abs,x
lcpuC PC:C9C4 (CA 10 FA) A:00 X:0B Y:FF P:05 S:FB mem:002A5A3F 13:31193 tv:0.000001 CA: DEX
lcpuC PC:C9C5 (10 FA AE) A:00 X:0A Y:FF P:05 S:FB mem:002A5A3F 13:31191 tv:0.000000 10: BPL
lcpuC PC:C9C1 (9D 00 03) A:00 X:0A Y:FF P:05 S:FB mem:002A5A3F 13:31188 tv:0.000001 9D: STA abs,x
lcpuC PC:C9C4 (CA 10 FA) A:00 X:0A Y:FF P:05 S:FB mem:002A5A3F 13:31183 tv:0.000001 CA: DEX
lcpuC PC:C9C5 (10 FA AE) A:00 X:09 Y:FF P:05 S:FB mem:002A5A3F 13:31181 tv:0.000001 10: BPL
lcpuC PC:C9C1 (9D 00 03) A:00 X:09 Y:FF P:05 S:FB mem:002A5A3F 13:31178 tv:0.000000 9D: STA abs,x
lcpuC PC:C9C4 (CA 10 FA) A:00 X:09 Y:FF P:05 S:FB mem:002A5A3F 13:31173 tv:0.000000 CA: DEX
lcpuC PC:C9C5 (10 FA AE) A:00 X:08 Y:FF P:05 S:FB mem:002A5A3F 13:31171 tv:0.000000 10: BPL
lcpuC PC:C9C1 (9D 00 03) A:00 X:08 Y:FF P:05 S:FB mem:002A5A3F 13:31168 tv:0.000000 9D: STA abs,x
lcpuC PC:C9C4 (CA 10 FA) A:00 X:08 Y:FF P:05 S:FB mem:002A5A3F 13:31163 tv:0.000000 CA: DEX
lcpuC PC:C9C5 (10 FA AE) A:00 X:07 Y:FF P:05 S:FB mem:002A5A3F 13:31161 tv:0.000000 10: BPL
lcpuC PC:C9C1 (9D 00 03) A:00 X:07 Y:FF P:05 S:FB mem:002A5A3F 13:31158 tv:0.000000 9D: STA abs,x
lcpuC PC:C9C4 (CA 10 FA) A:00 X:07 Y:FF P:05 S:FB mem:002A5A3F 13:31153 tv:0.000001 CA: DEX
lcpuC PC:C9C5 (10 FA AE) A:00 X:06 Y:FF P:05 S:FB mem:002A5A3F 13:31151 tv:0.000000 10: BPL
lcpuC PC:C9C1 (9D 00 03) A:00 X:06 Y:FF P:05 S:FB mem:002A5A3F 13:31148 tv:0.000000 9D: STA abs,x
lcpuC PC:C9C4 (CA 10 FA) A:00 X:06 Y:FF P:05 S:FB mem:002A5A3F 13:31143 tv:0.000001 CA: DEX
lcpuC PC:C9C5 (10 FA AE) A:00 X:05 Y:FF P:05 S:FB mem:002A5A3F 13:31141 tv:0.000001 10: BPL
lcpuC PC:C9C1 (9D 00 03) A:00 X:05 Y:FF P:05 S:FB mem:002A5A3F 13:31138 tv:0.000001 9D: STA abs,x
lcpuC PC:C9C4 (CA 10 FA) A:00 X:05 Y:FF P:05 S:FB mem:002A5A3F 13:31133 tv:0.000001 CA: DEX
lcpuC PC:C9C5 (10 FA AE) A:00 X:04 Y:FF P:05 S:FB mem:002A5A3F 13:31131 tv:0.000000 10: BPL
lcpuC PC:C9C1 (9D 00 03) A:00 X:04 Y:FF P:05 S:FB mem:002A5A3F 13:31128 tv:0.000001 9D: STA abs,x
lcpuC PC:C9C4 (CA 10 FA) A:00 X:04 Y:FF P:05 S:FB mem:002A5A3F 13:31123 tv:0.000000 CA: DEX
lcpuC PC:C9C5 (10 FA AE) A:00 X:03 Y:FF P:05 S:FB mem:002A5A3F 13:31121 tv:0.000001 10: BPL
lcpuC PC:C9C1 (9D 00 03) A:00 X:03 Y:FF P:05 S:FB mem:002A5A3F 13:31118 tv:0.000001 9D: STA abs,x
lcpuC PC:C9C4 (CA 10 FA) A:00 X:03 Y:FF P:05 S:FB mem:002A5A3F 13:31113 tv:0.000000 CA: DEX
lcpuC PC:C9C5 (10 FA AE) A:00 X:02 Y:FF P:05 S:FB mem:002A5A3F 13:31111 tv:0.000001 10: BPL
lcpuC PC:C9C1 (9D 00 03) A:00 X:02 Y:FF P:05 S:FB mem:002A5A3F 13:31108 tv:0.000000 9D: STA abs,x
lcpuC PC:C9C4 (CA 10 FA) A:00 X:02 Y:FF P:05 S:FB mem:002A5A3F 13:31103 tv:0.000000 CA: DEX
lcpuC PC:C9C5 (10 FA AE) A:00 X:01 Y:FF P:05 S:FB mem:002A5A3F 13:31101 tv:0.000001 10: BPL
lcpuC PC:C9C1 (9D 00 03) A:00 X:01 Y:FF P:05 S:FB mem:002A5A3F 13:31098 tv:0.000001 9D: STA abs,x
lcpuC PC:C9C4 (CA 10 FA) A:00 X:01 Y:FF P:05 S:FB mem:002A5A3F 13:31093 tv:0.000000 CA: DEX
lcpuC PC:C9C5 (10 FA AE) A:00 X:00 Y:FF P:07 S:FB mem:002A5A3F 13:31091 tv:0.000001 10: BPL
lcpuC PC:C9C1 (9D 00 03) A:00 X:00 Y:FF P:07 S:FB mem:002A5A3F 13:31088 tv:0.000000 9D: STA abs,x
lcpuC PC:C9C4 (CA 10 FA) A:00 X:00 Y:FF P:07 S:FB mem:002A5A3F 13:31083 tv:0.000001 CA: DEX
lcpuC PC:C9C5 (10 FA AE) A:00 X:FF Y:FF P:85 S:FB mem:002A5A3F 13:31081 tv:0.000001 10: BPL
lcpuC PC:C9C7 (AE 55 03) A:00 X:FF Y:FF P:85 S:FB mem:002A5A3F 13:31079 tv:0.000000 AE: LDX abs
lcpuC PC:C9CA (BC EF C3) A:00 X:07 Y:FF P:05 S:FB mem:002A5A3F 13:31075 tv:0.000001 BC: LDY abs,x
lcpuC PC:C9CD (8C 0A 03) A:00 X:07 Y:27 P:05 S:FB mem:002A5A3F 13:31071 tv:0.000001 8C: STY abs
lcpuC PC:C9D0 (20 88 CA) A:00 X:07 Y:27 P:05 S:FB mem:002A5A66 13:31067 tv:0.000000 20: JSR
lcpuC PC:CA88 (C8 98 A0) A:00 X:07 Y:27 P:05 S:F9 mem:002A5B15 13:31061 tv:0.000001 C8: INY
lcpuC PC:CA89 (98 A0 00) A:00 X:07 Y:28 P:05 S:F9 mem:002A5B15 13:31059 tv:0.000001 98: TYA
lcpuC PC:CA8A (A0 00 8C) A:28 X:07 Y:28 P:05 S:F9 mem:002A5B15 13:31057 tv:0.000001 A0: LDY imm
lcpuC PC:CA8C (8C 4D 03) A:28 X:07 Y:00 P:07 S:F9 mem:002A5B15 13:31055 tv:0.000000 8C: STY abs
lcpuC PC:CA8F (8D 4C 03) A:28 X:07 Y:00 P:07 S:F9 mem:002A5B15 13:31051 tv:0.000001 8D: STA abs
lcpuC PC:CA92 (AD 4F 03) A:28 X:07 Y:00 P:07 S:F9 mem:002A5B3D 13:31047 tv:0.000001 AD: LDA abs
lcpuC PC:CA95 (4A F0 09) A:01 X:07 Y:00 P:05 S:F9 mem:002A5B3D 13:31043 tv:0.000007 4A: LSR A
lcpuC PC:CA96 (F0 09 0E) A:00 X:07 Y:00 P:07 S:F9 mem:002A5B3D 13:31041 tv:0.000000 F0: BEQ
lcpuC PC:CAA1 (60 A2 20) A:00 X:07 Y:00 P:07 S:F9 mem:002A5B3D 13:31038 tv:0.000000 60: RTS
lcpuC PC:C9D3 (BC E7 C3) A:00 X:07 Y:00 P:07 S:FB mem:002A5B3D 13:31032 tv:0.000001 BC: LDY abs,x
lcpuC PC:C9D6 (8C 09 03) A:00 X:07 Y:18 P:05 S:FB mem:002A5B3D 13:31028 tv:0.000000 8C: STY abs
lcpuC PC:C9D9 (A0 03 8C) A:00 X:07 Y:18 P:05 S:FB mem:002A5B55 13:31024 tv:0.000001 A0: LDY imm
lcpuC PC:C9DB (8C 23 03) A:00 X:07 Y:03 P:05 S:FB mem:002A5B55 13:31022 tv:0.000001 8C: STY abs
lcpuC PC:C9DE (C8 8C 21) A:00 X:07 Y:03 P:05 S:FB mem:002A5B58 13:31018 tv:0.000001 C8: INY
lcpuC PC:C9DF (8C 21 03) A:00 X:07 Y:04 P:05 S:FB mem:002A5B58 13:31016 tv:0.000001 8C: STY abs
lcpuC PC:C9E2 (CE 22 03) A:00 X:07 Y:04 P:05 S:FB mem:002A5B5C 13:31012 tv:0.000000 CE: DEC abs
lcpuC PC:C9E5 (CE 20 03) A:00 X:07 Y:04 P:85 S:FB mem:002A5C5B 13:31006 tv:0.000001 CE: DEC abs
lcpuC PC:C9E8 (20 39 CA) A:00 X:07 Y:04 P:85 S:FB mem:002A5D5A 13:31000 tv:0.000001 20: JSR
lcpuC PC:CA39 (20 81 CA) A:00 X:07 Y:04 P:85 S:F9 mem:002A5D72 13:30994 tv:0.000001 20: JSR
lcpuC PC:CA81 (A2 10 A0) A:00 X:07 Y:04 P:85 S:F7 mem:002A5D0F 13:30988 tv:0.000001 A2: LDX imm
lcpuC PC:CA83 (A0 28 4C) A:00 X:10 Y:04 P:05 S:F7 mem:002A5D0F 13:30986 tv:0.000001 A0: LDY imm
lcpuC PC:CA85 (4C E6 CD) A:00 X:10 Y:28 P:05 S:F7 mem:002A5D0F 13:30984 tv:0.000001 4C: JMP
lcpuC PC:CDE6 (A9 04 85) A:00 X:10 Y:28 P:05 S:F7 mem:002A5D0F 13:30981 tv:0.000001 A9: LDA imm
lcpuC PC:CDE8 (85 DA BD) A:04 X:10 Y:28 P:05 S:F7 mem:002A5D0F 13:30979 tv:0.000001 85: STA zp
lcpuC PC:CDEA (BD 00 03) A:04 X:10 Y:28 P:05 S:F7 mem:002A5D13 13:30976 tv:0.000001 BD: LDA abs,x
lcpuC PC:CDED (48 B9 00) A:00 X:10 Y:28 P:07 S:F7 mem:002A5D13 13:30972 tv:0.000000 48: PHA
lcpuC PC:CDEE (B9 00 03) A:00 X:10 Y:28 P:07 S:F6 mem:002A5D13 13:30969 tv:0.000000 B9: LDA abs,y
lcpuC PC:CDF1 (9D 00 03) A:00 X:10 Y:28 P:07 S:F6 mem:002A5D13 13:30965 tv:0.000000 9D: STA abs,x
lcpuC PC:CDF4 (68 99 00) A:00 X:10 Y:28 P:07 S:F6 mem:002A5D13 13:30960 tv:0.000000 68: PLA
lcpuC PC:CDF5 (99 00 03) A:00 X:10 Y:28 P:07 S:F7 mem:002A5D13 13:30956 tv:0.000001 99: STA abs,y
lcpuC PC:CDF8 (E8 C8 C6) A:00 X:10 Y:28 P:07 S:F7 mem:002A5D13 13:30951 tv:0.000001 E8: INX
lcpuC PC:CDF9 (C8 C6 DA) A:00 X:11 Y:28 P:05 S:F7 mem:002A5D13 13:30949 tv:0.000001 C8: INY
lcpuC PC:CDFA (C6 DA D0) A:00 X:11 Y:29 P:05 S:F7 mem:002A5D13 13:30947 tv:0.000001 C6: DEC zp
lcpuC PC:CDFC (D0 EC 60) A:00 X:11 Y:29 P:05 S:F7 mem:002A5D12 13:30942 tv:0.000001 D0: BNE
lcpuC PC:CDEA (BD 00 03) A:00 X:11 Y:29 P:05 S:F7 mem:002A5D12 13:30939 tv:0.000000 BD: LDA abs,x
lcpuC PC:CDED (48 B9 00) A:00 X:11 Y:29 P:07 S:F7 mem:002A5D12 13:30935 tv:0.000000 48: PHA
lcpuC PC:CDEE (B9 00 03) A:00 X:11 Y:29 P:07 S:F6 mem:002A5D12 13:30932 tv:0.000000 B9: LDA abs,y
lcpuC PC:CDF1 (9D 00 03) A:00 X:11 Y:29 P:07 S:F6 mem:002A5D12 13:30928 tv:0.000000 9D: STA abs,x
lcpuC PC:CDF4 (68 99 00) A:00 X:11 Y:29 P:07 S:F6 mem:002A5D12 13:30923 tv:0.000001 68: PLA
lcpuC PC:CDF5 (99 00 03) A:00 X:11 Y:29 P:07 S:F7 mem:002A5D12 13:30919 tv:0.000001 99: STA abs,y
lcpuC PC:CDF8 (E8 C8 C6) A:00 X:11 Y:29 P:07 S:F7 mem:002A5D12 13:30914 tv:0.000001 E8: INX
lcpuC PC:CDF9 (C8 C6 DA) A:00 X:12 Y:29 P:05 S:F7 mem:002A5D12 13:30912 tv:0.000000 C8: INY
lcpuC PC:CDFA (C6 DA D0) A:00 X:12 Y:2A P:05 S:F7 mem:002A5D12 13:30910 tv:0.000000 C6: DEC zp
lcpuC PC:CDFC (D0 EC 60) A:00 X:12 Y:2A P:05 S:F7 mem:002A5D11 13:30905 tv:0.000000 D0: BNE
lcpuC PC:CDEA (BD 00 03) A:00 X:12 Y:2A P:05 S:F7 mem:002A5D11 13:30902 tv:0.000000 BD: LDA abs,x
lcpuC PC:CDED (48 B9 00) A:00 X:12 Y:2A P:07 S:F7 mem:002A5D11 13:30898 tv:0.000000 48: PHA
lcpuC PC:CDEE (B9 00 03) A:00 X:12 Y:2A P:07 S:F6 mem:002A5D11 13:30895 tv:0.000000 B9: LDA abs,y
lcpuC PC:CDF1 (9D 00 03) A:00 X:12 Y:2A P:07 S:F6 mem:002A5D11 13:30891 tv:0.000000 9D: STA abs,x
lcpuC PC:CDF4 (68 99 00) A:00 X:12 Y:2A P:07 S:F6 mem:002A5D11 13:30886 tv:0.000001 68: PLA
lcpuC PC:CDF5 (99 00 03) A:00 X:12 Y:2A P:07 S:F7 mem:002A5D11 13:30882 tv:0.000000 99: STA abs,y
lcpuC PC:CDF8 (E8 C8 C6) A:00 X:12 Y:2A P:07 S:F7 mem:002A5D11 13:30877 tv:0.000001 E8: INX
lcpuC PC:CDF9 (C8 C6 DA) A:00 X:13 Y:2A P:05 S:F7 mem:002A5D11 13:30875 tv:0.000001 C8: INY
lcpuC PC:CDFA (C6 DA D0) A:00 X:13 Y:2B P:05 S:F7 mem:002A5D11 13:30873 tv:0.000000 C6: DEC zp
lcpuC PC:CDFC (D0 EC 60) A:00 X:13 Y:2B P:05 S:F7 mem:002A5D10 13:30868 tv:0.000001 D0: BNE
lcpuC PC:CDEA (BD 00 03) A:00 X:13 Y:2B P:05 S:F7 mem:002A5D10 13:30865 tv:0.000001 BD: LDA abs,x
lcpuC PC:CDED (48 B9 00) A:00 X:13 Y:2B P:07 S:F7 mem:002A5D10 13:30861 tv:0.000001 48: PHA
lcpuC PC:CDEE (B9 00 03) A:00 X:13 Y:2B P:07 S:F6 mem:002A5D10 13:30858 tv:0.000000 B9: LDA abs,y
lcpuC PC:CDF1 (9D 00 03) A:00 X:13 Y:2B P:07 S:F6 mem:002A5D10 13:30854 tv:0.000000 9D: STA abs,x
lcpuC PC:CDF4 (68 99 00) A:00 X:13 Y:2B P:07 S:F6 mem:002A5D10 13:30849 tv:0.000001 68: PLA
lcpuC PC:CDF5 (99 00 03) A:00 X:13 Y:2B P:07 S:F7 mem:002A5D10 13:30845 tv:0.000001 99: STA abs,y
lcpuC PC:CDF8 (E8 C8 C6) A:00 X:13 Y:2B P:07 S:F7 mem:002A5D10 13:30840 tv:0.000000 E8: INX
lcpuC PC:CDF9 (C8 C6 DA) A:00 X:14 Y:2B P:05 S:F7 mem:002A5D10 13:30838 tv:0.000000 C8: INY
lcpuC PC:CDFA (C6 DA D0) A:00 X:14 Y:2C P:05 S:F7 mem:002A5D10 13:30836 tv:0.000001 C6: DEC zp
lcpuC PC:CDFC (D0 EC 60) A:00 X:14 Y:2C P:07 S:F7 mem:002A5D0F 13:30831 tv:0.000001 D0: BNE
lcpuC PC:CDFE (60 20 5B) A:00 X:14 Y:2C P:07 S:F7 mem:002A5D0F 13:30829 tv:0.000000 60: RTS
lcpuC PC:CA3C (A2 1C A0) A:00 X:14 Y:2C P:07 S:F9 mem:002A5D0F 13:30823 tv:0.000001 A2: LDX imm
lcpuC PC:CA3E (A0 2C 20) A:00 X:1C Y:2C P:05 S:F9 mem:002A5D0F 13:30821 tv:0.000000 A0: LDY imm
lcpuC PC:CA40 (20 11 D4) A:00 X:1C Y:2C P:05 S:F9 mem:002A5D0F 13:30819 tv:0.000001 20: JSR
lcpuC PC:D411 (20 18 D4) A:00 X:1C Y:2C P:05 S:F7 mem:002A5D16 13:30813 tv:0.000000 20: JSR
lcpuC PC:D418 (38 BD 04) A:00 X:1C Y:2C P:05 S:F5 mem:002A5DFD 13:30807 tv:0.000000 38: SEC
lcpuC PC:D419 (BD 04 03) A:00 X:1C Y:2C P:05 S:F5 mem:002A5DFD 13:30805 tv:0.000000 BD: LDA abs,x
lcpuC PC:D41C (FD 00 03) A:FF X:1C Y:2C P:85 S:F5 mem:002A5DFD 13:30801 tv:0.000000 FD: SBC abs,x
lcpuC PC:D41F (99 00 03) A:FF X:1C Y:2C P:85 S:F5 mem:002A5DFD 13:30797 tv:0.000001 99: STA abs,y
lcpuC PC:D422 (BD 05 03) A:FF X:1C Y:2C P:85 S:F5 mem:002A5EFC 13:30792 tv:0.000002 BD: LDA abs,x
lcpuC PC:D425 (FD 01 03) A:04 X:1C Y:2C P:05 S:F5 mem:002A5EFC 13:30788 tv:0.000008 FD: SBC abs,x
lcpuC PC:D428 (99 01 03) A:04 X:1C Y:2C P:05 S:F5 mem:002A5EFC 13:30784 tv:0.000000 99: STA abs,y
lcpuC PC:D42B (60 A5 DE) A:04 X:1C Y:2C P:05 S:F5 mem:002A5F00 13:30779 tv:0.000000 60: RTS
lcpuC PC:D414 (E8 E8 C8) A:04 X:1C Y:2C P:05 S:F7 mem:002A5F00 13:30773 tv:0.000001 E8: INX
lcpuC PC:D415 (E8 C8 C8) A:04 X:1D Y:2C P:05 S:F7 mem:002A5F00 13:30771 tv:0.000000 E8: INX
lcpuC PC:D416 (C8 C8 38) A:04 X:1E Y:2C P:05 S:F7 mem:002A5F00 13:30769 tv:0.000001 C8: INY
lcpuC PC:D417 (C8 38 BD) A:04 X:1E Y:2D P:05 S:F7 mem:002A5F00 13:30767 tv:0.000001 C8: INY
lcpuC PC:D418 (38 BD 04) A:04 X:1E Y:2E P:05 S:F7 mem:002A5F00 13:30765 tv:0.000001 38: SEC
lcpuC PC:D419 (BD 04 03) A:04 X:1E Y:2E P:05 S:F7 mem:002A5F00 13:30763 tv:0.000000 BD: LDA abs,x
lcpuC PC:D41C (FD 00 03) A:FF X:1E Y:2E P:85 S:F7 mem:002A5F00 13:30759 tv:0.000000 FD: SBC abs,x
lcpuC PC:D41F (99 00 03) A:FF X:1E Y:2E P:85 S:F7 mem:002A5F00 13:30755 tv:0.000001 99: STA abs,y
lcpuC PC:D422 (BD 05 03) A:FF X:1E Y:2E P:85 S:F7 mem:002A5FFF 13:30750 tv:0.000001 BD: LDA abs,x
lcpuC PC:D425 (FD 01 03) A:03 X:1E Y:2E P:05 S:F7 mem:002A5FFF 13:30746 tv:0.000001 FD: SBC abs,x
lcpuC PC:D428 (99 01 03) A:03 X:1E Y:2E P:05 S:F7 mem:002A5FFF 13:30742 tv:0.000001 99: STA abs,y
lcpuC PC:D42B (60 A5 DE) A:03 X:1E Y:2E P:05 S:F7 mem:002A6002 13:30737 tv:0.000000 60: RTS
lcpuC PC:CA43 (0D 2D 03) A:03 X:1E Y:2E P:05 S:F9 mem:002A6002 13:30731 tv:0.000000 0D: ORA abs
lcpuC PC:CA46 (30 39 A2) A:07 X:1E Y:2E P:05 S:F9 mem:002A6002 13:30727 tv:0.000001 30: BMI
lcpuC PC:CA48 (A2 20 20) A:07 X:1E Y:2E P:05 S:F9 mem:002A6002 13:30725 tv:0.000001 A2: LDX imm
lcpuC PC:CA4A (20 49 D1) A:07 X:20 Y:2E P:05 S:F9 mem:002A6002 13:30723 tv:0.000001 20: JSR
lcpuC PC:D149 (A9 FF D0) A:07 X:20 Y:2E P:05 S:F7 mem:002A600C 13:30717 tv:0.000001 A9: LDA imm
lcpuC PC:D14B (D0 03 AD) A:FF X:20 Y:2E P:85 S:F7 mem:002A600C 13:30715 tv:0.000001 D0: BNE
lcpuC PC:D150 (85 DA A0) A:FF X:20 Y:2E P:85 S:F7 mem:002A600C 13:30712 tv:0.000001 85: STA zp
lcpuC PC:D152 (A0 02 20) A:FF X:20 Y:2E P:85 S:F7 mem:002A610B 13:30709 tv:0.000000 A0: LDY imm
lcpuC PC:D154 (20 76 D1) A:FF X:20 Y:02 P:05 S:F7 mem:002A610B 13:30707 tv:0.000000 20: JSR
lcpuC PC:D176 (18 A5 DA) A:FF X:20 Y:02 P:05 S:F5 mem:002A614B 13:30701 tv:0.000006 18: CLC
lcpuC PC:D177 (A5 DA 29) A:FF X:20 Y:02 P:04 S:F5 mem:002A614B 13:30699 tv:0.000001 A5: LDA zp
lcpuC PC:D179 (29 04 F0) A:FF X:20 Y:02 P:84 S:F5 mem:002A614B 13:30696 tv:0.000000 29: AND
lcpuC PC:D17B (F0 09 BD) A:04 X:20 Y:02 P:04 S:F5 mem:002A614B 13:30693 tv:0.000001 F0: BEQ
lcpuC PC:D17D (BD 02 03) A:04 X:20 Y:02 P:04 S:F5 mem:002A614B 13:30691 tv:0.000001 BD: LDA abs,x
lcpuC PC:D180 (48 BD 03) A:FF X:20 Y:02 P:84 S:F5 mem:002A614B 13:30687 tv:0.000001 48: PHA
lcpuC PC:D181 (BD 03 03) A:FF X:20 Y:02 P:84 S:F4 mem:002A624A 13:30684 tv:0.000001 BD: LDA abs,x
lcpuC PC:D184 (90 0E BD) A:03 X:20 Y:02 P:04 S:F4 mem:002A624A 13:30680 tv:0.000006 90: BCC
lcpuC PC:D194 (99 11 03) A:03 X:20 Y:02 P:04 S:F4 mem:002A624A 13:30677 tv:0.000001 99: STA abs,y
lcpuC PC:D197 (79 0D 03) A:03 X:20 Y:02 P:04 S:F4 mem:002A624D 13:30672 tv:0.000001 79: ADC abs,y
lcpuC PC:D19A (9D 03 03) A:03 X:20 Y:02 P:04 S:F4 mem:002A624D 13:30668 tv:0.000000 9D: STA abs,x
lcpuC PC:D19D (68 99 10) A:03 X:20 Y:02 P:04 S:F4 mem:002A624D 13:30663 tv:0.000001 68: PLA
lcpuC PC:D19E (99 10 03) A:FF X:20 Y:02 P:84 S:F5 mem:002A624D 13:30659 tv:0.000000 99: STA abs,y
lcpuC PC:D1A1 (18 79 0C) A:FF X:20 Y:02 P:84 S:F5 mem:002A634C 13:30654 tv:0.000001 18: CLC
lcpuC PC:D1A2 (79 0C 03) A:FF X:20 Y:02 P:84 S:F5 mem:002A634C 13:30652 tv:0.000001 79: ADC abs,y
lcpuC PC:D1A5 (9D 02 03) A:FF X:20 Y:02 P:84 S:F5 mem:002A634C 13:30648 tv:0.000000 9D: STA abs,x
lcpuC PC:D1A8 (90 03 FE) A:FF X:20 Y:02 P:84 S:F5 mem:002A634C 13:30643 tv:0.000001 90: BCC
lcpuC PC:D1AD (BD 03 03) A:FF X:20 Y:02 P:84 S:F5 mem:002A634C 13:30640 tv:0.000001 BD: LDA abs,x
lcpuC PC:D1B0 (0A 7E 03) A:03 X:20 Y:02 P:04 S:F5 mem:002A634C 13:30636 tv:0.000001 0A: ASL A
lcpuC PC:D1B1 (7E 03 03) A:06 X:20 Y:02 P:04 S:F5 mem:002A634C 13:30634 tv:0.000001 7E: ROR abs,x
lcpuC PC:D1B4 (7E 02 03) A:06 X:20 Y:02 P:05 S:F5 mem:002A634A 13:30627 tv:0.000001 7E: ROR abs,x
lcpuC PC:D1B7 (60 A0 10) A:06 X:20 Y:02 P:85 S:F5 mem:002A634A 13:30620 tv:0.000000 60: RTS
lcpuC PC:D157 (20 AD D1) A:06 X:20 Y:02 P:85 S:F7 mem:002A634A 13:30614 tv:0.000001 20: JSR
lcpuC PC:D1AD (BD 03 03) A:06 X:20 Y:02 P:85 S:F5 mem:002A634D 13:30608 tv:0.000001 BD: LDA abs,x
lcpuC PC:D1B0 (0A 7E 03) A:01 X:20 Y:02 P:05 S:F5 mem:002A634D 13:30604 tv:0.000001 0A: ASL A
lcpuC PC:D1B1 (7E 03 03) A:02 X:20 Y:02 P:04 S:F5 mem:002A634D 13:30602 tv:0.000001 7E: ROR abs,x
lcpuC PC:D1B4 (7E 02 03) A:02 X:20 Y:02 P:07 S:F5 mem:002A634C 13:30595 tv:0.000001 7E: ROR abs,x
lcpuC PC:D1B7 (60 A0 10) A:02 X:20 Y:02 P:85 S:F5 mem:002A634C 13:30588 tv:0.000001 60: RTS
lcpuC PC:D15A (A0 00 CA) A:02 X:20 Y:02 P:85 S:F7 mem:002A634C 13:30582 tv:0.000001 A0: LDY imm
lcpuC PC:D15C (CA CA 20) A:02 X:20 Y:00 P:07 S:F7 mem:002A634C 13:30580 tv:0.000001 CA: DEX
lcpuC PC:D15D (CA 20 76) A:02 X:1F Y:00 P:05 S:F7 mem:002A634C 13:30578 tv:0.000000 CA: DEX
lcpuC PC:D15E (20 76 D1) A:02 X:1E Y:00 P:05 S:F7 mem:002A634C 13:30576 tv:0.000000 20: JSR
lcpuC PC:D176 (18 A5 DA) A:02 X:1E Y:00 P:05 S:F5 mem:002A6353 13:30570 tv:0.000001 18: CLC
lcpuC PC:D177 (A5 DA 29) A:02 X:1E Y:00 P:04 S:F5 mem:002A6353 13:30568 tv:0.000001 A5: LDA zp
lcpuC PC:D179 (29 04 F0) A:FF X:1E Y:00 P:84 S:F5 mem:002A6353 13:30565 tv:0.000002 29: AND
lcpuC PC:D17B (F0 09 BD) A:04 X:1E Y:00 P:04 S:F5 mem:002A6353 13:30562 tv:0.000001 F0: BEQ
lcpuC PC:D17D (BD 02 03) A:04 X:1E Y:00 P:04 S:F5 mem:002A6353 13:30560 tv:0.000001 BD: LDA abs,x
lcpuC PC:D180 (48 BD 03) A:FF X:1E Y:00 P:84 S:F5 mem:002A6353 13:30556 tv:0.000000 48: PHA
lcpuC PC:D181 (BD 03 03) A:FF X:1E Y:00 P:84 S:F4 mem:002A6353 13:30553 tv:0.000000 BD: LDA abs,x
lcpuC PC:D184 (90 0E BD) A:04 X:1E Y:00 P:04 S:F4 mem:002A6353 13:30549 tv:0.000001 90: BCC
lcpuC PC:D194 (99 11 03) A:04 X:1E Y:00 P:04 S:F4 mem:002A6353 13:30546 tv:0.000000 99: STA abs,y
lcpuC PC:D197 (79 0D 03) A:04 X:1E Y:00 P:04 S:F4 mem:002A6357 13:30541 tv:0.000001 79: ADC abs,y
lcpuC PC:D19A (9D 03 03) A:04 X:1E Y:00 P:04 S:F4 mem:002A6357 13:30537 tv:0.000001 9D: STA abs,x
lcpuC PC:D19D (68 99 10) A:04 X:1E Y:00 P:04 S:F4 mem:002A6357 13:30532 tv:0.000008 68: PLA
lcpuC PC:D19E (99 10 03) A:FF X:1E Y:00 P:84 S:F5 mem:002A6357 13:30528 tv:0.000000 99: STA abs,y
lcpuC PC:D1A1 (18 79 0C) A:FF X:1E Y:00 P:84 S:F5 mem:002A6456 13:30523 tv:0.000001 18: CLC
lcpuC PC:D1A2 (79 0C 03) A:FF X:1E Y:00 P:84 S:F5 mem:002A6456 13:30521 tv:0.000000 79: ADC abs,y
lcpuC PC:D1A5 (9D 02 03) A:FF X:1E Y:00 P:84 S:F5 mem:002A6456 13:30517 tv:0.000001 9D: STA abs,x
lcpuC PC:D1A8 (90 03 FE) A:FF X:1E Y:00 P:84 S:F5 mem:002A6456 13:30512 tv:0.000000 90: BCC
lcpuC PC:D1AD (BD 03 03) A:FF X:1E Y:00 P:84 S:F5 mem:002A6456 13:30509 tv:0.000001 BD: LDA abs,x
lcpuC PC:D1B0 (0A 7E 03) A:04 X:1E Y:00 P:04 S:F5 mem:002A6456 13:30505 tv:0.000001 0A: ASL A
lcpuC PC:D1B1 (7E 03 03) A:08 X:1E Y:00 P:04 S:F5 mem:002A6456 13:30503 tv:0.000001 7E: ROR abs,x
lcpuC PC:D1B4 (7E 02 03) A:08 X:1E Y:00 P:04 S:F5 mem:002A6454 13:30496 tv:0.000001 7E: ROR abs,x
lcpuC PC:D1B7 (60 A0 10) A:08 X:1E Y:00 P:05 S:F5 mem:002A63D4 13:30489 tv:0.000001 60: RTS
lcpuC PC:D161 (AC 61 03) A:08 X:1E Y:00 P:05 S:F7 mem:002A63D4 13:30483 tv:0.000001 AC: LDY abs
lcpuC PC:D164 (C0 03 F0) A:08 X:1E Y:00 P:07 S:F7 mem:002A63D4 13:30479 tv:0.000001 C0: CPY imm
lcpuC PC:D166 (F0 05 B0) A:08 X:1E Y:00 P:84 S:F7 mem:002A63D4 13:30477 tv:0.000001 F0: BEQ
lcpuC PC:D168 (B0 06 20) A:08 X:1E Y:00 P:84 S:F7 mem:002A63D4 13:30475 tv:0.000000 B0: BCS
lcpuC PC:D16A (20 AD D1) A:08 X:1E Y:00 P:84 S:F7 mem:002A63D4 13:30473 tv:0.000001 20: JSR
lcpuC PC:D1AD (BD 03 03) A:08 X:1E Y:00 P:84 S:F5 mem:002A63E0 13:30467 tv:0.000001 BD: LDA abs,x
lcpuC PC:D1B0 (0A 7E 03) A:02 X:1E Y:00 P:04 S:F5 mem:002A63E0 13:30463 tv:0.000001 0A: ASL A
lcpuC PC:D1B1 (7E 03 03) A:04 X:1E Y:00 P:04 S:F5 mem:002A63E0 13:30461 tv:0.000001 7E: ROR abs,x
lcpuC PC:D1B4 (7E 02 03) A:04 X:1E Y:00 P:04 S:F5 mem:002A63DF 13:30454 tv:0.000001 7E: ROR abs,x
lcpuC PC:D1B7 (60 A0 10) A:04 X:1E Y:00 P:05 S:F5 mem:002A639F 13:30447 tv:0.000000 60: RTS
lcpuC PC:D16D (20 AD D1) A:04 X:1E Y:00 P:05 S:F7 mem:002A639F 13:30441 tv:0.000008 20: JSR
lcpuC PC:D1AD (BD 03 03) A:04 X:1E Y:00 P:05 S:F5 mem:002A63A2 13:30435 tv:0.000005 BD: LDA abs,x
lcpuC PC:D1B0 (0A 7E 03) A:01 X:1E Y:00 P:05 S:F5 mem:002A63A2 13:30431 tv:0.000000 0A: ASL A
lcpuC PC:D1B1 (7E 03 03) A:02 X:1E Y:00 P:04 S:F5 mem:002A63A2 13:30429 tv:0.000000 7E: ROR abs,x
lcpuC PC:D1B4 (7E 02 03) A:02 X:1E Y:00 P:07 S:F5 mem:002A63A1 13:30422 tv:0.000000 7E: ROR abs,x
lcpuC PC:D1B7 (60 A0 10) A:02 X:1E Y:00 P:85 S:F5 mem:002A6401 13:30415 tv:0.000000 60: RTS
lcpuC PC:D170 (AD 56 03) A:02 X:1E Y:00 P:85 S:F7 mem:002A6401 13:30409 tv:0.000000 AD: LDA abs
lcpuC PC:D173 (D0 38 60) A:04 X:1E Y:00 P:05 S:F7 mem:002A6401 13:30405 tv:0.000001 D0: BNE
lcpuC PC:D1AD (BD 03 03) A:04 X:1E Y:00 P:05 S:F7 mem:002A6401 13:30402 tv:0.000000 BD: LDA abs,x
lcpuC PC:D1B0 (0A 7E 03) A:00 X:1E Y:00 P:07 S:F7 mem:002A6401 13:30398 tv:0.000001 0A: ASL A
lcpuC PC:D1B1 (7E 03 03) A:00 X:1E Y:00 P:06 S:F7 mem:002A6401 13:30396 tv:0.000000 7E: ROR abs,x
lcpuC PC:D1B4 (7E 02 03) A:00 X:1E Y:00 P:06 S:F7 mem:002A6401 13:30389 tv:0.000000 7E: ROR abs,x
lcpuC PC:D1B7 (60 A0 10) A:00 X:1E Y:00 P:05 S:F7 mem:002A63B1 13:30382 tv:0.000001 60: RTS
lcpuC PC:CA4D (A2 1C 20) A:00 X:1E Y:00 P:05 S:F9 mem:002A63B1 13:30376 tv:0.000001 A2: LDX imm
lcpuC PC:CA4F (20 49 D1) A:00 X:1C Y:00 P:05 S:F9 mem:002A63B1 13:30374 tv:0.000000 20: JSR
lcpuC PC:D149 (A9 FF D0) A:00 X:1C Y:00 P:05 S:F7 mem:002A63B6 13:30368 tv:0.000001 A9: LDA imm
lcpuC PC:D14B (D0 03 AD) A:FF X:1C Y:00 P:85 S:F7 mem:002A63B6 13:30366 tv:0.000001 D0: BNE
lcpuC PC:D150 (85 DA A0) A:FF X:1C Y:00 P:85 S:F7 mem:002A63B6 13:30363 tv:0.000001 85: STA zp
lcpuC PC:D152 (A0 02 20) A:FF X:1C Y:00 P:85 S:F7 mem:002A63B6 13:30360 tv:0.000001 A0: LDY imm
lcpuC PC:D154 (20 76 D1) A:FF X:1C Y:02 P:05 S:F7 mem:002A63B6 13:30358 tv:0.000000 20: JSR
lcpuC PC:D176 (18 A5 DA) A:FF X:1C Y:02 P:05 S:F5 mem:002A639D 13:30352 tv:0.000001 18: CLC
lcpuC PC:D177 (A5 DA 29) A:FF X:1C Y:02 P:04 S:F5 mem:002A639D 13:30350 tv:0.000000 A5: LDA zp
lcpuC PC:D179 (29 04 F0) A:FF X:1C Y:02 P:84 S:F5 mem:002A639D 13:30347 tv:0.000001 29: AND
lcpuC PC:D17B (F0 09 BD) A:04 X:1C Y:02 P:04 S:F5 mem:002A639D 13:30344 tv:0.000001 F0: BEQ
lcpuC PC:D17D (BD 02 03) A:04 X:1C Y:02 P:04 S:F5 mem:002A639D 13:30342 tv:0.000001 BD: LDA abs,x
lcpuC PC:D180 (48 BD 03) A:00 X:1C Y:02 P:06 S:F5 mem:002A639D 13:30338 tv:0.000001 48: PHA
lcpuC PC:D181 (BD 03 03) A:00 X:1C Y:02 P:06 S:F4 mem:002A629E 13:30335 tv:0.000000 BD: LDA abs,x
lcpuC PC:D184 (90 0E BD) A:00 X:1C Y:02 P:06 S:F4 mem:002A629E 13:30331 tv:0.000000 90: BCC
lcpuC PC:D194 (99 11 03) A:00 X:1C Y:02 P:06 S:F4 mem:002A629E 13:30328 tv:0.000000 99: STA abs,y
lcpuC PC:D197 (79 0D 03) A:00 X:1C Y:02 P:06 S:F4 mem:002A629B 13:30323 tv:0.000001 79: ADC abs,y
lcpuC PC:D19A (9D 03 03) A:00 X:1C Y:02 P:06 S:F4 mem:002A629B 13:30319 tv:0.000001 9D: STA abs,x
lcpuC PC:D19D (68 99 10) A:00 X:1C Y:02 P:06 S:F4 mem:002A629B 13:30314 tv:0.000001 68: PLA
lcpuC PC:D19E (99 10 03) A:00 X:1C Y:02 P:06 S:F5 mem:002A629B 13:30310 tv:0.000000 99: STA abs,y
lcpuC PC:D1A1 (18 79 0C) A:00 X:1C Y:02 P:06 S:F5 mem:002A619C 13:30305 tv:0.000000 18: CLC
lcpuC PC:D1A2 (79 0C 03) A:00 X:1C Y:02 P:06 S:F5 mem:002A619C 13:30303 tv:0.000001 79: ADC abs,y
lcpuC PC:D1A5 (9D 02 03) A:00 X:1C Y:02 P:06 S:F5 mem:002A619C 13:30299 tv:0.000001 9D: STA abs,x
lcpuC PC:D1A8 (90 03 FE) A:00 X:1C Y:02 P:06 S:F5 mem:002A619C 13:30294 tv:0.000001 90: BCC
lcpuC PC:D1AD (BD 03 03) A:00 X:1C Y:02 P:06 S:F5 mem:002A619C 13:30291 tv:0.000000 BD: LDA abs,x
lcpuC PC:D1B0 (0A 7E 03) A:00 X:1C Y:02 P:06 S:F5 mem:002A619C 13:30287 tv:0.000001 0A: ASL A
lcpuC PC:D1B1 (7E 03 03) A:00 X:1C Y:02 P:06 S:F5 mem:002A619C 13:30285 tv:0.000000 7E: ROR abs,x
lcpuC PC:D1B4 (7E 02 03) A:00 X:1C Y:02 P:06 S:F5 mem:002A619C 13:30278 tv:0.000001 7E: ROR abs,x
lcpuC PC:D1B7 (60 A0 10) A:00 X:1C Y:02 P:06 S:F5 mem:002A619C 13:30271 tv:0.000007 60: RTS
lcpuC PC:D157 (20 AD D1) A:00 X:1C Y:02 P:06 S:F7 mem:002A619C 13:30265 tv:0.000000 20: JSR
lcpuC PC:D1AD (BD 03 03) A:00 X:1C Y:02 P:06 S:F5 mem:002A619F 13:30259 tv:0.000000 BD: LDA abs,x
lcpuC PC:D1B0 (0A 7E 03) A:00 X:1C Y:02 P:06 S:F5 mem:002A619F 13:30255 tv:0.000000 0A: ASL A
lcpuC PC:D1B1 (7E 03 03) A:00 X:1C Y:02 P:06 S:F5 mem:002A619F 13:30253 tv:0.000001 7E: ROR abs,x
lcpuC PC:D1B4 (7E 02 03) A:00 X:1C Y:02 P:06 S:F5 mem:002A619F 13:30246 tv:0.000001 7E: ROR abs,x
lcpuC PC:D1B7 (60 A0 10) A:00 X:1C Y:02 P:06 S:F5 mem:002A619F 13:30239 tv:0.000001 60: RTS
lcpuC PC:D15A (A0 00 CA) A:00 X:1C Y:02 P:06 S:F7 mem:002A619F 13:30233 tv:0.000001 A0: LDY imm
lcpuC PC:D15C (CA CA 20) A:00 X:1C Y:00 P:06 S:F7 mem:002A619F 13:30231 tv:0.000000 CA: DEX
lcpuC PC:D15D (CA 20 76) A:00 X:1B Y:00 P:04 S:F7 mem:002A619F 13:30229 tv:0.000000 CA: DEX
lcpuC PC:D15E (20 76 D1) A:00 X:1A Y:00 P:04 S:F7 mem:002A619F 13:30227 tv:0.000000 20: JSR
lcpuC PC:D176 (18 A5 DA) A:00 X:1A Y:00 P:04 S:F5 mem:002A61A6 13:30221 tv:0.000013 18: CLC
lcpuC PC:D177 (A5 DA 29) A:00 X:1A Y:00 P:04 S:F5 mem:002A61A6 13:30219 tv:0.000000 A5: LDA zp
lcpuC PC:D179 (29 04 F0) A:FF X:1A Y:00 P:84 S:F5 mem:002A61A6 13:30216 tv:0.000001 29: AND
lcpuC PC:D17B (F0 09 BD) A:04 X:1A Y:00 P:04 S:F5 mem:002A61A6 13:30213 tv:0.000001 F0: BEQ
lcpuC PC:D17D (BD 02 03) A:04 X:1A Y:00 P:04 S:F5 mem:002A61A6 13:30211 tv:0.000001 BD: LDA abs,x
lcpuC PC:D180 (48 BD 03) A:00 X:1A Y:00 P:06 S:F5 mem:002A61A6 13:30207 tv:0.000001 48: PHA
lcpuC PC:D181 (BD 03 03) A:00 X:1A Y:00 P:06 S:F4 mem:002A61A6 13:30204 tv:0.000000 BD: LDA abs,x
lcpuC PC:D184 (90 0E BD) A:00 X:1A Y:00 P:06 S:F4 mem:002A61A6 13:30200 tv:0.000000 90: BCC
lcpuC PC:D194 (99 11 03) A:00 X:1A Y:00 P:06 S:F4 mem:002A61A6 13:30197 tv:0.000000 99: STA abs,y
lcpuC PC:D197 (79 0D 03) A:00 X:1A Y:00 P:06 S:F4 mem:002A61A2 13:30192 tv:0.000000 79: ADC abs,y
lcpuC PC:D19A (9D 03 03) A:00 X:1A Y:00 P:06 S:F4 mem:002A61A2 13:30188 tv:0.000001 9D: STA abs,x
lcpuC PC:D19D (68 99 10) A:00 X:1A Y:00 P:06 S:F4 mem:002A61A2 13:30183 tv:0.000000 68: PLA
lcpuC PC:D19E (99 10 03) A:00 X:1A Y:00 P:06 S:F5 mem:002A61A2 13:30179 tv:0.000001 99: STA abs,y
lcpuC PC:D1A1 (18 79 0C) A:00 X:1A Y:00 P:06 S:F5 mem:002A60A3 13:30174 tv:0.000001 18: CLC
lcpuC PC:D1A2 (79 0C 03) A:00 X:1A Y:00 P:06 S:F5 mem:002A60A3 13:30172 tv:0.000001 79: ADC abs,y
lcpuC PC:D1A5 (9D 02 03) A:00 X:1A Y:00 P:06 S:F5 mem:002A60A3 13:30168 tv:0.000001 9D: STA abs,x
lcpuC PC:D1A8 (90 03 FE) A:00 X:1A Y:00 P:06 S:F5 mem:002A60A3 13:30163 tv:0.000000 90: BCC
lcpuC PC:D1AD (BD 03 03) A:00 X:1A Y:00 P:06 S:F5 mem:002A60A3 13:30160 tv:0.000000 BD: LDA abs,x
lcpuC PC:D1B0 (0A 7E 03) A:00 X:1A Y:00 P:06 S:F5 mem:002A60A3 13:30156 tv:0.000001 0A: ASL A
lcpuC PC:D1B1 (7E 03 03) A:00 X:1A Y:00 P:06 S:F5 mem:002A60A3 13:30154 tv:0.000001 7E: ROR abs,x
lcpuC PC:D1B4 (7E 02 03) A:00 X:1A Y:00 P:06 S:F5 mem:002A60A3 13:30147 tv:0.000001 7E: ROR abs,x
lcpuC PC:D1B7 (60 A0 10) A:00 X:1A Y:00 P:06 S:F5 mem:002A60A3 13:30140 tv:0.000001 60: RTS
lcpuC PC:D161 (AC 61 03) A:00 X:1A Y:00 P:06 S:F7 mem:002A60A3 13:30134 tv:0.000001 AC: LDY abs
lcpuC PC:D164 (C0 03 F0) A:00 X:1A Y:00 P:06 S:F7 mem:002A60A3 13:30130 tv:0.000001 C0: CPY imm
lcpuC PC:D166 (F0 05 B0) A:00 X:1A Y:00 P:84 S:F7 mem:002A60A3 13:30128 tv:0.000001 F0: BEQ
lcpuC PC:D168 (B0 06 20) A:00 X:1A Y:00 P:84 S:F7 mem:002A60A3 13:30126 tv:0.000001 B0: BCS
lcpuC PC:D16A (20 AD D1) A:00 X:1A Y:00 P:84 S:F7 mem:002A60A3 13:30124 tv:0.000001 20: JSR
lcpuC PC:D1AD (BD 03 03) A:00 X:1A Y:00 P:84 S:F5 mem:002A60AF 13:30118 tv:0.000001 BD: LDA abs,x
lcpuC PC:D1B0 (0A 7E 03) A:00 X:1A Y:00 P:06 S:F5 mem:002A60AF 13:30114 tv:0.000001 0A: ASL A
lcpuC PC:D1B1 (7E 03 03) A:00 X:1A Y:00 P:06 S:F5 mem:002A60AF 13:30112 tv:0.000000 7E: ROR abs,x
lcpuC PC:D1B4 (7E 02 03) A:00 X:1A Y:00 P:06 S:F5 mem:002A60AF 13:30105 tv:0.000001 7E: ROR abs,x
lcpuC PC:D1B7 (60 A0 10) A:00 X:1A Y:00 P:06 S:F5 mem:002A60AF 13:30098 tv:0.000001 60: RTS
lcpuC PC:D16D (20 AD D1) A:00 X:1A Y:00 P:06 S:F7 mem:002A60AF 13:30092 tv:0.000001 20: JSR
lcpuC PC:D1AD (BD 03 03) A:00 X:1A Y:00 P:06 S:F5 mem:002A60B2 13:30086 tv:0.000001 BD: LDA abs,x
lcpuC PC:D1B0 (0A 7E 03) A:00 X:1A Y:00 P:06 S:F5 mem:002A60B2 13:30082 tv:0.000001 0A: ASL A
lcpuC PC:D1B1 (7E 03 03) A:00 X:1A Y:00 P:06 S:F5 mem:002A60B2 13:30080 tv:0.000001 7E: ROR abs,x
lcpuC PC:D1B4 (7E 02 03) A:00 X:1A Y:00 P:06 S:F5 mem:002A60B2 13:30073 tv:0.000001 7E: ROR abs,x
lcpuC PC:D1B7 (60 A0 10) A:00 X:1A Y:00 P:06 S:F5 mem:002A60B2 13:30066 tv:0.000001 60: RTS
lcpuC PC:D170 (AD 56 03) A:00 X:1A Y:00 P:06 S:F7 mem:002A60B2 13:30060 tv:0.000001 AD: LDA abs
lcpuC PC:D173 (D0 38 60) A:04 X:1A Y:00 P:04 S:F7 mem:002A60B2 13:30056 tv:0.000001 D0: BNE
lcpuC PC:D1AD (BD 03 03) A:04 X:1A Y:00 P:04 S:F7 mem:002A60B2 13:30053 tv:0.000000 BD: LDA abs,x
lcpuC PC:D1B0 (0A 7E 03) A:00 X:1A Y:00 P:06 S:F7 mem:002A60B2 13:30049 tv:0.000000 0A: ASL A
lcpuC PC:D1B1 (7E 03 03) A:00 X:1A Y:00 P:06 S:F7 mem:002A60B2 13:30047 tv:0.000000 7E: ROR abs,x
lcpuC PC:D1B4 (7E 02 03) A:00 X:1A Y:00 P:06 S:F7 mem:002A60B2 13:30040 tv:0.000000 7E: ROR abs,x
lcpuC PC:D1B7 (60 A0 10) A:00 X:1A Y:00 P:06 S:F7 mem:002A60B2 13:30033 tv:0.000000 60: RTS
lcpuC PC:CA52 (AD 1F 03) A:00 X:1A Y:00 P:06 S:F9 mem:002A60B2 13:30027 tv:0.000001 AD: LDA abs
lcpuC PC:CA55 (0D 1D 03) A:00 X:1A Y:00 P:06 S:F9 mem:002A60B2 13:30023 tv:0.000001 0D: ORA abs
lcpuC PC:CA58 (30 27 AD) A:00 X:1A Y:00 P:06 S:F9 mem:002A60B2 13:30019 tv:0.000006 30: BMI
lcpuC PC:CA5A (AD 23 03) A:00 X:1A Y:00 P:06 S:F9 mem:002A60B2 13:30017 tv:0.000000 AD: LDA abs
lcpuC PC:CA5D (D0 22 AE) A:00 X:1A Y:00 P:06 S:F9 mem:002A60B2 13:30013 tv:0.000001 D0: BNE
lcpuC PC:CA5F (AE 55 03) A:00 X:1A Y:00 P:06 S:F9 mem:002A60B2 13:30011 tv:0.000000 AE: LDX abs
lcpuC PC:CA62 (AD 21 03) A:00 X:07 Y:00 P:04 S:F9 mem:002A60B2 13:30007 tv:0.000000 AD: LDA abs
lcpuC PC:CA65 (85 DA AD) A:00 X:07 Y:00 P:06 S:F9 mem:002A60B2 13:30003 tv:0.000000 85: STA zp
lcpuC PC:CA67 (AD 20 03) A:00 X:07 Y:00 P:06 S:F9 mem:002A5FB3 13:30000 tv:0.000001 AD: LDA abs
lcpuC PC:CA6A (46 DA 6A) A:4F X:07 Y:00 P:04 S:F9 mem:002A5FB3 13:29996 tv:0.000001 46: LSR zp
lcpuC PC:CA6C (6A 46 DA) A:4F X:07 Y:00 P:06 S:F9 mem:002A5FB3 13:29991 tv:0.000001 6A: ROR A
lcpuC PC:CA6D (46 DA D0) A:27 X:07 Y:00 P:05 S:F9 mem:002A5FB3 13:29989 tv:0.000001 46: LSR zp
lcpuC PC:CA6F (D0 10 6A) A:27 X:07 Y:00 P:06 S:F9 mem:002A5FB3 13:29984 tv:0.000000 D0: BNE
lcpuC PC:CA71 (6A 4A DD) A:27 X:07 Y:00 P:06 S:F9 mem:002A5FB3 13:29982 tv:0.000001 6A: ROR A
lcpuC PC:CA72 (4A DD EF) A:13 X:07 Y:00 P:05 S:F9 mem:002A5FB3 13:29980 tv:0.000000 4A: LSR A
lcpuC PC:CA73 (DD EF C3) A:09 X:07 Y:00 P:05 S:F9 mem:002A5FB3 13:29978 tv:0.000000 DD: CMP abs,x
lcpuC PC:CA76 (F0 02 10) A:09 X:07 Y:00 P:84 S:F9 mem:002A5FB3 13:29974 tv:0.000001 F0: BEQ
lcpuC PC:CA78 (10 07 A0) A:09 X:07 Y:00 P:84 S:F9 mem:002A5FB3 13:29972 tv:0.000000 10: BPL
lcpuC PC:CA7A (A0 00 A2) A:09 X:07 Y:00 P:84 S:F9 mem:002A5FB3 13:29970 tv:0.000000 A0: LDY imm
lcpuC PC:CA7C (A2 1C 20) A:09 X:07 Y:00 P:06 S:F9 mem:002A5FB3 13:29968 tv:0.000001 A2: LDX imm
lcpuC PC:CA7E (20 7C D4) A:09 X:1C Y:00 P:04 S:F9 mem:002A5FB3 13:29966 tv:0.000001 20: JSR
lcpuC PC:D47C (A9 08 D0) A:09 X:1C Y:00 P:04 S:F7 mem:002A5FE2 13:29960 tv:0.000001 A9: LDA imm
lcpuC PC:D47E (D0 0C A0) A:08 X:1C Y:00 P:04 S:F7 mem:002A5FE2 13:29958 tv:0.000000 D0: BNE
lcpuC PC:D48C (85 DA BD) A:08 X:1C Y:00 P:04 S:F7 mem:002A5FE2 13:29955 tv:0.000000 85: STA zp
lcpuC PC:D48E (BD 00 03) A:08 X:1C Y:00 P:04 S:F7 mem:002A5FEA 13:29952 tv:0.000001 BD: LDA abs,x
lcpuC PC:D491 (99 00 03) A:00 X:1C Y:00 P:06 S:F7 mem:002A5FEA 13:29948 tv:0.000000 99: STA abs,y
lcpuC PC:D494 (E8 C8 C6) A:00 X:1C Y:00 P:06 S:F7 mem:002A5FEA 13:29943 tv:0.000000 E8: INX
lcpuC PC:D495 (C8 C6 DA) A:00 X:1D Y:00 P:04 S:F7 mem:002A5FEA 13:29941 tv:0.000001 C8: INY
lcpuC PC:D496 (C6 DA D0) A:00 X:1D Y:01 P:04 S:F7 mem:002A5FEA 13:29939 tv:0.000001 C6: DEC zp
lcpuC PC:D498 (D0 F4 60) A:00 X:1D Y:01 P:04 S:F7 mem:002A5FE9 13:29934 tv:0.000001 D0: BNE
lcpuC PC:D48E (BD 00 03) A:00 X:1D Y:01 P:04 S:F7 mem:002A5FE9 13:29931 tv:0.000001 BD: LDA abs,x
lcpuC PC:D491 (99 00 03) A:00 X:1D Y:01 P:06 S:F7 mem:002A5FE9 13:29927 tv:0.000000 99: STA abs,y
lcpuC PC:D494 (E8 C8 C6) A:00 X:1D Y:01 P:06 S:F7 mem:002A5FE9 13:29922 tv:0.000000 E8: INX
lcpuC PC:D495 (C8 C6 DA) A:00 X:1E Y:01 P:04 S:F7 mem:002A5FE9 13:29920 tv:0.000000 C8: INY
lcpuC PC:D496 (C6 DA D0) A:00 X:1E Y:02 P:04 S:F7 mem:002A5FE9 13:29918 tv:0.000000 C6: DEC zp
lcpuC PC:D498 (D0 F4 60) A:00 X:1E Y:02 P:04 S:F7 mem:002A5FE8 13:29913 tv:0.000001 D0: BNE
lcpuC PC:D48E (BD 00 03) A:00 X:1E Y:02 P:04 S:F7 mem:002A5FE8 13:29910 tv:0.000000 BD: LDA abs,x
lcpuC PC:D491 (99 00 03) A:00 X:1E Y:02 P:06 S:F7 mem:002A5FE8 13:29906 tv:0.000000 99: STA abs,y
lcpuC PC:D494 (E8 C8 C6) A:00 X:1E Y:02 P:06 S:F7 mem:002A5FE8 13:29901 tv:0.000001 E8: INX
lcpuC PC:D495 (C8 C6 DA) A:00 X:1F Y:02 P:04 S:F7 mem:002A5FE8 13:29899 tv:0.000001 C8: INY
lcpuC PC:D496 (C6 DA D0) A:00 X:1F Y:03 P:04 S:F7 mem:002A5FE8 13:29897 tv:0.000000 C6: DEC zp
lcpuC PC:D498 (D0 F4 60) A:00 X:1F Y:03 P:04 S:F7 mem:002A5FE7 13:29892 tv:0.000000 D0: BNE
lcpuC PC:D48E (BD 00 03) A:00 X:1F Y:03 P:04 S:F7 mem:002A5FE7 13:29889 tv:0.000001 BD: LDA abs,x
lcpuC PC:D491 (99 00 03) A:00 X:1F Y:03 P:06 S:F7 mem:002A5FE7 13:29885 tv:0.000000 99: STA abs,y
lcpuC PC:D494 (E8 C8 C6) A:00 X:1F Y:03 P:06 S:F7 mem:002A5FE7 13:29880 tv:0.000001 E8: INX
lcpuC PC:D495 (C8 C6 DA) A:00 X:20 Y:03 P:04 S:F7 mem:002A5FE7 13:29878 tv:0.000001 C8: INY
lcpuC PC:D496 (C6 DA D0) A:00 X:20 Y:04 P:04 S:F7 mem:002A5FE7 13:29876 tv:0.000000 C6: DEC zp
lcpuC PC:D498 (D0 F4 60) A:00 X:20 Y:04 P:04 S:F7 mem:002A5FE6 13:29871 tv:0.000000 D0: BNE
lcpuC PC:D48E (BD 00 03) A:00 X:20 Y:04 P:04 S:F7 mem:002A5FE6 13:29868 tv:0.000000 BD: LDA abs,x
lcpuC PC:D491 (99 00 03) A:4F X:20 Y:04 P:04 S:F7 mem:002A5FE6 13:29864 tv:0.000000 99: STA abs,y
lcpuC PC:D494 (E8 C8 C6) A:4F X:20 Y:04 P:04 S:F7 mem:002A6035 13:29859 tv:0.000000 E8: INX
lcpuC PC:D495 (C8 C6 DA) A:4F X:21 Y:04 P:04 S:F7 mem:002A6035 13:29857 tv:0.000001 C8: INY
lcpuC PC:D496 (C6 DA D0) A:4F X:21 Y:05 P:04 S:F7 mem:002A6035 13:29855 tv:0.000000 C6: DEC zp
lcpuC PC:D498 (D0 F4 60) A:4F X:21 Y:05 P:04 S:F7 mem:002A6034 13:29850 tv:0.000001 D0: BNE
lcpuC PC:D48E (BD 00 03) A:4F X:21 Y:05 P:04 S:F7 mem:002A6034 13:29847 tv:0.000000 BD: LDA abs,x
lcpuC PC:D491 (99 00 03) A:00 X:21 Y:05 P:06 S:F7 mem:002A6034 13:29843 tv:0.000000 99: STA abs,y
lcpuC PC:D494 (E8 C8 C6) A:00 X:21 Y:05 P:06 S:F7 mem:002A6034 13:29838 tv:0.000000 E8: INX
lcpuC PC:D495 (C8 C6 DA) A:00 X:22 Y:05 P:04 S:F7 mem:002A6034 13:29836 tv:0.000000 C8: INY
lcpuC PC:D496 (C6 DA D0) A:00 X:22 Y:06 P:04 S:F7 mem:002A6034 13:29834 tv:0.000001 C6: DEC zp
lcpuC PC:D498 (D0 F4 60) A:00 X:22 Y:06 P:04 S:F7 mem:002A6033 13:29829 tv:0.000001 D0: BNE
lcpuC PC:D48E (BD 00 03) A:00 X:22 Y:06 P:04 S:F7 mem:002A6033 13:29826 tv:0.000000 BD: LDA abs,x
lcpuC PC:D491 (99 00 03) A:FF X:22 Y:06 P:84 S:F7 mem:002A6033 13:29822 tv:0.000001 99: STA abs,y
lcpuC PC:D494 (E8 C8 C6) A:FF X:22 Y:06 P:84 S:F7 mem:002A6132 13:29817 tv:0.000002 E8: INX
lcpuC PC:D495 (C8 C6 DA) A:FF X:23 Y:06 P:04 S:F7 mem:002A6132 13:29815 tv:0.000000 C8: INY
lcpuC PC:D496 (C6 DA D0) A:FF X:23 Y:07 P:04 S:F7 mem:002A6132 13:29813 tv:0.000001 C6: DEC zp
lcpuC PC:D498 (D0 F4 60) A:FF X:23 Y:07 P:04 S:F7 mem:002A6131 13:29808 tv:0.000001 D0: BNE
lcpuC PC:D48E (BD 00 03) A:FF X:23 Y:07 P:04 S:F7 mem:002A6131 13:29805 tv:0.000001 BD: LDA abs,x
lcpuC PC:D491 (99 00 03) A:00 X:23 Y:07 P:06 S:F7 mem:002A6131 13:29801 tv:0.000001 99: STA abs,y
lcpuC PC:D494 (E8 C8 C6) A:00 X:23 Y:07 P:06 S:F7 mem:002A6131 13:29796 tv:0.000001 E8: INX
lcpuC PC:D495 (C8 C6 DA) A:00 X:24 Y:07 P:04 S:F7 mem:002A6131 13:29794 tv:0.000000 C8: INY
lcpuC PC:D496 (C6 DA D0) A:00 X:24 Y:08 P:04 S:F7 mem:002A6131 13:29792 tv:0.000001 C6: DEC zp
lcpuC PC:D498 (D0 F4 60) A:00 X:24 Y:08 P:06 S:F7 mem:002A6130 13:29787 tv:0.000001 D0: BNE
lcpuC PC:D49A (60 48 98) A:00 X:24 Y:08 P:06 S:F7 mem:002A6130 13:29785 tv:0.000001 60: RTS
lcpuC PC:CA81 (A2 10 A0) A:00 X:24 Y:08 P:06 S:F9 mem:002A6130 13:29779 tv:0.000000 A2: LDX imm
lcpuC PC:CA83 (A0 28 4C) A:00 X:10 Y:08 P:04 S:F9 mem:002A6130 13:29777 tv:0.000000 A0: LDY imm
lcpuC PC:CA85 (4C E6 CD) A:00 X:10 Y:28 P:04 S:F9 mem:002A6130 13:29775 tv:0.000001 4C: JMP
lcpuC PC:CDE6 (A9 04 85) A:00 X:10 Y:28 P:04 S:F9 mem:002A6130 13:29772 tv:0.000001 A9: LDA imm
lcpuC PC:CDE8 (85 DA BD) A:04 X:10 Y:28 P:04 S:F9 mem:002A6130 13:29770 tv:0.000000 85: STA zp
lcpuC PC:CDEA (BD 00 03) A:04 X:10 Y:28 P:04 S:F9 mem:002A6134 13:29767 tv:0.000000 BD: LDA abs,x
lcpuC PC:CDED (48 B9 00) A:00 X:10 Y:28 P:06 S:F9 mem:002A6134 13:29763 tv:0.000006 48: PHA
lcpuC PC:CDEE (B9 00 03) A:00 X:10 Y:28 P:06 S:F8 mem:002A606A 13:29760 tv:0.000001 B9: LDA abs,y
lcpuC PC:CDF1 (9D 00 03) A:00 X:10 Y:28 P:06 S:F8 mem:002A606A 13:29756 tv:0.000001 9D: STA abs,x
lcpuC PC:CDF4 (68 99 00) A:00 X:10 Y:28 P:06 S:F8 mem:002A606A 13:29751 tv:0.000001 68: PLA
lcpuC PC:CDF5 (99 00 03) A:00 X:10 Y:28 P:06 S:F9 mem:002A606A 13:29747 tv:0.000001 99: STA abs,y
lcpuC PC:CDF8 (E8 C8 C6) A:00 X:10 Y:28 P:06 S:F9 mem:002A606A 13:29742 tv:0.000000 E8: INX
lcpuC PC:CDF9 (C8 C6 DA) A:00 X:11 Y:28 P:04 S:F9 mem:002A606A 13:29740 tv:0.000000 C8: INY
lcpuC PC:CDFA (C6 DA D0) A:00 X:11 Y:29 P:04 S:F9 mem:002A606A 13:29738 tv:0.000000 C6: DEC zp
lcpuC PC:CDFC (D0 EC 60) A:00 X:11 Y:29 P:04 S:F9 mem:002A6069 13:29733 tv:0.000001 D0: BNE
lcpuC PC:CDEA (BD 00 03) A:00 X:11 Y:29 P:04 S:F9 mem:002A6069 13:29730 tv:0.000000 BD: LDA abs,x
lcpuC PC:CDED (48 B9 00) A:00 X:11 Y:29 P:06 S:F9 mem:002A6069 13:29726 tv:0.000001 48: PHA
lcpuC PC:CDEE (B9 00 03) A:00 X:11 Y:29 P:06 S:F8 mem:002A6069 13:29723 tv:0.000000 B9: LDA abs,y
lcpuC PC:CDF1 (9D 00 03) A:00 X:11 Y:29 P:06 S:F8 mem:002A6069 13:29719 tv:0.000001 9D: STA abs,x
lcpuC PC:CDF4 (68 99 00) A:00 X:11 Y:29 P:06 S:F8 mem:002A6069 13:29714 tv:0.000000 68: PLA
lcpuC PC:CDF5 (99 00 03) A:00 X:11 Y:29 P:06 S:F9 mem:002A6069 13:29710 tv:0.000001 99: STA abs,y
lcpuC PC:CDF8 (E8 C8 C6) A:00 X:11 Y:29 P:06 S:F9 mem:002A6069 13:29705 tv:0.000001 E8: INX
lcpuC PC:CDF9 (C8 C6 DA) A:00 X:12 Y:29 P:04 S:F9 mem:002A6069 13:29703 tv:0.000000 C8: INY
lcpuC PC:CDFA (C6 DA D0) A:00 X:12 Y:2A P:04 S:F9 mem:002A6069 13:29701 tv:0.000000 C6: DEC zp
lcpuC PC:CDFC (D0 EC 60) A:00 X:12 Y:2A P:04 S:F9 mem:002A6068 13:29696 tv:0.000000 D0: BNE
lcpuC PC:CDEA (BD 00 03) A:00 X:12 Y:2A P:04 S:F9 mem:002A6068 13:29693 tv:0.000000 BD: LDA abs,x
lcpuC PC:CDED (48 B9 00) A:00 X:12 Y:2A P:06 S:F9 mem:002A6068 13:29689 tv:0.000000 48: PHA
lcpuC PC:CDEE (B9 00 03) A:00 X:12 Y:2A P:06 S:F8 mem:002A6068 13:29686 tv:0.000000 B9: LDA abs,y
lcpuC PC:CDF1 (9D 00 03) A:00 X:12 Y:2A P:06 S:F8 mem:002A6068 13:29682 tv:0.000000 9D: STA abs,x
lcpuC PC:CDF4 (68 99 00) A:00 X:12 Y:2A P:06 S:F8 mem:002A6068 13:29677 tv:0.000000 68: PLA
lcpuC PC:CDF5 (99 00 03) A:00 X:12 Y:2A P:06 S:F9 mem:002A6068 13:29673 tv:0.000000 99: STA abs,y
lcpuC PC:CDF8 (E8 C8 C6) A:00 X:12 Y:2A P:06 S:F9 mem:002A6068 13:29668 tv:0.000000 E8: INX
lcpuC PC:CDF9 (C8 C6 DA) A:00 X:13 Y:2A P:04 S:F9 mem:002A6068 13:29666 tv:0.000001 C8: INY
lcpuC PC:CDFA (C6 DA D0) A:00 X:13 Y:2B P:04 S:F9 mem:002A6068 13:29664 tv:0.000001 C6: DEC zp
lcpuC PC:CDFC (D0 EC 60) A:00 X:13 Y:2B P:04 S:F9 mem:002A6067 13:29659 tv:0.000001 D0: BNE
lcpuC PC:CDEA (BD 00 03) A:00 X:13 Y:2B P:04 S:F9 mem:002A6067 13:29656 tv:0.000000 BD: LDA abs,x
lcpuC PC:CDED (48 B9 00) A:00 X:13 Y:2B P:06 S:F9 mem:002A6067 13:29652 tv:0.000000 48: PHA
lcpuC PC:CDEE (B9 00 03) A:00 X:13 Y:2B P:06 S:F8 mem:002A6067 13:29649 tv:0.000000 B9: LDA abs,y
lcpuC PC:CDF1 (9D 00 03) A:00 X:13 Y:2B P:06 S:F8 mem:002A6067 13:29645 tv:0.000000 9D: STA abs,x
lcpuC PC:CDF4 (68 99 00) A:00 X:13 Y:2B P:06 S:F8 mem:002A6067 13:29640 tv:0.000001 68: PLA
lcpuC PC:CDF5 (99 00 03) A:00 X:13 Y:2B P:06 S:F9 mem:002A6067 13:29636 tv:0.000001 99: STA abs,y
lcpuC PC:CDF8 (E8 C8 C6) A:00 X:13 Y:2B P:06 S:F9 mem:002A6067 13:29631 tv:0.000001 E8: INX
lcpuC PC:CDF9 (C8 C6 DA) A:00 X:14 Y:2B P:04 S:F9 mem:002A6067 13:29629 tv:0.000001 C8: INY
lcpuC PC:CDFA (C6 DA D0) A:00 X:14 Y:2C P:04 S:F9 mem:002A6067 13:29627 tv:0.000000 C6: DEC zp
lcpuC PC:CDFC (D0 EC 60) A:00 X:14 Y:2C P:06 S:F9 mem:002A6066 13:29622 tv:0.000002 D0: BNE
lcpuC PC:CDFE (60 20 5B) A:00 X:14 Y:2C P:06 S:F9 mem:002A6066 13:29620 tv:0.000001 60: RTS
lcpuC PC:C9EB (A9 F7 20) A:00 X:14 Y:2C P:06 S:FB mem:002A6066 13:29614 tv:0.000000 A9: LDA imm
lcpuC PC:C9ED (20 A8 C5) A:F7 X:14 Y:2C P:84 S:FB mem:002A6066 13:29612 tv:0.000000 20: JSR
lcpuC PC:C5A8 (25 D0 85) A:F7 X:14 Y:2C P:84 S:F9 mem:002A606B 13:29606 tv:0.000001 25: AND zp
lcpuC PC:C5AA (85 D0 60) A:00 X:14 Y:2C P:06 S:F9 mem:002A606B 13:29603 tv:0.000001 85: STA zp
lcpuC PC:C5AC (60 AD 61) A:00 X:14 Y:2C P:06 S:F9 mem:002A606B 13:29600 tv:0.000000 60: RTS
lcpuC PC:C9F0 (AE 50 03) A:00 X:14 Y:2C P:06 S:FB mem:002A606B 13:29594 tv:0.000001 AE: LDX abs
lcpuC PC:C9F3 (AD 51 03) A:00 X:00 Y:2C P:06 S:FB mem:002A606B 13:29590 tv:0.000000 AD: LDA abs
lcpuC PC:C9F6 (8E 4A 03) A:00 X:00 Y:2C P:06 S:FB mem:002A606B 13:29586 tv:0.000001 8E: STX abs
lcpuC PC:C9F9 (8D 4B 03) A:00 X:00 Y:2C P:06 S:FB mem:002A606B 13:29582 tv:0.000001 8D: STA abs
lcpuC PC:C9FC (10 04 38) A:00 X:00 Y:2C P:06 S:FB mem:002A606B 13:29578 tv:0.000001 10: BPL
lcpuC PC:CA02 (86 D8 85) A:00 X:00 Y:2C P:06 S:FB mem:002A606B 13:29575 tv:0.000001 86: STX zp
lcpuC PC:CA04 (85 D9 AE) A:00 X:00 Y:2C P:06 S:FB mem:002A606B 13:29572 tv:0.000001 85: STA zp
lcpuC PC:CA06 (AE 4A 03) A:00 X:00 Y:2C P:06 S:FB mem:002A606B 13:29569 tv:0.000001 AE: LDX abs
lcpuC PC:CA09 (AD 4B 03) A:00 X:00 Y:2C P:06 S:FB mem:002A606B 13:29565 tv:0.000001 AD: LDA abs
lcpuC PC:CA0C (A0 0E 48) A:00 X:00 Y:2C P:06 S:FB mem:002A606B 13:29561 tv:0.000001 A0: LDY imm
lcpuC PC:CA0E (48 AD 55) A:00 X:00 Y:0E P:04 S:FB mem:002A606B 13:29559 tv:0.000000 48: PHA
lcpuC PC:CA0F (AD 55 03) A:00 X:00 Y:0E P:04 S:FA mem:002A5FA2 13:29556 tv:0.000001 AD: LDA abs
lcpuC PC:CA12 (C9 07 68) A:07 X:00 Y:0E P:04 S:FA mem:002A5FA2 13:29552 tv:0.000001 C9: CMP imm
lcpuC PC:CA14 (68 B0 10) A:07 X:00 Y:0E P:07 S:FA mem:002A5FA2 13:29550 tv:0.000000 68: PLA
lcpuC PC:CA15 (B0 10 86) A:00 X:00 Y:0E P:07 S:FB mem:002A5FA2 13:29546 tv:0.000001 B0: BCS
lcpuC PC:CA27 (E9 74 49) A:00 X:00 Y:0E P:07 S:FB mem:002A5FA2 13:29543 tv:0.000001 E9: SBC imm
lcpuC PC:CA29 (49 20 8C) A:8C X:00 Y:0E P:C4 S:FB mem:002A5FA2 13:29541 tv:0.000001 49: EOR imm
lcpuC PC:CA2B (8C 00 FE) A:AC X:00 Y:0E P:C4 S:FB mem:002A5FA2 13:29539 tv:0.000000 8C: STY abs
here! 0x00000e 0x00ca2e 0xe6fa3010 0xcdde0ebc tv:0.000001 (cycle 29539  pc ~CA2B
writemem_ex! addr=FE00 val=0E
lcpuC PC:CA2E (8D 01 FE) A:AC X:00 Y:0E P:C4 S:FB mem:002A5FA2 13:29535 tv:0.000008 8D: STA abs
here! 0x0000ac 0x00ca31 0xe6fa3010 0xcdde0ebc tv:0.000000 (cycle 29535  pc ~CA2E
writemem_ex! addr=FE01 val=AC
lcpuC PC:CA31 (C8 8C 00) A:AC X:00 Y:0E P:C4 S:FB mem:002A5FA2 13:29531 tv:0.000007 C8: INY
lcpuC PC:CA32 (8C 00 FE) A:AC X:00 Y:0F P:44 S:FB mem:002A5FA2 13:29529 tv:0.000001 8C: STY abs
here! 0x00000f 0x00ca35 0xe6fa3010 0xcdde0ebc tv:0.000000 (cycle 29529  pc ~CA32
writemem_ex! addr=FE00 val=0F
lcpuC PC:CA35 (8E 01 FE) A:AC X:00 Y:0F P:44 S:FB mem:002A5FA2 13:29525 tv:0.000007 8E: STX abs
here! 0x000000 0x00ca38 0xe6fa3010 0xcdde0ebc tv:0.000000 (cycle 29525  pc ~CA35
writemem_ex! addr=FE01 val=00
lcpuC PC:CA38 (60 20 81) A:AC X:00 Y:0F P:44 S:FB mem:002A5FA2 13:29521 tv:0.000006 60: RTS
lcpuC PC:CBC1 (A2 00 AD) A:AC X:00 Y:0F P:44 S:FD mem:002A5FA2 13:29515 tv:0.000001 A2: LDX imm
lcpuC PC:CBC3 (AD 4E 03) A:AC X:00 Y:0F P:46 S:FD mem:002A5FA2 13:29513 tv:0.000001 AD: LDA abs
lcpuC PC:CBC6 (8E 50 03) A:7C X:00 Y:0F P:44 S:FD mem:002A5FA2 13:29509 tv:0.000010 8E: STX abs
lcpuC PC:CBC9 (8D 51 03) A:7C X:00 Y:0F P:44 S:FD mem:002A5FA2 13:29505 tv:0.000000 8D: STA abs
lcpuC PC:CBCC (20 F6 C9) A:7C X:00 Y:0F P:44 S:FD mem:002A601E 13:29501 tv:0.000000 20: JSR
lcpuC PC:C9F6 (8E 4A 03) A:7C X:00 Y:0F P:44 S:FB mem:002A602C 13:29495 tv:0.000001 8E: STX abs
lcpuC PC:C9F9 (8D 4B 03) A:7C X:00 Y:0F P:44 S:FB mem:002A602C 13:29491 tv:0.000001 8D: STA abs
lcpuC PC:C9FC (10 04 38) A:7C X:00 Y:0F P:44 S:FB mem:002A60A8 13:29487 tv:0.000001 10: BPL
lcpuC PC:CA02 (86 D8 85) A:7C X:00 Y:0F P:44 S:FB mem:002A60A8 13:29484 tv:0.000001 86: STX zp
lcpuC PC:CA04 (85 D9 AE) A:7C X:00 Y:0F P:44 S:FB mem:002A60A8 13:29481 tv:0.000000 85: STA zp
lcpuC PC:CA06 (AE 4A 03) A:7C X:00 Y:0F P:44 S:FB mem:002A6124 13:29478 tv:0.000000 AE: LDX abs
lcpuC PC:CA09 (AD 4B 03) A:7C X:00 Y:0F P:46 S:FB mem:002A6124 13:29474 tv:0.000000 AD: LDA abs
lcpuC PC:CA0C (A0 0E 48) A:7C X:00 Y:0F P:44 S:FB mem:002A6124 13:29470 tv:0.000001 A0: LDY imm
lcpuC PC:CA0E (48 AD 55) A:7C X:00 Y:0E P:44 S:FB mem:002A6124 13:29468 tv:0.000001 48: PHA
lcpuC PC:CA0F (AD 55 03) A:7C X:00 Y:0E P:44 S:FA mem:002A61A0 13:29465 tv:0.000001 AD: LDA abs
lcpuC PC:CA12 (C9 07 68) A:07 X:00 Y:0E P:44 S:FA mem:002A61A0 13:29461 tv:0.000001 C9: CMP imm
lcpuC PC:CA14 (68 B0 10) A:07 X:00 Y:0E P:47 S:FA mem:002A61A0 13:29459 tv:0.000000 68: PLA
lcpuC PC:CA15 (B0 10 86) A:7C X:00 Y:0E P:45 S:FB mem:002A61A0 13:29455 tv:0.000001 B0: BCS
lcpuC PC:CA27 (E9 74 49) A:7C X:00 Y:0E P:45 S:FB mem:002A61A0 13:29452 tv:0.000001 E9: SBC imm
lcpuC PC:CA29 (49 20 8C) A:08 X:00 Y:0E P:05 S:FB mem:002A61A0 13:29450 tv:0.000001 49: EOR imm
lcpuC PC:CA2B (8C 00 FE) A:28 X:00 Y:0E P:05 S:FB mem:002A61A0 13:29448 tv:0.000001 8C: STY abs
here! 0x00000e 0x00ca2e 0xe6fa3010 0xcdde0ebc tv:0.000000 (cycle 29448  pc ~CA2B
writemem_ex! addr=FE00 val=0E
lcpuC PC:CA2E (8D 01 FE) A:28 X:00 Y:0E P:05 S:FB mem:002A61A0 13:29444 tv:0.000007 8D: STA abs
here! 0x000028 0x00ca31 0xe6fa3010 0xcdde0ebc tv:0.000000 (cycle 29444  pc ~CA2E
writemem_ex! addr=FE01 val=28
lcpuC PC:CA31 (C8 8C 00) A:28 X:00 Y:0E P:05 S:FB mem:002A61A0 13:29440 tv:0.000006 C8: INY
lcpuC PC:CA32 (8C 00 FE) A:28 X:00 Y:0F P:05 S:FB mem:002A61A0 13:29438 tv:0.000000 8C: STY abs
here! 0x00000f 0x00ca35 0xe6fa3010 0xcdde0ebc tv:0.000000 (cycle 29438  pc ~CA32
writemem_ex! addr=FE00 val=0F
lcpuC PC:CA35 (8E 01 FE) A:28 X:00 Y:0F P:05 S:FB mem:002A61A0 13:29434 tv:0.000006 8E: STX abs
here! 0x000000 0x00ca38 0xe6fa3010 0xcdde0ebc tv:0.000000 (cycle 29434  pc ~CA35
writemem_ex! addr=FE01 val=00
lcpuC PC:CA38 (60 20 81) A:28 X:00 Y:0F P:05 S:FB mem:002A61A0 13:29430 tv:0.000017 60: RTS
lcpuC PC:CBCF (A0 0C 20) A:28 X:00 Y:0F P:05 S:FD mem:002A61A0 13:29424 tv:0.000001 A0: LDY imm
lcpuC PC:CBD1 (20 2B CA) A:28 X:00 Y:0C P:05 S:FD mem:002A61A0 13:29422 tv:0.000001 20: JSR
lcpuC PC:CA2B (8C 00 FE) A:28 X:00 Y:0C P:05 S:FB mem:002A61A5 13:29416 tv:0.000001 8C: STY abs
here! 0x00000c 0x00ca2e 0xe6fa3010 0xcdde0ebc tv:0.000000 (cycle 29416  pc ~CA2B
writemem_ex! addr=FE00 val=0C
lcpuC PC:CA2E (8D 01 FE) A:28 X:00 Y:0C P:05 S:FB mem:002A61A5 13:29412 tv:0.000007 8D: STA abs
here! 0x000028 0x00ca31 0xe6fa3010 0xcdde0ebc tv:0.000000 (cycle 29412  pc ~CA2E
writemem_ex! addr=FE01 val=28
lcpuC PC:CA31 (C8 8C 00) A:28 X:00 Y:0C P:05 S:FB mem:002A61A5 13:29408 tv:0.000007 C8: INY
lcpuC PC:CA32 (8C 00 FE) A:28 X:00 Y:0D P:05 S:FB mem:002A61A5 13:29406 tv:0.000001 8C: STY abs
here! 0x00000d 0x00ca35 0xe6fa3010 0xcdde0ebc tv:0.000000 (cycle 29406  pc ~CA32
writemem_ex! addr=FE00 val=0D
lcpuC PC:CA35 (8E 01 FE) A:28 X:00 Y:0D P:05 S:FB mem:002A61A5 13:29402 tv:0.000007 8E: STX abs
here! 0x000000 0x00ca38 0xe6fa3010 0xcdde0ebc tv:0.000000 (cycle 29402  pc ~CA35
writemem_ex! addr=FE01 val=00
lcpuC PC:CA38 (60 20 81) A:28 X:00 Y:0D P:05 S:FB mem:002A61A5 13:29398 tv:0.000007 60: RTS
lcpuC PC:CBD4 (AD 58 03) A:28 X:00 Y:0D P:05 S:FD mem:002A61A5 13:29392 tv:0.000000 AD: LDA abs
lcpuC PC:CBD7 (AE 56 03) A:20 X:00 Y:0D P:05 S:FD mem:002A61A5 13:29388 tv:0.000002 AE: LDX abs
lcpuC PC:CBDA (BC 54 C4) A:20 X:04 Y:0D P:05 S:FD mem:002A61A5 13:29384 tv:0.000000 BC: LDY abs,x
lcpuC PC:CBDD (8C 5D 03) A:20 X:04 Y:E6 P:85 S:FD mem:002A61A5 13:29380 tv:0.000002 8C: STY abs
lcpuC PC:CBE0 (A0 CC 8C) A:20 X:04 Y:E6 P:85 S:FD mem:002A628B 13:29376 tv:0.000000 A0: LDY imm
lcpuC PC:CBE2 (8C 5E 03) A:20 X:04 Y:CC P:85 S:FD mem:002A628B 13:29374 tv:0.000001 8C: STY abs
lcpuC PC:CBE5 (A2 00 8E) A:20 X:04 Y:CC P:85 S:FD mem:002A6357 13:29370 tv:0.000000 A2: LDX imm
lcpuC PC:CBE7 (8E 69 02) A:20 X:00 Y:CC P:07 S:FD mem:002A6357 13:29368 tv:0.000001 8E: STX abs
lcpuC PC:CBEA (8E 18 03) A:20 X:00 Y:CC P:07 S:FD mem:002A6357 13:29364 tv:0.000001 8E: STX abs
lcpuC PC:CBED (8E 19 03) A:20 X:00 Y:CC P:07 S:FD mem:002A6357 13:29360 tv:0.000000 8E: STX abs
lcpuC PC:CBF0 (6C 5D 03) A:20 X:00 Y:CC P:07 S:FD mem:002A6357 13:29356 tv:0.000000 6C: JMP ()
lcpuC PC:CCE6 (9D 00 7C) A:20 X:00 Y:CC P:07 S:FD mem:002A6357 13:29351 tv:0.000000 9D: STA abs,x
lcpuC PC:CCE9 (9D 00 7D) A:20 X:00 Y:CC P:07 S:FD mem:002A6377 13:29346 tv:0.000001 9D: STA abs,x
lcpuC PC:CCEC (9D 00 7E) A:20 X:00 Y:CC P:07 S:FD mem:002A6397 13:29341 tv:0.000002 9D: STA abs,x
lcpuC PC:CCEF (9D 00 7F) A:20 X:00 Y:CC P:07 S:FD mem:002A63B7 13:29336 tv:0.000001 9D: STA abs,x
lcpuC PC:CCF2 (E8 F0 70) A:20 X:00 Y:CC P:07 S:FD mem:002A63D7 13:29331 tv:0.000001 E8: INX
lcpuC PC:CCF3 (F0 70 6C) A:20 X:01 Y:CC P:05 S:FD mem:002A63D7 13:29329 tv:0.000001 F0: BEQ
lcpuC PC:CCF5 (6C 5D 03) A:20 X:01 Y:CC P:05 S:FD mem:002A63D7 13:29327 tv:0.000001 6C: JMP ()
lcpuC PC:CCE6 (9D 00 7C) A:20 X:01 Y:CC P:05 S:FD mem:002A63D7 13:29322 tv:0.000000 9D: STA abs,x
lcpuC PC:CCE9 (9D 00 7D) A:20 X:01 Y:CC P:05 S:FD mem:002A63F7 13:29317 tv:0.000001 9D: STA abs,x
lcpuC PC:CCEC (9D 00 7E) A:20 X:01 Y:CC P:05 S:FD mem:002A6417 13:29312 tv:0.000001 9D: STA abs,x
lcpuC PC:CCEF (9D 00 7F) A:20 X:01 Y:CC P:05 S:FD mem:002A6437 13:29307 tv:0.000001 9D: STA abs,x
lcpuC PC:CCF2 (E8 F0 70) A:20 X:01 Y:CC P:05 S:FD mem:002A6457 13:29302 tv:0.000001 E8: INX
lcpuC PC:CCF3 (F0 70 6C) A:20 X:02 Y:CC P:05 S:FD mem:002A6457 13:29300 tv:0.000000 F0: BEQ
lcpuC PC:CCF5 (6C 5D 03) A:20 X:02 Y:CC P:05 S:FD mem:002A6457 13:29298 tv:0.000000 6C: JMP ()
lcpuC PC:CCE6 (9D 00 7C) A:20 X:02 Y:CC P:05 S:FD mem:002A6457 13:29293 tv:0.000002 9D: STA abs,x
lcpuC PC:CCE9 (9D 00 7D) A:20 X:02 Y:CC P:05 S:FD mem:002A6477 13:29288 tv:0.000000 9D: STA abs,x
lcpuC PC:CCEC (9D 00 7E) A:20 X:02 Y:CC P:05 S:FD mem:002A6497 13:29283 tv:0.000000 9D: STA abs,x
lcpuC PC:CCEF (9D 00 7F) A:20 X:02 Y:CC P:05 S:FD mem:002A64B7 13:29278 tv:0.000001 9D: STA abs,x
lcpuC PC:CCF2 (E8 F0 70) A:20 X:02 Y:CC P:05 S:FD mem:002A64D7 13:29273 tv:0.000001 E8: INX
lcpuC PC:CCF3 (F0 70 6C) A:20 X:03 Y:CC P:05 S:FD mem:002A64D7 13:29271 tv:0.000001 F0: BEQ
lcpuC PC:CCF5 (6C 5D 03) A:20 X:03 Y:CC P:05 S:FD mem:002A64D7 13:29269 tv:0.000001 6C: JMP ()
lcpuC PC:CCE6 (9D 00 7C) A:20 X:03 Y:CC P:05 S:FD mem:002A64D7 13:29264 tv:0.000001 9D: STA abs,x
lcpuC PC:CCE9 (9D 00 7D) A:20 X:03 Y:CC P:05 S:FD mem:002A64F7 13:29259 tv:0.000001 9D: STA abs,x
lcpuC PC:CCEC (9D 00 7E) A:20 X:03 Y:CC P:05 S:FD mem:002A6517 13:29254 tv:0.000001 9D: STA abs,x
lcpuC PC:CCEF (9D 00 7F) A:20 X:03 Y:CC P:05 S:FD mem:002A6537 13:29249 tv:0.000013 9D: STA abs,x
lcpuC PC:CCF2 (E8 F0 70) A:20 X:03 Y:CC P:05 S:FD mem:002A6557 13:29244 tv:0.000000 E8: INX
lcpuC PC:CCF3 (F0 70 6C) A:20 X:04 Y:CC P:05 S:FD mem:002A6557 13:29242 tv:0.000001 F0: BEQ
lcpuC PC:CCF5 (6C 5D 03) A:20 X:04 Y:CC P:05 S:FD mem:002A6557 13:29240 tv:0.000000 6C: JMP ()
lcpuC PC:CCE6 (9D 00 7C) A:20 X:04 Y:CC P:05 S:FD mem:002A6557 13:29235 tv:0.000001 9D: STA abs,x
lcpuC PC:CCE9 (9D 00 7D) A:20 X:04 Y:CC P:05 S:FD mem:002A6577 13:29230 tv:0.000001 9D: STA abs,x
lcpuC PC:CCEC (9D 00 7E) A:20 X:04 Y:CC P:05 S:FD mem:002A6597 13:29225 tv:0.000001 9D: STA abs,x
lcpuC PC:CCEF (9D 00 7F) A:20 X:04 Y:CC P:05 S:FD mem:002A65B7 13:29220 tv:0.000001 9D: STA abs,x
lcpuC PC:CCF2 (E8 F0 70) A:20 X:04 Y:CC P:05 S:FD mem:002A65D7 13:29215 tv:0.000001 E8: INX
lcpuC PC:CCF3 (F0 70 6C) A:20 X:05 Y:CC P:05 S:FD mem:002A65D7 13:29213 tv:0.000001 F0: BEQ
lcpuC PC:CCF5 (6C 5D 03) A:20 X:05 Y:CC P:05 S:FD mem:002A65D7 13:29211 tv:0.000001 6C: JMP ()
lcpuC PC:CCE6 (9D 00 7C) A:20 X:05 Y:CC P:05 S:FD mem:002A65D7 13:29206 tv:0.000001 9D: STA abs,x
lcpuC PC:CCE9 (9D 00 7D) A:20 X:05 Y:CC P:05 S:FD mem:002A65F7 13:29201 tv:0.000001 9D: STA abs,x
lcpuC PC:CCEC (9D 00 7E) A:20 X:05 Y:CC P:05 S:FD mem:002A6617 13:29196 tv:0.000000 9D: STA abs,x
lcpuC PC:CCEF (9D 00 7F) A:20 X:05 Y:CC P:05 S:FD mem:002A6637 13:29191 tv:0.000001 9D: STA abs,x
lcpuC PC:CCF2 (E8 F0 70) A:20 X:05 Y:CC P:05 S:FD mem:002A6657 13:29186 tv:0.000001 E8: INX
lcpuC PC:CCF3 (F0 70 6C) A:20 X:06 Y:CC P:05 S:FD mem:002A6657 13:29184 tv:0.000000 F0: BEQ
lcpuC PC:CCF5 (6C 5D 03) A:20 X:06 Y:CC P:05 S:FD mem:002A6657 13:29182 tv:0.000000 6C: JMP ()
lcpuC PC:CCE6 (9D 00 7C) A:20 X:06 Y:CC P:05 S:FD mem:002A6657 13:29177 tv:0.000001 9D: STA abs,x
lcpuC PC:CCE9 (9D 00 7D) A:20 X:06 Y:CC P:05 S:FD mem:002A6677 13:29172 tv:0.000001 9D: STA abs,x
lcpuC PC:CCEC (9D 00 7E) A:20 X:06 Y:CC P:05 S:FD mem:002A6697 13:29167 tv:0.000001 9D: STA abs,x
lcpuC PC:CCEF (9D 00 7F) A:20 X:06 Y:CC P:05 S:FD mem:002A66B7 13:29162 tv:0.000000 9D: STA abs,x
lcpuC PC:CCF2 (E8 F0 70) A:20 X:06 Y:CC P:05 S:FD mem:002A66D7 13:29157 tv:0.000000 E8: INX
lcpuC PC:CCF3 (F0 70 6C) A:20 X:07 Y:CC P:05 S:FD mem:002A66D7 13:29155 tv:0.000001 F0: BEQ
lcpuC PC:CCF5 (6C 5D 03) A:20 X:07 Y:CC P:05 S:FD mem:002A66D7 13:29153 tv:0.000001 6C: JMP ()
lcpuC PC:CCE6 (9D 00 7C) A:20 X:07 Y:CC P:05 S:FD mem:002A66D7 13:29148 tv:0.000001 9D: STA abs,x
lcpuC PC:CCE9 (9D 00 7D) A:20 X:07 Y:CC P:05 S:FD mem:002A66F7 13:29143 tv:0.000001 9D: STA abs,x
lcpuC PC:CCEC (9D 00 7E) A:20 X:07 Y:CC P:05 S:FD mem:002A6717 13:29138 tv:0.000000 9D: STA abs,x
lcpuC PC:CCEF (9D 00 7F) A:20 X:07 Y:CC P:05 S:FD mem:002A6737 13:29133 tv:0.000000 9D: STA abs,x
lcpuC PC:CCF2 (E8 F0 70) A:20 X:07 Y:CC P:05 S:FD mem:002A6757 13:29128 tv:0.000000 E8: INX
lcpuC PC:CCF3 (F0 70 6C) A:20 X:08 Y:CC P:05 S:FD mem:002A6757 13:29126 tv:0.000000 F0: BEQ
lcpuC PC:CCF5 (6C 5D 03) A:20 X:08 Y:CC P:05 S:FD mem:002A6757 13:29124 tv:0.000000 6C: JMP ()
lcpuC PC:CCE6 (9D 00 7C) A:20 X:08 Y:CC P:05 S:FD mem:002A6757 13:29119 tv:0.000000 9D: STA abs,x
lcpuC PC:CCE9 (9D 00 7D) A:20 X:08 Y:CC P:05 S:FD mem:002A6777 13:29114 tv:0.000000 9D: STA abs,x
lcpuC PC:CCEC (9D 00 7E) A:20 X:08 Y:CC P:05 S:FD mem:002A6797 13:29109 tv:0.000000 9D: STA abs,x
lcpuC PC:CCEF (9D 00 7F) A:20 X:08 Y:CC P:05 S:FD mem:002A67B7 13:29104 tv:0.000000 9D: STA abs,x
lcpuC PC:CCF2 (E8 F0 70) A:20 X:08 Y:CC P:05 S:FD mem:002A67D7 13:29099 tv:0.000001 E8: INX
lcpuC PC:CCF3 (F0 70 6C) A:20 X:09 Y:CC P:05 S:FD mem:002A67D7 13:29097 tv:0.000001 F0: BEQ
lcpuC PC:CCF5 (6C 5D 03) A:20 X:09 Y:CC P:05 S:FD mem:002A67D7 13:29095 tv:0.000000 6C: JMP ()
lcpuC PC:CCE6 (9D 00 7C) A:20 X:09 Y:CC P:05 S:FD mem:002A67D7 13:29090 tv:0.000001 9D: STA abs,x
lcpuC PC:CCE9 (9D 00 7D) A:20 X:09 Y:CC P:05 S:FD mem:002A67F7 13:29085 tv:0.000001 9D: STA abs,x
lcpuC PC:CCEC (9D 00 7E) A:20 X:09 Y:CC P:05 S:FD mem:002A6817 13:29080 tv:0.000000 9D: STA abs,x
lcpuC PC:CCEF (9D 00 7F) A:20 X:09 Y:CC P:05 S:FD mem:002A6837 13:29075 tv:0.000000 9D: STA abs,x
lcpuC PC:CCF2 (E8 F0 70) A:20 X:09 Y:CC P:05 S:FD mem:002A6857 13:29070 tv:0.000000 E8: INX
lcpuC PC:CCF3 (F0 70 6C) A:20 X:0A Y:CC P:05 S:FD mem:002A6857 13:29068 tv:0.000000 F0: BEQ
lcpuC PC:CCF5 (6C 5D 03) A:20 X:0A Y:CC P:05 S:FD mem:002A6857 13:29066 tv:0.000000 6C: JMP ()
lcpuC PC:CCE6 (9D 00 7C) A:20 X:0A Y:CC P:05 S:FD mem:002A6857 13:29061 tv:0.000001 9D: STA abs,x
lcpuC PC:CCE9 (9D 00 7D) A:20 X:0A Y:CC P:05 S:FD mem:002A6877 13:29056 tv:0.000000 9D: STA abs,x
lcpuC PC:CCEC (9D 00 7E) A:20 X:0A Y:CC P:05 S:FD mem:002A6897 13:29051 tv:0.000001 9D: STA abs,x
lcpuC PC:CCEF (9D 00 7F) A:20 X:0A Y:CC P:05 S:FD mem:002A68B7 13:29046 tv:0.000001 9D: STA abs,x
lcpuC PC:CCF2 (E8 F0 70) A:20 X:0A Y:CC P:05 S:FD mem:002A68D7 13:29041 tv:0.000001 E8: INX
lcpuC PC:CCF3 (F0 70 6C) A:20 X:0B Y:CC P:05 S:FD mem:002A68D7 13:29039 tv:0.000000 F0: BEQ
lcpuC PC:CCF5 (6C 5D 03) A:20 X:0B Y:CC P:05 S:FD mem:002A68D7 13:29037 tv:0.000000 6C: JMP ()
lcpuC PC:CCE6 (9D 00 7C) A:20 X:0B Y:CC P:05 S:FD mem:002A68D7 13:29032 tv:0.000000 9D: STA abs,x
lcpuC PC:CCE9 (9D 00 7D) A:20 X:0B Y:CC P:05 S:FD mem:002A68F7 13:29027 tv:0.000001 9D: STA abs,x
lcpuC PC:CCEC (9D 00 7E) A:20 X:0B Y:CC P:05 S:FD mem:002A6917 13:29022 tv:0.000001 9D: STA abs,x
lcpuC PC:CCEF (9D 00 7F) A:20 X:0B Y:CC P:05 S:FD mem:002A6937 13:29017 tv:0.000001 9D: STA abs,x
lcpuC PC:CCF2 (E8 F0 70) A:20 X:0B Y:CC P:05 S:FD mem:002A6957 13:29012 tv:0.000001 E8: INX
lcpuC PC:CCF3 (F0 70 6C) A:20 X:0C Y:CC P:05 S:FD mem:002A6957 13:29010 tv:0.000001 F0: BEQ
lcpuC PC:CCF5 (6C 5D 03) A:20 X:0C Y:CC P:05 S:FD mem:002A6957 13:29008 tv:0.000000 6C: JMP ()
lcpuC PC:CCE6 (9D 00 7C) A:20 X:0C Y:CC P:05 S:FD mem:002A6957 13:29003 tv:0.000000 9D: STA abs,x
lcpuC PC:CCE9 (9D 00 7D) A:20 X:0C Y:CC P:05 S:FD mem:002A6977 13:28998 tv:0.000000 9D: STA abs,x
lcpuC PC:CCEC (9D 00 7E) A:20 X:0C Y:CC P:05 S:FD mem:002A6997 13:28993 tv:0.000007 9D: STA abs,x
lcpuC PC:CCEF (9D 00 7F) A:20 X:0C Y:CC P:05 S:FD mem:002A69B7 13:28988 tv:0.000000 9D: STA abs,x
lcpuC PC:CCF2 (E8 F0 70) A:20 X:0C Y:CC P:05 S:FD mem:002A69D7 13:28983 tv:0.000001 E8: INX
lcpuC PC:CCF3 (F0 70 6C) A:20 X:0D Y:CC P:05 S:FD mem:002A69D7 13:28981 tv:0.000001 F0: BEQ
lcpuC PC:CCF5 (6C 5D 03) A:20 X:0D Y:CC P:05 S:FD mem:002A69D7 13:28979 tv:0.000001 6C: JMP ()
lcpuC PC:CCE6 (9D 00 7C) A:20 X:0D Y:CC P:05 S:FD mem:002A69D7 13:28974 tv:0.000001 9D: STA abs,x
lcpuC PC:CCE9 (9D 00 7D) A:20 X:0D Y:CC P:05 S:FD mem:002A69F7 13:28969 tv:0.000001 9D: STA abs,x
lcpuC PC:CCEC (9D 00 7E) A:20 X:0D Y:CC P:05 S:FD mem:002A6A17 13:28964 tv:0.000001 9D: STA abs,x
lcpuC PC:CCEF (9D 00 7F) A:20 X:0D Y:CC P:05 S:FD mem:002A6A37 13:28959 tv:0.000001 9D: STA abs,x
lcpuC PC:CCF2 (E8 F0 70) A:20 X:0D Y:CC P:05 S:FD mem:002A6A57 13:28954 tv:0.000001 E8: INX
lcpuC PC:CCF3 (F0 70 6C) A:20 X:0E Y:CC P:05 S:FD mem:002A6A57 13:28952 tv:0.000001 F0: BEQ
lcpuC PC:CCF5 (6C 5D 03) A:20 X:0E Y:CC P:05 S:FD mem:002A6A57 13:28950 tv:0.000000 6C: JMP ()
lcpuC PC:CCE6 (9D 00 7C) A:20 X:0E Y:CC P:05 S:FD mem:002A6A57 13:28945 tv:0.000001 9D: STA abs,x
lcpuC PC:CCE9 (9D 00 7D) A:20 X:0E Y:CC P:05 S:FD mem:002A6A77 13:28940 tv:0.000001 9D: STA abs,x
lcpuC PC:CCEC (9D 00 7E) A:20 X:0E Y:CC P:05 S:FD mem:002A6A97 13:28935 tv:0.000001 9D: STA abs,x
lcpuC PC:CCEF (9D 00 7F) A:20 X:0E Y:CC P:05 S:FD mem:002A6AB7 13:28930 tv:0.000000 9D: STA abs,x
lcpuC PC:CCF2 (E8 F0 70) A:20 X:0E Y:CC P:05 S:FD mem:002A6AD7 13:28925 tv:0.000000 E8: INX
lcpuC PC:CCF3 (F0 70 6C) A:20 X:0F Y:CC P:05 S:FD mem:002A6AD7 13:28923 tv:0.000000 F0: BEQ
lcpuC PC:CCF5 (6C 5D 03) A:20 X:0F Y:CC P:05 S:FD mem:002A6AD7 13:28921 tv:0.000000 6C: JMP ()
lcpuC PC:CCE6 (9D 00 7C) A:20 X:0F Y:CC P:05 S:FD mem:002A6AD7 13:28916 tv:0.000001 9D: STA abs,x
lcpuC PC:CCE9 (9D 00 7D) A:20 X:0F Y:CC P:05 S:FD mem:002A6AF7 13:28911 tv:0.000000 9D: STA abs,x
lcpuC PC:CCEC (9D 00 7E) A:20 X:0F Y:CC P:05 S:FD mem:002A6B17 13:28906 tv:0.000001 9D: STA abs,x
lcpuC PC:CCEF (9D 00 7F) A:20 X:0F Y:CC P:05 S:FD mem:002A6B37 13:28901 tv:0.000001 9D: STA abs,x
lcpuC PC:CCF2 (E8 F0 70) A:20 X:0F Y:CC P:05 S:FD mem:002A6B57 13:28896 tv:0.000001 E8: INX
lcpuC PC:CCF3 (F0 70 6C) A:20 X:10 Y:CC P:05 S:FD mem:002A6B57 13:28894 tv:0.000001 F0: BEQ
lcpuC PC:CCF5 (6C 5D 03) A:20 X:10 Y:CC P:05 S:FD mem:002A6B57 13:28892 tv:0.000001 6C: JMP ()
lcpuC PC:CCE6 (9D 00 7C) A:20 X:10 Y:CC P:05 S:FD mem:002A6B57 13:28887 tv:0.000001 9D: STA abs,x
lcpuC PC:CCE9 (9D 00 7D) A:20 X:10 Y:CC P:05 S:FD mem:002A6B77 13:28882 tv:0.000001 9D: STA abs,x
lcpuC PC:CCEC (9D 00 7E) A:20 X:10 Y:CC P:05 S:FD mem:002A6B97 13:28877 tv:0.000001 9D: STA abs,x
lcpuC PC:CCEF (9D 00 7F) A:20 X:10 Y:CC P:05 S:FD mem:002A6BB7 13:28872 tv:0.000000 9D: STA abs,x
lcpuC PC:CCF2 (E8 F0 70) A:20 X:10 Y:CC P:05 S:FD mem:002A6BD7 13:28867 tv:0.000000 E8: INX
lcpuC PC:CCF3 (F0 70 6C) A:20 X:11 Y:CC P:05 S:FD mem:002A6BD7 13:28865 tv:0.000001 F0: BEQ
lcpuC PC:CCF5 (6C 5D 03) A:20 X:11 Y:CC P:05 S:FD mem:002A6BD7 13:28863 tv:0.000001 6C: JMP ()
lcpuC PC:CCE6 (9D 00 7C) A:20 X:11 Y:CC P:05 S:FD mem:002A6BD7 13:28858 tv:0.000000 9D: STA abs,x
lcpuC PC:CCE9 (9D 00 7D) A:20 X:11 Y:CC P:05 S:FD mem:002A6BF7 13:28853 tv:0.000001 9D: STA abs,x
lcpuC PC:CCEC (9D 00 7E) A:20 X:11 Y:CC P:05 S:FD mem:002A6C17 13:28848 tv:0.000000 9D: STA abs,x
lcpuC PC:CCEF (9D 00 7F) A:20 X:11 Y:CC P:05 S:FD mem:002A6C37 13:28843 tv:0.000000 9D: STA abs,x
lcpuC PC:CCF2 (E8 F0 70) A:20 X:11 Y:CC P:05 S:FD mem:002A6C57 13:28838 tv:0.000001 E8: INX
lcpuC PC:CCF3 (F0 70 6C) A:20 X:12 Y:CC P:05 S:FD mem:002A6C57 13:28836 tv:0.000000 F0: BEQ
lcpuC PC:CCF5 (6C 5D 03) A:20 X:12 Y:CC P:05 S:FD mem:002A6C57 13:28834 tv:0.000000 6C: JMP ()
lcpuC PC:CCE6 (9D 00 7C) A:20 X:12 Y:CC P:05 S:FD mem:002A6C57 13:28829 tv:0.000001 9D: STA abs,x
lcpuC PC:CCE9 (9D 00 7D) A:20 X:12 Y:CC P:05 S:FD mem:002A6C77 13:28824 tv:0.000000 9D: STA abs,x
lcpuC PC:CCEC (9D 00 7E) A:20 X:12 Y:CC P:05 S:FD mem:002A6C97 13:28819 tv:0.000001 9D: STA abs,x
lcpuC PC:CCEF (9D 00 7F) A:20 X:12 Y:CC P:05 S:FD mem:002A6CB7 13:28814 tv:0.000001 9D: STA abs,x
lcpuC PC:CCF2 (E8 F0 70) A:20 X:12 Y:CC P:05 S:FD mem:002A6CD7 13:28809 tv:0.000001 E8: INX
lcpuC PC:CCF3 (F0 70 6C) A:20 X:13 Y:CC P:05 S:FD mem:002A6CD7 13:28807 tv:0.000001 F0: BEQ
lcpuC PC:CCF5 (6C 5D 03) A:20 X:13 Y:CC P:05 S:FD mem:002A6CD7 13:28805 tv:0.000001 6C: JMP ()
lcpuC PC:CCE6 (9D 00 7C) A:20 X:13 Y:CC P:05 S:FD mem:002A6CD7 13:28800 tv:0.000001 9D: STA abs,x
lcpuC PC:CCE9 (9D 00 7D) A:20 X:13 Y:CC P:05 S:FD mem:002A6CF7 13:28795 tv:0.000001 9D: STA abs,x
lcpuC PC:CCEC (9D 00 7E) A:20 X:13 Y:CC P:05 S:FD mem:002A6D17 13:28790 tv:0.000000 9D: STA abs,x
lcpuC PC:CCEF (9D 00 7F) A:20 X:13 Y:CC P:05 S:FD mem:002A6D37 13:28785 tv:0.000001 9D: STA abs,x
lcpuC PC:CCF2 (E8 F0 70) A:20 X:13 Y:CC P:05 S:FD mem:002A6D57 13:28780 tv:0.000001 E8: INX
lcpuC PC:CCF3 (F0 70 6C) A:20 X:14 Y:CC P:05 S:FD mem:002A6D57 13:28778 tv:0.000001 F0: BEQ
lcpuC PC:CCF5 (6C 5D 03) A:20 X:14 Y:CC P:05 S:FD mem:002A6D57 13:28776 tv:0.000000 6C: JMP ()
lcpuC PC:CCE6 (9D 00 7C) A:20 X:14 Y:CC P:05 S:FD mem:002A6D57 13:28771 tv:0.000001 9D: STA abs,x
lcpuC PC:CCE9 (9D 00 7D) A:20 X:14 Y:CC P:05 S:FD mem:002A6D77 13:28766 tv:0.000001 9D: STA abs,x
lcpuC PC:CCEC (9D 00 7E) A:20 X:14 Y:CC P:05 S:FD mem:002A6D97 13:28761 tv:0.000001 9D: STA abs,x
lcpuC PC:CCEF (9D 00 7F) A:20 X:14 Y:CC P:05 S:FD mem:002A6DB7 13:28756 tv:0.000001 9D: STA abs,x
lcpuC PC:CCF2 (E8 F0 70) A:20 X:14 Y:CC P:05 S:FD mem:002A6DD7 13:28751 tv:0.000000 E8: INX
lcpuC PC:CCF3 (F0 70 6C) A:20 X:15 Y:CC P:05 S:FD mem:002A6DD7 13:28749 tv:0.000001 F0: BEQ
lcpuC PC:CCF5 (6C 5D 03) A:20 X:15 Y:CC P:05 S:FD mem:002A6DD7 13:28747 tv:0.000000 6C: JMP ()
lcpuC PC:CCE6 (9D 00 7C) A:20 X:15 Y:CC P:05 S:FD mem:002A6DD7 13:28742 tv:0.000000 9D: STA abs,x
lcpuC PC:CCE9 (9D 00 7D) A:20 X:15 Y:CC P:05 S:FD mem:002A6DF7 13:28737 tv:0.000006 9D: STA abs,x
lcpuC PC:CCEC (9D 00 7E) A:20 X:15 Y:CC P:05 S:FD mem:002A6E17 13:28732 tv:0.000001 9D: STA abs,x
lcpuC PC:CCEF (9D 00 7F) A:20 X:15 Y:CC P:05 S:FD mem:002A6E37 13:28727 tv:0.000001 9D: STA abs,x
lcpuC PC:CCF2 (E8 F0 70) A:20 X:15 Y:CC P:05 S:FD mem:002A6E57 13:28722 tv:0.000001 E8: INX
lcpuC PC:CCF3 (F0 70 6C) A:20 X:16 Y:CC P:05 S:FD mem:002A6E57 13:28720 tv:0.000001 F0: BEQ
lcpuC PC:CCF5 (6C 5D 03) A:20 X:16 Y:CC P:05 S:FD mem:002A6E57 13:28718 tv:0.000001 6C: JMP ()
lcpuC PC:CCE6 (9D 00 7C) A:20 X:16 Y:CC P:05 S:FD mem:002A6E57 13:28713 tv:0.000000 9D: STA abs,x
lcpuC PC:CCE9 (9D 00 7D) A:20 X:16 Y:CC P:05 S:FD mem:002A6E77 13:28708 tv:0.000000 9D: STA abs,x
lcpuC PC:CCEC (9D 00 7E) A:20 X:16 Y:CC P:05 S:FD mem:002A6E97 13:28703 tv:0.000000 9D: STA abs,x
lcpuC PC:CCEF (9D 00 7F) A:20 X:16 Y:CC P:05 S:FD mem:002A6EB7 13:28698 tv:0.000000 9D: STA abs,x
lcpuC PC:CCF2 (E8 F0 70) A:20 X:16 Y:CC P:05 S:FD mem:002A6ED7 13:28693 tv:0.000000 E8: INX
lcpuC PC:CCF3 (F0 70 6C) A:20 X:17 Y:CC P:05 S:FD mem:002A6ED7 13:28691 tv:0.000000 F0: BEQ
lcpuC PC:CCF5 (6C 5D 03) A:20 X:17 Y:CC P:05 S:FD mem:002A6ED7 13:28689 tv:0.000001 6C: JMP ()
lcpuC PC:CCE6 (9D 00 7C) A:20 X:17 Y:CC P:05 S:FD mem:002A6ED7 13:28684 tv:0.000000 9D: STA abs,x
lcpuC PC:CCE9 (9D 00 7D) A:20 X:17 Y:CC P:05 S:FD mem:002A6EF7 13:28679 tv:0.000000 9D: STA abs,x
lcpuC PC:CCEC (9D 00 7E) A:20 X:17 Y:CC P:05 S:FD mem:002A6F17 13:28674 tv:0.000001 9D: STA abs,x
lcpuC PC:CCEF (9D 00 7F) A:20 X:17 Y:CC P:05 S:FD mem:002A6F37 13:28669 tv:0.000001 9D: STA abs,x
lcpuC PC:CCF2 (E8 F0 70) A:20 X:17 Y:CC P:05 S:FD mem:002A6F57 13:28664 tv:0.000001 E8: INX
lcpuC PC:CCF3 (F0 70 6C) A:20 X:18 Y:CC P:05 S:FD mem:002A6F57 13:28662 tv:0.000000 F0: BEQ
lcpuC PC:CCF5 (6C 5D 03) A:20 X:18 Y:CC P:05 S:FD mem:002A6F57 13:28660 tv:0.000001 6C: JMP ()
lcpuC PC:CCE6 (9D 00 7C) A:20 X:18 Y:CC P:05 S:FD mem:002A6F57 13:28655 tv:0.000000 9D: STA abs,x
lcpuC PC:CCE9 (9D 00 7D) A:20 X:18 Y:CC P:05 S:FD mem:002A6F77 13:28650 tv:0.000000 9D: STA abs,x
lcpuC PC:CCEC (9D 00 7E) A:20 X:18 Y:CC P:05 S:FD mem:002A6F97 13:28645 tv:0.000001 9D: STA abs,x
lcpuC PC:CCEF (9D 00 7F) A:20 X:18 Y:CC P:05 S:FD mem:002A6FB7 13:28640 tv:0.000001 9D: STA abs,x
lcpuC PC:CCF2 (E8 F0 70) A:20 X:18 Y:CC P:05 S:FD mem:002A6FD7 13:28635 tv:0.000002 E8: INX
lcpuC PC:CCF3 (F0 70 6C) A:20 X:19 Y:CC P:05 S:FD mem:002A6FD7 13:28633 tv:0.000001 F0: BEQ
lcpuC PC:CCF5 (6C 5D 03) A:20 X:19 Y:CC P:05 S:FD mem:002A6FD7 13:28631 tv:0.000001 6C: JMP ()
lcpuC PC:CCE6 (9D 00 7C) A:20 X:19 Y:CC P:05 S:FD mem:002A6FD7 13:28626 tv:0.000000 9D: STA abs,x
lcpuC PC:CCE9 (9D 00 7D) A:20 X:19 Y:CC P:05 S:FD mem:002A6FF7 13:28621 tv:0.000000 9D: STA abs,x
lcpuC PC:CCEC (9D 00 7E) A:20 X:19 Y:CC P:05 S:FD mem:002A7017 13:28616 tv:0.000000 9D: STA abs,x
lcpuC PC:CCEF (9D 00 7F) A:20 X:19 Y:CC P:05 S:FD mem:002A7037 13:28611 tv:0.000001 9D: STA abs,x
lcpuC PC:CCF2 (E8 F0 70) A:20 X:19 Y:CC P:05 S:FD mem:002A7057 13:28606 tv:0.000000 E8: INX
lcpuC PC:CCF3 (F0 70 6C) A:20 X:1A Y:CC P:05 S:FD mem:002A7057 13:28604 tv:0.000001 F0: BEQ
lcpuC PC:CCF5 (6C 5D 03) A:20 X:1A Y:CC P:05 S:FD mem:002A7057 13:28602 tv:0.000001 6C: JMP ()
lcpuC PC:CCE6 (9D 00 7C) A:20 X:1A Y:CC P:05 S:FD mem:002A7057 13:28597 tv:0.000000 9D: STA abs,x
lcpuC PC:CCE9 (9D 00 7D) A:20 X:1A Y:CC P:05 S:FD mem:002A7077 13:28592 tv:0.000000 9D: STA abs,x
lcpuC PC:CCEC (9D 00 7E) A:20 X:1A Y:CC P:05 S:FD mem:002A7097 13:28587 tv:0.000001 9D: STA abs,x
lcpuC PC:CCEF (9D 00 7F) A:20 X:1A Y:CC P:05 S:FD mem:002A70B7 13:28582 tv:0.000000 9D: STA abs,x
lcpuC PC:CCF2 (E8 F0 70) A:20 X:1A Y:CC P:05 S:FD mem:002A70D7 13:28577 tv:0.000000 E8: INX
lcpuC PC:CCF3 (F0 70 6C) A:20 X:1B Y:CC P:05 S:FD mem:002A70D7 13:28575 tv:0.000001 F0: BEQ
lcpuC PC:CCF5 (6C 5D 03) A:20 X:1B Y:CC P:05 S:FD mem:002A70D7 13:28573 tv:0.000000 6C: JMP ()
lcpuC PC:CCE6 (9D 00 7C) A:20 X:1B Y:CC P:05 S:FD mem:002A70D7 13:28568 tv:0.000000 9D: STA abs,x
lcpuC PC:CCE9 (9D 00 7D) A:20 X:1B Y:CC P:05 S:FD mem:002A70F7 13:28563 tv:0.000001 9D: STA abs,x
lcpuC PC:CCEC (9D 00 7E) A:20 X:1B Y:CC P:05 S:FD mem:002A7117 13:28558 tv:0.000000 9D: STA abs,x
lcpuC PC:CCEF (9D 00 7F) A:20 X:1B Y:CC P:05 S:FD mem:002A7137 13:28553 tv:0.000001 9D: STA abs,x
lcpuC PC:CCF2 (E8 F0 70) A:20 X:1B Y:CC P:05 S:FD mem:002A7157 13:28548 tv:0.000000 E8: INX
lcpuC PC:CCF3 (F0 70 6C) A:20 X:1C Y:CC P:05 S:FD mem:002A7157 13:28546 tv:0.000000 F0: BEQ
lcpuC PC:CCF5 (6C 5D 03) A:20 X:1C Y:CC P:05 S:FD mem:002A7157 13:28544 tv:0.000000 6C: JMP ()
lcpuC PC:CCE6 (9D 00 7C) A:20 X:1C Y:CC P:05 S:FD mem:002A7157 13:28539 tv:0.000001 9D: STA abs,x
lcpuC PC:CCE9 (9D 00 7D) A:20 X:1C Y:CC P:05 S:FD mem:002A7177 13:28534 tv:0.000000 9D: STA abs,x
lcpuC PC:CCEC (9D 00 7E) A:20 X:1C Y:CC P:05 S:FD mem:002A7197 13:28529 tv:0.000001 9D: STA abs,x
lcpuC PC:CCEF (9D 00 7F) A:20 X:1C Y:CC P:05 S:FD mem:002A71B7 13:28524 tv:0.000000 9D: STA abs,x
lcpuC PC:CCF2 (E8 F0 70) A:20 X:1C Y:CC P:05 S:FD mem:002A71D7 13:28519 tv:0.000001 E8: INX
lcpuC PC:CCF3 (F0 70 6C) A:20 X:1D Y:CC P:05 S:FD mem:002A71D7 13:28517 tv:0.000001 F0: BEQ
lcpuC PC:CCF5 (6C 5D 03) A:20 X:1D Y:CC P:05 S:FD mem:002A71D7 13:28515 tv:0.000001 6C: JMP ()
lcpuC PC:CCE6 (9D 00 7C) A:20 X:1D Y:CC P:05 S:FD mem:002A71D7 13:28510 tv:0.000000 9D: STA abs,x
lcpuC PC:CCE9 (9D 00 7D) A:20 X:1D Y:CC P:05 S:FD mem:002A71F7 13:28505 tv:0.000001 9D: STA abs,x
lcpuC PC:CCEC (9D 00 7E) A:20 X:1D Y:CC P:05 S:FD mem:002A7217 13:28500 tv:0.000001 9D: STA abs,x
lcpuC PC:CCEF (9D 00 7F) A:20 X:1D Y:CC P:05 S:FD mem:002A7237 13:28495 tv:0.000000 9D: STA abs,x
lcpuC PC:CCF2 (E8 F0 70) A:20 X:1D Y:CC P:05 S:FD mem:002A7257 13:28490 tv:0.000000 E8: INX
lcpuC PC:CCF3 (F0 70 6C) A:20 X:1E Y:CC P:05 S:FD mem:002A7257 13:28488 tv:0.000001 F0: BEQ
lcpuC PC:CCF5 (6C 5D 03) A:20 X:1E Y:CC P:05 S:FD mem:002A7257 13:28486 tv:0.000001 6C: JMP ()
lcpuC PC:CCE6 (9D 00 7C) A:20 X:1E Y:CC P:05 S:FD mem:002A7257 13:28481 tv:0.000007 9D: STA abs,x
lcpuC PC:CCE9 (9D 00 7D) A:20 X:1E Y:CC P:05 S:FD mem:002A7277 13:28476 tv:0.000001 9D: STA abs,x
lcpuC PC:CCEC (9D 00 7E) A:20 X:1E Y:CC P:05 S:FD mem:002A7297 13:28471 tv:0.000000 9D: STA abs,x
lcpuC PC:CCEF (9D 00 7F) A:20 X:1E Y:CC P:05 S:FD mem:002A72B7 13:28466 tv:0.000001 9D: STA abs,x
lcpuC PC:CCF2 (E8 F0 70) A:20 X:1E Y:CC P:05 S:FD mem:002A72D7 13:28461 tv:0.000001 E8: INX
lcpuC PC:CCF3 (F0 70 6C) A:20 X:1F Y:CC P:05 S:FD mem:002A72D7 13:28459 tv:0.000001 F0: BEQ
lcpuC PC:CCF5 (6C 5D 03) A:20 X:1F Y:CC P:05 S:FD mem:002A72D7 13:28457 tv:0.000000 6C: JMP ()
lcpuC PC:CCE6 (9D 00 7C) A:20 X:1F Y:CC P:05 S:FD mem:002A72D7 13:28452 tv:0.000000 9D: STA abs,x
lcpuC PC:CCE9 (9D 00 7D) A:20 X:1F Y:CC P:05 S:FD mem:002A72F7 13:28447 tv:0.000000 9D: STA abs,x
lcpuC PC:CCEC (9D 00 7E) A:20 X:1F Y:CC P:05 S:FD mem:002A7317 13:28442 tv:0.000001 9D: STA abs,x
lcpuC PC:CCEF (9D 00 7F) A:20 X:1F Y:CC P:05 S:FD mem:002A7337 13:28437 tv:0.000000 9D: STA abs,x
lcpuC PC:CCF2 (E8 F0 70) A:20 X:1F Y:CC P:05 S:FD mem:002A7357 13:28432 tv:0.000001 E8: INX
lcpuC PC:CCF3 (F0 70 6C) A:20 X:20 Y:CC P:05 S:FD mem:002A7357 13:28430 tv:0.000001 F0: BEQ
lcpuC PC:CCF5 (6C 5D 03) A:20 X:20 Y:CC P:05 S:FD mem:002A7357 13:28428 tv:0.000001 6C: JMP ()
lcpuC PC:CCE6 (9D 00 7C) A:20 X:20 Y:CC P:05 S:FD mem:002A7357 13:28423 tv:0.000000 9D: STA abs,x
lcpuC PC:CCE9 (9D 00 7D) A:20 X:20 Y:CC P:05 S:FD mem:002A7377 13:28418 tv:0.000001 9D: STA abs,x
lcpuC PC:CCEC (9D 00 7E) A:20 X:20 Y:CC P:05 S:FD mem:002A7397 13:28413 tv:0.000001 9D: STA abs,x
lcpuC PC:CCEF (9D 00 7F) A:20 X:20 Y:CC P:05 S:FD mem:002A73B7 13:28408 tv:0.000000 9D: STA abs,x
lcpuC PC:CCF2 (E8 F0 70) A:20 X:20 Y:CC P:05 S:FD mem:002A73D7 13:28403 tv:0.000001 E8: INX
lcpuC PC:CCF3 (F0 70 6C) A:20 X:21 Y:CC P:05 S:FD mem:002A73D7 13:28401 tv:0.000000 F0: BEQ
lcpuC PC:CCF5 (6C 5D 03) A:20 X:21 Y:CC P:05 S:FD mem:002A73D7 13:28399 tv:0.000001 6C: JMP ()
lcpuC PC:CCE6 (9D 00 7C) A:20 X:21 Y:CC P:05 S:FD mem:002A73D7 13:28394 tv:0.000001 9D: STA abs,x
lcpuC PC:CCE9 (9D 00 7D) A:20 X:21 Y:CC P:05 S:FD mem:002A73F7 13:28389 tv:0.000001 9D: STA abs,x
lcpuC PC:CCEC (9D 00 7E) A:20 X:21 Y:CC P:05 S:FD mem:002A7417 13:28384 tv:0.000001 9D: STA abs,x
lcpuC PC:CCEF (9D 00 7F) A:20 X:21 Y:CC P:05 S:FD mem:002A7437 13:28379 tv:0.000001 9D: STA abs,x
lcpuC PC:CCF2 (E8 F0 70) A:20 X:21 Y:CC P:05 S:FD mem:002A7457 13:28374 tv:0.000000 E8: INX
lcpuC PC:CCF3 (F0 70 6C) A:20 X:22 Y:CC P:05 S:FD mem:002A7457 13:28372 tv:0.000001 F0: BEQ
lcpuC PC:CCF5 (6C 5D 03) A:20 X:22 Y:CC P:05 S:FD mem:002A7457 13:28370 tv:0.000001 6C: JMP ()
lcpuC PC:CCE6 (9D 00 7C) A:20 X:22 Y:CC P:05 S:FD mem:002A7457 13:28365 tv:0.000000 9D: STA abs,x
lcpuC PC:CCE9 (9D 00 7D) A:20 X:22 Y:CC P:05 S:FD mem:002A7477 13:28360 tv:0.000001 9D: STA abs,x
lcpuC PC:CCEC (9D 00 7E) A:20 X:22 Y:CC P:05 S:FD mem:002A7497 13:28355 tv:0.000001 9D: STA abs,x
lcpuC PC:CCEF (9D 00 7F) A:20 X:22 Y:CC P:05 S:FD mem:002A74B7 13:28350 tv:0.000001 9D: STA abs,x
lcpuC PC:CCF2 (E8 F0 70) A:20 X:22 Y:CC P:05 S:FD mem:002A74D7 13:28345 tv:0.000001 E8: INX
lcpuC PC:CCF3 (F0 70 6C) A:20 X:23 Y:CC P:05 S:FD mem:002A74D7 13:28343 tv:0.000001 F0: BEQ
lcpuC PC:CCF5 (6C 5D 03) A:20 X:23 Y:CC P:05 S:FD mem:002A74D7 13:28341 tv:0.000001 6C: JMP ()
lcpuC PC:CCE6 (9D 00 7C) A:20 X:23 Y:CC P:05 S:FD mem:002A74D7 13:28336 tv:0.000000 9D: STA abs,x
lcpuC PC:CCE9 (9D 00 7D) A:20 X:23 Y:CC P:05 S:FD mem:002A74F7 13:28331 tv:0.000001 9D: STA abs,x
lcpuC PC:CCEC (9D 00 7E) A:20 X:23 Y:CC P:05 S:FD mem:002A7517 13:28326 tv:0.000001 9D: STA abs,x
lcpuC PC:CCEF (9D 00 7F) A:20 X:23 Y:CC P:05 S:FD mem:002A7537 13:28321 tv:0.000001 9D: STA abs,x
lcpuC PC:CCF2 (E8 F0 70) A:20 X:23 Y:CC P:05 S:FD mem:002A7557 13:28316 tv:0.000001 E8: INX
lcpuC PC:CCF3 (F0 70 6C) A:20 X:24 Y:CC P:05 S:FD mem:002A7557 13:28314 tv:0.000001 F0: BEQ
lcpuC PC:CCF5 (6C 5D 03) A:20 X:24 Y:CC P:05 S:FD mem:002A7557 13:28312 tv:0.000000 6C: JMP ()
lcpuC PC:CCE6 (9D 00 7C) A:20 X:24 Y:CC P:05 S:FD mem:002A7557 13:28307 tv:0.000001 9D: STA abs,x
lcpuC PC:CCE9 (9D 00 7D) A:20 X:24 Y:CC P:05 S:FD mem:002A7577 13:28302 tv:0.000000 9D: STA abs,x
lcpuC PC:CCEC (9D 00 7E) A:20 X:24 Y:CC P:05 S:FD mem:002A7597 13:28297 tv:0.000001 9D: STA abs,x
lcpuC PC:CCEF (9D 00 7F) A:20 X:24 Y:CC P:05 S:FD mem:002A75B7 13:28292 tv:0.000001 9D: STA abs,x
lcpuC PC:CCF2 (E8 F0 70) A:20 X:24 Y:CC P:05 S:FD mem:002A75D7 13:28287 tv:0.000000 E8: INX
lcpuC PC:CCF3 (F0 70 6C) A:20 X:25 Y:CC P:05 S:FD mem:002A75D7 13:28285 tv:0.000000 F0: BEQ
lcpuC PC:CCF5 (6C 5D 03) A:20 X:25 Y:CC P:05 S:FD mem:002A75D7 13:28283 tv:0.000000 6C: JMP ()
lcpuC PC:CCE6 (9D 00 7C) A:20 X:25 Y:CC P:05 S:FD mem:002A75D7 13:28278 tv:0.000001 9D: STA abs,x
lcpuC PC:CCE9 (9D 00 7D) A:20 X:25 Y:CC P:05 S:FD mem:002A75F7 13:28273 tv:0.000000 9D: STA abs,x
lcpuC PC:CCEC (9D 00 7E) A:20 X:25 Y:CC P:05 S:FD mem:002A7617 13:28268 tv:0.000000 9D: STA abs,x
lcpuC PC:CCEF (9D 00 7F) A:20 X:25 Y:CC P:05 S:FD mem:002A7637 13:28263 tv:0.000000 9D: STA abs,x
lcpuC PC:CCF2 (E8 F0 70) A:20 X:25 Y:CC P:05 S:FD mem:002A7657 13:28258 tv:0.000001 E8: INX
lcpuC PC:CCF3 (F0 70 6C) A:20 X:26 Y:CC P:05 S:FD mem:002A7657 13:28256 tv:0.000000 F0: BEQ
lcpuC PC:CCF5 (6C 5D 03) A:20 X:26 Y:CC P:05 S:FD mem:002A7657 13:28254 tv:0.000000 6C: JMP ()
lcpuC PC:CCE6 (9D 00 7C) A:20 X:26 Y:CC P:05 S:FD mem:002A7657 13:28249 tv:0.000001 9D: STA abs,x
lcpuC PC:CCE9 (9D 00 7D) A:20 X:26 Y:CC P:05 S:FD mem:002A7677 13:28244 tv:0.000000 9D: STA abs,x
lcpuC PC:CCEC (9D 00 7E) A:20 X:26 Y:CC P:05 S:FD mem:002A7697 13:28239 tv:0.000000 9D: STA abs,x
lcpuC PC:CCEF (9D 00 7F) A:20 X:26 Y:CC P:05 S:FD mem:002A76B7 13:28234 tv:0.000000 9D: STA abs,x
lcpuC PC:CCF2 (E8 F0 70) A:20 X:26 Y:CC P:05 S:FD mem:002A76D7 13:28229 tv:0.000007 E8: INX
lcpuC PC:CCF3 (F0 70 6C) A:20 X:27 Y:CC P:05 S:FD mem:002A76D7 13:28227 tv:0.000001 F0: BEQ
lcpuC PC:CCF5 (6C 5D 03) A:20 X:27 Y:CC P:05 S:FD mem:002A76D7 13:28225 tv:0.000001 6C: JMP ()
lcpuC PC:CCE6 (9D 00 7C) A:20 X:27 Y:CC P:05 S:FD mem:002A76D7 13:28220 tv:0.000000 9D: STA abs,x
lcpuC PC:CCE9 (9D 00 7D) A:20 X:27 Y:CC P:05 S:FD mem:002A76F7 13:28215 tv:0.000001 9D: STA abs,x
lcpuC PC:CCEC (9D 00 7E) A:20 X:27 Y:CC P:05 S:FD mem:002A7717 13:28210 tv:0.000000 9D: STA abs,x
lcpuC PC:CCEF (9D 00 7F) A:20 X:27 Y:CC P:05 S:FD mem:002A7737 13:28205 tv:0.000001 9D: STA abs,x
lcpuC PC:CCF2 (E8 F0 70) A:20 X:27 Y:CC P:05 S:FD mem:002A7757 13:28200 tv:0.000000 E8: INX
lcpuC PC:CCF3 (F0 70 6C) A:20 X:28 Y:CC P:05 S:FD mem:002A7757 13:28198 tv:0.000001 F0: BEQ
lcpuC PC:CCF5 (6C 5D 03) A:20 X:28 Y:CC P:05 S:FD mem:002A7757 13:28196 tv:0.000000 6C: JMP ()
lcpuC PC:CCE6 (9D 00 7C) A:20 X:28 Y:CC P:05 S:FD mem:002A7757 13:28191 tv:0.000001 9D: STA abs,x
lcpuC PC:CCE9 (9D 00 7D) A:20 X:28 Y:CC P:05 S:FD mem:002A7777 13:28186 tv:0.000001 9D: STA abs,x
lcpuC PC:CCEC (9D 00 7E) A:20 X:28 Y:CC P:05 S:FD mem:002A7797 13:28181 tv:0.000001 9D: STA abs,x
lcpuC PC:CCEF (9D 00 7F) A:20 X:28 Y:CC P:05 S:FD mem:002A77B7 13:28176 tv:0.000000 9D: STA abs,x
lcpuC PC:CCF2 (E8 F0 70) A:20 X:28 Y:CC P:05 S:FD mem:002A77D7 13:28171 tv:0.000001 E8: INX
lcpuC PC:CCF3 (F0 70 6C) A:20 X:29 Y:CC P:05 S:FD mem:002A77D7 13:28169 tv:0.000000 F0: BEQ
lcpuC PC:CCF5 (6C 5D 03) A:20 X:29 Y:CC P:05 S:FD mem:002A77D7 13:28167 tv:0.000000 6C: JMP ()
lcpuC PC:CCE6 (9D 00 7C) A:20 X:29 Y:CC P:05 S:FD mem:002A77D7 13:28162 tv:0.000001 9D: STA abs,x
lcpuC PC:CCE9 (9D 00 7D) A:20 X:29 Y:CC P:05 S:FD mem:002A77F7 13:28157 tv:0.000001 9D: STA abs,x
lcpuC PC:CCEC (9D 00 7E) A:20 X:29 Y:CC P:05 S:FD mem:002A7817 13:28152 tv:0.000001 9D: STA abs,x
lcpuC PC:CCEF (9D 00 7F) A:20 X:29 Y:CC P:05 S:FD mem:002A7837 13:28147 tv:0.000001 9D: STA abs,x
lcpuC PC:CCF2 (E8 F0 70) A:20 X:29 Y:CC P:05 S:FD mem:002A7857 13:28142 tv:0.000000 E8: INX
lcpuC PC:CCF3 (F0 70 6C) A:20 X:2A Y:CC P:05 S:FD mem:002A7857 13:28140 tv:0.000000 F0: BEQ
lcpuC PC:CCF5 (6C 5D 03) A:20 X:2A Y:CC P:05 S:FD mem:002A7857 13:28138 tv:0.000001 6C: JMP ()
lcpuC PC:CCE6 (9D 00 7C) A:20 X:2A Y:CC P:05 S:FD mem:002A7857 13:28133 tv:0.000000 9D: STA abs,x
lcpuC PC:CCE9 (9D 00 7D) A:20 X:2A Y:CC P:05 S:FD mem:002A7877 13:28128 tv:0.000001 9D: STA abs,x
lcpuC PC:CCEC (9D 00 7E) A:20 X:2A Y:CC P:05 S:FD mem:002A7897 13:28123 tv:0.000001 9D: STA abs,x
lcpuC PC:CCEF (9D 00 7F) A:20 X:2A Y:CC P:05 S:FD mem:002A78B7 13:28118 tv:0.000001 9D: STA abs,x
lcpuC PC:CCF2 (E8 F0 70) A:20 X:2A Y:CC P:05 S:FD mem:002A78D7 13:28113 tv:0.000000 E8: INX
lcpuC PC:CCF3 (F0 70 6C) A:20 X:2B Y:CC P:05 S:FD mem:002A78D7 13:28111 tv:0.000000 F0: BEQ
lcpuC PC:CCF5 (6C 5D 03) A:20 X:2B Y:CC P:05 S:FD mem:002A78D7 13:28109 tv:0.000001 6C: JMP ()
lcpuC PC:CCE6 (9D 00 7C) A:20 X:2B Y:CC P:05 S:FD mem:002A78D7 13:28104 tv:0.000001 9D: STA abs,x
lcpuC PC:CCE9 (9D 00 7D) A:20 X:2B Y:CC P:05 S:FD mem:002A78F7 13:28099 tv:0.000000 9D: STA abs,x
lcpuC PC:CCEC (9D 00 7E) A:20 X:2B Y:CC P:05 S:FD mem:002A7917 13:28094 tv:0.000000 9D: STA abs,x
lcpuC PC:CCEF (9D 00 7F) A:20 X:2B Y:CC P:05 S:FD mem:002A7937 13:28089 tv:0.000001 9D: STA abs,x
lcpuC PC:CCF2 (E8 F0 70) A:20 X:2B Y:CC P:05 S:FD mem:002A7957 13:28084 tv:0.000001 E8: INX
lcpuC PC:CCF3 (F0 70 6C) A:20 X:2C Y:CC P:05 S:FD mem:002A7957 13:28082 tv:0.000001 F0: BEQ
lcpuC PC:CCF5 (6C 5D 03) A:20 X:2C Y:CC P:05 S:FD mem:002A7957 13:28080 tv:0.000000 6C: JMP ()
lcpuC PC:CCE6 (9D 00 7C) A:20 X:2C Y:CC P:05 S:FD mem:002A7957 13:28075 tv:0.000000 9D: STA abs,x
lcpuC PC:CCE9 (9D 00 7D) A:20 X:2C Y:CC P:05 S:FD mem:002A7977 13:28070 tv:0.000001 9D: STA abs,x
lcpuC PC:CCEC (9D 00 7E) A:20 X:2C Y:CC P:05 S:FD mem:002A7997 13:28065 tv:0.000000 9D: STA abs,x
lcpuC PC:CCEF (9D 00 7F) A:20 X:2C Y:CC P:05 S:FD mem:002A79B7 13:28060 tv:0.000001 9D: STA abs,x
lcpuC PC:CCF2 (E8 F0 70) A:20 X:2C Y:CC P:05 S:FD mem:002A79D7 13:28055 tv:0.000000 E8: INX
lcpuC PC:CCF3 (F0 70 6C) A:20 X:2D Y:CC P:05 S:FD mem:002A79D7 13:28053 tv:0.000000 F0: BEQ
lcpuC PC:CCF5 (6C 5D 03) A:20 X:2D Y:CC P:05 S:FD mem:002A79D7 13:28051 tv:0.000000 6C: JMP ()
lcpuC PC:CCE6 (9D 00 7C) A:20 X:2D Y:CC P:05 S:FD mem:002A79D7 13:28046 tv:0.000000 9D: STA abs,x
lcpuC PC:CCE9 (9D 00 7D) A:20 X:2D Y:CC P:05 S:FD mem:002A79F7 13:28041 tv:0.000000 9D: STA abs,x
lcpuC PC:CCEC (9D 00 7E) A:20 X:2D Y:CC P:05 S:FD mem:002A7A17 13:28036 tv:0.000001 9D: STA abs,x
lcpuC PC:CCEF (9D 00 7F) A:20 X:2D Y:CC P:05 S:FD mem:002A7A37 13:28031 tv:0.000001 9D: STA abs,x
lcpuC PC:CCF2 (E8 F0 70) A:20 X:2D Y:CC P:05 S:FD mem:002A7A57 13:28026 tv:0.000001 E8: INX
lcpuC PC:CCF3 (F0 70 6C) A:20 X:2E Y:CC P:05 S:FD mem:002A7A57 13:28024 tv:0.000000 F0: BEQ
lcpuC PC:CCF5 (6C 5D 03) A:20 X:2E Y:CC P:05 S:FD mem:002A7A57 13:28022 tv:0.000000 6C: JMP ()
lcpuC PC:CCE6 (9D 00 7C) A:20 X:2E Y:CC P:05 S:FD mem:002A7A57 13:28017 tv:0.000001 9D: STA abs,x
lcpuC PC:CCE9 (9D 00 7D) A:20 X:2E Y:CC P:05 S:FD mem:002A7A77 13:28012 tv:0.000001 9D: STA abs,x
lcpuC PC:CCEC (9D 00 7E) A:20 X:2E Y:CC P:05 S:FD mem:002A7A97 13:28007 tv:0.000000 9D: STA abs,x
lcpuC PC:CCEF (9D 00 7F) A:20 X:2E Y:CC P:05 S:FD mem:002A7AB7 13:28002 tv:0.000001 9D: STA abs,x
lcpuC PC:CCF2 (E8 F0 70) A:20 X:2E Y:CC P:05 S:FD mem:002A7AD7 13:27997 tv:0.000001 E8: INX
lcpuC PC:CCF3 (F0 70 6C) A:20 X:2F Y:CC P:05 S:FD mem:002A7AD7 13:27995 tv:0.000001 F0: BEQ
lcpuC PC:CCF5 (6C 5D 03) A:20 X:2F Y:CC P:05 S:FD mem:002A7AD7 13:27993 tv:0.000001 6C: JMP ()
lcpuC PC:CCE6 (9D 00 7C) A:20 X:2F Y:CC P:05 S:FD mem:002A7AD7 13:27988 tv:0.000001 9D: STA abs,x
lcpuC PC:CCE9 (9D 00 7D) A:20 X:2F Y:CC P:05 S:FD mem:002A7AF7 13:27983 tv:0.000001 9D: STA abs,x
lcpuC PC:CCEC (9D 00 7E) A:20 X:2F Y:CC P:05 S:FD mem:002A7B17 13:27978 tv:0.000001 9D: STA abs,x
lcpuC PC:CCEF (9D 00 7F) A:20 X:2F Y:CC P:05 S:FD mem:002A7B37 13:27973 tv:0.000006 9D: STA abs,x
lcpuC PC:CCF2 (E8 F0 70) A:20 X:2F Y:CC P:05 S:FD mem:002A7B57 13:27968 tv:0.000000 E8: INX
lcpuC PC:CCF3 (F0 70 6C) A:20 X:30 Y:CC P:05 S:FD mem:002A7B57 13:27966 tv:0.000001 F0: BEQ
lcpuC PC:CCF5 (6C 5D 03) A:20 X:30 Y:CC P:05 S:FD mem:002A7B57 13:27964 tv:0.000000 6C: JMP ()
lcpuC PC:CCE6 (9D 00 7C) A:20 X:30 Y:CC P:05 S:FD mem:002A7B57 13:27959 tv:0.000000 9D: STA abs,x
lcpuC PC:CCE9 (9D 00 7D) A:20 X:30 Y:CC P:05 S:FD mem:002A7B77 13:27954 tv:0.000000 9D: STA abs,x
lcpuC PC:CCEC (9D 00 7E) A:20 X:30 Y:CC P:05 S:FD mem:002A7B97 13:27949 tv:0.000001 9D: STA abs,x
lcpuC PC:CCEF (9D 00 7F) A:20 X:30 Y:CC P:05 S:FD mem:002A7BB7 13:27944 tv:0.000001 9D: STA abs,x
lcpuC PC:CCF2 (E8 F0 70) A:20 X:30 Y:CC P:05 S:FD mem:002A7BD7 13:27939 tv:0.000001 E8: INX
lcpuC PC:CCF3 (F0 70 6C) A:20 X:31 Y:CC P:05 S:FD mem:002A7BD7 13:27937 tv:0.000001 F0: BEQ
lcpuC PC:CCF5 (6C 5D 03) A:20 X:31 Y:CC P:05 S:FD mem:002A7BD7 13:27935 tv:0.000001 6C: JMP ()
lcpuC PC:CCE6 (9D 00 7C) A:20 X:31 Y:CC P:05 S:FD mem:002A7BD7 13:27930 tv:0.000001 9D: STA abs,x
lcpuC PC:CCE9 (9D 00 7D) A:20 X:31 Y:CC P:05 S:FD mem:002A7BF7 13:27925 tv:0.000001 9D: STA abs,x
lcpuC PC:CCEC (9D 00 7E) A:20 X:31 Y:CC P:05 S:FD mem:002A7C17 13:27920 tv:0.000001 9D: STA abs,x
lcpuC PC:CCEF (9D 00 7F) A:20 X:31 Y:CC P:05 S:FD mem:002A7C37 13:27915 tv:0.000000 9D: STA abs,x
lcpuC PC:CCF2 (E8 F0 70) A:20 X:31 Y:CC P:05 S:FD mem:002A7C57 13:27910 tv:0.000000 E8: INX
lcpuC PC:CCF3 (F0 70 6C) A:20 X:32 Y:CC P:05 S:FD mem:002A7C57 13:27908 tv:0.000000 F0: BEQ
lcpuC PC:CCF5 (6C 5D 03) A:20 X:32 Y:CC P:05 S:FD mem:002A7C57 13:27906 tv:0.000000 6C: JMP ()
lcpuC PC:CCE6 (9D 00 7C) A:20 X:32 Y:CC P:05 S:FD mem:002A7C57 13:27901 tv:0.000001 9D: STA abs,x
lcpuC PC:CCE9 (9D 00 7D) A:20 X:32 Y:CC P:05 S:FD mem:002A7C77 13:27896 tv:0.000000 9D: STA abs,x
lcpuC PC:CCEC (9D 00 7E) A:20 X:32 Y:CC P:05 S:FD mem:002A7C97 13:27891 tv:0.000000 9D: STA abs,x
lcpuC PC:CCEF (9D 00 7F) A:20 X:32 Y:CC P:05 S:FD mem:002A7CB7 13:27886 tv:0.000001 9D: STA abs,x
lcpuC PC:CCF2 (E8 F0 70) A:20 X:32 Y:CC P:05 S:FD mem:002A7CD7 13:27881 tv:0.000001 E8: INX
lcpuC PC:CCF3 (F0 70 6C) A:20 X:33 Y:CC P:05 S:FD mem:002A7CD7 13:27879 tv:0.000001 F0: BEQ
lcpuC PC:CCF5 (6C 5D 03) A:20 X:33 Y:CC P:05 S:FD mem:002A7CD7 13:27877 tv:0.000001 6C: JMP ()
lcpuC PC:CCE6 (9D 00 7C) A:20 X:33 Y:CC P:05 S:FD mem:002A7CD7 13:27872 tv:0.000001 9D: STA abs,x
lcpuC PC:CCE9 (9D 00 7D) A:20 X:33 Y:CC P:05 S:FD mem:002A7CF7 13:27867 tv:0.000000 9D: STA abs,x
lcpuC PC:CCEC (9D 00 7E) A:20 X:33 Y:CC P:05 S:FD mem:002A7D17 13:27862 tv:0.000000 9D: STA abs,x
lcpuC PC:CCEF (9D 00 7F) A:20 X:33 Y:CC P:05 S:FD mem:002A7D37 13:27857 tv:0.000001 9D: STA abs,x
lcpuC PC:CCF2 (E8 F0 70) A:20 X:33 Y:CC P:05 S:FD mem:002A7D57 13:27852 tv:0.000000 E8: INX
lcpuC PC:CCF3 (F0 70 6C) A:20 X:34 Y:CC P:05 S:FD mem:002A7D57 13:27850 tv:0.000001 F0: BEQ
lcpuC PC:CCF5 (6C 5D 03) A:20 X:34 Y:CC P:05 S:FD mem:002A7D57 13:27848 tv:0.000001 6C: JMP ()
lcpuC PC:CCE6 (9D 00 7C) A:20 X:34 Y:CC P:05 S:FD mem:002A7D57 13:27843 tv:0.000001 9D: STA abs,x
lcpuC PC:CCE9 (9D 00 7D) A:20 X:34 Y:CC P:05 S:FD mem:002A7D77 13:27838 tv:0.000001 9D: STA abs,x
lcpuC PC:CCEC (9D 00 7E) A:20 X:34 Y:CC P:05 S:FD mem:002A7D97 13:27833 tv:0.000001 9D: STA abs,x
lcpuC PC:CCEF (9D 00 7F) A:20 X:34 Y:CC P:05 S:FD mem:002A7DB7 13:27828 tv:0.000001 9D: STA abs,x
lcpuC PC:CCF2 (E8 F0 70) A:20 X:34 Y:CC P:05 S:FD mem:002A7DD7 13:27823 tv:0.000001 E8: INX
lcpuC PC:CCF3 (F0 70 6C) A:20 X:35 Y:CC P:05 S:FD mem:002A7DD7 13:27821 tv:0.000001 F0: BEQ
lcpuC PC:CCF5 (6C 5D 03) A:20 X:35 Y:CC P:05 S:FD mem:002A7DD7 13:27819 tv:0.000000 6C: JMP ()
lcpuC PC:CCE6 (9D 00 7C) A:20 X:35 Y:CC P:05 S:FD mem:002A7DD7 13:27814 tv:0.000001 9D: STA abs,x
lcpuC PC:CCE9 (9D 00 7D) A:20 X:35 Y:CC P:05 S:FD mem:002A7DF7 13:27809 tv:0.000001 9D: STA abs,x
lcpuC PC:CCEC (9D 00 7E) A:20 X:35 Y:CC P:05 S:FD mem:002A7E17 13:27804 tv:0.000001 9D: STA abs,x
lcpuC PC:CCEF (9D 00 7F) A:20 X:35 Y:CC P:05 S:FD mem:002A7E37 13:27799 tv:0.000000 9D: STA abs,x
lcpuC PC:CCF2 (E8 F0 70) A:20 X:35 Y:CC P:05 S:FD mem:002A7E57 13:27794 tv:0.000001 E8: INX
lcpuC PC:CCF3 (F0 70 6C) A:20 X:36 Y:CC P:05 S:FD mem:002A7E57 13:27792 tv:0.000001 F0: BEQ
lcpuC PC:CCF5 (6C 5D 03) A:20 X:36 Y:CC P:05 S:FD mem:002A7E57 13:27790 tv:0.000001 6C: JMP ()
lcpuC PC:CCE6 (9D 00 7C) A:20 X:36 Y:CC P:05 S:FD mem:002A7E57 13:27785 tv:0.000001 9D: STA abs,x
lcpuC PC:CCE9 (9D 00 7D) A:20 X:36 Y:CC P:05 S:FD mem:002A7E77 13:27780 tv:0.000001 9D: STA abs,x
lcpuC PC:CCEC (9D 00 7E) A:20 X:36 Y:CC P:05 S:FD mem:002A7E97 13:27775 tv:0.000000 9D: STA abs,x
lcpuC PC:CCEF (9D 00 7F) A:20 X:36 Y:CC P:05 S:FD mem:002A7EB7 13:27770 tv:0.000000 9D: STA abs,x
lcpuC PC:CCF2 (E8 F0 70) A:20 X:36 Y:CC P:05 S:FD mem:002A7ED7 13:27765 tv:0.000001 E8: INX
lcpuC PC:CCF3 (F0 70 6C) A:20 X:37 Y:CC P:05 S:FD mem:002A7ED7 13:27763 tv:0.000000 F0: BEQ
lcpuC PC:CCF5 (6C 5D 03) A:20 X:37 Y:CC P:05 S:FD mem:002A7ED7 13:27761 tv:0.000000 6C: JMP ()
lcpuC PC:CCE6 (9D 00 7C) A:20 X:37 Y:CC P:05 S:FD mem:002A7ED7 13:27756 tv:0.000000 9D: STA abs,x
lcpuC PC:CCE9 (9D 00 7D) A:20 X:37 Y:CC P:05 S:FD mem:002A7EF7 13:27751 tv:0.000000 9D: STA abs,x
lcpuC PC:CCEC (9D 00 7E) A:20 X:37 Y:CC P:05 S:FD mem:002A7F17 13:27746 tv:0.000001 9D: STA abs,x
lcpuC PC:CCEF (9D 00 7F) A:20 X:37 Y:CC P:05 S:FD mem:002A7F37 13:27741 tv:0.000001 9D: STA abs,x
lcpuC PC:CCF2 (E8 F0 70) A:20 X:37 Y:CC P:05 S:FD mem:002A7F57 13:27736 tv:0.000001 E8: INX
lcpuC PC:CCF3 (F0 70 6C) A:20 X:38 Y:CC P:05 S:FD mem:002A7F57 13:27734 tv:0.000001 F0: BEQ
lcpuC PC:CCF5 (6C 5D 03) A:20 X:38 Y:CC P:05 S:FD mem:002A7F57 13:27732 tv:0.000001 6C: JMP ()
lcpuC PC:CCE6 (9D 00 7C) A:20 X:38 Y:CC P:05 S:FD mem:002A7F57 13:27727 tv:0.000001 9D: STA abs,x
lcpuC PC:CCE9 (9D 00 7D) A:20 X:38 Y:CC P:05 S:FD mem:002A7F77 13:27722 tv:0.000000 9D: STA abs,x
lcpuC PC:CCEC (9D 00 7E) A:20 X:38 Y:CC P:05 S:FD mem:002A7F97 13:27717 tv:0.000007 9D: STA abs,x
lcpuC PC:CCEF (9D 00 7F) A:20 X:38 Y:CC P:05 S:FD mem:002A7FB7 13:27712 tv:0.000000 9D: STA abs,x
lcpuC PC:CCF2 (E8 F0 70) A:20 X:38 Y:CC P:05 S:FD mem:002A7FD7 13:27707 tv:0.000001 E8: INX
lcpuC PC:CCF3 (F0 70 6C) A:20 X:39 Y:CC P:05 S:FD mem:002A7FD7 13:27705 tv:0.000000 F0: BEQ
lcpuC PC:CCF5 (6C 5D 03) A:20 X:39 Y:CC P:05 S:FD mem:002A7FD7 13:27703 tv:0.000000 6C: JMP ()
lcpuC PC:CCE6 (9D 00 7C) A:20 X:39 Y:CC P:05 S:FD mem:002A7FD7 13:27698 tv:0.000001 9D: STA abs,x
lcpuC PC:CCE9 (9D 00 7D) A:20 X:39 Y:CC P:05 S:FD mem:002A7FF7 13:27693 tv:0.000001 9D: STA abs,x
lcpuC PC:CCEC (9D 00 7E) A:20 X:39 Y:CC P:05 S:FD mem:002A8017 13:27688 tv:0.000000 9D: STA abs,x
lcpuC PC:CCEF (9D 00 7F) A:20 X:39 Y:CC P:05 S:FD mem:002A8037 13:27683 tv:0.000001 9D: STA abs,x
lcpuC PC:CCF2 (E8 F0 70) A:20 X:39 Y:CC P:05 S:FD mem:002A8057 13:27678 tv:0.000001 E8: INX
lcpuC PC:CCF3 (F0 70 6C) A:20 X:3A Y:CC P:05 S:FD mem:002A8057 13:27676 tv:0.000001 F0: BEQ
lcpuC PC:CCF5 (6C 5D 03) A:20 X:3A Y:CC P:05 S:FD mem:002A8057 13:27674 tv:0.000001 6C: JMP ()
lcpuC PC:CCE6 (9D 00 7C) A:20 X:3A Y:CC P:05 S:FD mem:002A8057 13:27669 tv:0.000001 9D: STA abs,x
lcpuC PC:CCE9 (9D 00 7D) A:20 X:3A Y:CC P:05 S:FD mem:002A8077 13:27664 tv:0.000001 9D: STA abs,x
lcpuC PC:CCEC (9D 00 7E) A:20 X:3A Y:CC P:05 S:FD mem:002A8097 13:27659 tv:0.000001 9D: STA abs,x
lcpuC PC:CCEF (9D 00 7F) A:20 X:3A Y:CC P:05 S:FD mem:002A80B7 13:27654 tv:0.000001 9D: STA abs,x
lcpuC PC:CCF2 (E8 F0 70) A:20 X:3A Y:CC P:05 S:FD mem:002A80D7 13:27649 tv:0.000001 E8: INX
lcpuC PC:CCF3 (F0 70 6C) A:20 X:3B Y:CC P:05 S:FD mem:002A80D7 13:27647 tv:0.000000 F0: BEQ
lcpuC PC:CCF5 (6C 5D 03) A:20 X:3B Y:CC P:05 S:FD mem:002A80D7 13:27645 tv:0.000001 6C: JMP ()
lcpuC PC:CCE6 (9D 00 7C) A:20 X:3B Y:CC P:05 S:FD mem:002A80D7 13:27640 tv:0.000001 9D: STA abs,x
lcpuC PC:CCE9 (9D 00 7D) A:20 X:3B Y:CC P:05 S:FD mem:002A80F7 13:27635 tv:0.000000 9D: STA abs,x
lcpuC PC:CCEC (9D 00 7E) A:20 X:3B Y:CC P:05 S:FD mem:002A8117 13:27630 tv:0.000000 9D: STA abs,x
lcpuC PC:CCEF (9D 00 7F) A:20 X:3B Y:CC P:05 S:FD mem:002A8137 13:27625 tv:0.000000 9D: STA abs,x
lcpuC PC:CCF2 (E8 F0 70) A:20 X:3B Y:CC P:05 S:FD mem:002A8157 13:27620 tv:0.000001 E8: INX
lcpuC PC:CCF3 (F0 70 6C) A:20 X:3C Y:CC P:05 S:FD mem:002A8157 13:27618 tv:0.000001 F0: BEQ
lcpuC PC:CCF5 (6C 5D 03) A:20 X:3C Y:CC P:05 S:FD mem:002A8157 13:27616 tv:0.000001 6C: JMP ()
lcpuC PC:CCE6 (9D 00 7C) A:20 X:3C Y:CC P:05 S:FD mem:002A8157 13:27611 tv:0.000001 9D: STA abs,x
lcpuC PC:CCE9 (9D 00 7D) A:20 X:3C Y:CC P:05 S:FD mem:002A8177 13:27606 tv:0.000000 9D: STA abs,x
lcpuC PC:CCEC (9D 00 7E) A:20 X:3C Y:CC P:05 S:FD mem:002A8197 13:27601 tv:0.000001 9D: STA abs,x
lcpuC PC:CCEF (9D 00 7F) A:20 X:3C Y:CC P:05 S:FD mem:002A81B7 13:27596 tv:0.000001 9D: STA abs,x
lcpuC PC:CCF2 (E8 F0 70) A:20 X:3C Y:CC P:05 S:FD mem:002A81D7 13:27591 tv:0.000001 E8: INX
lcpuC PC:CCF3 (F0 70 6C) A:20 X:3D Y:CC P:05 S:FD mem:002A81D7 13:27589 tv:0.000001 F0: BEQ
lcpuC PC:CCF5 (6C 5D 03) A:20 X:3D Y:CC P:05 S:FD mem:002A81D7 13:27587 tv:0.000000 6C: JMP ()
lcpuC PC:CCE6 (9D 00 7C) A:20 X:3D Y:CC P:05 S:FD mem:002A81D7 13:27582 tv:0.000000 9D: STA abs,x
lcpuC PC:CCE9 (9D 00 7D) A:20 X:3D Y:CC P:05 S:FD mem:002A81F7 13:27577 tv:0.000000 9D: STA abs,x
lcpuC PC:CCEC (9D 00 7E) A:20 X:3D Y:CC P:05 S:FD mem:002A8217 13:27572 tv:0.000000 9D: STA abs,x
lcpuC PC:CCEF (9D 00 7F) A:20 X:3D Y:CC P:05 S:FD mem:002A8237 13:27567 tv:0.000000 9D: STA abs,x
lcpuC PC:CCF2 (E8 F0 70) A:20 X:3D Y:CC P:05 S:FD mem:002A8257 13:27562 tv:0.000000 E8: INX
lcpuC PC:CCF3 (F0 70 6C) A:20 X:3E Y:CC P:05 S:FD mem:002A8257 13:27560 tv:0.000000 F0: BEQ
lcpuC PC:CCF5 (6C 5D 03) A:20 X:3E Y:CC P:05 S:FD mem:002A8257 13:27558 tv:0.000000 6C: JMP ()
lcpuC PC:CCE6 (9D 00 7C) A:20 X:3E Y:CC P:05 S:FD mem:002A8257 13:27553 tv:0.000000 9D: STA abs,x
lcpuC PC:CCE9 (9D 00 7D) A:20 X:3E Y:CC P:05 S:FD mem:002A8277 13:27548 tv:0.000001 9D: STA abs,x
lcpuC PC:CCEC (9D 00 7E) A:20 X:3E Y:CC P:05 S:FD mem:002A8297 13:27543 tv:0.000000 9D: STA abs,x
lcpuC PC:CCEF (9D 00 7F) A:20 X:3E Y:CC P:05 S:FD mem:002A82B7 13:27538 tv:0.000001 9D: STA abs,x
lcpuC PC:CCF2 (E8 F0 70) A:20 X:3E Y:CC P:05 S:FD mem:002A82D7 13:27533 tv:0.000002 E8: INX
lcpuC PC:CCF3 (F0 70 6C) A:20 X:3F Y:CC P:05 S:FD mem:002A82D7 13:27531 tv:0.000000 F0: BEQ
lcpuC PC:CCF5 (6C 5D 03) A:20 X:3F Y:CC P:05 S:FD mem:002A82D7 13:27529 tv:0.000000 6C: JMP ()
lcpuC PC:CCE6 (9D 00 7C) A:20 X:3F Y:CC P:05 S:FD mem:002A82D7 13:27524 tv:0.000001 9D: STA abs,x
lcpuC PC:CCE9 (9D 00 7D) A:20 X:3F Y:CC P:05 S:FD mem:002A82F7 13:27519 tv:0.000000 9D: STA abs,x
lcpuC PC:CCEC (9D 00 7E) A:20 X:3F Y:CC P:05 S:FD mem:002A8317 13:27514 tv:0.000000 9D: STA abs,x
lcpuC PC:CCEF (9D 00 7F) A:20 X:3F Y:CC P:05 S:FD mem:002A8337 13:27509 tv:0.000000 9D: STA abs,x
lcpuC PC:CCF2 (E8 F0 70) A:20 X:3F Y:CC P:05 S:FD mem:002A8357 13:27504 tv:0.000000 E8: INX
lcpuC PC:CCF3 (F0 70 6C) A:20 X:40 Y:CC P:05 S:FD mem:002A8357 13:27502 tv:0.000000 F0: BEQ
lcpuC PC:CCF5 (6C 5D 03) A:20 X:40 Y:CC P:05 S:FD mem:002A8357 13:27500 tv:0.000000 6C: JMP ()
lcpuC PC:CCE6 (9D 00 7C) A:20 X:40 Y:CC P:05 S:FD mem:002A8357 13:27495 tv:0.000000 9D: STA abs,x
lcpuC PC:CCE9 (9D 00 7D) A:20 X:40 Y:CC P:05 S:FD mem:002A8377 13:27490 tv:0.000001 9D: STA abs,x
lcpuC PC:CCEC (9D 00 7E) A:20 X:40 Y:CC P:05 S:FD mem:002A8397 13:27485 tv:0.000001 9D: STA abs,x
lcpuC PC:CCEF (9D 00 7F) A:20 X:40 Y:CC P:05 S:FD mem:002A83B7 13:27480 tv:0.000000 9D: STA abs,x
lcpuC PC:CCF2 (E8 F0 70) A:20 X:40 Y:CC P:05 S:FD mem:002A83D7 13:27475 tv:0.000001 E8: INX
lcpuC PC:CCF3 (F0 70 6C) A:20 X:41 Y:CC P:05 S:FD mem:002A83D7 13:27473 tv:0.000000 F0: BEQ
lcpuC PC:CCF5 (6C 5D 03) A:20 X:41 Y:CC P:05 S:FD mem:002A83D7 13:27471 tv:0.000000 6C: JMP ()
lcpuC PC:CCE6 (9D 00 7C) A:20 X:41 Y:CC P:05 S:FD mem:002A83D7 13:27466 tv:0.000001 9D: STA abs,x
lcpuC PC:CCE9 (9D 00 7D) A:20 X:41 Y:CC P:05 S:FD mem:002A83F7 13:27461 tv:0.000007 9D: STA abs,x
lcpuC PC:CCEC (9D 00 7E) A:20 X:41 Y:CC P:05 S:FD mem:002A8417 13:27456 tv:0.000001 9D: STA abs,x
lcpuC PC:CCEF (9D 00 7F) A:20 X:41 Y:CC P:05 S:FD mem:002A8437 13:27451 tv:0.000000 9D: STA abs,x
lcpuC PC:CCF2 (E8 F0 70) A:20 X:41 Y:CC P:05 S:FD mem:002A8457 13:27446 tv:0.000000 E8: INX
lcpuC PC:CCF3 (F0 70 6C) A:20 X:42 Y:CC P:05 S:FD mem:002A8457 13:27444 tv:0.000000 F0: BEQ
lcpuC PC:CCF5 (6C 5D 03) A:20 X:42 Y:CC P:05 S:FD mem:002A8457 13:27442 tv:0.000000 6C: JMP ()
lcpuC PC:CCE6 (9D 00 7C) A:20 X:42 Y:CC P:05 S:FD mem:002A8457 13:27437 tv:0.000000 9D: STA abs,x
lcpuC PC:CCE9 (9D 00 7D) A:20 X:42 Y:CC P:05 S:FD mem:002A8477 13:27432 tv:0.000001 9D: STA abs,x
lcpuC PC:CCEC (9D 00 7E) A:20 X:42 Y:CC P:05 S:FD mem:002A8497 13:27427 tv:0.000001 9D: STA abs,x
lcpuC PC:CCEF (9D 00 7F) A:20 X:42 Y:CC P:05 S:FD mem:002A84B7 13:27422 tv:0.000000 9D: STA abs,x
lcpuC PC:CCF2 (E8 F0 70) A:20 X:42 Y:CC P:05 S:FD mem:002A84D7 13:27417 tv:0.000001 E8: INX
lcpuC PC:CCF3 (F0 70 6C) A:20 X:43 Y:CC P:05 S:FD mem:002A84D7 13:27415 tv:0.000001 F0: BEQ
lcpuC PC:CCF5 (6C 5D 03) A:20 X:43 Y:CC P:05 S:FD mem:002A84D7 13:27413 tv:0.000000 6C: JMP ()
lcpuC PC:CCE6 (9D 00 7C) A:20 X:43 Y:CC P:05 S:FD mem:002A84D7 13:27408 tv:0.000001 9D: STA abs,x
lcpuC PC:CCE9 (9D 00 7D) A:20 X:43 Y:CC P:05 S:FD mem:002A84F7 13:27403 tv:0.000000 9D: STA abs,x
lcpuC PC:CCEC (9D 00 7E) A:20 X:43 Y:CC P:05 S:FD mem:002A8517 13:27398 tv:0.000000 9D: STA abs,x
lcpuC PC:CCEF (9D 00 7F) A:20 X:43 Y:CC P:05 S:FD mem:002A8537 13:27393 tv:0.000000 9D: STA abs,x
lcpuC PC:CCF2 (E8 F0 70) A:20 X:43 Y:CC P:05 S:FD mem:002A8557 13:27388 tv:0.000001 E8: INX
lcpuC PC:CCF3 (F0 70 6C) A:20 X:44 Y:CC P:05 S:FD mem:002A8557 13:27386 tv:0.000000 F0: BEQ
lcpuC PC:CCF5 (6C 5D 03) A:20 X:44 Y:CC P:05 S:FD mem:002A8557 13:27384 tv:0.000001 6C: JMP ()
lcpuC PC:CCE6 (9D 00 7C) A:20 X:44 Y:CC P:05 S:FD mem:002A8557 13:27379 tv:0.000000 9D: STA abs,x
lcpuC PC:CCE9 (9D 00 7D) A:20 X:44 Y:CC P:05 S:FD mem:002A8577 13:27374 tv:0.000000 9D: STA abs,x
lcpuC PC:CCEC (9D 00 7E) A:20 X:44 Y:CC P:05 S:FD mem:002A8597 13:27369 tv:0.000001 9D: STA abs,x
lcpuC PC:CCEF (9D 00 7F) A:20 X:44 Y:CC P:05 S:FD mem:002A85B7 13:27364 tv:0.000001 9D: STA abs,x
lcpuC PC:CCF2 (E8 F0 70) A:20 X:44 Y:CC P:05 S:FD mem:002A85D7 13:27359 tv:0.000000 E8: INX
lcpuC PC:CCF3 (F0 70 6C) A:20 X:45 Y:CC P:05 S:FD mem:002A85D7 13:27357 tv:0.000000 F0: BEQ
lcpuC PC:CCF5 (6C 5D 03) A:20 X:45 Y:CC P:05 S:FD mem:002A85D7 13:27355 tv:0.000001 6C: JMP ()
lcpuC PC:CCE6 (9D 00 7C) A:20 X:45 Y:CC P:05 S:FD mem:002A85D7 13:27350 tv:0.000001 9D: STA abs,x
lcpuC PC:CCE9 (9D 00 7D) A:20 X:45 Y:CC P:05 S:FD mem:002A85F7 13:27345 tv:0.000001 9D: STA abs,x
lcpuC PC:CCEC (9D 00 7E) A:20 X:45 Y:CC P:05 S:FD mem:002A8617 13:27340 tv:0.000000 9D: STA abs,x
lcpuC PC:CCEF (9D 00 7F) A:20 X:45 Y:CC P:05 S:FD mem:002A8637 13:27335 tv:0.000001 9D: STA abs,x
lcpuC PC:CCF2 (E8 F0 70) A:20 X:45 Y:CC P:05 S:FD mem:002A8657 13:27330 tv:0.000000 E8: INX
lcpuC PC:CCF3 (F0 70 6C) A:20 X:46 Y:CC P:05 S:FD mem:002A8657 13:27328 tv:0.000001 F0: BEQ
lcpuC PC:CCF5 (6C 5D 03) A:20 X:46 Y:CC P:05 S:FD mem:002A8657 13:27326 tv:0.000001 6C: JMP ()
lcpuC PC:CCE6 (9D 00 7C) A:20 X:46 Y:CC P:05 S:FD mem:002A8657 13:27321 tv:0.000000 9D: STA abs,x
lcpuC PC:CCE9 (9D 00 7D) A:20 X:46 Y:CC P:05 S:FD mem:002A8677 13:27316 tv:0.000000 9D: STA abs,x
lcpuC PC:CCEC (9D 00 7E) A:20 X:46 Y:CC P:05 S:FD mem:002A8697 13:27311 tv:0.000001 9D: STA abs,x
lcpuC PC:CCEF (9D 00 7F) A:20 X:46 Y:CC P:05 S:FD mem:002A86B7 13:27306 tv:0.000001 9D: STA abs,x
lcpuC PC:CCF2 (E8 F0 70) A:20 X:46 Y:CC P:05 S:FD mem:002A86D7 13:27301 tv:0.000000 E8: INX
lcpuC PC:CCF3 (F0 70 6C) A:20 X:47 Y:CC P:05 S:FD mem:002A86D7 13:27299 tv:0.000000 F0: BEQ
lcpuC PC:CCF5 (6C 5D 03) A:20 X:47 Y:CC P:05 S:FD mem:002A86D7 13:27297 tv:0.000000 6C: JMP ()
lcpuC PC:CCE6 (9D 00 7C) A:20 X:47 Y:CC P:05 S:FD mem:002A86D7 13:27292 tv:0.000002 9D: STA abs,x
lcpuC PC:CCE9 (9D 00 7D) A:20 X:47 Y:CC P:05 S:FD mem:002A86F7 13:27287 tv:0.000001 9D: STA abs,x
lcpuC PC:CCEC (9D 00 7E) A:20 X:47 Y:CC P:05 S:FD mem:002A8717 13:27282 tv:0.000000 9D: STA abs,x
lcpuC PC:CCEF (9D 00 7F) A:20 X:47 Y:CC P:05 S:FD mem:002A8737 13:27277 tv:0.000001 9D: STA abs,x
lcpuC PC:CCF2 (E8 F0 70) A:20 X:47 Y:CC P:05 S:FD mem:002A8757 13:27272 tv:0.000001 E8: INX
lcpuC PC:CCF3 (F0 70 6C) A:20 X:48 Y:CC P:05 S:FD mem:002A8757 13:27270 tv:0.000000 F0: BEQ
lcpuC PC:CCF5 (6C 5D 03) A:20 X:48 Y:CC P:05 S:FD mem:002A8757 13:27268 tv:0.000000 6C: JMP ()
lcpuC PC:CCE6 (9D 00 7C) A:20 X:48 Y:CC P:05 S:FD mem:002A8757 13:27263 tv:0.000001 9D: STA abs,x
lcpuC PC:CCE9 (9D 00 7D) A:20 X:48 Y:CC P:05 S:FD mem:002A8777 13:27258 tv:0.000001 9D: STA abs,x
lcpuC PC:CCEC (9D 00 7E) A:20 X:48 Y:CC P:05 S:FD mem:002A8797 13:27253 tv:0.000000 9D: STA abs,x
lcpuC PC:CCEF (9D 00 7F) A:20 X:48 Y:CC P:05 S:FD mem:002A87B7 13:27248 tv:0.000000 9D: STA abs,x
lcpuC PC:CCF2 (E8 F0 70) A:20 X:48 Y:CC P:05 S:FD mem:002A87D7 13:27243 tv:0.000001 E8: INX
lcpuC PC:CCF3 (F0 70 6C) A:20 X:49 Y:CC P:05 S:FD mem:002A87D7 13:27241 tv:0.000001 F0: BEQ
lcpuC PC:CCF5 (6C 5D 03) A:20 X:49 Y:CC P:05 S:FD mem:002A87D7 13:27239 tv:0.000001 6C: JMP ()
lcpuC PC:CCE6 (9D 00 7C) A:20 X:49 Y:CC P:05 S:FD mem:002A87D7 13:27234 tv:0.000000 9D: STA abs,x
lcpuC PC:CCE9 (9D 00 7D) A:20 X:49 Y:CC P:05 S:FD mem:002A87F7 13:27229 tv:0.000001 9D: STA abs,x
lcpuC PC:CCEC (9D 00 7E) A:20 X:49 Y:CC P:05 S:FD mem:002A8817 13:27224 tv:0.000001 9D: STA abs,x
lcpuC PC:CCEF (9D 00 7F) A:20 X:49 Y:CC P:05 S:FD mem:002A8837 13:27219 tv:0.000001 9D: STA abs,x
lcpuC PC:CCF2 (E8 F0 70) A:20 X:49 Y:CC P:05 S:FD mem:002A8857 13:27214 tv:0.000001 E8: INX
lcpuC PC:CCF3 (F0 70 6C) A:20 X:4A Y:CC P:05 S:FD mem:002A8857 13:27212 tv:0.000001 F0: BEQ
lcpuC PC:CCF5 (6C 5D 03) A:20 X:4A Y:CC P:05 S:FD mem:002A8857 13:27210 tv:0.000000 6C: JMP ()
lcpuC PC:CCE6 (9D 00 7C) A:20 X:4A Y:CC P:05 S:FD mem:002A8857 13:27205 tv:0.000006 9D: STA abs,x
lcpuC PC:CCE9 (9D 00 7D) A:20 X:4A Y:CC P:05 S:FD mem:002A8877 13:27200 tv:0.000000 9D: STA abs,x
lcpuC PC:CCEC (9D 00 7E) A:20 X:4A Y:CC P:05 S:FD mem:002A8897 13:27195 tv:0.000000 9D: STA abs,x
lcpuC PC:CCEF (9D 00 7F) A:20 X:4A Y:CC P:05 S:FD mem:002A88B7 13:27190 tv:0.000000 9D: STA abs,x
lcpuC PC:CCF2 (E8 F0 70) A:20 X:4A Y:CC P:05 S:FD mem:002A88D7 13:27185 tv:0.000000 E8: INX
lcpuC PC:CCF3 (F0 70 6C) A:20 X:4B Y:CC P:05 S:FD mem:002A88D7 13:27183 tv:0.000001 F0: BEQ
lcpuC PC:CCF5 (6C 5D 03) A:20 X:4B Y:CC P:05 S:FD mem:002A88D7 13:27181 tv:0.000001 6C: JMP ()
lcpuC PC:CCE6 (9D 00 7C) A:20 X:4B Y:CC P:05 S:FD mem:002A88D7 13:27176 tv:0.000001 9D: STA abs,x
lcpuC PC:CCE9 (9D 00 7D) A:20 X:4B Y:CC P:05 S:FD mem:002A88F7 13:27171 tv:0.000001 9D: STA abs,x
lcpuC PC:CCEC (9D 00 7E) A:20 X:4B Y:CC P:05 S:FD mem:002A8917 13:27166 tv:0.000001 9D: STA abs,x
lcpuC PC:CCEF (9D 00 7F) A:20 X:4B Y:CC P:05 S:FD mem:002A8937 13:27161 tv:0.000001 9D: STA abs,x
lcpuC PC:CCF2 (E8 F0 70) A:20 X:4B Y:CC P:05 S:FD mem:002A8957 13:27156 tv:0.000001 E8: INX
lcpuC PC:CCF3 (F0 70 6C) A:20 X:4C Y:CC P:05 S:FD mem:002A8957 13:27154 tv:0.000001 F0: BEQ
lcpuC PC:CCF5 (6C 5D 03) A:20 X:4C Y:CC P:05 S:FD mem:002A8957 13:27152 tv:0.000001 6C: JMP ()
lcpuC PC:CCE6 (9D 00 7C) A:20 X:4C Y:CC P:05 S:FD mem:002A8957 13:27147 tv:0.000001 9D: STA abs,x
lcpuC PC:CCE9 (9D 00 7D) A:20 X:4C Y:CC P:05 S:FD mem:002A8977 13:27142 tv:0.000001 9D: STA abs,x
lcpuC PC:CCEC (9D 00 7E) A:20 X:4C Y:CC P:05 S:FD mem:002A8997 13:27137 tv:0.000001 9D: STA abs,x
lcpuC PC:CCEF (9D 00 7F) A:20 X:4C Y:CC P:05 S:FD mem:002A89B7 13:27132 tv:0.000001 9D: STA abs,x
lcpuC PC:CCF2 (E8 F0 70) A:20 X:4C Y:CC P:05 S:FD mem:002A89D7 13:27127 tv:0.000001 E8: INX
lcpuC PC:CCF3 (F0 70 6C) A:20 X:4D Y:CC P:05 S:FD mem:002A89D7 13:27125 tv:0.000000 F0: BEQ
lcpuC PC:CCF5 (6C 5D 03) A:20 X:4D Y:CC P:05 S:FD mem:002A89D7 13:27123 tv:0.000000 6C: JMP ()
lcpuC PC:CCE6 (9D 00 7C) A:20 X:4D Y:CC P:05 S:FD mem:002A89D7 13:27118 tv:0.000001 9D: STA abs,x
lcpuC PC:CCE9 (9D 00 7D) A:20 X:4D Y:CC P:05 S:FD mem:002A89F7 13:27113 tv:0.000001 9D: STA abs,x
lcpuC PC:CCEC (9D 00 7E) A:20 X:4D Y:CC P:05 S:FD mem:002A8A17 13:27108 tv:0.000000 9D: STA abs,x
lcpuC PC:CCEF (9D 00 7F) A:20 X:4D Y:CC P:05 S:FD mem:002A8A37 13:27103 tv:0.000001 9D: STA abs,x
lcpuC PC:CCF2 (E8 F0 70) A:20 X:4D Y:CC P:05 S:FD mem:002A8A57 13:27098 tv:0.000002 E8: INX
lcpuC PC:CCF3 (F0 70 6C) A:20 X:4E Y:CC P:05 S:FD mem:002A8A57 13:27096 tv:0.000001 F0: BEQ
lcpuC PC:CCF5 (6C 5D 03) A:20 X:4E Y:CC P:05 S:FD mem:002A8A57 13:27094 tv:0.000001 6C: JMP ()
lcpuC PC:CCE6 (9D 00 7C) A:20 X:4E Y:CC P:05 S:FD mem:002A8A57 13:27089 tv:0.000001 9D: STA abs,x
lcpuC PC:CCE9 (9D 00 7D) A:20 X:4E Y:CC P:05 S:FD mem:002A8A77 13:27084 tv:0.000000 9D: STA abs,x
lcpuC PC:CCEC (9D 00 7E) A:20 X:4E Y:CC P:05 S:FD mem:002A8A97 13:27079 tv:0.000000 9D: STA abs,x
lcpuC PC:CCEF (9D 00 7F) A:20 X:4E Y:CC P:05 S:FD mem:002A8AB7 13:27074 tv:0.000000 9D: STA abs,x
lcpuC PC:CCF2 (E8 F0 70) A:20 X:4E Y:CC P:05 S:FD mem:002A8AD7 13:27069 tv:0.000001 E8: INX
lcpuC PC:CCF3 (F0 70 6C) A:20 X:4F Y:CC P:05 S:FD mem:002A8AD7 13:27067 tv:0.000001 F0: BEQ
lcpuC PC:CCF5 (6C 5D 03) A:20 X:4F Y:CC P:05 S:FD mem:002A8AD7 13:27065 tv:0.000013 6C: JMP ()
lcpuC PC:CCE6 (9D 00 7C) A:20 X:4F Y:CC P:05 S:FD mem:002A8AD7 13:27060 tv:0.000002 9D: STA abs,x
lcpuC PC:CCE9 (9D 00 7D) A:20 X:4F Y:CC P:05 S:FD mem:002A8AF7 13:27055 tv:0.000001 9D: STA abs,x
lcpuC PC:CCEC (9D 00 7E) A:20 X:4F Y:CC P:05 S:FD mem:002A8B17 13:27050 tv:0.000001 9D: STA abs,x
lcpuC PC:CCEF (9D 00 7F) A:20 X:4F Y:CC P:05 S:FD mem:002A8B37 13:27045 tv:0.000001 9D: STA abs,x
lcpuC PC:CCF2 (E8 F0 70) A:20 X:4F Y:CC P:05 S:FD mem:002A8B57 13:27040 tv:0.000001 E8: INX
lcpuC PC:CCF3 (F0 70 6C) A:20 X:50 Y:CC P:05 S:FD mem:002A8B57 13:27038 tv:0.000002 F0: BEQ
lcpuC PC:CCF5 (6C 5D 03) A:20 X:50 Y:CC P:05 S:FD mem:002A8B57 13:27036 tv:0.000001 6C: JMP ()
lcpuC PC:CCE6 (9D 00 7C) A:20 X:50 Y:CC P:05 S:FD mem:002A8B57 13:27031 tv:0.000002 9D: STA abs,x
lcpuC PC:CCE9 (9D 00 7D) A:20 X:50 Y:CC P:05 S:FD mem:002A8B77 13:27026 tv:0.000001 9D: STA abs,x
lcpuC PC:CCEC (9D 00 7E) A:20 X:50 Y:CC P:05 S:FD mem:002A8B97 13:27021 tv:0.000001 9D: STA abs,x
lcpuC PC:CCEF (9D 00 7F) A:20 X:50 Y:CC P:05 S:FD mem:002A8BB7 13:27016 tv:0.000000 9D: STA abs,x
lcpuC PC:CCF2 (E8 F0 70) A:20 X:50 Y:CC P:05 S:FD mem:002A8BD7 13:27011 tv:0.000001 E8: INX
lcpuC PC:CCF3 (F0 70 6C) A:20 X:51 Y:CC P:05 S:FD mem:002A8BD7 13:27009 tv:0.000001 F0: BEQ
lcpuC PC:CCF5 (6C 5D 03) A:20 X:51 Y:CC P:05 S:FD mem:002A8BD7 13:27007 tv:0.000000 6C: JMP ()
lcpuC PC:CCE6 (9D 00 7C) A:20 X:51 Y:CC P:05 S:FD mem:002A8BD7 13:27002 tv:0.000001 9D: STA abs,x
lcpuC PC:CCE9 (9D 00 7D) A:20 X:51 Y:CC P:05 S:FD mem:002A8BF7 13:26997 tv:0.000001 9D: STA abs,x
lcpuC PC:CCEC (9D 00 7E) A:20 X:51 Y:CC P:05 S:FD mem:002A8C17 13:26992 tv:0.000001 9D: STA abs,x
lcpuC PC:CCEF (9D 00 7F) A:20 X:51 Y:CC P:05 S:FD mem:002A8C37 13:26987 tv:0.000001 9D: STA abs,x
lcpuC PC:CCF2 (E8 F0 70) A:20 X:51 Y:CC P:05 S:FD mem:002A8C57 13:26982 tv:0.000001 E8: INX
lcpuC PC:CCF3 (F0 70 6C) A:20 X:52 Y:CC P:05 S:FD mem:002A8C57 13:26980 tv:0.000001 F0: BEQ
lcpuC PC:CCF5 (6C 5D 03) A:20 X:52 Y:CC P:05 S:FD mem:002A8C57 13:26978 tv:0.000001 6C: JMP ()
lcpuC PC:CCE6 (9D 00 7C) A:20 X:52 Y:CC P:05 S:FD mem:002A8C57 13:26973 tv:0.000000 9D: STA abs,x
lcpuC PC:CCE9 (9D 00 7D) A:20 X:52 Y:CC P:05 S:FD mem:002A8C77 13:26968 tv:0.000000 9D: STA abs,x
lcpuC PC:CCEC (9D 00 7E) A:20 X:52 Y:CC P:05 S:FD mem:002A8C97 13:26963 tv:0.000000 9D: STA abs,x
lcpuC PC:CCEF (9D 00 7F) A:20 X:52 Y:CC P:05 S:FD mem:002A8CB7 13:26958 tv:0.000000 9D: STA abs,x
lcpuC PC:CCF2 (E8 F0 70) A:20 X:52 Y:CC P:05 S:FD mem:002A8CD7 13:26953 tv:0.000001 E8: INX
lcpuC PC:CCF3 (F0 70 6C) A:20 X:53 Y:CC P:05 S:FD mem:002A8CD7 13:26951 tv:0.000001 F0: BEQ
lcpuC PC:CCF5 (6C 5D 03) A:20 X:53 Y:CC P:05 S:FD mem:002A8CD7 13:26949 tv:0.000009 6C: JMP ()
lcpuC PC:CCE6 (9D 00 7C) A:20 X:53 Y:CC P:05 S:FD mem:002A8CD7 13:26944 tv:0.000001 9D: STA abs,x
lcpuC PC:CCE9 (9D 00 7D) A:20 X:53 Y:CC P:05 S:FD mem:002A8CF7 13:26939 tv:0.000000 9D: STA abs,x
lcpuC PC:CCEC (9D 00 7E) A:20 X:53 Y:CC P:05 S:FD mem:002A8D17 13:26934 tv:0.000000 9D: STA abs,x
lcpuC PC:CCEF (9D 00 7F) A:20 X:53 Y:CC P:05 S:FD mem:002A8D37 13:26929 tv:0.000001 9D: STA abs,x
lcpuC PC:CCF2 (E8 F0 70) A:20 X:53 Y:CC P:05 S:FD mem:002A8D57 13:26924 tv:0.000001 E8: INX
lcpuC PC:CCF3 (F0 70 6C) A:20 X:54 Y:CC P:05 S:FD mem:002A8D57 13:26922 tv:0.000001 F0: BEQ
lcpuC PC:CCF5 (6C 5D 03) A:20 X:54 Y:CC P:05 S:FD mem:002A8D57 13:26920 tv:0.000000 6C: JMP ()
lcpuC PC:CCE6 (9D 00 7C) A:20 X:54 Y:CC P:05 S:FD mem:002A8D57 13:26915 tv:0.000001 9D: STA abs,x
lcpuC PC:CCE9 (9D 00 7D) A:20 X:54 Y:CC P:05 S:FD mem:002A8D77 13:26910 tv:0.000001 9D: STA abs,x
lcpuC PC:CCEC (9D 00 7E) A:20 X:54 Y:CC P:05 S:FD mem:002A8D97 13:26905 tv:0.000001 9D: STA abs,x
lcpuC PC:CCEF (9D 00 7F) A:20 X:54 Y:CC P:05 S:FD mem:002A8DB7 13:26900 tv:0.000001 9D: STA abs,x
lcpuC PC:CCF2 (E8 F0 70) A:20 X:54 Y:CC P:05 S:FD mem:002A8DD7 13:26895 tv:0.000000 E8: INX
lcpuC PC:CCF3 (F0 70 6C) A:20 X:55 Y:CC P:05 S:FD mem:002A8DD7 13:26893 tv:0.000001 F0: BEQ
lcpuC PC:CCF5 (6C 5D 03) A:20 X:55 Y:CC P:05 S:FD mem:002A8DD7 13:26891 tv:0.000000 6C: JMP ()
lcpuC PC:CCE6 (9D 00 7C) A:20 X:55 Y:CC P:05 S:FD mem:002A8DD7 13:26886 tv:0.000001 9D: STA abs,x
lcpuC PC:CCE9 (9D 00 7D) A:20 X:55 Y:CC P:05 S:FD mem:002A8DF7 13:26881 tv:0.000001 9D: STA abs,x
lcpuC PC:CCEC (9D 00 7E) A:20 X:55 Y:CC P:05 S:FD mem:002A8E17 13:26876 tv:0.000000 9D: STA abs,x
lcpuC PC:CCEF (9D 00 7F) A:20 X:55 Y:CC P:05 S:FD mem:002A8E37 13:26871 tv:0.000000 9D: STA abs,x
lcpuC PC:CCF2 (E8 F0 70) A:20 X:55 Y:CC P:05 S:FD mem:002A8E57 13:26866 tv:0.000000 E8: INX
lcpuC PC:CCF3 (F0 70 6C) A:20 X:56 Y:CC P:05 S:FD mem:002A8E57 13:26864 tv:0.000000 F0: BEQ
lcpuC PC:CCF5 (6C 5D 03) A:20 X:56 Y:CC P:05 S:FD mem:002A8E57 13:26862 tv:0.000001 6C: JMP ()
lcpuC PC:CCE6 (9D 00 7C) A:20 X:56 Y:CC P:05 S:FD mem:002A8E57 13:26857 tv:0.000001 9D: STA abs,x
lcpuC PC:CCE9 (9D 00 7D) A:20 X:56 Y:CC P:05 S:FD mem:002A8E77 13:26852 tv:0.000000 9D: STA abs,x
lcpuC PC:CCEC (9D 00 7E) A:20 X:56 Y:CC P:05 S:FD mem:002A8E97 13:26847 tv:0.000000 9D: STA abs,x
lcpuC PC:CCEF (9D 00 7F) A:20 X:56 Y:CC P:05 S:FD mem:002A8EB7 13:26842 tv:0.000001 9D: STA abs,x
lcpuC PC:CCF2 (E8 F0 70) A:20 X:56 Y:CC P:05 S:FD mem:002A8ED7 13:26837 tv:0.000001 E8: INX
lcpuC PC:CCF3 (F0 70 6C) A:20 X:57 Y:CC P:05 S:FD mem:002A8ED7 13:26835 tv:0.000001 F0: BEQ
lcpuC PC:CCF5 (6C 5D 03) A:20 X:57 Y:CC P:05 S:FD mem:002A8ED7 13:26833 tv:0.000001 6C: JMP ()
lcpuC PC:CCE6 (9D 00 7C) A:20 X:57 Y:CC P:05 S:FD mem:002A8ED7 13:26828 tv:0.000001 9D: STA abs,x
lcpuC PC:CCE9 (9D 00 7D) A:20 X:57 Y:CC P:05 S:FD mem:002A8EF7 13:26823 tv:0.000001 9D: STA abs,x
lcpuC PC:CCEC (9D 00 7E) A:20 X:57 Y:CC P:05 S:FD mem:002A8F17 13:26818 tv:0.000001 9D: STA abs,x
lcpuC PC:CCEF (9D 00 7F) A:20 X:57 Y:CC P:05 S:FD mem:002A8F37 13:26813 tv:0.000001 9D: STA abs,x
lcpuC PC:CCF2 (E8 F0 70) A:20 X:57 Y:CC P:05 S:FD mem:002A8F57 13:26808 tv:0.000001 E8: INX
lcpuC PC:CCF3 (F0 70 6C) A:20 X:58 Y:CC P:05 S:FD mem:002A8F57 13:26806 tv:0.000000 F0: BEQ
lcpuC PC:CCF5 (6C 5D 03) A:20 X:58 Y:CC P:05 S:FD mem:002A8F57 13:26804 tv:0.000000 6C: JMP ()
lcpuC PC:CCE6 (9D 00 7C) A:20 X:58 Y:CC P:05 S:FD mem:002A8F57 13:26799 tv:0.000000 9D: STA abs,x
lcpuC PC:CCE9 (9D 00 7D) A:20 X:58 Y:CC P:05 S:FD mem:002A8F77 13:26794 tv:0.000000 9D: STA abs,x
lcpuC PC:CCEC (9D 00 7E) A:20 X:58 Y:CC P:05 S:FD mem:002A8F97 13:26789 tv:0.000001 9D: STA abs,x
lcpuC PC:CCEF (9D 00 7F) A:20 X:58 Y:CC P:05 S:FD mem:002A8FB7 13:26784 tv:0.000000 9D: STA abs,x
lcpuC PC:CCF2 (E8 F0 70) A:20 X:58 Y:CC P:05 S:FD mem:002A8FD7 13:26779 tv:0.000001 E8: INX
lcpuC PC:CCF3 (F0 70 6C) A:20 X:59 Y:CC P:05 S:FD mem:002A8FD7 13:26777 tv:0.000001 F0: BEQ
lcpuC PC:CCF5 (6C 5D 03) A:20 X:59 Y:CC P:05 S:FD mem:002A8FD7 13:26775 tv:0.000000 6C: JMP ()
lcpuC PC:CCE6 (9D 00 7C) A:20 X:59 Y:CC P:05 S:FD mem:002A8FD7 13:26770 tv:0.000001 9D: STA abs,x
lcpuC PC:CCE9 (9D 00 7D) A:20 X:59 Y:CC P:05 S:FD mem:002A8FF7 13:26765 tv:0.000001 9D: STA abs,x
lcpuC PC:CCEC (9D 00 7E) A:20 X:59 Y:CC P:05 S:FD mem:002A9017 13:26760 tv:0.000000 9D: STA abs,x
lcpuC PC:CCEF (9D 00 7F) A:20 X:59 Y:CC P:05 S:FD mem:002A9037 13:26755 tv:0.000001 9D: STA abs,x
lcpuC PC:CCF2 (E8 F0 70) A:20 X:59 Y:CC P:05 S:FD mem:002A9057 13:26750 tv:0.000001 E8: INX
lcpuC PC:CCF3 (F0 70 6C) A:20 X:5A Y:CC P:05 S:FD mem:002A9057 13:26748 tv:0.000000 F0: BEQ
lcpuC PC:CCF5 (6C 5D 03) A:20 X:5A Y:CC P:05 S:FD mem:002A9057 13:26746 tv:0.000001 6C: JMP ()
lcpuC PC:CCE6 (9D 00 7C) A:20 X:5A Y:CC P:05 S:FD mem:002A9057 13:26741 tv:0.000001 9D: STA abs,x
lcpuC PC:CCE9 (9D 00 7D) A:20 X:5A Y:CC P:05 S:FD mem:002A9077 13:26736 tv:0.000001 9D: STA abs,x
lcpuC PC:CCEC (9D 00 7E) A:20 X:5A Y:CC P:05 S:FD mem:002A9097 13:26731 tv:0.000000 9D: STA abs,x
lcpuC PC:CCEF (9D 00 7F) A:20 X:5A Y:CC P:05 S:FD mem:002A90B7 13:26726 tv:0.000001 9D: STA abs,x
lcpuC PC:CCF2 (E8 F0 70) A:20 X:5A Y:CC P:05 S:FD mem:002A90D7 13:26721 tv:0.000001 E8: INX
lcpuC PC:CCF3 (F0 70 6C) A:20 X:5B Y:CC P:05 S:FD mem:002A90D7 13:26719 tv:0.000001 F0: BEQ
lcpuC PC:CCF5 (6C 5D 03) A:20 X:5B Y:CC P:05 S:FD mem:002A90D7 13:26717 tv:0.000000 6C: JMP ()
lcpuC PC:CCE6 (9D 00 7C) A:20 X:5B Y:CC P:05 S:FD mem:002A90D7 13:26712 tv:0.000000 9D: STA abs,x
lcpuC PC:CCE9 (9D 00 7D) A:20 X:5B Y:CC P:05 S:FD mem:002A90F7 13:26707 tv:0.000001 9D: STA abs,x
lcpuC PC:CCEC (9D 00 7E) A:20 X:5B Y:CC P:05 S:FD mem:002A9117 13:26702 tv:0.000001 9D: STA abs,x
lcpuC PC:CCEF (9D 00 7F) A:20 X:5B Y:CC P:05 S:FD mem:002A9137 13:26697 tv:0.000000 9D: STA abs,x
lcpuC PC:CCF2 (E8 F0 70) A:20 X:5B Y:CC P:05 S:FD mem:002A9157 13:26692 tv:0.000007 E8: INX
lcpuC PC:CCF3 (F0 70 6C) A:20 X:5C Y:CC P:05 S:FD mem:002A9157 13:26690 tv:0.000000 F0: BEQ
lcpuC PC:CCF5 (6C 5D 03) A:20 X:5C Y:CC P:05 S:FD mem:002A9157 13:26688 tv:0.000000 6C: JMP ()
lcpuC PC:CCE6 (9D 00 7C) A:20 X:5C Y:CC P:05 S:FD mem:002A9157 13:26683 tv:0.000000 9D: STA abs,x
lcpuC PC:CCE9 (9D 00 7D) A:20 X:5C Y:CC P:05 S:FD mem:002A9177 13:26678 tv:0.000001 9D: STA abs,x
lcpuC PC:CCEC (9D 00 7E) A:20 X:5C Y:CC P:05 S:FD mem:002A9197 13:26673 tv:0.000001 9D: STA abs,x
lcpuC PC:CCEF (9D 00 7F) A:20 X:5C Y:CC P:05 S:FD mem:002A91B7 13:26668 tv:0.000001 9D: STA abs,x
lcpuC PC:CCF2 (E8 F0 70) A:20 X:5C Y:CC P:05 S:FD mem:002A91D7 13:26663 tv:0.000001 E8: INX
lcpuC PC:CCF3 (F0 70 6C) A:20 X:5D Y:CC P:05 S:FD mem:002A91D7 13:26661 tv:0.000000 F0: BEQ
lcpuC PC:CCF5 (6C 5D 03) A:20 X:5D Y:CC P:05 S:FD mem:002A91D7 13:26659 tv:0.000001 6C: JMP ()
lcpuC PC:CCE6 (9D 00 7C) A:20 X:5D Y:CC P:05 S:FD mem:002A91D7 13:26654 tv:0.000001 9D: STA abs,x
lcpuC PC:CCE9 (9D 00 7D) A:20 X:5D Y:CC P:05 S:FD mem:002A91F7 13:26649 tv:0.000001 9D: STA abs,x
lcpuC PC:CCEC (9D 00 7E) A:20 X:5D Y:CC P:05 S:FD mem:002A9217 13:26644 tv:0.000001 9D: STA abs,x
lcpuC PC:CCEF (9D 00 7F) A:20 X:5D Y:CC P:05 S:FD mem:002A9237 13:26639 tv:0.000001 9D: STA abs,x
lcpuC PC:CCF2 (E8 F0 70) A:20 X:5D Y:CC P:05 S:FD mem:002A9257 13:26634 tv:0.000001 E8: INX
lcpuC PC:CCF3 (F0 70 6C) A:20 X:5E Y:CC P:05 S:FD mem:002A9257 13:26632 tv:0.000000 F0: BEQ
lcpuC PC:CCF5 (6C 5D 03) A:20 X:5E Y:CC P:05 S:FD mem:002A9257 13:26630 tv:0.000001 6C: JMP ()
lcpuC PC:CCE6 (9D 00 7C) A:20 X:5E Y:CC P:05 S:FD mem:002A9257 13:26625 tv:0.000001 9D: STA abs,x
lcpuC PC:CCE9 (9D 00 7D) A:20 X:5E Y:CC P:05 S:FD mem:002A9277 13:26620 tv:0.000001 9D: STA abs,x
lcpuC PC:CCEC (9D 00 7E) A:20 X:5E Y:CC P:05 S:FD mem:002A9297 13:26615 tv:0.000001 9D: STA abs,x
lcpuC PC:CCEF (9D 00 7F) A:20 X:5E Y:CC P:05 S:FD mem:002A92B7 13:26610 tv:0.000001 9D: STA abs,x
lcpuC PC:CCF2 (E8 F0 70) A:20 X:5E Y:CC P:05 S:FD mem:002A92D7 13:26605 tv:0.000001 E8: INX
lcpuC PC:CCF3 (F0 70 6C) A:20 X:5F Y:CC P:05 S:FD mem:002A92D7 13:26603 tv:0.000000 F0: BEQ
lcpuC PC:CCF5 (6C 5D 03) A:20 X:5F Y:CC P:05 S:FD mem:002A92D7 13:26601 tv:0.000000 6C: JMP ()
lcpuC PC:CCE6 (9D 00 7C) A:20 X:5F Y:CC P:05 S:FD mem:002A92D7 13:26596 tv:0.000001 9D: STA abs,x
lcpuC PC:CCE9 (9D 00 7D) A:20 X:5F Y:CC P:05 S:FD mem:002A92F7 13:26591 tv:0.000001 9D: STA abs,x
lcpuC PC:CCEC (9D 00 7E) A:20 X:5F Y:CC P:05 S:FD mem:002A9317 13:26586 tv:0.000000 9D: STA abs,x
lcpuC PC:CCEF (9D 00 7F) A:20 X:5F Y:CC P:05 S:FD mem:002A9337 13:26581 tv:0.000000 9D: STA abs,x
lcpuC PC:CCF2 (E8 F0 70) A:20 X:5F Y:CC P:05 S:FD mem:002A9357 13:26576 tv:0.000001 E8: INX
lcpuC PC:CCF3 (F0 70 6C) A:20 X:60 Y:CC P:05 S:FD mem:002A9357 13:26574 tv:0.000001 F0: BEQ
lcpuC PC:CCF5 (6C 5D 03) A:20 X:60 Y:CC P:05 S:FD mem:002A9357 13:26572 tv:0.000001 6C: JMP ()
lcpuC PC:CCE6 (9D 00 7C) A:20 X:60 Y:CC P:05 S:FD mem:002A9357 13:26567 tv:0.000001 9D: STA abs,x
lcpuC PC:CCE9 (9D 00 7D) A:20 X:60 Y:CC P:05 S:FD mem:002A9377 13:26562 tv:0.000000 9D: STA abs,x
lcpuC PC:CCEC (9D 00 7E) A:20 X:60 Y:CC P:05 S:FD mem:002A9397 13:26557 tv:0.000000 9D: STA abs,x
lcpuC PC:CCEF (9D 00 7F) A:20 X:60 Y:CC P:05 S:FD mem:002A93B7 13:26552 tv:0.000000 9D: STA abs,x
lcpuC PC:CCF2 (E8 F0 70) A:20 X:60 Y:CC P:05 S:FD mem:002A93D7 13:26547 tv:0.000000 E8: INX
lcpuC PC:CCF3 (F0 70 6C) A:20 X:61 Y:CC P:05 S:FD mem:002A93D7 13:26545 tv:0.000001 F0: BEQ
lcpuC PC:CCF5 (6C 5D 03) A:20 X:61 Y:CC P:05 S:FD mem:002A93D7 13:26543 tv:0.000000 6C: JMP ()
lcpuC PC:CCE6 (9D 00 7C) A:20 X:61 Y:CC P:05 S:FD mem:002A93D7 13:26538 tv:0.000001 9D: STA abs,x
lcpuC PC:CCE9 (9D 00 7D) A:20 X:61 Y:CC P:05 S:FD mem:002A93F7 13:26533 tv:0.000001 9D: STA abs,x
lcpuC PC:CCEC (9D 00 7E) A:20 X:61 Y:CC P:05 S:FD mem:002A9417 13:26528 tv:0.000000 9D: STA abs,x
lcpuC PC:CCEF (9D 00 7F) A:20 X:61 Y:CC P:05 S:FD mem:002A9437 13:26523 tv:0.000001 9D: STA abs,x
lcpuC PC:CCF2 (E8 F0 70) A:20 X:61 Y:CC P:05 S:FD mem:002A9457 13:26518 tv:0.000001 E8: INX
lcpuC PC:CCF3 (F0 70 6C) A:20 X:62 Y:CC P:05 S:FD mem:002A9457 13:26516 tv:0.000001 F0: BEQ
lcpuC PC:CCF5 (6C 5D 03) A:20 X:62 Y:CC P:05 S:FD mem:002A9457 13:26514 tv:0.000000 6C: JMP ()
lcpuC PC:CCE6 (9D 00 7C) A:20 X:62 Y:CC P:05 S:FD mem:002A9457 13:26509 tv:0.000000 9D: STA abs,x
lcpuC PC:CCE9 (9D 00 7D) A:20 X:62 Y:CC P:05 S:FD mem:002A9477 13:26504 tv:0.000001 9D: STA abs,x
lcpuC PC:CCEC (9D 00 7E) A:20 X:62 Y:CC P:05 S:FD mem:002A9497 13:26499 tv:0.000000 9D: STA abs,x
lcpuC PC:CCEF (9D 00 7F) A:20 X:62 Y:CC P:05 S:FD mem:002A94B7 13:26494 tv:0.000000 9D: STA abs,x
lcpuC PC:CCF2 (E8 F0 70) A:20 X:62 Y:CC P:05 S:FD mem:002A94D7 13:26489 tv:0.000001 E8: INX
lcpuC PC:CCF3 (F0 70 6C) A:20 X:63 Y:CC P:05 S:FD mem:002A94D7 13:26487 tv:0.000000 F0: BEQ
lcpuC PC:CCF5 (6C 5D 03) A:20 X:63 Y:CC P:05 S:FD mem:002A94D7 13:26485 tv:0.000001 6C: JMP ()
lcpuC PC:CCE6 (9D 00 7C) A:20 X:63 Y:CC P:05 S:FD mem:002A94D7 13:26480 tv:0.000000 9D: STA abs,x
lcpuC PC:CCE9 (9D 00 7D) A:20 X:63 Y:CC P:05 S:FD mem:002A94F7 13:26475 tv:0.000000 9D: STA abs,x
lcpuC PC:CCEC (9D 00 7E) A:20 X:63 Y:CC P:05 S:FD mem:002A9517 13:26470 tv:0.000000 9D: STA abs,x
lcpuC PC:CCEF (9D 00 7F) A:20 X:63 Y:CC P:05 S:FD mem:002A9537 13:26465 tv:0.000001 9D: STA abs,x
lcpuC PC:CCF2 (E8 F0 70) A:20 X:63 Y:CC P:05 S:FD mem:002A9557 13:26460 tv:0.000001 E8: INX
lcpuC PC:CCF3 (F0 70 6C) A:20 X:64 Y:CC P:05 S:FD mem:002A9557 13:26458 tv:0.000001 F0: BEQ
lcpuC PC:CCF5 (6C 5D 03) A:20 X:64 Y:CC P:05 S:FD mem:002A9557 13:26456 tv:0.000000 6C: JMP ()
lcpuC PC:CCE6 (9D 00 7C) A:20 X:64 Y:CC P:05 S:FD mem:002A9557 13:26451 tv:0.000001 9D: STA abs,x
lcpuC PC:CCE9 (9D 00 7D) A:20 X:64 Y:CC P:05 S:FD mem:002A9577 13:26446 tv:0.000001 9D: STA abs,x
lcpuC PC:CCEC (9D 00 7E) A:20 X:64 Y:CC P:05 S:FD mem:002A9597 13:26441 tv:0.000001 9D: STA abs,x
lcpuC PC:CCEF (9D 00 7F) A:20 X:64 Y:CC P:05 S:FD mem:002A95B7 13:26436 tv:0.000007 9D: STA abs,x
lcpuC PC:CCF2 (E8 F0 70) A:20 X:64 Y:CC P:05 S:FD mem:002A95D7 13:26431 tv:0.000000 E8: INX
lcpuC PC:CCF3 (F0 70 6C) A:20 X:65 Y:CC P:05 S:FD mem:002A95D7 13:26429 tv:0.000000 F0: BEQ
lcpuC PC:CCF5 (6C 5D 03) A:20 X:65 Y:CC P:05 S:FD mem:002A95D7 13:26427 tv:0.000000 6C: JMP ()
lcpuC PC:CCE6 (9D 00 7C) A:20 X:65 Y:CC P:05 S:FD mem:002A95D7 13:26422 tv:0.000001 9D: STA abs,x
lcpuC PC:CCE9 (9D 00 7D) A:20 X:65 Y:CC P:05 S:FD mem:002A95F7 13:26417 tv:0.000000 9D: STA abs,x
lcpuC PC:CCEC (9D 00 7E) A:20 X:65 Y:CC P:05 S:FD mem:002A9617 13:26412 tv:0.000001 9D: STA abs,x
lcpuC PC:CCEF (9D 00 7F) A:20 X:65 Y:CC P:05 S:FD mem:002A9637 13:26407 tv:0.000000 9D: STA abs,x
lcpuC PC:CCF2 (E8 F0 70) A:20 X:65 Y:CC P:05 S:FD mem:002A9657 13:26402 tv:0.000000 E8: INX
lcpuC PC:CCF3 (F0 70 6C) A:20 X:66 Y:CC P:05 S:FD mem:002A9657 13:26400 tv:0.000000 F0: BEQ
lcpuC PC:CCF5 (6C 5D 03) A:20 X:66 Y:CC P:05 S:FD mem:002A9657 13:26398 tv:0.000000 6C: JMP ()
lcpuC PC:CCE6 (9D 00 7C) A:20 X:66 Y:CC P:05 S:FD mem:002A9657 13:26393 tv:0.000001 9D: STA abs,x
lcpuC PC:CCE9 (9D 00 7D) A:20 X:66 Y:CC P:05 S:FD mem:002A9677 13:26388 tv:0.000000 9D: STA abs,x
lcpuC PC:CCEC (9D 00 7E) A:20 X:66 Y:CC P:05 S:FD mem:002A9697 13:26383 tv:0.000001 9D: STA abs,x
lcpuC PC:CCEF (9D 00 7F) A:20 X:66 Y:CC P:05 S:FD mem:002A96B7 13:26378 tv:0.000001 9D: STA abs,x
lcpuC PC:CCF2 (E8 F0 70) A:20 X:66 Y:CC P:05 S:FD mem:002A96D7 13:26373 tv:0.000001 E8: INX
lcpuC PC:CCF3 (F0 70 6C) A:20 X:67 Y:CC P:05 S:FD mem:002A96D7 13:26371 tv:0.000001 F0: BEQ
lcpuC PC:CCF5 (6C 5D 03) A:20 X:67 Y:CC P:05 S:FD mem:002A96D7 13:26369 tv:0.000001 6C: JMP ()
lcpuC PC:CCE6 (9D 00 7C) A:20 X:67 Y:CC P:05 S:FD mem:002A96D7 13:26364 tv:0.000001 9D: STA abs,x
lcpuC PC:CCE9 (9D 00 7D) A:20 X:67 Y:CC P:05 S:FD mem:002A96F7 13:26359 tv:0.000001 9D: STA abs,x
lcpuC PC:CCEC (9D 00 7E) A:20 X:67 Y:CC P:05 S:FD mem:002A9717 13:26354 tv:0.000001 9D: STA abs,x
lcpuC PC:CCEF (9D 00 7F) A:20 X:67 Y:CC P:05 S:FD mem:002A9737 13:26349 tv:0.000001 9D: STA abs,x
lcpuC PC:CCF2 (E8 F0 70) A:20 X:67 Y:CC P:05 S:FD mem:002A9757 13:26344 tv:0.000001 E8: INX
lcpuC PC:CCF3 (F0 70 6C) A:20 X:68 Y:CC P:05 S:FD mem:002A9757 13:26342 tv:0.000001 F0: BEQ
lcpuC PC:CCF5 (6C 5D 03) A:20 X:68 Y:CC P:05 S:FD mem:002A9757 13:26340 tv:0.000001 6C: JMP ()
lcpuC PC:CCE6 (9D 00 7C) A:20 X:68 Y:CC P:05 S:FD mem:002A9757 13:26335 tv:0.000001 9D: STA abs,x
lcpuC PC:CCE9 (9D 00 7D) A:20 X:68 Y:CC P:05 S:FD mem:002A9777 13:26330 tv:0.000001 9D: STA abs,x
lcpuC PC:CCEC (9D 00 7E) A:20 X:68 Y:CC P:05 S:FD mem:002A9797 13:26325 tv:0.000001 9D: STA abs,x
lcpuC PC:CCEF (9D 00 7F) A:20 X:68 Y:CC P:05 S:FD mem:002A97B7 13:26320 tv:0.000001 9D: STA abs,x
lcpuC PC:CCF2 (E8 F0 70) A:20 X:68 Y:CC P:05 S:FD mem:002A97D7 13:26315 tv:0.000000 E8: INX
lcpuC PC:CCF3 (F0 70 6C) A:20 X:69 Y:CC P:05 S:FD mem:002A97D7 13:26313 tv:0.000001 F0: BEQ
lcpuC PC:CCF5 (6C 5D 03) A:20 X:69 Y:CC P:05 S:FD mem:002A97D7 13:26311 tv:0.000000 6C: JMP ()
lcpuC PC:CCE6 (9D 00 7C) A:20 X:69 Y:CC P:05 S:FD mem:002A97D7 13:26306 tv:0.000001 9D: STA abs,x
lcpuC PC:CCE9 (9D 00 7D) A:20 X:69 Y:CC P:05 S:FD mem:002A97F7 13:26301 tv:0.000001 9D: STA abs,x
lcpuC PC:CCEC (9D 00 7E) A:20 X:69 Y:CC P:05 S:FD mem:002A9817 13:26296 tv:0.000000 9D: STA abs,x
lcpuC PC:CCEF (9D 00 7F) A:20 X:69 Y:CC P:05 S:FD mem:002A9837 13:26291 tv:0.000001 9D: STA abs,x
lcpuC PC:CCF2 (E8 F0 70) A:20 X:69 Y:CC P:05 S:FD mem:002A9857 13:26286 tv:0.000001 E8: INX
lcpuC PC:CCF3 (F0 70 6C) A:20 X:6A Y:CC P:05 S:FD mem:002A9857 13:26284 tv:0.000001 F0: BEQ
lcpuC PC:CCF5 (6C 5D 03) A:20 X:6A Y:CC P:05 S:FD mem:002A9857 13:26282 tv:0.000000 6C: JMP ()
lcpuC PC:CCE6 (9D 00 7C) A:20 X:6A Y:CC P:05 S:FD mem:002A9857 13:26277 tv:0.000001 9D: STA abs,x
lcpuC PC:CCE9 (9D 00 7D) A:20 X:6A Y:CC P:05 S:FD mem:002A9877 13:26272 tv:0.000001 9D: STA abs,x
lcpuC PC:CCEC (9D 00 7E) A:20 X:6A Y:CC P:05 S:FD mem:002A9897 13:26267 tv:0.000001 9D: STA abs,x
lcpuC PC:CCEF (9D 00 7F) A:20 X:6A Y:CC P:05 S:FD mem:002A98B7 13:26262 tv:0.000001 9D: STA abs,x
lcpuC PC:CCF2 (E8 F0 70) A:20 X:6A Y:CC P:05 S:FD mem:002A98D7 13:26257 tv:0.000001 E8: INX
lcpuC PC:CCF3 (F0 70 6C) A:20 X:6B Y:CC P:05 S:FD mem:002A98D7 13:26255 tv:0.000000 F0: BEQ
lcpuC PC:CCF5 (6C 5D 03) A:20 X:6B Y:CC P:05 S:FD mem:002A98D7 13:26253 tv:0.000000 6C: JMP ()
lcpuC PC:CCE6 (9D 00 7C) A:20 X:6B Y:CC P:05 S:FD mem:002A98D7 13:26248 tv:0.000001 9D: STA abs,x
lcpuC PC:CCE9 (9D 00 7D) A:20 X:6B Y:CC P:05 S:FD mem:002A98F7 13:26243 tv:0.000001 9D: STA abs,x
lcpuC PC:CCEC (9D 00 7E) A:20 X:6B Y:CC P:05 S:FD mem:002A9917 13:26238 tv:0.000001 9D: STA abs,x
lcpuC PC:CCEF (9D 00 7F) A:20 X:6B Y:CC P:05 S:FD mem:002A9937 13:26233 tv:0.000001 9D: STA abs,x
lcpuC PC:CCF2 (E8 F0 70) A:20 X:6B Y:CC P:05 S:FD mem:002A9957 13:26228 tv:0.000001 E8: INX
lcpuC PC:CCF3 (F0 70 6C) A:20 X:6C Y:CC P:05 S:FD mem:002A9957 13:26226 tv:0.000001 F0: BEQ
lcpuC PC:CCF5 (6C 5D 03) A:20 X:6C Y:CC P:05 S:FD mem:002A9957 13:26224 tv:0.000001 6C: JMP ()
lcpuC PC:CCE6 (9D 00 7C) A:20 X:6C Y:CC P:05 S:FD mem:002A9957 13:26219 tv:0.000000 9D: STA abs,x
lcpuC PC:CCE9 (9D 00 7D) A:20 X:6C Y:CC P:05 S:FD mem:002A9977 13:26214 tv:0.000001 9D: STA abs,x
lcpuC PC:CCEC (9D 00 7E) A:20 X:6C Y:CC P:05 S:FD mem:002A9997 13:26209 tv:0.000001 9D: STA abs,x
lcpuC PC:CCEF (9D 00 7F) A:20 X:6C Y:CC P:05 S:FD mem:002A99B7 13:26204 tv:0.000000 9D: STA abs,x
lcpuC PC:CCF2 (E8 F0 70) A:20 X:6C Y:CC P:05 S:FD mem:002A99D7 13:26199 tv:0.000000 E8: INX
lcpuC PC:CCF3 (F0 70 6C) A:20 X:6D Y:CC P:05 S:FD mem:002A99D7 13:26197 tv:0.000000 F0: BEQ
lcpuC PC:CCF5 (6C 5D 03) A:20 X:6D Y:CC P:05 S:FD mem:002A99D7 13:26195 tv:0.000001 6C: JMP ()
lcpuC PC:CCE6 (9D 00 7C) A:20 X:6D Y:CC P:05 S:FD mem:002A99D7 13:26190 tv:0.000001 9D: STA abs,x
lcpuC PC:CCE9 (9D 00 7D) A:20 X:6D Y:CC P:05 S:FD mem:002A99F7 13:26185 tv:0.000000 9D: STA abs,x
lcpuC PC:CCEC (9D 00 7E) A:20 X:6D Y:CC P:05 S:FD mem:002A9A17 13:26180 tv:0.000007 9D: STA abs,x
lcpuC PC:CCEF (9D 00 7F) A:20 X:6D Y:CC P:05 S:FD mem:002A9A37 13:26175 tv:0.000000 9D: STA abs,x
lcpuC PC:CCF2 (E8 F0 70) A:20 X:6D Y:CC P:05 S:FD mem:002A9A57 13:26170 tv:0.000001 E8: INX
lcpuC PC:CCF3 (F0 70 6C) A:20 X:6E Y:CC P:05 S:FD mem:002A9A57 13:26168 tv:0.000000 F0: BEQ
lcpuC PC:CCF5 (6C 5D 03) A:20 X:6E Y:CC P:05 S:FD mem:002A9A57 13:26166 tv:0.000000 6C: JMP ()
lcpuC PC:CCE6 (9D 00 7C) A:20 X:6E Y:CC P:05 S:FD mem:002A9A57 13:26161 tv:0.000000 9D: STA abs,x
lcpuC PC:CCE9 (9D 00 7D) A:20 X:6E Y:CC P:05 S:FD mem:002A9A77 13:26156 tv:0.000000 9D: STA abs,x
lcpuC PC:CCEC (9D 00 7E) A:20 X:6E Y:CC P:05 S:FD mem:002A9A97 13:26151 tv:0.000000 9D: STA abs,x
lcpuC PC:CCEF (9D 00 7F) A:20 X:6E Y:CC P:05 S:FD mem:002A9AB7 13:26146 tv:0.000000 9D: STA abs,x
lcpuC PC:CCF2 (E8 F0 70) A:20 X:6E Y:CC P:05 S:FD mem:002A9AD7 13:26141 tv:0.000001 E8: INX
lcpuC PC:CCF3 (F0 70 6C) A:20 X:6F Y:CC P:05 S:FD mem:002A9AD7 13:26139 tv:0.000000 F0: BEQ
lcpuC PC:CCF5 (6C 5D 03) A:20 X:6F Y:CC P:05 S:FD mem:002A9AD7 13:26137 tv:0.000001 6C: JMP ()
lcpuC PC:CCE6 (9D 00 7C) A:20 X:6F Y:CC P:05 S:FD mem:002A9AD7 13:26132 tv:0.000001 9D: STA abs,x
lcpuC PC:CCE9 (9D 00 7D) A:20 X:6F Y:CC P:05 S:FD mem:002A9AF7 13:26127 tv:0.000001 9D: STA abs,x
lcpuC PC:CCEC (9D 00 7E) A:20 X:6F Y:CC P:05 S:FD mem:002A9B17 13:26122 tv:0.000001 9D: STA abs,x
lcpuC PC:CCEF (9D 00 7F) A:20 X:6F Y:CC P:05 S:FD mem:002A9B37 13:26117 tv:0.000000 9D: STA abs,x
lcpuC PC:CCF2 (E8 F0 70) A:20 X:6F Y:CC P:05 S:FD mem:002A9B57 13:26112 tv:0.000001 E8: INX
lcpuC PC:CCF3 (F0 70 6C) A:20 X:70 Y:CC P:05 S:FD mem:002A9B57 13:26110 tv:0.000001 F0: BEQ
lcpuC PC:CCF5 (6C 5D 03) A:20 X:70 Y:CC P:05 S:FD mem:002A9B57 13:26108 tv:0.000000 6C: JMP ()
lcpuC PC:CCE6 (9D 00 7C) A:20 X:70 Y:CC P:05 S:FD mem:002A9B57 13:26103 tv:0.000001 9D: STA abs,x
lcpuC PC:CCE9 (9D 00 7D) A:20 X:70 Y:CC P:05 S:FD mem:002A9B77 13:26098 tv:0.000000 9D: STA abs,x
lcpuC PC:CCEC (9D 00 7E) A:20 X:70 Y:CC P:05 S:FD mem:002A9B97 13:26093 tv:0.000001 9D: STA abs,x
lcpuC PC:CCEF (9D 00 7F) A:20 X:70 Y:CC P:05 S:FD mem:002A9BB7 13:26088 tv:0.000000 9D: STA abs,x
lcpuC PC:CCF2 (E8 F0 70) A:20 X:70 Y:CC P:05 S:FD mem:002A9BD7 13:26083 tv:0.000000 E8: INX
lcpuC PC:CCF3 (F0 70 6C) A:20 X:71 Y:CC P:05 S:FD mem:002A9BD7 13:26081 tv:0.000000 F0: BEQ
lcpuC PC:CCF5 (6C 5D 03) A:20 X:71 Y:CC P:05 S:FD mem:002A9BD7 13:26079 tv:0.000001 6C: JMP ()
lcpuC PC:CCE6 (9D 00 7C) A:20 X:71 Y:CC P:05 S:FD mem:002A9BD7 13:26074 tv:0.000001 9D: STA abs,x
lcpuC PC:CCE9 (9D 00 7D) A:20 X:71 Y:CC P:05 S:FD mem:002A9BF7 13:26069 tv:0.000001 9D: STA abs,x
lcpuC PC:CCEC (9D 00 7E) A:20 X:71 Y:CC P:05 S:FD mem:002A9C17 13:26064 tv:0.000000 9D: STA abs,x
lcpuC PC:CCEF (9D 00 7F) A:20 X:71 Y:CC P:05 S:FD mem:002A9C37 13:26059 tv:0.000000 9D: STA abs,x
lcpuC PC:CCF2 (E8 F0 70) A:20 X:71 Y:CC P:05 S:FD mem:002A9C57 13:26054 tv:0.000001 E8: INX
lcpuC PC:CCF3 (F0 70 6C) A:20 X:72 Y:CC P:05 S:FD mem:002A9C57 13:26052 tv:0.000000 F0: BEQ
lcpuC PC:CCF5 (6C 5D 03) A:20 X:72 Y:CC P:05 S:FD mem:002A9C57 13:26050 tv:0.000001 6C: JMP ()
lcpuC PC:CCE6 (9D 00 7C) A:20 X:72 Y:CC P:05 S:FD mem:002A9C57 13:26045 tv:0.000000 9D: STA abs,x
lcpuC PC:CCE9 (9D 00 7D) A:20 X:72 Y:CC P:05 S:FD mem:002A9C77 13:26040 tv:0.000001 9D: STA abs,x
lcpuC PC:CCEC (9D 00 7E) A:20 X:72 Y:CC P:05 S:FD mem:002A9C97 13:26035 tv:0.000000 9D: STA abs,x
lcpuC PC:CCEF (9D 00 7F) A:20 X:72 Y:CC P:05 S:FD mem:002A9CB7 13:26030 tv:0.000000 9D: STA abs,x
lcpuC PC:CCF2 (E8 F0 70) A:20 X:72 Y:CC P:05 S:FD mem:002A9CD7 13:26025 tv:0.000000 E8: INX
lcpuC PC:CCF3 (F0 70 6C) A:20 X:73 Y:CC P:05 S:FD mem:002A9CD7 13:26023 tv:0.000001 F0: BEQ
lcpuC PC:CCF5 (6C 5D 03) A:20 X:73 Y:CC P:05 S:FD mem:002A9CD7 13:26021 tv:0.000000 6C: JMP ()
lcpuC PC:CCE6 (9D 00 7C) A:20 X:73 Y:CC P:05 S:FD mem:002A9CD7 13:26016 tv:0.000000 9D: STA abs,x
lcpuC PC:CCE9 (9D 00 7D) A:20 X:73 Y:CC P:05 S:FD mem:002A9CF7 13:26011 tv:0.000001 9D: STA abs,x
lcpuC PC:CCEC (9D 00 7E) A:20 X:73 Y:CC P:05 S:FD mem:002A9D17 13:26006 tv:0.000001 9D: STA abs,x
lcpuC PC:CCEF (9D 00 7F) A:20 X:73 Y:CC P:05 S:FD mem:002A9D37 13:26001 tv:0.000001 9D: STA abs,x
lcpuC PC:CCF2 (E8 F0 70) A:20 X:73 Y:CC P:05 S:FD mem:002A9D57 13:25996 tv:0.000000 E8: INX
lcpuC PC:CCF3 (F0 70 6C) A:20 X:74 Y:CC P:05 S:FD mem:002A9D57 13:25994 tv:0.000000 F0: BEQ
lcpuC PC:CCF5 (6C 5D 03) A:20 X:74 Y:CC P:05 S:FD mem:002A9D57 13:25992 tv:0.000000 6C: JMP ()
lcpuC PC:CCE6 (9D 00 7C) A:20 X:74 Y:CC P:05 S:FD mem:002A9D57 13:25987 tv:0.000001 9D: STA abs,x
lcpuC PC:CCE9 (9D 00 7D) A:20 X:74 Y:CC P:05 S:FD mem:002A9D77 13:25982 tv:0.000001 9D: STA abs,x
lcpuC PC:CCEC (9D 00 7E) A:20 X:74 Y:CC P:05 S:FD mem:002A9D97 13:25977 tv:0.000000 9D: STA abs,x
lcpuC PC:CCEF (9D 00 7F) A:20 X:74 Y:CC P:05 S:FD mem:002A9DB7 13:25972 tv:0.000000 9D: STA abs,x
lcpuC PC:CCF2 (E8 F0 70) A:20 X:74 Y:CC P:05 S:FD mem:002A9DD7 13:25967 tv:0.000001 E8: INX
lcpuC PC:CCF3 (F0 70 6C) A:20 X:75 Y:CC P:05 S:FD mem:002A9DD7 13:25965 tv:0.000001 F0: BEQ
lcpuC PC:CCF5 (6C 5D 03) A:20 X:75 Y:CC P:05 S:FD mem:002A9DD7 13:25963 tv:0.000001 6C: JMP ()
lcpuC PC:CCE6 (9D 00 7C) A:20 X:75 Y:CC P:05 S:FD mem:002A9DD7 13:25958 tv:0.000000 9D: STA abs,x
lcpuC PC:CCE9 (9D 00 7D) A:20 X:75 Y:CC P:05 S:FD mem:002A9DF7 13:25953 tv:0.000001 9D: STA abs,x
lcpuC PC:CCEC (9D 00 7E) A:20 X:75 Y:CC P:05 S:FD mem:002A9E17 13:25948 tv:0.000000 9D: STA abs,x
lcpuC PC:CCEF (9D 00 7F) A:20 X:75 Y:CC P:05 S:FD mem:002A9E37 13:25943 tv:0.000000 9D: STA abs,x
lcpuC PC:CCF2 (E8 F0 70) A:20 X:75 Y:CC P:05 S:FD mem:002A9E57 13:25938 tv:0.000000 E8: INX
lcpuC PC:CCF3 (F0 70 6C) A:20 X:76 Y:CC P:05 S:FD mem:002A9E57 13:25936 tv:0.000000 F0: BEQ
lcpuC PC:CCF5 (6C 5D 03) A:20 X:76 Y:CC P:05 S:FD mem:002A9E57 13:25934 tv:0.000000 6C: JMP ()
lcpuC PC:CCE6 (9D 00 7C) A:20 X:76 Y:CC P:05 S:FD mem:002A9E57 13:25929 tv:0.000000 9D: STA abs,x
lcpuC PC:CCE9 (9D 00 7D) A:20 X:76 Y:CC P:05 S:FD mem:002A9E77 13:25924 tv:0.000006 9D: STA abs,x
lcpuC PC:CCEC (9D 00 7E) A:20 X:76 Y:CC P:05 S:FD mem:002A9E97 13:25919 tv:0.000001 9D: STA abs,x
lcpuC PC:CCEF (9D 00 7F) A:20 X:76 Y:CC P:05 S:FD mem:002A9EB7 13:25914 tv:0.000001 9D: STA abs,x
lcpuC PC:CCF2 (E8 F0 70) A:20 X:76 Y:CC P:05 S:FD mem:002A9ED7 13:25909 tv:0.000001 E8: INX
lcpuC PC:CCF3 (F0 70 6C) A:20 X:77 Y:CC P:05 S:FD mem:002A9ED7 13:25907 tv:0.000001 F0: BEQ
lcpuC PC:CCF5 (6C 5D 03) A:20 X:77 Y:CC P:05 S:FD mem:002A9ED7 13:25905 tv:0.000001 6C: JMP ()
lcpuC PC:CCE6 (9D 00 7C) A:20 X:77 Y:CC P:05 S:FD mem:002A9ED7 13:25900 tv:0.000001 9D: STA abs,x
lcpuC PC:CCE9 (9D 00 7D) A:20 X:77 Y:CC P:05 S:FD mem:002A9EF7 13:25895 tv:0.000001 9D: STA abs,x
lcpuC PC:CCEC (9D 00 7E) A:20 X:77 Y:CC P:05 S:FD mem:002A9F17 13:25890 tv:0.000000 9D: STA abs,x
lcpuC PC:CCEF (9D 00 7F) A:20 X:77 Y:CC P:05 S:FD mem:002A9F37 13:25885 tv:0.000001 9D: STA abs,x
lcpuC PC:CCF2 (E8 F0 70) A:20 X:77 Y:CC P:05 S:FD mem:002A9F57 13:25880 tv:0.000001 E8: INX
lcpuC PC:CCF3 (F0 70 6C) A:20 X:78 Y:CC P:05 S:FD mem:002A9F57 13:25878 tv:0.000000 F0: BEQ
lcpuC PC:CCF5 (6C 5D 03) A:20 X:78 Y:CC P:05 S:FD mem:002A9F57 13:25876 tv:0.000000 6C: JMP ()
lcpuC PC:CCE6 (9D 00 7C) A:20 X:78 Y:CC P:05 S:FD mem:002A9F57 13:25871 tv:0.000001 9D: STA abs,x
lcpuC PC:CCE9 (9D 00 7D) A:20 X:78 Y:CC P:05 S:FD mem:002A9F77 13:25866 tv:0.000001 9D: STA abs,x
lcpuC PC:CCEC (9D 00 7E) A:20 X:78 Y:CC P:05 S:FD mem:002A9F97 13:25861 tv:0.000001 9D: STA abs,x
lcpuC PC:CCEF (9D 00 7F) A:20 X:78 Y:CC P:05 S:FD mem:002A9FB7 13:25856 tv:0.000000 9D: STA abs,x
lcpuC PC:CCF2 (E8 F0 70) A:20 X:78 Y:CC P:05 S:FD mem:002A9FD7 13:25851 tv:0.000001 E8: INX
lcpuC PC:CCF3 (F0 70 6C) A:20 X:79 Y:CC P:05 S:FD mem:002A9FD7 13:25849 tv:0.000001 F0: BEQ
lcpuC PC:CCF5 (6C 5D 03) A:20 X:79 Y:CC P:05 S:FD mem:002A9FD7 13:25847 tv:0.000000 6C: JMP ()
lcpuC PC:CCE6 (9D 00 7C) A:20 X:79 Y:CC P:05 S:FD mem:002A9FD7 13:25842 tv:0.000000 9D: STA abs,x
lcpuC PC:CCE9 (9D 00 7D) A:20 X:79 Y:CC P:05 S:FD mem:002A9FF7 13:25837 tv:0.000001 9D: STA abs,x
lcpuC PC:CCEC (9D 00 7E) A:20 X:79 Y:CC P:05 S:FD mem:002AA017 13:25832 tv:0.000000 9D: STA abs,x
lcpuC PC:CCEF (9D 00 7F) A:20 X:79 Y:CC P:05 S:FD mem:002AA037 13:25827 tv:0.000001 9D: STA abs,x
lcpuC PC:CCF2 (E8 F0 70) A:20 X:79 Y:CC P:05 S:FD mem:002AA057 13:25822 tv:0.000000 E8: INX
lcpuC PC:CCF3 (F0 70 6C) A:20 X:7A Y:CC P:05 S:FD mem:002AA057 13:25820 tv:0.000000 F0: BEQ
lcpuC PC:CCF5 (6C 5D 03) A:20 X:7A Y:CC P:05 S:FD mem:002AA057 13:25818 tv:0.000001 6C: JMP ()
lcpuC PC:CCE6 (9D 00 7C) A:20 X:7A Y:CC P:05 S:FD mem:002AA057 13:25813 tv:0.000001 9D: STA abs,x
lcpuC PC:CCE9 (9D 00 7D) A:20 X:7A Y:CC P:05 S:FD mem:002AA077 13:25808 tv:0.000001 9D: STA abs,x
lcpuC PC:CCEC (9D 00 7E) A:20 X:7A Y:CC P:05 S:FD mem:002AA097 13:25803 tv:0.000000 9D: STA abs,x
lcpuC PC:CCEF (9D 00 7F) A:20 X:7A Y:CC P:05 S:FD mem:002AA0B7 13:25798 tv:0.000000 9D: STA abs,x
lcpuC PC:CCF2 (E8 F0 70) A:20 X:7A Y:CC P:05 S:FD mem:002AA0D7 13:25793 tv:0.000000 E8: INX
lcpuC PC:CCF3 (F0 70 6C) A:20 X:7B Y:CC P:05 S:FD mem:002AA0D7 13:25791 tv:0.000000 F0: BEQ
lcpuC PC:CCF5 (6C 5D 03) A:20 X:7B Y:CC P:05 S:FD mem:002AA0D7 13:25789 tv:0.000000 6C: JMP ()
lcpuC PC:CCE6 (9D 00 7C) A:20 X:7B Y:CC P:05 S:FD mem:002AA0D7 13:25784 tv:0.000001 9D: STA abs,x
lcpuC PC:CCE9 (9D 00 7D) A:20 X:7B Y:CC P:05 S:FD mem:002AA0F7 13:25779 tv:0.000000 9D: STA abs,x
lcpuC PC:CCEC (9D 00 7E) A:20 X:7B Y:CC P:05 S:FD mem:002AA117 13:25774 tv:0.000000 9D: STA abs,x
lcpuC PC:CCEF (9D 00 7F) A:20 X:7B Y:CC P:05 S:FD mem:002AA137 13:25769 tv:0.000001 9D: STA abs,x
lcpuC PC:CCF2 (E8 F0 70) A:20 X:7B Y:CC P:05 S:FD mem:002AA157 13:25764 tv:0.000000 E8: INX
lcpuC PC:CCF3 (F0 70 6C) A:20 X:7C Y:CC P:05 S:FD mem:002AA157 13:25762 tv:0.000001 F0: BEQ
lcpuC PC:CCF5 (6C 5D 03) A:20 X:7C Y:CC P:05 S:FD mem:002AA157 13:25760 tv:0.000000 6C: JMP ()
lcpuC PC:CCE6 (9D 00 7C) A:20 X:7C Y:CC P:05 S:FD mem:002AA157 13:25755 tv:0.000000 9D: STA abs,x
lcpuC PC:CCE9 (9D 00 7D) A:20 X:7C Y:CC P:05 S:FD mem:002AA177 13:25750 tv:0.000001 9D: STA abs,x
lcpuC PC:CCEC (9D 00 7E) A:20 X:7C Y:CC P:05 S:FD mem:002AA197 13:25745 tv:0.000001 9D: STA abs,x
lcpuC PC:CCEF (9D 00 7F) A:20 X:7C Y:CC P:05 S:FD mem:002AA1B7 13:25740 tv:0.000001 9D: STA abs,x
lcpuC PC:CCF2 (E8 F0 70) A:20 X:7C Y:CC P:05 S:FD mem:002AA1D7 13:25735 tv:0.000001 E8: INX
lcpuC PC:CCF3 (F0 70 6C) A:20 X:7D Y:CC P:05 S:FD mem:002AA1D7 13:25733 tv:0.000000 F0: BEQ
lcpuC PC:CCF5 (6C 5D 03) A:20 X:7D Y:CC P:05 S:FD mem:002AA1D7 13:25731 tv:0.000000 6C: JMP ()
lcpuC PC:CCE6 (9D 00 7C) A:20 X:7D Y:CC P:05 S:FD mem:002AA1D7 13:25726 tv:0.000000 9D: STA abs,x
lcpuC PC:CCE9 (9D 00 7D) A:20 X:7D Y:CC P:05 S:FD mem:002AA1F7 13:25721 tv:0.000001 9D: STA abs,x
lcpuC PC:CCEC (9D 00 7E) A:20 X:7D Y:CC P:05 S:FD mem:002AA217 13:25716 tv:0.000001 9D: STA abs,x
lcpuC PC:CCEF (9D 00 7F) A:20 X:7D Y:CC P:05 S:FD mem:002AA237 13:25711 tv:0.000001 9D: STA abs,x
lcpuC PC:CCF2 (E8 F0 70) A:20 X:7D Y:CC P:05 S:FD mem:002AA257 13:25706 tv:0.000001 E8: INX
lcpuC PC:CCF3 (F0 70 6C) A:20 X:7E Y:CC P:05 S:FD mem:002AA257 13:25704 tv:0.000001 F0: BEQ
lcpuC PC:CCF5 (6C 5D 03) A:20 X:7E Y:CC P:05 S:FD mem:002AA257 13:25702 tv:0.000000 6C: JMP ()
lcpuC PC:CCE6 (9D 00 7C) A:20 X:7E Y:CC P:05 S:FD mem:002AA257 13:25697 tv:0.000001 9D: STA abs,x
lcpuC PC:CCE9 (9D 00 7D) A:20 X:7E Y:CC P:05 S:FD mem:002AA277 13:25692 tv:0.000000 9D: STA abs,x
lcpuC PC:CCEC (9D 00 7E) A:20 X:7E Y:CC P:05 S:FD mem:002AA297 13:25687 tv:0.000000 9D: STA abs,x
lcpuC PC:CCEF (9D 00 7F) A:20 X:7E Y:CC P:05 S:FD mem:002AA2B7 13:25682 tv:0.000000 9D: STA abs,x
lcpuC PC:CCF2 (E8 F0 70) A:20 X:7E Y:CC P:05 S:FD mem:002AA2D7 13:25677 tv:0.000001 E8: INX
lcpuC PC:CCF3 (F0 70 6C) A:20 X:7F Y:CC P:05 S:FD mem:002AA2D7 13:25675 tv:0.000001 F0: BEQ
lcpuC PC:CCF5 (6C 5D 03) A:20 X:7F Y:CC P:05 S:FD mem:002AA2D7 13:25673 tv:0.000000 6C: JMP ()
lcpuC PC:CCE6 (9D 00 7C) A:20 X:7F Y:CC P:05 S:FD mem:002AA2D7 13:25668 tv:0.000006 9D: STA abs,x
lcpuC PC:CCE9 (9D 00 7D) A:20 X:7F Y:CC P:05 S:FD mem:002AA2F7 13:25663 tv:0.000001 9D: STA abs,x
lcpuC PC:CCEC (9D 00 7E) A:20 X:7F Y:CC P:05 S:FD mem:002AA317 13:25658 tv:0.000001 9D: STA abs,x
lcpuC PC:CCEF (9D 00 7F) A:20 X:7F Y:CC P:05 S:FD mem:002AA337 13:25653 tv:0.000001 9D: STA abs,x
lcpuC PC:CCF2 (E8 F0 70) A:20 X:7F Y:CC P:05 S:FD mem:002AA357 13:25648 tv:0.000000 E8: INX
lcpuC PC:CCF3 (F0 70 6C) A:20 X:80 Y:CC P:85 S:FD mem:002AA357 13:25646 tv:0.000001 F0: BEQ
lcpuC PC:CCF5 (6C 5D 03) A:20 X:80 Y:CC P:85 S:FD mem:002AA357 13:25644 tv:0.000000 6C: JMP ()
lcpuC PC:CCE6 (9D 00 7C) A:20 X:80 Y:CC P:85 S:FD mem:002AA357 13:25639 tv:0.000001 9D: STA abs,x
lcpuC PC:CCE9 (9D 00 7D) A:20 X:80 Y:CC P:85 S:FD mem:002AA377 13:25634 tv:0.000000 9D: STA abs,x
lcpuC PC:CCEC (9D 00 7E) A:20 X:80 Y:CC P:85 S:FD mem:002AA397 13:25629 tv:0.000001 9D: STA abs,x
lcpuC PC:CCEF (9D 00 7F) A:20 X:80 Y:CC P:85 S:FD mem:002AA3B7 13:25624 tv:0.000001 9D: STA abs,x
lcpuC PC:CCF2 (E8 F0 70) A:20 X:80 Y:CC P:85 S:FD mem:002AA3D7 13:25619 tv:0.000001 E8: INX
lcpuC PC:CCF3 (F0 70 6C) A:20 X:81 Y:CC P:85 S:FD mem:002AA3D7 13:25617 tv:0.000000 F0: BEQ
lcpuC PC:CCF5 (6C 5D 03) A:20 X:81 Y:CC P:85 S:FD mem:002AA3D7 13:25615 tv:0.000001 6C: JMP ()
lcpuC PC:CCE6 (9D 00 7C) A:20 X:81 Y:CC P:85 S:FD mem:002AA3D7 13:25610 tv:0.000001 9D: STA abs,x
lcpuC PC:CCE9 (9D 00 7D) A:20 X:81 Y:CC P:85 S:FD mem:002AA3F7 13:25605 tv:0.000000 9D: STA abs,x
lcpuC PC:CCEC (9D 00 7E) A:20 X:81 Y:CC P:85 S:FD mem:002AA417 13:25600 tv:0.000001 9D: STA abs,x
lcpuC PC:CCEF (9D 00 7F) A:20 X:81 Y:CC P:85 S:FD mem:002AA437 13:25595 tv:0.000001 9D: STA abs,x
lcpuC PC:CCF2 (E8 F0 70) A:20 X:81 Y:CC P:85 S:FD mem:002AA457 13:25590 tv:0.000001 E8: INX
lcpuC PC:CCF3 (F0 70 6C) A:20 X:82 Y:CC P:85 S:FD mem:002AA457 13:25588 tv:0.000001 F0: BEQ
lcpuC PC:CCF5 (6C 5D 03) A:20 X:82 Y:CC P:85 S:FD mem:002AA457 13:25586 tv:0.000001 6C: JMP ()
lcpuC PC:CCE6 (9D 00 7C) A:20 X:82 Y:CC P:85 S:FD mem:002AA457 13:25581 tv:0.000000 9D: STA abs,x
lcpuC PC:CCE9 (9D 00 7D) A:20 X:82 Y:CC P:85 S:FD mem:002AA477 13:25576 tv:0.000000 9D: STA abs,x
lcpuC PC:CCEC (9D 00 7E) A:20 X:82 Y:CC P:85 S:FD mem:002AA497 13:25571 tv:0.000000 9D: STA abs,x
lcpuC PC:CCEF (9D 00 7F) A:20 X:82 Y:CC P:85 S:FD mem:002AA4B7 13:25566 tv:0.000000 9D: STA abs,x
lcpuC PC:CCF2 (E8 F0 70) A:20 X:82 Y:CC P:85 S:FD mem:002AA4D7 13:25561 tv:0.000001 E8: INX
lcpuC PC:CCF3 (F0 70 6C) A:20 X:83 Y:CC P:85 S:FD mem:002AA4D7 13:25559 tv:0.000000 F0: BEQ
lcpuC PC:CCF5 (6C 5D 03) A:20 X:83 Y:CC P:85 S:FD mem:002AA4D7 13:25557 tv:0.000001 6C: JMP ()
lcpuC PC:CCE6 (9D 00 7C) A:20 X:83 Y:CC P:85 S:FD mem:002AA4D7 13:25552 tv:0.000000 9D: STA abs,x
lcpuC PC:CCE9 (9D 00 7D) A:20 X:83 Y:CC P:85 S:FD mem:002AA4F7 13:25547 tv:0.000001 9D: STA abs,x
lcpuC PC:CCEC (9D 00 7E) A:20 X:83 Y:CC P:85 S:FD mem:002AA517 13:25542 tv:0.000000 9D: STA abs,x
lcpuC PC:CCEF (9D 00 7F) A:20 X:83 Y:CC P:85 S:FD mem:002AA537 13:25537 tv:0.000000 9D: STA abs,x
lcpuC PC:CCF2 (E8 F0 70) A:20 X:83 Y:CC P:85 S:FD mem:002AA557 13:25532 tv:0.000000 E8: INX
lcpuC PC:CCF3 (F0 70 6C) A:20 X:84 Y:CC P:85 S:FD mem:002AA557 13:25530 tv:0.000001 F0: BEQ
lcpuC PC:CCF5 (6C 5D 03) A:20 X:84 Y:CC P:85 S:FD mem:002AA557 13:25528 tv:0.000001 6C: JMP ()
lcpuC PC:CCE6 (9D 00 7C) A:20 X:84 Y:CC P:85 S:FD mem:002AA557 13:25523 tv:0.000001 9D: STA abs,x
lcpuC PC:CCE9 (9D 00 7D) A:20 X:84 Y:CC P:85 S:FD mem:002AA577 13:25518 tv:0.000001 9D: STA abs,x
lcpuC PC:CCEC (9D 00 7E) A:20 X:84 Y:CC P:85 S:FD mem:002AA597 13:25513 tv:0.000001 9D: STA abs,x
lcpuC PC:CCEF (9D 00 7F) A:20 X:84 Y:CC P:85 S:FD mem:002AA5B7 13:25508 tv:0.000001 9D: STA abs,x
lcpuC PC:CCF2 (E8 F0 70) A:20 X:84 Y:CC P:85 S:FD mem:002AA5D7 13:25503 tv:0.000001 E8: INX
lcpuC PC:CCF3 (F0 70 6C) A:20 X:85 Y:CC P:85 S:FD mem:002AA5D7 13:25501 tv:0.000001 F0: BEQ
lcpuC PC:CCF5 (6C 5D 03) A:20 X:85 Y:CC P:85 S:FD mem:002AA5D7 13:25499 tv:0.000001 6C: JMP ()
lcpuC PC:CCE6 (9D 00 7C) A:20 X:85 Y:CC P:85 S:FD mem:002AA5D7 13:25494 tv:0.000001 9D: STA abs,x
lcpuC PC:CCE9 (9D 00 7D) A:20 X:85 Y:CC P:85 S:FD mem:002AA5F7 13:25489 tv:0.000001 9D: STA abs,x
lcpuC PC:CCEC (9D 00 7E) A:20 X:85 Y:CC P:85 S:FD mem:002AA617 13:25484 tv:0.000001 9D: STA abs,x
lcpuC PC:CCEF (9D 00 7F) A:20 X:85 Y:CC P:85 S:FD mem:002AA637 13:25479 tv:0.000001 9D: STA abs,x
lcpuC PC:CCF2 (E8 F0 70) A:20 X:85 Y:CC P:85 S:FD mem:002AA657 13:25474 tv:0.000001 E8: INX
lcpuC PC:CCF3 (F0 70 6C) A:20 X:86 Y:CC P:85 S:FD mem:002AA657 13:25472 tv:0.000000 F0: BEQ
lcpuC PC:CCF5 (6C 5D 03) A:20 X:86 Y:CC P:85 S:FD mem:002AA657 13:25470 tv:0.000000 6C: JMP ()
lcpuC PC:CCE6 (9D 00 7C) A:20 X:86 Y:CC P:85 S:FD mem:002AA657 13:25465 tv:0.000001 9D: STA abs,x
lcpuC PC:CCE9 (9D 00 7D) A:20 X:86 Y:CC P:85 S:FD mem:002AA677 13:25460 tv:0.000001 9D: STA abs,x
lcpuC PC:CCEC (9D 00 7E) A:20 X:86 Y:CC P:85 S:FD mem:002AA697 13:25455 tv:0.000001 9D: STA abs,x
lcpuC PC:CCEF (9D 00 7F) A:20 X:86 Y:CC P:85 S:FD mem:002AA6B7 13:25450 tv:0.000000 9D: STA abs,x
lcpuC PC:CCF2 (E8 F0 70) A:20 X:86 Y:CC P:85 S:FD mem:002AA6D7 13:25445 tv:0.000000 E8: INX
lcpuC PC:CCF3 (F0 70 6C) A:20 X:87 Y:CC P:85 S:FD mem:002AA6D7 13:25443 tv:0.000000 F0: BEQ
lcpuC PC:CCF5 (6C 5D 03) A:20 X:87 Y:CC P:85 S:FD mem:002AA6D7 13:25441 tv:0.000000 6C: JMP ()
lcpuC PC:CCE6 (9D 00 7C) A:20 X:87 Y:CC P:85 S:FD mem:002AA6D7 13:25436 tv:0.000000 9D: STA abs,x
lcpuC PC:CCE9 (9D 00 7D) A:20 X:87 Y:CC P:85 S:FD mem:002AA6F7 13:25431 tv:0.000001 9D: STA abs,x
lcpuC PC:CCEC (9D 00 7E) A:20 X:87 Y:CC P:85 S:FD mem:002AA717 13:25426 tv:0.000000 9D: STA abs,x
lcpuC PC:CCEF (9D 00 7F) A:20 X:87 Y:CC P:85 S:FD mem:002AA737 13:25421 tv:0.000001 9D: STA abs,x
lcpuC PC:CCF2 (E8 F0 70) A:20 X:87 Y:CC P:85 S:FD mem:002AA757 13:25416 tv:0.000001 E8: INX
lcpuC PC:CCF3 (F0 70 6C) A:20 X:88 Y:CC P:85 S:FD mem:002AA757 13:25414 tv:0.000001 F0: BEQ
lcpuC PC:CCF5 (6C 5D 03) A:20 X:88 Y:CC P:85 S:FD mem:002AA757 13:25412 tv:0.000007 6C: JMP ()
lcpuC PC:CCE6 (9D 00 7C) A:20 X:88 Y:CC P:85 S:FD mem:002AA757 13:25407 tv:0.000001 9D: STA abs,x
lcpuC PC:CCE9 (9D 00 7D) A:20 X:88 Y:CC P:85 S:FD mem:002AA777 13:25402 tv:0.000000 9D: STA abs,x
lcpuC PC:CCEC (9D 00 7E) A:20 X:88 Y:CC P:85 S:FD mem:002AA797 13:25397 tv:0.000001 9D: STA abs,x
lcpuC PC:CCEF (9D 00 7F) A:20 X:88 Y:CC P:85 S:FD mem:002AA7B7 13:25392 tv:0.000001 9D: STA abs,x
lcpuC PC:CCF2 (E8 F0 70) A:20 X:88 Y:CC P:85 S:FD mem:002AA7D7 13:25387 tv:0.000000 E8: INX
lcpuC PC:CCF3 (F0 70 6C) A:20 X:89 Y:CC P:85 S:FD mem:002AA7D7 13:25385 tv:0.000000 F0: BEQ
lcpuC PC:CCF5 (6C 5D 03) A:20 X:89 Y:CC P:85 S:FD mem:002AA7D7 13:25383 tv:0.000000 6C: JMP ()
lcpuC PC:CCE6 (9D 00 7C) A:20 X:89 Y:CC P:85 S:FD mem:002AA7D7 13:25378 tv:0.000001 9D: STA abs,x
lcpuC PC:CCE9 (9D 00 7D) A:20 X:89 Y:CC P:85 S:FD mem:002AA7F7 13:25373 tv:0.000000 9D: STA abs,x
lcpuC PC:CCEC (9D 00 7E) A:20 X:89 Y:CC P:85 S:FD mem:002AA817 13:25368 tv:0.000001 9D: STA abs,x
lcpuC PC:CCEF (9D 00 7F) A:20 X:89 Y:CC P:85 S:FD mem:002AA837 13:25363 tv:0.000000 9D: STA abs,x
lcpuC PC:CCF2 (E8 F0 70) A:20 X:89 Y:CC P:85 S:FD mem:002AA857 13:25358 tv:0.000001 E8: INX
lcpuC PC:CCF3 (F0 70 6C) A:20 X:8A Y:CC P:85 S:FD mem:002AA857 13:25356 tv:0.000001 F0: BEQ
lcpuC PC:CCF5 (6C 5D 03) A:20 X:8A Y:CC P:85 S:FD mem:002AA857 13:25354 tv:0.000000 6C: JMP ()
lcpuC PC:CCE6 (9D 00 7C) A:20 X:8A Y:CC P:85 S:FD mem:002AA857 13:25349 tv:0.000001 9D: STA abs,x
lcpuC PC:CCE9 (9D 00 7D) A:20 X:8A Y:CC P:85 S:FD mem:002AA877 13:25344 tv:0.000001 9D: STA abs,x
lcpuC PC:CCEC (9D 00 7E) A:20 X:8A Y:CC P:85 S:FD mem:002AA897 13:25339 tv:0.000000 9D: STA abs,x
lcpuC PC:CCEF (9D 00 7F) A:20 X:8A Y:CC P:85 S:FD mem:002AA8B7 13:25334 tv:0.000001 9D: STA abs,x
lcpuC PC:CCF2 (E8 F0 70) A:20 X:8A Y:CC P:85 S:FD mem:002AA8D7 13:25329 tv:0.000001 E8: INX
lcpuC PC:CCF3 (F0 70 6C) A:20 X:8B Y:CC P:85 S:FD mem:002AA8D7 13:25327 tv:0.000000 F0: BEQ
lcpuC PC:CCF5 (6C 5D 03) A:20 X:8B Y:CC P:85 S:FD mem:002AA8D7 13:25325 tv:0.000000 6C: JMP ()
lcpuC PC:CCE6 (9D 00 7C) A:20 X:8B Y:CC P:85 S:FD mem:002AA8D7 13:25320 tv:0.000001 9D: STA abs,x
lcpuC PC:CCE9 (9D 00 7D) A:20 X:8B Y:CC P:85 S:FD mem:002AA8F7 13:25315 tv:0.000000 9D: STA abs,x
lcpuC PC:CCEC (9D 00 7E) A:20 X:8B Y:CC P:85 S:FD mem:002AA917 13:25310 tv:0.000001 9D: STA abs,x
lcpuC PC:CCEF (9D 00 7F) A:20 X:8B Y:CC P:85 S:FD mem:002AA937 13:25305 tv:0.000001 9D: STA abs,x
lcpuC PC:CCF2 (E8 F0 70) A:20 X:8B Y:CC P:85 S:FD mem:002AA957 13:25300 tv:0.000001 E8: INX
lcpuC PC:CCF3 (F0 70 6C) A:20 X:8C Y:CC P:85 S:FD mem:002AA957 13:25298 tv:0.000001 F0: BEQ
lcpuC PC:CCF5 (6C 5D 03) A:20 X:8C Y:CC P:85 S:FD mem:002AA957 13:25296 tv:0.000000 6C: JMP ()
lcpuC PC:CCE6 (9D 00 7C) A:20 X:8C Y:CC P:85 S:FD mem:002AA957 13:25291 tv:0.000001 9D: STA abs,x
lcpuC PC:CCE9 (9D 00 7D) A:20 X:8C Y:CC P:85 S:FD mem:002AA977 13:25286 tv:0.000000 9D: STA abs,x
lcpuC PC:CCEC (9D 00 7E) A:20 X:8C Y:CC P:85 S:FD mem:002AA997 13:25281 tv:0.000001 9D: STA abs,x
lcpuC PC:CCEF (9D 00 7F) A:20 X:8C Y:CC P:85 S:FD mem:002AA9B7 13:25276 tv:0.000000 9D: STA abs,x
lcpuC PC:CCF2 (E8 F0 70) A:20 X:8C Y:CC P:85 S:FD mem:002AA9D7 13:25271 tv:0.000000 E8: INX
lcpuC PC:CCF3 (F0 70 6C) A:20 X:8D Y:CC P:85 S:FD mem:002AA9D7 13:25269 tv:0.000000 F0: BEQ
lcpuC PC:CCF5 (6C 5D 03) A:20 X:8D Y:CC P:85 S:FD mem:002AA9D7 13:25267 tv:0.000000 6C: JMP ()
lcpuC PC:CCE6 (9D 00 7C) A:20 X:8D Y:CC P:85 S:FD mem:002AA9D7 13:25262 tv:0.000001 9D: STA abs,x
lcpuC PC:CCE9 (9D 00 7D) A:20 X:8D Y:CC P:85 S:FD mem:002AA9F7 13:25257 tv:0.000001 9D: STA abs,x
lcpuC PC:CCEC (9D 00 7E) A:20 X:8D Y:CC P:85 S:FD mem:002AAA17 13:25252 tv:0.000000 9D: STA abs,x
lcpuC PC:CCEF (9D 00 7F) A:20 X:8D Y:CC P:85 S:FD mem:002AAA37 13:25247 tv:0.000000 9D: STA abs,x
lcpuC PC:CCF2 (E8 F0 70) A:20 X:8D Y:CC P:85 S:FD mem:002AAA57 13:25242 tv:0.000001 E8: INX
lcpuC PC:CCF3 (F0 70 6C) A:20 X:8E Y:CC P:85 S:FD mem:002AAA57 13:25240 tv:0.000001 F0: BEQ
lcpuC PC:CCF5 (6C 5D 03) A:20 X:8E Y:CC P:85 S:FD mem:002AAA57 13:25238 tv:0.000001 6C: JMP ()
lcpuC PC:CCE6 (9D 00 7C) A:20 X:8E Y:CC P:85 S:FD mem:002AAA57 13:25233 tv:0.000000 9D: STA abs,x
lcpuC PC:CCE9 (9D 00 7D) A:20 X:8E Y:CC P:85 S:FD mem:002AAA77 13:25228 tv:0.000001 9D: STA abs,x
lcpuC PC:CCEC (9D 00 7E) A:20 X:8E Y:CC P:85 S:FD mem:002AAA97 13:25223 tv:0.000001 9D: STA abs,x
lcpuC PC:CCEF (9D 00 7F) A:20 X:8E Y:CC P:85 S:FD mem:002AAAB7 13:25218 tv:0.000000 9D: STA abs,x
lcpuC PC:CCF2 (E8 F0 70) A:20 X:8E Y:CC P:85 S:FD mem:002AAAD7 13:25213 tv:0.000001 E8: INX
lcpuC PC:CCF3 (F0 70 6C) A:20 X:8F Y:CC P:85 S:FD mem:002AAAD7 13:25211 tv:0.000001 F0: BEQ
lcpuC PC:CCF5 (6C 5D 03) A:20 X:8F Y:CC P:85 S:FD mem:002AAAD7 13:25209 tv:0.000001 6C: JMP ()
lcpuC PC:CCE6 (9D 00 7C) A:20 X:8F Y:CC P:85 S:FD mem:002AAAD7 13:25204 tv:0.000000 9D: STA abs,x
lcpuC PC:CCE9 (9D 00 7D) A:20 X:8F Y:CC P:85 S:FD mem:002AAAF7 13:25199 tv:0.000001 9D: STA abs,x
lcpuC PC:CCEC (9D 00 7E) A:20 X:8F Y:CC P:85 S:FD mem:002AAB17 13:25194 tv:0.000000 9D: STA abs,x
lcpuC PC:CCEF (9D 00 7F) A:20 X:8F Y:CC P:85 S:FD mem:002AAB37 13:25189 tv:0.000001 9D: STA abs,x
lcpuC PC:CCF2 (E8 F0 70) A:20 X:8F Y:CC P:85 S:FD mem:002AAB57 13:25184 tv:0.000001 E8: INX
lcpuC PC:CCF3 (F0 70 6C) A:20 X:90 Y:CC P:85 S:FD mem:002AAB57 13:25182 tv:0.000001 F0: BEQ
lcpuC PC:CCF5 (6C 5D 03) A:20 X:90 Y:CC P:85 S:FD mem:002AAB57 13:25180 tv:0.000001 6C: JMP ()
lcpuC PC:CCE6 (9D 00 7C) A:20 X:90 Y:CC P:85 S:FD mem:002AAB57 13:25175 tv:0.000001 9D: STA abs,x
lcpuC PC:CCE9 (9D 00 7D) A:20 X:90 Y:CC P:85 S:FD mem:002AAB77 13:25170 tv:0.000000 9D: STA abs,x
lcpuC PC:CCEC (9D 00 7E) A:20 X:90 Y:CC P:85 S:FD mem:002AAB97 13:25165 tv:0.000001 9D: STA abs,x
lcpuC PC:CCEF (9D 00 7F) A:20 X:90 Y:CC P:85 S:FD mem:002AABB7 13:25160 tv:0.000000 9D: STA abs,x
lcpuC PC:CCF2 (E8 F0 70) A:20 X:90 Y:CC P:85 S:FD mem:002AABD7 13:25155 tv:0.000006 E8: INX
lcpuC PC:CCF3 (F0 70 6C) A:20 X:91 Y:CC P:85 S:FD mem:002AABD7 13:25153 tv:0.000000 F0: BEQ
lcpuC PC:CCF5 (6C 5D 03) A:20 X:91 Y:CC P:85 S:FD mem:002AABD7 13:25151 tv:0.000000 6C: JMP ()
lcpuC PC:CCE6 (9D 00 7C) A:20 X:91 Y:CC P:85 S:FD mem:002AABD7 13:25146 tv:0.000001 9D: STA abs,x
lcpuC PC:CCE9 (9D 00 7D) A:20 X:91 Y:CC P:85 S:FD mem:002AABF7 13:25141 tv:0.000000 9D: STA abs,x
lcpuC PC:CCEC (9D 00 7E) A:20 X:91 Y:CC P:85 S:FD mem:002AAC17 13:25136 tv:0.000000 9D: STA abs,x
lcpuC PC:CCEF (9D 00 7F) A:20 X:91 Y:CC P:85 S:FD mem:002AAC37 13:25131 tv:0.000000 9D: STA abs,x
lcpuC PC:CCF2 (E8 F0 70) A:20 X:91 Y:CC P:85 S:FD mem:002AAC57 13:25126 tv:0.000000 E8: INX
lcpuC PC:CCF3 (F0 70 6C) A:20 X:92 Y:CC P:85 S:FD mem:002AAC57 13:25124 tv:0.000000 F0: BEQ
lcpuC PC:CCF5 (6C 5D 03) A:20 X:92 Y:CC P:85 S:FD mem:002AAC57 13:25122 tv:0.000000 6C: JMP ()
lcpuC PC:CCE6 (9D 00 7C) A:20 X:92 Y:CC P:85 S:FD mem:002AAC57 13:25117 tv:0.000001 9D: STA abs,x
lcpuC PC:CCE9 (9D 00 7D) A:20 X:92 Y:CC P:85 S:FD mem:002AAC77 13:25112 tv:0.000001 9D: STA abs,x
lcpuC PC:CCEC (9D 00 7E) A:20 X:92 Y:CC P:85 S:FD mem:002AAC97 13:25107 tv:0.000001 9D: STA abs,x
lcpuC PC:CCEF (9D 00 7F) A:20 X:92 Y:CC P:85 S:FD mem:002AACB7 13:25102 tv:0.000001 9D: STA abs,x
lcpuC PC:CCF2 (E8 F0 70) A:20 X:92 Y:CC P:85 S:FD mem:002AACD7 13:25097 tv:0.000001 E8: INX
lcpuC PC:CCF3 (F0 70 6C) A:20 X:93 Y:CC P:85 S:FD mem:002AACD7 13:25095 tv:0.000000 F0: BEQ
lcpuC PC:CCF5 (6C 5D 03) A:20 X:93 Y:CC P:85 S:FD mem:002AACD7 13:25093 tv:0.000000 6C: JMP ()
lcpuC PC:CCE6 (9D 00 7C) A:20 X:93 Y:CC P:85 S:FD mem:002AACD7 13:25088 tv:0.000000 9D: STA abs,x
lcpuC PC:CCE9 (9D 00 7D) A:20 X:93 Y:CC P:85 S:FD mem:002AACF7 13:25083 tv:0.000000 9D: STA abs,x
lcpuC PC:CCEC (9D 00 7E) A:20 X:93 Y:CC P:85 S:FD mem:002AAD17 13:25078 tv:0.000001 9D: STA abs,x
lcpuC PC:CCEF (9D 00 7F) A:20 X:93 Y:CC P:85 S:FD mem:002AAD37 13:25073 tv:0.000000 9D: STA abs,x
lcpuC PC:CCF2 (E8 F0 70) A:20 X:93 Y:CC P:85 S:FD mem:002AAD57 13:25068 tv:0.000000 E8: INX
lcpuC PC:CCF3 (F0 70 6C) A:20 X:94 Y:CC P:85 S:FD mem:002AAD57 13:25066 tv:0.000001 F0: BEQ
lcpuC PC:CCF5 (6C 5D 03) A:20 X:94 Y:CC P:85 S:FD mem:002AAD57 13:25064 tv:0.000000 6C: JMP ()
lcpuC PC:CCE6 (9D 00 7C) A:20 X:94 Y:CC P:85 S:FD mem:002AAD57 13:25059 tv:0.000000 9D: STA abs,x
lcpuC PC:CCE9 (9D 00 7D) A:20 X:94 Y:CC P:85 S:FD mem:002AAD77 13:25054 tv:0.000001 9D: STA abs,x
lcpuC PC:CCEC (9D 00 7E) A:20 X:94 Y:CC P:85 S:FD mem:002AAD97 13:25049 tv:0.000000 9D: STA abs,x
lcpuC PC:CCEF (9D 00 7F) A:20 X:94 Y:CC P:85 S:FD mem:002AADB7 13:25044 tv:0.000001 9D: STA abs,x
lcpuC PC:CCF2 (E8 F0 70) A:20 X:94 Y:CC P:85 S:FD mem:002AADD7 13:25039 tv:0.000000 E8: INX
lcpuC PC:CCF3 (F0 70 6C) A:20 X:95 Y:CC P:85 S:FD mem:002AADD7 13:25037 tv:0.000001 F0: BEQ
lcpuC PC:CCF5 (6C 5D 03) A:20 X:95 Y:CC P:85 S:FD mem:002AADD7 13:25035 tv:0.000000 6C: JMP ()
lcpuC PC:CCE6 (9D 00 7C) A:20 X:95 Y:CC P:85 S:FD mem:002AADD7 13:25030 tv:0.000000 9D: STA abs,x
lcpuC PC:CCE9 (9D 00 7D) A:20 X:95 Y:CC P:85 S:FD mem:002AADF7 13:25025 tv:0.000000 9D: STA abs,x
lcpuC PC:CCEC (9D 00 7E) A:20 X:95 Y:CC P:85 S:FD mem:002AAE17 13:25020 tv:0.000000 9D: STA abs,x
lcpuC PC:CCEF (9D 00 7F) A:20 X:95 Y:CC P:85 S:FD mem:002AAE37 13:25015 tv:0.000000 9D: STA abs,x
lcpuC PC:CCF2 (E8 F0 70) A:20 X:95 Y:CC P:85 S:FD mem:002AAE57 13:25010 tv:0.000001 E8: INX
lcpuC PC:CCF3 (F0 70 6C) A:20 X:96 Y:CC P:85 S:FD mem:002AAE57 13:25008 tv:0.000000 F0: BEQ
lcpuC PC:CCF5 (6C 5D 03) A:20 X:96 Y:CC P:85 S:FD mem:002AAE57 13:25006 tv:0.000000 6C: JMP ()
lcpuC PC:CCE6 (9D 00 7C) A:20 X:96 Y:CC P:85 S:FD mem:002AAE57 13:25001 tv:0.000001 9D: STA abs,x
lcpuC PC:CCE9 (9D 00 7D) A:20 X:96 Y:CC P:85 S:FD mem:002AAE77 13:24996 tv:0.000000 9D: STA abs,x
lcpuC PC:CCEC (9D 00 7E) A:20 X:96 Y:CC P:85 S:FD mem:002AAE97 13:24991 tv:0.000001 9D: STA abs,x
lcpuC PC:CCEF (9D 00 7F) A:20 X:96 Y:CC P:85 S:FD mem:002AAEB7 13:24986 tv:0.000001 9D: STA abs,x
lcpuC PC:CCF2 (E8 F0 70) A:20 X:96 Y:CC P:85 S:FD mem:002AAED7 13:24981 tv:0.000001 E8: INX
lcpuC PC:CCF3 (F0 70 6C) A:20 X:97 Y:CC P:85 S:FD mem:002AAED7 13:24979 tv:0.000000 F0: BEQ
lcpuC PC:CCF5 (6C 5D 03) A:20 X:97 Y:CC P:85 S:FD mem:002AAED7 13:24977 tv:0.000001 6C: JMP ()
lcpuC PC:CCE6 (9D 00 7C) A:20 X:97 Y:CC P:85 S:FD mem:002AAED7 13:24972 tv:0.000001 9D: STA abs,x
lcpuC PC:CCE9 (9D 00 7D) A:20 X:97 Y:CC P:85 S:FD mem:002AAEF7 13:24967 tv:0.000000 9D: STA abs,x
lcpuC PC:CCEC (9D 00 7E) A:20 X:97 Y:CC P:85 S:FD mem:002AAF17 13:24962 tv:0.000001 9D: STA abs,x
lcpuC PC:CCEF (9D 00 7F) A:20 X:97 Y:CC P:85 S:FD mem:002AAF37 13:24957 tv:0.000000 9D: STA abs,x
lcpuC PC:CCF2 (E8 F0 70) A:20 X:97 Y:CC P:85 S:FD mem:002AAF57 13:24952 tv:0.000001 E8: INX
lcpuC PC:CCF3 (F0 70 6C) A:20 X:98 Y:CC P:85 S:FD mem:002AAF57 13:24950 tv:0.000000 F0: BEQ
lcpuC PC:CCF5 (6C 5D 03) A:20 X:98 Y:CC P:85 S:FD mem:002AAF57 13:24948 tv:0.000001 6C: JMP ()
lcpuC PC:CCE6 (9D 00 7C) A:20 X:98 Y:CC P:85 S:FD mem:002AAF57 13:24943 tv:0.000001 9D: STA abs,x
lcpuC PC:CCE9 (9D 00 7D) A:20 X:98 Y:CC P:85 S:FD mem:002AAF77 13:24938 tv:0.000000 9D: STA abs,x
lcpuC PC:CCEC (9D 00 7E) A:20 X:98 Y:CC P:85 S:FD mem:002AAF97 13:24933 tv:0.000000 9D: STA abs,x
lcpuC PC:CCEF (9D 00 7F) A:20 X:98 Y:CC P:85 S:FD mem:002AAFB7 13:24928 tv:0.000001 9D: STA abs,x
lcpuC PC:CCF2 (E8 F0 70) A:20 X:98 Y:CC P:85 S:FD mem:002AAFD7 13:24923 tv:0.000001 E8: INX
lcpuC PC:CCF3 (F0 70 6C) A:20 X:99 Y:CC P:85 S:FD mem:002AAFD7 13:24921 tv:0.000001 F0: BEQ
lcpuC PC:CCF5 (6C 5D 03) A:20 X:99 Y:CC P:85 S:FD mem:002AAFD7 13:24919 tv:0.000000 6C: JMP ()
lcpuC PC:CCE6 (9D 00 7C) A:20 X:99 Y:CC P:85 S:FD mem:002AAFD7 13:24914 tv:0.000001 9D: STA abs,x
lcpuC PC:CCE9 (9D 00 7D) A:20 X:99 Y:CC P:85 S:FD mem:002AAFF7 13:24909 tv:0.000000 9D: STA abs,x
lcpuC PC:CCEC (9D 00 7E) A:20 X:99 Y:CC P:85 S:FD mem:002AB017 13:24904 tv:0.000000 9D: STA abs,x
lcpuC PC:CCEF (9D 00 7F) A:20 X:99 Y:CC P:85 S:FD mem:002AB037 13:24899 tv:0.000007 9D: STA abs,x
lcpuC PC:CCF2 (E8 F0 70) A:20 X:99 Y:CC P:85 S:FD mem:002AB057 13:24894 tv:0.000000 E8: INX
lcpuC PC:CCF3 (F0 70 6C) A:20 X:9A Y:CC P:85 S:FD mem:002AB057 13:24892 tv:0.000000 F0: BEQ
lcpuC PC:CCF5 (6C 5D 03) A:20 X:9A Y:CC P:85 S:FD mem:002AB057 13:24890 tv:0.000001 6C: JMP ()
lcpuC PC:CCE6 (9D 00 7C) A:20 X:9A Y:CC P:85 S:FD mem:002AB057 13:24885 tv:0.000001 9D: STA abs,x
lcpuC PC:CCE9 (9D 00 7D) A:20 X:9A Y:CC P:85 S:FD mem:002AB077 13:24880 tv:0.000001 9D: STA abs,x
lcpuC PC:CCEC (9D 00 7E) A:20 X:9A Y:CC P:85 S:FD mem:002AB097 13:24875 tv:0.000000 9D: STA abs,x
lcpuC PC:CCEF (9D 00 7F) A:20 X:9A Y:CC P:85 S:FD mem:002AB0B7 13:24870 tv:0.000001 9D: STA abs,x
lcpuC PC:CCF2 (E8 F0 70) A:20 X:9A Y:CC P:85 S:FD mem:002AB0D7 13:24865 tv:0.000001 E8: INX
lcpuC PC:CCF3 (F0 70 6C) A:20 X:9B Y:CC P:85 S:FD mem:002AB0D7 13:24863 tv:0.000000 F0: BEQ
lcpuC PC:CCF5 (6C 5D 03) A:20 X:9B Y:CC P:85 S:FD mem:002AB0D7 13:24861 tv:0.000001 6C: JMP ()
lcpuC PC:CCE6 (9D 00 7C) A:20 X:9B Y:CC P:85 S:FD mem:002AB0D7 13:24856 tv:0.000000 9D: STA abs,x
lcpuC PC:CCE9 (9D 00 7D) A:20 X:9B Y:CC P:85 S:FD mem:002AB0F7 13:24851 tv:0.000001 9D: STA abs,x
lcpuC PC:CCEC (9D 00 7E) A:20 X:9B Y:CC P:85 S:FD mem:002AB117 13:24846 tv:0.000001 9D: STA abs,x
lcpuC PC:CCEF (9D 00 7F) A:20 X:9B Y:CC P:85 S:FD mem:002AB137 13:24841 tv:0.000000 9D: STA abs,x
lcpuC PC:CCF2 (E8 F0 70) A:20 X:9B Y:CC P:85 S:FD mem:002AB157 13:24836 tv:0.000001 E8: INX
lcpuC PC:CCF3 (F0 70 6C) A:20 X:9C Y:CC P:85 S:FD mem:002AB157 13:24834 tv:0.000000 F0: BEQ
lcpuC PC:CCF5 (6C 5D 03) A:20 X:9C Y:CC P:85 S:FD mem:002AB157 13:24832 tv:0.000001 6C: JMP ()
lcpuC PC:CCE6 (9D 00 7C) A:20 X:9C Y:CC P:85 S:FD mem:002AB157 13:24827 tv:0.000001 9D: STA abs,x
lcpuC PC:CCE9 (9D 00 7D) A:20 X:9C Y:CC P:85 S:FD mem:002AB177 13:24822 tv:0.000000 9D: STA abs,x
lcpuC PC:CCEC (9D 00 7E) A:20 X:9C Y:CC P:85 S:FD mem:002AB197 13:24817 tv:0.000001 9D: STA abs,x
lcpuC PC:CCEF (9D 00 7F) A:20 X:9C Y:CC P:85 S:FD mem:002AB1B7 13:24812 tv:0.000001 9D: STA abs,x
lcpuC PC:CCF2 (E8 F0 70) A:20 X:9C Y:CC P:85 S:FD mem:002AB1D7 13:24807 tv:0.000000 E8: INX
lcpuC PC:CCF3 (F0 70 6C) A:20 X:9D Y:CC P:85 S:FD mem:002AB1D7 13:24805 tv:0.000000 F0: BEQ
lcpuC PC:CCF5 (6C 5D 03) A:20 X:9D Y:CC P:85 S:FD mem:002AB1D7 13:24803 tv:0.000001 6C: JMP ()
lcpuC PC:CCE6 (9D 00 7C) A:20 X:9D Y:CC P:85 S:FD mem:002AB1D7 13:24798 tv:0.000001 9D: STA abs,x
lcpuC PC:CCE9 (9D 00 7D) A:20 X:9D Y:CC P:85 S:FD mem:002AB1F7 13:24793 tv:0.000001 9D: STA abs,x
lcpuC PC:CCEC (9D 00 7E) A:20 X:9D Y:CC P:85 S:FD mem:002AB217 13:24788 tv:0.000000 9D: STA abs,x
lcpuC PC:CCEF (9D 00 7F) A:20 X:9D Y:CC P:85 S:FD mem:002AB237 13:24783 tv:0.000001 9D: STA abs,x
lcpuC PC:CCF2 (E8 F0 70) A:20 X:9D Y:CC P:85 S:FD mem:002AB257 13:24778 tv:0.000000 E8: INX
lcpuC PC:CCF3 (F0 70 6C) A:20 X:9E Y:CC P:85 S:FD mem:002AB257 13:24776 tv:0.000000 F0: BEQ
lcpuC PC:CCF5 (6C 5D 03) A:20 X:9E Y:CC P:85 S:FD mem:002AB257 13:24774 tv:0.000000 6C: JMP ()
lcpuC PC:CCE6 (9D 00 7C) A:20 X:9E Y:CC P:85 S:FD mem:002AB257 13:24769 tv:0.000000 9D: STA abs,x
lcpuC PC:CCE9 (9D 00 7D) A:20 X:9E Y:CC P:85 S:FD mem:002AB277 13:24764 tv:0.000000 9D: STA abs,x
lcpuC PC:CCEC (9D 00 7E) A:20 X:9E Y:CC P:85 S:FD mem:002AB297 13:24759 tv:0.000001 9D: STA abs,x
lcpuC PC:CCEF (9D 00 7F) A:20 X:9E Y:CC P:85 S:FD mem:002AB2B7 13:24754 tv:0.000001 9D: STA abs,x
lcpuC PC:CCF2 (E8 F0 70) A:20 X:9E Y:CC P:85 S:FD mem:002AB2D7 13:24749 tv:0.000001 E8: INX
lcpuC PC:CCF3 (F0 70 6C) A:20 X:9F Y:CC P:85 S:FD mem:002AB2D7 13:24747 tv:0.000000 F0: BEQ
lcpuC PC:CCF5 (6C 5D 03) A:20 X:9F Y:CC P:85 S:FD mem:002AB2D7 13:24745 tv:0.000001 6C: JMP ()
lcpuC PC:CCE6 (9D 00 7C) A:20 X:9F Y:CC P:85 S:FD mem:002AB2D7 13:24740 tv:0.000000 9D: STA abs,x
lcpuC PC:CCE9 (9D 00 7D) A:20 X:9F Y:CC P:85 S:FD mem:002AB2F7 13:24735 tv:0.000000 9D: STA abs,x
lcpuC PC:CCEC (9D 00 7E) A:20 X:9F Y:CC P:85 S:FD mem:002AB317 13:24730 tv:0.000001 9D: STA abs,x
lcpuC PC:CCEF (9D 00 7F) A:20 X:9F Y:CC P:85 S:FD mem:002AB337 13:24725 tv:0.000001 9D: STA abs,x
lcpuC PC:CCF2 (E8 F0 70) A:20 X:9F Y:CC P:85 S:FD mem:002AB357 13:24720 tv:0.000001 E8: INX
lcpuC PC:CCF3 (F0 70 6C) A:20 X:A0 Y:CC P:85 S:FD mem:002AB357 13:24718 tv:0.000001 F0: BEQ
lcpuC PC:CCF5 (6C 5D 03) A:20 X:A0 Y:CC P:85 S:FD mem:002AB357 13:24716 tv:0.000000 6C: JMP ()
lcpuC PC:CCE6 (9D 00 7C) A:20 X:A0 Y:CC P:85 S:FD mem:002AB357 13:24711 tv:0.000001 9D: STA abs,x
lcpuC PC:CCE9 (9D 00 7D) A:20 X:A0 Y:CC P:85 S:FD mem:002AB377 13:24706 tv:0.000001 9D: STA abs,x
lcpuC PC:CCEC (9D 00 7E) A:20 X:A0 Y:CC P:85 S:FD mem:002AB397 13:24701 tv:0.000001 9D: STA abs,x
lcpuC PC:CCEF (9D 00 7F) A:20 X:A0 Y:CC P:85 S:FD mem:002AB3B7 13:24696 tv:0.000000 9D: STA abs,x
lcpuC PC:CCF2 (E8 F0 70) A:20 X:A0 Y:CC P:85 S:FD mem:002AB3D7 13:24691 tv:0.000001 E8: INX
lcpuC PC:CCF3 (F0 70 6C) A:20 X:A1 Y:CC P:85 S:FD mem:002AB3D7 13:24689 tv:0.000001 F0: BEQ
lcpuC PC:CCF5 (6C 5D 03) A:20 X:A1 Y:CC P:85 S:FD mem:002AB3D7 13:24687 tv:0.000000 6C: JMP ()
lcpuC PC:CCE6 (9D 00 7C) A:20 X:A1 Y:CC P:85 S:FD mem:002AB3D7 13:24682 tv:0.000001 9D: STA abs,x
lcpuC PC:CCE9 (9D 00 7D) A:20 X:A1 Y:CC P:85 S:FD mem:002AB3F7 13:24677 tv:0.000000 9D: STA abs,x
lcpuC PC:CCEC (9D 00 7E) A:20 X:A1 Y:CC P:85 S:FD mem:002AB417 13:24672 tv:0.000001 9D: STA abs,x
lcpuC PC:CCEF (9D 00 7F) A:20 X:A1 Y:CC P:85 S:FD mem:002AB437 13:24667 tv:0.000000 9D: STA abs,x
lcpuC PC:CCF2 (E8 F0 70) A:20 X:A1 Y:CC P:85 S:FD mem:002AB457 13:24662 tv:0.000000 E8: INX
lcpuC PC:CCF3 (F0 70 6C) A:20 X:A2 Y:CC P:85 S:FD mem:002AB457 13:24660 tv:0.000001 F0: BEQ
lcpuC PC:CCF5 (6C 5D 03) A:20 X:A2 Y:CC P:85 S:FD mem:002AB457 13:24658 tv:0.000001 6C: JMP ()
lcpuC PC:CCE6 (9D 00 7C) A:20 X:A2 Y:CC P:85 S:FD mem:002AB457 13:24653 tv:0.000001 9D: STA abs,x
lcpuC PC:CCE9 (9D 00 7D) A:20 X:A2 Y:CC P:85 S:FD mem:002AB477 13:24648 tv:0.000001 9D: STA abs,x
lcpuC PC:CCEC (9D 00 7E) A:20 X:A2 Y:CC P:85 S:FD mem:002AB497 13:24643 tv:0.000021 9D: STA abs,x
lcpuC PC:CCEF (9D 00 7F) A:20 X:A2 Y:CC P:85 S:FD mem:002AB4B7 13:24638 tv:0.000000 9D: STA abs,x
lcpuC PC:CCF2 (E8 F0 70) A:20 X:A2 Y:CC P:85 S:FD mem:002AB4D7 13:24633 tv:0.000000 E8: INX
lcpuC PC:CCF3 (F0 70 6C) A:20 X:A3 Y:CC P:85 S:FD mem:002AB4D7 13:24631 tv:0.000001 F0: BEQ
lcpuC PC:CCF5 (6C 5D 03) A:20 X:A3 Y:CC P:85 S:FD mem:002AB4D7 13:24629 tv:0.000000 6C: JMP ()
lcpuC PC:CCE6 (9D 00 7C) A:20 X:A3 Y:CC P:85 S:FD mem:002AB4D7 13:24624 tv:0.000000 9D: STA abs,x
lcpuC PC:CCE9 (9D 00 7D) A:20 X:A3 Y:CC P:85 S:FD mem:002AB4F7 13:24619 tv:0.000000 9D: STA abs,x
lcpuC PC:CCEC (9D 00 7E) A:20 X:A3 Y:CC P:85 S:FD mem:002AB517 13:24614 tv:0.000000 9D: STA abs,x
lcpuC PC:CCEF (9D 00 7F) A:20 X:A3 Y:CC P:85 S:FD mem:002AB537 13:24609 tv:0.000000 9D: STA abs,x
lcpuC PC:CCF2 (E8 F0 70) A:20 X:A3 Y:CC P:85 S:FD mem:002AB557 13:24604 tv:0.000001 E8: INX
lcpuC PC:CCF3 (F0 70 6C) A:20 X:A4 Y:CC P:85 S:FD mem:002AB557 13:24602 tv:0.000001 F0: BEQ
lcpuC PC:CCF5 (6C 5D 03) A:20 X:A4 Y:CC P:85 S:FD mem:002AB557 13:24600 tv:0.000001 6C: JMP ()
lcpuC PC:CCE6 (9D 00 7C) A:20 X:A4 Y:CC P:85 S:FD mem:002AB557 13:24595 tv:0.000001 9D: STA abs,x
lcpuC PC:CCE9 (9D 00 7D) A:20 X:A4 Y:CC P:85 S:FD mem:002AB577 13:24590 tv:0.000001 9D: STA abs,x
lcpuC PC:CCEC (9D 00 7E) A:20 X:A4 Y:CC P:85 S:FD mem:002AB597 13:24585 tv:0.000001 9D: STA abs,x
lcpuC PC:CCEF (9D 00 7F) A:20 X:A4 Y:CC P:85 S:FD mem:002AB5B7 13:24580 tv:0.000000 9D: STA abs,x
lcpuC PC:CCF2 (E8 F0 70) A:20 X:A4 Y:CC P:85 S:FD mem:002AB5D7 13:24575 tv:0.000000 E8: INX
lcpuC PC:CCF3 (F0 70 6C) A:20 X:A5 Y:CC P:85 S:FD mem:002AB5D7 13:24573 tv:0.000000 F0: BEQ
lcpuC PC:CCF5 (6C 5D 03) A:20 X:A5 Y:CC P:85 S:FD mem:002AB5D7 13:24571 tv:0.000000 6C: JMP ()
lcpuC PC:CCE6 (9D 00 7C) A:20 X:A5 Y:CC P:85 S:FD mem:002AB5D7 13:24566 tv:0.000001 9D: STA abs,x
lcpuC PC:CCE9 (9D 00 7D) A:20 X:A5 Y:CC P:85 S:FD mem:002AB5F7 13:24561 tv:0.000000 9D: STA abs,x
lcpuC PC:CCEC (9D 00 7E) A:20 X:A5 Y:CC P:85 S:FD mem:002AB617 13:24556 tv:0.000001 9D: STA abs,x
lcpuC PC:CCEF (9D 00 7F) A:20 X:A5 Y:CC P:85 S:FD mem:002AB637 13:24551 tv:0.000000 9D: STA abs,x
lcpuC PC:CCF2 (E8 F0 70) A:20 X:A5 Y:CC P:85 S:FD mem:002AB657 13:24546 tv:0.000000 E8: INX
lcpuC PC:CCF3 (F0 70 6C) A:20 X:A6 Y:CC P:85 S:FD mem:002AB657 13:24544 tv:0.000001 F0: BEQ
lcpuC PC:CCF5 (6C 5D 03) A:20 X:A6 Y:CC P:85 S:FD mem:002AB657 13:24542 tv:0.000001 6C: JMP ()
lcpuC PC:CCE6 (9D 00 7C) A:20 X:A6 Y:CC P:85 S:FD mem:002AB657 13:24537 tv:0.000000 9D: STA abs,x
lcpuC PC:CCE9 (9D 00 7D) A:20 X:A6 Y:CC P:85 S:FD mem:002AB677 13:24532 tv:0.000001 9D: STA abs,x
lcpuC PC:CCEC (9D 00 7E) A:20 X:A6 Y:CC P:85 S:FD mem:002AB697 13:24527 tv:0.000001 9D: STA abs,x
lcpuC PC:CCEF (9D 00 7F) A:20 X:A6 Y:CC P:85 S:FD mem:002AB6B7 13:24522 tv:0.000001 9D: STA abs,x
lcpuC PC:CCF2 (E8 F0 70) A:20 X:A6 Y:CC P:85 S:FD mem:002AB6D7 13:24517 tv:0.000001 E8: INX
lcpuC PC:CCF3 (F0 70 6C) A:20 X:A7 Y:CC P:85 S:FD mem:002AB6D7 13:24515 tv:0.000000 F0: BEQ
lcpuC PC:CCF5 (6C 5D 03) A:20 X:A7 Y:CC P:85 S:FD mem:002AB6D7 13:24513 tv:0.000001 6C: JMP ()
lcpuC PC:CCE6 (9D 00 7C) A:20 X:A7 Y:CC P:85 S:FD mem:002AB6D7 13:24508 tv:0.000001 9D: STA abs,x
lcpuC PC:CCE9 (9D 00 7D) A:20 X:A7 Y:CC P:85 S:FD mem:002AB6F7 13:24503 tv:0.000001 9D: STA abs,x
lcpuC PC:CCEC (9D 00 7E) A:20 X:A7 Y:CC P:85 S:FD mem:002AB717 13:24498 tv:0.000001 9D: STA abs,x
lcpuC PC:CCEF (9D 00 7F) A:20 X:A7 Y:CC P:85 S:FD mem:002AB737 13:24493 tv:0.000001 9D: STA abs,x
lcpuC PC:CCF2 (E8 F0 70) A:20 X:A7 Y:CC P:85 S:FD mem:002AB757 13:24488 tv:0.000000 E8: INX
lcpuC PC:CCF3 (F0 70 6C) A:20 X:A8 Y:CC P:85 S:FD mem:002AB757 13:24486 tv:0.000001 F0: BEQ
lcpuC PC:CCF5 (6C 5D 03) A:20 X:A8 Y:CC P:85 S:FD mem:002AB757 13:24484 tv:0.000001 6C: JMP ()
lcpuC PC:CCE6 (9D 00 7C) A:20 X:A8 Y:CC P:85 S:FD mem:002AB757 13:24479 tv:0.000001 9D: STA abs,x
lcpuC PC:CCE9 (9D 00 7D) A:20 X:A8 Y:CC P:85 S:FD mem:002AB777 13:24474 tv:0.000000 9D: STA abs,x
lcpuC PC:CCEC (9D 00 7E) A:20 X:A8 Y:CC P:85 S:FD mem:002AB797 13:24469 tv:0.000001 9D: STA abs,x
lcpuC PC:CCEF (9D 00 7F) A:20 X:A8 Y:CC P:85 S:FD mem:002AB7B7 13:24464 tv:0.000001 9D: STA abs,x
lcpuC PC:CCF2 (E8 F0 70) A:20 X:A8 Y:CC P:85 S:FD mem:002AB7D7 13:24459 tv:0.000001 E8: INX
lcpuC PC:CCF3 (F0 70 6C) A:20 X:A9 Y:CC P:85 S:FD mem:002AB7D7 13:24457 tv:0.000000 F0: BEQ
lcpuC PC:CCF5 (6C 5D 03) A:20 X:A9 Y:CC P:85 S:FD mem:002AB7D7 13:24455 tv:0.000000 6C: JMP ()
lcpuC PC:CCE6 (9D 00 7C) A:20 X:A9 Y:CC P:85 S:FD mem:002AB7D7 13:24450 tv:0.000001 9D: STA abs,x
lcpuC PC:CCE9 (9D 00 7D) A:20 X:A9 Y:CC P:85 S:FD mem:002AB7F7 13:24445 tv:0.000000 9D: STA abs,x
lcpuC PC:CCEC (9D 00 7E) A:20 X:A9 Y:CC P:85 S:FD mem:002AB817 13:24440 tv:0.000001 9D: STA abs,x
lcpuC PC:CCEF (9D 00 7F) A:20 X:A9 Y:CC P:85 S:FD mem:002AB837 13:24435 tv:0.000001 9D: STA abs,x
lcpuC PC:CCF2 (E8 F0 70) A:20 X:A9 Y:CC P:85 S:FD mem:002AB857 13:24430 tv:0.000000 E8: INX
lcpuC PC:CCF3 (F0 70 6C) A:20 X:AA Y:CC P:85 S:FD mem:002AB857 13:24428 tv:0.000000 F0: BEQ
lcpuC PC:CCF5 (6C 5D 03) A:20 X:AA Y:CC P:85 S:FD mem:002AB857 13:24426 tv:0.000001 6C: JMP ()
lcpuC PC:CCE6 (9D 00 7C) A:20 X:AA Y:CC P:85 S:FD mem:002AB857 13:24421 tv:0.000001 9D: STA abs,x
lcpuC PC:CCE9 (9D 00 7D) A:20 X:AA Y:CC P:85 S:FD mem:002AB877 13:24416 tv:0.000000 9D: STA abs,x
lcpuC PC:CCEC (9D 00 7E) A:20 X:AA Y:CC P:85 S:FD mem:002AB897 13:24411 tv:0.000001 9D: STA abs,x
lcpuC PC:CCEF (9D 00 7F) A:20 X:AA Y:CC P:85 S:FD mem:002AB8B7 13:24406 tv:0.000000 9D: STA abs,x
lcpuC PC:CCF2 (E8 F0 70) A:20 X:AA Y:CC P:85 S:FD mem:002AB8D7 13:24401 tv:0.000001 E8: INX
lcpuC PC:CCF3 (F0 70 6C) A:20 X:AB Y:CC P:85 S:FD mem:002AB8D7 13:24399 tv:0.000000 F0: BEQ
lcpuC PC:CCF5 (6C 5D 03) A:20 X:AB Y:CC P:85 S:FD mem:002AB8D7 13:24397 tv:0.000000 6C: JMP ()
lcpuC PC:CCE6 (9D 00 7C) A:20 X:AB Y:CC P:85 S:FD mem:002AB8D7 13:24392 tv:0.000001 9D: STA abs,x
lcpuC PC:CCE9 (9D 00 7D) A:20 X:AB Y:CC P:85 S:FD mem:002AB8F7 13:24387 tv:0.000007 9D: STA abs,x
lcpuC PC:CCEC (9D 00 7E) A:20 X:AB Y:CC P:85 S:FD mem:002AB917 13:24382 tv:0.000000 9D: STA abs,x
lcpuC PC:CCEF (9D 00 7F) A:20 X:AB Y:CC P:85 S:FD mem:002AB937 13:24377 tv:0.000001 9D: STA abs,x
lcpuC PC:CCF2 (E8 F0 70) A:20 X:AB Y:CC P:85 S:FD mem:002AB957 13:24372 tv:0.000000 E8: INX
lcpuC PC:CCF3 (F0 70 6C) A:20 X:AC Y:CC P:85 S:FD mem:002AB957 13:24370 tv:0.000001 F0: BEQ
lcpuC PC:CCF5 (6C 5D 03) A:20 X:AC Y:CC P:85 S:FD mem:002AB957 13:24368 tv:0.000001 6C: JMP ()
lcpuC PC:CCE6 (9D 00 7C) A:20 X:AC Y:CC P:85 S:FD mem:002AB957 13:24363 tv:0.000001 9D: STA abs,x
lcpuC PC:CCE9 (9D 00 7D) A:20 X:AC Y:CC P:85 S:FD mem:002AB977 13:24358 tv:0.000001 9D: STA abs,x
lcpuC PC:CCEC (9D 00 7E) A:20 X:AC Y:CC P:85 S:FD mem:002AB997 13:24353 tv:0.000001 9D: STA abs,x
lcpuC PC:CCEF (9D 00 7F) A:20 X:AC Y:CC P:85 S:FD mem:002AB9B7 13:24348 tv:0.000001 9D: STA abs,x
lcpuC PC:CCF2 (E8 F0 70) A:20 X:AC Y:CC P:85 S:FD mem:002AB9D7 13:24343 tv:0.000001 E8: INX
lcpuC PC:CCF3 (F0 70 6C) A:20 X:AD Y:CC P:85 S:FD mem:002AB9D7 13:24341 tv:0.000001 F0: BEQ
lcpuC PC:CCF5 (6C 5D 03) A:20 X:AD Y:CC P:85 S:FD mem:002AB9D7 13:24339 tv:0.000000 6C: JMP ()
lcpuC PC:CCE6 (9D 00 7C) A:20 X:AD Y:CC P:85 S:FD mem:002AB9D7 13:24334 tv:0.000000 9D: STA abs,x
lcpuC PC:CCE9 (9D 00 7D) A:20 X:AD Y:CC P:85 S:FD mem:002AB9F7 13:24329 tv:0.000001 9D: STA abs,x
lcpuC PC:CCEC (9D 00 7E) A:20 X:AD Y:CC P:85 S:FD mem:002ABA17 13:24324 tv:0.000000 9D: STA abs,x
lcpuC PC:CCEF (9D 00 7F) A:20 X:AD Y:CC P:85 S:FD mem:002ABA37 13:24319 tv:0.000000 9D: STA abs,x
lcpuC PC:CCF2 (E8 F0 70) A:20 X:AD Y:CC P:85 S:FD mem:002ABA57 13:24314 tv:0.000001 E8: INX
lcpuC PC:CCF3 (F0 70 6C) A:20 X:AE Y:CC P:85 S:FD mem:002ABA57 13:24312 tv:0.000000 F0: BEQ
lcpuC PC:CCF5 (6C 5D 03) A:20 X:AE Y:CC P:85 S:FD mem:002ABA57 13:24310 tv:0.000000 6C: JMP ()
lcpuC PC:CCE6 (9D 00 7C) A:20 X:AE Y:CC P:85 S:FD mem:002ABA57 13:24305 tv:0.000001 9D: STA abs,x
lcpuC PC:CCE9 (9D 00 7D) A:20 X:AE Y:CC P:85 S:FD mem:002ABA77 13:24300 tv:0.000001 9D: STA abs,x
lcpuC PC:CCEC (9D 00 7E) A:20 X:AE Y:CC P:85 S:FD mem:002ABA97 13:24295 tv:0.000001 9D: STA abs,x
lcpuC PC:CCEF (9D 00 7F) A:20 X:AE Y:CC P:85 S:FD mem:002ABAB7 13:24290 tv:0.000001 9D: STA abs,x
lcpuC PC:CCF2 (E8 F0 70) A:20 X:AE Y:CC P:85 S:FD mem:002ABAD7 13:24285 tv:0.000001 E8: INX
lcpuC PC:CCF3 (F0 70 6C) A:20 X:AF Y:CC P:85 S:FD mem:002ABAD7 13:24283 tv:0.000000 F0: BEQ
lcpuC PC:CCF5 (6C 5D 03) A:20 X:AF Y:CC P:85 S:FD mem:002ABAD7 13:24281 tv:0.000001 6C: JMP ()
lcpuC PC:CCE6 (9D 00 7C) A:20 X:AF Y:CC P:85 S:FD mem:002ABAD7 13:24276 tv:0.000000 9D: STA abs,x
lcpuC PC:CCE9 (9D 00 7D) A:20 X:AF Y:CC P:85 S:FD mem:002ABAF7 13:24271 tv:0.000000 9D: STA abs,x
lcpuC PC:CCEC (9D 00 7E) A:20 X:AF Y:CC P:85 S:FD mem:002ABB17 13:24266 tv:0.000001 9D: STA abs,x
lcpuC PC:CCEF (9D 00 7F) A:20 X:AF Y:CC P:85 S:FD mem:002ABB37 13:24261 tv:0.000000 9D: STA abs,x
lcpuC PC:CCF2 (E8 F0 70) A:20 X:AF Y:CC P:85 S:FD mem:002ABB57 13:24256 tv:0.000000 E8: INX
lcpuC PC:CCF3 (F0 70 6C) A:20 X:B0 Y:CC P:85 S:FD mem:002ABB57 13:24254 tv:0.000000 F0: BEQ
lcpuC PC:CCF5 (6C 5D 03) A:20 X:B0 Y:CC P:85 S:FD mem:002ABB57 13:24252 tv:0.000001 6C: JMP ()
lcpuC PC:CCE6 (9D 00 7C) A:20 X:B0 Y:CC P:85 S:FD mem:002ABB57 13:24247 tv:0.000001 9D: STA abs,x
lcpuC PC:CCE9 (9D 00 7D) A:20 X:B0 Y:CC P:85 S:FD mem:002ABB77 13:24242 tv:0.000000 9D: STA abs,x
lcpuC PC:CCEC (9D 00 7E) A:20 X:B0 Y:CC P:85 S:FD mem:002ABB97 13:24237 tv:0.000001 9D: STA abs,x
lcpuC PC:CCEF (9D 00 7F) A:20 X:B0 Y:CC P:85 S:FD mem:002ABBB7 13:24232 tv:0.000001 9D: STA abs,x
lcpuC PC:CCF2 (E8 F0 70) A:20 X:B0 Y:CC P:85 S:FD mem:002ABBD7 13:24227 tv:0.000001 E8: INX
lcpuC PC:CCF3 (F0 70 6C) A:20 X:B1 Y:CC P:85 S:FD mem:002ABBD7 13:24225 tv:0.000001 F0: BEQ
lcpuC PC:CCF5 (6C 5D 03) A:20 X:B1 Y:CC P:85 S:FD mem:002ABBD7 13:24223 tv:0.000000 6C: JMP ()
lcpuC PC:CCE6 (9D 00 7C) A:20 X:B1 Y:CC P:85 S:FD mem:002ABBD7 13:24218 tv:0.000000 9D: STA abs,x
lcpuC PC:CCE9 (9D 00 7D) A:20 X:B1 Y:CC P:85 S:FD mem:002ABBF7 13:24213 tv:0.000001 9D: STA abs,x
lcpuC PC:CCEC (9D 00 7E) A:20 X:B1 Y:CC P:85 S:FD mem:002ABC17 13:24208 tv:0.000000 9D: STA abs,x
lcpuC PC:CCEF (9D 00 7F) A:20 X:B1 Y:CC P:85 S:FD mem:002ABC37 13:24203 tv:0.000000 9D: STA abs,x
lcpuC PC:CCF2 (E8 F0 70) A:20 X:B1 Y:CC P:85 S:FD mem:002ABC57 13:24198 tv:0.000001 E8: INX
lcpuC PC:CCF3 (F0 70 6C) A:20 X:B2 Y:CC P:85 S:FD mem:002ABC57 13:24196 tv:0.000000 F0: BEQ
lcpuC PC:CCF5 (6C 5D 03) A:20 X:B2 Y:CC P:85 S:FD mem:002ABC57 13:24194 tv:0.000001 6C: JMP ()
lcpuC PC:CCE6 (9D 00 7C) A:20 X:B2 Y:CC P:85 S:FD mem:002ABC57 13:24189 tv:0.000001 9D: STA abs,x
lcpuC PC:CCE9 (9D 00 7D) A:20 X:B2 Y:CC P:85 S:FD mem:002ABC77 13:24184 tv:0.000000 9D: STA abs,x
lcpuC PC:CCEC (9D 00 7E) A:20 X:B2 Y:CC P:85 S:FD mem:002ABC97 13:24179 tv:0.000001 9D: STA abs,x
lcpuC PC:CCEF (9D 00 7F) A:20 X:B2 Y:CC P:85 S:FD mem:002ABCB7 13:24174 tv:0.000001 9D: STA abs,x
lcpuC PC:CCF2 (E8 F0 70) A:20 X:B2 Y:CC P:85 S:FD mem:002ABCD7 13:24169 tv:0.000000 E8: INX
lcpuC PC:CCF3 (F0 70 6C) A:20 X:B3 Y:CC P:85 S:FD mem:002ABCD7 13:24167 tv:0.000001 F0: BEQ
lcpuC PC:CCF5 (6C 5D 03) A:20 X:B3 Y:CC P:85 S:FD mem:002ABCD7 13:24165 tv:0.000000 6C: JMP ()
lcpuC PC:CCE6 (9D 00 7C) A:20 X:B3 Y:CC P:85 S:FD mem:002ABCD7 13:24160 tv:0.000001 9D: STA abs,x
lcpuC PC:CCE9 (9D 00 7D) A:20 X:B3 Y:CC P:85 S:FD mem:002ABCF7 13:24155 tv:0.000000 9D: STA abs,x
lcpuC PC:CCEC (9D 00 7E) A:20 X:B3 Y:CC P:85 S:FD mem:002ABD17 13:24150 tv:0.000001 9D: STA abs,x
lcpuC PC:CCEF (9D 00 7F) A:20 X:B3 Y:CC P:85 S:FD mem:002ABD37 13:24145 tv:0.000001 9D: STA abs,x
lcpuC PC:CCF2 (E8 F0 70) A:20 X:B3 Y:CC P:85 S:FD mem:002ABD57 13:24140 tv:0.000000 E8: INX
lcpuC PC:CCF3 (F0 70 6C) A:20 X:B4 Y:CC P:85 S:FD mem:002ABD57 13:24138 tv:0.000000 F0: BEQ
lcpuC PC:CCF5 (6C 5D 03) A:20 X:B4 Y:CC P:85 S:FD mem:002ABD57 13:24136 tv:0.000000 6C: JMP ()
lcpuC PC:CCE6 (9D 00 7C) A:20 X:B4 Y:CC P:85 S:FD mem:002ABD57 13:24131 tv:0.000006 9D: STA abs,x
lcpuC PC:CCE9 (9D 00 7D) A:20 X:B4 Y:CC P:85 S:FD mem:002ABD77 13:24126 tv:0.000001 9D: STA abs,x
lcpuC PC:CCEC (9D 00 7E) A:20 X:B4 Y:CC P:85 S:FD mem:002ABD97 13:24121 tv:0.000000 9D: STA abs,x
lcpuC PC:CCEF (9D 00 7F) A:20 X:B4 Y:CC P:85 S:FD mem:002ABDB7 13:24116 tv:0.000000 9D: STA abs,x
lcpuC PC:CCF2 (E8 F0 70) A:20 X:B4 Y:CC P:85 S:FD mem:002ABDD7 13:24111 tv:0.000000 E8: INX
lcpuC PC:CCF3 (F0 70 6C) A:20 X:B5 Y:CC P:85 S:FD mem:002ABDD7 13:24109 tv:0.000001 F0: BEQ
lcpuC PC:CCF5 (6C 5D 03) A:20 X:B5 Y:CC P:85 S:FD mem:002ABDD7 13:24107 tv:0.000000 6C: JMP ()
lcpuC PC:CCE6 (9D 00 7C) A:20 X:B5 Y:CC P:85 S:FD mem:002ABDD7 13:24102 tv:0.000000 9D: STA abs,x
lcpuC PC:CCE9 (9D 00 7D) A:20 X:B5 Y:CC P:85 S:FD mem:002ABDF7 13:24097 tv:0.000001 9D: STA abs,x
lcpuC PC:CCEC (9D 00 7E) A:20 X:B5 Y:CC P:85 S:FD mem:002ABE17 13:24092 tv:0.000001 9D: STA abs,x
lcpuC PC:CCEF (9D 00 7F) A:20 X:B5 Y:CC P:85 S:FD mem:002ABE37 13:24087 tv:0.000000 9D: STA abs,x
lcpuC PC:CCF2 (E8 F0 70) A:20 X:B5 Y:CC P:85 S:FD mem:002ABE57 13:24082 tv:0.000001 E8: INX
lcpuC PC:CCF3 (F0 70 6C) A:20 X:B6 Y:CC P:85 S:FD mem:002ABE57 13:24080 tv:0.000000 F0: BEQ
lcpuC PC:CCF5 (6C 5D 03) A:20 X:B6 Y:CC P:85 S:FD mem:002ABE57 13:24078 tv:0.000001 6C: JMP ()
lcpuC PC:CCE6 (9D 00 7C) A:20 X:B6 Y:CC P:85 S:FD mem:002ABE57 13:24073 tv:0.000000 9D: STA abs,x
lcpuC PC:CCE9 (9D 00 7D) A:20 X:B6 Y:CC P:85 S:FD mem:002ABE77 13:24068 tv:0.000001 9D: STA abs,x
lcpuC PC:CCEC (9D 00 7E) A:20 X:B6 Y:CC P:85 S:FD mem:002ABE97 13:24063 tv:0.000000 9D: STA abs,x
lcpuC PC:CCEF (9D 00 7F) A:20 X:B6 Y:CC P:85 S:FD mem:002ABEB7 13:24058 tv:0.000001 9D: STA abs,x
lcpuC PC:CCF2 (E8 F0 70) A:20 X:B6 Y:CC P:85 S:FD mem:002ABED7 13:24053 tv:0.000000 E8: INX
lcpuC PC:CCF3 (F0 70 6C) A:20 X:B7 Y:CC P:85 S:FD mem:002ABED7 13:24051 tv:0.000001 F0: BEQ
lcpuC PC:CCF5 (6C 5D 03) A:20 X:B7 Y:CC P:85 S:FD mem:002ABED7 13:24049 tv:0.000001 6C: JMP ()
lcpuC PC:CCE6 (9D 00 7C) A:20 X:B7 Y:CC P:85 S:FD mem:002ABED7 13:24044 tv:0.000000 9D: STA abs,x
lcpuC PC:CCE9 (9D 00 7D) A:20 X:B7 Y:CC P:85 S:FD mem:002ABEF7 13:24039 tv:0.000001 9D: STA abs,x
lcpuC PC:CCEC (9D 00 7E) A:20 X:B7 Y:CC P:85 S:FD mem:002ABF17 13:24034 tv:0.000001 9D: STA abs,x
lcpuC PC:CCEF (9D 00 7F) A:20 X:B7 Y:CC P:85 S:FD mem:002ABF37 13:24029 tv:0.000000 9D: STA abs,x
lcpuC PC:CCF2 (E8 F0 70) A:20 X:B7 Y:CC P:85 S:FD mem:002ABF57 13:24024 tv:0.000001 E8: INX
lcpuC PC:CCF3 (F0 70 6C) A:20 X:B8 Y:CC P:85 S:FD mem:002ABF57 13:24022 tv:0.000001 F0: BEQ
lcpuC PC:CCF5 (6C 5D 03) A:20 X:B8 Y:CC P:85 S:FD mem:002ABF57 13:24020 tv:0.000000 6C: JMP ()
lcpuC PC:CCE6 (9D 00 7C) A:20 X:B8 Y:CC P:85 S:FD mem:002ABF57 13:24015 tv:0.000001 9D: STA abs,x
lcpuC PC:CCE9 (9D 00 7D) A:20 X:B8 Y:CC P:85 S:FD mem:002ABF77 13:24010 tv:0.000001 9D: STA abs,x
lcpuC PC:CCEC (9D 00 7E) A:20 X:B8 Y:CC P:85 S:FD mem:002ABF97 13:24005 tv:0.000000 9D: STA abs,x
lcpuC PC:CCEF (9D 00 7F) A:20 X:B8 Y:CC P:85 S:FD mem:002ABFB7 13:24000 tv:0.000000 9D: STA abs,x
lcpuC PC:CCF2 (E8 F0 70) A:20 X:B8 Y:CC P:85 S:FD mem:002ABFD7 13:23995 tv:0.000000 E8: INX
lcpuC PC:CCF3 (F0 70 6C) A:20 X:B9 Y:CC P:85 S:FD mem:002ABFD7 13:23993 tv:0.000001 F0: BEQ
lcpuC PC:CCF5 (6C 5D 03) A:20 X:B9 Y:CC P:85 S:FD mem:002ABFD7 13:23991 tv:0.000000 6C: JMP ()
lcpuC PC:CCE6 (9D 00 7C) A:20 X:B9 Y:CC P:85 S:FD mem:002ABFD7 13:23986 tv:0.000001 9D: STA abs,x
lcpuC PC:CCE9 (9D 00 7D) A:20 X:B9 Y:CC P:85 S:FD mem:002ABFF7 13:23981 tv:0.000000 9D: STA abs,x
lcpuC PC:CCEC (9D 00 7E) A:20 X:B9 Y:CC P:85 S:FD mem:002AC017 13:23976 tv:0.000000 9D: STA abs,x
lcpuC PC:CCEF (9D 00 7F) A:20 X:B9 Y:CC P:85 S:FD mem:002AC037 13:23971 tv:0.000000 9D: STA abs,x
lcpuC PC:CCF2 (E8 F0 70) A:20 X:B9 Y:CC P:85 S:FD mem:002AC057 13:23966 tv:0.000001 E8: INX
lcpuC PC:CCF3 (F0 70 6C) A:20 X:BA Y:CC P:85 S:FD mem:002AC057 13:23964 tv:0.000001 F0: BEQ
lcpuC PC:CCF5 (6C 5D 03) A:20 X:BA Y:CC P:85 S:FD mem:002AC057 13:23962 tv:0.000001 6C: JMP ()
lcpuC PC:CCE6 (9D 00 7C) A:20 X:BA Y:CC P:85 S:FD mem:002AC057 13:23957 tv:0.000001 9D: STA abs,x
lcpuC PC:CCE9 (9D 00 7D) A:20 X:BA Y:CC P:85 S:FD mem:002AC077 13:23952 tv:0.000000 9D: STA abs,x
lcpuC PC:CCEC (9D 00 7E) A:20 X:BA Y:CC P:85 S:FD mem:002AC097 13:23947 tv:0.000000 9D: STA abs,x
lcpuC PC:CCEF (9D 00 7F) A:20 X:BA Y:CC P:85 S:FD mem:002AC0B7 13:23942 tv:0.000001 9D: STA abs,x
lcpuC PC:CCF2 (E8 F0 70) A:20 X:BA Y:CC P:85 S:FD mem:002AC0D7 13:23937 tv:0.000000 E8: INX
lcpuC PC:CCF3 (F0 70 6C) A:20 X:BB Y:CC P:85 S:FD mem:002AC0D7 13:23935 tv:0.000000 F0: BEQ
lcpuC PC:CCF5 (6C 5D 03) A:20 X:BB Y:CC P:85 S:FD mem:002AC0D7 13:23933 tv:0.000000 6C: JMP ()
lcpuC PC:CCE6 (9D 00 7C) A:20 X:BB Y:CC P:85 S:FD mem:002AC0D7 13:23928 tv:0.000000 9D: STA abs,x
lcpuC PC:CCE9 (9D 00 7D) A:20 X:BB Y:CC P:85 S:FD mem:002AC0F7 13:23923 tv:0.000001 9D: STA abs,x
lcpuC PC:CCEC (9D 00 7E) A:20 X:BB Y:CC P:85 S:FD mem:002AC117 13:23918 tv:0.000001 9D: STA abs,x
lcpuC PC:CCEF (9D 00 7F) A:20 X:BB Y:CC P:85 S:FD mem:002AC137 13:23913 tv:0.000000 9D: STA abs,x
lcpuC PC:CCF2 (E8 F0 70) A:20 X:BB Y:CC P:85 S:FD mem:002AC157 13:23908 tv:0.000001 E8: INX
lcpuC PC:CCF3 (F0 70 6C) A:20 X:BC Y:CC P:85 S:FD mem:002AC157 13:23906 tv:0.000000 F0: BEQ
lcpuC PC:CCF5 (6C 5D 03) A:20 X:BC Y:CC P:85 S:FD mem:002AC157 13:23904 tv:0.000001 6C: JMP ()
lcpuC PC:CCE6 (9D 00 7C) A:20 X:BC Y:CC P:85 S:FD mem:002AC157 13:23899 tv:0.000000 9D: STA abs,x
lcpuC PC:CCE9 (9D 00 7D) A:20 X:BC Y:CC P:85 S:FD mem:002AC177 13:23894 tv:0.000001 9D: STA abs,x
lcpuC PC:CCEC (9D 00 7E) A:20 X:BC Y:CC P:85 S:FD mem:002AC197 13:23889 tv:0.000001 9D: STA abs,x
lcpuC PC:CCEF (9D 00 7F) A:20 X:BC Y:CC P:85 S:FD mem:002AC1B7 13:23884 tv:0.000000 9D: STA abs,x
lcpuC PC:CCF2 (E8 F0 70) A:20 X:BC Y:CC P:85 S:FD mem:002AC1D7 13:23879 tv:0.000001 E8: INX
lcpuC PC:CCF3 (F0 70 6C) A:20 X:BD Y:CC P:85 S:FD mem:002AC1D7 13:23877 tv:0.000006 F0: BEQ
lcpuC PC:CCF5 (6C 5D 03) A:20 X:BD Y:CC P:85 S:FD mem:002AC1D7 13:23875 tv:0.000000 6C: JMP ()
lcpuC PC:CCE6 (9D 00 7C) A:20 X:BD Y:CC P:85 S:FD mem:002AC1D7 13:23870 tv:0.000000 9D: STA abs,x
lcpuC PC:CCE9 (9D 00 7D) A:20 X:BD Y:CC P:85 S:FD mem:002AC1F7 13:23865 tv:0.000001 9D: STA abs,x
lcpuC PC:CCEC (9D 00 7E) A:20 X:BD Y:CC P:85 S:FD mem:002AC217 13:23860 tv:0.000000 9D: STA abs,x
lcpuC PC:CCEF (9D 00 7F) A:20 X:BD Y:CC P:85 S:FD mem:002AC237 13:23855 tv:0.000001 9D: STA abs,x
lcpuC PC:CCF2 (E8 F0 70) A:20 X:BD Y:CC P:85 S:FD mem:002AC257 13:23850 tv:0.000001 E8: INX
lcpuC PC:CCF3 (F0 70 6C) A:20 X:BE Y:CC P:85 S:FD mem:002AC257 13:23848 tv:0.000000 F0: BEQ
lcpuC PC:CCF5 (6C 5D 03) A:20 X:BE Y:CC P:85 S:FD mem:002AC257 13:23846 tv:0.000000 6C: JMP ()
lcpuC PC:CCE6 (9D 00 7C) A:20 X:BE Y:CC P:85 S:FD mem:002AC257 13:23841 tv:0.000001 9D: STA abs,x
lcpuC PC:CCE9 (9D 00 7D) A:20 X:BE Y:CC P:85 S:FD mem:002AC277 13:23836 tv:0.000000 9D: STA abs,x
lcpuC PC:CCEC (9D 00 7E) A:20 X:BE Y:CC P:85 S:FD mem:002AC297 13:23831 tv:0.000001 9D: STA abs,x
lcpuC PC:CCEF (9D 00 7F) A:20 X:BE Y:CC P:85 S:FD mem:002AC2B7 13:23826 tv:0.000001 9D: STA abs,x
lcpuC PC:CCF2 (E8 F0 70) A:20 X:BE Y:CC P:85 S:FD mem:002AC2D7 13:23821 tv:0.000001 E8: INX
lcpuC PC:CCF3 (F0 70 6C) A:20 X:BF Y:CC P:85 S:FD mem:002AC2D7 13:23819 tv:0.000001 F0: BEQ
lcpuC PC:CCF5 (6C 5D 03) A:20 X:BF Y:CC P:85 S:FD mem:002AC2D7 13:23817 tv:0.000001 6C: JMP ()
lcpuC PC:CCE6 (9D 00 7C) A:20 X:BF Y:CC P:85 S:FD mem:002AC2D7 13:23812 tv:0.000000 9D: STA abs,x
lcpuC PC:CCE9 (9D 00 7D) A:20 X:BF Y:CC P:85 S:FD mem:002AC2F7 13:23807 tv:0.000001 9D: STA abs,x
lcpuC PC:CCEC (9D 00 7E) A:20 X:BF Y:CC P:85 S:FD mem:002AC317 13:23802 tv:0.000001 9D: STA abs,x
lcpuC PC:CCEF (9D 00 7F) A:20 X:BF Y:CC P:85 S:FD mem:002AC337 13:23797 tv:0.000001 9D: STA abs,x
lcpuC PC:CCF2 (E8 F0 70) A:20 X:BF Y:CC P:85 S:FD mem:002AC357 13:23792 tv:0.000000 E8: INX
lcpuC PC:CCF3 (F0 70 6C) A:20 X:C0 Y:CC P:85 S:FD mem:002AC357 13:23790 tv:0.000001 F0: BEQ
lcpuC PC:CCF5 (6C 5D 03) A:20 X:C0 Y:CC P:85 S:FD mem:002AC357 13:23788 tv:0.000001 6C: JMP ()
lcpuC PC:CCE6 (9D 00 7C) A:20 X:C0 Y:CC P:85 S:FD mem:002AC357 13:23783 tv:0.000001 9D: STA abs,x
lcpuC PC:CCE9 (9D 00 7D) A:20 X:C0 Y:CC P:85 S:FD mem:002AC377 13:23778 tv:0.000001 9D: STA abs,x
lcpuC PC:CCEC (9D 00 7E) A:20 X:C0 Y:CC P:85 S:FD mem:002AC397 13:23773 tv:0.000001 9D: STA abs,x
lcpuC PC:CCEF (9D 00 7F) A:20 X:C0 Y:CC P:85 S:FD mem:002AC3B7 13:23768 tv:0.000001 9D: STA abs,x
lcpuC PC:CCF2 (E8 F0 70) A:20 X:C0 Y:CC P:85 S:FD mem:002AC3D7 13:23763 tv:0.000001 E8: INX
lcpuC PC:CCF3 (F0 70 6C) A:20 X:C1 Y:CC P:85 S:FD mem:002AC3D7 13:23761 tv:0.000000 F0: BEQ
lcpuC PC:CCF5 (6C 5D 03) A:20 X:C1 Y:CC P:85 S:FD mem:002AC3D7 13:23759 tv:0.000001 6C: JMP ()
lcpuC PC:CCE6 (9D 00 7C) A:20 X:C1 Y:CC P:85 S:FD mem:002AC3D7 13:23754 tv:0.000001 9D: STA abs,x
lcpuC PC:CCE9 (9D 00 7D) A:20 X:C1 Y:CC P:85 S:FD mem:002AC3F7 13:23749 tv:0.000000 9D: STA abs,x
lcpuC PC:CCEC (9D 00 7E) A:20 X:C1 Y:CC P:85 S:FD mem:002AC417 13:23744 tv:0.000000 9D: STA abs,x
lcpuC PC:CCEF (9D 00 7F) A:20 X:C1 Y:CC P:85 S:FD mem:002AC437 13:23739 tv:0.000000 9D: STA abs,x
lcpuC PC:CCF2 (E8 F0 70) A:20 X:C1 Y:CC P:85 S:FD mem:002AC457 13:23734 tv:0.000001 E8: INX
lcpuC PC:CCF3 (F0 70 6C) A:20 X:C2 Y:CC P:85 S:FD mem:002AC457 13:23732 tv:0.000000 F0: BEQ
lcpuC PC:CCF5 (6C 5D 03) A:20 X:C2 Y:CC P:85 S:FD mem:002AC457 13:23730 tv:0.000001 6C: JMP ()
lcpuC PC:CCE6 (9D 00 7C) A:20 X:C2 Y:CC P:85 S:FD mem:002AC457 13:23725 tv:0.000001 9D: STA abs,x
lcpuC PC:CCE9 (9D 00 7D) A:20 X:C2 Y:CC P:85 S:FD mem:002AC477 13:23720 tv:0.000001 9D: STA abs,x
lcpuC PC:CCEC (9D 00 7E) A:20 X:C2 Y:CC P:85 S:FD mem:002AC497 13:23715 tv:0.000001 9D: STA abs,x
lcpuC PC:CCEF (9D 00 7F) A:20 X:C2 Y:CC P:85 S:FD mem:002AC4B7 13:23710 tv:0.000001 9D: STA abs,x
lcpuC PC:CCF2 (E8 F0 70) A:20 X:C2 Y:CC P:85 S:FD mem:002AC4D7 13:23705 tv:0.000001 E8: INX
lcpuC PC:CCF3 (F0 70 6C) A:20 X:C3 Y:CC P:85 S:FD mem:002AC4D7 13:23703 tv:0.000001 F0: BEQ
lcpuC PC:CCF5 (6C 5D 03) A:20 X:C3 Y:CC P:85 S:FD mem:002AC4D7 13:23701 tv:0.000001 6C: JMP ()
lcpuC PC:CCE6 (9D 00 7C) A:20 X:C3 Y:CC P:85 S:FD mem:002AC4D7 13:23696 tv:0.000000 9D: STA abs,x
lcpuC PC:CCE9 (9D 00 7D) A:20 X:C3 Y:CC P:85 S:FD mem:002AC4F7 13:23691 tv:0.000001 9D: STA abs,x
lcpuC PC:CCEC (9D 00 7E) A:20 X:C3 Y:CC P:85 S:FD mem:002AC517 13:23686 tv:0.000001 9D: STA abs,x
lcpuC PC:CCEF (9D 00 7F) A:20 X:C3 Y:CC P:85 S:FD mem:002AC537 13:23681 tv:0.000000 9D: STA abs,x
lcpuC PC:CCF2 (E8 F0 70) A:20 X:C3 Y:CC P:85 S:FD mem:002AC557 13:23676 tv:0.000000 E8: INX
lcpuC PC:CCF3 (F0 70 6C) A:20 X:C4 Y:CC P:85 S:FD mem:002AC557 13:23674 tv:0.000001 F0: BEQ
lcpuC PC:CCF5 (6C 5D 03) A:20 X:C4 Y:CC P:85 S:FD mem:002AC557 13:23672 tv:0.000000 6C: JMP ()
lcpuC PC:CCE6 (9D 00 7C) A:20 X:C4 Y:CC P:85 S:FD mem:002AC557 13:23667 tv:0.000001 9D: STA abs,x
lcpuC PC:CCE9 (9D 00 7D) A:20 X:C4 Y:CC P:85 S:FD mem:002AC577 13:23662 tv:0.000001 9D: STA abs,x
lcpuC PC:CCEC (9D 00 7E) A:20 X:C4 Y:CC P:85 S:FD mem:002AC597 13:23657 tv:0.000001 9D: STA abs,x
lcpuC PC:CCEF (9D 00 7F) A:20 X:C4 Y:CC P:85 S:FD mem:002AC5B7 13:23652 tv:0.000001 9D: STA abs,x
lcpuC PC:CCF2 (E8 F0 70) A:20 X:C4 Y:CC P:85 S:FD mem:002AC5D7 13:23647 tv:0.000001 E8: INX
lcpuC PC:CCF3 (F0 70 6C) A:20 X:C5 Y:CC P:85 S:FD mem:002AC5D7 13:23645 tv:0.000001 F0: BEQ
lcpuC PC:CCF5 (6C 5D 03) A:20 X:C5 Y:CC P:85 S:FD mem:002AC5D7 13:23643 tv:0.000000 6C: JMP ()
lcpuC PC:CCE6 (9D 00 7C) A:20 X:C5 Y:CC P:85 S:FD mem:002AC5D7 13:23638 tv:0.000001 9D: STA abs,x
lcpuC PC:CCE9 (9D 00 7D) A:20 X:C5 Y:CC P:85 S:FD mem:002AC5F7 13:23633 tv:0.000000 9D: STA abs,x
lcpuC PC:CCEC (9D 00 7E) A:20 X:C5 Y:CC P:85 S:FD mem:002AC617 13:23628 tv:0.000001 9D: STA abs,x
lcpuC PC:CCEF (9D 00 7F) A:20 X:C5 Y:CC P:85 S:FD mem:002AC637 13:23623 tv:0.000000 9D: STA abs,x
lcpuC PC:CCF2 (E8 F0 70) A:20 X:C5 Y:CC P:85 S:FD mem:002AC657 13:23618 tv:0.000007 E8: INX
lcpuC PC:CCF3 (F0 70 6C) A:20 X:C6 Y:CC P:85 S:FD mem:002AC657 13:23616 tv:0.000000 F0: BEQ
lcpuC PC:CCF5 (6C 5D 03) A:20 X:C6 Y:CC P:85 S:FD mem:002AC657 13:23614 tv:0.000000 6C: JMP ()
lcpuC PC:CCE6 (9D 00 7C) A:20 X:C6 Y:CC P:85 S:FD mem:002AC657 13:23609 tv:0.000000 9D: STA abs,x
lcpuC PC:CCE9 (9D 00 7D) A:20 X:C6 Y:CC P:85 S:FD mem:002AC677 13:23604 tv:0.000000 9D: STA abs,x
lcpuC PC:CCEC (9D 00 7E) A:20 X:C6 Y:CC P:85 S:FD mem:002AC697 13:23599 tv:0.000000 9D: STA abs,x
lcpuC PC:CCEF (9D 00 7F) A:20 X:C6 Y:CC P:85 S:FD mem:002AC6B7 13:23594 tv:0.000001 9D: STA abs,x
lcpuC PC:CCF2 (E8 F0 70) A:20 X:C6 Y:CC P:85 S:FD mem:002AC6D7 13:23589 tv:0.000001 E8: INX
lcpuC PC:CCF3 (F0 70 6C) A:20 X:C7 Y:CC P:85 S:FD mem:002AC6D7 13:23587 tv:0.000001 F0: BEQ
lcpuC PC:CCF5 (6C 5D 03) A:20 X:C7 Y:CC P:85 S:FD mem:002AC6D7 13:23585 tv:0.000000 6C: JMP ()
lcpuC PC:CCE6 (9D 00 7C) A:20 X:C7 Y:CC P:85 S:FD mem:002AC6D7 13:23580 tv:0.000001 9D: STA abs,x
lcpuC PC:CCE9 (9D 00 7D) A:20 X:C7 Y:CC P:85 S:FD mem:002AC6F7 13:23575 tv:0.000002 9D: STA abs,x
lcpuC PC:CCEC (9D 00 7E) A:20 X:C7 Y:CC P:85 S:FD mem:002AC717 13:23570 tv:0.000001 9D: STA abs,x
lcpuC PC:CCEF (9D 00 7F) A:20 X:C7 Y:CC P:85 S:FD mem:002AC737 13:23565 tv:0.000000 9D: STA abs,x
lcpuC PC:CCF2 (E8 F0 70) A:20 X:C7 Y:CC P:85 S:FD mem:002AC757 13:23560 tv:0.000001 E8: INX
lcpuC PC:CCF3 (F0 70 6C) A:20 X:C8 Y:CC P:85 S:FD mem:002AC757 13:23558 tv:0.000001 F0: BEQ
lcpuC PC:CCF5 (6C 5D 03) A:20 X:C8 Y:CC P:85 S:FD mem:002AC757 13:23556 tv:0.000000 6C: JMP ()
lcpuC PC:CCE6 (9D 00 7C) A:20 X:C8 Y:CC P:85 S:FD mem:002AC757 13:23551 tv:0.000000 9D: STA abs,x
lcpuC PC:CCE9 (9D 00 7D) A:20 X:C8 Y:CC P:85 S:FD mem:002AC777 13:23546 tv:0.000000 9D: STA abs,x
lcpuC PC:CCEC (9D 00 7E) A:20 X:C8 Y:CC P:85 S:FD mem:002AC797 13:23541 tv:0.000000 9D: STA abs,x
lcpuC PC:CCEF (9D 00 7F) A:20 X:C8 Y:CC P:85 S:FD mem:002AC7B7 13:23536 tv:0.000001 9D: STA abs,x
lcpuC PC:CCF2 (E8 F0 70) A:20 X:C8 Y:CC P:85 S:FD mem:002AC7D7 13:23531 tv:0.000001 E8: INX
lcpuC PC:CCF3 (F0 70 6C) A:20 X:C9 Y:CC P:85 S:FD mem:002AC7D7 13:23529 tv:0.000000 F0: BEQ
lcpuC PC:CCF5 (6C 5D 03) A:20 X:C9 Y:CC P:85 S:FD mem:002AC7D7 13:23527 tv:0.000001 6C: JMP ()
lcpuC PC:CCE6 (9D 00 7C) A:20 X:C9 Y:CC P:85 S:FD mem:002AC7D7 13:23522 tv:0.000001 9D: STA abs,x
lcpuC PC:CCE9 (9D 00 7D) A:20 X:C9 Y:CC P:85 S:FD mem:002AC7F7 13:23517 tv:0.000001 9D: STA abs,x
lcpuC PC:CCEC (9D 00 7E) A:20 X:C9 Y:CC P:85 S:FD mem:002AC817 13:23512 tv:0.000000 9D: STA abs,x
lcpuC PC:CCEF (9D 00 7F) A:20 X:C9 Y:CC P:85 S:FD mem:002AC837 13:23507 tv:0.000001 9D: STA abs,x
lcpuC PC:CCF2 (E8 F0 70) A:20 X:C9 Y:CC P:85 S:FD mem:002AC857 13:23502 tv:0.000001 E8: INX
lcpuC PC:CCF3 (F0 70 6C) A:20 X:CA Y:CC P:85 S:FD mem:002AC857 13:23500 tv:0.000001 F0: BEQ
lcpuC PC:CCF5 (6C 5D 03) A:20 X:CA Y:CC P:85 S:FD mem:002AC857 13:23498 tv:0.000001 6C: JMP ()
lcpuC PC:CCE6 (9D 00 7C) A:20 X:CA Y:CC P:85 S:FD mem:002AC857 13:23493 tv:0.000000 9D: STA abs,x
lcpuC PC:CCE9 (9D 00 7D) A:20 X:CA Y:CC P:85 S:FD mem:002AC877 13:23488 tv:0.000000 9D: STA abs,x
lcpuC PC:CCEC (9D 00 7E) A:20 X:CA Y:CC P:85 S:FD mem:002AC897 13:23483 tv:0.000000 9D: STA abs,x
lcpuC PC:CCEF (9D 00 7F) A:20 X:CA Y:CC P:85 S:FD mem:002AC8B7 13:23478 tv:0.000000 9D: STA abs,x
lcpuC PC:CCF2 (E8 F0 70) A:20 X:CA Y:CC P:85 S:FD mem:002AC8D7 13:23473 tv:0.000001 E8: INX
lcpuC PC:CCF3 (F0 70 6C) A:20 X:CB Y:CC P:85 S:FD mem:002AC8D7 13:23471 tv:0.000001 F0: BEQ
lcpuC PC:CCF5 (6C 5D 03) A:20 X:CB Y:CC P:85 S:FD mem:002AC8D7 13:23469 tv:0.000001 6C: JMP ()
lcpuC PC:CCE6 (9D 00 7C) A:20 X:CB Y:CC P:85 S:FD mem:002AC8D7 13:23464 tv:0.000000 9D: STA abs,x
lcpuC PC:CCE9 (9D 00 7D) A:20 X:CB Y:CC P:85 S:FD mem:002AC8F7 13:23459 tv:0.000001 9D: STA abs,x
lcpuC PC:CCEC (9D 00 7E) A:20 X:CB Y:CC P:85 S:FD mem:002AC917 13:23454 tv:0.000000 9D: STA abs,x
lcpuC PC:CCEF (9D 00 7F) A:20 X:CB Y:CC P:85 S:FD mem:002AC937 13:23449 tv:0.000001 9D: STA abs,x
lcpuC PC:CCF2 (E8 F0 70) A:20 X:CB Y:CC P:85 S:FD mem:002AC957 13:23444 tv:0.000001 E8: INX
lcpuC PC:CCF3 (F0 70 6C) A:20 X:CC Y:CC P:85 S:FD mem:002AC957 13:23442 tv:0.000000 F0: BEQ
lcpuC PC:CCF5 (6C 5D 03) A:20 X:CC Y:CC P:85 S:FD mem:002AC957 13:23440 tv:0.000001 6C: JMP ()
lcpuC PC:CCE6 (9D 00 7C) A:20 X:CC Y:CC P:85 S:FD mem:002AC957 13:23435 tv:0.000000 9D: STA abs,x
lcpuC PC:CCE9 (9D 00 7D) A:20 X:CC Y:CC P:85 S:FD mem:002AC977 13:23430 tv:0.000000 9D: STA abs,x
lcpuC PC:CCEC (9D 00 7E) A:20 X:CC Y:CC P:85 S:FD mem:002AC997 13:23425 tv:0.000001 9D: STA abs,x
lcpuC PC:CCEF (9D 00 7F) A:20 X:CC Y:CC P:85 S:FD mem:002AC9B7 13:23420 tv:0.000001 9D: STA abs,x
lcpuC PC:CCF2 (E8 F0 70) A:20 X:CC Y:CC P:85 S:FD mem:002AC9D7 13:23415 tv:0.000001 E8: INX
lcpuC PC:CCF3 (F0 70 6C) A:20 X:CD Y:CC P:85 S:FD mem:002AC9D7 13:23413 tv:0.000001 F0: BEQ
lcpuC PC:CCF5 (6C 5D 03) A:20 X:CD Y:CC P:85 S:FD mem:002AC9D7 13:23411 tv:0.000001 6C: JMP ()
lcpuC PC:CCE6 (9D 00 7C) A:20 X:CD Y:CC P:85 S:FD mem:002AC9D7 13:23406 tv:0.000001 9D: STA abs,x
lcpuC PC:CCE9 (9D 00 7D) A:20 X:CD Y:CC P:85 S:FD mem:002AC9F7 13:23401 tv:0.000001 9D: STA abs,x
lcpuC PC:CCEC (9D 00 7E) A:20 X:CD Y:CC P:85 S:FD mem:002ACA17 13:23396 tv:0.000000 9D: STA abs,x
lcpuC PC:CCEF (9D 00 7F) A:20 X:CD Y:CC P:85 S:FD mem:002ACA37 13:23391 tv:0.000001 9D: STA abs,x
lcpuC PC:CCF2 (E8 F0 70) A:20 X:CD Y:CC P:85 S:FD mem:002ACA57 13:23386 tv:0.000001 E8: INX
lcpuC PC:CCF3 (F0 70 6C) A:20 X:CE Y:CC P:85 S:FD mem:002ACA57 13:23384 tv:0.000000 F0: BEQ
lcpuC PC:CCF5 (6C 5D 03) A:20 X:CE Y:CC P:85 S:FD mem:002ACA57 13:23382 tv:0.000000 6C: JMP ()
lcpuC PC:CCE6 (9D 00 7C) A:20 X:CE Y:CC P:85 S:FD mem:002ACA57 13:23377 tv:0.000001 9D: STA abs,x
lcpuC PC:CCE9 (9D 00 7D) A:20 X:CE Y:CC P:85 S:FD mem:002ACA77 13:23372 tv:0.000001 9D: STA abs,x
lcpuC PC:CCEC (9D 00 7E) A:20 X:CE Y:CC P:85 S:FD mem:002ACA97 13:23367 tv:0.000001 9D: STA abs,x
lcpuC PC:CCEF (9D 00 7F) A:20 X:CE Y:CC P:85 S:FD mem:002ACAB7 13:23362 tv:0.000007 9D: STA abs,x
lcpuC PC:CCF2 (E8 F0 70) A:20 X:CE Y:CC P:85 S:FD mem:002ACAD7 13:23357 tv:0.000001 E8: INX
lcpuC PC:CCF3 (F0 70 6C) A:20 X:CF Y:CC P:85 S:FD mem:002ACAD7 13:23355 tv:0.000000 F0: BEQ
lcpuC PC:CCF5 (6C 5D 03) A:20 X:CF Y:CC P:85 S:FD mem:002ACAD7 13:23353 tv:0.000000 6C: JMP ()
lcpuC PC:CCE6 (9D 00 7C) A:20 X:CF Y:CC P:85 S:FD mem:002ACAD7 13:23348 tv:0.000000 9D: STA abs,x
lcpuC PC:CCE9 (9D 00 7D) A:20 X:CF Y:CC P:85 S:FD mem:002ACAF7 13:23343 tv:0.000001 9D: STA abs,x
lcpuC PC:CCEC (9D 00 7E) A:20 X:CF Y:CC P:85 S:FD mem:002ACB17 13:23338 tv:0.000000 9D: STA abs,x
lcpuC PC:CCEF (9D 00 7F) A:20 X:CF Y:CC P:85 S:FD mem:002ACB37 13:23333 tv:0.000001 9D: STA abs,x
lcpuC PC:CCF2 (E8 F0 70) A:20 X:CF Y:CC P:85 S:FD mem:002ACB57 13:23328 tv:0.000001 E8: INX
lcpuC PC:CCF3 (F0 70 6C) A:20 X:D0 Y:CC P:85 S:FD mem:002ACB57 13:23326 tv:0.000001 F0: BEQ
lcpuC PC:CCF5 (6C 5D 03) A:20 X:D0 Y:CC P:85 S:FD mem:002ACB57 13:23324 tv:0.000000 6C: JMP ()
lcpuC PC:CCE6 (9D 00 7C) A:20 X:D0 Y:CC P:85 S:FD mem:002ACB57 13:23319 tv:0.000000 9D: STA abs,x
lcpuC PC:CCE9 (9D 00 7D) A:20 X:D0 Y:CC P:85 S:FD mem:002ACB77 13:23314 tv:0.000001 9D: STA abs,x
lcpuC PC:CCEC (9D 00 7E) A:20 X:D0 Y:CC P:85 S:FD mem:002ACB97 13:23309 tv:0.000000 9D: STA abs,x
lcpuC PC:CCEF (9D 00 7F) A:20 X:D0 Y:CC P:85 S:FD mem:002ACBB7 13:23304 tv:0.000000 9D: STA abs,x
lcpuC PC:CCF2 (E8 F0 70) A:20 X:D0 Y:CC P:85 S:FD mem:002ACBD7 13:23299 tv:0.000001 E8: INX
lcpuC PC:CCF3 (F0 70 6C) A:20 X:D1 Y:CC P:85 S:FD mem:002ACBD7 13:23297 tv:0.000001 F0: BEQ
lcpuC PC:CCF5 (6C 5D 03) A:20 X:D1 Y:CC P:85 S:FD mem:002ACBD7 13:23295 tv:0.000000 6C: JMP ()
lcpuC PC:CCE6 (9D 00 7C) A:20 X:D1 Y:CC P:85 S:FD mem:002ACBD7 13:23290 tv:0.000001 9D: STA abs,x
lcpuC PC:CCE9 (9D 00 7D) A:20 X:D1 Y:CC P:85 S:FD mem:002ACBF7 13:23285 tv:0.000001 9D: STA abs,x
lcpuC PC:CCEC (9D 00 7E) A:20 X:D1 Y:CC P:85 S:FD mem:002ACC17 13:23280 tv:0.000000 9D: STA abs,x
lcpuC PC:CCEF (9D 00 7F) A:20 X:D1 Y:CC P:85 S:FD mem:002ACC37 13:23275 tv:0.000001 9D: STA abs,x
lcpuC PC:CCF2 (E8 F0 70) A:20 X:D1 Y:CC P:85 S:FD mem:002ACC57 13:23270 tv:0.000001 E8: INX
lcpuC PC:CCF3 (F0 70 6C) A:20 X:D2 Y:CC P:85 S:FD mem:002ACC57 13:23268 tv:0.000001 F0: BEQ
lcpuC PC:CCF5 (6C 5D 03) A:20 X:D2 Y:CC P:85 S:FD mem:002ACC57 13:23266 tv:0.000000 6C: JMP ()
lcpuC PC:CCE6 (9D 00 7C) A:20 X:D2 Y:CC P:85 S:FD mem:002ACC57 13:23261 tv:0.000001 9D: STA abs,x
lcpuC PC:CCE9 (9D 00 7D) A:20 X:D2 Y:CC P:85 S:FD mem:002ACC77 13:23256 tv:0.000001 9D: STA abs,x
lcpuC PC:CCEC (9D 00 7E) A:20 X:D2 Y:CC P:85 S:FD mem:002ACC97 13:23251 tv:0.000000 9D: STA abs,x
lcpuC PC:CCEF (9D 00 7F) A:20 X:D2 Y:CC P:85 S:FD mem:002ACCB7 13:23246 tv:0.000001 9D: STA abs,x
lcpuC PC:CCF2 (E8 F0 70) A:20 X:D2 Y:CC P:85 S:FD mem:002ACCD7 13:23241 tv:0.000000 E8: INX
lcpuC PC:CCF3 (F0 70 6C) A:20 X:D3 Y:CC P:85 S:FD mem:002ACCD7 13:23239 tv:0.000001 F0: BEQ
lcpuC PC:CCF5 (6C 5D 03) A:20 X:D3 Y:CC P:85 S:FD mem:002ACCD7 13:23237 tv:0.000000 6C: JMP ()
lcpuC PC:CCE6 (9D 00 7C) A:20 X:D3 Y:CC P:85 S:FD mem:002ACCD7 13:23232 tv:0.000000 9D: STA abs,x
lcpuC PC:CCE9 (9D 00 7D) A:20 X:D3 Y:CC P:85 S:FD mem:002ACCF7 13:23227 tv:0.000001 9D: STA abs,x
lcpuC PC:CCEC (9D 00 7E) A:20 X:D3 Y:CC P:85 S:FD mem:002ACD17 13:23222 tv:0.000001 9D: STA abs,x
lcpuC PC:CCEF (9D 00 7F) A:20 X:D3 Y:CC P:85 S:FD mem:002ACD37 13:23217 tv:0.000001 9D: STA abs,x
lcpuC PC:CCF2 (E8 F0 70) A:20 X:D3 Y:CC P:85 S:FD mem:002ACD57 13:23212 tv:0.000000 E8: INX
lcpuC PC:CCF3 (F0 70 6C) A:20 X:D4 Y:CC P:85 S:FD mem:002ACD57 13:23210 tv:0.000000 F0: BEQ
lcpuC PC:CCF5 (6C 5D 03) A:20 X:D4 Y:CC P:85 S:FD mem:002ACD57 13:23208 tv:0.000000 6C: JMP ()
lcpuC PC:CCE6 (9D 00 7C) A:20 X:D4 Y:CC P:85 S:FD mem:002ACD57 13:23203 tv:0.000000 9D: STA abs,x
lcpuC PC:CCE9 (9D 00 7D) A:20 X:D4 Y:CC P:85 S:FD mem:002ACD77 13:23198 tv:0.000000 9D: STA abs,x
lcpuC PC:CCEC (9D 00 7E) A:20 X:D4 Y:CC P:85 S:FD mem:002ACD97 13:23193 tv:0.000001 9D: STA abs,x
lcpuC PC:CCEF (9D 00 7F) A:20 X:D4 Y:CC P:85 S:FD mem:002ACDB7 13:23188 tv:0.000000 9D: STA abs,x
lcpuC PC:CCF2 (E8 F0 70) A:20 X:D4 Y:CC P:85 S:FD mem:002ACDD7 13:23183 tv:0.000001 E8: INX
lcpuC PC:CCF3 (F0 70 6C) A:20 X:D5 Y:CC P:85 S:FD mem:002ACDD7 13:23181 tv:0.000001 F0: BEQ
lcpuC PC:CCF5 (6C 5D 03) A:20 X:D5 Y:CC P:85 S:FD mem:002ACDD7 13:23179 tv:0.000001 6C: JMP ()
lcpuC PC:CCE6 (9D 00 7C) A:20 X:D5 Y:CC P:85 S:FD mem:002ACDD7 13:23174 tv:0.000000 9D: STA abs,x
lcpuC PC:CCE9 (9D 00 7D) A:20 X:D5 Y:CC P:85 S:FD mem:002ACDF7 13:23169 tv:0.000000 9D: STA abs,x
lcpuC PC:CCEC (9D 00 7E) A:20 X:D5 Y:CC P:85 S:FD mem:002ACE17 13:23164 tv:0.000001 9D: STA abs,x
lcpuC PC:CCEF (9D 00 7F) A:20 X:D5 Y:CC P:85 S:FD mem:002ACE37 13:23159 tv:0.000000 9D: STA abs,x
lcpuC PC:CCF2 (E8 F0 70) A:20 X:D5 Y:CC P:85 S:FD mem:002ACE57 13:23154 tv:0.000000 E8: INX
lcpuC PC:CCF3 (F0 70 6C) A:20 X:D6 Y:CC P:85 S:FD mem:002ACE57 13:23152 tv:0.000000 F0: BEQ
lcpuC PC:CCF5 (6C 5D 03) A:20 X:D6 Y:CC P:85 S:FD mem:002ACE57 13:23150 tv:0.000000 6C: JMP ()
lcpuC PC:CCE6 (9D 00 7C) A:20 X:D6 Y:CC P:85 S:FD mem:002ACE57 13:23145 tv:0.000000 9D: STA abs,x
lcpuC PC:CCE9 (9D 00 7D) A:20 X:D6 Y:CC P:85 S:FD mem:002ACE77 13:23140 tv:0.000000 9D: STA abs,x
lcpuC PC:CCEC (9D 00 7E) A:20 X:D6 Y:CC P:85 S:FD mem:002ACE97 13:23135 tv:0.000001 9D: STA abs,x
lcpuC PC:CCEF (9D 00 7F) A:20 X:D6 Y:CC P:85 S:FD mem:002ACEB7 13:23130 tv:0.000001 9D: STA abs,x
lcpuC PC:CCF2 (E8 F0 70) A:20 X:D6 Y:CC P:85 S:FD mem:002ACED7 13:23125 tv:0.000000 E8: INX
lcpuC PC:CCF3 (F0 70 6C) A:20 X:D7 Y:CC P:85 S:FD mem:002ACED7 13:23123 tv:0.000000 F0: BEQ
lcpuC PC:CCF5 (6C 5D 03) A:20 X:D7 Y:CC P:85 S:FD mem:002ACED7 13:23121 tv:0.000000 6C: JMP ()
lcpuC PC:CCE6 (9D 00 7C) A:20 X:D7 Y:CC P:85 S:FD mem:002ACED7 13:23116 tv:0.000001 9D: STA abs,x
lcpuC PC:CCE9 (9D 00 7D) A:20 X:D7 Y:CC P:85 S:FD mem:002ACEF7 13:23111 tv:0.000001 9D: STA abs,x
lcpuC PC:CCEC (9D 00 7E) A:20 X:D7 Y:CC P:85 S:FD mem:002ACF17 13:23106 tv:0.000006 9D: STA abs,x
lcpuC PC:CCEF (9D 00 7F) A:20 X:D7 Y:CC P:85 S:FD mem:002ACF37 13:23101 tv:0.000001 9D: STA abs,x
lcpuC PC:CCF2 (E8 F0 70) A:20 X:D7 Y:CC P:85 S:FD mem:002ACF57 13:23096 tv:0.000001 E8: INX
lcpuC PC:CCF3 (F0 70 6C) A:20 X:D8 Y:CC P:85 S:FD mem:002ACF57 13:23094 tv:0.000000 F0: BEQ
lcpuC PC:CCF5 (6C 5D 03) A:20 X:D8 Y:CC P:85 S:FD mem:002ACF57 13:23092 tv:0.000000 6C: JMP ()
lcpuC PC:CCE6 (9D 00 7C) A:20 X:D8 Y:CC P:85 S:FD mem:002ACF57 13:23087 tv:0.000000 9D: STA abs,x
lcpuC PC:CCE9 (9D 00 7D) A:20 X:D8 Y:CC P:85 S:FD mem:002ACF77 13:23082 tv:0.000001 9D: STA abs,x
lcpuC PC:CCEC (9D 00 7E) A:20 X:D8 Y:CC P:85 S:FD mem:002ACF97 13:23077 tv:0.000001 9D: STA abs,x
lcpuC PC:CCEF (9D 00 7F) A:20 X:D8 Y:CC P:85 S:FD mem:002ACFB7 13:23072 tv:0.000001 9D: STA abs,x
lcpuC PC:CCF2 (E8 F0 70) A:20 X:D8 Y:CC P:85 S:FD mem:002ACFD7 13:23067 tv:0.000001 E8: INX
lcpuC PC:CCF3 (F0 70 6C) A:20 X:D9 Y:CC P:85 S:FD mem:002ACFD7 13:23065 tv:0.000001 F0: BEQ
lcpuC PC:CCF5 (6C 5D 03) A:20 X:D9 Y:CC P:85 S:FD mem:002ACFD7 13:23063 tv:0.000001 6C: JMP ()
lcpuC PC:CCE6 (9D 00 7C) A:20 X:D9 Y:CC P:85 S:FD mem:002ACFD7 13:23058 tv:0.000001 9D: STA abs,x
lcpuC PC:CCE9 (9D 00 7D) A:20 X:D9 Y:CC P:85 S:FD mem:002ACFF7 13:23053 tv:0.000001 9D: STA abs,x
lcpuC PC:CCEC (9D 00 7E) A:20 X:D9 Y:CC P:85 S:FD mem:002AD017 13:23048 tv:0.000000 9D: STA abs,x
lcpuC PC:CCEF (9D 00 7F) A:20 X:D9 Y:CC P:85 S:FD mem:002AD037 13:23043 tv:0.000001 9D: STA abs,x
lcpuC PC:CCF2 (E8 F0 70) A:20 X:D9 Y:CC P:85 S:FD mem:002AD057 13:23038 tv:0.000001 E8: INX
lcpuC PC:CCF3 (F0 70 6C) A:20 X:DA Y:CC P:85 S:FD mem:002AD057 13:23036 tv:0.000001 F0: BEQ
lcpuC PC:CCF5 (6C 5D 03) A:20 X:DA Y:CC P:85 S:FD mem:002AD057 13:23034 tv:0.000000 6C: JMP ()
lcpuC PC:CCE6 (9D 00 7C) A:20 X:DA Y:CC P:85 S:FD mem:002AD057 13:23029 tv:0.000001 9D: STA abs,x
lcpuC PC:CCE9 (9D 00 7D) A:20 X:DA Y:CC P:85 S:FD mem:002AD077 13:23024 tv:0.000001 9D: STA abs,x
lcpuC PC:CCEC (9D 00 7E) A:20 X:DA Y:CC P:85 S:FD mem:002AD097 13:23019 tv:0.000001 9D: STA abs,x
lcpuC PC:CCEF (9D 00 7F) A:20 X:DA Y:CC P:85 S:FD mem:002AD0B7 13:23014 tv:0.000001 9D: STA abs,x
lcpuC PC:CCF2 (E8 F0 70) A:20 X:DA Y:CC P:85 S:FD mem:002AD0D7 13:23009 tv:0.000001 E8: INX
lcpuC PC:CCF3 (F0 70 6C) A:20 X:DB Y:CC P:85 S:FD mem:002AD0D7 13:23007 tv:0.000000 F0: BEQ
lcpuC PC:CCF5 (6C 5D 03) A:20 X:DB Y:CC P:85 S:FD mem:002AD0D7 13:23005 tv:0.000001 6C: JMP ()
lcpuC PC:CCE6 (9D 00 7C) A:20 X:DB Y:CC P:85 S:FD mem:002AD0D7 13:23000 tv:0.000001 9D: STA abs,x
lcpuC PC:CCE9 (9D 00 7D) A:20 X:DB Y:CC P:85 S:FD mem:002AD0F7 13:22995 tv:0.000000 9D: STA abs,x
lcpuC PC:CCEC (9D 00 7E) A:20 X:DB Y:CC P:85 S:FD mem:002AD117 13:22990 tv:0.000000 9D: STA abs,x
lcpuC PC:CCEF (9D 00 7F) A:20 X:DB Y:CC P:85 S:FD mem:002AD137 13:22985 tv:0.000001 9D: STA abs,x
lcpuC PC:CCF2 (E8 F0 70) A:20 X:DB Y:CC P:85 S:FD mem:002AD157 13:22980 tv:0.000000 E8: INX
lcpuC PC:CCF3 (F0 70 6C) A:20 X:DC Y:CC P:85 S:FD mem:002AD157 13:22978 tv:0.000000 F0: BEQ
lcpuC PC:CCF5 (6C 5D 03) A:20 X:DC Y:CC P:85 S:FD mem:002AD157 13:22976 tv:0.000000 6C: JMP ()
lcpuC PC:CCE6 (9D 00 7C) A:20 X:DC Y:CC P:85 S:FD mem:002AD157 13:22971 tv:0.000001 9D: STA abs,x
lcpuC PC:CCE9 (9D 00 7D) A:20 X:DC Y:CC P:85 S:FD mem:002AD177 13:22966 tv:0.000001 9D: STA abs,x
lcpuC PC:CCEC (9D 00 7E) A:20 X:DC Y:CC P:85 S:FD mem:002AD197 13:22961 tv:0.000001 9D: STA abs,x
lcpuC PC:CCEF (9D 00 7F) A:20 X:DC Y:CC P:85 S:FD mem:002AD1B7 13:22956 tv:0.000000 9D: STA abs,x
lcpuC PC:CCF2 (E8 F0 70) A:20 X:DC Y:CC P:85 S:FD mem:002AD1D7 13:22951 tv:0.000001 E8: INX
lcpuC PC:CCF3 (F0 70 6C) A:20 X:DD Y:CC P:85 S:FD mem:002AD1D7 13:22949 tv:0.000001 F0: BEQ
lcpuC PC:CCF5 (6C 5D 03) A:20 X:DD Y:CC P:85 S:FD mem:002AD1D7 13:22947 tv:0.000001 6C: JMP ()
lcpuC PC:CCE6 (9D 00 7C) A:20 X:DD Y:CC P:85 S:FD mem:002AD1D7 13:22942 tv:0.000001 9D: STA abs,x
lcpuC PC:CCE9 (9D 00 7D) A:20 X:DD Y:CC P:85 S:FD mem:002AD1F7 13:22937 tv:0.000001 9D: STA abs,x
lcpuC PC:CCEC (9D 00 7E) A:20 X:DD Y:CC P:85 S:FD mem:002AD217 13:22932 tv:0.000000 9D: STA abs,x
lcpuC PC:CCEF (9D 00 7F) A:20 X:DD Y:CC P:85 S:FD mem:002AD237 13:22927 tv:0.000001 9D: STA abs,x
lcpuC PC:CCF2 (E8 F0 70) A:20 X:DD Y:CC P:85 S:FD mem:002AD257 13:22922 tv:0.000001 E8: INX
lcpuC PC:CCF3 (F0 70 6C) A:20 X:DE Y:CC P:85 S:FD mem:002AD257 13:22920 tv:0.000001 F0: BEQ
lcpuC PC:CCF5 (6C 5D 03) A:20 X:DE Y:CC P:85 S:FD mem:002AD257 13:22918 tv:0.000001 6C: JMP ()
lcpuC PC:CCE6 (9D 00 7C) A:20 X:DE Y:CC P:85 S:FD mem:002AD257 13:22913 tv:0.000001 9D: STA abs,x
lcpuC PC:CCE9 (9D 00 7D) A:20 X:DE Y:CC P:85 S:FD mem:002AD277 13:22908 tv:0.000001 9D: STA abs,x
lcpuC PC:CCEC (9D 00 7E) A:20 X:DE Y:CC P:85 S:FD mem:002AD297 13:22903 tv:0.000002 9D: STA abs,x
lcpuC PC:CCEF (9D 00 7F) A:20 X:DE Y:CC P:85 S:FD mem:002AD2B7 13:22898 tv:0.000000 9D: STA abs,x
lcpuC PC:CCF2 (E8 F0 70) A:20 X:DE Y:CC P:85 S:FD mem:002AD2D7 13:22893 tv:0.000001 E8: INX
lcpuC PC:CCF3 (F0 70 6C) A:20 X:DF Y:CC P:85 S:FD mem:002AD2D7 13:22891 tv:0.000000 F0: BEQ
lcpuC PC:CCF5 (6C 5D 03) A:20 X:DF Y:CC P:85 S:FD mem:002AD2D7 13:22889 tv:0.000001 6C: JMP ()
lcpuC PC:CCE6 (9D 00 7C) A:20 X:DF Y:CC P:85 S:FD mem:002AD2D7 13:22884 tv:0.000000 9D: STA abs,x
lcpuC PC:CCE9 (9D 00 7D) A:20 X:DF Y:CC P:85 S:FD mem:002AD2F7 13:22879 tv:0.000001 9D: STA abs,x
lcpuC PC:CCEC (9D 00 7E) A:20 X:DF Y:CC P:85 S:FD mem:002AD317 13:22874 tv:0.000000 9D: STA abs,x
lcpuC PC:CCEF (9D 00 7F) A:20 X:DF Y:CC P:85 S:FD mem:002AD337 13:22869 tv:0.000001 9D: STA abs,x
lcpuC PC:CCF2 (E8 F0 70) A:20 X:DF Y:CC P:85 S:FD mem:002AD357 13:22864 tv:0.000001 E8: INX
lcpuC PC:CCF3 (F0 70 6C) A:20 X:E0 Y:CC P:85 S:FD mem:002AD357 13:22862 tv:0.000001 F0: BEQ
lcpuC PC:CCF5 (6C 5D 03) A:20 X:E0 Y:CC P:85 S:FD mem:002AD357 13:22860 tv:0.000001 6C: JMP ()
lcpuC PC:CCE6 (9D 00 7C) A:20 X:E0 Y:CC P:85 S:FD mem:002AD357 13:22855 tv:0.000000 9D: STA abs,x
lcpuC PC:CCE9 (9D 00 7D) A:20 X:E0 Y:CC P:85 S:FD mem:002AD377 13:22850 tv:0.000009 9D: STA abs,x
lcpuC PC:CCEC (9D 00 7E) A:20 X:E0 Y:CC P:85 S:FD mem:002AD397 13:22845 tv:0.000001 9D: STA abs,x
lcpuC PC:CCEF (9D 00 7F) A:20 X:E0 Y:CC P:85 S:FD mem:002AD3B7 13:22840 tv:0.000000 9D: STA abs,x
lcpuC PC:CCF2 (E8 F0 70) A:20 X:E0 Y:CC P:85 S:FD mem:002AD3D7 13:22835 tv:0.000000 E8: INX
lcpuC PC:CCF3 (F0 70 6C) A:20 X:E1 Y:CC P:85 S:FD mem:002AD3D7 13:22833 tv:0.000000 F0: BEQ
lcpuC PC:CCF5 (6C 5D 03) A:20 X:E1 Y:CC P:85 S:FD mem:002AD3D7 13:22831 tv:0.000001 6C: JMP ()
lcpuC PC:CCE6 (9D 00 7C) A:20 X:E1 Y:CC P:85 S:FD mem:002AD3D7 13:22826 tv:0.000001 9D: STA abs,x
lcpuC PC:CCE9 (9D 00 7D) A:20 X:E1 Y:CC P:85 S:FD mem:002AD3F7 13:22821 tv:0.000001 9D: STA abs,x
lcpuC PC:CCEC (9D 00 7E) A:20 X:E1 Y:CC P:85 S:FD mem:002AD417 13:22816 tv:0.000001 9D: STA abs,x
lcpuC PC:CCEF (9D 00 7F) A:20 X:E1 Y:CC P:85 S:FD mem:002AD437 13:22811 tv:0.000001 9D: STA abs,x
lcpuC PC:CCF2 (E8 F0 70) A:20 X:E1 Y:CC P:85 S:FD mem:002AD457 13:22806 tv:0.000001 E8: INX
lcpuC PC:CCF3 (F0 70 6C) A:20 X:E2 Y:CC P:85 S:FD mem:002AD457 13:22804 tv:0.000000 F0: BEQ
lcpuC PC:CCF5 (6C 5D 03) A:20 X:E2 Y:CC P:85 S:FD mem:002AD457 13:22802 tv:0.000000 6C: JMP ()
lcpuC PC:CCE6 (9D 00 7C) A:20 X:E2 Y:CC P:85 S:FD mem:002AD457 13:22797 tv:0.000001 9D: STA abs,x
lcpuC PC:CCE9 (9D 00 7D) A:20 X:E2 Y:CC P:85 S:FD mem:002AD477 13:22792 tv:0.000001 9D: STA abs,x
lcpuC PC:CCEC (9D 00 7E) A:20 X:E2 Y:CC P:85 S:FD mem:002AD497 13:22787 tv:0.000000 9D: STA abs,x
lcpuC PC:CCEF (9D 00 7F) A:20 X:E2 Y:CC P:85 S:FD mem:002AD4B7 13:22782 tv:0.000000 9D: STA abs,x
lcpuC PC:CCF2 (E8 F0 70) A:20 X:E2 Y:CC P:85 S:FD mem:002AD4D7 13:22777 tv:0.000001 E8: INX
lcpuC PC:CCF3 (F0 70 6C) A:20 X:E3 Y:CC P:85 S:FD mem:002AD4D7 13:22775 tv:0.000001 F0: BEQ
lcpuC PC:CCF5 (6C 5D 03) A:20 X:E3 Y:CC P:85 S:FD mem:002AD4D7 13:22773 tv:0.000000 6C: JMP ()
lcpuC PC:CCE6 (9D 00 7C) A:20 X:E3 Y:CC P:85 S:FD mem:002AD4D7 13:22768 tv:0.000000 9D: STA abs,x
lcpuC PC:CCE9 (9D 00 7D) A:20 X:E3 Y:CC P:85 S:FD mem:002AD4F7 13:22763 tv:0.000000 9D: STA abs,x
lcpuC PC:CCEC (9D 00 7E) A:20 X:E3 Y:CC P:85 S:FD mem:002AD517 13:22758 tv:0.000001 9D: STA abs,x
lcpuC PC:CCEF (9D 00 7F) A:20 X:E3 Y:CC P:85 S:FD mem:002AD537 13:22753 tv:0.000001 9D: STA abs,x
lcpuC PC:CCF2 (E8 F0 70) A:20 X:E3 Y:CC P:85 S:FD mem:002AD557 13:22748 tv:0.000001 E8: INX
lcpuC PC:CCF3 (F0 70 6C) A:20 X:E4 Y:CC P:85 S:FD mem:002AD557 13:22746 tv:0.000000 F0: BEQ
lcpuC PC:CCF5 (6C 5D 03) A:20 X:E4 Y:CC P:85 S:FD mem:002AD557 13:22744 tv:0.000000 6C: JMP ()
lcpuC PC:CCE6 (9D 00 7C) A:20 X:E4 Y:CC P:85 S:FD mem:002AD557 13:22739 tv:0.000000 9D: STA abs,x
lcpuC PC:CCE9 (9D 00 7D) A:20 X:E4 Y:CC P:85 S:FD mem:002AD577 13:22734 tv:0.000001 9D: STA abs,x
lcpuC PC:CCEC (9D 00 7E) A:20 X:E4 Y:CC P:85 S:FD mem:002AD597 13:22729 tv:0.000000 9D: STA abs,x
lcpuC PC:CCEF (9D 00 7F) A:20 X:E4 Y:CC P:85 S:FD mem:002AD5B7 13:22724 tv:0.000001 9D: STA abs,x
lcpuC PC:CCF2 (E8 F0 70) A:20 X:E4 Y:CC P:85 S:FD mem:002AD5D7 13:22719 tv:0.000000 E8: INX
lcpuC PC:CCF3 (F0 70 6C) A:20 X:E5 Y:CC P:85 S:FD mem:002AD5D7 13:22717 tv:0.000001 F0: BEQ
lcpuC PC:CCF5 (6C 5D 03) A:20 X:E5 Y:CC P:85 S:FD mem:002AD5D7 13:22715 tv:0.000001 6C: JMP ()
lcpuC PC:CCE6 (9D 00 7C) A:20 X:E5 Y:CC P:85 S:FD mem:002AD5D7 13:22710 tv:0.000001 9D: STA abs,x
lcpuC PC:CCE9 (9D 00 7D) A:20 X:E5 Y:CC P:85 S:FD mem:002AD5F7 13:22705 tv:0.000000 9D: STA abs,x
lcpuC PC:CCEC (9D 00 7E) A:20 X:E5 Y:CC P:85 S:FD mem:002AD617 13:22700 tv:0.000001 9D: STA abs,x
lcpuC PC:CCEF (9D 00 7F) A:20 X:E5 Y:CC P:85 S:FD mem:002AD637 13:22695 tv:0.000001 9D: STA abs,x
lcpuC PC:CCF2 (E8 F0 70) A:20 X:E5 Y:CC P:85 S:FD mem:002AD657 13:22690 tv:0.000001 E8: INX
lcpuC PC:CCF3 (F0 70 6C) A:20 X:E6 Y:CC P:85 S:FD mem:002AD657 13:22688 tv:0.000000 F0: BEQ
lcpuC PC:CCF5 (6C 5D 03) A:20 X:E6 Y:CC P:85 S:FD mem:002AD657 13:22686 tv:0.000000 6C: JMP ()
lcpuC PC:CCE6 (9D 00 7C) A:20 X:E6 Y:CC P:85 S:FD mem:002AD657 13:22681 tv:0.000001 9D: STA abs,x
lcpuC PC:CCE9 (9D 00 7D) A:20 X:E6 Y:CC P:85 S:FD mem:002AD677 13:22676 tv:0.000000 9D: STA abs,x
lcpuC PC:CCEC (9D 00 7E) A:20 X:E6 Y:CC P:85 S:FD mem:002AD697 13:22671 tv:0.000001 9D: STA abs,x
lcpuC PC:CCEF (9D 00 7F) A:20 X:E6 Y:CC P:85 S:FD mem:002AD6B7 13:22666 tv:0.000000 9D: STA abs,x
lcpuC PC:CCF2 (E8 F0 70) A:20 X:E6 Y:CC P:85 S:FD mem:002AD6D7 13:22661 tv:0.000001 E8: INX
lcpuC PC:CCF3 (F0 70 6C) A:20 X:E7 Y:CC P:85 S:FD mem:002AD6D7 13:22659 tv:0.000001 F0: BEQ
lcpuC PC:CCF5 (6C 5D 03) A:20 X:E7 Y:CC P:85 S:FD mem:002AD6D7 13:22657 tv:0.000000 6C: JMP ()
lcpuC PC:CCE6 (9D 00 7C) A:20 X:E7 Y:CC P:85 S:FD mem:002AD6D7 13:22652 tv:0.000000 9D: STA abs,x
lcpuC PC:CCE9 (9D 00 7D) A:20 X:E7 Y:CC P:85 S:FD mem:002AD6F7 13:22647 tv:0.000001 9D: STA abs,x
lcpuC PC:CCEC (9D 00 7E) A:20 X:E7 Y:CC P:85 S:FD mem:002AD717 13:22642 tv:0.000000 9D: STA abs,x
lcpuC PC:CCEF (9D 00 7F) A:20 X:E7 Y:CC P:85 S:FD mem:002AD737 13:22637 tv:0.000000 9D: STA abs,x
lcpuC PC:CCF2 (E8 F0 70) A:20 X:E7 Y:CC P:85 S:FD mem:002AD757 13:22632 tv:0.000000 E8: INX
lcpuC PC:CCF3 (F0 70 6C) A:20 X:E8 Y:CC P:85 S:FD mem:002AD757 13:22630 tv:0.000001 F0: BEQ
lcpuC PC:CCF5 (6C 5D 03) A:20 X:E8 Y:CC P:85 S:FD mem:002AD757 13:22628 tv:0.000000 6C: JMP ()
lcpuC PC:CCE6 (9D 00 7C) A:20 X:E8 Y:CC P:85 S:FD mem:002AD757 13:22623 tv:0.000001 9D: STA abs,x
lcpuC PC:CCE9 (9D 00 7D) A:20 X:E8 Y:CC P:85 S:FD mem:002AD777 13:22618 tv:0.000000 9D: STA abs,x
lcpuC PC:CCEC (9D 00 7E) A:20 X:E8 Y:CC P:85 S:FD mem:002AD797 13:22613 tv:0.000001 9D: STA abs,x
lcpuC PC:CCEF (9D 00 7F) A:20 X:E8 Y:CC P:85 S:FD mem:002AD7B7 13:22608 tv:0.000000 9D: STA abs,x
lcpuC PC:CCF2 (E8 F0 70) A:20 X:E8 Y:CC P:85 S:FD mem:002AD7D7 13:22603 tv:0.000000 E8: INX
lcpuC PC:CCF3 (F0 70 6C) A:20 X:E9 Y:CC P:85 S:FD mem:002AD7D7 13:22601 tv:0.000000 F0: BEQ
lcpuC PC:CCF5 (6C 5D 03) A:20 X:E9 Y:CC P:85 S:FD mem:002AD7D7 13:22599 tv:0.000000 6C: JMP ()
lcpuC PC:CCE6 (9D 00 7C) A:20 X:E9 Y:CC P:85 S:FD mem:002AD7D7 13:22594 tv:0.000006 9D: STA abs,x
lcpuC PC:CCE9 (9D 00 7D) A:20 X:E9 Y:CC P:85 S:FD mem:002AD7F7 13:22589 tv:0.000000 9D: STA abs,x
lcpuC PC:CCEC (9D 00 7E) A:20 X:E9 Y:CC P:85 S:FD mem:002AD817 13:22584 tv:0.000001 9D: STA abs,x
lcpuC PC:CCEF (9D 00 7F) A:20 X:E9 Y:CC P:85 S:FD mem:002AD837 13:22579 tv:0.000000 9D: STA abs,x
lcpuC PC:CCF2 (E8 F0 70) A:20 X:E9 Y:CC P:85 S:FD mem:002AD857 13:22574 tv:0.000000 E8: INX
lcpuC PC:CCF3 (F0 70 6C) A:20 X:EA Y:CC P:85 S:FD mem:002AD857 13:22572 tv:0.000001 F0: BEQ
lcpuC PC:CCF5 (6C 5D 03) A:20 X:EA Y:CC P:85 S:FD mem:002AD857 13:22570 tv:0.000000 6C: JMP ()
lcpuC PC:CCE6 (9D 00 7C) A:20 X:EA Y:CC P:85 S:FD mem:002AD857 13:22565 tv:0.000000 9D: STA abs,x
lcpuC PC:CCE9 (9D 00 7D) A:20 X:EA Y:CC P:85 S:FD mem:002AD877 13:22560 tv:0.000001 9D: STA abs,x
lcpuC PC:CCEC (9D 00 7E) A:20 X:EA Y:CC P:85 S:FD mem:002AD897 13:22555 tv:0.000001 9D: STA abs,x
lcpuC PC:CCEF (9D 00 7F) A:20 X:EA Y:CC P:85 S:FD mem:002AD8B7 13:22550 tv:0.000000 9D: STA abs,x
lcpuC PC:CCF2 (E8 F0 70) A:20 X:EA Y:CC P:85 S:FD mem:002AD8D7 13:22545 tv:0.000000 E8: INX
lcpuC PC:CCF3 (F0 70 6C) A:20 X:EB Y:CC P:85 S:FD mem:002AD8D7 13:22543 tv:0.000000 F0: BEQ
lcpuC PC:CCF5 (6C 5D 03) A:20 X:EB Y:CC P:85 S:FD mem:002AD8D7 13:22541 tv:0.000000 6C: JMP ()
lcpuC PC:CCE6 (9D 00 7C) A:20 X:EB Y:CC P:85 S:FD mem:002AD8D7 13:22536 tv:0.000001 9D: STA abs,x
lcpuC PC:CCE9 (9D 00 7D) A:20 X:EB Y:CC P:85 S:FD mem:002AD8F7 13:22531 tv:0.000001 9D: STA abs,x
lcpuC PC:CCEC (9D 00 7E) A:20 X:EB Y:CC P:85 S:FD mem:002AD917 13:22526 tv:0.000001 9D: STA abs,x
lcpuC PC:CCEF (9D 00 7F) A:20 X:EB Y:CC P:85 S:FD mem:002AD937 13:22521 tv:0.000001 9D: STA abs,x
lcpuC PC:CCF2 (E8 F0 70) A:20 X:EB Y:CC P:85 S:FD mem:002AD957 13:22516 tv:0.000001 E8: INX
lcpuC PC:CCF3 (F0 70 6C) A:20 X:EC Y:CC P:85 S:FD mem:002AD957 13:22514 tv:0.000001 F0: BEQ
lcpuC PC:CCF5 (6C 5D 03) A:20 X:EC Y:CC P:85 S:FD mem:002AD957 13:22512 tv:0.000001 6C: JMP ()
lcpuC PC:CCE6 (9D 00 7C) A:20 X:EC Y:CC P:85 S:FD mem:002AD957 13:22507 tv:0.000001 9D: STA abs,x
lcpuC PC:CCE9 (9D 00 7D) A:20 X:EC Y:CC P:85 S:FD mem:002AD977 13:22502 tv:0.000000 9D: STA abs,x
lcpuC PC:CCEC (9D 00 7E) A:20 X:EC Y:CC P:85 S:FD mem:002AD997 13:22497 tv:0.000001 9D: STA abs,x
lcpuC PC:CCEF (9D 00 7F) A:20 X:EC Y:CC P:85 S:FD mem:002AD9B7 13:22492 tv:0.000001 9D: STA abs,x
lcpuC PC:CCF2 (E8 F0 70) A:20 X:EC Y:CC P:85 S:FD mem:002AD9D7 13:22487 tv:0.000001 E8: INX
lcpuC PC:CCF3 (F0 70 6C) A:20 X:ED Y:CC P:85 S:FD mem:002AD9D7 13:22485 tv:0.000001 F0: BEQ
lcpuC PC:CCF5 (6C 5D 03) A:20 X:ED Y:CC P:85 S:FD mem:002AD9D7 13:22483 tv:0.000000 6C: JMP ()
lcpuC PC:CCE6 (9D 00 7C) A:20 X:ED Y:CC P:85 S:FD mem:002AD9D7 13:22478 tv:0.000000 9D: STA abs,x
lcpuC PC:CCE9 (9D 00 7D) A:20 X:ED Y:CC P:85 S:FD mem:002AD9F7 13:22473 tv:0.000000 9D: STA abs,x
lcpuC PC:CCEC (9D 00 7E) A:20 X:ED Y:CC P:85 S:FD mem:002ADA17 13:22468 tv:0.000001 9D: STA abs,x
lcpuC PC:CCEF (9D 00 7F) A:20 X:ED Y:CC P:85 S:FD mem:002ADA37 13:22463 tv:0.000001 9D: STA abs,x
lcpuC PC:CCF2 (E8 F0 70) A:20 X:ED Y:CC P:85 S:FD mem:002ADA57 13:22458 tv:0.000000 E8: INX
lcpuC PC:CCF3 (F0 70 6C) A:20 X:EE Y:CC P:85 S:FD mem:002ADA57 13:22456 tv:0.000000 F0: BEQ
lcpuC PC:CCF5 (6C 5D 03) A:20 X:EE Y:CC P:85 S:FD mem:002ADA57 13:22454 tv:0.000000 6C: JMP ()
lcpuC PC:CCE6 (9D 00 7C) A:20 X:EE Y:CC P:85 S:FD mem:002ADA57 13:22449 tv:0.000001 9D: STA abs,x
lcpuC PC:CCE9 (9D 00 7D) A:20 X:EE Y:CC P:85 S:FD mem:002ADA77 13:22444 tv:0.000000 9D: STA abs,x
lcpuC PC:CCEC (9D 00 7E) A:20 X:EE Y:CC P:85 S:FD mem:002ADA97 13:22439 tv:0.000000 9D: STA abs,x
lcpuC PC:CCEF (9D 00 7F) A:20 X:EE Y:CC P:85 S:FD mem:002ADAB7 13:22434 tv:0.000000 9D: STA abs,x
lcpuC PC:CCF2 (E8 F0 70) A:20 X:EE Y:CC P:85 S:FD mem:002ADAD7 13:22429 tv:0.000001 E8: INX
lcpuC PC:CCF3 (F0 70 6C) A:20 X:EF Y:CC P:85 S:FD mem:002ADAD7 13:22427 tv:0.000001 F0: BEQ
lcpuC PC:CCF5 (6C 5D 03) A:20 X:EF Y:CC P:85 S:FD mem:002ADAD7 13:22425 tv:0.000000 6C: JMP ()
lcpuC PC:CCE6 (9D 00 7C) A:20 X:EF Y:CC P:85 S:FD mem:002ADAD7 13:22420 tv:0.000001 9D: STA abs,x
lcpuC PC:CCE9 (9D 00 7D) A:20 X:EF Y:CC P:85 S:FD mem:002ADAF7 13:22415 tv:0.000001 9D: STA abs,x
lcpuC PC:CCEC (9D 00 7E) A:20 X:EF Y:CC P:85 S:FD mem:002ADB17 13:22410 tv:0.000002 9D: STA abs,x
lcpuC PC:CCEF (9D 00 7F) A:20 X:EF Y:CC P:85 S:FD mem:002ADB37 13:22405 tv:0.000001 9D: STA abs,x
lcpuC PC:CCF2 (E8 F0 70) A:20 X:EF Y:CC P:85 S:FD mem:002ADB57 13:22400 tv:0.000000 E8: INX
lcpuC PC:CCF3 (F0 70 6C) A:20 X:F0 Y:CC P:85 S:FD mem:002ADB57 13:22398 tv:0.000000 F0: BEQ
lcpuC PC:CCF5 (6C 5D 03) A:20 X:F0 Y:CC P:85 S:FD mem:002ADB57 13:22396 tv:0.000000 6C: JMP ()
lcpuC PC:CCE6 (9D 00 7C) A:20 X:F0 Y:CC P:85 S:FD mem:002ADB57 13:22391 tv:0.000001 9D: STA abs,x
lcpuC PC:CCE9 (9D 00 7D) A:20 X:F0 Y:CC P:85 S:FD mem:002ADB77 13:22386 tv:0.000000 9D: STA abs,x
lcpuC PC:CCEC (9D 00 7E) A:20 X:F0 Y:CC P:85 S:FD mem:002ADB97 13:22381 tv:0.000001 9D: STA abs,x
lcpuC PC:CCEF (9D 00 7F) A:20 X:F0 Y:CC P:85 S:FD mem:002ADBB7 13:22376 tv:0.000000 9D: STA abs,x
lcpuC PC:CCF2 (E8 F0 70) A:20 X:F0 Y:CC P:85 S:FD mem:002ADBD7 13:22371 tv:0.000001 E8: INX
lcpuC PC:CCF3 (F0 70 6C) A:20 X:F1 Y:CC P:85 S:FD mem:002ADBD7 13:22369 tv:0.000001 F0: BEQ
lcpuC PC:CCF5 (6C 5D 03) A:20 X:F1 Y:CC P:85 S:FD mem:002ADBD7 13:22367 tv:0.000001 6C: JMP ()
lcpuC PC:CCE6 (9D 00 7C) A:20 X:F1 Y:CC P:85 S:FD mem:002ADBD7 13:22362 tv:0.000001 9D: STA abs,x
lcpuC PC:CCE9 (9D 00 7D) A:20 X:F1 Y:CC P:85 S:FD mem:002ADBF7 13:22357 tv:0.000002 9D: STA abs,x
lcpuC PC:CCEC (9D 00 7E) A:20 X:F1 Y:CC P:85 S:FD mem:002ADC17 13:22352 tv:0.000001 9D: STA abs,x
lcpuC PC:CCEF (9D 00 7F) A:20 X:F1 Y:CC P:85 S:FD mem:002ADC37 13:22347 tv:0.000001 9D: STA abs,x
lcpuC PC:CCF2 (E8 F0 70) A:20 X:F1 Y:CC P:85 S:FD mem:002ADC57 13:22342 tv:0.000001 E8: INX
lcpuC PC:CCF3 (F0 70 6C) A:20 X:F2 Y:CC P:85 S:FD mem:002ADC57 13:22340 tv:0.000008 F0: BEQ
lcpuC PC:CCF5 (6C 5D 03) A:20 X:F2 Y:CC P:85 S:FD mem:002ADC57 13:22338 tv:0.000001 6C: JMP ()
lcpuC PC:CCE6 (9D 00 7C) A:20 X:F2 Y:CC P:85 S:FD mem:002ADC57 13:22333 tv:0.000001 9D: STA abs,x
lcpuC PC:CCE9 (9D 00 7D) A:20 X:F2 Y:CC P:85 S:FD mem:002ADC77 13:22328 tv:0.000001 9D: STA abs,x
lcpuC PC:CCEC (9D 00 7E) A:20 X:F2 Y:CC P:85 S:FD mem:002ADC97 13:22323 tv:0.000001 9D: STA abs,x
lcpuC PC:CCEF (9D 00 7F) A:20 X:F2 Y:CC P:85 S:FD mem:002ADCB7 13:22318 tv:0.000001 9D: STA abs,x
lcpuC PC:CCF2 (E8 F0 70) A:20 X:F2 Y:CC P:85 S:FD mem:002ADCD7 13:22313 tv:0.000000 E8: INX
lcpuC PC:CCF3 (F0 70 6C) A:20 X:F3 Y:CC P:85 S:FD mem:002ADCD7 13:22311 tv:0.000001 F0: BEQ
lcpuC PC:CCF5 (6C 5D 03) A:20 X:F3 Y:CC P:85 S:FD mem:002ADCD7 13:22309 tv:0.000000 6C: JMP ()
lcpuC PC:CCE6 (9D 00 7C) A:20 X:F3 Y:CC P:85 S:FD mem:002ADCD7 13:22304 tv:0.000001 9D: STA abs,x
lcpuC PC:CCE9 (9D 00 7D) A:20 X:F3 Y:CC P:85 S:FD mem:002ADCF7 13:22299 tv:0.000001 9D: STA abs,x
lcpuC PC:CCEC (9D 00 7E) A:20 X:F3 Y:CC P:85 S:FD mem:002ADD17 13:22294 tv:0.000001 9D: STA abs,x
lcpuC PC:CCEF (9D 00 7F) A:20 X:F3 Y:CC P:85 S:FD mem:002ADD37 13:22289 tv:0.000001 9D: STA abs,x
lcpuC PC:CCF2 (E8 F0 70) A:20 X:F3 Y:CC P:85 S:FD mem:002ADD57 13:22284 tv:0.000001 E8: INX
lcpuC PC:CCF3 (F0 70 6C) A:20 X:F4 Y:CC P:85 S:FD mem:002ADD57 13:22282 tv:0.000001 F0: BEQ
lcpuC PC:CCF5 (6C 5D 03) A:20 X:F4 Y:CC P:85 S:FD mem:002ADD57 13:22280 tv:0.000001 6C: JMP ()
lcpuC PC:CCE6 (9D 00 7C) A:20 X:F4 Y:CC P:85 S:FD mem:002ADD57 13:22275 tv:0.000000 9D: STA abs,x
lcpuC PC:CCE9 (9D 00 7D) A:20 X:F4 Y:CC P:85 S:FD mem:002ADD77 13:22270 tv:0.000000 9D: STA abs,x
lcpuC PC:CCEC (9D 00 7E) A:20 X:F4 Y:CC P:85 S:FD mem:002ADD97 13:22265 tv:0.000000 9D: STA abs,x
lcpuC PC:CCEF (9D 00 7F) A:20 X:F4 Y:CC P:85 S:FD mem:002ADDB7 13:22260 tv:0.000001 9D: STA abs,x
lcpuC PC:CCF2 (E8 F0 70) A:20 X:F4 Y:CC P:85 S:FD mem:002ADDD7 13:22255 tv:0.000001 E8: INX
lcpuC PC:CCF3 (F0 70 6C) A:20 X:F5 Y:CC P:85 S:FD mem:002ADDD7 13:22253 tv:0.000000 F0: BEQ
lcpuC PC:CCF5 (6C 5D 03) A:20 X:F5 Y:CC P:85 S:FD mem:002ADDD7 13:22251 tv:0.000000 6C: JMP ()
lcpuC PC:CCE6 (9D 00 7C) A:20 X:F5 Y:CC P:85 S:FD mem:002ADDD7 13:22246 tv:0.000001 9D: STA abs,x
lcpuC PC:CCE9 (9D 00 7D) A:20 X:F5 Y:CC P:85 S:FD mem:002ADDF7 13:22241 tv:0.000001 9D: STA abs,x
lcpuC PC:CCEC (9D 00 7E) A:20 X:F5 Y:CC P:85 S:FD mem:002ADE17 13:22236 tv:0.000001 9D: STA abs,x
lcpuC PC:CCEF (9D 00 7F) A:20 X:F5 Y:CC P:85 S:FD mem:002ADE37 13:22231 tv:0.000000 9D: STA abs,x
lcpuC PC:CCF2 (E8 F0 70) A:20 X:F5 Y:CC P:85 S:FD mem:002ADE57 13:22226 tv:0.000000 E8: INX
lcpuC PC:CCF3 (F0 70 6C) A:20 X:F6 Y:CC P:85 S:FD mem:002ADE57 13:22224 tv:0.000001 F0: BEQ
lcpuC PC:CCF5 (6C 5D 03) A:20 X:F6 Y:CC P:85 S:FD mem:002ADE57 13:22222 tv:0.000001 6C: JMP ()
lcpuC PC:CCE6 (9D 00 7C) A:20 X:F6 Y:CC P:85 S:FD mem:002ADE57 13:22217 tv:0.000000 9D: STA abs,x
lcpuC PC:CCE9 (9D 00 7D) A:20 X:F6 Y:CC P:85 S:FD mem:002ADE77 13:22212 tv:0.000000 9D: STA abs,x
lcpuC PC:CCEC (9D 00 7E) A:20 X:F6 Y:CC P:85 S:FD mem:002ADE97 13:22207 tv:0.000001 9D: STA abs,x
lcpuC PC:CCEF (9D 00 7F) A:20 X:F6 Y:CC P:85 S:FD mem:002ADEB7 13:22202 tv:0.000000 9D: STA abs,x
lcpuC PC:CCF2 (E8 F0 70) A:20 X:F6 Y:CC P:85 S:FD mem:002ADED7 13:22197 tv:0.000001 E8: INX
lcpuC PC:CCF3 (F0 70 6C) A:20 X:F7 Y:CC P:85 S:FD mem:002ADED7 13:22195 tv:0.000001 F0: BEQ
lcpuC PC:CCF5 (6C 5D 03) A:20 X:F7 Y:CC P:85 S:FD mem:002ADED7 13:22193 tv:0.000000 6C: JMP ()
lcpuC PC:CCE6 (9D 00 7C) A:20 X:F7 Y:CC P:85 S:FD mem:002ADED7 13:22188 tv:0.000000 9D: STA abs,x
lcpuC PC:CCE9 (9D 00 7D) A:20 X:F7 Y:CC P:85 S:FD mem:002ADEF7 13:22183 tv:0.000001 9D: STA abs,x
lcpuC PC:CCEC (9D 00 7E) A:20 X:F7 Y:CC P:85 S:FD mem:002ADF17 13:22178 tv:0.000000 9D: STA abs,x
lcpuC PC:CCEF (9D 00 7F) A:20 X:F7 Y:CC P:85 S:FD mem:002ADF37 13:22173 tv:0.000001 9D: STA abs,x
lcpuC PC:CCF2 (E8 F0 70) A:20 X:F7 Y:CC P:85 S:FD mem:002ADF57 13:22168 tv:0.000001 E8: INX
lcpuC PC:CCF3 (F0 70 6C) A:20 X:F8 Y:CC P:85 S:FD mem:002ADF57 13:22166 tv:0.000000 F0: BEQ
lcpuC PC:CCF5 (6C 5D 03) A:20 X:F8 Y:CC P:85 S:FD mem:002ADF57 13:22164 tv:0.000001 6C: JMP ()
lcpuC PC:CCE6 (9D 00 7C) A:20 X:F8 Y:CC P:85 S:FD mem:002ADF57 13:22159 tv:0.000000 9D: STA abs,x
lcpuC PC:CCE9 (9D 00 7D) A:20 X:F8 Y:CC P:85 S:FD mem:002ADF77 13:22154 tv:0.000001 9D: STA abs,x
lcpuC PC:CCEC (9D 00 7E) A:20 X:F8 Y:CC P:85 S:FD mem:002ADF97 13:22149 tv:0.000000 9D: STA abs,x
lcpuC PC:CCEF (9D 00 7F) A:20 X:F8 Y:CC P:85 S:FD mem:002ADFB7 13:22144 tv:0.000001 9D: STA abs,x
lcpuC PC:CCF2 (E8 F0 70) A:20 X:F8 Y:CC P:85 S:FD mem:002ADFD7 13:22139 tv:0.000000 E8: INX
lcpuC PC:CCF3 (F0 70 6C) A:20 X:F9 Y:CC P:85 S:FD mem:002ADFD7 13:22137 tv:0.000001 F0: BEQ
lcpuC PC:CCF5 (6C 5D 03) A:20 X:F9 Y:CC P:85 S:FD mem:002ADFD7 13:22135 tv:0.000000 6C: JMP ()
lcpuC PC:CCE6 (9D 00 7C) A:20 X:F9 Y:CC P:85 S:FD mem:002ADFD7 13:22130 tv:0.000000 9D: STA abs,x
lcpuC PC:CCE9 (9D 00 7D) A:20 X:F9 Y:CC P:85 S:FD mem:002ADFF7 13:22125 tv:0.000001 9D: STA abs,x
lcpuC PC:CCEC (9D 00 7E) A:20 X:F9 Y:CC P:85 S:FD mem:002AE017 13:22120 tv:0.000000 9D: STA abs,x
lcpuC PC:CCEF (9D 00 7F) A:20 X:F9 Y:CC P:85 S:FD mem:002AE037 13:22115 tv:0.000001 9D: STA abs,x
lcpuC PC:CCF2 (E8 F0 70) A:20 X:F9 Y:CC P:85 S:FD mem:002AE057 13:22110 tv:0.000000 E8: INX
lcpuC PC:CCF3 (F0 70 6C) A:20 X:FA Y:CC P:85 S:FD mem:002AE057 13:22108 tv:0.000000 F0: BEQ
lcpuC PC:CCF5 (6C 5D 03) A:20 X:FA Y:CC P:85 S:FD mem:002AE057 13:22106 tv:0.000001 6C: JMP ()
lcpuC PC:CCE6 (9D 00 7C) A:20 X:FA Y:CC P:85 S:FD mem:002AE057 13:22101 tv:0.000001 9D: STA abs,x
lcpuC PC:CCE9 (9D 00 7D) A:20 X:FA Y:CC P:85 S:FD mem:002AE077 13:22096 tv:0.000001 9D: STA abs,x
lcpuC PC:CCEC (9D 00 7E) A:20 X:FA Y:CC P:85 S:FD mem:002AE097 13:22091 tv:0.000001 9D: STA abs,x
lcpuC PC:CCEF (9D 00 7F) A:20 X:FA Y:CC P:85 S:FD mem:002AE0B7 13:22086 tv:0.000001 9D: STA abs,x
lcpuC PC:CCF2 (E8 F0 70) A:20 X:FA Y:CC P:85 S:FD mem:002AE0D7 13:22081 tv:0.000006 E8: INX
lcpuC PC:CCF3 (F0 70 6C) A:20 X:FB Y:CC P:85 S:FD mem:002AE0D7 13:22079 tv:0.000000 F0: BEQ
lcpuC PC:CCF5 (6C 5D 03) A:20 X:FB Y:CC P:85 S:FD mem:002AE0D7 13:22077 tv:0.000001 6C: JMP ()
lcpuC PC:CCE6 (9D 00 7C) A:20 X:FB Y:CC P:85 S:FD mem:002AE0D7 13:22072 tv:0.000001 9D: STA abs,x
lcpuC PC:CCE9 (9D 00 7D) A:20 X:FB Y:CC P:85 S:FD mem:002AE0F7 13:22067 tv:0.000001 9D: STA abs,x
lcpuC PC:CCEC (9D 00 7E) A:20 X:FB Y:CC P:85 S:FD mem:002AE117 13:22062 tv:0.000001 9D: STA abs,x
lcpuC PC:CCEF (9D 00 7F) A:20 X:FB Y:CC P:85 S:FD mem:002AE137 13:22057 tv:0.000001 9D: STA abs,x
lcpuC PC:CCF2 (E8 F0 70) A:20 X:FB Y:CC P:85 S:FD mem:002AE157 13:22052 tv:0.000001 E8: INX
lcpuC PC:CCF3 (F0 70 6C) A:20 X:FC Y:CC P:85 S:FD mem:002AE157 13:22050 tv:0.000001 F0: BEQ
lcpuC PC:CCF5 (6C 5D 03) A:20 X:FC Y:CC P:85 S:FD mem:002AE157 13:22048 tv:0.000000 6C: JMP ()
lcpuC PC:CCE6 (9D 00 7C) A:20 X:FC Y:CC P:85 S:FD mem:002AE157 13:22043 tv:0.000001 9D: STA abs,x
lcpuC PC:CCE9 (9D 00 7D) A:20 X:FC Y:CC P:85 S:FD mem:002AE177 13:22038 tv:0.000000 9D: STA abs,x
lcpuC PC:CCEC (9D 00 7E) A:20 X:FC Y:CC P:85 S:FD mem:002AE197 13:22033 tv:0.000001 9D: STA abs,x
lcpuC PC:CCEF (9D 00 7F) A:20 X:FC Y:CC P:85 S:FD mem:002AE1B7 13:22028 tv:0.000000 9D: STA abs,x
lcpuC PC:CCF2 (E8 F0 70) A:20 X:FC Y:CC P:85 S:FD mem:002AE1D7 13:22023 tv:0.000000 E8: INX
lcpuC PC:CCF3 (F0 70 6C) A:20 X:FD Y:CC P:85 S:FD mem:002AE1D7 13:22021 tv:0.000001 F0: BEQ
lcpuC PC:CCF5 (6C 5D 03) A:20 X:FD Y:CC P:85 S:FD mem:002AE1D7 13:22019 tv:0.000000 6C: JMP ()
lcpuC PC:CCE6 (9D 00 7C) A:20 X:FD Y:CC P:85 S:FD mem:002AE1D7 13:22014 tv:0.000001 9D: STA abs,x
lcpuC PC:CCE9 (9D 00 7D) A:20 X:FD Y:CC P:85 S:FD mem:002AE1F7 13:22009 tv:0.000001 9D: STA abs,x
lcpuC PC:CCEC (9D 00 7E) A:20 X:FD Y:CC P:85 S:FD mem:002AE217 13:22004 tv:0.000001 9D: STA abs,x
lcpuC PC:CCEF (9D 00 7F) A:20 X:FD Y:CC P:85 S:FD mem:002AE237 13:21999 tv:0.000001 9D: STA abs,x
lcpuC PC:CCF2 (E8 F0 70) A:20 X:FD Y:CC P:85 S:FD mem:002AE257 13:21994 tv:0.000000 E8: INX
lcpuC PC:CCF3 (F0 70 6C) A:20 X:FE Y:CC P:85 S:FD mem:002AE257 13:21992 tv:0.000001 F0: BEQ
lcpuC PC:CCF5 (6C 5D 03) A:20 X:FE Y:CC P:85 S:FD mem:002AE257 13:21990 tv:0.000001 6C: JMP ()
lcpuC PC:CCE6 (9D 00 7C) A:20 X:FE Y:CC P:85 S:FD mem:002AE257 13:21985 tv:0.000000 9D: STA abs,x
lcpuC PC:CCE9 (9D 00 7D) A:20 X:FE Y:CC P:85 S:FD mem:002AE277 13:21980 tv:0.000001 9D: STA abs,x
lcpuC PC:CCEC (9D 00 7E) A:20 X:FE Y:CC P:85 S:FD mem:002AE297 13:21975 tv:0.000001 9D: STA abs,x
lcpuC PC:CCEF (9D 00 7F) A:20 X:FE Y:CC P:85 S:FD mem:002AE2B7 13:21970 tv:0.000001 9D: STA abs,x
lcpuC PC:CCF2 (E8 F0 70) A:20 X:FE Y:CC P:85 S:FD mem:002AE2D7 13:21965 tv:0.000001 E8: INX
lcpuC PC:CCF3 (F0 70 6C) A:20 X:FF Y:CC P:85 S:FD mem:002AE2D7 13:21963 tv:0.000000 F0: BEQ
lcpuC PC:CCF5 (6C 5D 03) A:20 X:FF Y:CC P:85 S:FD mem:002AE2D7 13:21961 tv:0.000001 6C: JMP ()
lcpuC PC:CCE6 (9D 00 7C) A:20 X:FF Y:CC P:85 S:FD mem:002AE2D7 13:21956 tv:0.000001 9D: STA abs,x
lcpuC PC:CCE9 (9D 00 7D) A:20 X:FF Y:CC P:85 S:FD mem:002AE2F7 13:21951 tv:0.000000 9D: STA abs,x
lcpuC PC:CCEC (9D 00 7E) A:20 X:FF Y:CC P:85 S:FD mem:002AE317 13:21946 tv:0.000001 9D: STA abs,x
lcpuC PC:CCEF (9D 00 7F) A:20 X:FF Y:CC P:85 S:FD mem:002AE337 13:21941 tv:0.000001 9D: STA abs,x
lcpuC PC:CCF2 (E8 F0 70) A:20 X:FF Y:CC P:85 S:FD mem:002AE357 13:21936 tv:0.000001 E8: INX
lcpuC PC:CCF3 (F0 70 6C) A:20 X:00 Y:CC P:07 S:FD mem:002AE357 13:21934 tv:0.000000 F0: BEQ
lcpuC PC:CD65 (60 EE 65) A:20 X:00 Y:CC P:07 S:FD mem:002AE357 13:21931 tv:0.000000 60: RTS
lcpuC PC:DB2D (A0 CA 20) A:20 X:00 Y:CC P:07 S:FF mem:002AE357 13:21925 tv:0.000001 A0: LDY imm
lcpuC PC:DB2F (20 F1 E4) A:20 X:00 Y:CA P:85 S:FF mem:002AE357 13:21923 tv:0.000000 20: JSR
lcpuC PC:E4F1 (A2 00 8A) A:20 X:00 Y:CA P:85 S:FD mem:002AE35C 13:21917 tv:0.000001 A2: LDX imm
lcpuC PC:E4F3 (8A 2D 45) A:20 X:00 Y:CA P:07 S:FD mem:002AE35C 13:21915 tv:0.000000 8A: TXA
lcpuC PC:E4F4 (2D 45 02) A:00 X:00 Y:CA P:07 S:FD mem:002AE35C 13:21913 tv:0.000001 2D: AND abs
lcpuC PC:E4F7 (D0 B6 98) A:00 X:00 Y:CA P:07 S:FD mem:002AE35C 13:21909 tv:0.000001 D0: BNE
lcpuC PC:E4F9 (98 4D 6C) A:00 X:00 Y:CA P:07 S:FD mem:002AE35C 13:21907 tv:0.000001 98: TYA
lcpuC PC:E4FA (4D 6C 02) A:CA X:00 Y:CA P:85 S:FD mem:002AE35C 13:21905 tv:0.000001 4D: EOR abs
lcpuC PC:E4FD (0D 75 02) A:D1 X:00 Y:CA P:85 S:FD mem:002AE35C 13:21901 tv:0.000000 0D: ORA abs
lcpuC PC:E500 (D0 A6 AD) A:D1 X:00 Y:CA P:85 S:FD mem:002AE35C 13:21897 tv:0.000001 D0: BNE
lcpuC PC:E4A8 (98 A0 02) A:D1 X:00 Y:CA P:85 S:FD mem:002AE35C 13:21894 tv:0.000001 98: TYA
lcpuC PC:E4A9 (A0 02 20) A:CA X:00 Y:CA P:85 S:FD mem:002AE35C 13:21892 tv:0.000000 A0: LDY imm
lcpuC PC:E4AB (20 94 E4) A:CA X:00 Y:02 P:05 S:FD mem:002AE35C 13:21890 tv:0.000000 20: JSR
lcpuC PC:E494 (08 78 48) A:CA X:00 Y:02 P:05 S:FB mem:002AE34F 13:21884 tv:0.000000 08: PHP
lcpuC PC:E495 (78 48 85) A:CA X:00 Y:02 P:05 S:FA mem:002AE308 13:21881 tv:0.000001 78: SEI
lcpuC PC:E496 (48 85 FA) A:CA X:00 Y:02 P:05 S:FA mem:002AE308 13:21879 tv:0.000001 48: PHA
lcpuC PC:E497 (85 FA B9) A:CA X:00 Y:02 P:05 S:F9 mem:002AE2E3 13:21876 tv:0.000000 85: STA zp
lcpuC PC:E499 (B9 BF 02) A:CA X:00 Y:02 P:05 S:F9 mem:002AE2BC 13:21873 tv:0.000001 B9: LDA abs,y
lcpuC PC:E49C (F0 41 98) A:00 X:00 Y:02 P:07 S:F9 mem:002AE2BC 13:21869 tv:0.000000 F0: BEQ
lcpuC PC:E4DF (68 28 38) A:00 X:00 Y:02 P:07 S:F9 mem:002AE2BC 13:21866 tv:0.000001 68: PLA
lcpuC PC:E4E0 (28 38 60) A:CA X:00 Y:02 P:85 S:FA mem:002AE2BC 13:21862 tv:0.000000 28: PLP
lcpuC PC:E4E1 (38 60 48) A:CA X:00 Y:02 P:05 S:FB mem:002AE2BC 13:21858 tv:0.000001 38: SEC
lcpuC PC:E4E2 (60 48 29) A:CA X:00 Y:02 P:05 S:FB mem:002AE2BC 13:21856 tv:0.000001 60: RTS
lcpuC PC:E4AE (A8 98 6C) A:CA X:00 Y:02 P:05 S:FD mem:002AE2BC 13:21850 tv:0.000000 A8: TAY
lcpuC PC:E4AF (98 6C 2A) A:CA X:00 Y:CA P:85 S:FD mem:002AE2BC 13:21848 tv:0.000001 98: TYA
lcpuC PC:E4B0 (6C 2A 02) A:CA X:00 Y:CA P:85 S:FD mem:002AE2BC 13:21846 tv:0.000001 6C: JMP ()
lcpuC PC:E4B3 (08 78 48) A:CA X:00 Y:CA P:85 S:FD mem:002AE2BC 13:21841 tv:0.000001 08: PHP
lcpuC PC:E4B4 (78 48 BC) A:CA X:00 Y:CA P:85 S:FC mem:002AE28D 13:21838 tv:0.000001 78: SEI
lcpuC PC:E4B5 (48 BC E1) A:CA X:00 Y:CA P:85 S:FC mem:002AE28D 13:21836 tv:0.000001 48: PHA
lcpuC PC:E4B6 (BC E1 02) A:CA X:00 Y:CA P:85 S:FB mem:002AE2AA 13:21833 tv:0.000000 BC: LDY abs,x
lcpuC PC:E4B9 (C8 D0 03) A:CA X:00 Y:FF P:85 S:FB mem:002AE2AA 13:21829 tv:0.000007 C8: INY
lcpuC PC:E4BA (D0 03 BC) A:CA X:00 Y:00 P:07 S:FB mem:002AE2AA 13:21827 tv:0.000000 D0: BNE
lcpuC PC:E4BC (BC 47 E4) A:CA X:00 Y:00 P:07 S:FB mem:002AE2AA 13:21825 tv:0.000000 BC: LDY abs,x
lcpuC PC:E4BF (98 DD D8) A:CA X:00 Y:E0 P:85 S:FB mem:002AE2AA 13:21821 tv:0.000001 98: TYA
lcpuC PC:E4C0 (DD D8 02) A:E0 X:00 Y:E0 P:85 S:FB mem:002AE2AA 13:21819 tv:0.000001 DD: CMP abs,x
lcpuC PC:E4C3 (F0 0F BC) A:E0 X:00 Y:E0 P:84 S:FB mem:002AE2AA 13:21815 tv:0.000001 F0: BEQ
lcpuC PC:E4C5 (BC E1 02) A:E0 X:00 Y:E0 P:84 S:FB mem:002AE2AA 13:21813 tv:0.000001 BC: LDY abs,x
lcpuC PC:E4C8 (9D E1 02) A:E0 X:00 Y:FF P:84 S:FB mem:002AE2AA 13:21809 tv:0.000000 9D: STA abs,x
lcpuC PC:E4CB (20 50 E4) A:E0 X:00 Y:FF P:84 S:FB mem:002AE28B 13:21804 tv:0.000000 20: JSR
lcpuC PC:E450 (BD 3E E4) A:E0 X:00 Y:FF P:84 S:F9 mem:002AE33D 13:21798 tv:0.000001 BD: LDA abs,x
lcpuC PC:E453 (85 FA BD) A:00 X:00 Y:FF P:06 S:F9 mem:002AE33D 13:21794 tv:0.000000 85: STA zp
lcpuC PC:E455 (BD 35 E4) A:00 X:00 Y:FF P:06 S:F9 mem:002AE273 13:21791 tv:0.000001 BD: LDA abs,x
lcpuC PC:E458 (85 FB 60) A:03 X:00 Y:FF P:04 S:F9 mem:002AE273 13:21787 tv:0.000000 85: STA zp
lcpuC PC:E45A (60 2C B7) A:03 X:00 Y:FF P:04 S:F9 mem:002AE1F7 13:21784 tv:0.000001 60: RTS
lcpuC PC:E4CE (68 91 FA) A:03 X:00 Y:FF P:04 S:FB mem:002AE1F7 13:21778 tv:0.000000 68: PLA
lcpuC PC:E4CF (91 FA 28) A:CA X:00 Y:FF P:84 S:FC mem:002AE1F7 13:21774 tv:0.000000 91: STA (),y
lcpuC PC:E4D1 (28 18 60) A:CA X:00 Y:FF P:84 S:FC mem:002AE2C1 13:21769 tv:0.000001 28: PLP
lcpuC PC:E4D2 (18 60 68) A:CA X:00 Y:FF P:85 S:FD mem:002AE2C1 13:21765 tv:0.000001 18: CLC
lcpuC PC:E4D3 (60 68 E0) A:CA X:00 Y:FF P:84 S:FD mem:002AE2C1 13:21763 tv:0.000000 60: RTS
lcpuC PC:DB32 (20 D9 EA) A:CA X:00 Y:FF P:84 S:FF mem:002AE2C1 13:21757 tv:0.000000 20: JSR
lcpuC PC:EAD9 (AD 87 02) A:CA X:00 Y:FF P:84 S:FD mem:002AE2C4 13:21751 tv:0.000001 AD: LDA abs
lcpuC PC:EADC (49 4C D0) A:00 X:00 Y:FF P:06 S:FD mem:002AE2C4 13:21747 tv:0.000000 49: EOR imm
lcpuC PC:EADE (D0 13 4C) A:4C X:00 Y:FF P:04 S:FD mem:002AE2C4 13:21745 tv:0.000001 D0: BNE
lcpuC PC:EAF3 (60 98 9D) A:4C X:00 Y:FF P:04 S:FD mem:002AE2C4 13:21742 tv:0.000001 60: RTS
lcpuC PC:DB35 (20 40 F1) A:4C X:00 Y:FF P:04 S:FF mem:002AE2C4 13:21736 tv:0.000001 20: JSR
lcpuC PC:F140 (08 A9 A1) A:4C X:00 Y:FF P:04 S:FD mem:002AE2C7 13:21730 tv:0.000000 08: PHP
lcpuC PC:F141 (A9 A1 85) A:4C X:00 Y:FF P:04 S:FC mem:002AE246 13:21727 tv:0.000001 A9: LDA imm
lcpuC PC:F143 (85 E3 A9) A:A1 X:00 Y:FF P:84 S:FC mem:002AE246 13:21725 tv:0.000001 85: STA zp
lcpuC PC:F145 (A9 19 8D) A:A1 X:00 Y:FF P:84 S:FC mem:002AE2E7 13:21722 tv:0.000001 A9: LDA imm
lcpuC PC:F147 (8D D1 03) A:19 X:00 Y:FF P:04 S:FC mem:002AE2E7 13:21720 tv:0.000000 8D: STA abs
lcpuC PC:F14A (28 08 A9) A:19 X:00 Y:FF P:04 S:FC mem:002AE300 13:21716 tv:0.000001 28: PLP
lcpuC PC:F14B (08 A9 06) A:19 X:00 Y:FF P:04 S:FD mem:002AE300 13:21712 tv:0.000000 08: PHP
lcpuC PC:F14C (A9 06 20) A:19 X:00 Y:FF P:04 S:FC mem:002AE300 13:21709 tv:0.000001 A9: LDA imm
lcpuC PC:F14E (20 31 E0) A:06 X:00 Y:FF P:04 S:FC mem:002AE300 13:21707 tv:0.000000 20: JSR
lcpuC PC:E031 (6C 1E 02) A:06 X:00 Y:FF P:04 S:FA mem:002AE293 13:21701 tv:0.000001 6C: JMP ()
lcpuC PC:F1B1 (C9 07 B0) A:06 X:00 Y:FF P:04 S:FA mem:002AE293 13:21696 tv:0.000001 C9: CMP imm
lcpuC PC:F1B3 (B0 ED 86) A:06 X:00 Y:FF P:84 S:FA mem:002AE293 13:21694 tv:0.000000 B0: BCS
lcpuC PC:F1B5 (86 BC 0A) A:06 X:00 Y:FF P:84 S:FA mem:002AE293 13:21692 tv:0.000000 86: STX zp
lcpuC PC:F1B7 (0A AA BD) A:06 X:00 Y:FF P:84 S:FA mem:002AE293 13:21689 tv:0.000001 0A: ASL A
lcpuC PC:F1B8 (AA BD A4) A:0C X:00 Y:FF P:04 S:FA mem:002AE293 13:21687 tv:0.000000 AA: TAX
lcpuC PC:F1B9 (BD A4 F1) A:0C X:0C Y:FF P:04 S:FA mem:002AE293 13:21685 tv:0.000000 BD: LDA abs,x
lcpuC PC:F1BC (48 BD A3) A:E2 X:0C Y:FF P:84 S:FA mem:002AE293 13:21681 tv:0.000001 48: PHA
lcpuC PC:F1BD (BD A3 F1) A:E2 X:0C Y:FF P:84 S:F9 mem:002AE2A8 13:21678 tv:0.000001 BD: LDA abs,x
lcpuC PC:F1C0 (48 A6 BC) A:74 X:0C Y:FF P:04 S:F9 mem:002AE2A8 13:21674 tv:0.000000 48: PHA
lcpuC PC:F1C1 (A6 BC 60) A:74 X:0C Y:FF P:04 S:F8 mem:002AE31C 13:21671 tv:0.000001 A6: LDX zp
lcpuC PC:F1C3 (60 08 48) A:74 X:00 Y:FF P:06 S:F8 mem:002AE31C 13:21668 tv:0.000000 60: RTS
lcpuC PC:E275 (A2 10 20) A:74 X:00 Y:FF P:06 S:FA mem:002AE31C 13:21662 tv:0.000001 A2: LDX imm
lcpuC PC:E277 (20 68 F1) A:74 X:10 Y:FF P:04 S:FA mem:002AE31C 13:21660 tv:0.000001 20: JSR
lcpuC PC:F168 (A5 F4 48) A:74 X:10 Y:FF P:04 S:F8 mem:002AE321 13:21654 tv:0.000000 A5: LDA zp
lcpuC PC:F16A (48 8A A2) A:0F X:10 Y:FF P:04 S:F8 mem:002AE321 13:21651 tv:0.000000 48: PHA
lcpuC PC:F16B (8A A2 0F) A:0F X:10 Y:FF P:04 S:F7 mem:002AE2B0 13:21648 tv:0.000000 8A: TXA
lcpuC PC:F16C (A2 0F FE) A:10 X:10 Y:FF P:04 S:F7 mem:002AE2B0 13:21646 tv:0.000001 A2: LDX imm
lcpuC PC:F16E (FE A1 02) A:10 X:0F Y:FF P:04 S:F7 mem:002AE2B0 13:21644 tv:0.000001 FE: INC abs,x
lcpuC PC:F171 (DE A1 02) A:10 X:0F Y:FF P:84 S:F7 mem:002AE2B1 13:21637 tv:0.000002 DE: DEC abs,x
lcpuC PC:F174 (10 0D 86) A:10 X:0F Y:FF P:84 S:F7 mem:002AE2B0 13:21630 tv:0.000001 10: BPL
lcpuC PC:F176 (86 F4 8E) A:10 X:0F Y:FF P:84 S:F7 mem:002AE2B0 13:21628 tv:0.000000 86: STX zp
lcpuC PC:F178 (8E 30 FE) A:10 X:0F Y:FF P:84 S:F7 mem:002AE2B0 13:21625 tv:0.000001 8E: STX abs
here! 0x00000f 0x00f17b 0xe6fa3010 0xcdde0ebc tv:0.000001 (cycle 21625  pc ~F178
writemem_ex! addr=FE30 val=0F
lcpuC PC:F17B (20 03 80) A:10 X:0F Y:FF P:84 S:F7 mem:002AE2B0 13:21621 tv:0.000008 20: JSR
lcpuC PC:8003 (4C 55 94) A:10 X:0F Y:FF P:84 S:F5 mem:002AE2DE 13:21615 tv:0.000000 4C: JMP
lcpuC PC:9455 (C9 01 D0) A:10 X:0F Y:FF P:84 S:F5 mem:002AE2DE 13:21612 tv:0.000001 C9: CMP imm
lcpuC PC:9457 (D0 07 C0) A:10 X:0F Y:FF P:05 S:F5 mem:002AE2DE 13:21610 tv:0.000001 D0: BNE
lcpuC PC:9460 (C9 02 D0) A:10 X:0F Y:FF P:05 S:F5 mem:002AE2DE 13:21607 tv:0.000001 C9: CMP imm
lcpuC PC:9462 (D0 1A 48) A:10 X:0F Y:FF P:05 S:F5 mem:002AE2DE 13:21605 tv:0.000001 D0: BNE
lcpuC PC:947E (C9 03 D0) A:10 X:0F Y:FF P:05 S:F5 mem:002AE2DE 13:21602 tv:0.000001 C9: CMP imm
lcpuC PC:9480 (D0 19 84) A:10 X:0F Y:FF P:05 S:F5 mem:002AE2DE 13:21600 tv:0.000000 D0: BNE
lcpuC PC:949B (C9 04 D0) A:10 X:0F Y:FF P:05 S:F5 mem:002AE2DE 13:21597 tv:0.000000 C9: CMP imm
lcpuC PC:949D (D0 08 20) A:10 X:0F Y:FF P:05 S:F5 mem:002AE2DE 13:21595 tv:0.000001 D0: BNE
lcpuC PC:94A7 (C9 09 D0) A:10 X:0F Y:FF P:05 S:F5 mem:002AE2DE 13:21592 tv:0.000000 C9: CMP imm
lcpuC PC:94A9 (D0 12 20) A:10 X:0F Y:FF P:05 S:F5 mem:002AE2DE 13:21590 tv:0.000000 D0: BNE
lcpuC PC:94BD (C9 0A D0) A:10 X:0F Y:FF P:05 S:F5 mem:002AE2DE 13:21587 tv:0.000000 C9: CMP imm
lcpuC PC:94BF (D0 29 20) A:10 X:0F Y:FF P:05 S:F5 mem:002AE2DE 13:21585 tv:0.000001 D0: BNE
lcpuC PC:94EA (C9 08 D0) A:10 X:0F Y:FF P:05 S:F5 mem:002AE2DE 13:21582 tv:0.000000 C9: CMP imm
lcpuC PC:94EC (D0 FB 20) A:10 X:0F Y:FF P:05 S:F5 mem:002AE2DE 13:21580 tv:0.000001 D0: BNE
lcpuC PC:94E9 (60 C9 08) A:10 X:0F Y:FF P:05 S:F5 mem:002AE2DE 13:21577 tv:0.000001 60: RTS
lcpuC PC:F17E (AA F0 05) A:10 X:0F Y:FF P:05 S:F7 mem:002AE2DE 13:21571 tv:0.000007 AA: TAX
lcpuC PC:F17F (F0 05 A6) A:10 X:10 Y:FF P:05 S:F7 mem:002AE2DE 13:21569 tv:0.000000 F0: BEQ
lcpuC PC:F181 (A6 F4 CA) A:10 X:10 Y:FF P:05 S:F7 mem:002AE2DE 13:21567 tv:0.000001 A6: LDX zp
lcpuC PC:F183 (CA 10 E8) A:10 X:0F Y:FF P:05 S:F7 mem:002AE2DE 13:21564 tv:0.000000 CA: DEX
lcpuC PC:F184 (10 E8 68) A:10 X:0E Y:FF P:05 S:F7 mem:002AE2DE 13:21562 tv:0.000001 10: BPL
lcpuC PC:F16E (FE A1 02) A:10 X:0E Y:FF P:05 S:F7 mem:002AE2DE 13:21559 tv:0.000001 FE: INC abs,x
lcpuC PC:F171 (DE A1 02) A:10 X:0E Y:FF P:05 S:F7 mem:002AE2DF 13:21552 tv:0.000001 DE: DEC abs,x
lcpuC PC:F174 (10 0D 86) A:10 X:0E Y:FF P:05 S:F7 mem:002AE2DE 13:21545 tv:0.000001 10: BPL
lcpuC PC:F183 (CA 10 E8) A:10 X:0E Y:FF P:05 S:F7 mem:002AE2DE 13:21542 tv:0.000000 CA: DEX
lcpuC PC:F184 (10 E8 68) A:10 X:0D Y:FF P:05 S:F7 mem:002AE2DE 13:21540 tv:0.000000 10: BPL
lcpuC PC:F16E (FE A1 02) A:10 X:0D Y:FF P:05 S:F7 mem:002AE2DE 13:21537 tv:0.000001 FE: INC abs,x
lcpuC PC:F171 (DE A1 02) A:10 X:0D Y:FF P:05 S:F7 mem:002AE2DF 13:21530 tv:0.000001 DE: DEC abs,x
lcpuC PC:F174 (10 0D 86) A:10 X:0D Y:FF P:07 S:F7 mem:002AE2DE 13:21523 tv:0.000001 10: BPL
lcpuC PC:F183 (CA 10 E8) A:10 X:0D Y:FF P:07 S:F7 mem:002AE2DE 13:21520 tv:0.000000 CA: DEX
lcpuC PC:F184 (10 E8 68) A:10 X:0C Y:FF P:05 S:F7 mem:002AE2DE 13:21518 tv:0.000000 10: BPL
lcpuC PC:F16E (FE A1 02) A:10 X:0C Y:FF P:05 S:F7 mem:002AE2DE 13:21515 tv:0.000000 FE: INC abs,x
lcpuC PC:F171 (DE A1 02) A:10 X:0C Y:FF P:05 S:F7 mem:002AE2DF 13:21508 tv:0.000002 DE: DEC abs,x
lcpuC PC:F174 (10 0D 86) A:10 X:0C Y:FF P:07 S:F7 mem:002AE2DE 13:21501 tv:0.000000 10: BPL
lcpuC PC:F183 (CA 10 E8) A:10 X:0C Y:FF P:07 S:F7 mem:002AE2DE 13:21498 tv:0.000001 CA: DEX
lcpuC PC:F184 (10 E8 68) A:10 X:0B Y:FF P:05 S:F7 mem:002AE2DE 13:21496 tv:0.000000 10: BPL
lcpuC PC:F16E (FE A1 02) A:10 X:0B Y:FF P:05 S:F7 mem:002AE2DE 13:21493 tv:0.000001 FE: INC abs,x
lcpuC PC:F171 (DE A1 02) A:10 X:0B Y:FF P:05 S:F7 mem:002AE2DF 13:21486 tv:0.000001 DE: DEC abs,x
lcpuC PC:F174 (10 0D 86) A:10 X:0B Y:FF P:07 S:F7 mem:002AE2DE 13:21479 tv:0.000001 10: BPL
lcpuC PC:F183 (CA 10 E8) A:10 X:0B Y:FF P:07 S:F7 mem:002AE2DE 13:21476 tv:0.000000 CA: DEX
lcpuC PC:F184 (10 E8 68) A:10 X:0A Y:FF P:05 S:F7 mem:002AE2DE 13:21474 tv:0.000000 10: BPL
lcpuC PC:F16E (FE A1 02) A:10 X:0A Y:FF P:05 S:F7 mem:002AE2DE 13:21471 tv:0.000001 FE: INC abs,x
lcpuC PC:F171 (DE A1 02) A:10 X:0A Y:FF P:05 S:F7 mem:002AE2DF 13:21464 tv:0.000000 DE: DEC abs,x
lcpuC PC:F174 (10 0D 86) A:10 X:0A Y:FF P:07 S:F7 mem:002AE2DE 13:21457 tv:0.000001 10: BPL
lcpuC PC:F183 (CA 10 E8) A:10 X:0A Y:FF P:07 S:F7 mem:002AE2DE 13:21454 tv:0.000001 CA: DEX
lcpuC PC:F184 (10 E8 68) A:10 X:09 Y:FF P:05 S:F7 mem:002AE2DE 13:21452 tv:0.000001 10: BPL
lcpuC PC:F16E (FE A1 02) A:10 X:09 Y:FF P:05 S:F7 mem:002AE2DE 13:21449 tv:0.000001 FE: INC abs,x
lcpuC PC:F171 (DE A1 02) A:10 X:09 Y:FF P:05 S:F7 mem:002AE2DF 13:21442 tv:0.000001 DE: DEC abs,x
lcpuC PC:F174 (10 0D 86) A:10 X:09 Y:FF P:07 S:F7 mem:002AE2DE 13:21435 tv:0.000001 10: BPL
lcpuC PC:F183 (CA 10 E8) A:10 X:09 Y:FF P:07 S:F7 mem:002AE2DE 13:21432 tv:0.000001 CA: DEX
lcpuC PC:F184 (10 E8 68) A:10 X:08 Y:FF P:05 S:F7 mem:002AE2DE 13:21430 tv:0.000000 10: BPL
lcpuC PC:F16E (FE A1 02) A:10 X:08 Y:FF P:05 S:F7 mem:002AE2DE 13:21427 tv:0.000000 FE: INC abs,x
lcpuC PC:F171 (DE A1 02) A:10 X:08 Y:FF P:05 S:F7 mem:002AE2DF 13:21420 tv:0.000001 DE: DEC abs,x
lcpuC PC:F174 (10 0D 86) A:10 X:08 Y:FF P:07 S:F7 mem:002AE2DE 13:21413 tv:0.000001 10: BPL
lcpuC PC:F183 (CA 10 E8) A:10 X:08 Y:FF P:07 S:F7 mem:002AE2DE 13:21410 tv:0.000000 CA: DEX
lcpuC PC:F184 (10 E8 68) A:10 X:07 Y:FF P:05 S:F7 mem:002AE2DE 13:21408 tv:0.000000 10: BPL
lcpuC PC:F16E (FE A1 02) A:10 X:07 Y:FF P:05 S:F7 mem:002AE2DE 13:21405 tv:0.000001 FE: INC abs,x
lcpuC PC:F171 (DE A1 02) A:10 X:07 Y:FF P:05 S:F7 mem:002AE2DF 13:21398 tv:0.000001 DE: DEC abs,x
lcpuC PC:F174 (10 0D 86) A:10 X:07 Y:FF P:07 S:F7 mem:002AE2DE 13:21391 tv:0.000001 10: BPL
lcpuC PC:F183 (CA 10 E8) A:10 X:07 Y:FF P:07 S:F7 mem:002AE2DE 13:21388 tv:0.000001 CA: DEX
lcpuC PC:F184 (10 E8 68) A:10 X:06 Y:FF P:05 S:F7 mem:002AE2DE 13:21386 tv:0.000000 10: BPL
lcpuC PC:F16E (FE A1 02) A:10 X:06 Y:FF P:05 S:F7 mem:002AE2DE 13:21383 tv:0.000000 FE: INC abs,x
lcpuC PC:F171 (DE A1 02) A:10 X:06 Y:FF P:05 S:F7 mem:002AE2DF 13:21376 tv:0.000001 DE: DEC abs,x
lcpuC PC:F174 (10 0D 86) A:10 X:06 Y:FF P:07 S:F7 mem:002AE2DE 13:21369 tv:0.000002 10: BPL
lcpuC PC:F183 (CA 10 E8) A:10 X:06 Y:FF P:07 S:F7 mem:002AE2DE 13:21366 tv:0.000001 CA: DEX
lcpuC PC:F184 (10 E8 68) A:10 X:05 Y:FF P:05 S:F7 mem:002AE2DE 13:21364 tv:0.000001 10: BPL
lcpuC PC:F16E (FE A1 02) A:10 X:05 Y:FF P:05 S:F7 mem:002AE2DE 13:21361 tv:0.000001 FE: INC abs,x
lcpuC PC:F171 (DE A1 02) A:10 X:05 Y:FF P:05 S:F7 mem:002AE2DF 13:21354 tv:0.000000 DE: DEC abs,x
lcpuC PC:F174 (10 0D 86) A:10 X:05 Y:FF P:07 S:F7 mem:002AE2DE 13:21347 tv:0.000001 10: BPL
lcpuC PC:F183 (CA 10 E8) A:10 X:05 Y:FF P:07 S:F7 mem:002AE2DE 13:21344 tv:0.000000 CA: DEX
lcpuC PC:F184 (10 E8 68) A:10 X:04 Y:FF P:05 S:F7 mem:002AE2DE 13:21342 tv:0.000000 10: BPL
lcpuC PC:F16E (FE A1 02) A:10 X:04 Y:FF P:05 S:F7 mem:002AE2DE 13:21339 tv:0.000001 FE: INC abs,x
lcpuC PC:F171 (DE A1 02) A:10 X:04 Y:FF P:05 S:F7 mem:002AE2DF 13:21332 tv:0.000001 DE: DEC abs,x
lcpuC PC:F174 (10 0D 86) A:10 X:04 Y:FF P:07 S:F7 mem:002AE2DE 13:21325 tv:0.000000 10: BPL
lcpuC PC:F183 (CA 10 E8) A:10 X:04 Y:FF P:07 S:F7 mem:002AE2DE 13:21322 tv:0.000001 CA: DEX
lcpuC PC:F184 (10 E8 68) A:10 X:03 Y:FF P:05 S:F7 mem:002AE2DE 13:21320 tv:0.000001 10: BPL
lcpuC PC:F16E (FE A1 02) A:10 X:03 Y:FF P:05 S:F7 mem:002AE2DE 13:21317 tv:0.000007 FE: INC abs,x
lcpuC PC:F171 (DE A1 02) A:10 X:03 Y:FF P:05 S:F7 mem:002AE2DF 13:21310 tv:0.000000 DE: DEC abs,x
lcpuC PC:F174 (10 0D 86) A:10 X:03 Y:FF P:07 S:F7 mem:002AE2DE 13:21303 tv:0.000000 10: BPL
lcpuC PC:F183 (CA 10 E8) A:10 X:03 Y:FF P:07 S:F7 mem:002AE2DE 13:21300 tv:0.000000 CA: DEX
lcpuC PC:F184 (10 E8 68) A:10 X:02 Y:FF P:05 S:F7 mem:002AE2DE 13:21298 tv:0.000000 10: BPL
lcpuC PC:F16E (FE A1 02) A:10 X:02 Y:FF P:05 S:F7 mem:002AE2DE 13:21295 tv:0.000000 FE: INC abs,x
lcpuC PC:F171 (DE A1 02) A:10 X:02 Y:FF P:05 S:F7 mem:002AE2DF 13:21288 tv:0.000001 DE: DEC abs,x
lcpuC PC:F174 (10 0D 86) A:10 X:02 Y:FF P:07 S:F7 mem:002AE2DE 13:21281 tv:0.000000 10: BPL
lcpuC PC:F183 (CA 10 E8) A:10 X:02 Y:FF P:07 S:F7 mem:002AE2DE 13:21278 tv:0.000001 CA: DEX
lcpuC PC:F184 (10 E8 68) A:10 X:01 Y:FF P:05 S:F7 mem:002AE2DE 13:21276 tv:0.000001 10: BPL
lcpuC PC:F16E (FE A1 02) A:10 X:01 Y:FF P:05 S:F7 mem:002AE2DE 13:21273 tv:0.000000 FE: INC abs,x
lcpuC PC:F171 (DE A1 02) A:10 X:01 Y:FF P:05 S:F7 mem:002AE2DF 13:21266 tv:0.000000 DE: DEC abs,x
lcpuC PC:F174 (10 0D 86) A:10 X:01 Y:FF P:07 S:F7 mem:002AE2DE 13:21259 tv:0.000001 10: BPL
lcpuC PC:F183 (CA 10 E8) A:10 X:01 Y:FF P:07 S:F7 mem:002AE2DE 13:21256 tv:0.000000 CA: DEX
lcpuC PC:F184 (10 E8 68) A:10 X:00 Y:FF P:07 S:F7 mem:002AE2DE 13:21254 tv:0.000000 10: BPL
lcpuC PC:F16E (FE A1 02) A:10 X:00 Y:FF P:07 S:F7 mem:002AE2DE 13:21251 tv:0.000000 FE: INC abs,x
lcpuC PC:F171 (DE A1 02) A:10 X:00 Y:FF P:05 S:F7 mem:002AE2DF 13:21244 tv:0.000001 DE: DEC abs,x
lcpuC PC:F174 (10 0D 86) A:10 X:00 Y:FF P:07 S:F7 mem:002AE2DE 13:21237 tv:0.000000 10: BPL
lcpuC PC:F183 (CA 10 E8) A:10 X:00 Y:FF P:07 S:F7 mem:002AE2DE 13:21234 tv:0.000000 CA: DEX
lcpuC PC:F184 (10 E8 68) A:10 X:FF Y:FF P:85 S:F7 mem:002AE2DE 13:21232 tv:0.000001 10: BPL
lcpuC PC:F186 (68 85 F4) A:10 X:FF Y:FF P:85 S:F7 mem:002AE2DE 13:21230 tv:0.000000 68: PLA
lcpuC PC:F187 (85 F4 8D) A:0F X:FF Y:FF P:05 S:F8 mem:002AE2DE 13:21226 tv:0.000002 85: STA zp
lcpuC PC:F189 (8D 30 FE) A:0F X:FF Y:FF P:05 S:F8 mem:002AE2DE 13:21223 tv:0.000001 8D: STA abs
here! 0x00000f 0x00f18c 0xe6fa3010 0xcdde0ebc tv:0.000000 (cycle 21223  pc ~F189
writemem_ex! addr=FE30 val=0F
lcpuC PC:F18C (8A 60 09) A:0F X:FF Y:FF P:05 S:F8 mem:002AE2DE 13:21219 tv:0.000009 8A: TXA
lcpuC PC:F18D (60 09 00) A:FF X:FF Y:FF P:85 S:F8 mem:002AE2DE 13:21217 tv:0.000000 60: RTS
lcpuC PC:E27A (F0 23 20) A:FF X:FF Y:FF P:85 S:FA mem:002AE2DE 13:21211 tv:0.000000 F0: BEQ
lcpuC PC:E27C (20 8B F6) A:FF X:FF Y:FF P:85 S:FA mem:002AE2DE 13:21209 tv:0.000000 20: JSR
lcpuC PC:F68B (A9 00 08) A:FF X:FF Y:FF P:85 S:F8 mem:002AE2E3 13:21203 tv:0.000001 A9: LDA imm
lcpuC PC:F68D (08 84 E6) A:00 X:FF Y:FF P:07 S:F8 mem:002AE2E3 13:21201 tv:0.000001 08: PHP
lcpuC PC:F68E (84 E6 AC) A:00 X:FF Y:FF P:07 S:F7 mem:002AE30B 13:21198 tv:0.000001 84: STY zp
lcpuC PC:F690 (AC 56 02) A:00 X:FF Y:FF P:07 S:F7 mem:002AE40A 13:21195 tv:0.000001 AC: LDY abs
lcpuC PC:F693 (8D 56 02) A:00 X:FF Y:00 P:07 S:F7 mem:002AE40A 13:21191 tv:0.000000 8D: STA abs
lcpuC PC:F696 (F0 03 20) A:00 X:FF Y:00 P:07 S:F7 mem:002AE40A 13:21187 tv:0.000000 F0: BEQ
lcpuC PC:F69B (A4 E6 28) A:00 X:FF Y:00 P:07 S:F7 mem:002AE40A 13:21184 tv:0.000000 A4: LDY zp
lcpuC PC:F69D (28 F0 0B) A:00 X:FF Y:FF P:85 S:F7 mem:002AE40A 13:21181 tv:0.000001 28: PLP
lcpuC PC:F69E (F0 0B A9) A:00 X:FF Y:FF P:07 S:F8 mem:002AE40A 13:21177 tv:0.000000 F0: BEQ
lcpuC PC:F6AB (60 A2 A6) A:00 X:FF Y:FF P:07 S:F8 mem:002AE40A 13:21174 tv:0.000001 60: RTS
lcpuC PC:E27F (A9 00 08) A:00 X:FF Y:FF P:07 S:FA mem:002AE40A 13:21168 tv:0.000001 A9: LDA imm
lcpuC PC:E281 (08 84 E6) A:00 X:FF Y:FF P:07 S:FA mem:002AE40A 13:21166 tv:0.000000 08: PHP
lcpuC PC:E282 (84 E6 AC) A:00 X:FF Y:FF P:07 S:F9 mem:002AE35F 13:21163 tv:0.000000 84: STY zp
lcpuC PC:E284 (AC 57 02) A:00 X:FF Y:FF P:07 S:F9 mem:002AE35F 13:21160 tv:0.000001 AC: LDY abs
lcpuC PC:E287 (8D 57 02) A:00 X:FF Y:00 P:07 S:F9 mem:002AE35F 13:21156 tv:0.000001 8D: STA abs
lcpuC PC:E28A (F0 03 20) A:00 X:FF Y:00 P:07 S:F9 mem:002AE35F 13:21152 tv:0.000000 F0: BEQ
lcpuC PC:E28F (A4 E6 28) A:00 X:FF Y:00 P:07 S:F9 mem:002AE35F 13:21149 tv:0.000001 A4: LDY zp
lcpuC PC:E291 (28 F0 0B) A:00 X:FF Y:FF P:85 S:F9 mem:002AE35F 13:21146 tv:0.000000 28: PLP
lcpuC PC:E292 (F0 0B A9) A:00 X:FF Y:FF P:07 S:FA mem:002AE35F 13:21142 tv:0.000001 F0: BEQ
lcpuC PC:E29F (60 D0 6E) A:00 X:FF Y:FF P:07 S:FA mem:002AE35F 13:21139 tv:0.000000 60: RTS
lcpuC PC:F151 (A2 06 28) A:00 X:FF Y:FF P:07 S:FC mem:002AE35F 13:21133 tv:0.000001 A2: LDX imm
lcpuC PC:F153 (28 F0 01) A:00 X:06 Y:FF P:05 S:FC mem:002AE35F 13:21131 tv:0.000001 28: PLP
lcpuC PC:F154 (F0 01 CA) A:00 X:06 Y:FF P:04 S:FD mem:002AE35F 13:21127 tv:0.000001 F0: BEQ
lcpuC PC:F156 (CA 86 C6) A:00 X:06 Y:FF P:04 S:FD mem:002AE35F 13:21125 tv:0.000001 CA: DEX
lcpuC PC:F157 (86 C6 A2) A:00 X:05 Y:FF P:04 S:FD mem:002AE35F 13:21123 tv:0.000000 86: STX zp
lcpuC PC:F159 (A2 0E BD) A:00 X:05 Y:FF P:04 S:FD mem:002AE364 13:21120 tv:0.000000 A2: LDX imm
lcpuC PC:F15B (BD 51 D9) A:00 X:0E Y:FF P:04 S:FD mem:002AE364 13:21118 tv:0.000001 BD: LDA abs,x
lcpuC PC:F15E (9D 11 02) A:F1 X:0E Y:FF P:84 S:FD mem:002AE364 13:21114 tv:0.000001 9D: STA abs,x
lcpuC PC:F161 (CA D0 F7) A:F1 X:0E Y:FF P:84 S:FD mem:002AE364 13:21109 tv:0.000001 CA: DEX
lcpuC PC:F162 (D0 F7 86) A:F1 X:0D Y:FF P:04 S:FD mem:002AE364 13:21107 tv:0.000001 D0: BNE
lcpuC PC:F15B (BD 51 D9) A:F1 X:0D Y:FF P:04 S:FD mem:002AE364 13:21104 tv:0.000000 BD: LDA abs,x
lcpuC PC:F15E (9D 11 02) A:B1 X:0D Y:FF P:84 S:FD mem:002AE364 13:21100 tv:0.000000 9D: STA abs,x
lcpuC PC:F161 (CA D0 F7) A:B1 X:0D Y:FF P:84 S:FD mem:002AE364 13:21095 tv:0.000001 CA: DEX
lcpuC PC:F162 (D0 F7 86) A:B1 X:0C Y:FF P:04 S:FD mem:002AE364 13:21093 tv:0.000001 D0: BNE
lcpuC PC:F15B (BD 51 D9) A:B1 X:0C Y:FF P:04 S:FD mem:002AE364 13:21090 tv:0.000000 BD: LDA abs,x
lcpuC PC:F15E (9D 11 02) A:F3 X:0C Y:FF P:84 S:FD mem:002AE364 13:21086 tv:0.000001 9D: STA abs,x
lcpuC PC:F161 (CA D0 F7) A:F3 X:0C Y:FF P:84 S:FD mem:002AE364 13:21081 tv:0.000001 CA: DEX
lcpuC PC:F162 (D0 F7 86) A:F3 X:0B Y:FF P:04 S:FD mem:002AE364 13:21079 tv:0.000000 D0: BNE
lcpuC PC:F15B (BD 51 D9) A:F3 X:0B Y:FF P:04 S:FD mem:002AE364 13:21076 tv:0.000001 BD: LDA abs,x
lcpuC PC:F15E (9D 11 02) A:CA X:0B Y:FF P:84 S:FD mem:002AE364 13:21072 tv:0.000001 9D: STA abs,x
lcpuC PC:F161 (CA D0 F7) A:CA X:0B Y:FF P:84 S:FD mem:002AE364 13:21067 tv:0.000000 CA: DEX
lcpuC PC:F162 (D0 F7 86) A:CA X:0A Y:FF P:04 S:FD mem:002AE364 13:21065 tv:0.000001 D0: BNE
lcpuC PC:F15B (BD 51 D9) A:CA X:0A Y:FF P:04 S:FD mem:002AE364 13:21062 tv:0.000000 BD: LDA abs,x
lcpuC PC:F15E (9D 11 02) A:FF X:0A Y:FF P:84 S:FD mem:002AE364 13:21058 tv:0.000007 9D: STA abs,x
lcpuC PC:F161 (CA D0 F7) A:FF X:0A Y:FF P:84 S:FD mem:002AE364 13:21053 tv:0.000001 CA: DEX
lcpuC PC:F162 (D0 F7 86) A:FF X:09 Y:FF P:04 S:FD mem:002AE364 13:21051 tv:0.000001 D0: BNE
lcpuC PC:F15B (BD 51 D9) A:FF X:09 Y:FF P:04 S:FD mem:002AE364 13:21048 tv:0.000001 BD: LDA abs,x
lcpuC PC:F15E (9D 11 02) A:A6 X:09 Y:FF P:84 S:FD mem:002AE364 13:21044 tv:0.000001 9D: STA abs,x
lcpuC PC:F161 (CA D0 F7) A:A6 X:09 Y:FF P:84 S:FD mem:002AE364 13:21039 tv:0.000001 CA: DEX
lcpuC PC:F162 (D0 F7 86) A:A6 X:08 Y:FF P:04 S:FD mem:002AE364 13:21037 tv:0.000001 D0: BNE
lcpuC PC:F15B (BD 51 D9) A:A6 X:08 Y:FF P:04 S:FD mem:002AE364 13:21034 tv:0.000001 BD: LDA abs,x
lcpuC PC:F15E (9D 11 02) A:F5 X:08 Y:FF P:84 S:FD mem:002AE364 13:21030 tv:0.000001 9D: STA abs,x
lcpuC PC:F161 (CA D0 F7) A:F5 X:08 Y:FF P:84 S:FD mem:002AE364 13:21025 tv:0.000001 CA: DEX
lcpuC PC:F162 (D0 F7 86) A:F5 X:07 Y:FF P:04 S:FD mem:002AE364 13:21023 tv:0.000000 D0: BNE
lcpuC PC:F15B (BD 51 D9) A:F5 X:07 Y:FF P:04 S:FD mem:002AE364 13:21020 tv:0.000001 BD: LDA abs,x
lcpuC PC:F15E (9D 11 02) A:29 X:07 Y:FF P:04 S:FD mem:002AE364 13:21016 tv:0.000001 9D: STA abs,x
lcpuC PC:F161 (CA D0 F7) A:29 X:07 Y:FF P:04 S:FD mem:002AE364 13:21011 tv:0.000001 CA: DEX
lcpuC PC:F162 (D0 F7 86) A:29 X:06 Y:FF P:04 S:FD mem:002AE364 13:21009 tv:0.000000 D0: BNE
lcpuC PC:F15B (BD 51 D9) A:29 X:06 Y:FF P:04 S:FD mem:002AE364 13:21006 tv:0.000000 BD: LDA abs,x
lcpuC PC:F15E (9D 11 02) A:F4 X:06 Y:FF P:84 S:FD mem:002AE364 13:21002 tv:0.000001 9D: STA abs,x
lcpuC PC:F161 (CA D0 F7) A:F4 X:06 Y:FF P:84 S:FD mem:002AE364 13:20997 tv:0.000001 CA: DEX
lcpuC PC:F162 (D0 F7 86) A:F4 X:05 Y:FF P:04 S:FD mem:002AE364 13:20995 tv:0.000000 D0: BNE
lcpuC PC:F15B (BD 51 D9) A:F4 X:05 Y:FF P:04 S:FD mem:002AE364 13:20992 tv:0.000001 BD: LDA abs,x
lcpuC PC:F15E (9D 11 02) A:C9 X:05 Y:FF P:84 S:FD mem:002AE364 13:20988 tv:0.000001 9D: STA abs,x
lcpuC PC:F161 (CA D0 F7) A:C9 X:05 Y:FF P:84 S:FD mem:002AE364 13:20983 tv:0.000000 CA: DEX
lcpuC PC:F162 (D0 F7 86) A:C9 X:04 Y:FF P:04 S:FD mem:002AE364 13:20981 tv:0.000001 D0: BNE
lcpuC PC:F15B (BD 51 D9) A:C9 X:04 Y:FF P:04 S:FD mem:002AE364 13:20978 tv:0.000001 BD: LDA abs,x
lcpuC PC:F15E (9D 11 02) A:F1 X:04 Y:FF P:84 S:FD mem:002AE364 13:20974 tv:0.000001 9D: STA abs,x
lcpuC PC:F161 (CA D0 F7) A:F1 X:04 Y:FF P:84 S:FD mem:002AE364 13:20969 tv:0.000001 CA: DEX
lcpuC PC:F162 (D0 F7 86) A:F1 X:03 Y:FF P:04 S:FD mem:002AE364 13:20967 tv:0.000001 D0: BNE
lcpuC PC:F15B (BD 51 D9) A:F1 X:03 Y:FF P:04 S:FD mem:002AE364 13:20964 tv:0.000001 BD: LDA abs,x
lcpuC PC:F15E (9D 11 02) A:8E X:03 Y:FF P:84 S:FD mem:002AE364 13:20960 tv:0.000001 9D: STA abs,x
lcpuC PC:F161 (CA D0 F7) A:8E X:03 Y:FF P:84 S:FD mem:002AE364 13:20955 tv:0.000000 CA: DEX
lcpuC PC:F162 (D0 F7 86) A:8E X:02 Y:FF P:04 S:FD mem:002AE364 13:20953 tv:0.000000 D0: BNE
lcpuC PC:F15B (BD 51 D9) A:8E X:02 Y:FF P:04 S:FD mem:002AE364 13:20950 tv:0.000001 BD: LDA abs,x
lcpuC PC:F15E (9D 11 02) A:F2 X:02 Y:FF P:84 S:FD mem:002AE364 13:20946 tv:0.000000 9D: STA abs,x
lcpuC PC:F161 (CA D0 F7) A:F2 X:02 Y:FF P:84 S:FD mem:002AE364 13:20941 tv:0.000001 CA: DEX
lcpuC PC:F162 (D0 F7 86) A:F2 X:01 Y:FF P:04 S:FD mem:002AE364 13:20939 tv:0.000001 D0: BNE
lcpuC PC:F15B (BD 51 D9) A:F2 X:01 Y:FF P:04 S:FD mem:002AE364 13:20936 tv:0.000000 BD: LDA abs,x
lcpuC PC:F15E (9D 11 02) A:7D X:01 Y:FF P:04 S:FD mem:002AE364 13:20932 tv:0.000001 9D: STA abs,x
lcpuC PC:F161 (CA D0 F7) A:7D X:01 Y:FF P:04 S:FD mem:002AE364 13:20927 tv:0.000000 CA: DEX
lcpuC PC:F162 (D0 F7 86) A:7D X:00 Y:FF P:06 S:FD mem:002AE364 13:20925 tv:0.000000 D0: BNE
lcpuC PC:F164 (86 C2 A2) A:7D X:00 Y:FF P:06 S:FD mem:002AE364 13:20923 tv:0.000001 86: STX zp
lcpuC PC:F166 (A2 0F A5) A:7D X:00 Y:FF P:06 S:FD mem:002AE364 13:20920 tv:0.000000 A2: LDX imm
lcpuC PC:F168 (A5 F4 48) A:7D X:0F Y:FF P:04 S:FD mem:002AE364 13:20918 tv:0.000000 A5: LDA zp
lcpuC PC:F16A (48 8A A2) A:0F X:0F Y:FF P:04 S:FD mem:002AE364 13:20915 tv:0.000001 48: PHA
lcpuC PC:F16B (8A A2 0F) A:0F X:0F Y:FF P:04 S:FC mem:002AE33F 13:20912 tv:0.000001 8A: TXA
lcpuC PC:F16C (A2 0F FE) A:0F X:0F Y:FF P:04 S:FC mem:002AE33F 13:20910 tv:0.000001 A2: LDX imm
lcpuC PC:F16E (FE A1 02) A:0F X:0F Y:FF P:04 S:FC mem:002AE33F 13:20908 tv:0.000001 FE: INC abs,x
lcpuC PC:F171 (DE A1 02) A:0F X:0F Y:FF P:84 S:FC mem:002AE340 13:20901 tv:0.000001 DE: DEC abs,x
lcpuC PC:F174 (10 0D 86) A:0F X:0F Y:FF P:84 S:FC mem:002AE33F 13:20894 tv:0.000001 10: BPL
lcpuC PC:F176 (86 F4 8E) A:0F X:0F Y:FF P:84 S:FC mem:002AE33F 13:20892 tv:0.000001 86: STX zp
lcpuC PC:F178 (8E 30 FE) A:0F X:0F Y:FF P:84 S:FC mem:002AE33F 13:20889 tv:0.000010 8E: STX abs
here! 0x00000f 0x00f17b 0xe6fa3010 0xcdde0ebc tv:0.000001 (cycle 20889  pc ~F178
writemem_ex! addr=FE30 val=0F
lcpuC PC:F17B (20 03 80) A:0F X:0F Y:FF P:84 S:FC mem:002AE33F 13:20885 tv:0.000008 20: JSR
lcpuC PC:8003 (4C 55 94) A:0F X:0F Y:FF P:84 S:FA mem:002AE36C 13:20879 tv:0.000000 4C: JMP
lcpuC PC:9455 (C9 01 D0) A:0F X:0F Y:FF P:84 S:FA mem:002AE36C 13:20876 tv:0.000000 C9: CMP imm
lcpuC PC:9457 (D0 07 C0) A:0F X:0F Y:FF P:05 S:FA mem:002AE36C 13:20874 tv:0.000001 D0: BNE
lcpuC PC:9460 (C9 02 D0) A:0F X:0F Y:FF P:05 S:FA mem:002AE36C 13:20871 tv:0.000001 C9: CMP imm
lcpuC PC:9462 (D0 1A 48) A:0F X:0F Y:FF P:05 S:FA mem:002AE36C 13:20869 tv:0.000001 D0: BNE
lcpuC PC:947E (C9 03 D0) A:0F X:0F Y:FF P:05 S:FA mem:002AE36C 13:20866 tv:0.000001 C9: CMP imm
lcpuC PC:9480 (D0 19 84) A:0F X:0F Y:FF P:05 S:FA mem:002AE36C 13:20864 tv:0.000000 D0: BNE
lcpuC PC:949B (C9 04 D0) A:0F X:0F Y:FF P:05 S:FA mem:002AE36C 13:20861 tv:0.000000 C9: CMP imm
lcpuC PC:949D (D0 08 20) A:0F X:0F Y:FF P:05 S:FA mem:002AE36C 13:20859 tv:0.000000 D0: BNE
lcpuC PC:94A7 (C9 09 D0) A:0F X:0F Y:FF P:05 S:FA mem:002AE36C 13:20856 tv:0.000001 C9: CMP imm
lcpuC PC:94A9 (D0 12 20) A:0F X:0F Y:FF P:05 S:FA mem:002AE36C 13:20854 tv:0.000000 D0: BNE
lcpuC PC:94BD (C9 0A D0) A:0F X:0F Y:FF P:05 S:FA mem:002AE36C 13:20851 tv:0.000001 C9: CMP imm
lcpuC PC:94BF (D0 29 20) A:0F X:0F Y:FF P:05 S:FA mem:002AE36C 13:20849 tv:0.000000 D0: BNE
lcpuC PC:94EA (C9 08 D0) A:0F X:0F Y:FF P:05 S:FA mem:002AE36C 13:20846 tv:0.000000 C9: CMP imm
lcpuC PC:94EC (D0 FB 20) A:0F X:0F Y:FF P:05 S:FA mem:002AE36C 13:20844 tv:0.000000 D0: BNE
lcpuC PC:94E9 (60 C9 08) A:0F X:0F Y:FF P:05 S:FA mem:002AE36C 13:20841 tv:0.000001 60: RTS
lcpuC PC:F17E (AA F0 05) A:0F X:0F Y:FF P:05 S:FC mem:002AE36C 13:20835 tv:0.000002 AA: TAX
lcpuC PC:F17F (F0 05 A6) A:0F X:0F Y:FF P:05 S:FC mem:002AE36C 13:20833 tv:0.000001 F0: BEQ
lcpuC PC:F181 (A6 F4 CA) A:0F X:0F Y:FF P:05 S:FC mem:002AE36C 13:20831 tv:0.000001 A6: LDX zp
lcpuC PC:F183 (CA 10 E8) A:0F X:0F Y:FF P:05 S:FC mem:002AE36C 13:20828 tv:0.000001 CA: DEX
lcpuC PC:F184 (10 E8 68) A:0F X:0E Y:FF P:05 S:FC mem:002AE36C 13:20826 tv:0.000001 10: BPL
lcpuC PC:F16E (FE A1 02) A:0F X:0E Y:FF P:05 S:FC mem:002AE36C 13:20823 tv:0.000001 FE: INC abs,x
lcpuC PC:F171 (DE A1 02) A:0F X:0E Y:FF P:05 S:FC mem:002AE36D 13:20816 tv:0.000001 DE: DEC abs,x
lcpuC PC:F174 (10 0D 86) A:0F X:0E Y:FF P:05 S:FC mem:002AE36C 13:20809 tv:0.000001 10: BPL
lcpuC PC:F183 (CA 10 E8) A:0F X:0E Y:FF P:05 S:FC mem:002AE36C 13:20806 tv:0.000001 CA: DEX
lcpuC PC:F184 (10 E8 68) A:0F X:0D Y:FF P:05 S:FC mem:002AE36C 13:20804 tv:0.000006 10: BPL
lcpuC PC:F16E (FE A1 02) A:0F X:0D Y:FF P:05 S:FC mem:002AE36C 13:20801 tv:0.000001 FE: INC abs,x
lcpuC PC:F171 (DE A1 02) A:0F X:0D Y:FF P:05 S:FC mem:002AE36D 13:20794 tv:0.000001 DE: DEC abs,x
lcpuC PC:F174 (10 0D 86) A:0F X:0D Y:FF P:07 S:FC mem:002AE36C 13:20787 tv:0.000001 10: BPL
lcpuC PC:F183 (CA 10 E8) A:0F X:0D Y:FF P:07 S:FC mem:002AE36C 13:20784 tv:0.000001 CA: DEX
lcpuC PC:F184 (10 E8 68) A:0F X:0C Y:FF P:05 S:FC mem:002AE36C 13:20782 tv:0.000000 10: BPL
lcpuC PC:F16E (FE A1 02) A:0F X:0C Y:FF P:05 S:FC mem:002AE36C 13:20779 tv:0.000000 FE: INC abs,x
lcpuC PC:F171 (DE A1 02) A:0F X:0C Y:FF P:05 S:FC mem:002AE36D 13:20772 tv:0.000000 DE: DEC abs,x
lcpuC PC:F174 (10 0D 86) A:0F X:0C Y:FF P:07 S:FC mem:002AE36C 13:20765 tv:0.000001 10: BPL
lcpuC PC:F183 (CA 10 E8) A:0F X:0C Y:FF P:07 S:FC mem:002AE36C 13:20762 tv:0.000000 CA: DEX
lcpuC PC:F184 (10 E8 68) A:0F X:0B Y:FF P:05 S:FC mem:002AE36C 13:20760 tv:0.000001 10: BPL
lcpuC PC:F16E (FE A1 02) A:0F X:0B Y:FF P:05 S:FC mem:002AE36C 13:20757 tv:0.000000 FE: INC abs,x
lcpuC PC:F171 (DE A1 02) A:0F X:0B Y:FF P:05 S:FC mem:002AE36D 13:20750 tv:0.000001 DE: DEC abs,x
lcpuC PC:F174 (10 0D 86) A:0F X:0B Y:FF P:07 S:FC mem:002AE36C 13:20743 tv:0.000000 10: BPL
lcpuC PC:F183 (CA 10 E8) A:0F X:0B Y:FF P:07 S:FC mem:002AE36C 13:20740 tv:0.000001 CA: DEX
lcpuC PC:F184 (10 E8 68) A:0F X:0A Y:FF P:05 S:FC mem:002AE36C 13:20738 tv:0.000000 10: BPL
lcpuC PC:F16E (FE A1 02) A:0F X:0A Y:FF P:05 S:FC mem:002AE36C 13:20735 tv:0.000000 FE: INC abs,x
lcpuC PC:F171 (DE A1 02) A:0F X:0A Y:FF P:05 S:FC mem:002AE36D 13:20728 tv:0.000001 DE: DEC abs,x
lcpuC PC:F174 (10 0D 86) A:0F X:0A Y:FF P:07 S:FC mem:002AE36C 13:20721 tv:0.000001 10: BPL
lcpuC PC:F183 (CA 10 E8) A:0F X:0A Y:FF P:07 S:FC mem:002AE36C 13:20718 tv:0.000000 CA: DEX
lcpuC PC:F184 (10 E8 68) A:0F X:09 Y:FF P:05 S:FC mem:002AE36C 13:20716 tv:0.000000 10: BPL
lcpuC PC:F16E (FE A1 02) A:0F X:09 Y:FF P:05 S:FC mem:002AE36C 13:20713 tv:0.000001 FE: INC abs,x
lcpuC PC:F171 (DE A1 02) A:0F X:09 Y:FF P:05 S:FC mem:002AE36D 13:20706 tv:0.000001 DE: DEC abs,x
lcpuC PC:F174 (10 0D 86) A:0F X:09 Y:FF P:07 S:FC mem:002AE36C 13:20699 tv:0.000001 10: BPL
lcpuC PC:F183 (CA 10 E8) A:0F X:09 Y:FF P:07 S:FC mem:002AE36C 13:20696 tv:0.000001 CA: DEX
lcpuC PC:F184 (10 E8 68) A:0F X:08 Y:FF P:05 S:FC mem:002AE36C 13:20694 tv:0.000001 10: BPL
lcpuC PC:F16E (FE A1 02) A:0F X:08 Y:FF P:05 S:FC mem:002AE36C 13:20691 tv:0.000000 FE: INC abs,x
lcpuC PC:F171 (DE A1 02) A:0F X:08 Y:FF P:05 S:FC mem:002AE36D 13:20684 tv:0.000001 DE: DEC abs,x
lcpuC PC:F174 (10 0D 86) A:0F X:08 Y:FF P:07 S:FC mem:002AE36C 13:20677 tv:0.000000 10: BPL
lcpuC PC:F183 (CA 10 E8) A:0F X:08 Y:FF P:07 S:FC mem:002AE36C 13:20674 tv:0.000000 CA: DEX
lcpuC PC:F184 (10 E8 68) A:0F X:07 Y:FF P:05 S:FC mem:002AE36C 13:20672 tv:0.000001 10: BPL
lcpuC PC:F16E (FE A1 02) A:0F X:07 Y:FF P:05 S:FC mem:002AE36C 13:20669 tv:0.000000 FE: INC abs,x
lcpuC PC:F171 (DE A1 02) A:0F X:07 Y:FF P:05 S:FC mem:002AE36D 13:20662 tv:0.000001 DE: DEC abs,x
lcpuC PC:F174 (10 0D 86) A:0F X:07 Y:FF P:07 S:FC mem:002AE36C 13:20655 tv:0.000000 10: BPL
lcpuC PC:F183 (CA 10 E8) A:0F X:07 Y:FF P:07 S:FC mem:002AE36C 13:20652 tv:0.000001 CA: DEX
lcpuC PC:F184 (10 E8 68) A:0F X:06 Y:FF P:05 S:FC mem:002AE36C 13:20650 tv:0.000000 10: BPL
lcpuC PC:F16E (FE A1 02) A:0F X:06 Y:FF P:05 S:FC mem:002AE36C 13:20647 tv:0.000001 FE: INC abs,x
lcpuC PC:F171 (DE A1 02) A:0F X:06 Y:FF P:05 S:FC mem:002AE36D 13:20640 tv:0.000001 DE: DEC abs,x
lcpuC PC:F174 (10 0D 86) A:0F X:06 Y:FF P:07 S:FC mem:002AE36C 13:20633 tv:0.000001 10: BPL
lcpuC PC:F183 (CA 10 E8) A:0F X:06 Y:FF P:07 S:FC mem:002AE36C 13:20630 tv:0.000000 CA: DEX
lcpuC PC:F184 (10 E8 68) A:0F X:05 Y:FF P:05 S:FC mem:002AE36C 13:20628 tv:0.000000 10: BPL
lcpuC PC:F16E (FE A1 02) A:0F X:05 Y:FF P:05 S:FC mem:002AE36C 13:20625 tv:0.000001 FE: INC abs,x
lcpuC PC:F171 (DE A1 02) A:0F X:05 Y:FF P:05 S:FC mem:002AE36D 13:20618 tv:0.000000 DE: DEC abs,x
lcpuC PC:F174 (10 0D 86) A:0F X:05 Y:FF P:07 S:FC mem:002AE36C 13:20611 tv:0.000001 10: BPL
lcpuC PC:F183 (CA 10 E8) A:0F X:05 Y:FF P:07 S:FC mem:002AE36C 13:20608 tv:0.000001 CA: DEX
lcpuC PC:F184 (10 E8 68) A:0F X:04 Y:FF P:05 S:FC mem:002AE36C 13:20606 tv:0.000001 10: BPL
lcpuC PC:F16E (FE A1 02) A:0F X:04 Y:FF P:05 S:FC mem:002AE36C 13:20603 tv:0.000002 FE: INC abs,x
lcpuC PC:F171 (DE A1 02) A:0F X:04 Y:FF P:05 S:FC mem:002AE36D 13:20596 tv:0.000000 DE: DEC abs,x
lcpuC PC:F174 (10 0D 86) A:0F X:04 Y:FF P:07 S:FC mem:002AE36C 13:20589 tv:0.000000 10: BPL
lcpuC PC:F183 (CA 10 E8) A:0F X:04 Y:FF P:07 S:FC mem:002AE36C 13:20586 tv:0.000000 CA: DEX
lcpuC PC:F184 (10 E8 68) A:0F X:03 Y:FF P:05 S:FC mem:002AE36C 13:20584 tv:0.000000 10: BPL
lcpuC PC:F16E (FE A1 02) A:0F X:03 Y:FF P:05 S:FC mem:002AE36C 13:20581 tv:0.000001 FE: INC abs,x
lcpuC PC:F171 (DE A1 02) A:0F X:03 Y:FF P:05 S:FC mem:002AE36D 13:20574 tv:0.000001 DE: DEC abs,x
lcpuC PC:F174 (10 0D 86) A:0F X:03 Y:FF P:07 S:FC mem:002AE36C 13:20567 tv:0.000002 10: BPL
lcpuC PC:F183 (CA 10 E8) A:0F X:03 Y:FF P:07 S:FC mem:002AE36C 13:20564 tv:0.000000 CA: DEX
lcpuC PC:F184 (10 E8 68) A:0F X:02 Y:FF P:05 S:FC mem:002AE36C 13:20562 tv:0.000001 10: BPL
lcpuC PC:F16E (FE A1 02) A:0F X:02 Y:FF P:05 S:FC mem:002AE36C 13:20559 tv:0.000001 FE: INC abs,x
lcpuC PC:F171 (DE A1 02) A:0F X:02 Y:FF P:05 S:FC mem:002AE36D 13:20552 tv:0.000000 DE: DEC abs,x
lcpuC PC:F174 (10 0D 86) A:0F X:02 Y:FF P:07 S:FC mem:002AE36C 13:20545 tv:0.000007 10: BPL
lcpuC PC:F183 (CA 10 E8) A:0F X:02 Y:FF P:07 S:FC mem:002AE36C 13:20542 tv:0.000001 CA: DEX
lcpuC PC:F184 (10 E8 68) A:0F X:01 Y:FF P:05 S:FC mem:002AE36C 13:20540 tv:0.000001 10: BPL
lcpuC PC:F16E (FE A1 02) A:0F X:01 Y:FF P:05 S:FC mem:002AE36C 13:20537 tv:0.000000 FE: INC abs,x
lcpuC PC:F171 (DE A1 02) A:0F X:01 Y:FF P:05 S:FC mem:002AE36D 13:20530 tv:0.000001 DE: DEC abs,x
lcpuC PC:F174 (10 0D 86) A:0F X:01 Y:FF P:07 S:FC mem:002AE36C 13:20523 tv:0.000001 10: BPL
lcpuC PC:F183 (CA 10 E8) A:0F X:01 Y:FF P:07 S:FC mem:002AE36C 13:20520 tv:0.000000 CA: DEX
lcpuC PC:F184 (10 E8 68) A:0F X:00 Y:FF P:07 S:FC mem:002AE36C 13:20518 tv:0.000000 10: BPL
lcpuC PC:F16E (FE A1 02) A:0F X:00 Y:FF P:07 S:FC mem:002AE36C 13:20515 tv:0.000000 FE: INC abs,x
lcpuC PC:F171 (DE A1 02) A:0F X:00 Y:FF P:05 S:FC mem:002AE36D 13:20508 tv:0.000001 DE: DEC abs,x
lcpuC PC:F174 (10 0D 86) A:0F X:00 Y:FF P:07 S:FC mem:002AE36C 13:20501 tv:0.000001 10: BPL
lcpuC PC:F183 (CA 10 E8) A:0F X:00 Y:FF P:07 S:FC mem:002AE36C 13:20498 tv:0.000001 CA: DEX
lcpuC PC:F184 (10 E8 68) A:0F X:FF Y:FF P:85 S:FC mem:002AE36C 13:20496 tv:0.000000 10: BPL
lcpuC PC:F186 (68 85 F4) A:0F X:FF Y:FF P:85 S:FC mem:002AE36C 13:20494 tv:0.000001 68: PLA
lcpuC PC:F187 (85 F4 8D) A:0F X:FF Y:FF P:05 S:FD mem:002AE36C 13:20490 tv:0.000000 85: STA zp
lcpuC PC:F189 (8D 30 FE) A:0F X:FF Y:FF P:05 S:FD mem:002AE36C 13:20487 tv:0.000001 8D: STA abs
here! 0x00000f 0x00f18c 0xe6fa3010 0xcdde0ebc tv:0.000000 (cycle 20487  pc ~F189
writemem_ex! addr=FE30 val=0F
lcpuC PC:F18C (8A 60 09) A:0F X:FF Y:FF P:05 S:FD mem:002AE36C 13:20483 tv:0.000007 8A: TXA
lcpuC PC:F18D (60 09 00) A:FF X:FF Y:FF P:85 S:FD mem:002AE36C 13:20481 tv:0.000000 60: RTS
lcpuC PC:DB38 (A9 81 8D) A:FF X:FF Y:FF P:85 S:FF mem:002AE36C 13:20475 tv:0.000000 A9: LDA imm
lcpuC PC:DB3A (8D E0 FE) A:81 X:FF Y:FF P:85 S:FF mem:002AE36C 13:20473 tv:0.000001 8D: STA abs
here! 0x000081 0x00db3d 0xe6fa3010 0xcdde0ebc tv:0.000000 (cycle 20473  pc ~DB3A
writemem_ex! addr=FEE0 val=81
lcpuC PC:DB3D (AD E0 FE) A:81 X:FF Y:FF P:85 S:FF mem:002AE36C 13:20469 tv:0.000007 AD: LDA abs
readmem_ex! addr=FEE0 val=72
lcpuC PC:DB40 (6A 90 0A) A:72 X:FF Y:FF P:05 S:FF mem:002AE36C 13:20465 tv:0.000004 6A: ROR A
lcpuC PC:DB41 (90 0A A2) A:B9 X:FF Y:FF P:84 S:FF mem:002AE36C 13:20463 tv:0.000001 90: BCC
lcpuC PC:DB4D (A0 0E A2) A:B9 X:FF Y:FF P:84 S:FF mem:002AE36C 13:20460 tv:0.000001 A0: LDY imm
lcpuC PC:DB4F (A2 01 20) A:B9 X:FF Y:0E P:04 S:FF mem:002AE36C 13:20458 tv:0.000000 A2: LDX imm
lcpuC PC:DB51 (20 68 F1) A:B9 X:01 Y:0E P:04 S:FF mem:002AE36C 13:20456 tv:0.000001 20: JSR
lcpuC PC:F168 (A5 F4 48) A:B9 X:01 Y:0E P:04 S:FD mem:002AE388 13:20450 tv:0.000001 A5: LDA zp
lcpuC PC:F16A (48 8A A2) A:0F X:01 Y:0E P:04 S:FD mem:002AE388 13:20447 tv:0.000001 48: PHA
lcpuC PC:F16B (8A A2 0F) A:0F X:01 Y:0E P:04 S:FC mem:002AE388 13:20444 tv:0.000001 8A: TXA
lcpuC PC:F16C (A2 0F FE) A:01 X:01 Y:0E P:04 S:FC mem:002AE388 13:20442 tv:0.000000 A2: LDX imm
lcpuC PC:F16E (FE A1 02) A:01 X:0F Y:0E P:04 S:FC mem:002AE388 13:20440 tv:0.000001 FE: INC abs,x
lcpuC PC:F171 (DE A1 02) A:01 X:0F Y:0E P:84 S:FC mem:002AE389 13:20433 tv:0.000001 DE: DEC abs,x
lcpuC PC:F174 (10 0D 86) A:01 X:0F Y:0E P:84 S:FC mem:002AE388 13:20426 tv:0.000001 10: BPL
lcpuC PC:F176 (86 F4 8E) A:01 X:0F Y:0E P:84 S:FC mem:002AE388 13:20424 tv:0.000000 86: STX zp
lcpuC PC:F178 (8E 30 FE) A:01 X:0F Y:0E P:84 S:FC mem:002AE388 13:20421 tv:0.000000 8E: STX abs
here! 0x00000f 0x00f17b 0xe6fa3010 0xcdde0ebc tv:0.000000 (cycle 20421  pc ~F178
writemem_ex! addr=FE30 val=0F
lcpuC PC:F17B (20 03 80) A:01 X:0F Y:0E P:84 S:FC mem:002AE388 13:20417 tv:0.000006 20: JSR
lcpuC PC:8003 (4C 55 94) A:01 X:0F Y:0E P:84 S:FA mem:002AE388 13:20411 tv:0.000001 4C: JMP
lcpuC PC:9455 (C9 01 D0) A:01 X:0F Y:0E P:84 S:FA mem:002AE388 13:20408 tv:0.000001 C9: CMP imm
lcpuC PC:9457 (D0 07 C0) A:01 X:0F Y:0E P:07 S:FA mem:002AE388 13:20406 tv:0.000001 D0: BNE
lcpuC PC:9459 (C0 17 B0) A:01 X:0F Y:0E P:07 S:FA mem:002AE388 13:20404 tv:0.000001 C0: CPY imm
lcpuC PC:945B (B0 02 A0) A:01 X:0F Y:0E P:84 S:FA mem:002AE388 13:20402 tv:0.000001 B0: BCS
lcpuC PC:945D (A0 17 60) A:01 X:0F Y:0E P:84 S:FA mem:002AE388 13:20400 tv:0.000000 A0: LDY imm
lcpuC PC:945F (60 C9 02) A:01 X:0F Y:17 P:04 S:FA mem:002AE388 13:20398 tv:0.000000 60: RTS
lcpuC PC:F17E (AA F0 05) A:01 X:0F Y:17 P:04 S:FC mem:002AE388 13:20392 tv:0.000000 AA: TAX
lcpuC PC:F17F (F0 05 A6) A:01 X:01 Y:17 P:04 S:FC mem:002AE388 13:20390 tv:0.000000 F0: BEQ
lcpuC PC:F181 (A6 F4 CA) A:01 X:01 Y:17 P:04 S:FC mem:002AE388 13:20388 tv:0.000000 A6: LDX zp
lcpuC PC:F183 (CA 10 E8) A:01 X:0F Y:17 P:04 S:FC mem:002AE388 13:20385 tv:0.000000 CA: DEX
lcpuC PC:F184 (10 E8 68) A:01 X:0E Y:17 P:04 S:FC mem:002AE388 13:20383 tv:0.000000 10: BPL
lcpuC PC:F16E (FE A1 02) A:01 X:0E Y:17 P:04 S:FC mem:002AE388 13:20380 tv:0.000001 FE: INC abs,x
lcpuC PC:F171 (DE A1 02) A:01 X:0E Y:17 P:04 S:FC mem:002AE389 13:20373 tv:0.000002 DE: DEC abs,x
lcpuC PC:F174 (10 0D 86) A:01 X:0E Y:17 P:04 S:FC mem:002AE388 13:20366 tv:0.000001 10: BPL
lcpuC PC:F183 (CA 10 E8) A:01 X:0E Y:17 P:04 S:FC mem:002AE388 13:20363 tv:0.000000 CA: DEX
lcpuC PC:F184 (10 E8 68) A:01 X:0D Y:17 P:04 S:FC mem:002AE388 13:20361 tv:0.000000 10: BPL
lcpuC PC:F16E (FE A1 02) A:01 X:0D Y:17 P:04 S:FC mem:002AE388 13:20358 tv:0.000001 FE: INC abs,x
lcpuC PC:F171 (DE A1 02) A:01 X:0D Y:17 P:04 S:FC mem:002AE389 13:20351 tv:0.000001 DE: DEC abs,x
lcpuC PC:F174 (10 0D 86) A:01 X:0D Y:17 P:06 S:FC mem:002AE388 13:20344 tv:0.000001 10: BPL
lcpuC PC:F183 (CA 10 E8) A:01 X:0D Y:17 P:06 S:FC mem:002AE388 13:20341 tv:0.000001 CA: DEX
lcpuC PC:F184 (10 E8 68) A:01 X:0C Y:17 P:04 S:FC mem:002AE388 13:20339 tv:0.000001 10: BPL
lcpuC PC:F16E (FE A1 02) A:01 X:0C Y:17 P:04 S:FC mem:002AE388 13:20336 tv:0.000000 FE: INC abs,x
lcpuC PC:F171 (DE A1 02) A:01 X:0C Y:17 P:04 S:FC mem:002AE389 13:20329 tv:0.000000 DE: DEC abs,x
lcpuC PC:F174 (10 0D 86) A:01 X:0C Y:17 P:06 S:FC mem:002AE388 13:20322 tv:0.000001 10: BPL
lcpuC PC:F183 (CA 10 E8) A:01 X:0C Y:17 P:06 S:FC mem:002AE388 13:20319 tv:0.000001 CA: DEX
lcpuC PC:F184 (10 E8 68) A:01 X:0B Y:17 P:04 S:FC mem:002AE388 13:20317 tv:0.000001 10: BPL
lcpuC PC:F16E (FE A1 02) A:01 X:0B Y:17 P:04 S:FC mem:002AE388 13:20314 tv:0.000000 FE: INC abs,x
lcpuC PC:F171 (DE A1 02) A:01 X:0B Y:17 P:04 S:FC mem:002AE389 13:20307 tv:0.000001 DE: DEC abs,x
lcpuC PC:F174 (10 0D 86) A:01 X:0B Y:17 P:06 S:FC mem:002AE388 13:20300 tv:0.000001 10: BPL
lcpuC PC:F183 (CA 10 E8) A:01 X:0B Y:17 P:06 S:FC mem:002AE388 13:20297 tv:0.000000 CA: DEX
lcpuC PC:F184 (10 E8 68) A:01 X:0A Y:17 P:04 S:FC mem:002AE388 13:20295 tv:0.000000 10: BPL
lcpuC PC:F16E (FE A1 02) A:01 X:0A Y:17 P:04 S:FC mem:002AE388 13:20292 tv:0.000009 FE: INC abs,x
lcpuC PC:F171 (DE A1 02) A:01 X:0A Y:17 P:04 S:FC mem:002AE389 13:20285 tv:0.000001 DE: DEC abs,x
lcpuC PC:F174 (10 0D 86) A:01 X:0A Y:17 P:06 S:FC mem:002AE388 13:20278 tv:0.000000 10: BPL
lcpuC PC:F183 (CA 10 E8) A:01 X:0A Y:17 P:06 S:FC mem:002AE388 13:20275 tv:0.000001 CA: DEX
lcpuC PC:F184 (10 E8 68) A:01 X:09 Y:17 P:04 S:FC mem:002AE388 13:20273 tv:0.000000 10: BPL
lcpuC PC:F16E (FE A1 02) A:01 X:09 Y:17 P:04 S:FC mem:002AE388 13:20270 tv:0.000001 FE: INC abs,x
lcpuC PC:F171 (DE A1 02) A:01 X:09 Y:17 P:04 S:FC mem:002AE389 13:20263 tv:0.000000 DE: DEC abs,x
lcpuC PC:F174 (10 0D 86) A:01 X:09 Y:17 P:06 S:FC mem:002AE388 13:20256 tv:0.000001 10: BPL
lcpuC PC:F183 (CA 10 E8) A:01 X:09 Y:17 P:06 S:FC mem:002AE388 13:20253 tv:0.000001 CA: DEX
lcpuC PC:F184 (10 E8 68) A:01 X:08 Y:17 P:04 S:FC mem:002AE388 13:20251 tv:0.000000 10: BPL
lcpuC PC:F16E (FE A1 02) A:01 X:08 Y:17 P:04 S:FC mem:002AE388 13:20248 tv:0.000001 FE: INC abs,x
lcpuC PC:F171 (DE A1 02) A:01 X:08 Y:17 P:04 S:FC mem:002AE389 13:20241 tv:0.000001 DE: DEC abs,x
lcpuC PC:F174 (10 0D 86) A:01 X:08 Y:17 P:06 S:FC mem:002AE388 13:20234 tv:0.000000 10: BPL
lcpuC PC:F183 (CA 10 E8) A:01 X:08 Y:17 P:06 S:FC mem:002AE388 13:20231 tv:0.000002 CA: DEX
lcpuC PC:F184 (10 E8 68) A:01 X:07 Y:17 P:04 S:FC mem:002AE388 13:20229 tv:0.000001 10: BPL
lcpuC PC:F16E (FE A1 02) A:01 X:07 Y:17 P:04 S:FC mem:002AE388 13:20226 tv:0.000001 FE: INC abs,x
lcpuC PC:F171 (DE A1 02) A:01 X:07 Y:17 P:04 S:FC mem:002AE389 13:20219 tv:0.000000 DE: DEC abs,x
lcpuC PC:F174 (10 0D 86) A:01 X:07 Y:17 P:06 S:FC mem:002AE388 13:20212 tv:0.000001 10: BPL
lcpuC PC:F183 (CA 10 E8) A:01 X:07 Y:17 P:06 S:FC mem:002AE388 13:20209 tv:0.000000 CA: DEX
lcpuC PC:F184 (10 E8 68) A:01 X:06 Y:17 P:04 S:FC mem:002AE388 13:20207 tv:0.000000 10: BPL
lcpuC PC:F16E (FE A1 02) A:01 X:06 Y:17 P:04 S:FC mem:002AE388 13:20204 tv:0.000001 FE: INC abs,x
lcpuC PC:F171 (DE A1 02) A:01 X:06 Y:17 P:04 S:FC mem:002AE389 13:20197 tv:0.000000 DE: DEC abs,x
lcpuC PC:F174 (10 0D 86) A:01 X:06 Y:17 P:06 S:FC mem:002AE388 13:20190 tv:0.000001 10: BPL
lcpuC PC:F183 (CA 10 E8) A:01 X:06 Y:17 P:06 S:FC mem:002AE388 13:20187 tv:0.000001 CA: DEX
lcpuC PC:F184 (10 E8 68) A:01 X:05 Y:17 P:04 S:FC mem:002AE388 13:20185 tv:0.000000 10: BPL
lcpuC PC:F16E (FE A1 02) A:01 X:05 Y:17 P:04 S:FC mem:002AE388 13:20182 tv:0.000000 FE: INC abs,x
lcpuC PC:F171 (DE A1 02) A:01 X:05 Y:17 P:04 S:FC mem:002AE389 13:20175 tv:0.000001 DE: DEC abs,x
lcpuC PC:F174 (10 0D 86) A:01 X:05 Y:17 P:06 S:FC mem:002AE388 13:20168 tv:0.000001 10: BPL
lcpuC PC:F183 (CA 10 E8) A:01 X:05 Y:17 P:06 S:FC mem:002AE388 13:20165 tv:0.000001 CA: DEX
lcpuC PC:F184 (10 E8 68) A:01 X:04 Y:17 P:04 S:FC mem:002AE388 13:20163 tv:0.000000 10: BPL
lcpuC PC:F16E (FE A1 02) A:01 X:04 Y:17 P:04 S:FC mem:002AE388 13:20160 tv:0.000000 FE: INC abs,x
lcpuC PC:F171 (DE A1 02) A:01 X:04 Y:17 P:04 S:FC mem:002AE389 13:20153 tv:0.000001 DE: DEC abs,x
lcpuC PC:F174 (10 0D 86) A:01 X:04 Y:17 P:06 S:FC mem:002AE388 13:20146 tv:0.000000 10: BPL
lcpuC PC:F183 (CA 10 E8) A:01 X:04 Y:17 P:06 S:FC mem:002AE388 13:20143 tv:0.000000 CA: DEX
lcpuC PC:F184 (10 E8 68) A:01 X:03 Y:17 P:04 S:FC mem:002AE388 13:20141 tv:0.000001 10: BPL
lcpuC PC:F16E (FE A1 02) A:01 X:03 Y:17 P:04 S:FC mem:002AE388 13:20138 tv:0.000001 FE: INC abs,x
lcpuC PC:F171 (DE A1 02) A:01 X:03 Y:17 P:04 S:FC mem:002AE389 13:20131 tv:0.000001 DE: DEC abs,x
lcpuC PC:F174 (10 0D 86) A:01 X:03 Y:17 P:06 S:FC mem:002AE388 13:20124 tv:0.000002 10: BPL
lcpuC PC:F183 (CA 10 E8) A:01 X:03 Y:17 P:06 S:FC mem:002AE388 13:20121 tv:0.000002 CA: DEX
lcpuC PC:F184 (10 E8 68) A:01 X:02 Y:17 P:04 S:FC mem:002AE388 13:20119 tv:0.000000 10: BPL
lcpuC PC:F16E (FE A1 02) A:01 X:02 Y:17 P:04 S:FC mem:002AE388 13:20116 tv:0.000001 FE: INC abs,x
lcpuC PC:F171 (DE A1 02) A:01 X:02 Y:17 P:04 S:FC mem:002AE389 13:20109 tv:0.000000 DE: DEC abs,x
lcpuC PC:F174 (10 0D 86) A:01 X:02 Y:17 P:06 S:FC mem:002AE388 13:20102 tv:0.000001 10: BPL
lcpuC PC:F183 (CA 10 E8) A:01 X:02 Y:17 P:06 S:FC mem:002AE388 13:20099 tv:0.000000 CA: DEX
lcpuC PC:F184 (10 E8 68) A:01 X:01 Y:17 P:04 S:FC mem:002AE388 13:20097 tv:0.000001 10: BPL
lcpuC PC:F16E (FE A1 02) A:01 X:01 Y:17 P:04 S:FC mem:002AE388 13:20094 tv:0.000000 FE: INC abs,x
lcpuC PC:F171 (DE A1 02) A:01 X:01 Y:17 P:04 S:FC mem:002AE389 13:20087 tv:0.000001 DE: DEC abs,x
lcpuC PC:F174 (10 0D 86) A:01 X:01 Y:17 P:06 S:FC mem:002AE388 13:20080 tv:0.000001 10: BPL
lcpuC PC:F183 (CA 10 E8) A:01 X:01 Y:17 P:06 S:FC mem:002AE388 13:20077 tv:0.000000 CA: DEX
lcpuC PC:F184 (10 E8 68) A:01 X:00 Y:17 P:06 S:FC mem:002AE388 13:20075 tv:0.000000 10: BPL
lcpuC PC:F16E (FE A1 02) A:01 X:00 Y:17 P:06 S:FC mem:002AE388 13:20072 tv:0.000001 FE: INC abs,x
lcpuC PC:F171 (DE A1 02) A:01 X:00 Y:17 P:04 S:FC mem:002AE389 13:20065 tv:0.000001 DE: DEC abs,x
lcpuC PC:F174 (10 0D 86) A:01 X:00 Y:17 P:06 S:FC mem:002AE388 13:20058 tv:0.000001 10: BPL
lcpuC PC:F183 (CA 10 E8) A:01 X:00 Y:17 P:06 S:FC mem:002AE388 13:20055 tv:0.000001 CA: DEX
lcpuC PC:F184 (10 E8 68) A:01 X:FF Y:17 P:84 S:FC mem:002AE388 13:20053 tv:0.000001 10: BPL
lcpuC PC:F186 (68 85 F4) A:01 X:FF Y:17 P:84 S:FC mem:002AE388 13:20051 tv:0.000001 68: PLA
lcpuC PC:F187 (85 F4 8D) A:0F X:FF Y:17 P:04 S:FD mem:002AE388 13:20047 tv:0.000001 85: STA zp
lcpuC PC:F189 (8D 30 FE) A:0F X:FF Y:17 P:04 S:FD mem:002AE388 13:20044 tv:0.000000 8D: STA abs
here! 0x00000f 0x00f18c 0xe6fa3010 0xcdde0ebc tv:0.000000 (cycle 20044  pc ~F189
writemem_ex! addr=FE30 val=0F
lcpuC PC:F18C (8A 60 09) A:0F X:FF Y:17 P:04 S:FD mem:002AE388 13:20040 tv:0.000007 8A: TXA
lcpuC PC:F18D (60 09 00) A:FF X:FF Y:17 P:84 S:FD mem:002AE388 13:20038 tv:0.000001 60: RTS
lcpuC PC:DB54 (A2 02 20) A:FF X:FF Y:17 P:84 S:FF mem:002AE388 13:20032 tv:0.000007 A2: LDX imm
lcpuC PC:DB56 (20 68 F1) A:FF X:02 Y:17 P:04 S:FF mem:002AE388 13:20030 tv:0.000001 20: JSR
lcpuC PC:F168 (A5 F4 48) A:FF X:02 Y:17 P:04 S:FD mem:002AE38D 13:20024 tv:0.000000 A5: LDA zp
lcpuC PC:F16A (48 8A A2) A:0F X:02 Y:17 P:04 S:FD mem:002AE38D 13:20021 tv:0.000001 48: PHA
lcpuC PC:F16B (8A A2 0F) A:0F X:02 Y:17 P:04 S:FC mem:002AE38D 13:20018 tv:0.000001 8A: TXA
lcpuC PC:F16C (A2 0F FE) A:02 X:02 Y:17 P:04 S:FC mem:002AE38D 13:20016 tv:0.000000 A2: LDX imm
lcpuC PC:F16E (FE A1 02) A:02 X:0F Y:17 P:04 S:FC mem:002AE38D 13:20014 tv:0.000000 FE: INC abs,x
lcpuC PC:F171 (DE A1 02) A:02 X:0F Y:17 P:84 S:FC mem:002AE38E 13:20007 tv:0.000001 DE: DEC abs,x
lcpuC PC:F174 (10 0D 86) A:02 X:0F Y:17 P:84 S:FC mem:002AE38D 13:20000 tv:0.000001 10: BPL
lcpuC PC:F176 (86 F4 8E) A:02 X:0F Y:17 P:84 S:FC mem:002AE38D 13:19998 tv:0.000001 86: STX zp
lcpuC PC:F178 (8E 30 FE) A:02 X:0F Y:17 P:84 S:FC mem:002AE38D 13:19995 tv:0.000001 8E: STX abs
here! 0x00000f 0x00f17b 0xe6fa3010 0xcdde0ebc tv:0.000000 (cycle 19995  pc ~F178
writemem_ex! addr=FE30 val=0F
lcpuC PC:F17B (20 03 80) A:02 X:0F Y:17 P:84 S:FC mem:002AE38D 13:19991 tv:0.000007 20: JSR
lcpuC PC:8003 (4C 55 94) A:02 X:0F Y:17 P:84 S:FA mem:002AE38D 13:19985 tv:0.000001 4C: JMP
lcpuC PC:9455 (C9 01 D0) A:02 X:0F Y:17 P:84 S:FA mem:002AE38D 13:19982 tv:0.000000 C9: CMP imm
lcpuC PC:9457 (D0 07 C0) A:02 X:0F Y:17 P:05 S:FA mem:002AE38D 13:19980 tv:0.000001 D0: BNE
lcpuC PC:9460 (C9 02 D0) A:02 X:0F Y:17 P:05 S:FA mem:002AE38D 13:19977 tv:0.000001 C9: CMP imm
lcpuC PC:9462 (D0 1A 48) A:02 X:0F Y:17 P:07 S:FA mem:002AE38D 13:19975 tv:0.000000 D0: BNE
lcpuC PC:9464 (48 98 18) A:02 X:0F Y:17 P:07 S:FA mem:002AE38D 13:19973 tv:0.000001 48: PHA
lcpuC PC:9465 (98 18 85) A:02 X:0F Y:17 P:07 S:F9 mem:002AE358 13:19970 tv:0.000001 98: TYA
lcpuC PC:9466 (18 85 B1) A:17 X:0F Y:17 P:05 S:F9 mem:002AE358 13:19968 tv:0.000000 18: CLC
lcpuC PC:9467 (85 B1 9D) A:17 X:0F Y:17 P:04 S:F9 mem:002AE358 13:19966 tv:0.000001 85: STA zp
lcpuC PC:9469 (9D F0 0D) A:17 X:0F Y:17 P:04 S:F9 mem:002AE36F 13:19963 tv:0.000000 9D: STA abs,x
lcpuC PC:946C (69 02 48) A:17 X:0F Y:17 P:04 S:F9 mem:002AE386 13:19958 tv:0.000001 69: ADC imm
lcpuC PC:946E (48 A9 00) A:19 X:0F Y:17 P:04 S:F9 mem:002AE386 13:19956 tv:0.000001 48: PHA
lcpuC PC:946F (A9 00 85) A:19 X:0F Y:17 P:04 S:F8 mem:002AE321 13:19953 tv:0.000001 A9: LDA imm
lcpuC PC:9471 (85 B0 A0) A:00 X:0F Y:17 P:06 S:F8 mem:002AE321 13:19951 tv:0.000000 85: STA zp
lcpuC PC:9473 (A0 D4 91) A:00 X:0F Y:17 P:06 S:F8 mem:002AE321 13:19948 tv:0.000000 A0: LDY imm
lcpuC PC:9475 (91 B0 C8) A:00 X:0F Y:D4 P:84 S:F8 mem:002AE321 13:19946 tv:0.000001 91: STA (),y
lcpuC PC:9477 (C8 91 B0) A:00 X:0F Y:D4 P:84 S:F8 mem:002AE321 13:19941 tv:0.000001 C8: INY
lcpuC PC:9478 (91 B0 68) A:00 X:0F Y:D5 P:84 S:F8 mem:002AE321 13:19939 tv:0.000001 91: STA (),y
lcpuC PC:947A (68 A8 68) A:00 X:0F Y:D5 P:84 S:F8 mem:002AE321 13:19934 tv:0.000001 68: PLA
lcpuC PC:947B (A8 68 60) A:19 X:0F Y:D5 P:04 S:F9 mem:002AE321 13:19930 tv:0.000000 A8: TAY
lcpuC PC:947C (68 60 C9) A:19 X:0F Y:19 P:04 S:F9 mem:002AE321 13:19928 tv:0.000000 68: PLA
lcpuC PC:947D (60 C9 03) A:02 X:0F Y:19 P:04 S:FA mem:002AE321 13:19924 tv:0.000001 60: RTS
lcpuC PC:F17E (AA F0 05) A:02 X:0F Y:19 P:04 S:FC mem:002AE321 13:19918 tv:0.000000 AA: TAX
lcpuC PC:F17F (F0 05 A6) A:02 X:02 Y:19 P:04 S:FC mem:002AE321 13:19916 tv:0.000001 F0: BEQ
lcpuC PC:F181 (A6 F4 CA) A:02 X:02 Y:19 P:04 S:FC mem:002AE321 13:19914 tv:0.000001 A6: LDX zp
lcpuC PC:F183 (CA 10 E8) A:02 X:0F Y:19 P:04 S:FC mem:002AE321 13:19911 tv:0.000001 CA: DEX
lcpuC PC:F184 (10 E8 68) A:02 X:0E Y:19 P:04 S:FC mem:002AE321 13:19909 tv:0.000000 10: BPL
lcpuC PC:F16E (FE A1 02) A:02 X:0E Y:19 P:04 S:FC mem:002AE321 13:19906 tv:0.000000 FE: INC abs,x
lcpuC PC:F171 (DE A1 02) A:02 X:0E Y:19 P:04 S:FC mem:002AE322 13:19899 tv:0.000000 DE: DEC abs,x
lcpuC PC:F174 (10 0D 86) A:02 X:0E Y:19 P:04 S:FC mem:002AE321 13:19892 tv:0.000000 10: BPL
lcpuC PC:F183 (CA 10 E8) A:02 X:0E Y:19 P:04 S:FC mem:002AE321 13:19889 tv:0.000000 CA: DEX
lcpuC PC:F184 (10 E8 68) A:02 X:0D Y:19 P:04 S:FC mem:002AE321 13:19887 tv:0.000000 10: BPL
lcpuC PC:F16E (FE A1 02) A:02 X:0D Y:19 P:04 S:FC mem:002AE321 13:19884 tv:0.000001 FE: INC abs,x
lcpuC PC:F171 (DE A1 02) A:02 X:0D Y:19 P:04 S:FC mem:002AE322 13:19877 tv:0.000001 DE: DEC abs,x
lcpuC PC:F174 (10 0D 86) A:02 X:0D Y:19 P:06 S:FC mem:002AE321 13:19870 tv:0.000001 10: BPL
lcpuC PC:F183 (CA 10 E8) A:02 X:0D Y:19 P:06 S:FC mem:002AE321 13:19867 tv:0.000001 CA: DEX
lcpuC PC:F184 (10 E8 68) A:02 X:0C Y:19 P:04 S:FC mem:002AE321 13:19865 tv:0.000000 10: BPL
lcpuC PC:F16E (FE A1 02) A:02 X:0C Y:19 P:04 S:FC mem:002AE321 13:19862 tv:0.000000 FE: INC abs,x
lcpuC PC:F171 (DE A1 02) A:02 X:0C Y:19 P:04 S:FC mem:002AE322 13:19855 tv:0.000001 DE: DEC abs,x
lcpuC PC:F174 (10 0D 86) A:02 X:0C Y:19 P:06 S:FC mem:002AE321 13:19848 tv:0.000000 10: BPL
lcpuC PC:F183 (CA 10 E8) A:02 X:0C Y:19 P:06 S:FC mem:002AE321 13:19845 tv:0.000001 CA: DEX
lcpuC PC:F184 (10 E8 68) A:02 X:0B Y:19 P:04 S:FC mem:002AE321 13:19843 tv:0.000000 10: BPL
lcpuC PC:F16E (FE A1 02) A:02 X:0B Y:19 P:04 S:FC mem:002AE321 13:19840 tv:0.000000 FE: INC abs,x
lcpuC PC:F171 (DE A1 02) A:02 X:0B Y:19 P:04 S:FC mem:002AE322 13:19833 tv:0.000001 DE: DEC abs,x
lcpuC PC:F174 (10 0D 86) A:02 X:0B Y:19 P:06 S:FC mem:002AE321 13:19826 tv:0.000000 10: BPL
lcpuC PC:F183 (CA 10 E8) A:02 X:0B Y:19 P:06 S:FC mem:002AE321 13:19823 tv:0.000001 CA: DEX
lcpuC PC:F184 (10 E8 68) A:02 X:0A Y:19 P:04 S:FC mem:002AE321 13:19821 tv:0.000000 10: BPL
lcpuC PC:F16E (FE A1 02) A:02 X:0A Y:19 P:04 S:FC mem:002AE321 13:19818 tv:0.000000 FE: INC abs,x
lcpuC PC:F171 (DE A1 02) A:02 X:0A Y:19 P:04 S:FC mem:002AE322 13:19811 tv:0.000001 DE: DEC abs,x
lcpuC PC:F174 (10 0D 86) A:02 X:0A Y:19 P:06 S:FC mem:002AE321 13:19804 tv:0.000000 10: BPL
lcpuC PC:F183 (CA 10 E8) A:02 X:0A Y:19 P:06 S:FC mem:002AE321 13:19801 tv:0.000001 CA: DEX
lcpuC PC:F184 (10 E8 68) A:02 X:09 Y:19 P:04 S:FC mem:002AE321 13:19799 tv:0.000000 10: BPL
lcpuC PC:F16E (FE A1 02) A:02 X:09 Y:19 P:04 S:FC mem:002AE321 13:19796 tv:0.000001 FE: INC abs,x
lcpuC PC:F171 (DE A1 02) A:02 X:09 Y:19 P:04 S:FC mem:002AE322 13:19789 tv:0.000000 DE: DEC abs,x
lcpuC PC:F174 (10 0D 86) A:02 X:09 Y:19 P:06 S:FC mem:002AE321 13:19782 tv:0.000001 10: BPL
lcpuC PC:F183 (CA 10 E8) A:02 X:09 Y:19 P:06 S:FC mem:002AE321 13:19779 tv:0.000006 CA: DEX
lcpuC PC:F184 (10 E8 68) A:02 X:08 Y:19 P:04 S:FC mem:002AE321 13:19777 tv:0.000000 10: BPL
lcpuC PC:F16E (FE A1 02) A:02 X:08 Y:19 P:04 S:FC mem:002AE321 13:19774 tv:0.000001 FE: INC abs,x
lcpuC PC:F171 (DE A1 02) A:02 X:08 Y:19 P:04 S:FC mem:002AE322 13:19767 tv:0.000001 DE: DEC abs,x
lcpuC PC:F174 (10 0D 86) A:02 X:08 Y:19 P:06 S:FC mem:002AE321 13:19760 tv:0.000001 10: BPL
lcpuC PC:F183 (CA 10 E8) A:02 X:08 Y:19 P:06 S:FC mem:002AE321 13:19757 tv:0.000000 CA: DEX
lcpuC PC:F184 (10 E8 68) A:02 X:07 Y:19 P:04 S:FC mem:002AE321 13:19755 tv:0.000001 10: BPL
lcpuC PC:F16E (FE A1 02) A:02 X:07 Y:19 P:04 S:FC mem:002AE321 13:19752 tv:0.000001 FE: INC abs,x
lcpuC PC:F171 (DE A1 02) A:02 X:07 Y:19 P:04 S:FC mem:002AE322 13:19745 tv:0.000001 DE: DEC abs,x
lcpuC PC:F174 (10 0D 86) A:02 X:07 Y:19 P:06 S:FC mem:002AE321 13:19738 tv:0.000001 10: BPL
lcpuC PC:F183 (CA 10 E8) A:02 X:07 Y:19 P:06 S:FC mem:002AE321 13:19735 tv:0.000001 CA: DEX
lcpuC PC:F184 (10 E8 68) A:02 X:06 Y:19 P:04 S:FC mem:002AE321 13:19733 tv:0.000000 10: BPL
lcpuC PC:F16E (FE A1 02) A:02 X:06 Y:19 P:04 S:FC mem:002AE321 13:19730 tv:0.000001 FE: INC abs,x
lcpuC PC:F171 (DE A1 02) A:02 X:06 Y:19 P:04 S:FC mem:002AE322 13:19723 tv:0.000001 DE: DEC abs,x
lcpuC PC:F174 (10 0D 86) A:02 X:06 Y:19 P:06 S:FC mem:002AE321 13:19716 tv:0.000001 10: BPL
lcpuC PC:F183 (CA 10 E8) A:02 X:06 Y:19 P:06 S:FC mem:002AE321 13:19713 tv:0.000001 CA: DEX
lcpuC PC:F184 (10 E8 68) A:02 X:05 Y:19 P:04 S:FC mem:002AE321 13:19711 tv:0.000001 10: BPL
lcpuC PC:F16E (FE A1 02) A:02 X:05 Y:19 P:04 S:FC mem:002AE321 13:19708 tv:0.000000 FE: INC abs,x
lcpuC PC:F171 (DE A1 02) A:02 X:05 Y:19 P:04 S:FC mem:002AE322 13:19701 tv:0.000001 DE: DEC abs,x
lcpuC PC:F174 (10 0D 86) A:02 X:05 Y:19 P:06 S:FC mem:002AE321 13:19694 tv:0.000001 10: BPL
lcpuC PC:F183 (CA 10 E8) A:02 X:05 Y:19 P:06 S:FC mem:002AE321 13:19691 tv:0.000000 CA: DEX
lcpuC PC:F184 (10 E8 68) A:02 X:04 Y:19 P:04 S:FC mem:002AE321 13:19689 tv:0.000000 10: BPL
lcpuC PC:F16E (FE A1 02) A:02 X:04 Y:19 P:04 S:FC mem:002AE321 13:19686 tv:0.000000 FE: INC abs,x
lcpuC PC:F171 (DE A1 02) A:02 X:04 Y:19 P:04 S:FC mem:002AE322 13:19679 tv:0.000000 DE: DEC abs,x
lcpuC PC:F174 (10 0D 86) A:02 X:04 Y:19 P:06 S:FC mem:002AE321 13:19672 tv:0.000001 10: BPL
lcpuC PC:F183 (CA 10 E8) A:02 X:04 Y:19 P:06 S:FC mem:002AE321 13:19669 tv:0.000000 CA: DEX
lcpuC PC:F184 (10 E8 68) A:02 X:03 Y:19 P:04 S:FC mem:002AE321 13:19667 tv:0.000001 10: BPL
lcpuC PC:F16E (FE A1 02) A:02 X:03 Y:19 P:04 S:FC mem:002AE321 13:19664 tv:0.000000 FE: INC abs,x
lcpuC PC:F171 (DE A1 02) A:02 X:03 Y:19 P:04 S:FC mem:002AE322 13:19657 tv:0.000000 DE: DEC abs,x
lcpuC PC:F174 (10 0D 86) A:02 X:03 Y:19 P:06 S:FC mem:002AE321 13:19650 tv:0.000001 10: BPL
lcpuC PC:F183 (CA 10 E8) A:02 X:03 Y:19 P:06 S:FC mem:002AE321 13:19647 tv:0.000000 CA: DEX
lcpuC PC:F184 (10 E8 68) A:02 X:02 Y:19 P:04 S:FC mem:002AE321 13:19645 tv:0.000001 10: BPL
lcpuC PC:F16E (FE A1 02) A:02 X:02 Y:19 P:04 S:FC mem:002AE321 13:19642 tv:0.000001 FE: INC abs,x
lcpuC PC:F171 (DE A1 02) A:02 X:02 Y:19 P:04 S:FC mem:002AE322 13:19635 tv:0.000000 DE: DEC abs,x
lcpuC PC:F174 (10 0D 86) A:02 X:02 Y:19 P:06 S:FC mem:002AE321 13:19628 tv:0.000001 10: BPL
lcpuC PC:F183 (CA 10 E8) A:02 X:02 Y:19 P:06 S:FC mem:002AE321 13:19625 tv:0.000000 CA: DEX
lcpuC PC:F184 (10 E8 68) A:02 X:01 Y:19 P:04 S:FC mem:002AE321 13:19623 tv:0.000000 10: BPL
lcpuC PC:F16E (FE A1 02) A:02 X:01 Y:19 P:04 S:FC mem:002AE321 13:19620 tv:0.000000 FE: INC abs,x
lcpuC PC:F171 (DE A1 02) A:02 X:01 Y:19 P:04 S:FC mem:002AE322 13:19613 tv:0.000001 DE: DEC abs,x
lcpuC PC:F174 (10 0D 86) A:02 X:01 Y:19 P:06 S:FC mem:002AE321 13:19606 tv:0.000002 10: BPL
lcpuC PC:F183 (CA 10 E8) A:02 X:01 Y:19 P:06 S:FC mem:002AE321 13:19603 tv:0.000000 CA: DEX
lcpuC PC:F184 (10 E8 68) A:02 X:00 Y:19 P:06 S:FC mem:002AE321 13:19601 tv:0.000000 10: BPL
lcpuC PC:F16E (FE A1 02) A:02 X:00 Y:19 P:06 S:FC mem:002AE321 13:19598 tv:0.000001 FE: INC abs,x
lcpuC PC:F171 (DE A1 02) A:02 X:00 Y:19 P:04 S:FC mem:002AE322 13:19591 tv:0.000001 DE: DEC abs,x
lcpuC PC:F174 (10 0D 86) A:02 X:00 Y:19 P:06 S:FC mem:002AE321 13:19584 tv:0.000001 10: BPL
lcpuC PC:F183 (CA 10 E8) A:02 X:00 Y:19 P:06 S:FC mem:002AE321 13:19581 tv:0.000000 CA: DEX
lcpuC PC:F184 (10 E8 68) A:02 X:FF Y:19 P:84 S:FC mem:002AE321 13:19579 tv:0.000001 10: BPL
lcpuC PC:F186 (68 85 F4) A:02 X:FF Y:19 P:84 S:FC mem:002AE321 13:19577 tv:0.000000 68: PLA
lcpuC PC:F187 (85 F4 8D) A:0F X:FF Y:19 P:04 S:FD mem:002AE321 13:19573 tv:0.000000 85: STA zp
lcpuC PC:F189 (8D 30 FE) A:0F X:FF Y:19 P:04 S:FD mem:002AE321 13:19570 tv:0.000001 8D: STA abs
here! 0x00000f 0x00f18c 0xe6fa3010 0xcdde0ebc tv:0.000000 (cycle 19570  pc ~F189
writemem_ex! addr=FE30 val=0F
lcpuC PC:F18C (8A 60 09) A:0F X:FF Y:19 P:04 S:FD mem:002AE321 13:19566 tv:0.000007 8A: TXA
lcpuC PC:F18D (60 09 00) A:FF X:FF Y:19 P:84 S:FD mem:002AE321 13:19564 tv:0.000000 60: RTS
lcpuC PC:DB59 (8C 43 02) A:FF X:FF Y:19 P:84 S:FF mem:002AE321 13:19558 tv:0.000001 8C: STY abs
lcpuC PC:DB5C (8C 44 02) A:FF X:FF Y:19 P:84 S:FF mem:002AE33A 13:19554 tv:0.000001 8C: STY abs
lcpuC PC:DB5F (A2 FE AC) A:FF X:FF Y:19 P:84 S:FF mem:002AE353 13:19550 tv:0.000001 A2: LDX imm
lcpuC PC:DB61 (AC 7A 02) A:FF X:FE Y:19 P:84 S:FF mem:002AE353 13:19548 tv:0.000001 AC: LDY abs
lcpuC PC:DB64 (20 68 F1) A:FF X:FE Y:00 P:06 S:FF mem:002AE353 13:19544 tv:0.000001 20: JSR
lcpuC PC:F168 (A5 F4 48) A:FF X:FE Y:00 P:06 S:FD mem:002AE361 13:19538 tv:0.000001 A5: LDA zp
lcpuC PC:F16A (48 8A A2) A:0F X:FE Y:00 P:04 S:FD mem:002AE361 13:19535 tv:0.000001 48: PHA
lcpuC PC:F16B (8A A2 0F) A:0F X:FE Y:00 P:04 S:FC mem:002AE361 13:19532 tv:0.000001 8A: TXA
lcpuC PC:F16C (A2 0F FE) A:FE X:FE Y:00 P:84 S:FC mem:002AE361 13:19530 tv:0.000001 A2: LDX imm
lcpuC PC:F16E (FE A1 02) A:FE X:0F Y:00 P:04 S:FC mem:002AE361 13:19528 tv:0.000001 FE: INC abs,x
lcpuC PC:F171 (DE A1 02) A:FE X:0F Y:00 P:84 S:FC mem:002AE362 13:19521 tv:0.000008 DE: DEC abs,x
lcpuC PC:F174 (10 0D 86) A:FE X:0F Y:00 P:84 S:FC mem:002AE361 13:19514 tv:0.000000 10: BPL
lcpuC PC:F176 (86 F4 8E) A:FE X:0F Y:00 P:84 S:FC mem:002AE361 13:19512 tv:0.000001 86: STX zp
lcpuC PC:F178 (8E 30 FE) A:FE X:0F Y:00 P:84 S:FC mem:002AE361 13:19509 tv:0.000001 8E: STX abs
here! 0x00000f 0x00f17b 0xe6fa3010 0xcdde0ebc tv:0.000000 (cycle 19509  pc ~F178
writemem_ex! addr=FE30 val=0F
lcpuC PC:F17B (20 03 80) A:FE X:0F Y:00 P:84 S:FC mem:002AE361 13:19505 tv:0.000007 20: JSR
lcpuC PC:8003 (4C 55 94) A:FE X:0F Y:00 P:84 S:FA mem:002AE361 13:19499 tv:0.000001 4C: JMP
lcpuC PC:9455 (C9 01 D0) A:FE X:0F Y:00 P:84 S:FA mem:002AE361 13:19496 tv:0.000000 C9: CMP imm
lcpuC PC:9457 (D0 07 C0) A:FE X:0F Y:00 P:85 S:FA mem:002AE361 13:19494 tv:0.000000 D0: BNE
lcpuC PC:9460 (C9 02 D0) A:FE X:0F Y:00 P:85 S:FA mem:002AE361 13:19491 tv:0.000001 C9: CMP imm
lcpuC PC:9462 (D0 1A 48) A:FE X:0F Y:00 P:85 S:FA mem:002AE361 13:19489 tv:0.000000 D0: BNE
lcpuC PC:947E (C9 03 D0) A:FE X:0F Y:00 P:85 S:FA mem:002AE361 13:19486 tv:0.000000 C9: CMP imm
lcpuC PC:9480 (D0 19 84) A:FE X:0F Y:00 P:85 S:FA mem:002AE361 13:19484 tv:0.000001 D0: BNE
lcpuC PC:949B (C9 04 D0) A:FE X:0F Y:00 P:85 S:FA mem:002AE361 13:19481 tv:0.000000 C9: CMP imm
lcpuC PC:949D (D0 08 20) A:FE X:0F Y:00 P:85 S:FA mem:002AE361 13:19479 tv:0.000001 D0: BNE
lcpuC PC:94A7 (C9 09 D0) A:FE X:0F Y:00 P:85 S:FA mem:002AE361 13:19476 tv:0.000002 C9: CMP imm
lcpuC PC:94A9 (D0 12 20) A:FE X:0F Y:00 P:85 S:FA mem:002AE361 13:19474 tv:0.000000 D0: BNE
lcpuC PC:94BD (C9 0A D0) A:FE X:0F Y:00 P:85 S:FA mem:002AE361 13:19471 tv:0.000001 C9: CMP imm
lcpuC PC:94BF (D0 29 20) A:FE X:0F Y:00 P:85 S:FA mem:002AE361 13:19469 tv:0.000000 D0: BNE
lcpuC PC:94EA (C9 08 D0) A:FE X:0F Y:00 P:85 S:FA mem:002AE361 13:19466 tv:0.000000 C9: CMP imm
lcpuC PC:94EC (D0 FB 20) A:FE X:0F Y:00 P:85 S:FA mem:002AE361 13:19464 tv:0.000001 D0: BNE
lcpuC PC:94E9 (60 C9 08) A:FE X:0F Y:00 P:85 S:FA mem:002AE361 13:19461 tv:0.000000 60: RTS
lcpuC PC:F17E (AA F0 05) A:FE X:0F Y:00 P:85 S:FC mem:002AE361 13:19455 tv:0.000001 AA: TAX
lcpuC PC:F17F (F0 05 A6) A:FE X:FE Y:00 P:85 S:FC mem:002AE361 13:19453 tv:0.000000 F0: BEQ
lcpuC PC:F181 (A6 F4 CA) A:FE X:FE Y:00 P:85 S:FC mem:002AE361 13:19451 tv:0.000000 A6: LDX zp
lcpuC PC:F183 (CA 10 E8) A:FE X:0F Y:00 P:05 S:FC mem:002AE361 13:19448 tv:0.000000 CA: DEX
lcpuC PC:F184 (10 E8 68) A:FE X:0E Y:00 P:05 S:FC mem:002AE361 13:19446 tv:0.000000 10: BPL
lcpuC PC:F16E (FE A1 02) A:FE X:0E Y:00 P:05 S:FC mem:002AE361 13:19443 tv:0.000001 FE: INC abs,x
lcpuC PC:F171 (DE A1 02) A:FE X:0E Y:00 P:05 S:FC mem:002AE362 13:19436 tv:0.000001 DE: DEC abs,x
lcpuC PC:F174 (10 0D 86) A:FE X:0E Y:00 P:05 S:FC mem:002AE361 13:19429 tv:0.000001 10: BPL
lcpuC PC:F183 (CA 10 E8) A:FE X:0E Y:00 P:05 S:FC mem:002AE361 13:19426 tv:0.000000 CA: DEX
lcpuC PC:F184 (10 E8 68) A:FE X:0D Y:00 P:05 S:FC mem:002AE361 13:19424 tv:0.000001 10: BPL
lcpuC PC:F16E (FE A1 02) A:FE X:0D Y:00 P:05 S:FC mem:002AE361 13:19421 tv:0.000000 FE: INC abs,x
lcpuC PC:F171 (DE A1 02) A:FE X:0D Y:00 P:05 S:FC mem:002AE362 13:19414 tv:0.000001 DE: DEC abs,x
lcpuC PC:F174 (10 0D 86) A:FE X:0D Y:00 P:07 S:FC mem:002AE361 13:19407 tv:0.000001 10: BPL
lcpuC PC:F183 (CA 10 E8) A:FE X:0D Y:00 P:07 S:FC mem:002AE361 13:19404 tv:0.000001 CA: DEX
lcpuC PC:F184 (10 E8 68) A:FE X:0C Y:00 P:05 S:FC mem:002AE361 13:19402 tv:0.000000 10: BPL
lcpuC PC:F16E (FE A1 02) A:FE X:0C Y:00 P:05 S:FC mem:002AE361 13:19399 tv:0.000001 FE: INC abs,x
lcpuC PC:F171 (DE A1 02) A:FE X:0C Y:00 P:05 S:FC mem:002AE362 13:19392 tv:0.000001 DE: DEC abs,x
lcpuC PC:F174 (10 0D 86) A:FE X:0C Y:00 P:07 S:FC mem:002AE361 13:19385 tv:0.000000 10: BPL
lcpuC PC:F183 (CA 10 E8) A:FE X:0C Y:00 P:07 S:FC mem:002AE361 13:19382 tv:0.000001 CA: DEX
lcpuC PC:F184 (10 E8 68) A:FE X:0B Y:00 P:05 S:FC mem:002AE361 13:19380 tv:0.000001 10: BPL
lcpuC PC:F16E (FE A1 02) A:FE X:0B Y:00 P:05 S:FC mem:002AE361 13:19377 tv:0.000000 FE: INC abs,x
lcpuC PC:F171 (DE A1 02) A:FE X:0B Y:00 P:05 S:FC mem:002AE362 13:19370 tv:0.000000 DE: DEC abs,x
lcpuC PC:F174 (10 0D 86) A:FE X:0B Y:00 P:07 S:FC mem:002AE361 13:19363 tv:0.000001 10: BPL
lcpuC PC:F183 (CA 10 E8) A:FE X:0B Y:00 P:07 S:FC mem:002AE361 13:19360 tv:0.000000 CA: DEX
lcpuC PC:F184 (10 E8 68) A:FE X:0A Y:00 P:05 S:FC mem:002AE361 13:19358 tv:0.000000 10: BPL
lcpuC PC:F16E (FE A1 02) A:FE X:0A Y:00 P:05 S:FC mem:002AE361 13:19355 tv:0.000001 FE: INC abs,x
lcpuC PC:F171 (DE A1 02) A:FE X:0A Y:00 P:05 S:FC mem:002AE362 13:19348 tv:0.000001 DE: DEC abs,x
lcpuC PC:F174 (10 0D 86) A:FE X:0A Y:00 P:07 S:FC mem:002AE361 13:19341 tv:0.000001 10: BPL
lcpuC PC:F183 (CA 10 E8) A:FE X:0A Y:00 P:07 S:FC mem:002AE361 13:19338 tv:0.000000 CA: DEX
lcpuC PC:F184 (10 E8 68) A:FE X:09 Y:00 P:05 S:FC mem:002AE361 13:19336 tv:0.000000 10: BPL
lcpuC PC:F16E (FE A1 02) A:FE X:09 Y:00 P:05 S:FC mem:002AE361 13:19333 tv:0.000001 FE: INC abs,x
lcpuC PC:F171 (DE A1 02) A:FE X:09 Y:00 P:05 S:FC mem:002AE362 13:19326 tv:0.000001 DE: DEC abs,x
lcpuC PC:F174 (10 0D 86) A:FE X:09 Y:00 P:07 S:FC mem:002AE361 13:19319 tv:0.000001 10: BPL
lcpuC PC:F183 (CA 10 E8) A:FE X:09 Y:00 P:07 S:FC mem:002AE361 13:19316 tv:0.000000 CA: DEX
lcpuC PC:F184 (10 E8 68) A:FE X:08 Y:00 P:05 S:FC mem:002AE361 13:19314 tv:0.000000 10: BPL
lcpuC PC:F16E (FE A1 02) A:FE X:08 Y:00 P:05 S:FC mem:002AE361 13:19311 tv:0.000001 FE: INC abs,x
lcpuC PC:F171 (DE A1 02) A:FE X:08 Y:00 P:05 S:FC mem:002AE362 13:19304 tv:0.000001 DE: DEC abs,x
lcpuC PC:F174 (10 0D 86) A:FE X:08 Y:00 P:07 S:FC mem:002AE361 13:19297 tv:0.000001 10: BPL
lcpuC PC:F183 (CA 10 E8) A:FE X:08 Y:00 P:07 S:FC mem:002AE361 13:19294 tv:0.000001 CA: DEX
lcpuC PC:F184 (10 E8 68) A:FE X:07 Y:00 P:05 S:FC mem:002AE361 13:19292 tv:0.000000 10: BPL
lcpuC PC:F16E (FE A1 02) A:FE X:07 Y:00 P:05 S:FC mem:002AE361 13:19289 tv:0.000000 FE: INC abs,x
lcpuC PC:F171 (DE A1 02) A:FE X:07 Y:00 P:05 S:FC mem:002AE362 13:19282 tv:0.000000 DE: DEC abs,x
lcpuC PC:F174 (10 0D 86) A:FE X:07 Y:00 P:07 S:FC mem:002AE361 13:19275 tv:0.000001 10: BPL
lcpuC PC:F183 (CA 10 E8) A:FE X:07 Y:00 P:07 S:FC mem:002AE361 13:19272 tv:0.000000 CA: DEX
lcpuC PC:F184 (10 E8 68) A:FE X:06 Y:00 P:05 S:FC mem:002AE361 13:19270 tv:0.000000 10: BPL
lcpuC PC:F16E (FE A1 02) A:FE X:06 Y:00 P:05 S:FC mem:002AE361 13:19267 tv:0.000006 FE: INC abs,x
lcpuC PC:F171 (DE A1 02) A:FE X:06 Y:00 P:05 S:FC mem:002AE362 13:19260 tv:0.000001 DE: DEC abs,x
lcpuC PC:F174 (10 0D 86) A:FE X:06 Y:00 P:07 S:FC mem:002AE361 13:19253 tv:0.000000 10: BPL
lcpuC PC:F183 (CA 10 E8) A:FE X:06 Y:00 P:07 S:FC mem:002AE361 13:19250 tv:0.000000 CA: DEX
lcpuC PC:F184 (10 E8 68) A:FE X:05 Y:00 P:05 S:FC mem:002AE361 13:19248 tv:0.000001 10: BPL
lcpuC PC:F16E (FE A1 02) A:FE X:05 Y:00 P:05 S:FC mem:002AE361 13:19245 tv:0.000001 FE: INC abs,x
lcpuC PC:F171 (DE A1 02) A:FE X:05 Y:00 P:05 S:FC mem:002AE362 13:19238 tv:0.000000 DE: DEC abs,x
lcpuC PC:F174 (10 0D 86) A:FE X:05 Y:00 P:07 S:FC mem:002AE361 13:19231 tv:0.000001 10: BPL
lcpuC PC:F183 (CA 10 E8) A:FE X:05 Y:00 P:07 S:FC mem:002AE361 13:19228 tv:0.000001 CA: DEX
lcpuC PC:F184 (10 E8 68) A:FE X:04 Y:00 P:05 S:FC mem:002AE361 13:19226 tv:0.000000 10: BPL
lcpuC PC:F16E (FE A1 02) A:FE X:04 Y:00 P:05 S:FC mem:002AE361 13:19223 tv:0.000001 FE: INC abs,x
lcpuC PC:F171 (DE A1 02) A:FE X:04 Y:00 P:05 S:FC mem:002AE362 13:19216 tv:0.000001 DE: DEC abs,x
lcpuC PC:F174 (10 0D 86) A:FE X:04 Y:00 P:07 S:FC mem:002AE361 13:19209 tv:0.000001 10: BPL
lcpuC PC:F183 (CA 10 E8) A:FE X:04 Y:00 P:07 S:FC mem:002AE361 13:19206 tv:0.000000 CA: DEX
lcpuC PC:F184 (10 E8 68) A:FE X:03 Y:00 P:05 S:FC mem:002AE361 13:19204 tv:0.000000 10: BPL
lcpuC PC:F16E (FE A1 02) A:FE X:03 Y:00 P:05 S:FC mem:002AE361 13:19201 tv:0.000000 FE: INC abs,x
lcpuC PC:F171 (DE A1 02) A:FE X:03 Y:00 P:05 S:FC mem:002AE362 13:19194 tv:0.000001 DE: DEC abs,x
lcpuC PC:F174 (10 0D 86) A:FE X:03 Y:00 P:07 S:FC mem:002AE361 13:19187 tv:0.000002 10: BPL
lcpuC PC:F183 (CA 10 E8) A:FE X:03 Y:00 P:07 S:FC mem:002AE361 13:19184 tv:0.000000 CA: DEX
lcpuC PC:F184 (10 E8 68) A:FE X:02 Y:00 P:05 S:FC mem:002AE361 13:19182 tv:0.000001 10: BPL
lcpuC PC:F16E (FE A1 02) A:FE X:02 Y:00 P:05 S:FC mem:002AE361 13:19179 tv:0.000000 FE: INC abs,x
lcpuC PC:F171 (DE A1 02) A:FE X:02 Y:00 P:05 S:FC mem:002AE362 13:19172 tv:0.000001 DE: DEC abs,x
lcpuC PC:F174 (10 0D 86) A:FE X:02 Y:00 P:07 S:FC mem:002AE361 13:19165 tv:0.000001 10: BPL
lcpuC PC:F183 (CA 10 E8) A:FE X:02 Y:00 P:07 S:FC mem:002AE361 13:19162 tv:0.000001 CA: DEX
lcpuC PC:F184 (10 E8 68) A:FE X:01 Y:00 P:05 S:FC mem:002AE361 13:19160 tv:0.000001 10: BPL
lcpuC PC:F16E (FE A1 02) A:FE X:01 Y:00 P:05 S:FC mem:002AE361 13:19157 tv:0.000001 FE: INC abs,x
lcpuC PC:F171 (DE A1 02) A:FE X:01 Y:00 P:05 S:FC mem:002AE362 13:19150 tv:0.000000 DE: DEC abs,x
lcpuC PC:F174 (10 0D 86) A:FE X:01 Y:00 P:07 S:FC mem:002AE361 13:19143 tv:0.000001 10: BPL
lcpuC PC:F183 (CA 10 E8) A:FE X:01 Y:00 P:07 S:FC mem:002AE361 13:19140 tv:0.000000 CA: DEX
lcpuC PC:F184 (10 E8 68) A:FE X:00 Y:00 P:07 S:FC mem:002AE361 13:19138 tv:0.000001 10: BPL
lcpuC PC:F16E (FE A1 02) A:FE X:00 Y:00 P:07 S:FC mem:002AE361 13:19135 tv:0.000001 FE: INC abs,x
lcpuC PC:F171 (DE A1 02) A:FE X:00 Y:00 P:05 S:FC mem:002AE362 13:19128 tv:0.000001 DE: DEC abs,x
lcpuC PC:F174 (10 0D 86) A:FE X:00 Y:00 P:07 S:FC mem:002AE361 13:19121 tv:0.000001 10: BPL
lcpuC PC:F183 (CA 10 E8) A:FE X:00 Y:00 P:07 S:FC mem:002AE361 13:19118 tv:0.000000 CA: DEX
lcpuC PC:F184 (10 E8 68) A:FE X:FF Y:00 P:85 S:FC mem:002AE361 13:19116 tv:0.000000 10: BPL
lcpuC PC:F186 (68 85 F4) A:FE X:FF Y:00 P:85 S:FC mem:002AE361 13:19114 tv:0.000000 68: PLA
lcpuC PC:F187 (85 F4 8D) A:0F X:FF Y:00 P:05 S:FD mem:002AE361 13:19110 tv:0.000000 85: STA zp
lcpuC PC:F189 (8D 30 FE) A:0F X:FF Y:00 P:05 S:FD mem:002AE361 13:19107 tv:0.000001 8D: STA abs
here! 0x00000f 0x00f18c 0xe6fa3010 0xcdde0ebc tv:0.000000 (cycle 19107  pc ~F189
writemem_ex! addr=FE30 val=0F
lcpuC PC:F18C (8A 60 09) A:0F X:FF Y:00 P:05 S:FD mem:002AE361 13:19103 tv:0.000007 8A: TXA
lcpuC PC:F18D (60 09 00) A:FF X:FF Y:00 P:85 S:FD mem:002AE361 13:19101 tv:0.000001 60: RTS
lcpuC PC:DB67 (2D 67 02) A:FF X:FF Y:00 P:85 S:FF mem:002AE361 13:19095 tv:0.000001 2D: AND abs
lcpuC PC:DB6A (10 1B A0) A:81 X:FF Y:00 P:85 S:FF mem:002AE361 13:19091 tv:0.000001 10: BPL
lcpuC PC:DB6C (A0 02 20) A:81 X:FF Y:00 P:85 S:FF mem:002AE361 13:19089 tv:0.000001 A0: LDY imm
lcpuC PC:DB6E (20 A9 DE) A:81 X:FF Y:02 P:05 S:FF mem:002AE361 13:19087 tv:0.000001 20: JSR
lcpuC PC:DEA9 (A9 C3 85) A:81 X:FF Y:02 P:05 S:FD mem:002AE36B 13:19081 tv:0.000000 A9: LDA imm
lcpuC PC:DEAB (85 FE A9) A:C3 X:FF Y:02 P:85 S:FD mem:002AE36B 13:19079 tv:0.000000 85: STA zp
lcpuC PC:DEAD (A9 00 85) A:C3 X:FF Y:02 P:85 S:FD mem:002AE42E 13:19076 tv:0.000001 A9: LDA imm
lcpuC PC:DEAF (85 FD C8) A:00 X:FF Y:02 P:07 S:FD mem:002AE42E 13:19074 tv:0.000000 85: STA zp
lcpuC PC:DEB1 (C8 B1 FD) A:00 X:FF Y:02 P:07 S:FD mem:002AE42E 13:19071 tv:0.000001 C8: INY
lcpuC PC:DEB2 (B1 FD 20) A:00 X:FF Y:03 P:05 S:FD mem:002AE42E 13:19069 tv:0.000001 B1: LDA (),y
lcpuC PC:DEB4 (20 E3 FF) A:0D X:FF Y:03 P:05 S:FD mem:002AE42E 13:19064 tv:0.000000 20: JSR
lcpuC PC:FFE3 (C9 0D D0) A:0D X:FF Y:03 P:05 S:FB mem:002AE4C2 13:19058 tv:0.000001 C9: CMP imm
readmem_ex! addr=FFE4 val=0D
lcpuC PC:FFE5 (D0 07 A9) A:0D X:FF Y:03 P:07 S:FB mem:002AE4C2 13:19056 tv:0.000003 D0: BNE
readmem_ex! addr=FFE6 val=07
lcpuC PC:FFE7 (A9 0A 20) A:0D X:FF Y:03 P:07 S:FB mem:002AE4C2 13:19054 tv:0.000003 A9: LDA imm
readmem_ex! addr=FFE8 val=0A
lcpuC PC:FFE9 (20 EE FF) A:0A X:FF Y:03 P:05 S:FB mem:002AE4C2 13:19052 tv:0.000003 20: JSR
readmem_ex! addr=FFEA val=EE
readmem_ex! addr=FFEB val=FF
lcpuC PC:FFEE (6C 0E 02) A:0A X:FF Y:03 P:05 S:F9 mem:002AE62D 13:19046 tv:0.000009 6C: JMP ()
readmem_ex! addr=FFEF val=0E
readmem_ex! addr=FFF0 val=02
lcpuC PC:E0A4 (48 8A 48) A:0A X:FF Y:03 P:05 S:F9 mem:002AE62D 13:19041 tv:0.000006 48: PHA
lcpuC PC:E0A5 (8A 48 98) A:0A X:FF Y:03 P:05 S:F8 mem:002AE61E 13:19038 tv:0.000000 8A: TXA
lcpuC PC:E0A6 (48 98 48) A:FF X:FF Y:03 P:85 S:F8 mem:002AE61E 13:19036 tv:0.000000 48: PHA
lcpuC PC:E0A7 (98 48 BA) A:FF X:FF Y:03 P:85 S:F7 mem:002AE6E6 13:19033 tv:0.000001 98: TYA
lcpuC PC:E0A8 (48 BA BD) A:03 X:FF Y:03 P:05 S:F7 mem:002AE6E6 13:19031 tv:0.000000 48: PHA
lcpuC PC:E0A9 (BA BD 03) A:03 X:FF Y:03 P:05 S:F6 mem:002AE5F8 13:19028 tv:0.000001 BA: TSX
lcpuC PC:E0AA (BD 03 01) A:03 X:F6 Y:03 P:85 S:F6 mem:002AE5F8 13:19026 tv:0.000001 BD: LDA abs,x
lcpuC PC:E0AD (48 2C 60) A:0A X:F6 Y:03 P:05 S:F6 mem:002AE5F8 13:19022 tv:0.000000 48: PHA
lcpuC PC:E0AE (2C 60 02) A:0A X:F6 Y:03 P:05 S:F5 mem:002AE585 13:19019 tv:0.000001 2C: BIT abs
lcpuC PC:E0B1 (10 08 A8) A:0A X:F6 Y:03 P:07 S:F5 mem:002AE585 13:19015 tv:0.000000 10: BPL
lcpuC PC:E0BB (18 A9 02) A:0A X:F6 Y:03 P:07 S:F5 mem:002AE585 13:19012 tv:0.000007 18: CLC
lcpuC PC:E0BC (A9 02 2C) A:0A X:F6 Y:03 P:06 S:F5 mem:002AE585 13:19010 tv:0.000000 A9: LDA imm
lcpuC PC:E0BE (2C 7C 02) A:02 X:F6 Y:03 P:04 S:F5 mem:002AE585 13:19008 tv:0.000000 2C: BIT abs
lcpuC PC:E0C1 (D0 05 68) A:02 X:F6 Y:03 P:06 S:F5 mem:002AE585 13:19004 tv:0.000001 D0: BNE
lcpuC PC:E0C3 (68 48 20) A:02 X:F6 Y:03 P:06 S:F5 mem:002AE585 13:19002 tv:0.000000 68: PLA
lcpuC PC:E0C4 (48 20 C0) A:0A X:F6 Y:03 P:04 S:F6 mem:002AE585 13:18998 tv:0.000000 48: PHA
lcpuC PC:E0C5 (20 C0 C4) A:0A X:F6 Y:03 P:04 S:F5 mem:002AE585 13:18995 tv:0.000001 20: JSR
lcpuC PC:C4C0 (AE 6A 02) A:0A X:F6 Y:03 P:04 S:F3 mem:002AE72C 13:18989 tv:0.000001 AE: LDX abs
lcpuC PC:C4C3 (D0 4D 24) A:0A X:00 Y:03 P:06 S:F3 mem:002AE72C 13:18985 tv:0.000000 D0: BNE
lcpuC PC:C4C5 (24 D0 50) A:0A X:00 Y:03 P:06 S:F3 mem:002AE72C 13:18983 tv:0.000000 24: BIT zp
lcpuC PC:C4C7 (50 0F 20) A:0A X:00 Y:03 P:06 S:F3 mem:002AE72C 13:18980 tv:0.000000 50: BVC
lcpuC PC:C4D8 (C9 7F F0) A:0A X:00 Y:03 P:06 S:F3 mem:002AE72C 13:18977 tv:0.000001 C9: CMP imm
lcpuC PC:C4DA (F0 11 C9) A:0A X:00 Y:03 P:84 S:F3 mem:002AE72C 13:18975 tv:0.000000 F0: BEQ
lcpuC PC:C4DC (C9 20 90) A:0A X:00 Y:03 P:84 S:F3 mem:002AE72C 13:18973 tv:0.000001 C9: CMP imm
lcpuC PC:C4DE (90 0F 24) A:0A X:00 Y:03 P:84 S:F3 mem:002AE72C 13:18971 tv:0.000001 90: BCC
lcpuC PC:C4EF (A8 B9 33) A:0A X:00 Y:03 P:84 S:F3 mem:002AE72C 13:18968 tv:0.000000 A8: TAY
lcpuC PC:C4F0 (B9 33 C3) A:0A X:00 Y:0A P:04 S:F3 mem:002AE72C 13:18966 tv:0.000001 B9: LDA abs,y
lcpuC PC:C4F3 (8D 5D 03) A:F0 X:00 Y:0A P:84 S:F3 mem:002AE72C 13:18962 tv:0.000000 8D: STA abs
lcpuC PC:C4F6 (B9 54 C3) A:F0 X:00 Y:0A P:84 S:F3 mem:002AE736 13:18958 tv:0.000000 B9: LDA abs,y
lcpuC PC:C4F9 (30 4A AA) A:C6 X:00 Y:0A P:84 S:F3 mem:002AE736 13:18954 tv:0.000001 30: BMI
lcpuC PC:C545 (8D 5E 03) A:C6 X:00 Y:0A P:84 S:F3 mem:002AE736 13:18951 tv:0.000000 8D: STA abs
lcpuC PC:C548 (98 C9 08) A:C6 X:00 Y:0A P:84 S:F3 mem:002AE730 13:18947 tv:0.000000 98: TYA
lcpuC PC:C549 (C9 08 90) A:0A X:00 Y:0A P:04 S:F3 mem:002AE730 13:18945 tv:0.000000 C9: CMP imm
lcpuC PC:C54B (90 06 49) A:0A X:00 Y:0A P:05 S:F3 mem:002AE730 13:18943 tv:0.000000 90: BCC
lcpuC PC:C54D (49 FF C9) A:0A X:00 Y:0A P:05 S:F3 mem:002AE730 13:18941 tv:0.000000 49: EOR imm
lcpuC PC:C54F (C9 F2 49) A:F5 X:00 Y:0A P:85 S:F3 mem:002AE730 13:18939 tv:0.000001 C9: CMP imm
lcpuC PC:C551 (49 FF 24) A:F5 X:00 Y:0A P:05 S:F3 mem:002AE730 13:18937 tv:0.000001 49: EOR imm
lcpuC PC:C553 (24 D0 30) A:0A X:00 Y:0A P:05 S:F3 mem:002AE730 13:18935 tv:0.000000 24: BIT zp
lcpuC PC:C555 (30 29 08) A:0A X:00 Y:0A P:07 S:F3 mem:002AE730 13:18932 tv:0.000000 30: BMI
lcpuC PC:C557 (08 20 F5) A:0A X:00 Y:0A P:07 S:F3 mem:002AE730 13:18930 tv:0.000000 08: PHP
lcpuC PC:C558 (20 F5 CC) A:0A X:00 Y:0A P:07 S:F2 mem:002AE767 13:18927 tv:0.000000 20: JSR
lcpuC PC:CCF5 (6C 5D 03) A:0A X:00 Y:0A P:07 S:F0 mem:002AE886 13:18921 tv:0.000001 6C: JMP ()
lcpuC PC:C6F0 (20 88 C5) A:0A X:00 Y:0A P:07 S:F0 mem:002AE886 13:18916 tv:0.000001 20: JSR
lcpuC PC:C588 (A5 D0 29) A:0A X:00 Y:0A P:07 S:EE mem:002AEA3E 13:18910 tv:0.000000 A5: LDA zp
lcpuC PC:C58A (29 20 60) A:00 X:00 Y:0A P:07 S:EE mem:002AEA3E 13:18907 tv:0.000001 29: AND
lcpuC PC:C58C (60 A0 00) A:00 X:00 Y:0A P:07 S:EE mem:002AEA3E 13:18904 tv:0.000001 60: RTS
lcpuC PC:C6F3 (F0 95 A2) A:00 X:00 Y:0A P:07 S:F0 mem:002AEA3E 13:18898 tv:0.000001 F0: BEQ
lcpuC PC:C68A (18 20 E3) A:00 X:00 Y:0A P:07 S:F0 mem:002AEA3E 13:18895 tv:0.000001 18: CLC
lcpuC PC:C68B (20 E3 CA) A:00 X:00 Y:0A P:06 S:F0 mem:002AEA3E 13:18893 tv:0.000001 20: JSR
lcpuC PC:CAE3 (20 D9 E9) A:00 X:00 Y:0A P:06 S:EE mem:002AE9D9 13:18887 tv:0.000001 20: JSR
lcpuC PC:E9D9 (08 78 A9) A:00 X:00 Y:0A P:06 S:EC mem:002AEB88 13:18881 tv:0.000000 08: PHP
lcpuC PC:E9DA (78 A9 40) A:00 X:00 Y:0A P:06 S:EB mem:002AEBBE 13:18878 tv:0.000001 78: SEI
lcpuC PC:E9DB (A9 40 20) A:00 X:00 Y:0A P:06 S:EB mem:002AEBBE 13:18876 tv:0.000001 A9: LDA imm
lcpuC PC:E9DD (20 EA E9) A:40 X:00 Y:0A P:04 S:EB mem:002AEBBE 13:18874 tv:0.000000 20: JSR
lcpuC PC:E9EA (90 09 A0) A:40 X:00 Y:0A P:04 S:E9 mem:002AED86 13:18868 tv:0.000001 90: BCC
lcpuC PC:E9F5 (24 FF 60) A:40 X:00 Y:0A P:04 S:E9 mem:002AED86 13:18865 tv:0.000000 24: BIT zp
lcpuC PC:E9F7 (60 08 78) A:40 X:00 Y:0A P:06 S:E9 mem:002AED86 13:18862 tv:0.000001 60: RTS
lcpuC PC:E9E0 (30 05 18) A:40 X:00 Y:0A P:06 S:EB mem:002AED86 13:18856 tv:0.000000 30: BMI
lcpuC PC:E9E2 (18 B8 20) A:40 X:00 Y:0A P:06 S:EB mem:002AED86 13:18854 tv:0.000001 18: CLC
lcpuC PC:E9E3 (B8 20 68) A:40 X:00 Y:0A P:06 S:EB mem:002AED86 13:18852 tv:0.000000 B8: CLV
lcpuC PC:E9E4 (20 68 F0) A:40 X:00 Y:0A P:06 S:EB mem:002AED86 13:18850 tv:0.000000 20: JSR
lcpuC PC:F068 (6C 28 02) A:40 X:00 Y:0A P:06 S:E9 mem:002AED8D 13:18844 tv:0.000000 6C: JMP ()
lcpuC PC:EF02 (50 0A A9) A:40 X:00 Y:0A P:06 S:E9 mem:002AED8D 13:18839 tv:0.000001 50: BVC
lcpuC PC:EF0E (90 06 4C) A:40 X:00 Y:0A P:06 S:E9 mem:002AED8D 13:18836 tv:0.000001 90: BCC
lcpuC PC:EF16 (AD 5A 02) A:40 X:00 Y:0A P:06 S:E9 mem:002AED8D 13:18833 tv:0.000000 AD: LDA abs
lcpuC PC:EF19 (29 B7 A2) A:20 X:00 Y:0A P:04 S:E9 mem:002AED8D 13:18829 tv:0.000001 29: AND
lcpuC PC:EF1B (A2 00 20) A:20 X:00 Y:0A P:04 S:E9 mem:002AED8D 13:18826 tv:0.000001 A2: LDX imm
lcpuC PC:EF1D (20 2A F0) A:20 X:00 Y:0A P:06 S:E9 mem:002AED8D 13:18824 tv:0.000001 20: JSR
lcpuC PC:F02A (A0 03 8C) A:20 X:00 Y:0A P:06 S:E7 mem:002AEE9B 13:18818 tv:0.000001 A0: LDY imm
lcpuC PC:F02C (8C 40 FE) A:20 X:00 Y:03 P:04 S:E7 mem:002AEE9B 13:18816 tv:0.000000 8C: STY abs
here! 0x000003 0x00f02f 0xe6fa3010 0xcdde0ebc tv:0.000000 (cycle 18816  pc ~F02C
writemem_ex! addr=FE40 val=03
lcpuC PC:F02F (A0 7F 8C) A:20 X:00 Y:03 P:04 S:E7 mem:002AEE9B 13:18812 tv:0.000008 A0: LDY imm
lcpuC PC:F031 (8C 43 FE) A:20 X:00 Y:7F P:04 S:E7 mem:002AEE9B 13:18810 tv:0.000000 8C: STY abs
here! 0x00007f 0x00f034 0xe6fa3010 0xcdde0ebc tv:0.000000 (cycle 18810  pc ~F031
writemem_ex! addr=FE43 val=7F
lcpuC PC:F034 (8E 4F FE) A:20 X:00 Y:7F P:04 S:E7 mem:002AEE9B 13:18806 tv:0.000006 8E: STX abs
here! 0x000000 0x00f037 0xe6fa3010 0xcdde0ebc tv:0.000000 (cycle 18806  pc ~F034
writing 00(0000) to FE4F!writemem_ex! addr=FE4F val=00
lcpuC PC:F037 (AE 4F FE) A:20 X:00 Y:7F P:04 S:E7 mem:002AEE9B 13:18802 tv:0.000049 AE: LDX abs
readmem_ex! addr=FE4F val=00
lcpuC PC:F03A (60 71 33) A:20 X:00 Y:7F P:06 S:E7 mem:002AEE9B 13:18798 tv:0.000004 60: RTS
lcpuC PC:EF20 (86 FA B8) A:20 X:00 Y:7F P:06 S:E9 mem:002AEE9B 13:18792 tv:0.000001 86: STX zp
lcpuC PC:EF22 (B8 10 05) A:20 X:00 Y:7F P:06 S:E9 mem:002AEE9B 13:18789 tv:0.000001 B8: CLV
lcpuC PC:EF23 (10 05 2C) A:20 X:00 Y:7F P:06 S:E9 mem:002AEE9B 13:18787 tv:0.000001 10: BPL
lcpuC PC:EF2A (E8 20 2A) A:20 X:00 Y:7F P:06 S:E9 mem:002AEE9B 13:18784 tv:0.000001 E8: INX
lcpuC PC:EF2B (20 2A F0) A:20 X:01 Y:7F P:04 S:E9 mem:002AEE9B 13:18782 tv:0.000001 20: JSR
lcpuC PC:F02A (A0 03 8C) A:20 X:01 Y:7F P:04 S:E7 mem:002AEEA9 13:18776 tv:0.000001 A0: LDY imm
lcpuC PC:F02C (8C 40 FE) A:20 X:01 Y:03 P:04 S:E7 mem:002AEEA9 13:18774 tv:0.000000 8C: STY abs
here! 0x000003 0x00f02f 0xe6fa3010 0xcdde0ebc tv:0.000000 (cycle 18774  pc ~F02C
writemem_ex! addr=FE40 val=03
lcpuC PC:F02F (A0 7F 8C) A:20 X:01 Y:03 P:04 S:E7 mem:002AEEA9 13:18770 tv:0.000008 A0: LDY imm
lcpuC PC:F031 (8C 43 FE) A:20 X:01 Y:7F P:04 S:E7 mem:002AEEA9 13:18768 tv:0.000000 8C: STY abs
here! 0x00007f 0x00f034 0xe6fa3010 0xcdde0ebc tv:0.000000 (cycle 18768  pc ~F031
writemem_ex! addr=FE43 val=7F
lcpuC PC:F034 (8E 4F FE) A:20 X:01 Y:7F P:04 S:E7 mem:002AEEA9 13:18764 tv:0.000007 8E: STX abs
here! 0x000001 0x00f037 0xe6fa3010 0xcdde0ebc tv:0.000000 (cycle 18764  pc ~F034
writing 01(0001) to FE4F!writemem_ex! addr=FE4F val=01
lcpuC PC:F037 (AE 4F FE) A:20 X:01 Y:7F P:04 S:E7 mem:002AEEA9 13:18760 tv:0.000040 AE: LDX abs
readmem_ex! addr=FE4F val=01
lcpuC PC:F03A (60 71 33) A:20 X:01 Y:7F P:04 S:E7 mem:002AEEA9 13:18756 tv:0.000011 60: RTS
lcpuC PC:EF2E (90 BB 10) A:20 X:01 Y:7F P:04 S:E9 mem:002AEEA9 13:18750 tv:0.000000 90: BCC
lcpuC PC:EEEB (08 AD 5A) A:20 X:01 Y:7F P:04 S:E9 mem:002AEEA9 13:18747 tv:0.000000 08: PHP
lcpuC PC:EEEC (AD 5A 02) A:20 X:01 Y:7F P:04 S:E8 mem:002AEDEE 13:18744 tv:0.000000 AD: LDA abs
lcpuC PC:EEEF (4A 29 18) A:20 X:01 Y:7F P:04 S:E8 mem:002AEDEE 13:18740 tv:0.000002 4A: LSR A
lcpuC PC:EEF0 (29 18 09) A:10 X:01 Y:7F P:04 S:E8 mem:002AEDEE 13:18738 tv:0.000001 29: AND
lcpuC PC:EEF2 (09 06 8D) A:10 X:01 Y:7F P:04 S:E8 mem:002AEDEE 13:18735 tv:0.000000 09: ORA imm
lcpuC PC:EEF4 (8D 40 FE) A:16 X:01 Y:7F P:04 S:E8 mem:002AEDEE 13:18733 tv:0.000000 8D: STA abs
here! 0x000016 0x00eef7 0xe6fa3010 0xcdde0ebc tv:0.000000 (cycle 18733  pc ~EEF4
writemem_ex! addr=FE40 val=16
lcpuC PC:EEF7 (4A 09 07) A:16 X:01 Y:7F P:04 S:E8 mem:002AEDEE 13:18729 tv:0.000008 4A: LSR A
lcpuC PC:EEF8 (09 07 8D) A:0B X:01 Y:7F P:04 S:E8 mem:002AEDEE 13:18727 tv:0.000001 09: ORA imm
lcpuC PC:EEFA (8D 40 FE) A:0F X:01 Y:7F P:04 S:E8 mem:002AEDEE 13:18725 tv:0.000000 8D: STA abs
here! 0x00000f 0x00eefd 0xe6fa3010 0xcdde0ebc tv:0.000000 (cycle 18725  pc ~EEFA
writemem_ex! addr=FE40 val=0F
lcpuC PC:EEFD (20 2E F1) A:0F X:01 Y:7F P:04 S:E8 mem:002AEDEE 13:18721 tv:0.000007 20: JSR
lcpuC PC:F12E (A9 0B 8D) A:0F X:01 Y:7F P:04 S:E6 mem:002AEFAE 13:18715 tv:0.000001 A9: LDA imm
lcpuC PC:F130 (8D 40 FE) A:0B X:01 Y:7F P:04 S:E6 mem:002AEFAE 13:18713 tv:0.000001 8D: STA abs
here! 0x00000b 0x00f133 0xe6fa3010 0xcdde0ebc tv:0.000000 (cycle 18713  pc ~F130
writemem_ex! addr=FE40 val=0B
lcpuC PC:F133 (8A 60 49) A:0B X:01 Y:7F P:04 S:E6 mem:002AEFAE 13:18709 tv:0.000007 8A: TXA
lcpuC PC:F134 (60 49 8C) A:01 X:01 Y:7F P:04 S:E6 mem:002AEFAE 13:18707 tv:0.000000 60: RTS
lcpuC PC:EF00 (68 60 50) A:01 X:01 Y:7F P:04 S:E8 mem:002AEFAE 13:18701 tv:0.000002 68: PLA
lcpuC PC:EF01 (60 50 0A) A:34 X:01 Y:7F P:04 S:E9 mem:002AEFAE 13:18697 tv:0.000000 60: RTS
lcpuC PC:E9E7 (28 2A 60) A:34 X:01 Y:7F P:04 S:EB mem:002AEFAE 13:18691 tv:0.000000 28: PLP
lcpuC PC:E9E8 (2A 60 90) A:34 X:01 Y:7F P:06 S:EC mem:002AEFAE 13:18687 tv:0.000001 2A: ROL A
lcpuC PC:E9E9 (60 90 09) A:68 X:01 Y:7F P:04 S:EC mem:002AEFAE 13:18685 tv:0.000001 60: RTS
lcpuC PC:CAE6 (90 02 30) A:68 X:01 Y:7F P:04 S:EE mem:002AEFAE 13:18679 tv:0.000001 90: BCC
lcpuC PC:CAEA (A5 D0 49) A:68 X:01 Y:7F P:04 S:EE mem:002AEFAE 13:18676 tv:0.000000 A5: LDA zp
lcpuC PC:CAEC (49 04 29) A:00 X:01 Y:7F P:06 S:EE mem:002AEFAE 13:18673 tv:0.000000 49: EOR imm
lcpuC PC:CAEE (29 46 D0) A:04 X:01 Y:7F P:04 S:EE mem:002AEFAE 13:18671 tv:0.000001 29: AND
lcpuC PC:CAF0 (D0 2A AD) A:04 X:01 Y:7F P:04 S:EE mem:002AEFAE 13:18668 tv:0.000000 D0: BNE
lcpuC PC:CB1C (60 48 A2) A:04 X:01 Y:7F P:04 S:EE mem:002AEFAE 13:18665 tv:0.000001 60: RTS
lcpuC PC:C68E (AE 19 03) A:04 X:01 Y:7F P:04 S:F0 mem:002AEFAE 13:18659 tv:0.000001 AE: LDX abs
lcpuC PC:C691 (EC 09 03) A:04 X:00 Y:7F P:06 S:F0 mem:002AEFAE 13:18655 tv:0.000001 EC: CPX abs
lcpuC PC:C694 (B0 05 EE) A:04 X:00 Y:7F P:84 S:F0 mem:002AEFAE 13:18651 tv:0.000001 B0: BCS
lcpuC PC:C696 (EE 19 03) A:04 X:00 Y:7F P:84 S:F0 mem:002AEFAE 13:18649 tv:0.000001 EE: INC abs
lcpuC PC:C699 (90 14 20) A:04 X:00 Y:7F P:04 S:F0 mem:002AEFAF 13:18643 tv:0.000000 90: BCC
lcpuC PC:C6AF (20 06 CF) A:04 X:00 Y:7F P:04 S:F0 mem:002AEFAF 13:18640 tv:0.000001 20: JSR
lcpuC PC:CF06 (AD 19 03) A:04 X:00 Y:7F P:04 S:EE mem:002AEFD3 13:18634 tv:0.000001 AD: LDA abs
lcpuC PC:CF09 (0A A8 B1) A:01 X:00 Y:7F P:04 S:EE mem:002AEFD3 13:18630 tv:0.000001 0A: ASL A
lcpuC PC:CF0A (A8 B1 E0) A:02 X:00 Y:7F P:04 S:EE mem:002AEFD3 13:18628 tv:0.000000 A8: TAY
lcpuC PC:CF0B (B1 E0 85) A:02 X:00 Y:02 P:04 S:EE mem:002AEFD3 13:18626 tv:0.000000 B1: LDA (),y
lcpuC PC:CF0D (85 D9 C8) A:00 X:00 Y:02 P:06 S:EE mem:002AEFD3 13:18621 tv:0.000000 85: STA zp
lcpuC PC:CF0F (C8 A9 02) A:00 X:00 Y:02 P:06 S:EE mem:002AEF57 13:18618 tv:0.000000 C8: INY
lcpuC PC:CF10 (A9 02 2D) A:00 X:00 Y:03 P:04 S:EE mem:002AEF57 13:18616 tv:0.000001 A9: LDA imm
lcpuC PC:CF12 (2D 56 03) A:02 X:00 Y:03 P:04 S:EE mem:002AEF57 13:18614 tv:0.000001 2D: AND abs
lcpuC PC:CF15 (08 B1 E0) A:00 X:00 Y:03 P:06 S:EE mem:002AEF57 13:18610 tv:0.000000 08: PHP
lcpuC PC:CF16 (B1 E0 28) A:00 X:00 Y:03 P:06 S:ED mem:002AEEC3 13:18607 tv:0.000001 B1: LDA (),y
lcpuC PC:CF18 (28 F0 03) A:28 X:00 Y:03 P:04 S:ED mem:002AEEC3 13:18602 tv:0.000001 28: PLP
lcpuC PC:CF19 (F0 03 46) A:28 X:00 Y:03 P:06 S:EE mem:002AEEC3 13:18598 tv:0.000001 F0: BEQ
lcpuC PC:CF1E (6D 50 03) A:28 X:00 Y:03 P:06 S:EE mem:002AEEC3 13:18595 tv:0.000001 6D: ADC abs
lcpuC PC:CF21 (85 D8 A5) A:28 X:00 Y:03 P:04 S:EE mem:002AEEC3 13:18591 tv:0.000001 85: STA zp
lcpuC PC:CF23 (A5 D9 6D) A:28 X:00 Y:03 P:04 S:EE mem:002AEEEB 13:18588 tv:0.000000 A5: LDA zp
lcpuC PC:CF25 (6D 51 03) A:00 X:00 Y:03 P:06 S:EE mem:002AEEEB 13:18585 tv:0.000001 6D: ADC abs
lcpuC PC:CF28 (A8 AD 18) A:7C X:00 Y:03 P:04 S:EE mem:002AEEEB 13:18581 tv:0.000001 A8: TAY
lcpuC PC:CF29 (AD 18 03) A:7C X:00 Y:7C P:04 S:EE mem:002AEEEB 13:18579 tv:0.000000 AD: LDA abs
lcpuC PC:CF2C (AE 4F 03) A:00 X:00 Y:7C P:06 S:EE mem:002AEEEB 13:18575 tv:0.000001 AE: LDX abs
lcpuC PC:CF2F (CA F0 12) A:00 X:01 Y:7C P:04 S:EE mem:002AEEEB 13:18571 tv:0.000000 CA: DEX
lcpuC PC:CF30 (F0 12 E0) A:00 X:00 Y:7C P:06 S:EE mem:002AEEEB 13:18569 tv:0.000001 F0: BEQ
lcpuC PC:CF44 (18 65 D8) A:00 X:00 Y:7C P:06 S:EE mem:002AEEEB 13:18566 tv:0.000001 18: CLC
lcpuC PC:CF45 (65 D8 85) A:00 X:00 Y:7C P:06 S:EE mem:002AEEEB 13:18564 tv:0.000001 65: ADC zp
lcpuC PC:CF47 (85 D8 8D) A:28 X:00 Y:7C P:04 S:EE mem:002AEEEB 13:18561 tv:0.000000 85: STA zp
lcpuC PC:CF49 (8D 4A 03) A:28 X:00 Y:7C P:04 S:EE mem:002AEEEB 13:18558 tv:0.000000 8D: STA abs
lcpuC PC:CF4C (AA 98 69) A:28 X:00 Y:7C P:04 S:EE mem:002AEF13 13:18554 tv:0.000001 AA: TAX
lcpuC PC:CF4D (98 69 00) A:28 X:28 Y:7C P:04 S:EE mem:002AEF13 13:18552 tv:0.000001 98: TYA
lcpuC PC:CF4E (69 00 8D) A:7C X:28 Y:7C P:04 S:EE mem:002AEF13 13:18550 tv:0.000000 69: ADC imm
lcpuC PC:CF50 (8D 4B 03) A:7C X:28 Y:7C P:04 S:EE mem:002AEF13 13:18548 tv:0.000001 8D: STA abs
lcpuC PC:CF53 (10 04 38) A:7C X:28 Y:7C P:04 S:EE mem:002AEF13 13:18544 tv:0.000000 10: BPL
lcpuC PC:CF59 (85 D9 18) A:7C X:28 Y:7C P:04 S:EE mem:002AEF13 13:18541 tv:0.000001 85: STA zp
lcpuC PC:CF5B (18 60 AE) A:7C X:28 Y:7C P:04 S:EE mem:002AEF8F 13:18538 tv:0.000001 18: CLC
lcpuC PC:CF5C (60 AE 59) A:7C X:28 Y:7C P:04 S:EE mem:002AEF8F 13:18536 tv:0.000001 60: RTS
lcpuC PC:C6B2 (90 7E A2) A:7C X:28 Y:7C P:04 S:F0 mem:002AEF8F 13:18530 tv:0.000000 90: BCC
lcpuC PC:C732 (4C 02 CA) A:7C X:28 Y:7C P:04 S:F0 mem:002AEF8F 13:18527 tv:0.000000 4C: JMP
lcpuC PC:CA02 (86 D8 85) A:7C X:28 Y:7C P:04 S:F0 mem:002AEF8F 13:18524 tv:0.000001 86: STX zp
lcpuC PC:CA04 (85 D9 AE) A:7C X:28 Y:7C P:04 S:F0 mem:002AEF8F 13:18521 tv:0.000001 85: STA zp
lcpuC PC:CA06 (AE 4A 03) A:7C X:28 Y:7C P:04 S:F0 mem:002AEF8F 13:18518 tv:0.000001 AE: LDX abs
lcpuC PC:CA09 (AD 4B 03) A:7C X:28 Y:7C P:04 S:F0 mem:002AEF8F 13:18514 tv:0.000001 AD: LDA abs
lcpuC PC:CA0C (A0 0E 48) A:7C X:28 Y:7C P:04 S:F0 mem:002AEF8F 13:18510 tv:0.000000 A0: LDY imm
lcpuC PC:CA0E (48 AD 55) A:7C X:28 Y:0E P:04 S:F0 mem:002AEF8F 13:18508 tv:0.000000 48: PHA
lcpuC PC:CA0F (AD 55 03) A:7C X:28 Y:0E P:04 S:EF mem:002AEF45 13:18505 tv:0.000001 AD: LDA abs
lcpuC PC:CA12 (C9 07 68) A:07 X:28 Y:0E P:04 S:EF mem:002AEF45 13:18501 tv:0.000014 C9: CMP imm
lcpuC PC:CA14 (68 B0 10) A:07 X:28 Y:0E P:07 S:EF mem:002AEF45 13:18499 tv:0.000001 68: PLA
lcpuC PC:CA15 (B0 10 86) A:7C X:28 Y:0E P:05 S:F0 mem:002AEF45 13:18495 tv:0.000000 B0: BCS
lcpuC PC:CA27 (E9 74 49) A:7C X:28 Y:0E P:05 S:F0 mem:002AEF45 13:18492 tv:0.000001 E9: SBC imm
lcpuC PC:CA29 (49 20 8C) A:08 X:28 Y:0E P:05 S:F0 mem:002AEF45 13:18490 tv:0.000000 49: EOR imm
lcpuC PC:CA2B (8C 00 FE) A:28 X:28 Y:0E P:05 S:F0 mem:002AEF45 13:18488 tv:0.000000 8C: STY abs
here! 0x00000e 0x00ca2e 0xe6fa3010 0xcdde0ebc tv:0.000000 (cycle 18488  pc ~CA2B
writemem_ex! addr=FE00 val=0E
lcpuC PC:CA2E (8D 01 FE) A:28 X:28 Y:0E P:05 S:F0 mem:002AEF45 13:18484 tv:0.000007 8D: STA abs
here! 0x000028 0x00ca31 0xe6fa3010 0xcdde0ebc tv:0.000000 (cycle 18484  pc ~CA2E
writemem_ex! addr=FE01 val=28
lcpuC PC:CA31 (C8 8C 00) A:28 X:28 Y:0E P:05 S:F0 mem:002AEF45 13:18480 tv:0.000006 C8: INY
lcpuC PC:CA32 (8C 00 FE) A:28 X:28 Y:0F P:05 S:F0 mem:002AEF45 13:18478 tv:0.000001 8C: STY abs
here! 0x00000f 0x00ca35 0xe6fa3010 0xcdde0ebc tv:0.000000 (cycle 18478  pc ~CA32
writemem_ex! addr=FE00 val=0F
lcpuC PC:CA35 (8E 01 FE) A:28 X:28 Y:0F P:05 S:F0 mem:002AEF45 13:18474 tv:0.000006 8E: STX abs
here! 0x000028 0x00ca38 0xe6fa3010 0xcdde0ebc tv:0.000001 (cycle 18474  pc ~CA35
writemem_ex! addr=FE01 val=28
lcpuC PC:CA38 (60 20 81) A:28 X:28 Y:0F P:05 S:F0 mem:002AEF45 13:18470 tv:0.000007 60: RTS
lcpuC PC:C55B (28 90 03) A:28 X:28 Y:0F P:05 S:F2 mem:002AEF45 13:18464 tv:0.000001 28: PLP
lcpuC PC:C55C (90 03 A5) A:28 X:28 Y:0F P:07 S:F3 mem:002AEF45 13:18460 tv:0.000001 90: BCC
lcpuC PC:C55E (A5 D0 4A) A:28 X:28 Y:0F P:07 S:F3 mem:002AEF45 13:18458 tv:0.000001 A5: LDA zp
lcpuC PC:C560 (4A 24 D0) A:00 X:28 Y:0F P:07 S:F3 mem:002AEF45 13:18455 tv:0.000000 4A: LSR A
lcpuC PC:C561 (24 D0 50) A:00 X:28 Y:0F P:06 S:F3 mem:002AEF45 13:18453 tv:0.000001 24: BIT zp
lcpuC PC:C563 (50 AC 20) A:00 X:28 Y:0F P:06 S:F3 mem:002AEF45 13:18450 tv:0.000000 50: BVC
lcpuC PC:C511 (60 9D 24) A:00 X:28 Y:0F P:06 S:F3 mem:002AEF45 13:18447 tv:0.000001 60: RTS
lcpuC PC:E0C8 (A9 08 2C) A:00 X:28 Y:0F P:06 S:F5 mem:002AEF45 13:18441 tv:0.000001 A9: LDA imm
lcpuC PC:E0CA (2C 7C 02) A:08 X:28 Y:0F P:04 S:F5 mem:002AEF45 13:18439 tv:0.000000 2C: BIT abs
lcpuC PC:E0CD (D0 02 90) A:08 X:28 Y:0F P:06 S:F5 mem:002AEF45 13:18435 tv:0.000001 D0: BNE
lcpuC PC:E0CF (90 05 68) A:08 X:28 Y:0F P:06 S:F5 mem:002AEF45 13:18433 tv:0.000000 90: BCC
lcpuC PC:E0D6 (AD 7C 02) A:08 X:28 Y:0F P:06 S:F5 mem:002AEF45 13:18430 tv:0.000001 AD: LDA abs
lcpuC PC:E0D9 (6A 90 1B) A:00 X:28 Y:0F P:06 S:F5 mem:002AEF45 13:18426 tv:0.000000 6A: ROR A
lcpuC PC:E0DA (90 1B A4) A:00 X:28 Y:0F P:06 S:F5 mem:002AEF45 13:18424 tv:0.000001 90: BCC
lcpuC PC:E0F7 (A9 10 2C) A:00 X:28 Y:0F P:06 S:F5 mem:002AEF45 13:18421 tv:0.000001 A9: LDA imm
lcpuC PC:E0F9 (2C 7C 02) A:10 X:28 Y:0F P:04 S:F5 mem:002AEF45 13:18419 tv:0.000001 2C: BIT abs
lcpuC PC:E0FC (D0 0F AC) A:10 X:28 Y:0F P:06 S:F5 mem:002AEF45 13:18415 tv:0.000001 D0: BNE
lcpuC PC:E0FE (AC 57 02) A:10 X:28 Y:0F P:06 S:F5 mem:002AEF45 13:18413 tv:0.000000 AC: LDY abs
lcpuC PC:E101 (F0 0A 68) A:10 X:28 Y:00 P:06 S:F5 mem:002AEF45 13:18409 tv:0.000000 F0: BEQ
lcpuC PC:E10D (68 68 A8) A:10 X:28 Y:00 P:06 S:F5 mem:002AEF45 13:18406 tv:0.000001 68: PLA
lcpuC PC:E10E (68 A8 68) A:0A X:28 Y:00 P:04 S:F6 mem:002AEF45 13:18402 tv:0.000001 68: PLA
lcpuC PC:E10F (A8 68 AA) A:03 X:28 Y:00 P:04 S:F7 mem:002AEF45 13:18398 tv:0.000000 A8: TAY
lcpuC PC:E110 (68 AA 68) A:03 X:28 Y:03 P:04 S:F7 mem:002AEF45 13:18396 tv:0.000001 68: PLA
lcpuC PC:E111 (AA 68 60) A:FF X:28 Y:03 P:84 S:F8 mem:002AEF45 13:18392 tv:0.000000 AA: TAX
lcpuC PC:E112 (68 60 2C) A:FF X:FF Y:03 P:84 S:F8 mem:002AEF45 13:18390 tv:0.000001 68: PLA
lcpuC PC:E113 (60 2C 7C) A:0A X:FF Y:03 P:04 S:F9 mem:002AEF45 13:18386 tv:0.000001 60: RTS
lcpuC PC:FFEC (A9 0D 6C) A:0A X:FF Y:03 P:04 S:FB mem:002AEF45 13:18380 tv:0.000001 A9: LDA imm
readmem_ex! addr=FFED val=0D
lcpuC PC:FFEE (6C 0E 02) A:0D X:FF Y:03 P:04 S:FB mem:002AEF45 13:18378 tv:0.000004 6C: JMP ()
readmem_ex! addr=FFEF val=0E
readmem_ex! addr=FFF0 val=02
lcpuC PC:E0A4 (48 8A 48) A:0D X:FF Y:03 P:04 S:FB mem:002AEF45 13:18373 tv:0.000006 48: PHA
lcpuC PC:E0A5 (8A 48 98) A:0D X:FF Y:03 P:04 S:FA mem:002AEE53 13:18370 tv:0.000001 8A: TXA
lcpuC PC:E0A6 (48 98 48) A:FF X:FF Y:03 P:84 S:FA mem:002AEE53 13:18368 tv:0.000000 48: PHA
lcpuC PC:E0A7 (98 48 BA) A:FF X:FF Y:03 P:84 S:F9 mem:002AEE67 13:18365 tv:0.000000 98: TYA
lcpuC PC:E0A8 (48 BA BD) A:03 X:FF Y:03 P:04 S:F9 mem:002AEE67 13:18363 tv:0.000000 48: PHA
lcpuC PC:E0A9 (BA BD 03) A:03 X:FF Y:03 P:04 S:F8 mem:002AEE60 13:18360 tv:0.000000 BA: TSX
lcpuC PC:E0AA (BD 03 01) A:03 X:F8 Y:03 P:84 S:F8 mem:002AEE60 13:18358 tv:0.000001 BD: LDA abs,x
lcpuC PC:E0AD (48 2C 60) A:0D X:F8 Y:03 P:04 S:F8 mem:002AEE60 13:18354 tv:0.000000 48: PHA
lcpuC PC:E0AE (2C 60 02) A:0D X:F8 Y:03 P:04 S:F7 mem:002AED6E 13:18351 tv:0.000000 2C: BIT abs
lcpuC PC:E0B1 (10 08 A8) A:0D X:F8 Y:03 P:06 S:F7 mem:002AED6E 13:18347 tv:0.000000 10: BPL
lcpuC PC:E0BB (18 A9 02) A:0D X:F8 Y:03 P:06 S:F7 mem:002AED6E 13:18344 tv:0.000000 18: CLC
lcpuC PC:E0BC (A9 02 2C) A:0D X:F8 Y:03 P:06 S:F7 mem:002AED6E 13:18342 tv:0.000001 A9: LDA imm
lcpuC PC:E0BE (2C 7C 02) A:02 X:F8 Y:03 P:04 S:F7 mem:002AED6E 13:18340 tv:0.000001 2C: BIT abs
lcpuC PC:E0C1 (D0 05 68) A:02 X:F8 Y:03 P:06 S:F7 mem:002AED6E 13:18336 tv:0.000001 D0: BNE
lcpuC PC:E0C3 (68 48 20) A:02 X:F8 Y:03 P:06 S:F7 mem:002AED6E 13:18334 tv:0.000001 68: PLA
lcpuC PC:E0C4 (48 20 C0) A:0D X:F8 Y:03 P:04 S:F8 mem:002AED6E 13:18330 tv:0.000001 48: PHA
lcpuC PC:E0C5 (20 C0 C4) A:0D X:F8 Y:03 P:04 S:F7 mem:002AED6E 13:18327 tv:0.000001 20: JSR
lcpuC PC:C4C0 (AE 6A 02) A:0D X:F8 Y:03 P:04 S:F5 mem:002AEF08 13:18321 tv:0.000001 AE: LDX abs
lcpuC PC:C4C3 (D0 4D 24) A:0D X:00 Y:03 P:06 S:F5 mem:002AEF08 13:18317 tv:0.000000 D0: BNE
lcpuC PC:C4C5 (24 D0 50) A:0D X:00 Y:03 P:06 S:F5 mem:002AEF08 13:18315 tv:0.000000 24: BIT zp
lcpuC PC:C4C7 (50 0F 20) A:0D X:00 Y:03 P:06 S:F5 mem:002AEF08 13:18312 tv:0.000000 50: BVC
lcpuC PC:C4D8 (C9 7F F0) A:0D X:00 Y:03 P:06 S:F5 mem:002AEF08 13:18309 tv:0.000000 C9: CMP imm
lcpuC PC:C4DA (F0 11 C9) A:0D X:00 Y:03 P:84 S:F5 mem:002AEF08 13:18307 tv:0.000000 F0: BEQ
lcpuC PC:C4DC (C9 20 90) A:0D X:00 Y:03 P:84 S:F5 mem:002AEF08 13:18305 tv:0.000001 C9: CMP imm
lcpuC PC:C4DE (90 0F 24) A:0D X:00 Y:03 P:84 S:F5 mem:002AEF08 13:18303 tv:0.000001 90: BCC
lcpuC PC:C4EF (A8 B9 33) A:0D X:00 Y:03 P:84 S:F5 mem:002AEF08 13:18300 tv:0.000000 A8: TAY
lcpuC PC:C4F0 (B9 33 C3) A:0D X:00 Y:0D P:04 S:F5 mem:002AEF08 13:18298 tv:0.000000 B9: LDA abs,y
lcpuC PC:C4F3 (8D 5D 03) A:AF X:00 Y:0D P:84 S:F5 mem:002AEF08 13:18294 tv:0.000001 8D: STA abs
lcpuC PC:C4F6 (B9 54 C3) A:AF X:00 Y:0D P:84 S:F5 mem:002AEEC7 13:18290 tv:0.000001 B9: LDA abs,y
lcpuC PC:C4F9 (30 4A AA) A:C7 X:00 Y:0D P:84 S:F5 mem:002AEEC7 13:18286 tv:0.000001 30: BMI
lcpuC PC:C545 (8D 5E 03) A:C7 X:00 Y:0D P:84 S:F5 mem:002AEEC7 13:18283 tv:0.000001 8D: STA abs
lcpuC PC:C548 (98 C9 08) A:C7 X:00 Y:0D P:84 S:F5 mem:002AEEC8 13:18279 tv:0.000000 98: TYA
lcpuC PC:C549 (C9 08 90) A:0D X:00 Y:0D P:04 S:F5 mem:002AEEC8 13:18277 tv:0.000000 C9: CMP imm
lcpuC PC:C54B (90 06 49) A:0D X:00 Y:0D P:05 S:F5 mem:002AEEC8 13:18275 tv:0.000001 90: BCC
lcpuC PC:C54D (49 FF C9) A:0D X:00 Y:0D P:05 S:F5 mem:002AEEC8 13:18273 tv:0.000000 49: EOR imm
lcpuC PC:C54F (C9 F2 49) A:F2 X:00 Y:0D P:85 S:F5 mem:002AEEC8 13:18271 tv:0.000001 C9: CMP imm
lcpuC PC:C551 (49 FF 24) A:F2 X:00 Y:0D P:07 S:F5 mem:002AEEC8 13:18269 tv:0.000001 49: EOR imm
lcpuC PC:C553 (24 D0 30) A:0D X:00 Y:0D P:05 S:F5 mem:002AEEC8 13:18267 tv:0.000001 24: BIT zp
lcpuC PC:C555 (30 29 08) A:0D X:00 Y:0D P:07 S:F5 mem:002AEEC8 13:18264 tv:0.000000 30: BMI
lcpuC PC:C557 (08 20 F5) A:0D X:00 Y:0D P:07 S:F5 mem:002AEEC8 13:18262 tv:0.000001 08: PHP
lcpuC PC:C558 (20 F5 CC) A:0D X:00 Y:0D P:07 S:F4 mem:002AEE1F 13:18259 tv:0.000000 20: JSR
lcpuC PC:CCF5 (6C 5D 03) A:0D X:00 Y:0D P:07 S:F2 mem:002AEE40 13:18253 tv:0.000001 6C: JMP ()
lcpuC PC:C7AF (20 88 C5) A:0D X:00 Y:0D P:07 S:F2 mem:002AEE40 13:18248 tv:0.000000 20: JSR
lcpuC PC:C588 (A5 D0 29) A:0D X:00 Y:0D P:07 S:F0 mem:002AEE99 13:18242 tv:0.000008 A5: LDA zp
lcpuC PC:C58A (29 20 60) A:00 X:00 Y:0D P:07 S:F0 mem:002AEE99 13:18239 tv:0.000001 29: AND
lcpuC PC:C58C (60 A0 00) A:00 X:00 Y:0D P:07 S:F0 mem:002AEE99 13:18236 tv:0.000001 60: RTS
lcpuC PC:C7B2 (F0 03 4C) A:00 X:00 Y:0D P:07 S:F2 mem:002AEE99 13:18230 tv:0.000001 F0: BEQ
lcpuC PC:C7B7 (20 6E CE) A:00 X:00 Y:0D P:07 S:F2 mem:002AEE99 13:18227 tv:0.000000 20: JSR
lcpuC PC:CE6E (AD 08 03) A:00 X:00 Y:0D P:07 S:F0 mem:002AEEA1 13:18221 tv:0.000000 AD: LDA abs
lcpuC PC:CE71 (10 70 A5) A:00 X:00 Y:0D P:07 S:F0 mem:002AEEA1 13:18217 tv:0.000001 10: BPL
lcpuC PC:CEE3 (8D 18 03) A:00 X:00 Y:0D P:07 S:F0 mem:002AEEA1 13:18214 tv:0.000001 8D: STA abs
lcpuC PC:CEE6 (38 60 AE) A:00 X:00 Y:0D P:07 S:F0 mem:002AEEA1 13:18210 tv:0.000000 38: SEC
lcpuC PC:CEE7 (60 AE 18) A:00 X:00 Y:0D P:07 S:F0 mem:002AEEA1 13:18208 tv:0.000000 60: RTS
lcpuC PC:C7BA (4C AF C6) A:00 X:00 Y:0D P:07 S:F2 mem:002AEEA1 13:18202 tv:0.000001 4C: JMP
lcpuC PC:C6AF (20 06 CF) A:00 X:00 Y:0D P:07 S:F2 mem:002AEEA1 13:18199 tv:0.000001 20: JSR
lcpuC PC:CF06 (AD 19 03) A:00 X:00 Y:0D P:07 S:F0 mem:002AEE98 13:18193 tv:0.000001 AD: LDA abs
lcpuC PC:CF09 (0A A8 B1) A:01 X:00 Y:0D P:05 S:F0 mem:002AEE98 13:18189 tv:0.000001 0A: ASL A
lcpuC PC:CF0A (A8 B1 E0) A:02 X:00 Y:0D P:04 S:F0 mem:002AEE98 13:18187 tv:0.000000 A8: TAY
lcpuC PC:CF0B (B1 E0 85) A:02 X:00 Y:02 P:04 S:F0 mem:002AEE98 13:18185 tv:0.000001 B1: LDA (),y
lcpuC PC:CF0D (85 D9 C8) A:00 X:00 Y:02 P:06 S:F0 mem:002AEE98 13:18180 tv:0.000000 85: STA zp
lcpuC PC:CF0F (C8 A9 02) A:00 X:00 Y:02 P:06 S:F0 mem:002AEE1C 13:18177 tv:0.000000 C8: INY
lcpuC PC:CF10 (A9 02 2D) A:00 X:00 Y:03 P:04 S:F0 mem:002AEE1C 13:18175 tv:0.000001 A9: LDA imm
lcpuC PC:CF12 (2D 56 03) A:02 X:00 Y:03 P:04 S:F0 mem:002AEE1C 13:18173 tv:0.000001 2D: AND abs
lcpuC PC:CF15 (08 B1 E0) A:00 X:00 Y:03 P:06 S:F0 mem:002AEE1C 13:18169 tv:0.000000 08: PHP
lcpuC PC:CF16 (B1 E0 28) A:00 X:00 Y:03 P:06 S:EF mem:002AEDD6 13:18166 tv:0.000000 B1: LDA (),y
lcpuC PC:CF18 (28 F0 03) A:28 X:00 Y:03 P:04 S:EF mem:002AEDD6 13:18161 tv:0.000001 28: PLP
lcpuC PC:CF19 (F0 03 46) A:28 X:00 Y:03 P:06 S:F0 mem:002AEDD6 13:18157 tv:0.000001 F0: BEQ
lcpuC PC:CF1E (6D 50 03) A:28 X:00 Y:03 P:06 S:F0 mem:002AEDD6 13:18154 tv:0.000000 6D: ADC abs
lcpuC PC:CF21 (85 D8 A5) A:28 X:00 Y:03 P:04 S:F0 mem:002AEDD6 13:18150 tv:0.000001 85: STA zp
lcpuC PC:CF23 (A5 D9 6D) A:28 X:00 Y:03 P:04 S:F0 mem:002AEDD6 13:18147 tv:0.000000 A5: LDA zp
lcpuC PC:CF25 (6D 51 03) A:00 X:00 Y:03 P:06 S:F0 mem:002AEDD6 13:18144 tv:0.000000 6D: ADC abs
lcpuC PC:CF28 (A8 AD 18) A:7C X:00 Y:03 P:04 S:F0 mem:002AEDD6 13:18140 tv:0.000000 A8: TAY
lcpuC PC:CF29 (AD 18 03) A:7C X:00 Y:7C P:04 S:F0 mem:002AEDD6 13:18138 tv:0.000000 AD: LDA abs
lcpuC PC:CF2C (AE 4F 03) A:00 X:00 Y:7C P:06 S:F0 mem:002AEDD6 13:18134 tv:0.000001 AE: LDX abs
lcpuC PC:CF2F (CA F0 12) A:00 X:01 Y:7C P:04 S:F0 mem:002AEDD6 13:18130 tv:0.000002 CA: DEX
lcpuC PC:CF30 (F0 12 E0) A:00 X:00 Y:7C P:06 S:F0 mem:002AEDD6 13:18128 tv:0.000002 F0: BEQ
lcpuC PC:CF44 (18 65 D8) A:00 X:00 Y:7C P:06 S:F0 mem:002AEDD6 13:18125 tv:0.000001 18: CLC
lcpuC PC:CF45 (65 D8 85) A:00 X:00 Y:7C P:06 S:F0 mem:002AEDD6 13:18123 tv:0.000000 65: ADC zp
lcpuC PC:CF47 (85 D8 8D) A:28 X:00 Y:7C P:04 S:F0 mem:002AEDD6 13:18120 tv:0.000000 85: STA zp
lcpuC PC:CF49 (8D 4A 03) A:28 X:00 Y:7C P:04 S:F0 mem:002AEDD6 13:18117 tv:0.000001 8D: STA abs
lcpuC PC:CF4C (AA 98 69) A:28 X:00 Y:7C P:04 S:F0 mem:002AEDD6 13:18113 tv:0.000001 AA: TAX
lcpuC PC:CF4D (98 69 00) A:28 X:28 Y:7C P:04 S:F0 mem:002AEDD6 13:18111 tv:0.000000 98: TYA
lcpuC PC:CF4E (69 00 8D) A:7C X:28 Y:7C P:04 S:F0 mem:002AEDD6 13:18109 tv:0.000001 69: ADC imm
lcpuC PC:CF50 (8D 4B 03) A:7C X:28 Y:7C P:04 S:F0 mem:002AEDD6 13:18107 tv:0.000001 8D: STA abs
lcpuC PC:CF53 (10 04 38) A:7C X:28 Y:7C P:04 S:F0 mem:002AEDD6 13:18103 tv:0.000000 10: BPL
lcpuC PC:CF59 (85 D9 18) A:7C X:28 Y:7C P:04 S:F0 mem:002AEDD6 13:18100 tv:0.000001 85: STA zp
lcpuC PC:CF5B (18 60 AE) A:7C X:28 Y:7C P:04 S:F0 mem:002AEE52 13:18097 tv:0.000001 18: CLC
lcpuC PC:CF5C (60 AE 59) A:7C X:28 Y:7C P:04 S:F0 mem:002AEE52 13:18095 tv:0.000001 60: RTS
lcpuC PC:C6B2 (90 7E A2) A:7C X:28 Y:7C P:04 S:F2 mem:002AEE52 13:18089 tv:0.000000 90: BCC
lcpuC PC:C732 (4C 02 CA) A:7C X:28 Y:7C P:04 S:F2 mem:002AEE52 13:18086 tv:0.000000 4C: JMP
lcpuC PC:CA02 (86 D8 85) A:7C X:28 Y:7C P:04 S:F2 mem:002AEE52 13:18083 tv:0.000000 86: STX zp
lcpuC PC:CA04 (85 D9 AE) A:7C X:28 Y:7C P:04 S:F2 mem:002AEE52 13:18080 tv:0.000001 85: STA zp
lcpuC PC:CA06 (AE 4A 03) A:7C X:28 Y:7C P:04 S:F2 mem:002AEE52 13:18077 tv:0.000001 AE: LDX abs
lcpuC PC:CA09 (AD 4B 03) A:7C X:28 Y:7C P:04 S:F2 mem:002AEE52 13:18073 tv:0.000001 AD: LDA abs
lcpuC PC:CA0C (A0 0E 48) A:7C X:28 Y:7C P:04 S:F2 mem:002AEE52 13:18069 tv:0.000000 A0: LDY imm
lcpuC PC:CA0E (48 AD 55) A:7C X:28 Y:0E P:04 S:F2 mem:002AEE52 13:18067 tv:0.000000 48: PHA
lcpuC PC:CA0F (AD 55 03) A:7C X:28 Y:0E P:04 S:F1 mem:002AEE08 13:18064 tv:0.000000 AD: LDA abs
lcpuC PC:CA12 (C9 07 68) A:07 X:28 Y:0E P:04 S:F1 mem:002AEE08 13:18060 tv:0.000001 C9: CMP imm
lcpuC PC:CA14 (68 B0 10) A:07 X:28 Y:0E P:07 S:F1 mem:002AEE08 13:18058 tv:0.000001 68: PLA
lcpuC PC:CA15 (B0 10 86) A:7C X:28 Y:0E P:05 S:F2 mem:002AEE08 13:18054 tv:0.000000 B0: BCS
lcpuC PC:CA27 (E9 74 49) A:7C X:28 Y:0E P:05 S:F2 mem:002AEE08 13:18051 tv:0.000000 E9: SBC imm
lcpuC PC:CA29 (49 20 8C) A:08 X:28 Y:0E P:05 S:F2 mem:002AEE08 13:18049 tv:0.000000 49: EOR imm
lcpuC PC:CA2B (8C 00 FE) A:28 X:28 Y:0E P:05 S:F2 mem:002AEE08 13:18047 tv:0.000000 8C: STY abs
here! 0x00000e 0x00ca2e 0xe6fa3010 0xcdde0ebc tv:0.000000 (cycle 18047  pc ~CA2B
writemem_ex! addr=FE00 val=0E
lcpuC PC:CA2E (8D 01 FE) A:28 X:28 Y:0E P:05 S:F2 mem:002AEE08 13:18043 tv:0.000007 8D: STA abs
here! 0x000028 0x00ca31 0xe6fa3010 0xcdde0ebc tv:0.000000 (cycle 18043  pc ~CA2E
writemem_ex! addr=FE01 val=28
lcpuC PC:CA31 (C8 8C 00) A:28 X:28 Y:0E P:05 S:F2 mem:002AEE08 13:18039 tv:0.000008 C8: INY
lcpuC PC:CA32 (8C 00 FE) A:28 X:28 Y:0F P:05 S:F2 mem:002AEE08 13:18037 tv:0.000001 8C: STY abs
here! 0x00000f 0x00ca35 0xe6fa3010 0xcdde0ebc tv:0.000001 (cycle 18037  pc ~CA32
writemem_ex! addr=FE00 val=0F
lcpuC PC:CA35 (8E 01 FE) A:28 X:28 Y:0F P:05 S:F2 mem:002AEE08 13:18033 tv:0.000007 8E: STX abs
here! 0x000028 0x00ca38 0xe6fa3010 0xcdde0ebc tv:0.000000 (cycle 18033  pc ~CA35
writemem_ex! addr=FE01 val=28
lcpuC PC:CA38 (60 20 81) A:28 X:28 Y:0F P:05 S:F2 mem:002AEE08 13:18029 tv:0.000006 60: RTS
lcpuC PC:C55B (28 90 03) A:28 X:28 Y:0F P:05 S:F4 mem:002AEE08 13:18023 tv:0.000001 28: PLP
lcpuC PC:C55C (90 03 A5) A:28 X:28 Y:0F P:07 S:F5 mem:002AEE08 13:18019 tv:0.000001 90: BCC
lcpuC PC:C55E (A5 D0 4A) A:28 X:28 Y:0F P:07 S:F5 mem:002AEE08 13:18017 tv:0.000001 A5: LDA zp
lcpuC PC:C560 (4A 24 D0) A:00 X:28 Y:0F P:07 S:F5 mem:002AEE08 13:18014 tv:0.000001 4A: LSR A
lcpuC PC:C561 (24 D0 50) A:00 X:28 Y:0F P:06 S:F5 mem:002AEE08 13:18012 tv:0.000001 24: BIT zp
lcpuC PC:C563 (50 AC 20) A:00 X:28 Y:0F P:06 S:F5 mem:002AEE08 13:18009 tv:0.000000 50: BVC
lcpuC PC:C511 (60 9D 24) A:00 X:28 Y:0F P:06 S:F5 mem:002AEE08 13:18006 tv:0.000000 60: RTS
lcpuC PC:E0C8 (A9 08 2C) A:00 X:28 Y:0F P:06 S:F7 mem:002AEE08 13:18000 tv:0.000001 A9: LDA imm
lcpuC PC:E0CA (2C 7C 02) A:08 X:28 Y:0F P:04 S:F7 mem:002AEE08 13:17998 tv:0.000001 2C: BIT abs
lcpuC PC:E0CD (D0 02 90) A:08 X:28 Y:0F P:06 S:F7 mem:002AEE08 13:17994 tv:0.000000 D0: BNE
lcpuC PC:E0CF (90 05 68) A:08 X:28 Y:0F P:06 S:F7 mem:002AEE08 13:17992 tv:0.000000 90: BCC
lcpuC PC:E0D6 (AD 7C 02) A:08 X:28 Y:0F P:06 S:F7 mem:002AEE08 13:17989 tv:0.000007 AD: LDA abs
lcpuC PC:E0D9 (6A 90 1B) A:00 X:28 Y:0F P:06 S:F7 mem:002AEE08 13:17985 tv:0.000000 6A: ROR A
lcpuC PC:E0DA (90 1B A4) A:00 X:28 Y:0F P:06 S:F7 mem:002AEE08 13:17983 tv:0.000000 90: BCC
lcpuC PC:E0F7 (A9 10 2C) A:00 X:28 Y:0F P:06 S:F7 mem:002AEE08 13:17980 tv:0.000000 A9: LDA imm
lcpuC PC:E0F9 (2C 7C 02) A:10 X:28 Y:0F P:04 S:F7 mem:002AEE08 13:17978 tv:0.000001 2C: BIT abs
lcpuC PC:E0FC (D0 0F AC) A:10 X:28 Y:0F P:06 S:F7 mem:002AEE08 13:17974 tv:0.000000 D0: BNE
lcpuC PC:E0FE (AC 57 02) A:10 X:28 Y:0F P:06 S:F7 mem:002AEE08 13:17972 tv:0.000001 AC: LDY abs
lcpuC PC:E101 (F0 0A 68) A:10 X:28 Y:00 P:06 S:F7 mem:002AEE08 13:17968 tv:0.000001 F0: BEQ
lcpuC PC:E10D (68 68 A8) A:10 X:28 Y:00 P:06 S:F7 mem:002AEE08 13:17965 tv:0.000001 68: PLA
lcpuC PC:E10E (68 A8 68) A:0D X:28 Y:00 P:04 S:F8 mem:002AEE08 13:17961 tv:0.000000 68: PLA
lcpuC PC:E10F (A8 68 AA) A:03 X:28 Y:00 P:04 S:F9 mem:002AEE08 13:17957 tv:0.000001 A8: TAY
lcpuC PC:E110 (68 AA 68) A:03 X:28 Y:03 P:04 S:F9 mem:002AEE08 13:17955 tv:0.000000 68: PLA
lcpuC PC:E111 (AA 68 60) A:FF X:28 Y:03 P:84 S:FA mem:002AEE08 13:17951 tv:0.000001 AA: TAX
lcpuC PC:E112 (68 60 2C) A:FF X:FF Y:03 P:84 S:FA mem:002AEE08 13:17949 tv:0.000000 68: PLA
lcpuC PC:E113 (60 2C 7C) A:0D X:FF Y:03 P:04 S:FB mem:002AEE08 13:17945 tv:0.000001 60: RTS
lcpuC PC:DEB7 (AA D0 F7) A:0D X:FF Y:03 P:04 S:FD mem:002AEE08 13:17939 tv:0.000001 AA: TAX
lcpuC PC:DEB8 (D0 F7 60) A:0D X:0D Y:03 P:04 S:FD mem:002AEE08 13:17937 tv:0.000000 D0: BNE
lcpuC PC:DEB1 (C8 B1 FD) A:0D X:0D Y:03 P:04 S:FD mem:002AEE08 13:17934 tv:0.000001 C8: INY
lcpuC PC:DEB2 (B1 FD 20) A:0D X:0D Y:04 P:04 S:FD mem:002AEE08 13:17932 tv:0.000000 B1: LDA (),y
lcpuC PC:DEB4 (20 E3 FF) A:42 X:0D Y:04 P:04 S:FD mem:002AEE08 13:17927 tv:0.000001 20: JSR
lcpuC PC:FFE3 (C9 0D D0) A:42 X:0D Y:04 P:04 S:FB mem:002AEE08 13:17921 tv:0.000000 C9: CMP imm
readmem_ex! addr=FFE4 val=0D
lcpuC PC:FFE5 (D0 07 A9) A:42 X:0D Y:04 P:05 S:FB mem:002AEE08 13:17919 tv:0.000003 D0: BNE
readmem_ex! addr=FFE6 val=07
lcpuC PC:FFEE (6C 0E 02) A:42 X:0D Y:04 P:05 S:FB mem:002AEE08 13:17916 tv:0.000004 6C: JMP ()
readmem_ex! addr=FFEF val=0E
readmem_ex! addr=FFF0 val=02
lcpuC PC:E0A4 (48 8A 48) A:42 X:0D Y:04 P:05 S:FB mem:002AEE08 13:17911 tv:0.000006 48: PHA
lcpuC PC:E0A5 (8A 48 98) A:42 X:0D Y:04 P:05 S:FA mem:002AEE3D 13:17908 tv:0.000000 8A: TXA
lcpuC PC:E0A6 (48 98 48) A:0D X:0D Y:04 P:05 S:FA mem:002AEE3D 13:17906 tv:0.000001 48: PHA
lcpuC PC:E0A7 (98 48 BA) A:0D X:0D Y:04 P:05 S:F9 mem:002AED4B 13:17903 tv:0.000001 98: TYA
lcpuC PC:E0A8 (48 BA BD) A:04 X:0D Y:04 P:05 S:F9 mem:002AED4B 13:17901 tv:0.000000 48: PHA
lcpuC PC:E0A9 (BA BD 03) A:04 X:0D Y:04 P:05 S:F8 mem:002AED4C 13:17898 tv:0.000000 BA: TSX
lcpuC PC:E0AA (BD 03 01) A:04 X:F8 Y:04 P:85 S:F8 mem:002AED4C 13:17896 tv:0.000001 BD: LDA abs,x
lcpuC PC:E0AD (48 2C 60) A:42 X:F8 Y:04 P:05 S:F8 mem:002AED4C 13:17892 tv:0.000000 48: PHA
lcpuC PC:E0AE (2C 60 02) A:42 X:F8 Y:04 P:05 S:F7 mem:002AED81 13:17889 tv:0.000001 2C: BIT abs
lcpuC PC:E0B1 (10 08 A8) A:42 X:F8 Y:04 P:07 S:F7 mem:002AED81 13:17885 tv:0.000001 10: BPL
lcpuC PC:E0BB (18 A9 02) A:42 X:F8 Y:04 P:07 S:F7 mem:002AED81 13:17882 tv:0.000000 18: CLC
lcpuC PC:E0BC (A9 02 2C) A:42 X:F8 Y:04 P:06 S:F7 mem:002AED81 13:17880 tv:0.000000 A9: LDA imm
lcpuC PC:E0BE (2C 7C 02) A:02 X:F8 Y:04 P:04 S:F7 mem:002AED81 13:17878 tv:0.000001 2C: BIT abs
lcpuC PC:E0C1 (D0 05 68) A:02 X:F8 Y:04 P:06 S:F7 mem:002AED81 13:17874 tv:0.000000 D0: BNE
lcpuC PC:E0C3 (68 48 20) A:02 X:F8 Y:04 P:06 S:F7 mem:002AED81 13:17872 tv:0.000001 68: PLA
lcpuC PC:E0C4 (48 20 C0) A:42 X:F8 Y:04 P:04 S:F8 mem:002AED81 13:17868 tv:0.000001 48: PHA
lcpuC PC:E0C5 (20 C0 C4) A:42 X:F8 Y:04 P:04 S:F7 mem:002AED81 13:17865 tv:0.000000 20: JSR
lcpuC PC:C4C0 (AE 6A 02) A:42 X:F8 Y:04 P:04 S:F5 mem:002AED81 13:17859 tv:0.000000 AE: LDX abs
lcpuC PC:C4C3 (D0 4D 24) A:42 X:00 Y:04 P:06 S:F5 mem:002AED81 13:17855 tv:0.000000 D0: BNE
lcpuC PC:C4C5 (24 D0 50) A:42 X:00 Y:04 P:06 S:F5 mem:002AED81 13:17853 tv:0.000000 24: BIT zp
lcpuC PC:C4C7 (50 0F 20) A:42 X:00 Y:04 P:06 S:F5 mem:002AED81 13:17850 tv:0.000001 50: BVC
lcpuC PC:C4D8 (C9 7F F0) A:42 X:00 Y:04 P:06 S:F5 mem:002AED81 13:17847 tv:0.000001 C9: CMP imm
lcpuC PC:C4DA (F0 11 C9) A:42 X:00 Y:04 P:84 S:F5 mem:002AED81 13:17845 tv:0.000000 F0: BEQ
lcpuC PC:C4DC (C9 20 90) A:42 X:00 Y:04 P:84 S:F5 mem:002AED81 13:17843 tv:0.000000 C9: CMP imm
lcpuC PC:C4DE (90 0F 24) A:42 X:00 Y:04 P:05 S:F5 mem:002AED81 13:17841 tv:0.000000 90: BCC
lcpuC PC:C4E0 (24 D0 30) A:42 X:00 Y:04 P:05 S:F5 mem:002AED81 13:17839 tv:0.000000 24: BIT zp
lcpuC PC:C4E2 (30 06 20) A:42 X:00 Y:04 P:07 S:F5 mem:002AED81 13:17836 tv:0.000000 30: BMI
lcpuC PC:C4E4 (20 B7 CF) A:42 X:00 Y:04 P:07 S:F5 mem:002AED81 13:17834 tv:0.000000 20: JSR
lcpuC PC:CFB7 (AE 60 03) A:42 X:00 Y:04 P:07 S:F3 mem:002AEE2F 13:17828 tv:0.000001 AE: LDX abs
lcpuC PC:CFBA (F0 20 20) A:42 X:00 Y:04 P:07 S:F3 mem:002AEE2F 13:17824 tv:0.000001 F0: BEQ
lcpuC PC:CFDC (A0 02 D9) A:42 X:00 Y:04 P:07 S:F3 mem:002AEE2F 13:17821 tv:0.000001 A0: LDY imm
lcpuC PC:CFDE (D9 B6 C4) A:42 X:00 Y:02 P:05 S:F3 mem:002AEE2F 13:17819 tv:0.000001 D9: CMP abs,y
lcpuC PC:CFE1 (F0 06 88) A:42 X:00 Y:02 P:84 S:F3 mem:002AEE2F 13:17815 tv:0.000001 F0: BEQ
lcpuC PC:CFE3 (88 10 F8) A:42 X:00 Y:02 P:84 S:F3 mem:002AEE2F 13:17813 tv:0.000000 88: DEY
lcpuC PC:CFE4 (10 F8 81) A:42 X:00 Y:01 P:04 S:F3 mem:002AEE2F 13:17811 tv:0.000000 10: BPL
lcpuC PC:CFDE (D9 B6 C4) A:42 X:00 Y:01 P:04 S:F3 mem:002AEE2F 13:17808 tv:0.000000 D9: CMP abs,y
lcpuC PC:CFE1 (F0 06 88) A:42 X:00 Y:01 P:84 S:F3 mem:002AEE2F 13:17804 tv:0.000001 F0: BEQ
lcpuC PC:CFE3 (88 10 F8) A:42 X:00 Y:01 P:84 S:F3 mem:002AEE2F 13:17802 tv:0.000001 88: DEY
lcpuC PC:CFE4 (10 F8 81) A:42 X:00 Y:00 P:06 S:F3 mem:002AEE2F 13:17800 tv:0.000001 10: BPL
lcpuC PC:CFDE (D9 B6 C4) A:42 X:00 Y:00 P:06 S:F3 mem:002AEE2F 13:17797 tv:0.000001 D9: CMP abs,y
lcpuC PC:CFE1 (F0 06 88) A:42 X:00 Y:00 P:05 S:F3 mem:002AEE2F 13:17793 tv:0.000001 F0: BEQ
lcpuC PC:CFE3 (88 10 F8) A:42 X:00 Y:00 P:05 S:F3 mem:002AEE2F 13:17791 tv:0.000000 88: DEY
lcpuC PC:CFE4 (10 F8 81) A:42 X:00 Y:FF P:85 S:F3 mem:002AEE2F 13:17789 tv:0.000001 10: BPL
lcpuC PC:CFE6 (81 D8 60) A:42 X:00 Y:FF P:85 S:F3 mem:002AEE2F 13:17787 tv:0.000000 81: STA (,x)
lcpuC PC:CFE8 (60 B9 B7) A:42 X:00 Y:FF P:85 S:F3 mem:002AEE51 13:17781 tv:0.000001 60: RTS
lcpuC PC:C4E7 (20 64 C6) A:42 X:00 Y:FF P:85 S:F5 mem:002AEE51 13:17775 tv:0.000000 20: JSR
lcpuC PC:C664 (A5 D0 29) A:42 X:00 Y:FF P:85 S:F3 mem:002AEE54 13:17769 tv:0.000001 A5: LDA zp
lcpuC PC:C666 (29 20 D0) A:00 X:00 Y:FF P:07 S:F3 mem:002AEE54 13:17766 tv:0.000000 29: AND
lcpuC PC:C668 (D0 4A AE) A:00 X:00 Y:FF P:07 S:F3 mem:002AEE54 13:17763 tv:0.000001 D0: BNE
lcpuC PC:C66A (AE 18 03) A:00 X:00 Y:FF P:07 S:F3 mem:002AEE54 13:17761 tv:0.000001 AE: LDX abs
lcpuC PC:C66D (EC 0A 03) A:00 X:00 Y:FF P:07 S:F3 mem:002AEE54 13:17757 tv:0.000000 EC: CPX abs
lcpuC PC:C670 (B0 12 EE) A:00 X:00 Y:FF P:84 S:F3 mem:002AEE54 13:17753 tv:0.000001 B0: BCS
lcpuC PC:C672 (EE 18 03) A:00 X:00 Y:FF P:84 S:F3 mem:002AEE54 13:17751 tv:0.000000 EE: INC abs
lcpuC PC:C675 (AD 4A 03) A:00 X:00 Y:FF P:04 S:F3 mem:002AEE55 13:17745 tv:0.000001 AD: LDA abs
lcpuC PC:C678 (6D 4F 03) A:28 X:00 Y:FF P:04 S:F3 mem:002AEE55 13:17741 tv:0.000001 6D: ADC abs
lcpuC PC:C67B (AA AD 4B) A:29 X:00 Y:FF P:04 S:F3 mem:002AEE55 13:17737 tv:0.000000 AA: TAX
lcpuC PC:C67C (AD 4B 03) A:29 X:29 Y:FF P:04 S:F3 mem:002AEE55 13:17735 tv:0.000000 AD: LDA abs
lcpuC PC:C67F (69 00 4C) A:7C X:29 Y:FF P:04 S:F3 mem:002AEE55 13:17731 tv:0.000008 69: ADC imm
lcpuC PC:C681 (4C F6 C9) A:7C X:29 Y:FF P:04 S:F3 mem:002AEE55 13:17729 tv:0.000001 4C: JMP
lcpuC PC:C9F6 (8E 4A 03) A:7C X:29 Y:FF P:04 S:F3 mem:002AEE55 13:17726 tv:0.000000 8E: STX abs
lcpuC PC:C9F9 (8D 4B 03) A:7C X:29 Y:FF P:04 S:F3 mem:002AEE56 13:17722 tv:0.000000 8D: STA abs
lcpuC PC:C9FC (10 04 38) A:7C X:29 Y:FF P:04 S:F3 mem:002AEE56 13:17718 tv:0.000000 10: BPL
lcpuC PC:CA02 (86 D8 85) A:7C X:29 Y:FF P:04 S:F3 mem:002AEE56 13:17715 tv:0.000001 86: STX zp
lcpuC PC:CA04 (85 D9 AE) A:7C X:29 Y:FF P:04 S:F3 mem:002AEE57 13:17712 tv:0.000000 85: STA zp
lcpuC PC:CA06 (AE 4A 03) A:7C X:29 Y:FF P:04 S:F3 mem:002AEE57 13:17709 tv:0.000000 AE: LDX abs
lcpuC PC:CA09 (AD 4B 03) A:7C X:29 Y:FF P:04 S:F3 mem:002AEE57 13:17705 tv:0.000001 AD: LDA abs
lcpuC PC:CA0C (A0 0E 48) A:7C X:29 Y:FF P:04 S:F3 mem:002AEE57 13:17701 tv:0.000000 A0: LDY imm
lcpuC PC:CA0E (48 AD 55) A:7C X:29 Y:0E P:04 S:F3 mem:002AEE57 13:17699 tv:0.000000 48: PHA
lcpuC PC:CA0F (AD 55 03) A:7C X:29 Y:0E P:04 S:F2 mem:002AEE79 13:17696 tv:0.000000 AD: LDA abs
lcpuC PC:CA12 (C9 07 68) A:07 X:29 Y:0E P:04 S:F2 mem:002AEE79 13:17692 tv:0.000001 C9: CMP imm
lcpuC PC:CA14 (68 B0 10) A:07 X:29 Y:0E P:07 S:F2 mem:002AEE79 13:17690 tv:0.000001 68: PLA
lcpuC PC:CA15 (B0 10 86) A:7C X:29 Y:0E P:05 S:F3 mem:002AEE79 13:17686 tv:0.000000 B0: BCS
lcpuC PC:CA27 (E9 74 49) A:7C X:29 Y:0E P:05 S:F3 mem:002AEE79 13:17683 tv:0.000001 E9: SBC imm
lcpuC PC:CA29 (49 20 8C) A:08 X:29 Y:0E P:05 S:F3 mem:002AEE79 13:17681 tv:0.000001 49: EOR imm
lcpuC PC:CA2B (8C 00 FE) A:28 X:29 Y:0E P:05 S:F3 mem:002AEE79 13:17679 tv:0.000000 8C: STY abs
here! 0x00000e 0x00ca2e 0xe6fa3010 0xcdde0ebc tv:0.000000 (cycle 17679  pc ~CA2B
writemem_ex! addr=FE00 val=0E
lcpuC PC:CA2E (8D 01 FE) A:28 X:29 Y:0E P:05 S:F3 mem:002AEE79 13:17675 tv:0.000007 8D: STA abs
here! 0x000028 0x00ca31 0xe6fa3010 0xcdde0ebc tv:0.000000 (cycle 17675  pc ~CA2E
writemem_ex! addr=FE01 val=28
lcpuC PC:CA31 (C8 8C 00) A:28 X:29 Y:0E P:05 S:F3 mem:002AEE79 13:17671 tv:0.000007 C8: INY
lcpuC PC:CA32 (8C 00 FE) A:28 X:29 Y:0F P:05 S:F3 mem:002AEE79 13:17669 tv:0.000001 8C: STY abs
here! 0x00000f 0x00ca35 0xe6fa3010 0xcdde0ebc tv:0.000000 (cycle 17669  pc ~CA32
writemem_ex! addr=FE00 val=0F
lcpuC PC:CA35 (8E 01 FE) A:28 X:29 Y:0F P:05 S:F3 mem:002AEE79 13:17665 tv:0.000006 8E: STX abs
here! 0x000029 0x00ca38 0xe6fa3010 0xcdde0ebc tv:0.000000 (cycle 17665  pc ~CA35
writemem_ex! addr=FE01 val=29
lcpuC PC:CA38 (60 20 81) A:28 X:29 Y:0F P:05 S:F3 mem:002AEE79 13:17661 tv:0.000007 60: RTS
lcpuC PC:C4EA (4C 5E C5) A:28 X:29 Y:0F P:05 S:F5 mem:002AEE79 13:17655 tv:0.000000 4C: JMP
lcpuC PC:C55E (A5 D0 4A) A:28 X:29 Y:0F P:05 S:F5 mem:002AEE79 13:17652 tv:0.000000 A5: LDA zp
lcpuC PC:C560 (4A 24 D0) A:00 X:29 Y:0F P:07 S:F5 mem:002AEE79 13:17649 tv:0.000001 4A: LSR A
lcpuC PC:C561 (24 D0 50) A:00 X:29 Y:0F P:06 S:F5 mem:002AEE79 13:17647 tv:0.000000 24: BIT zp
lcpuC PC:C563 (50 AC 20) A:00 X:29 Y:0F P:06 S:F5 mem:002AEE79 13:17644 tv:0.000001 50: BVC
lcpuC PC:C511 (60 9D 24) A:00 X:29 Y:0F P:06 S:F5 mem:002AEE79 13:17641 tv:0.000001 60: RTS
lcpuC PC:E0C8 (A9 08 2C) A:00 X:29 Y:0F P:06 S:F7 mem:002AEE79 13:17635 tv:0.000001 A9: LDA imm
lcpuC PC:E0CA (2C 7C 02) A:08 X:29 Y:0F P:04 S:F7 mem:002AEE79 13:17633 tv:0.000000 2C: BIT abs
lcpuC PC:E0CD (D0 02 90) A:08 X:29 Y:0F P:06 S:F7 mem:002AEE79 13:17629 tv:0.000001 D0: BNE
lcpuC PC:E0CF (90 05 68) A:08 X:29 Y:0F P:06 S:F7 mem:002AEE79 13:17627 tv:0.000000 90: BCC
lcpuC PC:E0D6 (AD 7C 02) A:08 X:29 Y:0F P:06 S:F7 mem:002AEE79 13:17624 tv:0.000001 AD: LDA abs
lcpuC PC:E0D9 (6A 90 1B) A:00 X:29 Y:0F P:06 S:F7 mem:002AEE79 13:17620 tv:0.000000 6A: ROR A
lcpuC PC:E0DA (90 1B A4) A:00 X:29 Y:0F P:06 S:F7 mem:002AEE79 13:17618 tv:0.000001 90: BCC
lcpuC PC:E0F7 (A9 10 2C) A:00 X:29 Y:0F P:06 S:F7 mem:002AEE79 13:17615 tv:0.000000 A9: LDA imm
lcpuC PC:E0F9 (2C 7C 02) A:10 X:29 Y:0F P:04 S:F7 mem:002AEE79 13:17613 tv:0.000000 2C: BIT abs
lcpuC PC:E0FC (D0 0F AC) A:10 X:29 Y:0F P:06 S:F7 mem:002AEE79 13:17609 tv:0.000000 D0: BNE
lcpuC PC:E0FE (AC 57 02) A:10 X:29 Y:0F P:06 S:F7 mem:002AEE79 13:17607 tv:0.000001 AC: LDY abs
lcpuC PC:E101 (F0 0A 68) A:10 X:29 Y:00 P:06 S:F7 mem:002AEE79 13:17603 tv:0.000000 F0: BEQ
lcpuC PC:E10D (68 68 A8) A:10 X:29 Y:00 P:06 S:F7 mem:002AEE79 13:17600 tv:0.000000 68: PLA
lcpuC PC:E10E (68 A8 68) A:42 X:29 Y:00 P:04 S:F8 mem:002AEE79 13:17596 tv:0.000000 68: PLA
lcpuC PC:E10F (A8 68 AA) A:04 X:29 Y:00 P:04 S:F9 mem:002AEE79 13:17592 tv:0.000001 A8: TAY
lcpuC PC:E110 (68 AA 68) A:04 X:29 Y:04 P:04 S:F9 mem:002AEE79 13:17590 tv:0.000000 68: PLA
lcpuC PC:E111 (AA 68 60) A:0D X:29 Y:04 P:04 S:FA mem:002AEE79 13:17586 tv:0.000000 AA: TAX
lcpuC PC:E112 (68 60 2C) A:0D X:0D Y:04 P:04 S:FA mem:002AEE79 13:17584 tv:0.000001 68: PLA
lcpuC PC:E113 (60 2C 7C) A:42 X:0D Y:04 P:04 S:FB mem:002AEE79 13:17580 tv:0.000001 60: RTS
lcpuC PC:DEB7 (AA D0 F7) A:42 X:0D Y:04 P:04 S:FD mem:002AEE79 13:17574 tv:0.000001 AA: TAX
lcpuC PC:DEB8 (D0 F7 60) A:42 X:42 Y:04 P:04 S:FD mem:002AEE79 13:17572 tv:0.000000 D0: BNE
lcpuC PC:DEB1 (C8 B1 FD) A:42 X:42 Y:04 P:04 S:FD mem:002AEE79 13:17569 tv:0.000000 C8: INY
lcpuC PC:DEB2 (B1 FD 20) A:42 X:42 Y:05 P:04 S:FD mem:002AEE79 13:17567 tv:0.000001 B1: LDA (),y
lcpuC PC:DEB4 (20 E3 FF) A:42 X:42 Y:05 P:04 S:FD mem:002AEE79 13:17562 tv:0.000001 20: JSR
lcpuC PC:FFE3 (C9 0D D0) A:42 X:42 Y:05 P:04 S:FB mem:002AEE79 13:17556 tv:0.000001 C9: CMP imm
readmem_ex! addr=FFE4 val=0D
lcpuC PC:FFE5 (D0 07 A9) A:42 X:42 Y:05 P:05 S:FB mem:002AEE79 13:17554 tv:0.000004 D0: BNE
readmem_ex! addr=FFE6 val=07
lcpuC PC:FFEE (6C 0E 02) A:42 X:42 Y:05 P:05 S:FB mem:002AEE79 13:17551 tv:0.000003 6C: JMP ()
readmem_ex! addr=FFEF val=0E
readmem_ex! addr=FFF0 val=02
lcpuC PC:E0A4 (48 8A 48) A:42 X:42 Y:05 P:05 S:FB mem:002AEE79 13:17546 tv:0.000006 48: PHA
lcpuC PC:E0A5 (8A 48 98) A:42 X:42 Y:05 P:05 S:FA mem:002AEE79 13:17543 tv:0.000001 8A: TXA
lcpuC PC:E0A6 (48 98 48) A:42 X:42 Y:05 P:05 S:FA mem:002AEE79 13:17541 tv:0.000000 48: PHA
lcpuC PC:E0A7 (98 48 BA) A:42 X:42 Y:05 P:05 S:F9 mem:002AEEAE 13:17538 tv:0.000000 98: TYA
lcpuC PC:E0A8 (48 BA BD) A:05 X:42 Y:05 P:05 S:F9 mem:002AEEAE 13:17536 tv:0.000001 48: PHA
lcpuC PC:E0A9 (BA BD 03) A:05 X:42 Y:05 P:05 S:F8 mem:002AEEAF 13:17533 tv:0.000000 BA: TSX
lcpuC PC:E0AA (BD 03 01) A:05 X:F8 Y:05 P:85 S:F8 mem:002AEEAF 13:17531 tv:0.000000 BD: LDA abs,x
lcpuC PC:E0AD (48 2C 60) A:42 X:F8 Y:05 P:05 S:F8 mem:002AEEAF 13:17527 tv:0.000001 48: PHA
lcpuC PC:E0AE (2C 60 02) A:42 X:F8 Y:05 P:05 S:F7 mem:002AEEAF 13:17524 tv:0.000001 2C: BIT abs
lcpuC PC:E0B1 (10 08 A8) A:42 X:F8 Y:05 P:07 S:F7 mem:002AEEAF 13:17520 tv:0.000001 10: BPL
lcpuC PC:E0BB (18 A9 02) A:42 X:F8 Y:05 P:07 S:F7 mem:002AEEAF 13:17517 tv:0.000001 18: CLC
lcpuC PC:E0BC (A9 02 2C) A:42 X:F8 Y:05 P:06 S:F7 mem:002AEEAF 13:17515 tv:0.000000 A9: LDA imm
lcpuC PC:E0BE (2C 7C 02) A:02 X:F8 Y:05 P:04 S:F7 mem:002AEEAF 13:17513 tv:0.000001 2C: BIT abs
lcpuC PC:E0C1 (D0 05 68) A:02 X:F8 Y:05 P:06 S:F7 mem:002AEEAF 13:17509 tv:0.000000 D0: BNE
lcpuC PC:E0C3 (68 48 20) A:02 X:F8 Y:05 P:06 S:F7 mem:002AEEAF 13:17507 tv:0.000000 68: PLA
lcpuC PC:E0C4 (48 20 C0) A:42 X:F8 Y:05 P:04 S:F8 mem:002AEEAF 13:17503 tv:0.000000 48: PHA
lcpuC PC:E0C5 (20 C0 C4) A:42 X:F8 Y:05 P:04 S:F7 mem:002AEEAF 13:17500 tv:0.000001 20: JSR
lcpuC PC:C4C0 (AE 6A 02) A:42 X:F8 Y:05 P:04 S:F5 mem:002AEEAF 13:17494 tv:0.000000 AE: LDX abs
lcpuC PC:C4C3 (D0 4D 24) A:42 X:00 Y:05 P:06 S:F5 mem:002AEEAF 13:17490 tv:0.000001 D0: BNE
lcpuC PC:C4C5 (24 D0 50) A:42 X:00 Y:05 P:06 S:F5 mem:002AEEAF 13:17488 tv:0.000000 24: BIT zp
lcpuC PC:C4C7 (50 0F 20) A:42 X:00 Y:05 P:06 S:F5 mem:002AEEAF 13:17485 tv:0.000000 50: BVC
lcpuC PC:C4D8 (C9 7F F0) A:42 X:00 Y:05 P:06 S:F5 mem:002AEEAF 13:17482 tv:0.000001 C9: CMP imm
lcpuC PC:C4DA (F0 11 C9) A:42 X:00 Y:05 P:84 S:F5 mem:002AEEAF 13:17480 tv:0.000001 F0: BEQ
lcpuC PC:C4DC (C9 20 90) A:42 X:00 Y:05 P:84 S:F5 mem:002AEEAF 13:17478 tv:0.000001 C9: CMP imm
lcpuC PC:C4DE (90 0F 24) A:42 X:00 Y:05 P:05 S:F5 mem:002AEEAF 13:17476 tv:0.000007 90: BCC
lcpuC PC:C4E0 (24 D0 30) A:42 X:00 Y:05 P:05 S:F5 mem:002AEEAF 13:17474 tv:0.000000 24: BIT zp
lcpuC PC:C4E2 (30 06 20) A:42 X:00 Y:05 P:07 S:F5 mem:002AEEAF 13:17471 tv:0.000000 30: BMI
lcpuC PC:C4E4 (20 B7 CF) A:42 X:00 Y:05 P:07 S:F5 mem:002AEEAF 13:17469 tv:0.000000 20: JSR
lcpuC PC:CFB7 (AE 60 03) A:42 X:00 Y:05 P:07 S:F3 mem:002AEEAC 13:17463 tv:0.000001 AE: LDX abs
lcpuC PC:CFBA (F0 20 20) A:42 X:00 Y:05 P:07 S:F3 mem:002AEEAC 13:17459 tv:0.000001 F0: BEQ
lcpuC PC:CFDC (A0 02 D9) A:42 X:00 Y:05 P:07 S:F3 mem:002AEEAC 13:17456 tv:0.000000 A0: LDY imm
lcpuC PC:CFDE (D9 B6 C4) A:42 X:00 Y:02 P:05 S:F3 mem:002AEEAC 13:17454 tv:0.000001 D9: CMP abs,y
lcpuC PC:CFE1 (F0 06 88) A:42 X:00 Y:02 P:84 S:F3 mem:002AEEAC 13:17450 tv:0.000001 F0: BEQ
lcpuC PC:CFE3 (88 10 F8) A:42 X:00 Y:02 P:84 S:F3 mem:002AEEAC 13:17448 tv:0.000001 88: DEY
lcpuC PC:CFE4 (10 F8 81) A:42 X:00 Y:01 P:04 S:F3 mem:002AEEAC 13:17446 tv:0.000000 10: BPL
lcpuC PC:CFDE (D9 B6 C4) A:42 X:00 Y:01 P:04 S:F3 mem:002AEEAC 13:17443 tv:0.000001 D9: CMP abs,y
lcpuC PC:CFE1 (F0 06 88) A:42 X:00 Y:01 P:84 S:F3 mem:002AEEAC 13:17439 tv:0.000001 F0: BEQ
lcpuC PC:CFE3 (88 10 F8) A:42 X:00 Y:01 P:84 S:F3 mem:002AEEAC 13:17437 tv:0.000000 88: DEY
lcpuC PC:CFE4 (10 F8 81) A:42 X:00 Y:00 P:06 S:F3 mem:002AEEAC 13:17435 tv:0.000000 10: BPL
lcpuC PC:CFDE (D9 B6 C4) A:42 X:00 Y:00 P:06 S:F3 mem:002AEEAC 13:17432 tv:0.000001 D9: CMP abs,y
lcpuC PC:CFE1 (F0 06 88) A:42 X:00 Y:00 P:05 S:F3 mem:002AEEAC 13:17428 tv:0.000001 F0: BEQ
lcpuC PC:CFE3 (88 10 F8) A:42 X:00 Y:00 P:05 S:F3 mem:002AEEAC 13:17426 tv:0.000000 88: DEY
lcpuC PC:CFE4 (10 F8 81) A:42 X:00 Y:FF P:85 S:F3 mem:002AEEAC 13:17424 tv:0.000000 10: BPL
lcpuC PC:CFE6 (81 D8 60) A:42 X:00 Y:FF P:85 S:F3 mem:002AEEAC 13:17422 tv:0.000001 81: STA (,x)
lcpuC PC:CFE8 (60 B9 B7) A:42 X:00 Y:FF P:85 S:F3 mem:002AEECE 13:17416 tv:0.000001 60: RTS
lcpuC PC:C4E7 (20 64 C6) A:42 X:00 Y:FF P:85 S:F5 mem:002AEECE 13:17410 tv:0.000000 20: JSR
lcpuC PC:C664 (A5 D0 29) A:42 X:00 Y:FF P:85 S:F3 mem:002AEED1 13:17404 tv:0.000001 A5: LDA zp
lcpuC PC:C666 (29 20 D0) A:00 X:00 Y:FF P:07 S:F3 mem:002AEED1 13:17401 tv:0.000000 29: AND
lcpuC PC:C668 (D0 4A AE) A:00 X:00 Y:FF P:07 S:F3 mem:002AEED1 13:17398 tv:0.000001 D0: BNE
lcpuC PC:C66A (AE 18 03) A:00 X:00 Y:FF P:07 S:F3 mem:002AEED1 13:17396 tv:0.000000 AE: LDX abs
lcpuC PC:C66D (EC 0A 03) A:00 X:01 Y:FF P:05 S:F3 mem:002AEED1 13:17392 tv:0.000001 EC: CPX abs
lcpuC PC:C670 (B0 12 EE) A:00 X:01 Y:FF P:84 S:F3 mem:002AEED1 13:17388 tv:0.000001 B0: BCS
lcpuC PC:C672 (EE 18 03) A:00 X:01 Y:FF P:84 S:F3 mem:002AEED1 13:17386 tv:0.000001 EE: INC abs
lcpuC PC:C675 (AD 4A 03) A:00 X:01 Y:FF P:04 S:F3 mem:002AEED2 13:17380 tv:0.000001 AD: LDA abs
lcpuC PC:C678 (6D 4F 03) A:29 X:01 Y:FF P:04 S:F3 mem:002AEED2 13:17376 tv:0.000000 6D: ADC abs
lcpuC PC:C67B (AA AD 4B) A:2A X:01 Y:FF P:04 S:F3 mem:002AEED2 13:17372 tv:0.000002 AA: TAX
lcpuC PC:C67C (AD 4B 03) A:2A X:2A Y:FF P:04 S:F3 mem:002AEED2 13:17370 tv:0.000001 AD: LDA abs
lcpuC PC:C67F (69 00 4C) A:7C X:2A Y:FF P:04 S:F3 mem:002AEED2 13:17366 tv:0.000001 69: ADC imm
lcpuC PC:C681 (4C F6 C9) A:7C X:2A Y:FF P:04 S:F3 mem:002AEED2 13:17364 tv:0.000000 4C: JMP
lcpuC PC:C9F6 (8E 4A 03) A:7C X:2A Y:FF P:04 S:F3 mem:002AEED2 13:17361 tv:0.000001 8E: STX abs
lcpuC PC:C9F9 (8D 4B 03) A:7C X:2A Y:FF P:04 S:F3 mem:002AEED3 13:17357 tv:0.000000 8D: STA abs
lcpuC PC:C9FC (10 04 38) A:7C X:2A Y:FF P:04 S:F3 mem:002AEED3 13:17353 tv:0.000001 10: BPL
lcpuC PC:CA02 (86 D8 85) A:7C X:2A Y:FF P:04 S:F3 mem:002AEED3 13:17350 tv:0.000001 86: STX zp
lcpuC PC:CA04 (85 D9 AE) A:7C X:2A Y:FF P:04 S:F3 mem:002AEED4 13:17347 tv:0.000001 85: STA zp
lcpuC PC:CA06 (AE 4A 03) A:7C X:2A Y:FF P:04 S:F3 mem:002AEED4 13:17344 tv:0.000000 AE: LDX abs
lcpuC PC:CA09 (AD 4B 03) A:7C X:2A Y:FF P:04 S:F3 mem:002AEED4 13:17340 tv:0.000001 AD: LDA abs
lcpuC PC:CA0C (A0 0E 48) A:7C X:2A Y:FF P:04 S:F3 mem:002AEED4 13:17336 tv:0.000000 A0: LDY imm
lcpuC PC:CA0E (48 AD 55) A:7C X:2A Y:0E P:04 S:F3 mem:002AEED4 13:17334 tv:0.000000 48: PHA
lcpuC PC:CA0F (AD 55 03) A:7C X:2A Y:0E P:04 S:F2 mem:002AEED4 13:17331 tv:0.000000 AD: LDA abs
lcpuC PC:CA12 (C9 07 68) A:07 X:2A Y:0E P:04 S:F2 mem:002AEED4 13:17327 tv:0.000000 C9: CMP imm
lcpuC PC:CA14 (68 B0 10) A:07 X:2A Y:0E P:07 S:F2 mem:002AEED4 13:17325 tv:0.000000 68: PLA
lcpuC PC:CA15 (B0 10 86) A:7C X:2A Y:0E P:05 S:F3 mem:002AEED4 13:17321 tv:0.000001 B0: BCS
lcpuC PC:CA27 (E9 74 49) A:7C X:2A Y:0E P:05 S:F3 mem:002AEED4 13:17318 tv:0.000001 E9: SBC imm
lcpuC PC:CA29 (49 20 8C) A:08 X:2A Y:0E P:05 S:F3 mem:002AEED4 13:17316 tv:0.000000 49: EOR imm
lcpuC PC:CA2B (8C 00 FE) A:28 X:2A Y:0E P:05 S:F3 mem:002AEED4 13:17314 tv:0.000001 8C: STY abs
here! 0x00000e 0x00ca2e 0xe6fa3010 0xcdde0ebc tv:0.000000 (cycle 17314  pc ~CA2B
writemem_ex! addr=FE00 val=0E
lcpuC PC:CA2E (8D 01 FE) A:28 X:2A Y:0E P:05 S:F3 mem:002AEED4 13:17310 tv:0.000007 8D: STA abs
here! 0x000028 0x00ca31 0xe6fa3010 0xcdde0ebc tv:0.000000 (cycle 17310  pc ~CA2E
writemem_ex! addr=FE01 val=28
lcpuC PC:CA31 (C8 8C 00) A:28 X:2A Y:0E P:05 S:F3 mem:002AEED4 13:17306 tv:0.000007 C8: INY
lcpuC PC:CA32 (8C 00 FE) A:28 X:2A Y:0F P:05 S:F3 mem:002AEED4 13:17304 tv:0.000000 8C: STY abs
here! 0x00000f 0x00ca35 0xe6fa3010 0xcdde0ebc tv:0.000000 (cycle 17304  pc ~CA32
writemem_ex! addr=FE00 val=0F
lcpuC PC:CA35 (8E 01 FE) A:28 X:2A Y:0F P:05 S:F3 mem:002AEED4 13:17300 tv:0.000012 8E: STX abs
here! 0x00002a 0x00ca38 0xe6fa3010 0xcdde0ebc tv:0.000000 (cycle 17300  pc ~CA35
writemem_ex! addr=FE01 val=2A
lcpuC PC:CA38 (60 20 81) A:28 X:2A Y:0F P:05 S:F3 mem:002AEED4 13:17296 tv:0.000006 60: RTS
lcpuC PC:C4EA (4C 5E C5) A:28 X:2A Y:0F P:05 S:F5 mem:002AEED4 13:17290 tv:0.000001 4C: JMP
lcpuC PC:C55E (A5 D0 4A) A:28 X:2A Y:0F P:05 S:F5 mem:002AEED4 13:17287 tv:0.000000 A5: LDA zp
lcpuC PC:C560 (4A 24 D0) A:00 X:2A Y:0F P:07 S:F5 mem:002AEED4 13:17284 tv:0.000001 4A: LSR A
lcpuC PC:C561 (24 D0 50) A:00 X:2A Y:0F P:06 S:F5 mem:002AEED4 13:17282 tv:0.000002 24: BIT zp
lcpuC PC:C563 (50 AC 20) A:00 X:2A Y:0F P:06 S:F5 mem:002AEED4 13:17279 tv:0.000001 50: BVC
lcpuC PC:C511 (60 9D 24) A:00 X:2A Y:0F P:06 S:F5 mem:002AEED4 13:17276 tv:0.000000 60: RTS
lcpuC PC:E0C8 (A9 08 2C) A:00 X:2A Y:0F P:06 S:F7 mem:002AEED4 13:17270 tv:0.000001 A9: LDA imm
lcpuC PC:E0CA (2C 7C 02) A:08 X:2A Y:0F P:04 S:F7 mem:002AEED4 13:17268 tv:0.000001 2C: BIT abs
lcpuC PC:E0CD (D0 02 90) A:08 X:2A Y:0F P:06 S:F7 mem:002AEED4 13:17264 tv:0.000000 D0: BNE
lcpuC PC:E0CF (90 05 68) A:08 X:2A Y:0F P:06 S:F7 mem:002AEED4 13:17262 tv:0.000001 90: BCC
lcpuC PC:E0D6 (AD 7C 02) A:08 X:2A Y:0F P:06 S:F7 mem:002AEED4 13:17259 tv:0.000000 AD: LDA abs
lcpuC PC:E0D9 (6A 90 1B) A:00 X:2A Y:0F P:06 S:F7 mem:002AEED4 13:17255 tv:0.000001 6A: ROR A
lcpuC PC:E0DA (90 1B A4) A:00 X:2A Y:0F P:06 S:F7 mem:002AEED4 13:17253 tv:0.000000 90: BCC
lcpuC PC:E0F7 (A9 10 2C) A:00 X:2A Y:0F P:06 S:F7 mem:002AEED4 13:17250 tv:0.000001 A9: LDA imm
lcpuC PC:E0F9 (2C 7C 02) A:10 X:2A Y:0F P:04 S:F7 mem:002AEED4 13:17248 tv:0.000001 2C: BIT abs
lcpuC PC:E0FC (D0 0F AC) A:10 X:2A Y:0F P:06 S:F7 mem:002AEED4 13:17244 tv:0.000000 D0: BNE
lcpuC PC:E0FE (AC 57 02) A:10 X:2A Y:0F P:06 S:F7 mem:002AEED4 13:17242 tv:0.000001 AC: LDY abs
lcpuC PC:E101 (F0 0A 68) A:10 X:2A Y:00 P:06 S:F7 mem:002AEED4 13:17238 tv:0.000001 F0: BEQ
lcpuC PC:E10D (68 68 A8) A:10 X:2A Y:00 P:06 S:F7 mem:002AEED4 13:17235 tv:0.000001 68: PLA
lcpuC PC:E10E (68 A8 68) A:42 X:2A Y:00 P:04 S:F8 mem:002AEED4 13:17231 tv:0.000001 68: PLA
lcpuC PC:E10F (A8 68 AA) A:05 X:2A Y:00 P:04 S:F9 mem:002AEED4 13:17227 tv:0.000001 A8: TAY
lcpuC PC:E110 (68 AA 68) A:05 X:2A Y:05 P:04 S:F9 mem:002AEED4 13:17225 tv:0.000000 68: PLA
lcpuC PC:E111 (AA 68 60) A:42 X:2A Y:05 P:04 S:FA mem:002AEED4 13:17221 tv:0.000006 AA: TAX
lcpuC PC:E112 (68 60 2C) A:42 X:42 Y:05 P:04 S:FA mem:002AEED4 13:17219 tv:0.000000 68: PLA
lcpuC PC:E113 (60 2C 7C) A:42 X:42 Y:05 P:04 S:FB mem:002AEED4 13:17215 tv:0.000000 60: RTS
lcpuC PC:DEB7 (AA D0 F7) A:42 X:42 Y:05 P:04 S:FD mem:002AEED4 13:17209 tv:0.000000 AA: TAX
lcpuC PC:DEB8 (D0 F7 60) A:42 X:42 Y:05 P:04 S:FD mem:002AEED4 13:17207 tv:0.000000 D0: BNE
lcpuC PC:DEB1 (C8 B1 FD) A:42 X:42 Y:05 P:04 S:FD mem:002AEED4 13:17204 tv:0.000000 C8: INY
lcpuC PC:DEB2 (B1 FD 20) A:42 X:42 Y:06 P:04 S:FD mem:002AEED4 13:17202 tv:0.000000 B1: LDA (),y
lcpuC PC:DEB4 (20 E3 FF) A:43 X:42 Y:06 P:04 S:FD mem:002AEED4 13:17197 tv:0.000001 20: JSR
lcpuC PC:FFE3 (C9 0D D0) A:43 X:42 Y:06 P:04 S:FB mem:002AEED4 13:17191 tv:0.000000 C9: CMP imm
readmem_ex! addr=FFE4 val=0D
lcpuC PC:FFE5 (D0 07 A9) A:43 X:42 Y:06 P:05 S:FB mem:002AEED4 13:17189 tv:0.000003 D0: BNE
readmem_ex! addr=FFE6 val=07
lcpuC PC:FFEE (6C 0E 02) A:43 X:42 Y:06 P:05 S:FB mem:002AEED4 13:17186 tv:0.000004 6C: JMP ()
readmem_ex! addr=FFEF val=0E
readmem_ex! addr=FFF0 val=02
lcpuC PC:E0A4 (48 8A 48) A:43 X:42 Y:06 P:05 S:FB mem:002AEED4 13:17181 tv:0.000006 48: PHA
lcpuC PC:E0A5 (8A 48 98) A:43 X:42 Y:06 P:05 S:FA mem:002AEED5 13:17178 tv:0.000000 8A: TXA
lcpuC PC:E0A6 (48 98 48) A:42 X:42 Y:06 P:05 S:FA mem:002AEED5 13:17176 tv:0.000001 48: PHA
lcpuC PC:E0A7 (98 48 BA) A:42 X:42 Y:06 P:05 S:F9 mem:002AEED5 13:17173 tv:0.000001 98: TYA
lcpuC PC:E0A8 (48 BA BD) A:06 X:42 Y:06 P:05 S:F9 mem:002AEED5 13:17171 tv:0.000000 48: PHA
lcpuC PC:E0A9 (BA BD 03) A:06 X:42 Y:06 P:05 S:F8 mem:002AEED6 13:17168 tv:0.000000 BA: TSX
lcpuC PC:E0AA (BD 03 01) A:06 X:F8 Y:06 P:85 S:F8 mem:002AEED6 13:17166 tv:0.000001 BD: LDA abs,x
lcpuC PC:E0AD (48 2C 60) A:43 X:F8 Y:06 P:05 S:F8 mem:002AEED6 13:17162 tv:0.000001 48: PHA
lcpuC PC:E0AE (2C 60 02) A:43 X:F8 Y:06 P:05 S:F7 mem:002AEED7 13:17159 tv:0.000000 2C: BIT abs
lcpuC PC:E0B1 (10 08 A8) A:43 X:F8 Y:06 P:07 S:F7 mem:002AEED7 13:17155 tv:0.000001 10: BPL
lcpuC PC:E0BB (18 A9 02) A:43 X:F8 Y:06 P:07 S:F7 mem:002AEED7 13:17152 tv:0.000001 18: CLC
lcpuC PC:E0BC (A9 02 2C) A:43 X:F8 Y:06 P:06 S:F7 mem:002AEED7 13:17150 tv:0.000000 A9: LDA imm
lcpuC PC:E0BE (2C 7C 02) A:02 X:F8 Y:06 P:04 S:F7 mem:002AEED7 13:17148 tv:0.000001 2C: BIT abs
lcpuC PC:E0C1 (D0 05 68) A:02 X:F8 Y:06 P:06 S:F7 mem:002AEED7 13:17144 tv:0.000001 D0: BNE
lcpuC PC:E0C3 (68 48 20) A:02 X:F8 Y:06 P:06 S:F7 mem:002AEED7 13:17142 tv:0.000000 68: PLA
lcpuC PC:E0C4 (48 20 C0) A:43 X:F8 Y:06 P:04 S:F8 mem:002AEED7 13:17138 tv:0.000001 48: PHA
lcpuC PC:E0C5 (20 C0 C4) A:43 X:F8 Y:06 P:04 S:F7 mem:002AEED7 13:17135 tv:0.000001 20: JSR
lcpuC PC:C4C0 (AE 6A 02) A:43 X:F8 Y:06 P:04 S:F5 mem:002AEED7 13:17129 tv:0.000001 AE: LDX abs
lcpuC PC:C4C3 (D0 4D 24) A:43 X:00 Y:06 P:06 S:F5 mem:002AEED7 13:17125 tv:0.000000 D0: BNE
lcpuC PC:C4C5 (24 D0 50) A:43 X:00 Y:06 P:06 S:F5 mem:002AEED7 13:17123 tv:0.000001 24: BIT zp
lcpuC PC:C4C7 (50 0F 20) A:43 X:00 Y:06 P:06 S:F5 mem:002AEED7 13:17120 tv:0.000000 50: BVC
lcpuC PC:C4D8 (C9 7F F0) A:43 X:00 Y:06 P:06 S:F5 mem:002AEED7 13:17117 tv:0.000001 C9: CMP imm
lcpuC PC:C4DA (F0 11 C9) A:43 X:00 Y:06 P:84 S:F5 mem:002AEED7 13:17115 tv:0.000000 F0: BEQ
lcpuC PC:C4DC (C9 20 90) A:43 X:00 Y:06 P:84 S:F5 mem:002AEED7 13:17113 tv:0.000000 C9: CMP imm
lcpuC PC:C4DE (90 0F 24) A:43 X:00 Y:06 P:05 S:F5 mem:002AEED7 13:17111 tv:0.000000 90: BCC
lcpuC PC:C4E0 (24 D0 30) A:43 X:00 Y:06 P:05 S:F5 mem:002AEED7 13:17109 tv:0.000001 24: BIT zp
lcpuC PC:C4E2 (30 06 20) A:43 X:00 Y:06 P:07 S:F5 mem:002AEED7 13:17106 tv:0.000000 30: BMI
lcpuC PC:C4E4 (20 B7 CF) A:43 X:00 Y:06 P:07 S:F5 mem:002AEED7 13:17104 tv:0.000001 20: JSR
lcpuC PC:CFB7 (AE 60 03) A:43 X:00 Y:06 P:07 S:F3 mem:002AEED4 13:17098 tv:0.000001 AE: LDX abs
lcpuC PC:CFBA (F0 20 20) A:43 X:00 Y:06 P:07 S:F3 mem:002AEED4 13:17094 tv:0.000001 F0: BEQ
lcpuC PC:CFDC (A0 02 D9) A:43 X:00 Y:06 P:07 S:F3 mem:002AEED4 13:17091 tv:0.000000 A0: LDY imm
lcpuC PC:CFDE (D9 B6 C4) A:43 X:00 Y:02 P:05 S:F3 mem:002AEED4 13:17089 tv:0.000001 D9: CMP abs,y
lcpuC PC:CFE1 (F0 06 88) A:43 X:00 Y:02 P:84 S:F3 mem:002AEED4 13:17085 tv:0.000000 F0: BEQ
lcpuC PC:CFE3 (88 10 F8) A:43 X:00 Y:02 P:84 S:F3 mem:002AEED4 13:17083 tv:0.000001 88: DEY
lcpuC PC:CFE4 (10 F8 81) A:43 X:00 Y:01 P:04 S:F3 mem:002AEED4 13:17081 tv:0.000000 10: BPL
lcpuC PC:CFDE (D9 B6 C4) A:43 X:00 Y:01 P:04 S:F3 mem:002AEED4 13:17078 tv:0.000001 D9: CMP abs,y
lcpuC PC:CFE1 (F0 06 88) A:43 X:00 Y:01 P:84 S:F3 mem:002AEED4 13:17074 tv:0.000000 F0: BEQ
lcpuC PC:CFE3 (88 10 F8) A:43 X:00 Y:01 P:84 S:F3 mem:002AEED4 13:17072 tv:0.000001 88: DEY
lcpuC PC:CFE4 (10 F8 81) A:43 X:00 Y:00 P:06 S:F3 mem:002AEED4 13:17070 tv:0.000001 10: BPL
lcpuC PC:CFDE (D9 B6 C4) A:43 X:00 Y:00 P:06 S:F3 mem:002AEED4 13:17067 tv:0.000000 D9: CMP abs,y
lcpuC PC:CFE1 (F0 06 88) A:43 X:00 Y:00 P:05 S:F3 mem:002AEED4 13:17063 tv:0.000001 F0: BEQ
lcpuC PC:CFE3 (88 10 F8) A:43 X:00 Y:00 P:05 S:F3 mem:002AEED4 13:17061 tv:0.000001 88: DEY
lcpuC PC:CFE4 (10 F8 81) A:43 X:00 Y:FF P:85 S:F3 mem:002AEED4 13:17059 tv:0.000000 10: BPL
lcpuC PC:CFE6 (81 D8 60) A:43 X:00 Y:FF P:85 S:F3 mem:002AEED4 13:17057 tv:0.000000 81: STA (,x)
lcpuC PC:CFE8 (60 B9 B7) A:43 X:00 Y:FF P:85 S:F3 mem:002AEEF7 13:17051 tv:0.000001 60: RTS
lcpuC PC:C4E7 (20 64 C6) A:43 X:00 Y:FF P:85 S:F5 mem:002AEEF7 13:17045 tv:0.000001 20: JSR
lcpuC PC:C664 (A5 D0 29) A:43 X:00 Y:FF P:85 S:F3 mem:002AEEFA 13:17039 tv:0.000001 A5: LDA zp
lcpuC PC:C666 (29 20 D0) A:00 X:00 Y:FF P:07 S:F3 mem:002AEEFA 13:17036 tv:0.000001 29: AND
lcpuC PC:C668 (D0 4A AE) A:00 X:00 Y:FF P:07 S:F3 mem:002AEEFA 13:17033 tv:0.000000 D0: BNE
lcpuC PC:C66A (AE 18 03) A:00 X:00 Y:FF P:07 S:F3 mem:002AEEFA 13:17031 tv:0.000001 AE: LDX abs
lcpuC PC:C66D (EC 0A 03) A:00 X:02 Y:FF P:05 S:F3 mem:002AEEFA 13:17027 tv:0.000001 EC: CPX abs
lcpuC PC:C670 (B0 12 EE) A:00 X:02 Y:FF P:84 S:F3 mem:002AEEFA 13:17023 tv:0.000000 B0: BCS
lcpuC PC:C672 (EE 18 03) A:00 X:02 Y:FF P:84 S:F3 mem:002AEEFA 13:17021 tv:0.000001 EE: INC abs
lcpuC PC:C675 (AD 4A 03) A:00 X:02 Y:FF P:04 S:F3 mem:002AEEFB 13:17015 tv:0.000001 AD: LDA abs
lcpuC PC:C678 (6D 4F 03) A:2A X:02 Y:FF P:04 S:F3 mem:002AEEFB 13:17011 tv:0.000001 6D: ADC abs
lcpuC PC:C67B (AA AD 4B) A:2B X:02 Y:FF P:04 S:F3 mem:002AEEFB 13:17007 tv:0.000000 AA: TAX
lcpuC PC:C67C (AD 4B 03) A:2B X:2B Y:FF P:04 S:F3 mem:002AEEFB 13:17005 tv:0.000000 AD: LDA abs
lcpuC PC:C67F (69 00 4C) A:7C X:2B Y:FF P:04 S:F3 mem:002AEEFB 13:17001 tv:0.000002 69: ADC imm
lcpuC PC:C681 (4C F6 C9) A:7C X:2B Y:FF P:04 S:F3 mem:002AEEFB 13:16999 tv:0.000000 4C: JMP
lcpuC PC:C9F6 (8E 4A 03) A:7C X:2B Y:FF P:04 S:F3 mem:002AEEFB 13:16996 tv:0.000001 8E: STX abs
lcpuC PC:C9F9 (8D 4B 03) A:7C X:2B Y:FF P:04 S:F3 mem:002AEEFC 13:16992 tv:0.000001 8D: STA abs
lcpuC PC:C9FC (10 04 38) A:7C X:2B Y:FF P:04 S:F3 mem:002AEEFC 13:16988 tv:0.000001 10: BPL
lcpuC PC:CA02 (86 D8 85) A:7C X:2B Y:FF P:04 S:F3 mem:002AEEFC 13:16985 tv:0.000001 86: STX zp
lcpuC PC:CA04 (85 D9 AE) A:7C X:2B Y:FF P:04 S:F3 mem:002AEEFD 13:16982 tv:0.000000 85: STA zp
lcpuC PC:CA06 (AE 4A 03) A:7C X:2B Y:FF P:04 S:F3 mem:002AEEFD 13:16979 tv:0.000000 AE: LDX abs
lcpuC PC:CA09 (AD 4B 03) A:7C X:2B Y:FF P:04 S:F3 mem:002AEEFD 13:16975 tv:0.000000 AD: LDA abs
lcpuC PC:CA0C (A0 0E 48) A:7C X:2B Y:FF P:04 S:F3 mem:002AEEFD 13:16971 tv:0.000001 A0: LDY imm
lcpuC PC:CA0E (48 AD 55) A:7C X:2B Y:0E P:04 S:F3 mem:002AEEFD 13:16969 tv:0.000000 48: PHA
lcpuC PC:CA0F (AD 55 03) A:7C X:2B Y:0E P:04 S:F2 mem:002AEEFD 13:16966 tv:0.000001 AD: LDA abs
lcpuC PC:CA12 (C9 07 68) A:07 X:2B Y:0E P:04 S:F2 mem:002AEEFD 13:16962 tv:0.000006 C9: CMP imm
lcpuC PC:CA14 (68 B0 10) A:07 X:2B Y:0E P:07 S:F2 mem:002AEEFD 13:16960 tv:0.000001 68: PLA
lcpuC PC:CA15 (B0 10 86) A:7C X:2B Y:0E P:05 S:F3 mem:002AEEFD 13:16956 tv:0.000000 B0: BCS
lcpuC PC:CA27 (E9 74 49) A:7C X:2B Y:0E P:05 S:F3 mem:002AEEFD 13:16953 tv:0.000001 E9: SBC imm
lcpuC PC:CA29 (49 20 8C) A:08 X:2B Y:0E P:05 S:F3 mem:002AEEFD 13:16951 tv:0.000000 49: EOR imm
lcpuC PC:CA2B (8C 00 FE) A:28 X:2B Y:0E P:05 S:F3 mem:002AEEFD 13:16949 tv:0.000000 8C: STY abs
here! 0x00000e 0x00ca2e 0xe6fa3010 0xcdde0ebc tv:0.000000 (cycle 16949  pc ~CA2B
writemem_ex! addr=FE00 val=0E
lcpuC PC:CA2E (8D 01 FE) A:28 X:2B Y:0E P:05 S:F3 mem:002AEEFD 13:16945 tv:0.000007 8D: STA abs
here! 0x000028 0x00ca31 0xe6fa3010 0xcdde0ebc tv:0.000000 (cycle 16945  pc ~CA2E
writemem_ex! addr=FE01 val=28
lcpuC PC:CA31 (C8 8C 00) A:28 X:2B Y:0E P:05 S:F3 mem:002AEEFD 13:16941 tv:0.000006 C8: INY
lcpuC PC:CA32 (8C 00 FE) A:28 X:2B Y:0F P:05 S:F3 mem:002AEEFD 13:16939 tv:0.000000 8C: STY abs
here! 0x00000f 0x00ca35 0xe6fa3010 0xcdde0ebc tv:0.000000 (cycle 16939  pc ~CA32
writemem_ex! addr=FE00 val=0F
lcpuC PC:CA35 (8E 01 FE) A:28 X:2B Y:0F P:05 S:F3 mem:002AEEFD 13:16935 tv:0.000006 8E: STX abs
here! 0x00002b 0x00ca38 0xe6fa3010 0xcdde0ebc tv:0.000000 (cycle 16935  pc ~CA35
writemem_ex! addr=FE01 val=2B
lcpuC PC:CA38 (60 20 81) A:28 X:2B Y:0F P:05 S:F3 mem:002AEEFD 13:16931 tv:0.000007 60: RTS
lcpuC PC:C4EA (4C 5E C5) A:28 X:2B Y:0F P:05 S:F5 mem:002AEEFD 13:16925 tv:0.000000 4C: JMP
lcpuC PC:C55E (A5 D0 4A) A:28 X:2B Y:0F P:05 S:F5 mem:002AEEFD 13:16922 tv:0.000001 A5: LDA zp
lcpuC PC:C560 (4A 24 D0) A:00 X:2B Y:0F P:07 S:F5 mem:002AEEFD 13:16919 tv:0.000001 4A: LSR A
lcpuC PC:C561 (24 D0 50) A:00 X:2B Y:0F P:06 S:F5 mem:002AEEFD 13:16917 tv:0.000001 24: BIT zp
lcpuC PC:C563 (50 AC 20) A:00 X:2B Y:0F P:06 S:F5 mem:002AEEFD 13:16914 tv:0.000001 50: BVC
lcpuC PC:C511 (60 9D 24) A:00 X:2B Y:0F P:06 S:F5 mem:002AEEFD 13:16911 tv:0.000000 60: RTS
lcpuC PC:E0C8 (A9 08 2C) A:00 X:2B Y:0F P:06 S:F7 mem:002AEEFD 13:16905 tv:0.000001 A9: LDA imm
lcpuC PC:E0CA (2C 7C 02) A:08 X:2B Y:0F P:04 S:F7 mem:002AEEFD 13:16903 tv:0.000000 2C: BIT abs
lcpuC PC:E0CD (D0 02 90) A:08 X:2B Y:0F P:06 S:F7 mem:002AEEFD 13:16899 tv:0.000000 D0: BNE
lcpuC PC:E0CF (90 05 68) A:08 X:2B Y:0F P:06 S:F7 mem:002AEEFD 13:16897 tv:0.000000 90: BCC
lcpuC PC:E0D6 (AD 7C 02) A:08 X:2B Y:0F P:06 S:F7 mem:002AEEFD 13:16894 tv:0.000001 AD: LDA abs
lcpuC PC:E0D9 (6A 90 1B) A:00 X:2B Y:0F P:06 S:F7 mem:002AEEFD 13:16890 tv:0.000000 6A: ROR A
lcpuC PC:E0DA (90 1B A4) A:00 X:2B Y:0F P:06 S:F7 mem:002AEEFD 13:16888 tv:0.000001 90: BCC
lcpuC PC:E0F7 (A9 10 2C) A:00 X:2B Y:0F P:06 S:F7 mem:002AEEFD 13:16885 tv:0.000001 A9: LDA imm
lcpuC PC:E0F9 (2C 7C 02) A:10 X:2B Y:0F P:04 S:F7 mem:002AEEFD 13:16883 tv:0.000000 2C: BIT abs
lcpuC PC:E0FC (D0 0F AC) A:10 X:2B Y:0F P:06 S:F7 mem:002AEEFD 13:16879 tv:0.000001 D0: BNE
lcpuC PC:E0FE (AC 57 02) A:10 X:2B Y:0F P:06 S:F7 mem:002AEEFD 13:16877 tv:0.000001 AC: LDY abs
lcpuC PC:E101 (F0 0A 68) A:10 X:2B Y:00 P:06 S:F7 mem:002AEEFD 13:16873 tv:0.000001 F0: BEQ
lcpuC PC:E10D (68 68 A8) A:10 X:2B Y:00 P:06 S:F7 mem:002AEEFD 13:16870 tv:0.000001 68: PLA
lcpuC PC:E10E (68 A8 68) A:43 X:2B Y:00 P:04 S:F8 mem:002AEEFD 13:16866 tv:0.000000 68: PLA
lcpuC PC:E10F (A8 68 AA) A:06 X:2B Y:00 P:04 S:F9 mem:002AEEFD 13:16862 tv:0.000001 A8: TAY
lcpuC PC:E110 (68 AA 68) A:06 X:2B Y:06 P:04 S:F9 mem:002AEEFD 13:16860 tv:0.000000 68: PLA
lcpuC PC:E111 (AA 68 60) A:42 X:2B Y:06 P:04 S:FA mem:002AEEFD 13:16856 tv:0.000001 AA: TAX
lcpuC PC:E112 (68 60 2C) A:42 X:42 Y:06 P:04 S:FA mem:002AEEFD 13:16854 tv:0.000000 68: PLA
lcpuC PC:E113 (60 2C 7C) A:43 X:42 Y:06 P:04 S:FB mem:002AEEFD 13:16850 tv:0.000001 60: RTS
lcpuC PC:DEB7 (AA D0 F7) A:43 X:42 Y:06 P:04 S:FD mem:002AEEFD 13:16844 tv:0.000001 AA: TAX
lcpuC PC:DEB8 (D0 F7 60) A:43 X:43 Y:06 P:04 S:FD mem:002AEEFD 13:16842 tv:0.000000 D0: BNE
lcpuC PC:DEB1 (C8 B1 FD) A:43 X:43 Y:06 P:04 S:FD mem:002AEEFD 13:16839 tv:0.000000 C8: INY
lcpuC PC:DEB2 (B1 FD 20) A:43 X:43 Y:07 P:04 S:FD mem:002AEEFD 13:16837 tv:0.000000 B1: LDA (),y
lcpuC PC:DEB4 (20 E3 FF) A:20 X:43 Y:07 P:04 S:FD mem:002AEEFD 13:16832 tv:0.000000 20: JSR
lcpuC PC:FFE3 (C9 0D D0) A:20 X:43 Y:07 P:04 S:FB mem:002AEEFD 13:16826 tv:0.000001 C9: CMP imm
readmem_ex! addr=FFE4 val=0D
lcpuC PC:FFE5 (D0 07 A9) A:20 X:43 Y:07 P:05 S:FB mem:002AEEFD 13:16824 tv:0.000003 D0: BNE
readmem_ex! addr=FFE6 val=07
lcpuC PC:FFEE (6C 0E 02) A:20 X:43 Y:07 P:05 S:FB mem:002AEEFD 13:16821 tv:0.000003 6C: JMP ()
readmem_ex! addr=FFEF val=0E
readmem_ex! addr=FFF0 val=02
lcpuC PC:E0A4 (48 8A 48) A:20 X:43 Y:07 P:05 S:FB mem:002AEEFD 13:16816 tv:0.000006 48: PHA
lcpuC PC:E0A5 (8A 48 98) A:20 X:43 Y:07 P:05 S:FA mem:002AEEDA 13:16813 tv:0.000000 8A: TXA
lcpuC PC:E0A6 (48 98 48) A:43 X:43 Y:07 P:05 S:FA mem:002AEEDA 13:16811 tv:0.000000 48: PHA
lcpuC PC:E0A7 (98 48 BA) A:43 X:43 Y:07 P:05 S:F9 mem:002AEEDB 13:16808 tv:0.000000 98: TYA
lcpuC PC:E0A8 (48 BA BD) A:07 X:43 Y:07 P:05 S:F9 mem:002AEEDB 13:16806 tv:0.000001 48: PHA
lcpuC PC:E0A9 (BA BD 03) A:07 X:43 Y:07 P:05 S:F8 mem:002AEEDC 13:16803 tv:0.000001 BA: TSX
lcpuC PC:E0AA (BD 03 01) A:07 X:F8 Y:07 P:85 S:F8 mem:002AEEDC 13:16801 tv:0.000001 BD: LDA abs,x
lcpuC PC:E0AD (48 2C 60) A:20 X:F8 Y:07 P:05 S:F8 mem:002AEEDC 13:16797 tv:0.000002 48: PHA
lcpuC PC:E0AE (2C 60 02) A:20 X:F8 Y:07 P:05 S:F7 mem:002AEEB9 13:16794 tv:0.000000 2C: BIT abs
lcpuC PC:E0B1 (10 08 A8) A:20 X:F8 Y:07 P:07 S:F7 mem:002AEEB9 13:16790 tv:0.000001 10: BPL
lcpuC PC:E0BB (18 A9 02) A:20 X:F8 Y:07 P:07 S:F7 mem:002AEEB9 13:16787 tv:0.000000 18: CLC
lcpuC PC:E0BC (A9 02 2C) A:20 X:F8 Y:07 P:06 S:F7 mem:002AEEB9 13:16785 tv:0.000000 A9: LDA imm
lcpuC PC:E0BE (2C 7C 02) A:02 X:F8 Y:07 P:04 S:F7 mem:002AEEB9 13:16783 tv:0.000000 2C: BIT abs
lcpuC PC:E0C1 (D0 05 68) A:02 X:F8 Y:07 P:06 S:F7 mem:002AEEB9 13:16779 tv:0.000001 D0: BNE
lcpuC PC:E0C3 (68 48 20) A:02 X:F8 Y:07 P:06 S:F7 mem:002AEEB9 13:16777 tv:0.000001 68: PLA
lcpuC PC:E0C4 (48 20 C0) A:20 X:F8 Y:07 P:04 S:F8 mem:002AEEB9 13:16773 tv:0.000000 48: PHA
lcpuC PC:E0C5 (20 C0 C4) A:20 X:F8 Y:07 P:04 S:F7 mem:002AEEB9 13:16770 tv:0.000002 20: JSR
lcpuC PC:C4C0 (AE 6A 02) A:20 X:F8 Y:07 P:04 S:F5 mem:002AEEB9 13:16764 tv:0.000002 AE: LDX abs
lcpuC PC:C4C3 (D0 4D 24) A:20 X:00 Y:07 P:06 S:F5 mem:002AEEB9 13:16760 tv:0.000001 D0: BNE
lcpuC PC:C4C5 (24 D0 50) A:20 X:00 Y:07 P:06 S:F5 mem:002AEEB9 13:16758 tv:0.000000 24: BIT zp
lcpuC PC:C4C7 (50 0F 20) A:20 X:00 Y:07 P:06 S:F5 mem:002AEEB9 13:16755 tv:0.000001 50: BVC
lcpuC PC:C4D8 (C9 7F F0) A:20 X:00 Y:07 P:06 S:F5 mem:002AEEB9 13:16752 tv:0.000000 C9: CMP imm
lcpuC PC:C4DA (F0 11 C9) A:20 X:00 Y:07 P:84 S:F5 mem:002AEEB9 13:16750 tv:0.000001 F0: BEQ
lcpuC PC:C4DC (C9 20 90) A:20 X:00 Y:07 P:84 S:F5 mem:002AEEB9 13:16748 tv:0.000000 C9: CMP imm
lcpuC PC:C4DE (90 0F 24) A:20 X:00 Y:07 P:07 S:F5 mem:002AEEB9 13:16746 tv:0.000000 90: BCC
lcpuC PC:C4E0 (24 D0 30) A:20 X:00 Y:07 P:07 S:F5 mem:002AEEB9 13:16744 tv:0.000001 24: BIT zp
lcpuC PC:C4E2 (30 06 20) A:20 X:00 Y:07 P:07 S:F5 mem:002AEEB9 13:16741 tv:0.000000 30: BMI
lcpuC PC:C4E4 (20 B7 CF) A:20 X:00 Y:07 P:07 S:F5 mem:002AEEB9 13:16739 tv:0.000000 20: JSR
lcpuC PC:CFB7 (AE 60 03) A:20 X:00 Y:07 P:07 S:F3 mem:002AEEB6 13:16733 tv:0.000001 AE: LDX abs
lcpuC PC:CFBA (F0 20 20) A:20 X:00 Y:07 P:07 S:F3 mem:002AEEB6 13:16729 tv:0.000001 F0: BEQ
lcpuC PC:CFDC (A0 02 D9) A:20 X:00 Y:07 P:07 S:F3 mem:002AEEB6 13:16726 tv:0.000001 A0: LDY imm
lcpuC PC:CFDE (D9 B6 C4) A:20 X:00 Y:02 P:05 S:F3 mem:002AEEB6 13:16724 tv:0.000001 D9: CMP abs,y
lcpuC PC:CFE1 (F0 06 88) A:20 X:00 Y:02 P:84 S:F3 mem:002AEEB6 13:16720 tv:0.000001 F0: BEQ
lcpuC PC:CFE3 (88 10 F8) A:20 X:00 Y:02 P:84 S:F3 mem:002AEEB6 13:16718 tv:0.000001 88: DEY
lcpuC PC:CFE4 (10 F8 81) A:20 X:00 Y:01 P:04 S:F3 mem:002AEEB6 13:16716 tv:0.000000 10: BPL
lcpuC PC:CFDE (D9 B6 C4) A:20 X:00 Y:01 P:04 S:F3 mem:002AEEB6 13:16713 tv:0.000000 D9: CMP abs,y
lcpuC PC:CFE1 (F0 06 88) A:20 X:00 Y:01 P:84 S:F3 mem:002AEEB6 13:16709 tv:0.000007 F0: BEQ
lcpuC PC:CFE3 (88 10 F8) A:20 X:00 Y:01 P:84 S:F3 mem:002AEEB6 13:16707 tv:0.000001 88: DEY
lcpuC PC:CFE4 (10 F8 81) A:20 X:00 Y:00 P:06 S:F3 mem:002AEEB6 13:16705 tv:0.000000 10: BPL
lcpuC PC:CFDE (D9 B6 C4) A:20 X:00 Y:00 P:06 S:F3 mem:002AEEB6 13:16702 tv:0.000000 D9: CMP abs,y
lcpuC PC:CFE1 (F0 06 88) A:20 X:00 Y:00 P:84 S:F3 mem:002AEEB6 13:16698 tv:0.000000 F0: BEQ
lcpuC PC:CFE3 (88 10 F8) A:20 X:00 Y:00 P:84 S:F3 mem:002AEEB6 13:16696 tv:0.000000 88: DEY
lcpuC PC:CFE4 (10 F8 81) A:20 X:00 Y:FF P:84 S:F3 mem:002AEEB6 13:16694 tv:0.000000 10: BPL
lcpuC PC:CFE6 (81 D8 60) A:20 X:00 Y:FF P:84 S:F3 mem:002AEEB6 13:16692 tv:0.000000 81: STA (,x)
lcpuC PC:CFE8 (60 B9 B7) A:20 X:00 Y:FF P:84 S:F3 mem:002AEEB6 13:16686 tv:0.000001 60: RTS
lcpuC PC:C4E7 (20 64 C6) A:20 X:00 Y:FF P:84 S:F5 mem:002AEEB6 13:16680 tv:0.000001 20: JSR
lcpuC PC:C664 (A5 D0 29) A:20 X:00 Y:FF P:84 S:F3 mem:002AEEB9 13:16674 tv:0.000000 A5: LDA zp
lcpuC PC:C666 (29 20 D0) A:00 X:00 Y:FF P:06 S:F3 mem:002AEEB9 13:16671 tv:0.000000 29: AND
lcpuC PC:C668 (D0 4A AE) A:00 X:00 Y:FF P:06 S:F3 mem:002AEEB9 13:16668 tv:0.000000 D0: BNE
lcpuC PC:C66A (AE 18 03) A:00 X:00 Y:FF P:06 S:F3 mem:002AEEB9 13:16666 tv:0.000001 AE: LDX abs
lcpuC PC:C66D (EC 0A 03) A:00 X:03 Y:FF P:04 S:F3 mem:002AEEB9 13:16662 tv:0.000001 EC: CPX abs
lcpuC PC:C670 (B0 12 EE) A:00 X:03 Y:FF P:84 S:F3 mem:002AEEB9 13:16658 tv:0.000000 B0: BCS
lcpuC PC:C672 (EE 18 03) A:00 X:03 Y:FF P:84 S:F3 mem:002AEEB9 13:16656 tv:0.000001 EE: INC abs
lcpuC PC:C675 (AD 4A 03) A:00 X:03 Y:FF P:04 S:F3 mem:002AEEBA 13:16650 tv:0.000000 AD: LDA abs
lcpuC PC:C678 (6D 4F 03) A:2B X:03 Y:FF P:04 S:F3 mem:002AEEBA 13:16646 tv:0.000001 6D: ADC abs
lcpuC PC:C67B (AA AD 4B) A:2C X:03 Y:FF P:04 S:F3 mem:002AEEBA 13:16642 tv:0.000000 AA: TAX
lcpuC PC:C67C (AD 4B 03) A:2C X:2C Y:FF P:04 S:F3 mem:002AEEBA 13:16640 tv:0.000001 AD: LDA abs
lcpuC PC:C67F (69 00 4C) A:7C X:2C Y:FF P:04 S:F3 mem:002AEEBA 13:16636 tv:0.000001 69: ADC imm
lcpuC PC:C681 (4C F6 C9) A:7C X:2C Y:FF P:04 S:F3 mem:002AEEBA 13:16634 tv:0.000001 4C: JMP
lcpuC PC:C9F6 (8E 4A 03) A:7C X:2C Y:FF P:04 S:F3 mem:002AEEBA 13:16631 tv:0.000001 8E: STX abs
lcpuC PC:C9F9 (8D 4B 03) A:7C X:2C Y:FF P:04 S:F3 mem:002AEEBB 13:16627 tv:0.000000 8D: STA abs
lcpuC PC:C9FC (10 04 38) A:7C X:2C Y:FF P:04 S:F3 mem:002AEEBB 13:16623 tv:0.000000 10: BPL
lcpuC PC:CA02 (86 D8 85) A:7C X:2C Y:FF P:04 S:F3 mem:002AEEBB 13:16620 tv:0.000001 86: STX zp
lcpuC PC:CA04 (85 D9 AE) A:7C X:2C Y:FF P:04 S:F3 mem:002AEEBC 13:16617 tv:0.000001 85: STA zp
lcpuC PC:CA06 (AE 4A 03) A:7C X:2C Y:FF P:04 S:F3 mem:002AEEBC 13:16614 tv:0.000000 AE: LDX abs
lcpuC PC:CA09 (AD 4B 03) A:7C X:2C Y:FF P:04 S:F3 mem:002AEEBC 13:16610 tv:0.000000 AD: LDA abs
lcpuC PC:CA0C (A0 0E 48) A:7C X:2C Y:FF P:04 S:F3 mem:002AEEBC 13:16606 tv:0.000000 A0: LDY imm
lcpuC PC:CA0E (48 AD 55) A:7C X:2C Y:0E P:04 S:F3 mem:002AEEBC 13:16604 tv:0.000001 48: PHA
lcpuC PC:CA0F (AD 55 03) A:7C X:2C Y:0E P:04 S:F2 mem:002AEEBC 13:16601 tv:0.000000 AD: LDA abs
lcpuC PC:CA12 (C9 07 68) A:07 X:2C Y:0E P:04 S:F2 mem:002AEEBC 13:16597 tv:0.000000 C9: CMP imm
lcpuC PC:CA14 (68 B0 10) A:07 X:2C Y:0E P:07 S:F2 mem:002AEEBC 13:16595 tv:0.000001 68: PLA
lcpuC PC:CA15 (B0 10 86) A:7C X:2C Y:0E P:05 S:F3 mem:002AEEBC 13:16591 tv:0.000000 B0: BCS
lcpuC PC:CA27 (E9 74 49) A:7C X:2C Y:0E P:05 S:F3 mem:002AEEBC 13:16588 tv:0.000000 E9: SBC imm
lcpuC PC:CA29 (49 20 8C) A:08 X:2C Y:0E P:05 S:F3 mem:002AEEBC 13:16586 tv:0.000000 49: EOR imm
lcpuC PC:CA2B (8C 00 FE) A:28 X:2C Y:0E P:05 S:F3 mem:002AEEBC 13:16584 tv:0.000000 8C: STY abs
here! 0x00000e 0x00ca2e 0xe6fa3010 0xcdde0ebc tv:0.000000 (cycle 16584  pc ~CA2B
writemem_ex! addr=FE00 val=0E
lcpuC PC:CA2E (8D 01 FE) A:28 X:2C Y:0E P:05 S:F3 mem:002AEEBC 13:16580 tv:0.000007 8D: STA abs
here! 0x000028 0x00ca31 0xe6fa3010 0xcdde0ebc tv:0.000000 (cycle 16580  pc ~CA2E
writemem_ex! addr=FE01 val=28
lcpuC PC:CA31 (C8 8C 00) A:28 X:2C Y:0E P:05 S:F3 mem:002AEEBC 13:16576 tv:0.000007 C8: INY
lcpuC PC:CA32 (8C 00 FE) A:28 X:2C Y:0F P:05 S:F3 mem:002AEEBC 13:16574 tv:0.000001 8C: STY abs
here! 0x00000f 0x00ca35 0xe6fa3010 0xcdde0ebc tv:0.000000 (cycle 16574  pc ~CA32
writemem_ex! addr=FE00 val=0F
lcpuC PC:CA35 (8E 01 FE) A:28 X:2C Y:0F P:05 S:F3 mem:002AEEBC 13:16570 tv:0.000006 8E: STX abs
here! 0x00002c 0x00ca38 0xe6fa3010 0xcdde0ebc tv:0.000000 (cycle 16570  pc ~CA35
writemem_ex! addr=FE01 val=2C
lcpuC PC:CA38 (60 20 81) A:28 X:2C Y:0F P:05 S:F3 mem:002AEEBC 13:16566 tv:0.000006 60: RTS
lcpuC PC:C4EA (4C 5E C5) A:28 X:2C Y:0F P:05 S:F5 mem:002AEEBC 13:16560 tv:0.000001 4C: JMP
lcpuC PC:C55E (A5 D0 4A) A:28 X:2C Y:0F P:05 S:F5 mem:002AEEBC 13:16557 tv:0.000000 A5: LDA zp
lcpuC PC:C560 (4A 24 D0) A:00 X:2C Y:0F P:07 S:F5 mem:002AEEBC 13:16554 tv:0.000000 4A: LSR A
lcpuC PC:C561 (24 D0 50) A:00 X:2C Y:0F P:06 S:F5 mem:002AEEBC 13:16552 tv:0.000000 24: BIT zp
lcpuC PC:C563 (50 AC 20) A:00 X:2C Y:0F P:06 S:F5 mem:002AEEBC 13:16549 tv:0.000000 50: BVC
lcpuC PC:C511 (60 9D 24) A:00 X:2C Y:0F P:06 S:F5 mem:002AEEBC 13:16546 tv:0.000001 60: RTS
lcpuC PC:E0C8 (A9 08 2C) A:00 X:2C Y:0F P:06 S:F7 mem:002AEEBC 13:16540 tv:0.000001 A9: LDA imm
lcpuC PC:E0CA (2C 7C 02) A:08 X:2C Y:0F P:04 S:F7 mem:002AEEBC 13:16538 tv:0.000000 2C: BIT abs
lcpuC PC:E0CD (D0 02 90) A:08 X:2C Y:0F P:06 S:F7 mem:002AEEBC 13:16534 tv:0.000001 D0: BNE
lcpuC PC:E0CF (90 05 68) A:08 X:2C Y:0F P:06 S:F7 mem:002AEEBC 13:16532 tv:0.000000 90: BCC
lcpuC PC:E0D6 (AD 7C 02) A:08 X:2C Y:0F P:06 S:F7 mem:002AEEBC 13:16529 tv:0.000001 AD: LDA abs
lcpuC PC:E0D9 (6A 90 1B) A:00 X:2C Y:0F P:06 S:F7 mem:002AEEBC 13:16525 tv:0.000001 6A: ROR A
lcpuC PC:E0DA (90 1B A4) A:00 X:2C Y:0F P:06 S:F7 mem:002AEEBC 13:16523 tv:0.000001 90: BCC
lcpuC PC:E0F7 (A9 10 2C) A:00 X:2C Y:0F P:06 S:F7 mem:002AEEBC 13:16520 tv:0.000001 A9: LDA imm
lcpuC PC:E0F9 (2C 7C 02) A:10 X:2C Y:0F P:04 S:F7 mem:002AEEBC 13:16518 tv:0.000001 2C: BIT abs
lcpuC PC:E0FC (D0 0F AC) A:10 X:2C Y:0F P:06 S:F7 mem:002AEEBC 13:16514 tv:0.000001 D0: BNE
lcpuC PC:E0FE (AC 57 02) A:10 X:2C Y:0F P:06 S:F7 mem:002AEEBC 13:16512 tv:0.000000 AC: LDY abs
lcpuC PC:E101 (F0 0A 68) A:10 X:2C Y:00 P:06 S:F7 mem:002AEEBC 13:16508 tv:0.000000 F0: BEQ
lcpuC PC:E10D (68 68 A8) A:10 X:2C Y:00 P:06 S:F7 mem:002AEEBC 13:16505 tv:0.000000 68: PLA
lcpuC PC:E10E (68 A8 68) A:20 X:2C Y:00 P:04 S:F8 mem:002AEEBC 13:16501 tv:0.000001 68: PLA
lcpuC PC:E10F (A8 68 AA) A:07 X:2C Y:00 P:04 S:F9 mem:002AEEBC 13:16497 tv:0.000000 A8: TAY
lcpuC PC:E110 (68 AA 68) A:07 X:2C Y:07 P:04 S:F9 mem:002AEEBC 13:16495 tv:0.000001 68: PLA
lcpuC PC:E111 (AA 68 60) A:43 X:2C Y:07 P:04 S:FA mem:002AEEBC 13:16491 tv:0.000001 AA: TAX
lcpuC PC:E112 (68 60 2C) A:43 X:43 Y:07 P:04 S:FA mem:002AEEBC 13:16489 tv:0.000000 68: PLA
lcpuC PC:E113 (60 2C 7C) A:20 X:43 Y:07 P:04 S:FB mem:002AEEBC 13:16485 tv:0.000001 60: RTS
lcpuC PC:DEB7 (AA D0 F7) A:20 X:43 Y:07 P:04 S:FD mem:002AEEBC 13:16479 tv:0.000000 AA: TAX
lcpuC PC:DEB8 (D0 F7 60) A:20 X:20 Y:07 P:04 S:FD mem:002AEEBC 13:16477 tv:0.000000 D0: BNE
lcpuC PC:DEB1 (C8 B1 FD) A:20 X:20 Y:07 P:04 S:FD mem:002AEEBC 13:16474 tv:0.000000 C8: INY
lcpuC PC:DEB2 (B1 FD 20) A:20 X:20 Y:08 P:04 S:FD mem:002AEEBC 13:16472 tv:0.000000 B1: LDA (),y
lcpuC PC:DEB4 (20 E3 FF) A:43 X:20 Y:08 P:04 S:FD mem:002AEEBC 13:16467 tv:0.000000 20: JSR
lcpuC PC:FFE3 (C9 0D D0) A:43 X:20 Y:08 P:04 S:FB mem:002AEEBC 13:16461 tv:0.000000 C9: CMP imm
readmem_ex! addr=FFE4 val=0D
lcpuC PC:FFE5 (D0 07 A9) A:43 X:20 Y:08 P:05 S:FB mem:002AEEBC 13:16459 tv:0.000004 D0: BNE
readmem_ex! addr=FFE6 val=07
lcpuC PC:FFEE (6C 0E 02) A:43 X:20 Y:08 P:05 S:FB mem:002AEEBC 13:16456 tv:0.000003 6C: JMP ()
readmem_ex! addr=FFEF val=0E
readmem_ex! addr=FFF0 val=02
lcpuC PC:E0A4 (48 8A 48) A:43 X:20 Y:08 P:05 S:FB mem:002AEEBC 13:16451 tv:0.000012 48: PHA
lcpuC PC:E0A5 (8A 48 98) A:43 X:20 Y:08 P:05 S:FA mem:002AEEDF 13:16448 tv:0.000001 8A: TXA
lcpuC PC:E0A6 (48 98 48) A:20 X:20 Y:08 P:05 S:FA mem:002AEEDF 13:16446 tv:0.000001 48: PHA
lcpuC PC:E0A7 (98 48 BA) A:20 X:20 Y:08 P:05 S:F9 mem:002AEEBC 13:16443 tv:0.000001 98: TYA
lcpuC PC:E0A8 (48 BA BD) A:08 X:20 Y:08 P:05 S:F9 mem:002AEEBC 13:16441 tv:0.000001 48: PHA
lcpuC PC:E0A9 (BA BD 03) A:08 X:20 Y:08 P:05 S:F8 mem:002AEEBD 13:16438 tv:0.000001 BA: TSX
lcpuC PC:E0AA (BD 03 01) A:08 X:F8 Y:08 P:85 S:F8 mem:002AEEBD 13:16436 tv:0.000000 BD: LDA abs,x
lcpuC PC:E0AD (48 2C 60) A:43 X:F8 Y:08 P:05 S:F8 mem:002AEEBD 13:16432 tv:0.000001 48: PHA
lcpuC PC:E0AE (2C 60 02) A:43 X:F8 Y:08 P:05 S:F7 mem:002AEEE0 13:16429 tv:0.000000 2C: BIT abs
lcpuC PC:E0B1 (10 08 A8) A:43 X:F8 Y:08 P:07 S:F7 mem:002AEEE0 13:16425 tv:0.000000 10: BPL
lcpuC PC:E0BB (18 A9 02) A:43 X:F8 Y:08 P:07 S:F7 mem:002AEEE0 13:16422 tv:0.000001 18: CLC
lcpuC PC:E0BC (A9 02 2C) A:43 X:F8 Y:08 P:06 S:F7 mem:002AEEE0 13:16420 tv:0.000000 A9: LDA imm
lcpuC PC:E0BE (2C 7C 02) A:02 X:F8 Y:08 P:04 S:F7 mem:002AEEE0 13:16418 tv:0.000000 2C: BIT abs
lcpuC PC:E0C1 (D0 05 68) A:02 X:F8 Y:08 P:06 S:F7 mem:002AEEE0 13:16414 tv:0.000001 D0: BNE
lcpuC PC:E0C3 (68 48 20) A:02 X:F8 Y:08 P:06 S:F7 mem:002AEEE0 13:16412 tv:0.000000 68: PLA
lcpuC PC:E0C4 (48 20 C0) A:43 X:F8 Y:08 P:04 S:F8 mem:002AEEE0 13:16408 tv:0.000001 48: PHA
lcpuC PC:E0C5 (20 C0 C4) A:43 X:F8 Y:08 P:04 S:F7 mem:002AEEE0 13:16405 tv:0.000001 20: JSR
lcpuC PC:C4C0 (AE 6A 02) A:43 X:F8 Y:08 P:04 S:F5 mem:002AEEE0 13:16399 tv:0.000000 AE: LDX abs
lcpuC PC:C4C3 (D0 4D 24) A:43 X:00 Y:08 P:06 S:F5 mem:002AEEE0 13:16395 tv:0.000001 D0: BNE
lcpuC PC:C4C5 (24 D0 50) A:43 X:00 Y:08 P:06 S:F5 mem:002AEEE0 13:16393 tv:0.000001 24: BIT zp
lcpuC PC:C4C7 (50 0F 20) A:43 X:00 Y:08 P:06 S:F5 mem:002AEEE0 13:16390 tv:0.000001 50: BVC
lcpuC PC:C4D8 (C9 7F F0) A:43 X:00 Y:08 P:06 S:F5 mem:002AEEE0 13:16387 tv:0.000001 C9: CMP imm
lcpuC PC:C4DA (F0 11 C9) A:43 X:00 Y:08 P:84 S:F5 mem:002AEEE0 13:16385 tv:0.000001 F0: BEQ
lcpuC PC:C4DC (C9 20 90) A:43 X:00 Y:08 P:84 S:F5 mem:002AEEE0 13:16383 tv:0.000001 C9: CMP imm
lcpuC PC:C4DE (90 0F 24) A:43 X:00 Y:08 P:05 S:F5 mem:002AEEE0 13:16381 tv:0.000001 90: BCC
lcpuC PC:C4E0 (24 D0 30) A:43 X:00 Y:08 P:05 S:F5 mem:002AEEE0 13:16379 tv:0.000000 24: BIT zp
lcpuC PC:C4E2 (30 06 20) A:43 X:00 Y:08 P:07 S:F5 mem:002AEEE0 13:16376 tv:0.000000 30: BMI
lcpuC PC:C4E4 (20 B7 CF) A:43 X:00 Y:08 P:07 S:F5 mem:002AEEE0 13:16374 tv:0.000001 20: JSR
lcpuC PC:CFB7 (AE 60 03) A:43 X:00 Y:08 P:07 S:F3 mem:002AEEDD 13:16368 tv:0.000001 AE: LDX abs
lcpuC PC:CFBA (F0 20 20) A:43 X:00 Y:08 P:07 S:F3 mem:002AEEDD 13:16364 tv:0.000000 F0: BEQ
lcpuC PC:CFDC (A0 02 D9) A:43 X:00 Y:08 P:07 S:F3 mem:002AEEDD 13:16361 tv:0.000001 A0: LDY imm
lcpuC PC:CFDE (D9 B6 C4) A:43 X:00 Y:02 P:05 S:F3 mem:002AEEDD 13:16359 tv:0.000001 D9: CMP abs,y
lcpuC PC:CFE1 (F0 06 88) A:43 X:00 Y:02 P:84 S:F3 mem:002AEEDD 13:16355 tv:0.000000 F0: BEQ
lcpuC PC:CFE3 (88 10 F8) A:43 X:00 Y:02 P:84 S:F3 mem:002AEEDD 13:16353 tv:0.000000 88: DEY
lcpuC PC:CFE4 (10 F8 81) A:43 X:00 Y:01 P:04 S:F3 mem:002AEEDD 13:16351 tv:0.000003 10: BPL
lcpuC PC:CFDE (D9 B6 C4) A:43 X:00 Y:01 P:04 S:F3 mem:002AEEDD 13:16348 tv:0.000000 D9: CMP abs,y
lcpuC PC:CFE1 (F0 06 88) A:43 X:00 Y:01 P:84 S:F3 mem:002AEEDD 13:16344 tv:0.000001 F0: BEQ
lcpuC PC:CFE3 (88 10 F8) A:43 X:00 Y:01 P:84 S:F3 mem:002AEEDD 13:16342 tv:0.000000 88: DEY
lcpuC PC:CFE4 (10 F8 81) A:43 X:00 Y:00 P:06 S:F3 mem:002AEEDD 13:16340 tv:0.000001 10: BPL
lcpuC PC:CFDE (D9 B6 C4) A:43 X:00 Y:00 P:06 S:F3 mem:002AEEDD 13:16337 tv:0.000000 D9: CMP abs,y
lcpuC PC:CFE1 (F0 06 88) A:43 X:00 Y:00 P:05 S:F3 mem:002AEEDD 13:16333 tv:0.000001 F0: BEQ
lcpuC PC:CFE3 (88 10 F8) A:43 X:00 Y:00 P:05 S:F3 mem:002AEEDD 13:16331 tv:0.000000 88: DEY
lcpuC PC:CFE4 (10 F8 81) A:43 X:00 Y:FF P:85 S:F3 mem:002AEEDD 13:16329 tv:0.000001 10: BPL
lcpuC PC:CFE6 (81 D8 60) A:43 X:00 Y:FF P:85 S:F3 mem:002AEEDD 13:16327 tv:0.000000 81: STA (,x)
lcpuC PC:CFE8 (60 B9 B7) A:43 X:00 Y:FF P:85 S:F3 mem:002AEF00 13:16321 tv:0.000000 60: RTS
lcpuC PC:C4E7 (20 64 C6) A:43 X:00 Y:FF P:85 S:F5 mem:002AEF00 13:16315 tv:0.000000 20: JSR
lcpuC PC:C664 (A5 D0 29) A:43 X:00 Y:FF P:85 S:F3 mem:002AEF03 13:16309 tv:0.000001 A5: LDA zp
lcpuC PC:C666 (29 20 D0) A:00 X:00 Y:FF P:07 S:F3 mem:002AEF03 13:16306 tv:0.000000 29: AND
lcpuC PC:C668 (D0 4A AE) A:00 X:00 Y:FF P:07 S:F3 mem:002AEF03 13:16303 tv:0.000001 D0: BNE
lcpuC PC:C66A (AE 18 03) A:00 X:00 Y:FF P:07 S:F3 mem:002AEF03 13:16301 tv:0.000000 AE: LDX abs
lcpuC PC:C66D (EC 0A 03) A:00 X:04 Y:FF P:05 S:F3 mem:002AEF03 13:16297 tv:0.000000 EC: CPX abs
lcpuC PC:C670 (B0 12 EE) A:00 X:04 Y:FF P:84 S:F3 mem:002AEF03 13:16293 tv:0.000000 B0: BCS
lcpuC PC:C672 (EE 18 03) A:00 X:04 Y:FF P:84 S:F3 mem:002AEF03 13:16291 tv:0.000000 EE: INC abs
lcpuC PC:C675 (AD 4A 03) A:00 X:04 Y:FF P:04 S:F3 mem:002AEF04 13:16285 tv:0.000001 AD: LDA abs
lcpuC PC:C678 (6D 4F 03) A:2C X:04 Y:FF P:04 S:F3 mem:002AEF04 13:16281 tv:0.000000 6D: ADC abs
lcpuC PC:C67B (AA AD 4B) A:2D X:04 Y:FF P:04 S:F3 mem:002AEF04 13:16277 tv:0.000001 AA: TAX
lcpuC PC:C67C (AD 4B 03) A:2D X:2D Y:FF P:04 S:F3 mem:002AEF04 13:16275 tv:0.000001 AD: LDA abs
lcpuC PC:C67F (69 00 4C) A:7C X:2D Y:FF P:04 S:F3 mem:002AEF04 13:16271 tv:0.000001 69: ADC imm
lcpuC PC:C681 (4C F6 C9) A:7C X:2D Y:FF P:04 S:F3 mem:002AEF04 13:16269 tv:0.000000 4C: JMP
lcpuC PC:C9F6 (8E 4A 03) A:7C X:2D Y:FF P:04 S:F3 mem:002AEF04 13:16266 tv:0.000001 8E: STX abs
lcpuC PC:C9F9 (8D 4B 03) A:7C X:2D Y:FF P:04 S:F3 mem:002AEF05 13:16262 tv:0.000001 8D: STA abs
lcpuC PC:C9FC (10 04 38) A:7C X:2D Y:FF P:04 S:F3 mem:002AEF05 13:16258 tv:0.000001 10: BPL
lcpuC PC:CA02 (86 D8 85) A:7C X:2D Y:FF P:04 S:F3 mem:002AEF05 13:16255 tv:0.000000 86: STX zp
lcpuC PC:CA04 (85 D9 AE) A:7C X:2D Y:FF P:04 S:F3 mem:002AEF06 13:16252 tv:0.000001 85: STA zp
lcpuC PC:CA06 (AE 4A 03) A:7C X:2D Y:FF P:04 S:F3 mem:002AEF06 13:16249 tv:0.000001 AE: LDX abs
lcpuC PC:CA09 (AD 4B 03) A:7C X:2D Y:FF P:04 S:F3 mem:002AEF06 13:16245 tv:0.000001 AD: LDA abs
lcpuC PC:CA0C (A0 0E 48) A:7C X:2D Y:FF P:04 S:F3 mem:002AEF06 13:16241 tv:0.000000 A0: LDY imm
lcpuC PC:CA0E (48 AD 55) A:7C X:2D Y:0E P:04 S:F3 mem:002AEF06 13:16239 tv:0.000001 48: PHA
lcpuC PC:CA0F (AD 55 03) A:7C X:2D Y:0E P:04 S:F2 mem:002AEF06 13:16236 tv:0.000000 AD: LDA abs
lcpuC PC:CA12 (C9 07 68) A:07 X:2D Y:0E P:04 S:F2 mem:002AEF06 13:16232 tv:0.000000 C9: CMP imm
lcpuC PC:CA14 (68 B0 10) A:07 X:2D Y:0E P:07 S:F2 mem:002AEF06 13:16230 tv:0.000001 68: PLA
lcpuC PC:CA15 (B0 10 86) A:7C X:2D Y:0E P:05 S:F3 mem:002AEF06 13:16226 tv:0.000001 B0: BCS
lcpuC PC:CA27 (E9 74 49) A:7C X:2D Y:0E P:05 S:F3 mem:002AEF06 13:16223 tv:0.000001 E9: SBC imm
lcpuC PC:CA29 (49 20 8C) A:08 X:2D Y:0E P:05 S:F3 mem:002AEF06 13:16221 tv:0.000001 49: EOR imm
lcpuC PC:CA2B (8C 00 FE) A:28 X:2D Y:0E P:05 S:F3 mem:002AEF06 13:16219 tv:0.000000 8C: STY abs
here! 0x00000e 0x00ca2e 0xe6fa3010 0xcdde0ebc tv:0.000000 (cycle 16219  pc ~CA2B
writemem_ex! addr=FE00 val=0E
lcpuC PC:CA2E (8D 01 FE) A:28 X:2D Y:0E P:05 S:F3 mem:002AEF06 13:16215 tv:0.000007 8D: STA abs
here! 0x000028 0x00ca31 0xe6fa3010 0xcdde0ebc tv:0.000000 (cycle 16215  pc ~CA2E
writemem_ex! addr=FE01 val=28
lcpuC PC:CA31 (C8 8C 00) A:28 X:2D Y:0E P:05 S:F3 mem:002AEF06 13:16211 tv:0.000007 C8: INY
lcpuC PC:CA32 (8C 00 FE) A:28 X:2D Y:0F P:05 S:F3 mem:002AEF06 13:16209 tv:0.000000 8C: STY abs
here! 0x00000f 0x00ca35 0xe6fa3010 0xcdde0ebc tv:0.000000 (cycle 16209  pc ~CA32
writemem_ex! addr=FE00 val=0F
lcpuC PC:CA35 (8E 01 FE) A:28 X:2D Y:0F P:05 S:F3 mem:002AEF06 13:16205 tv:0.000006 8E: STX abs
here! 0x00002d 0x00ca38 0xe6fa3010 0xcdde0ebc tv:0.000000 (cycle 16205  pc ~CA35
writemem_ex! addr=FE01 val=2D
lcpuC PC:CA38 (60 20 81) A:28 X:2D Y:0F P:05 S:F3 mem:002AEF06 13:16201 tv:0.000006 60: RTS
lcpuC PC:C4EA (4C 5E C5) A:28 X:2D Y:0F P:05 S:F5 mem:002AEF06 13:16195 tv:0.000007 4C: JMP
lcpuC PC:C55E (A5 D0 4A) A:28 X:2D Y:0F P:05 S:F5 mem:002AEF06 13:16192 tv:0.000000 A5: LDA zp
lcpuC PC:C560 (4A 24 D0) A:00 X:2D Y:0F P:07 S:F5 mem:002AEF06 13:16189 tv:0.000000 4A: LSR A
lcpuC PC:C561 (24 D0 50) A:00 X:2D Y:0F P:06 S:F5 mem:002AEF06 13:16187 tv:0.000001 24: BIT zp
lcpuC PC:C563 (50 AC 20) A:00 X:2D Y:0F P:06 S:F5 mem:002AEF06 13:16184 tv:0.000000 50: BVC
lcpuC PC:C511 (60 9D 24) A:00 X:2D Y:0F P:06 S:F5 mem:002AEF06 13:16181 tv:0.000001 60: RTS
lcpuC PC:E0C8 (A9 08 2C) A:00 X:2D Y:0F P:06 S:F7 mem:002AEF06 13:16175 tv:0.000000 A9: LDA imm
lcpuC PC:E0CA (2C 7C 02) A:08 X:2D Y:0F P:04 S:F7 mem:002AEF06 13:16173 tv:0.000000 2C: BIT abs
lcpuC PC:E0CD (D0 02 90) A:08 X:2D Y:0F P:06 S:F7 mem:002AEF06 13:16169 tv:0.000001 D0: BNE
lcpuC PC:E0CF (90 05 68) A:08 X:2D Y:0F P:06 S:F7 mem:002AEF06 13:16167 tv:0.000001 90: BCC
lcpuC PC:E0D6 (AD 7C 02) A:08 X:2D Y:0F P:06 S:F7 mem:002AEF06 13:16164 tv:0.000001 AD: LDA abs
lcpuC PC:E0D9 (6A 90 1B) A:00 X:2D Y:0F P:06 S:F7 mem:002AEF06 13:16160 tv:0.000001 6A: ROR A
lcpuC PC:E0DA (90 1B A4) A:00 X:2D Y:0F P:06 S:F7 mem:002AEF06 13:16158 tv:0.000000 90: BCC
lcpuC PC:E0F7 (A9 10 2C) A:00 X:2D Y:0F P:06 S:F7 mem:002AEF06 13:16155 tv:0.000000 A9: LDA imm
lcpuC PC:E0F9 (2C 7C 02) A:10 X:2D Y:0F P:04 S:F7 mem:002AEF06 13:16153 tv:0.000000 2C: BIT abs
lcpuC PC:E0FC (D0 0F AC) A:10 X:2D Y:0F P:06 S:F7 mem:002AEF06 13:16149 tv:0.000000 D0: BNE
lcpuC PC:E0FE (AC 57 02) A:10 X:2D Y:0F P:06 S:F7 mem:002AEF06 13:16147 tv:0.000000 AC: LDY abs
lcpuC PC:E101 (F0 0A 68) A:10 X:2D Y:00 P:06 S:F7 mem:002AEF06 13:16143 tv:0.000001 F0: BEQ
lcpuC PC:E10D (68 68 A8) A:10 X:2D Y:00 P:06 S:F7 mem:002AEF06 13:16140 tv:0.000001 68: PLA
lcpuC PC:E10E (68 A8 68) A:43 X:2D Y:00 P:04 S:F8 mem:002AEF06 13:16136 tv:0.000001 68: PLA
lcpuC PC:E10F (A8 68 AA) A:08 X:2D Y:00 P:04 S:F9 mem:002AEF06 13:16132 tv:0.000001 A8: TAY
lcpuC PC:E110 (68 AA 68) A:08 X:2D Y:08 P:04 S:F9 mem:002AEF06 13:16130 tv:0.000001 68: PLA
lcpuC PC:E111 (AA 68 60) A:20 X:2D Y:08 P:04 S:FA mem:002AEF06 13:16126 tv:0.000001 AA: TAX
lcpuC PC:E112 (68 60 2C) A:20 X:20 Y:08 P:04 S:FA mem:002AEF06 13:16124 tv:0.000000 68: PLA
lcpuC PC:E113 (60 2C 7C) A:43 X:20 Y:08 P:04 S:FB mem:002AEF06 13:16120 tv:0.000000 60: RTS
lcpuC PC:DEB7 (AA D0 F7) A:43 X:20 Y:08 P:04 S:FD mem:002AEF06 13:16114 tv:0.000001 AA: TAX
lcpuC PC:DEB8 (D0 F7 60) A:43 X:43 Y:08 P:04 S:FD mem:002AEF06 13:16112 tv:0.000000 D0: BNE
lcpuC PC:DEB1 (C8 B1 FD) A:43 X:43 Y:08 P:04 S:FD mem:002AEF06 13:16109 tv:0.000000 C8: INY
lcpuC PC:DEB2 (B1 FD 20) A:43 X:43 Y:09 P:04 S:FD mem:002AEF06 13:16107 tv:0.000000 B1: LDA (),y
lcpuC PC:DEB4 (20 E3 FF) A:6F X:43 Y:09 P:04 S:FD mem:002AEF06 13:16102 tv:0.000000 20: JSR
lcpuC PC:FFE3 (C9 0D D0) A:6F X:43 Y:09 P:04 S:FB mem:002AEF06 13:16096 tv:0.000000 C9: CMP imm
readmem_ex! addr=FFE4 val=0D
lcpuC PC:FFE5 (D0 07 A9) A:6F X:43 Y:09 P:05 S:FB mem:002AEF06 13:16094 tv:0.000003 D0: BNE
readmem_ex! addr=FFE6 val=07
lcpuC PC:FFEE (6C 0E 02) A:6F X:43 Y:09 P:05 S:FB mem:002AEF06 13:16091 tv:0.000004 6C: JMP ()
readmem_ex! addr=FFEF val=0E
readmem_ex! addr=FFF0 val=02
lcpuC PC:E0A4 (48 8A 48) A:6F X:43 Y:09 P:05 S:FB mem:002AEF06 13:16086 tv:0.000006 48: PHA
lcpuC PC:E0A5 (8A 48 98) A:6F X:43 Y:09 P:05 S:FA mem:002AEF32 13:16083 tv:0.000000 8A: TXA
lcpuC PC:E0A6 (48 98 48) A:43 X:43 Y:09 P:05 S:FA mem:002AEF32 13:16081 tv:0.000001 48: PHA
lcpuC PC:E0A7 (98 48 BA) A:43 X:43 Y:09 P:05 S:F9 mem:002AEF55 13:16078 tv:0.000000 98: TYA
lcpuC PC:E0A8 (48 BA BD) A:09 X:43 Y:09 P:05 S:F9 mem:002AEF55 13:16076 tv:0.000000 48: PHA
lcpuC PC:E0A9 (BA BD 03) A:09 X:43 Y:09 P:05 S:F8 mem:002AEF56 13:16073 tv:0.000001 BA: TSX
lcpuC PC:E0AA (BD 03 01) A:09 X:F8 Y:09 P:85 S:F8 mem:002AEF56 13:16071 tv:0.000000 BD: LDA abs,x
lcpuC PC:E0AD (48 2C 60) A:6F X:F8 Y:09 P:05 S:F8 mem:002AEF56 13:16067 tv:0.000001 48: PHA
lcpuC PC:E0AE (2C 60 02) A:6F X:F8 Y:09 P:05 S:F7 mem:002AEF82 13:16064 tv:0.000000 2C: BIT abs
lcpuC PC:E0B1 (10 08 A8) A:6F X:F8 Y:09 P:07 S:F7 mem:002AEF82 13:16060 tv:0.000000 10: BPL
lcpuC PC:E0BB (18 A9 02) A:6F X:F8 Y:09 P:07 S:F7 mem:002AEF82 13:16057 tv:0.000000 18: CLC
lcpuC PC:E0BC (A9 02 2C) A:6F X:F8 Y:09 P:06 S:F7 mem:002AEF82 13:16055 tv:0.000000 A9: LDA imm
lcpuC PC:E0BE (2C 7C 02) A:02 X:F8 Y:09 P:04 S:F7 mem:002AEF82 13:16053 tv:0.000000 2C: BIT abs
lcpuC PC:E0C1 (D0 05 68) A:02 X:F8 Y:09 P:06 S:F7 mem:002AEF82 13:16049 tv:0.000000 D0: BNE
lcpuC PC:E0C3 (68 48 20) A:02 X:F8 Y:09 P:06 S:F7 mem:002AEF82 13:16047 tv:0.000001 68: PLA
lcpuC PC:E0C4 (48 20 C0) A:6F X:F8 Y:09 P:04 S:F8 mem:002AEF82 13:16043 tv:0.000001 48: PHA
lcpuC PC:E0C5 (20 C0 C4) A:6F X:F8 Y:09 P:04 S:F7 mem:002AEF82 13:16040 tv:0.000001 20: JSR
lcpuC PC:C4C0 (AE 6A 02) A:6F X:F8 Y:09 P:04 S:F5 mem:002AEF82 13:16034 tv:0.000000 AE: LDX abs
lcpuC PC:C4C3 (D0 4D 24) A:6F X:00 Y:09 P:06 S:F5 mem:002AEF82 13:16030 tv:0.000001 D0: BNE
lcpuC PC:C4C5 (24 D0 50) A:6F X:00 Y:09 P:06 S:F5 mem:002AEF82 13:16028 tv:0.000001 24: BIT zp
lcpuC PC:C4C7 (50 0F 20) A:6F X:00 Y:09 P:06 S:F5 mem:002AEF82 13:16025 tv:0.000001 50: BVC
lcpuC PC:C4D8 (C9 7F F0) A:6F X:00 Y:09 P:06 S:F5 mem:002AEF82 13:16022 tv:0.000001 C9: CMP imm
lcpuC PC:C4DA (F0 11 C9) A:6F X:00 Y:09 P:84 S:F5 mem:002AEF82 13:16020 tv:0.000000 F0: BEQ
lcpuC PC:C4DC (C9 20 90) A:6F X:00 Y:09 P:84 S:F5 mem:002AEF82 13:16018 tv:0.000001 C9: CMP imm
lcpuC PC:C4DE (90 0F 24) A:6F X:00 Y:09 P:05 S:F5 mem:002AEF82 13:16016 tv:0.000000 90: BCC
lcpuC PC:C4E0 (24 D0 30) A:6F X:00 Y:09 P:05 S:F5 mem:002AEF82 13:16014 tv:0.000001 24: BIT zp
lcpuC PC:C4E2 (30 06 20) A:6F X:00 Y:09 P:07 S:F5 mem:002AEF82 13:16011 tv:0.000001 30: BMI
lcpuC PC:C4E4 (20 B7 CF) A:6F X:00 Y:09 P:07 S:F5 mem:002AEF82 13:16009 tv:0.000001 20: JSR
lcpuC PC:CFB7 (AE 60 03) A:6F X:00 Y:09 P:07 S:F3 mem:002AEF7F 13:16003 tv:0.000001 AE: LDX abs
lcpuC PC:CFBA (F0 20 20) A:6F X:00 Y:09 P:07 S:F3 mem:002AEF7F 13:15999 tv:0.000000 F0: BEQ
lcpuC PC:CFDC (A0 02 D9) A:6F X:00 Y:09 P:07 S:F3 mem:002AEF7F 13:15996 tv:0.000001 A0: LDY imm
lcpuC PC:CFDE (D9 B6 C4) A:6F X:00 Y:02 P:05 S:F3 mem:002AEF7F 13:15994 tv:0.000000 D9: CMP abs,y
lcpuC PC:CFE1 (F0 06 88) A:6F X:00 Y:02 P:05 S:F3 mem:002AEF7F 13:15990 tv:0.000000 F0: BEQ
lcpuC PC:CFE3 (88 10 F8) A:6F X:00 Y:02 P:05 S:F3 mem:002AEF7F 13:15988 tv:0.000000 88: DEY
lcpuC PC:CFE4 (10 F8 81) A:6F X:00 Y:01 P:05 S:F3 mem:002AEF7F 13:15986 tv:0.000000 10: BPL
lcpuC PC:CFDE (D9 B6 C4) A:6F X:00 Y:01 P:05 S:F3 mem:002AEF7F 13:15983 tv:0.000000 D9: CMP abs,y
lcpuC PC:CFE1 (F0 06 88) A:6F X:00 Y:01 P:05 S:F3 mem:002AEF7F 13:15979 tv:0.000001 F0: BEQ
lcpuC PC:CFE3 (88 10 F8) A:6F X:00 Y:01 P:05 S:F3 mem:002AEF7F 13:15977 tv:0.000000 88: DEY
lcpuC PC:CFE4 (10 F8 81) A:6F X:00 Y:00 P:07 S:F3 mem:002AEF7F 13:15975 tv:0.000001 10: BPL
lcpuC PC:CFDE (D9 B6 C4) A:6F X:00 Y:00 P:07 S:F3 mem:002AEF7F 13:15972 tv:0.000000 D9: CMP abs,y
lcpuC PC:CFE1 (F0 06 88) A:6F X:00 Y:00 P:05 S:F3 mem:002AEF7F 13:15968 tv:0.000000 F0: BEQ
lcpuC PC:CFE3 (88 10 F8) A:6F X:00 Y:00 P:05 S:F3 mem:002AEF7F 13:15966 tv:0.000000 88: DEY
lcpuC PC:CFE4 (10 F8 81) A:6F X:00 Y:FF P:85 S:F3 mem:002AEF7F 13:15964 tv:0.000000 10: BPL
lcpuC PC:CFE6 (81 D8 60) A:6F X:00 Y:FF P:85 S:F3 mem:002AEF7F 13:15962 tv:0.000000 81: STA (,x)
lcpuC PC:CFE8 (60 B9 B7) A:6F X:00 Y:FF P:85 S:F3 mem:002AEFCE 13:15956 tv:0.000000 60: RTS
lcpuC PC:C4E7 (20 64 C6) A:6F X:00 Y:FF P:85 S:F5 mem:002AEFCE 13:15950 tv:0.000001 20: JSR
lcpuC PC:C664 (A5 D0 29) A:6F X:00 Y:FF P:85 S:F3 mem:002AEFD1 13:15944 tv:0.000001 A5: LDA zp
lcpuC PC:C666 (29 20 D0) A:00 X:00 Y:FF P:07 S:F3 mem:002AEFD1 13:15941 tv:0.000007 29: AND
lcpuC PC:C668 (D0 4A AE) A:00 X:00 Y:FF P:07 S:F3 mem:002AEFD1 13:15938 tv:0.000001 D0: BNE
lcpuC PC:C66A (AE 18 03) A:00 X:00 Y:FF P:07 S:F3 mem:002AEFD1 13:15936 tv:0.000001 AE: LDX abs
lcpuC PC:C66D (EC 0A 03) A:00 X:05 Y:FF P:05 S:F3 mem:002AEFD1 13:15932 tv:0.000000 EC: CPX abs
lcpuC PC:C670 (B0 12 EE) A:00 X:05 Y:FF P:84 S:F3 mem:002AEFD1 13:15928 tv:0.000001 B0: BCS
lcpuC PC:C672 (EE 18 03) A:00 X:05 Y:FF P:84 S:F3 mem:002AEFD1 13:15926 tv:0.000000 EE: INC abs
lcpuC PC:C675 (AD 4A 03) A:00 X:05 Y:FF P:04 S:F3 mem:002AEFD2 13:15920 tv:0.000001 AD: LDA abs
lcpuC PC:C678 (6D 4F 03) A:2D X:05 Y:FF P:04 S:F3 mem:002AEFD2 13:15916 tv:0.000000 6D: ADC abs
lcpuC PC:C67B (AA AD 4B) A:2E X:05 Y:FF P:04 S:F3 mem:002AEFD2 13:15912 tv:0.000001 AA: TAX
lcpuC PC:C67C (AD 4B 03) A:2E X:2E Y:FF P:04 S:F3 mem:002AEFD2 13:15910 tv:0.000001 AD: LDA abs
lcpuC PC:C67F (69 00 4C) A:7C X:2E Y:FF P:04 S:F3 mem:002AEFD2 13:15906 tv:0.000000 69: ADC imm
lcpuC PC:C681 (4C F6 C9) A:7C X:2E Y:FF P:04 S:F3 mem:002AEFD2 13:15904 tv:0.000000 4C: JMP
lcpuC PC:C9F6 (8E 4A 03) A:7C X:2E Y:FF P:04 S:F3 mem:002AEFD2 13:15901 tv:0.000001 8E: STX abs
lcpuC PC:C9F9 (8D 4B 03) A:7C X:2E Y:FF P:04 S:F3 mem:002AEFD3 13:15897 tv:0.000001 8D: STA abs
lcpuC PC:C9FC (10 04 38) A:7C X:2E Y:FF P:04 S:F3 mem:002AEFD3 13:15893 tv:0.000001 10: BPL
lcpuC PC:CA02 (86 D8 85) A:7C X:2E Y:FF P:04 S:F3 mem:002AEFD3 13:15890 tv:0.000000 86: STX zp
lcpuC PC:CA04 (85 D9 AE) A:7C X:2E Y:FF P:04 S:F3 mem:002AEFD4 13:15887 tv:0.000001 85: STA zp
lcpuC PC:CA06 (AE 4A 03) A:7C X:2E Y:FF P:04 S:F3 mem:002AEFD4 13:15884 tv:0.000000 AE: LDX abs
lcpuC PC:CA09 (AD 4B 03) A:7C X:2E Y:FF P:04 S:F3 mem:002AEFD4 13:15880 tv:0.000001 AD: LDA abs
lcpuC PC:CA0C (A0 0E 48) A:7C X:2E Y:FF P:04 S:F3 mem:002AEFD4 13:15876 tv:0.000000 A0: LDY imm
lcpuC PC:CA0E (48 AD 55) A:7C X:2E Y:0E P:04 S:F3 mem:002AEFD4 13:15874 tv:0.000001 48: PHA
lcpuC PC:CA0F (AD 55 03) A:7C X:2E Y:0E P:04 S:F2 mem:002AEFD4 13:15871 tv:0.000001 AD: LDA abs
lcpuC PC:CA12 (C9 07 68) A:07 X:2E Y:0E P:04 S:F2 mem:002AEFD4 13:15867 tv:0.000000 C9: CMP imm
lcpuC PC:CA14 (68 B0 10) A:07 X:2E Y:0E P:07 S:F2 mem:002AEFD4 13:15865 tv:0.000000 68: PLA
lcpuC PC:CA15 (B0 10 86) A:7C X:2E Y:0E P:05 S:F3 mem:002AEFD4 13:15861 tv:0.000000 B0: BCS
lcpuC PC:CA27 (E9 74 49) A:7C X:2E Y:0E P:05 S:F3 mem:002AEFD4 13:15858 tv:0.000001 E9: SBC imm
lcpuC PC:CA29 (49 20 8C) A:08 X:2E Y:0E P:05 S:F3 mem:002AEFD4 13:15856 tv:0.000000 49: EOR imm
lcpuC PC:CA2B (8C 00 FE) A:28 X:2E Y:0E P:05 S:F3 mem:002AEFD4 13:15854 tv:0.000001 8C: STY abs
here! 0x00000e 0x00ca2e 0xe6fa3010 0xcdde0ebc tv:0.000000 (cycle 15854  pc ~CA2B
writemem_ex! addr=FE00 val=0E
lcpuC PC:CA2E (8D 01 FE) A:28 X:2E Y:0E P:05 S:F3 mem:002AEFD4 13:15850 tv:0.000007 8D: STA abs
here! 0x000028 0x00ca31 0xe6fa3010 0xcdde0ebc tv:0.000000 (cycle 15850  pc ~CA2E
writemem_ex! addr=FE01 val=28
lcpuC PC:CA31 (C8 8C 00) A:28 X:2E Y:0E P:05 S:F3 mem:002AEFD4 13:15846 tv:0.000007 C8: INY
lcpuC PC:CA32 (8C 00 FE) A:28 X:2E Y:0F P:05 S:F3 mem:002AEFD4 13:15844 tv:0.000000 8C: STY abs
here! 0x00000f 0x00ca35 0xe6fa3010 0xcdde0ebc tv:0.000000 (cycle 15844  pc ~CA32
writemem_ex! addr=FE00 val=0F
lcpuC PC:CA35 (8E 01 FE) A:28 X:2E Y:0F P:05 S:F3 mem:002AEFD4 13:15840 tv:0.000006 8E: STX abs
here! 0x00002e 0x00ca38 0xe6fa3010 0xcdde0ebc tv:0.000001 (cycle 15840  pc ~CA35
writemem_ex! addr=FE01 val=2E
lcpuC PC:CA38 (60 20 81) A:28 X:2E Y:0F P:05 S:F3 mem:002AEFD4 13:15836 tv:0.000007 60: RTS
lcpuC PC:C4EA (4C 5E C5) A:28 X:2E Y:0F P:05 S:F5 mem:002AEFD4 13:15830 tv:0.000001 4C: JMP
lcpuC PC:C55E (A5 D0 4A) A:28 X:2E Y:0F P:05 S:F5 mem:002AEFD4 13:15827 tv:0.000000 A5: LDA zp
lcpuC PC:C560 (4A 24 D0) A:00 X:2E Y:0F P:07 S:F5 mem:002AEFD4 13:15824 tv:0.000001 4A: LSR A
lcpuC PC:C561 (24 D0 50) A:00 X:2E Y:0F P:06 S:F5 mem:002AEFD4 13:15822 tv:0.000001 24: BIT zp
lcpuC PC:C563 (50 AC 20) A:00 X:2E Y:0F P:06 S:F5 mem:002AEFD4 13:15819 tv:0.000001 50: BVC
lcpuC PC:C511 (60 9D 24) A:00 X:2E Y:0F P:06 S:F5 mem:002AEFD4 13:15816 tv:0.000000 60: RTS
lcpuC PC:E0C8 (A9 08 2C) A:00 X:2E Y:0F P:06 S:F7 mem:002AEFD4 13:15810 tv:0.000000 A9: LDA imm
lcpuC PC:E0CA (2C 7C 02) A:08 X:2E Y:0F P:04 S:F7 mem:002AEFD4 13:15808 tv:0.000000 2C: BIT abs
lcpuC PC:E0CD (D0 02 90) A:08 X:2E Y:0F P:06 S:F7 mem:002AEFD4 13:15804 tv:0.000001 D0: BNE
lcpuC PC:E0CF (90 05 68) A:08 X:2E Y:0F P:06 S:F7 mem:002AEFD4 13:15802 tv:0.000001 90: BCC
lcpuC PC:E0D6 (AD 7C 02) A:08 X:2E Y:0F P:06 S:F7 mem:002AEFD4 13:15799 tv:0.000000 AD: LDA abs
lcpuC PC:E0D9 (6A 90 1B) A:00 X:2E Y:0F P:06 S:F7 mem:002AEFD4 13:15795 tv:0.000001 6A: ROR A
lcpuC PC:E0DA (90 1B A4) A:00 X:2E Y:0F P:06 S:F7 mem:002AEFD4 13:15793 tv:0.000000 90: BCC
lcpuC PC:E0F7 (A9 10 2C) A:00 X:2E Y:0F P:06 S:F7 mem:002AEFD4 13:15790 tv:0.000001 A9: LDA imm
lcpuC PC:E0F9 (2C 7C 02) A:10 X:2E Y:0F P:04 S:F7 mem:002AEFD4 13:15788 tv:0.000000 2C: BIT abs
lcpuC PC:E0FC (D0 0F AC) A:10 X:2E Y:0F P:06 S:F7 mem:002AEFD4 13:15784 tv:0.000000 D0: BNE
lcpuC PC:E0FE (AC 57 02) A:10 X:2E Y:0F P:06 S:F7 mem:002AEFD4 13:15782 tv:0.000000 AC: LDY abs
lcpuC PC:E101 (F0 0A 68) A:10 X:2E Y:00 P:06 S:F7 mem:002AEFD4 13:15778 tv:0.000001 F0: BEQ
lcpuC PC:E10D (68 68 A8) A:10 X:2E Y:00 P:06 S:F7 mem:002AEFD4 13:15775 tv:0.000000 68: PLA
lcpuC PC:E10E (68 A8 68) A:6F X:2E Y:00 P:04 S:F8 mem:002AEFD4 13:15771 tv:0.000001 68: PLA
lcpuC PC:E10F (A8 68 AA) A:09 X:2E Y:00 P:04 S:F9 mem:002AEFD4 13:15767 tv:0.000001 A8: TAY
lcpuC PC:E110 (68 AA 68) A:09 X:2E Y:09 P:04 S:F9 mem:002AEFD4 13:15765 tv:0.000000 68: PLA
lcpuC PC:E111 (AA 68 60) A:43 X:2E Y:09 P:04 S:FA mem:002AEFD4 13:15761 tv:0.000001 AA: TAX
lcpuC PC:E112 (68 60 2C) A:43 X:43 Y:09 P:04 S:FA mem:002AEFD4 13:15759 tv:0.000001 68: PLA
lcpuC PC:E113 (60 2C 7C) A:6F X:43 Y:09 P:04 S:FB mem:002AEFD4 13:15755 tv:0.000000 60: RTS
lcpuC PC:DEB7 (AA D0 F7) A:6F X:43 Y:09 P:04 S:FD mem:002AEFD4 13:15749 tv:0.000000 AA: TAX
lcpuC PC:DEB8 (D0 F7 60) A:6F X:6F Y:09 P:04 S:FD mem:002AEFD4 13:15747 tv:0.000001 D0: BNE
lcpuC PC:DEB1 (C8 B1 FD) A:6F X:6F Y:09 P:04 S:FD mem:002AEFD4 13:15744 tv:0.000001 C8: INY
lcpuC PC:DEB2 (B1 FD 20) A:6F X:6F Y:0A P:04 S:FD mem:002AEFD4 13:15742 tv:0.000001 B1: LDA (),y
lcpuC PC:DEB4 (20 E3 FF) A:6D X:6F Y:0A P:04 S:FD mem:002AEFD4 13:15737 tv:0.000000 20: JSR
lcpuC PC:FFE3 (C9 0D D0) A:6D X:6F Y:0A P:04 S:FB mem:002AEFD4 13:15731 tv:0.000001 C9: CMP imm
readmem_ex! addr=FFE4 val=0D
lcpuC PC:FFE5 (D0 07 A9) A:6D X:6F Y:0A P:05 S:FB mem:002AEFD4 13:15729 tv:0.000003 D0: BNE
readmem_ex! addr=FFE6 val=07
lcpuC PC:FFEE (6C 0E 02) A:6D X:6F Y:0A P:05 S:FB mem:002AEFD4 13:15726 tv:0.000003 6C: JMP ()
readmem_ex! addr=FFEF val=0E
readmem_ex! addr=FFF0 val=02
lcpuC PC:E0A4 (48 8A 48) A:6D X:6F Y:0A P:05 S:FB mem:002AEFD4 13:15721 tv:0.000006 48: PHA
lcpuC PC:E0A5 (8A 48 98) A:6D X:6F Y:0A P:05 S:FA mem:002AEFD2 13:15718 tv:0.000001 8A: TXA
lcpuC PC:E0A6 (48 98 48) A:6F X:6F Y:0A P:05 S:FA mem:002AEFD2 13:15716 tv:0.000000 48: PHA
lcpuC PC:E0A7 (98 48 BA) A:6F X:6F Y:0A P:05 S:F9 mem:002AEFFE 13:15713 tv:0.000001 98: TYA
lcpuC PC:E0A8 (48 BA BD) A:0A X:6F Y:0A P:05 S:F9 mem:002AEFFE 13:15711 tv:0.000001 48: PHA
lcpuC PC:E0A9 (BA BD 03) A:0A X:6F Y:0A P:05 S:F8 mem:002AEFFF 13:15708 tv:0.000000 BA: TSX
lcpuC PC:E0AA (BD 03 01) A:0A X:F8 Y:0A P:85 S:F8 mem:002AEFFF 13:15706 tv:0.000001 BD: LDA abs,x
lcpuC PC:E0AD (48 2C 60) A:6D X:F8 Y:0A P:05 S:F8 mem:002AEFFF 13:15702 tv:0.000001 48: PHA
lcpuC PC:E0AE (2C 60 02) A:6D X:F8 Y:0A P:05 S:F7 mem:002AEFFD 13:15699 tv:0.000000 2C: BIT abs
lcpuC PC:E0B1 (10 08 A8) A:6D X:F8 Y:0A P:07 S:F7 mem:002AEFFD 13:15695 tv:0.000001 10: BPL
lcpuC PC:E0BB (18 A9 02) A:6D X:F8 Y:0A P:07 S:F7 mem:002AEFFD 13:15692 tv:0.000001 18: CLC
lcpuC PC:E0BC (A9 02 2C) A:6D X:F8 Y:0A P:06 S:F7 mem:002AEFFD 13:15690 tv:0.000000 A9: LDA imm
lcpuC PC:E0BE (2C 7C 02) A:02 X:F8 Y:0A P:04 S:F7 mem:002AEFFD 13:15688 tv:0.000000 2C: BIT abs
lcpuC PC:E0C1 (D0 05 68) A:02 X:F8 Y:0A P:06 S:F7 mem:002AEFFD 13:15684 tv:0.000005 D0: BNE
lcpuC PC:E0C3 (68 48 20) A:02 X:F8 Y:0A P:06 S:F7 mem:002AEFFD 13:15682 tv:0.000000 68: PLA
lcpuC PC:E0C4 (48 20 C0) A:6D X:F8 Y:0A P:04 S:F8 mem:002AEFFD 13:15678 tv:0.000001 48: PHA
lcpuC PC:E0C5 (20 C0 C4) A:6D X:F8 Y:0A P:04 S:F7 mem:002AEFFD 13:15675 tv:0.000000 20: JSR
lcpuC PC:C4C0 (AE 6A 02) A:6D X:F8 Y:0A P:04 S:F5 mem:002AEFFD 13:15669 tv:0.000001 AE: LDX abs
lcpuC PC:C4C3 (D0 4D 24) A:6D X:00 Y:0A P:06 S:F5 mem:002AEFFD 13:15665 tv:0.000000 D0: BNE
lcpuC PC:C4C5 (24 D0 50) A:6D X:00 Y:0A P:06 S:F5 mem:002AEFFD 13:15663 tv:0.000001 24: BIT zp
lcpuC PC:C4C7 (50 0F 20) A:6D X:00 Y:0A P:06 S:F5 mem:002AEFFD 13:15660 tv:0.000001 50: BVC
lcpuC PC:C4D8 (C9 7F F0) A:6D X:00 Y:0A P:06 S:F5 mem:002AEFFD 13:15657 tv:0.000000 C9: CMP imm
lcpuC PC:C4DA (F0 11 C9) A:6D X:00 Y:0A P:84 S:F5 mem:002AEFFD 13:15655 tv:0.000001 F0: BEQ
lcpuC PC:C4DC (C9 20 90) A:6D X:00 Y:0A P:84 S:F5 mem:002AEFFD 13:15653 tv:0.000001 C9: CMP imm
lcpuC PC:C4DE (90 0F 24) A:6D X:00 Y:0A P:05 S:F5 mem:002AEFFD 13:15651 tv:0.000001 90: BCC
lcpuC PC:C4E0 (24 D0 30) A:6D X:00 Y:0A P:05 S:F5 mem:002AEFFD 13:15649 tv:0.000001 24: BIT zp
lcpuC PC:C4E2 (30 06 20) A:6D X:00 Y:0A P:07 S:F5 mem:002AEFFD 13:15646 tv:0.000001 30: BMI
lcpuC PC:C4E4 (20 B7 CF) A:6D X:00 Y:0A P:07 S:F5 mem:002AEFFD 13:15644 tv:0.000000 20: JSR
lcpuC PC:CFB7 (AE 60 03) A:6D X:00 Y:0A P:07 S:F3 mem:002AEFFA 13:15638 tv:0.000001 AE: LDX abs
lcpuC PC:CFBA (F0 20 20) A:6D X:00 Y:0A P:07 S:F3 mem:002AEFFA 13:15634 tv:0.000000 F0: BEQ
lcpuC PC:CFDC (A0 02 D9) A:6D X:00 Y:0A P:07 S:F3 mem:002AEFFA 13:15631 tv:0.000001 A0: LDY imm
lcpuC PC:CFDE (D9 B6 C4) A:6D X:00 Y:02 P:05 S:F3 mem:002AEFFA 13:15629 tv:0.000001 D9: CMP abs,y
lcpuC PC:CFE1 (F0 06 88) A:6D X:00 Y:02 P:05 S:F3 mem:002AEFFA 13:15625 tv:0.000001 F0: BEQ
lcpuC PC:CFE3 (88 10 F8) A:6D X:00 Y:02 P:05 S:F3 mem:002AEFFA 13:15623 tv:0.000000 88: DEY
lcpuC PC:CFE4 (10 F8 81) A:6D X:00 Y:01 P:05 S:F3 mem:002AEFFA 13:15621 tv:0.000000 10: BPL
lcpuC PC:CFDE (D9 B6 C4) A:6D X:00 Y:01 P:05 S:F3 mem:002AEFFA 13:15618 tv:0.000001 D9: CMP abs,y
lcpuC PC:CFE1 (F0 06 88) A:6D X:00 Y:01 P:05 S:F3 mem:002AEFFA 13:15614 tv:0.000001 F0: BEQ
lcpuC PC:CFE3 (88 10 F8) A:6D X:00 Y:01 P:05 S:F3 mem:002AEFFA 13:15612 tv:0.000001 88: DEY
lcpuC PC:CFE4 (10 F8 81) A:6D X:00 Y:00 P:07 S:F3 mem:002AEFFA 13:15610 tv:0.000000 10: BPL
lcpuC PC:CFDE (D9 B6 C4) A:6D X:00 Y:00 P:07 S:F3 mem:002AEFFA 13:15607 tv:0.000000 D9: CMP abs,y
lcpuC PC:CFE1 (F0 06 88) A:6D X:00 Y:00 P:05 S:F3 mem:002AEFFA 13:15603 tv:0.000001 F0: BEQ
lcpuC PC:CFE3 (88 10 F8) A:6D X:00 Y:00 P:05 S:F3 mem:002AEFFA 13:15601 tv:0.000000 88: DEY
lcpuC PC:CFE4 (10 F8 81) A:6D X:00 Y:FF P:85 S:F3 mem:002AEFFA 13:15599 tv:0.000001 10: BPL
lcpuC PC:CFE6 (81 D8 60) A:6D X:00 Y:FF P:85 S:F3 mem:002AEFFA 13:15597 tv:0.000000 81: STA (,x)
lcpuC PC:CFE8 (60 B9 B7) A:6D X:00 Y:FF P:85 S:F3 mem:002AF047 13:15591 tv:0.000001 60: RTS
lcpuC PC:C4E7 (20 64 C6) A:6D X:00 Y:FF P:85 S:F5 mem:002AF047 13:15585 tv:0.000000 20: JSR
lcpuC PC:C664 (A5 D0 29) A:6D X:00 Y:FF P:85 S:F3 mem:002AF04A 13:15579 tv:0.000001 A5: LDA zp
lcpuC PC:C666 (29 20 D0) A:00 X:00 Y:FF P:07 S:F3 mem:002AF04A 13:15576 tv:0.000001 29: AND
lcpuC PC:C668 (D0 4A AE) A:00 X:00 Y:FF P:07 S:F3 mem:002AF04A 13:15573 tv:0.000001 D0: BNE
lcpuC PC:C66A (AE 18 03) A:00 X:00 Y:FF P:07 S:F3 mem:002AF04A 13:15571 tv:0.000001 AE: LDX abs
lcpuC PC:C66D (EC 0A 03) A:00 X:06 Y:FF P:05 S:F3 mem:002AF04A 13:15567 tv:0.000001 EC: CPX abs
lcpuC PC:C670 (B0 12 EE) A:00 X:06 Y:FF P:84 S:F3 mem:002AF04A 13:15563 tv:0.000001 B0: BCS
lcpuC PC:C672 (EE 18 03) A:00 X:06 Y:FF P:84 S:F3 mem:002AF04A 13:15561 tv:0.000001 EE: INC abs
lcpuC PC:C675 (AD 4A 03) A:00 X:06 Y:FF P:04 S:F3 mem:002AF04B 13:15555 tv:0.000001 AD: LDA abs
lcpuC PC:C678 (6D 4F 03) A:2E X:06 Y:FF P:04 S:F3 mem:002AF04B 13:15551 tv:0.000000 6D: ADC abs
lcpuC PC:C67B (AA AD 4B) A:2F X:06 Y:FF P:04 S:F3 mem:002AF04B 13:15547 tv:0.000001 AA: TAX
lcpuC PC:C67C (AD 4B 03) A:2F X:2F Y:FF P:04 S:F3 mem:002AF04B 13:15545 tv:0.000001 AD: LDA abs
lcpuC PC:C67F (69 00 4C) A:7C X:2F Y:FF P:04 S:F3 mem:002AF04B 13:15541 tv:0.000001 69: ADC imm
lcpuC PC:C681 (4C F6 C9) A:7C X:2F Y:FF P:04 S:F3 mem:002AF04B 13:15539 tv:0.000000 4C: JMP
lcpuC PC:C9F6 (8E 4A 03) A:7C X:2F Y:FF P:04 S:F3 mem:002AF04B 13:15536 tv:0.000001 8E: STX abs
lcpuC PC:C9F9 (8D 4B 03) A:7C X:2F Y:FF P:04 S:F3 mem:002AF04C 13:15532 tv:0.000000 8D: STA abs
lcpuC PC:C9FC (10 04 38) A:7C X:2F Y:FF P:04 S:F3 mem:002AF04C 13:15528 tv:0.000000 10: BPL
lcpuC PC:CA02 (86 D8 85) A:7C X:2F Y:FF P:04 S:F3 mem:002AF04C 13:15525 tv:0.000001 86: STX zp
lcpuC PC:CA04 (85 D9 AE) A:7C X:2F Y:FF P:04 S:F3 mem:002AF04D 13:15522 tv:0.000001 85: STA zp
lcpuC PC:CA06 (AE 4A 03) A:7C X:2F Y:FF P:04 S:F3 mem:002AF04D 13:15519 tv:0.000000 AE: LDX abs
lcpuC PC:CA09 (AD 4B 03) A:7C X:2F Y:FF P:04 S:F3 mem:002AF04D 13:15515 tv:0.000000 AD: LDA abs
lcpuC PC:CA0C (A0 0E 48) A:7C X:2F Y:FF P:04 S:F3 mem:002AF04D 13:15511 tv:0.000001 A0: LDY imm
lcpuC PC:CA0E (48 AD 55) A:7C X:2F Y:0E P:04 S:F3 mem:002AF04D 13:15509 tv:0.000000 48: PHA
lcpuC PC:CA0F (AD 55 03) A:7C X:2F Y:0E P:04 S:F2 mem:002AF04D 13:15506 tv:0.000001 AD: LDA abs
lcpuC PC:CA12 (C9 07 68) A:07 X:2F Y:0E P:04 S:F2 mem:002AF04D 13:15502 tv:0.000001 C9: CMP imm
lcpuC PC:CA14 (68 B0 10) A:07 X:2F Y:0E P:07 S:F2 mem:002AF04D 13:15500 tv:0.000000 68: PLA
lcpuC PC:CA15 (B0 10 86) A:7C X:2F Y:0E P:05 S:F3 mem:002AF04D 13:15496 tv:0.000001 B0: BCS
lcpuC PC:CA27 (E9 74 49) A:7C X:2F Y:0E P:05 S:F3 mem:002AF04D 13:15493 tv:0.000001 E9: SBC imm
lcpuC PC:CA29 (49 20 8C) A:08 X:2F Y:0E P:05 S:F3 mem:002AF04D 13:15491 tv:0.000001 49: EOR imm
lcpuC PC:CA2B (8C 00 FE) A:28 X:2F Y:0E P:05 S:F3 mem:002AF04D 13:15489 tv:0.000001 8C: STY abs
here! 0x00000e 0x00ca2e 0xe6fa3010 0xcdde0ebc tv:0.000000 (cycle 15489  pc ~CA2B
writemem_ex! addr=FE00 val=0E
lcpuC PC:CA2E (8D 01 FE) A:28 X:2F Y:0E P:05 S:F3 mem:002AF04D 13:15485 tv:0.000007 8D: STA abs
here! 0x000028 0x00ca31 0xe6fa3010 0xcdde0ebc tv:0.000000 (cycle 15485  pc ~CA2E
writemem_ex! addr=FE01 val=28
lcpuC PC:CA31 (C8 8C 00) A:28 X:2F Y:0E P:05 S:F3 mem:002AF04D 13:15481 tv:0.000007 C8: INY
lcpuC PC:CA32 (8C 00 FE) A:28 X:2F Y:0F P:05 S:F3 mem:002AF04D 13:15479 tv:0.000000 8C: STY abs
here! 0x00000f 0x00ca35 0xe6fa3010 0xcdde0ebc tv:0.000000 (cycle 15479  pc ~CA32
writemem_ex! addr=FE00 val=0F
lcpuC PC:CA35 (8E 01 FE) A:28 X:2F Y:0F P:05 S:F3 mem:002AF04D 13:15475 tv:0.000006 8E: STX abs
here! 0x00002f 0x00ca38 0xe6fa3010 0xcdde0ebc tv:0.000000 (cycle 15475  pc ~CA35
writemem_ex! addr=FE01 val=2F
lcpuC PC:CA38 (60 20 81) A:28 X:2F Y:0F P:05 S:F3 mem:002AF04D 13:15471 tv:0.000007 60: RTS
lcpuC PC:C4EA (4C 5E C5) A:28 X:2F Y:0F P:05 S:F5 mem:002AF04D 13:15465 tv:0.000001 4C: JMP
lcpuC PC:C55E (A5 D0 4A) A:28 X:2F Y:0F P:05 S:F5 mem:002AF04D 13:15462 tv:0.000000 A5: LDA zp
lcpuC PC:C560 (4A 24 D0) A:00 X:2F Y:0F P:07 S:F5 mem:002AF04D 13:15459 tv:0.000001 4A: LSR A
lcpuC PC:C561 (24 D0 50) A:00 X:2F Y:0F P:06 S:F5 mem:002AF04D 13:15457 tv:0.000000 24: BIT zp
lcpuC PC:C563 (50 AC 20) A:00 X:2F Y:0F P:06 S:F5 mem:002AF04D 13:15454 tv:0.000000 50: BVC
lcpuC PC:C511 (60 9D 24) A:00 X:2F Y:0F P:06 S:F5 mem:002AF04D 13:15451 tv:0.000001 60: RTS
lcpuC PC:E0C8 (A9 08 2C) A:00 X:2F Y:0F P:06 S:F7 mem:002AF04D 13:15445 tv:0.000000 A9: LDA imm
lcpuC PC:E0CA (2C 7C 02) A:08 X:2F Y:0F P:04 S:F7 mem:002AF04D 13:15443 tv:0.000000 2C: BIT abs
lcpuC PC:E0CD (D0 02 90) A:08 X:2F Y:0F P:06 S:F7 mem:002AF04D 13:15439 tv:0.000001 D0: BNE
lcpuC PC:E0CF (90 05 68) A:08 X:2F Y:0F P:06 S:F7 mem:002AF04D 13:15437 tv:0.000001 90: BCC
lcpuC PC:E0D6 (AD 7C 02) A:08 X:2F Y:0F P:06 S:F7 mem:002AF04D 13:15434 tv:0.000000 AD: LDA abs
lcpuC PC:E0D9 (6A 90 1B) A:00 X:2F Y:0F P:06 S:F7 mem:002AF04D 13:15430 tv:0.000000 6A: ROR A
lcpuC PC:E0DA (90 1B A4) A:00 X:2F Y:0F P:06 S:F7 mem:002AF04D 13:15428 tv:0.000007 90: BCC
lcpuC PC:E0F7 (A9 10 2C) A:00 X:2F Y:0F P:06 S:F7 mem:002AF04D 13:15425 tv:0.000001 A9: LDA imm
lcpuC PC:E0F9 (2C 7C 02) A:10 X:2F Y:0F P:04 S:F7 mem:002AF04D 13:15423 tv:0.000000 2C: BIT abs
lcpuC PC:E0FC (D0 0F AC) A:10 X:2F Y:0F P:06 S:F7 mem:002AF04D 13:15419 tv:0.000001 D0: BNE
lcpuC PC:E0FE (AC 57 02) A:10 X:2F Y:0F P:06 S:F7 mem:002AF04D 13:15417 tv:0.000000 AC: LDY abs
lcpuC PC:E101 (F0 0A 68) A:10 X:2F Y:00 P:06 S:F7 mem:002AF04D 13:15413 tv:0.000001 F0: BEQ
lcpuC PC:E10D (68 68 A8) A:10 X:2F Y:00 P:06 S:F7 mem:002AF04D 13:15410 tv:0.000002 68: PLA
lcpuC PC:E10E (68 A8 68) A:6D X:2F Y:00 P:04 S:F8 mem:002AF04D 13:15406 tv:0.000000 68: PLA
lcpuC PC:E10F (A8 68 AA) A:0A X:2F Y:00 P:04 S:F9 mem:002AF04D 13:15402 tv:0.000000 A8: TAY
lcpuC PC:E110 (68 AA 68) A:0A X:2F Y:0A P:04 S:F9 mem:002AF04D 13:15400 tv:0.000000 68: PLA
lcpuC PC:E111 (AA 68 60) A:6F X:2F Y:0A P:04 S:FA mem:002AF04D 13:15396 tv:0.000000 AA: TAX
lcpuC PC:E112 (68 60 2C) A:6F X:6F Y:0A P:04 S:FA mem:002AF04D 13:15394 tv:0.000001 68: PLA
lcpuC PC:E113 (60 2C 7C) A:6D X:6F Y:0A P:04 S:FB mem:002AF04D 13:15390 tv:0.000001 60: RTS
lcpuC PC:DEB7 (AA D0 F7) A:6D X:6F Y:0A P:04 S:FD mem:002AF04D 13:15384 tv:0.000001 AA: TAX
lcpuC PC:DEB8 (D0 F7 60) A:6D X:6D Y:0A P:04 S:FD mem:002AF04D 13:15382 tv:0.000001 D0: BNE
lcpuC PC:DEB1 (C8 B1 FD) A:6D X:6D Y:0A P:04 S:FD mem:002AF04D 13:15379 tv:0.000001 C8: INY
lcpuC PC:DEB2 (B1 FD 20) A:6D X:6D Y:0B P:04 S:FD mem:002AF04D 13:15377 tv:0.000001 B1: LDA (),y
lcpuC PC:DEB4 (20 E3 FF) A:70 X:6D Y:0B P:04 S:FD mem:002AF04D 13:15372 tv:0.000001 20: JSR
lcpuC PC:FFE3 (C9 0D D0) A:70 X:6D Y:0B P:04 S:FB mem:002AF04D 13:15366 tv:0.000001 C9: CMP imm
readmem_ex! addr=FFE4 val=0D
lcpuC PC:FFE5 (D0 07 A9) A:70 X:6D Y:0B P:05 S:FB mem:002AF04D 13:15364 tv:0.000004 D0: BNE
readmem_ex! addr=FFE6 val=07
lcpuC PC:FFEE (6C 0E 02) A:70 X:6D Y:0B P:05 S:FB mem:002AF04D 13:15361 tv:0.000003 6C: JMP ()
readmem_ex! addr=FFEF val=0E
readmem_ex! addr=FFF0 val=02
lcpuC PC:E0A4 (48 8A 48) A:70 X:6D Y:0B P:05 S:FB mem:002AF04D 13:15356 tv:0.000006 48: PHA
lcpuC PC:E0A5 (8A 48 98) A:70 X:6D Y:0B P:05 S:FA mem:002AF050 13:15353 tv:0.000000 8A: TXA
lcpuC PC:E0A6 (48 98 48) A:6D X:6D Y:0B P:05 S:FA mem:002AF050 13:15351 tv:0.000000 48: PHA
lcpuC PC:E0A7 (98 48 BA) A:6D X:6D Y:0B P:05 S:F9 mem:002AF04E 13:15348 tv:0.000000 98: TYA
lcpuC PC:E0A8 (48 BA BD) A:0B X:6D Y:0B P:05 S:F9 mem:002AF04E 13:15346 tv:0.000000 48: PHA
lcpuC PC:E0A9 (BA BD 03) A:0B X:6D Y:0B P:05 S:F8 mem:002AF04F 13:15343 tv:0.000001 BA: TSX
lcpuC PC:E0AA (BD 03 01) A:0B X:F8 Y:0B P:85 S:F8 mem:002AF04F 13:15341 tv:0.000001 BD: LDA abs,x
lcpuC PC:E0AD (48 2C 60) A:70 X:F8 Y:0B P:05 S:F8 mem:002AF04F 13:15337 tv:0.000001 48: PHA
lcpuC PC:E0AE (2C 60 02) A:70 X:F8 Y:0B P:05 S:F7 mem:002AF052 13:15334 tv:0.000001 2C: BIT abs
lcpuC PC:E0B1 (10 08 A8) A:70 X:F8 Y:0B P:07 S:F7 mem:002AF052 13:15330 tv:0.000000 10: BPL
lcpuC PC:E0BB (18 A9 02) A:70 X:F8 Y:0B P:07 S:F7 mem:002AF052 13:15327 tv:0.000001 18: CLC
lcpuC PC:E0BC (A9 02 2C) A:70 X:F8 Y:0B P:06 S:F7 mem:002AF052 13:15325 tv:0.000001 A9: LDA imm
lcpuC PC:E0BE (2C 7C 02) A:02 X:F8 Y:0B P:04 S:F7 mem:002AF052 13:15323 tv:0.000001 2C: BIT abs
lcpuC PC:E0C1 (D0 05 68) A:02 X:F8 Y:0B P:06 S:F7 mem:002AF052 13:15319 tv:0.000000 D0: BNE
lcpuC PC:E0C3 (68 48 20) A:02 X:F8 Y:0B P:06 S:F7 mem:002AF052 13:15317 tv:0.000001 68: PLA
lcpuC PC:E0C4 (48 20 C0) A:70 X:F8 Y:0B P:04 S:F8 mem:002AF052 13:15313 tv:0.000001 48: PHA
lcpuC PC:E0C5 (20 C0 C4) A:70 X:F8 Y:0B P:04 S:F7 mem:002AF052 13:15310 tv:0.000001 20: JSR
lcpuC PC:C4C0 (AE 6A 02) A:70 X:F8 Y:0B P:04 S:F5 mem:002AF052 13:15304 tv:0.000000 AE: LDX abs
lcpuC PC:C4C3 (D0 4D 24) A:70 X:00 Y:0B P:06 S:F5 mem:002AF052 13:15300 tv:0.000001 D0: BNE
lcpuC PC:C4C5 (24 D0 50) A:70 X:00 Y:0B P:06 S:F5 mem:002AF052 13:15298 tv:0.000000 24: BIT zp
lcpuC PC:C4C7 (50 0F 20) A:70 X:00 Y:0B P:06 S:F5 mem:002AF052 13:15295 tv:0.000000 50: BVC
lcpuC PC:C4D8 (C9 7F F0) A:70 X:00 Y:0B P:06 S:F5 mem:002AF052 13:15292 tv:0.000001 C9: CMP imm
lcpuC PC:C4DA (F0 11 C9) A:70 X:00 Y:0B P:84 S:F5 mem:002AF052 13:15290 tv:0.000000 F0: BEQ
lcpuC PC:C4DC (C9 20 90) A:70 X:00 Y:0B P:84 S:F5 mem:002AF052 13:15288 tv:0.000000 C9: CMP imm
lcpuC PC:C4DE (90 0F 24) A:70 X:00 Y:0B P:05 S:F5 mem:002AF052 13:15286 tv:0.000000 90: BCC
lcpuC PC:C4E0 (24 D0 30) A:70 X:00 Y:0B P:05 S:F5 mem:002AF052 13:15284 tv:0.000001 24: BIT zp
lcpuC PC:C4E2 (30 06 20) A:70 X:00 Y:0B P:07 S:F5 mem:002AF052 13:15281 tv:0.000000 30: BMI
lcpuC PC:C4E4 (20 B7 CF) A:70 X:00 Y:0B P:07 S:F5 mem:002AF052 13:15279 tv:0.000001 20: JSR
lcpuC PC:CFB7 (AE 60 03) A:70 X:00 Y:0B P:07 S:F3 mem:002AF04F 13:15273 tv:0.000001 AE: LDX abs
lcpuC PC:CFBA (F0 20 20) A:70 X:00 Y:0B P:07 S:F3 mem:002AF04F 13:15269 tv:0.000000 F0: BEQ
lcpuC PC:CFDC (A0 02 D9) A:70 X:00 Y:0B P:07 S:F3 mem:002AF04F 13:15266 tv:0.000001 A0: LDY imm
lcpuC PC:CFDE (D9 B6 C4) A:70 X:00 Y:02 P:05 S:F3 mem:002AF04F 13:15264 tv:0.000001 D9: CMP abs,y
lcpuC PC:CFE1 (F0 06 88) A:70 X:00 Y:02 P:05 S:F3 mem:002AF04F 13:15260 tv:0.000001 F0: BEQ
lcpuC PC:CFE3 (88 10 F8) A:70 X:00 Y:02 P:05 S:F3 mem:002AF04F 13:15258 tv:0.000001 88: DEY
lcpuC PC:CFE4 (10 F8 81) A:70 X:00 Y:01 P:05 S:F3 mem:002AF04F 13:15256 tv:0.000001 10: BPL
lcpuC PC:CFDE (D9 B6 C4) A:70 X:00 Y:01 P:05 S:F3 mem:002AF04F 13:15253 tv:0.000001 D9: CMP abs,y
lcpuC PC:CFE1 (F0 06 88) A:70 X:00 Y:01 P:05 S:F3 mem:002AF04F 13:15249 tv:0.000001 F0: BEQ
lcpuC PC:CFE3 (88 10 F8) A:70 X:00 Y:01 P:05 S:F3 mem:002AF04F 13:15247 tv:0.000000 88: DEY
lcpuC PC:CFE4 (10 F8 81) A:70 X:00 Y:00 P:07 S:F3 mem:002AF04F 13:15245 tv:0.000000 10: BPL
lcpuC PC:CFDE (D9 B6 C4) A:70 X:00 Y:00 P:07 S:F3 mem:002AF04F 13:15242 tv:0.000000 D9: CMP abs,y
lcpuC PC:CFE1 (F0 06 88) A:70 X:00 Y:00 P:05 S:F3 mem:002AF04F 13:15238 tv:0.000001 F0: BEQ
lcpuC PC:CFE3 (88 10 F8) A:70 X:00 Y:00 P:05 S:F3 mem:002AF04F 13:15236 tv:0.000000 88: DEY
lcpuC PC:CFE4 (10 F8 81) A:70 X:00 Y:FF P:85 S:F3 mem:002AF04F 13:15234 tv:0.000000 10: BPL
lcpuC PC:CFE6 (81 D8 60) A:70 X:00 Y:FF P:85 S:F3 mem:002AF04F 13:15232 tv:0.000001 81: STA (,x)
lcpuC PC:CFE8 (60 B9 B7) A:70 X:00 Y:FF P:85 S:F3 mem:002AF09F 13:15226 tv:0.000000 60: RTS
lcpuC PC:C4E7 (20 64 C6) A:70 X:00 Y:FF P:85 S:F5 mem:002AF09F 13:15220 tv:0.000001 20: JSR
lcpuC PC:C664 (A5 D0 29) A:70 X:00 Y:FF P:85 S:F3 mem:002AF0A2 13:15214 tv:0.000001 A5: LDA zp
lcpuC PC:C666 (29 20 D0) A:00 X:00 Y:FF P:07 S:F3 mem:002AF0A2 13:15211 tv:0.000000 29: AND
lcpuC PC:C668 (D0 4A AE) A:00 X:00 Y:FF P:07 S:F3 mem:002AF0A2 13:15208 tv:0.000000 D0: BNE
lcpuC PC:C66A (AE 18 03) A:00 X:00 Y:FF P:07 S:F3 mem:002AF0A2 13:15206 tv:0.000000 AE: LDX abs
lcpuC PC:C66D (EC 0A 03) A:00 X:07 Y:FF P:05 S:F3 mem:002AF0A2 13:15202 tv:0.000001 EC: CPX abs
lcpuC PC:C670 (B0 12 EE) A:00 X:07 Y:FF P:84 S:F3 mem:002AF0A2 13:15198 tv:0.000001 B0: BCS
lcpuC PC:C672 (EE 18 03) A:00 X:07 Y:FF P:84 S:F3 mem:002AF0A2 13:15196 tv:0.000000 EE: INC abs
lcpuC PC:C675 (AD 4A 03) A:00 X:07 Y:FF P:04 S:F3 mem:002AF0A3 13:15190 tv:0.000001 AD: LDA abs
lcpuC PC:C678 (6D 4F 03) A:2F X:07 Y:FF P:04 S:F3 mem:002AF0A3 13:15186 tv:0.000000 6D: ADC abs
lcpuC PC:C67B (AA AD 4B) A:30 X:07 Y:FF P:04 S:F3 mem:002AF0A3 13:15182 tv:0.000001 AA: TAX
lcpuC PC:C67C (AD 4B 03) A:30 X:30 Y:FF P:04 S:F3 mem:002AF0A3 13:15180 tv:0.000000 AD: LDA abs
lcpuC PC:C67F (69 00 4C) A:7C X:30 Y:FF P:04 S:F3 mem:002AF0A3 13:15176 tv:0.000000 69: ADC imm
lcpuC PC:C681 (4C F6 C9) A:7C X:30 Y:FF P:04 S:F3 mem:002AF0A3 13:15174 tv:0.000000 4C: JMP
lcpuC PC:C9F6 (8E 4A 03) A:7C X:30 Y:FF P:04 S:F3 mem:002AF0A3 13:15171 tv:0.000010 8E: STX abs
lcpuC PC:C9F9 (8D 4B 03) A:7C X:30 Y:FF P:04 S:F3 mem:002AF0A4 13:15167 tv:0.000000 8D: STA abs
lcpuC PC:C9FC (10 04 38) A:7C X:30 Y:FF P:04 S:F3 mem:002AF0A4 13:15163 tv:0.000000 10: BPL
lcpuC PC:CA02 (86 D8 85) A:7C X:30 Y:FF P:04 S:F3 mem:002AF0A4 13:15160 tv:0.000000 86: STX zp
lcpuC PC:CA04 (85 D9 AE) A:7C X:30 Y:FF P:04 S:F3 mem:002AF0A5 13:15157 tv:0.000000 85: STA zp
lcpuC PC:CA06 (AE 4A 03) A:7C X:30 Y:FF P:04 S:F3 mem:002AF0A5 13:15154 tv:0.000000 AE: LDX abs
lcpuC PC:CA09 (AD 4B 03) A:7C X:30 Y:FF P:04 S:F3 mem:002AF0A5 13:15150 tv:0.000000 AD: LDA abs
lcpuC PC:CA0C (A0 0E 48) A:7C X:30 Y:FF P:04 S:F3 mem:002AF0A5 13:15146 tv:0.000001 A0: LDY imm
lcpuC PC:CA0E (48 AD 55) A:7C X:30 Y:0E P:04 S:F3 mem:002AF0A5 13:15144 tv:0.000001 48: PHA
lcpuC PC:CA0F (AD 55 03) A:7C X:30 Y:0E P:04 S:F2 mem:002AF0A5 13:15141 tv:0.000001 AD: LDA abs
lcpuC PC:CA12 (C9 07 68) A:07 X:30 Y:0E P:04 S:F2 mem:002AF0A5 13:15137 tv:0.000000 C9: CMP imm
lcpuC PC:CA14 (68 B0 10) A:07 X:30 Y:0E P:07 S:F2 mem:002AF0A5 13:15135 tv:0.000000 68: PLA
lcpuC PC:CA15 (B0 10 86) A:7C X:30 Y:0E P:05 S:F3 mem:002AF0A5 13:15131 tv:0.000001 B0: BCS
lcpuC PC:CA27 (E9 74 49) A:7C X:30 Y:0E P:05 S:F3 mem:002AF0A5 13:15128 tv:0.000001 E9: SBC imm
lcpuC PC:CA29 (49 20 8C) A:08 X:30 Y:0E P:05 S:F3 mem:002AF0A5 13:15126 tv:0.000001 49: EOR imm
lcpuC PC:CA2B (8C 00 FE) A:28 X:30 Y:0E P:05 S:F3 mem:002AF0A5 13:15124 tv:0.000001 8C: STY abs
here! 0x00000e 0x00ca2e 0xe6fa3010 0xcdde0ebc tv:0.000000 (cycle 15124  pc ~CA2B
writemem_ex! addr=FE00 val=0E
lcpuC PC:CA2E (8D 01 FE) A:28 X:30 Y:0E P:05 S:F3 mem:002AF0A5 13:15120 tv:0.000006 8D: STA abs
here! 0x000028 0x00ca31 0xe6fa3010 0xcdde0ebc tv:0.000001 (cycle 15120  pc ~CA2E
writemem_ex! addr=FE01 val=28
lcpuC PC:CA31 (C8 8C 00) A:28 X:30 Y:0E P:05 S:F3 mem:002AF0A5 13:15116 tv:0.000007 C8: INY
lcpuC PC:CA32 (8C 00 FE) A:28 X:30 Y:0F P:05 S:F3 mem:002AF0A5 13:15114 tv:0.000000 8C: STY abs
here! 0x00000f 0x00ca35 0xe6fa3010 0xcdde0ebc tv:0.000000 (cycle 15114  pc ~CA32
writemem_ex! addr=FE00 val=0F
lcpuC PC:CA35 (8E 01 FE) A:28 X:30 Y:0F P:05 S:F3 mem:002AF0A5 13:15110 tv:0.000006 8E: STX abs
here! 0x000030 0x00ca38 0xe6fa3010 0xcdde0ebc tv:0.000000 (cycle 15110  pc ~CA35
writemem_ex! addr=FE01 val=30
lcpuC PC:CA38 (60 20 81) A:28 X:30 Y:0F P:05 S:F3 mem:002AF0A5 13:15106 tv:0.000008 60: RTS
lcpuC PC:C4EA (4C 5E C5) A:28 X:30 Y:0F P:05 S:F5 mem:002AF0A5 13:15100 tv:0.000000 4C: JMP
lcpuC PC:C55E (A5 D0 4A) A:28 X:30 Y:0F P:05 S:F5 mem:002AF0A5 13:15097 tv:0.000000 A5: LDA zp
lcpuC PC:C560 (4A 24 D0) A:00 X:30 Y:0F P:07 S:F5 mem:002AF0A5 13:15094 tv:0.000000 4A: LSR A
lcpuC PC:C561 (24 D0 50) A:00 X:30 Y:0F P:06 S:F5 mem:002AF0A5 13:15092 tv:0.000000 24: BIT zp
lcpuC PC:C563 (50 AC 20) A:00 X:30 Y:0F P:06 S:F5 mem:002AF0A5 13:15089 tv:0.000001 50: BVC
lcpuC PC:C511 (60 9D 24) A:00 X:30 Y:0F P:06 S:F5 mem:002AF0A5 13:15086 tv:0.000001 60: RTS
lcpuC PC:E0C8 (A9 08 2C) A:00 X:30 Y:0F P:06 S:F7 mem:002AF0A5 13:15080 tv:0.000001 A9: LDA imm
lcpuC PC:E0CA (2C 7C 02) A:08 X:30 Y:0F P:04 S:F7 mem:002AF0A5 13:15078 tv:0.000001 2C: BIT abs
lcpuC PC:E0CD (D0 02 90) A:08 X:30 Y:0F P:06 S:F7 mem:002AF0A5 13:15074 tv:0.000000 D0: BNE
lcpuC PC:E0CF (90 05 68) A:08 X:30 Y:0F P:06 S:F7 mem:002AF0A5 13:15072 tv:0.000001 90: BCC
lcpuC PC:E0D6 (AD 7C 02) A:08 X:30 Y:0F P:06 S:F7 mem:002AF0A5 13:15069 tv:0.000000 AD: LDA abs
lcpuC PC:E0D9 (6A 90 1B) A:00 X:30 Y:0F P:06 S:F7 mem:002AF0A5 13:15065 tv:0.000000 6A: ROR A
lcpuC PC:E0DA (90 1B A4) A:00 X:30 Y:0F P:06 S:F7 mem:002AF0A5 13:15063 tv:0.000001 90: BCC
lcpuC PC:E0F7 (A9 10 2C) A:00 X:30 Y:0F P:06 S:F7 mem:002AF0A5 13:15060 tv:0.000000 A9: LDA imm
lcpuC PC:E0F9 (2C 7C 02) A:10 X:30 Y:0F P:04 S:F7 mem:002AF0A5 13:15058 tv:0.000000 2C: BIT abs
lcpuC PC:E0FC (D0 0F AC) A:10 X:30 Y:0F P:06 S:F7 mem:002AF0A5 13:15054 tv:0.000000 D0: BNE
lcpuC PC:E0FE (AC 57 02) A:10 X:30 Y:0F P:06 S:F7 mem:002AF0A5 13:15052 tv:0.000001 AC: LDY abs
lcpuC PC:E101 (F0 0A 68) A:10 X:30 Y:00 P:06 S:F7 mem:002AF0A5 13:15048 tv:0.000001 F0: BEQ
lcpuC PC:E10D (68 68 A8) A:10 X:30 Y:00 P:06 S:F7 mem:002AF0A5 13:15045 tv:0.000000 68: PLA
lcpuC PC:E10E (68 A8 68) A:70 X:30 Y:00 P:04 S:F8 mem:002AF0A5 13:15041 tv:0.000001 68: PLA
lcpuC PC:E10F (A8 68 AA) A:0B X:30 Y:00 P:04 S:F9 mem:002AF0A5 13:15037 tv:0.000000 A8: TAY
lcpuC PC:E110 (68 AA 68) A:0B X:30 Y:0B P:04 S:F9 mem:002AF0A5 13:15035 tv:0.000000 68: PLA
lcpuC PC:E111 (AA 68 60) A:6D X:30 Y:0B P:04 S:FA mem:002AF0A5 13:15031 tv:0.000001 AA: TAX
lcpuC PC:E112 (68 60 2C) A:6D X:6D Y:0B P:04 S:FA mem:002AF0A5 13:15029 tv:0.000001 68: PLA
lcpuC PC:E113 (60 2C 7C) A:70 X:6D Y:0B P:04 S:FB mem:002AF0A5 13:15025 tv:0.000001 60: RTS
lcpuC PC:DEB7 (AA D0 F7) A:70 X:6D Y:0B P:04 S:FD mem:002AF0A5 13:15019 tv:0.000001 AA: TAX
lcpuC PC:DEB8 (D0 F7 60) A:70 X:70 Y:0B P:04 S:FD mem:002AF0A5 13:15017 tv:0.000001 D0: BNE
lcpuC PC:DEB1 (C8 B1 FD) A:70 X:70 Y:0B P:04 S:FD mem:002AF0A5 13:15014 tv:0.000001 C8: INY
lcpuC PC:DEB2 (B1 FD 20) A:70 X:70 Y:0C P:04 S:FD mem:002AF0A5 13:15012 tv:0.000001 B1: LDA (),y
lcpuC PC:DEB4 (20 E3 FF) A:75 X:70 Y:0C P:04 S:FD mem:002AF0A5 13:15007 tv:0.000001 20: JSR
lcpuC PC:FFE3 (C9 0D D0) A:75 X:70 Y:0C P:04 S:FB mem:002AF0A5 13:15001 tv:0.000001 C9: CMP imm
readmem_ex! addr=FFE4 val=0D
lcpuC PC:FFE5 (D0 07 A9) A:75 X:70 Y:0C P:05 S:FB mem:002AF0A5 13:14999 tv:0.000003 D0: BNE
readmem_ex! addr=FFE6 val=07
lcpuC PC:FFEE (6C 0E 02) A:75 X:70 Y:0C P:05 S:FB mem:002AF0A5 13:14996 tv:0.000003 6C: JMP ()
readmem_ex! addr=FFEF val=0E
readmem_ex! addr=FFF0 val=02
lcpuC PC:E0A4 (48 8A 48) A:75 X:70 Y:0C P:05 S:FB mem:002AF0A5 13:14991 tv:0.000007 48: PHA
lcpuC PC:E0A5 (8A 48 98) A:75 X:70 Y:0C P:05 S:FA mem:002AF0AA 13:14988 tv:0.000001 8A: TXA
lcpuC PC:E0A6 (48 98 48) A:70 X:70 Y:0C P:05 S:FA mem:002AF0AA 13:14986 tv:0.000000 48: PHA
lcpuC PC:E0A7 (98 48 BA) A:70 X:70 Y:0C P:05 S:F9 mem:002AF0AD 13:14983 tv:0.000001 98: TYA
lcpuC PC:E0A8 (48 BA BD) A:0C X:70 Y:0C P:05 S:F9 mem:002AF0AD 13:14981 tv:0.000001 48: PHA
lcpuC PC:E0A9 (BA BD 03) A:0C X:70 Y:0C P:05 S:F8 mem:002AF0AE 13:14978 tv:0.000000 BA: TSX
lcpuC PC:E0AA (BD 03 01) A:0C X:F8 Y:0C P:85 S:F8 mem:002AF0AE 13:14976 tv:0.000001 BD: LDA abs,x
lcpuC PC:E0AD (48 2C 60) A:75 X:F8 Y:0C P:05 S:F8 mem:002AF0AE 13:14972 tv:0.000001 48: PHA
lcpuC PC:E0AE (2C 60 02) A:75 X:F8 Y:0C P:05 S:F7 mem:002AF0B3 13:14969 tv:0.000001 2C: BIT abs
lcpuC PC:E0B1 (10 08 A8) A:75 X:F8 Y:0C P:07 S:F7 mem:002AF0B3 13:14965 tv:0.000000 10: BPL
lcpuC PC:E0BB (18 A9 02) A:75 X:F8 Y:0C P:07 S:F7 mem:002AF0B3 13:14962 tv:0.000001 18: CLC
lcpuC PC:E0BC (A9 02 2C) A:75 X:F8 Y:0C P:06 S:F7 mem:002AF0B3 13:14960 tv:0.000000 A9: LDA imm
lcpuC PC:E0BE (2C 7C 02) A:02 X:F8 Y:0C P:04 S:F7 mem:002AF0B3 13:14958 tv:0.000000 2C: BIT abs
lcpuC PC:E0C1 (D0 05 68) A:02 X:F8 Y:0C P:06 S:F7 mem:002AF0B3 13:14954 tv:0.000001 D0: BNE
lcpuC PC:E0C3 (68 48 20) A:02 X:F8 Y:0C P:06 S:F7 mem:002AF0B3 13:14952 tv:0.000000 68: PLA
lcpuC PC:E0C4 (48 20 C0) A:75 X:F8 Y:0C P:04 S:F8 mem:002AF0B3 13:14948 tv:0.000001 48: PHA
lcpuC PC:E0C5 (20 C0 C4) A:75 X:F8 Y:0C P:04 S:F7 mem:002AF0B3 13:14945 tv:0.000000 20: JSR
lcpuC PC:C4C0 (AE 6A 02) A:75 X:F8 Y:0C P:04 S:F5 mem:002AF0B3 13:14939 tv:0.000001 AE: LDX abs
lcpuC PC:C4C3 (D0 4D 24) A:75 X:00 Y:0C P:06 S:F5 mem:002AF0B3 13:14935 tv:0.000000 D0: BNE
lcpuC PC:C4C5 (24 D0 50) A:75 X:00 Y:0C P:06 S:F5 mem:002AF0B3 13:14933 tv:0.000001 24: BIT zp
lcpuC PC:C4C7 (50 0F 20) A:75 X:00 Y:0C P:06 S:F5 mem:002AF0B3 13:14930 tv:0.000001 50: BVC
lcpuC PC:C4D8 (C9 7F F0) A:75 X:00 Y:0C P:06 S:F5 mem:002AF0B3 13:14927 tv:0.000001 C9: CMP imm
lcpuC PC:C4DA (F0 11 C9) A:75 X:00 Y:0C P:84 S:F5 mem:002AF0B3 13:14925 tv:0.000000 F0: BEQ
lcpuC PC:C4DC (C9 20 90) A:75 X:00 Y:0C P:84 S:F5 mem:002AF0B3 13:14923 tv:0.000001 C9: CMP imm
lcpuC PC:C4DE (90 0F 24) A:75 X:00 Y:0C P:05 S:F5 mem:002AF0B3 13:14921 tv:0.000001 90: BCC
lcpuC PC:C4E0 (24 D0 30) A:75 X:00 Y:0C P:05 S:F5 mem:002AF0B3 13:14919 tv:0.000001 24: BIT zp
lcpuC PC:C4E2 (30 06 20) A:75 X:00 Y:0C P:07 S:F5 mem:002AF0B3 13:14916 tv:0.000005 30: BMI
lcpuC PC:C4E4 (20 B7 CF) A:75 X:00 Y:0C P:07 S:F5 mem:002AF0B3 13:14914 tv:0.000001 20: JSR
lcpuC PC:CFB7 (AE 60 03) A:75 X:00 Y:0C P:07 S:F3 mem:002AF0B0 13:14908 tv:0.000000 AE: LDX abs
lcpuC PC:CFBA (F0 20 20) A:75 X:00 Y:0C P:07 S:F3 mem:002AF0B0 13:14904 tv:0.000000 F0: BEQ
lcpuC PC:CFDC (A0 02 D9) A:75 X:00 Y:0C P:07 S:F3 mem:002AF0B0 13:14901 tv:0.000001 A0: LDY imm
lcpuC PC:CFDE (D9 B6 C4) A:75 X:00 Y:02 P:05 S:F3 mem:002AF0B0 13:14899 tv:0.000000 D9: CMP abs,y
lcpuC PC:CFE1 (F0 06 88) A:75 X:00 Y:02 P:05 S:F3 mem:002AF0B0 13:14895 tv:0.000001 F0: BEQ
lcpuC PC:CFE3 (88 10 F8) A:75 X:00 Y:02 P:05 S:F3 mem:002AF0B0 13:14893 tv:0.000001 88: DEY
lcpuC PC:CFE4 (10 F8 81) A:75 X:00 Y:01 P:05 S:F3 mem:002AF0B0 13:14891 tv:0.000000 10: BPL
lcpuC PC:CFDE (D9 B6 C4) A:75 X:00 Y:01 P:05 S:F3 mem:002AF0B0 13:14888 tv:0.000001 D9: CMP abs,y
lcpuC PC:CFE1 (F0 06 88) A:75 X:00 Y:01 P:05 S:F3 mem:002AF0B0 13:14884 tv:0.000001 F0: BEQ
lcpuC PC:CFE3 (88 10 F8) A:75 X:00 Y:01 P:05 S:F3 mem:002AF0B0 13:14882 tv:0.000001 88: DEY
lcpuC PC:CFE4 (10 F8 81) A:75 X:00 Y:00 P:07 S:F3 mem:002AF0B0 13:14880 tv:0.000001 10: BPL
lcpuC PC:CFDE (D9 B6 C4) A:75 X:00 Y:00 P:07 S:F3 mem:002AF0B0 13:14877 tv:0.000001 D9: CMP abs,y
lcpuC PC:CFE1 (F0 06 88) A:75 X:00 Y:00 P:05 S:F3 mem:002AF0B0 13:14873 tv:0.000000 F0: BEQ
lcpuC PC:CFE3 (88 10 F8) A:75 X:00 Y:00 P:05 S:F3 mem:002AF0B0 13:14871 tv:0.000000 88: DEY
lcpuC PC:CFE4 (10 F8 81) A:75 X:00 Y:FF P:85 S:F3 mem:002AF0B0 13:14869 tv:0.000000 10: BPL
lcpuC PC:CFE6 (81 D8 60) A:75 X:00 Y:FF P:85 S:F3 mem:002AF0B0 13:14867 tv:0.000000 81: STA (,x)
lcpuC PC:CFE8 (60 B9 B7) A:75 X:00 Y:FF P:85 S:F3 mem:002AF105 13:14861 tv:0.000001 60: RTS
lcpuC PC:C4E7 (20 64 C6) A:75 X:00 Y:FF P:85 S:F5 mem:002AF105 13:14855 tv:0.000001 20: JSR
lcpuC PC:C664 (A5 D0 29) A:75 X:00 Y:FF P:85 S:F3 mem:002AF108 13:14849 tv:0.000001 A5: LDA zp
lcpuC PC:C666 (29 20 D0) A:00 X:00 Y:FF P:07 S:F3 mem:002AF108 13:14846 tv:0.000000 29: AND
lcpuC PC:C668 (D0 4A AE) A:00 X:00 Y:FF P:07 S:F3 mem:002AF108 13:14843 tv:0.000000 D0: BNE
lcpuC PC:C66A (AE 18 03) A:00 X:00 Y:FF P:07 S:F3 mem:002AF108 13:14841 tv:0.000001 AE: LDX abs
lcpuC PC:C66D (EC 0A 03) A:00 X:08 Y:FF P:05 S:F3 mem:002AF108 13:14837 tv:0.000000 EC: CPX abs
lcpuC PC:C670 (B0 12 EE) A:00 X:08 Y:FF P:84 S:F3 mem:002AF108 13:14833 tv:0.000000 B0: BCS
lcpuC PC:C672 (EE 18 03) A:00 X:08 Y:FF P:84 S:F3 mem:002AF108 13:14831 tv:0.000000 EE: INC abs
lcpuC PC:C675 (AD 4A 03) A:00 X:08 Y:FF P:04 S:F3 mem:002AF109 13:14825 tv:0.000000 AD: LDA abs
lcpuC PC:C678 (6D 4F 03) A:30 X:08 Y:FF P:04 S:F3 mem:002AF109 13:14821 tv:0.000000 6D: ADC abs
lcpuC PC:C67B (AA AD 4B) A:31 X:08 Y:FF P:04 S:F3 mem:002AF109 13:14817 tv:0.000001 AA: TAX
lcpuC PC:C67C (AD 4B 03) A:31 X:31 Y:FF P:04 S:F3 mem:002AF109 13:14815 tv:0.000001 AD: LDA abs
lcpuC PC:C67F (69 00 4C) A:7C X:31 Y:FF P:04 S:F3 mem:002AF109 13:14811 tv:0.000001 69: ADC imm
lcpuC PC:C681 (4C F6 C9) A:7C X:31 Y:FF P:04 S:F3 mem:002AF109 13:14809 tv:0.000000 4C: JMP
lcpuC PC:C9F6 (8E 4A 03) A:7C X:31 Y:FF P:04 S:F3 mem:002AF109 13:14806 tv:0.000001 8E: STX abs
lcpuC PC:C9F9 (8D 4B 03) A:7C X:31 Y:FF P:04 S:F3 mem:002AF10A 13:14802 tv:0.000000 8D: STA abs
lcpuC PC:C9FC (10 04 38) A:7C X:31 Y:FF P:04 S:F3 mem:002AF10A 13:14798 tv:0.000001 10: BPL
lcpuC PC:CA02 (86 D8 85) A:7C X:31 Y:FF P:04 S:F3 mem:002AF10A 13:14795 tv:0.000001 86: STX zp
lcpuC PC:CA04 (85 D9 AE) A:7C X:31 Y:FF P:04 S:F3 mem:002AF10B 13:14792 tv:0.000000 85: STA zp
lcpuC PC:CA06 (AE 4A 03) A:7C X:31 Y:FF P:04 S:F3 mem:002AF10B 13:14789 tv:0.000001 AE: LDX abs
lcpuC PC:CA09 (AD 4B 03) A:7C X:31 Y:FF P:04 S:F3 mem:002AF10B 13:14785 tv:0.000001 AD: LDA abs
lcpuC PC:CA0C (A0 0E 48) A:7C X:31 Y:FF P:04 S:F3 mem:002AF10B 13:14781 tv:0.000001 A0: LDY imm
lcpuC PC:CA0E (48 AD 55) A:7C X:31 Y:0E P:04 S:F3 mem:002AF10B 13:14779 tv:0.000001 48: PHA
lcpuC PC:CA0F (AD 55 03) A:7C X:31 Y:0E P:04 S:F2 mem:002AF10B 13:14776 tv:0.000001 AD: LDA abs
lcpuC PC:CA12 (C9 07 68) A:07 X:31 Y:0E P:04 S:F2 mem:002AF10B 13:14772 tv:0.000000 C9: CMP imm
lcpuC PC:CA14 (68 B0 10) A:07 X:31 Y:0E P:07 S:F2 mem:002AF10B 13:14770 tv:0.000001 68: PLA
lcpuC PC:CA15 (B0 10 86) A:7C X:31 Y:0E P:05 S:F3 mem:002AF10B 13:14766 tv:0.000001 B0: BCS
lcpuC PC:CA27 (E9 74 49) A:7C X:31 Y:0E P:05 S:F3 mem:002AF10B 13:14763 tv:0.000000 E9: SBC imm
lcpuC PC:CA29 (49 20 8C) A:08 X:31 Y:0E P:05 S:F3 mem:002AF10B 13:14761 tv:0.000001 49: EOR imm
lcpuC PC:CA2B (8C 00 FE) A:28 X:31 Y:0E P:05 S:F3 mem:002AF10B 13:14759 tv:0.000001 8C: STY abs
here! 0x00000e 0x00ca2e 0xe6fa3010 0xcdde0ebc tv:0.000000 (cycle 14759  pc ~CA2B
writemem_ex! addr=FE00 val=0E
lcpuC PC:CA2E (8D 01 FE) A:28 X:31 Y:0E P:05 S:F3 mem:002AF10B 13:14755 tv:0.000006 8D: STA abs
here! 0x000028 0x00ca31 0xe6fa3010 0xcdde0ebc tv:0.000000 (cycle 14755  pc ~CA2E
writemem_ex! addr=FE01 val=28
lcpuC PC:CA31 (C8 8C 00) A:28 X:31 Y:0E P:05 S:F3 mem:002AF10B 13:14751 tv:0.000012 C8: INY
lcpuC PC:CA32 (8C 00 FE) A:28 X:31 Y:0F P:05 S:F3 mem:002AF10B 13:14749 tv:0.000001 8C: STY abs
here! 0x00000f 0x00ca35 0xe6fa3010 0xcdde0ebc tv:0.000000 (cycle 14749  pc ~CA32
writemem_ex! addr=FE00 val=0F
lcpuC PC:CA35 (8E 01 FE) A:28 X:31 Y:0F P:05 S:F3 mem:002AF10B 13:14745 tv:0.000006 8E: STX abs
here! 0x000031 0x00ca38 0xe6fa3010 0xcdde0ebc tv:0.000001 (cycle 14745  pc ~CA35
writemem_ex! addr=FE01 val=31
lcpuC PC:CA38 (60 20 81) A:28 X:31 Y:0F P:05 S:F3 mem:002AF10B 13:14741 tv:0.000007 60: RTS
lcpuC PC:C4EA (4C 5E C5) A:28 X:31 Y:0F P:05 S:F5 mem:002AF10B 13:14735 tv:0.000001 4C: JMP
lcpuC PC:C55E (A5 D0 4A) A:28 X:31 Y:0F P:05 S:F5 mem:002AF10B 13:14732 tv:0.000001 A5: LDA zp
lcpuC PC:C560 (4A 24 D0) A:00 X:31 Y:0F P:07 S:F5 mem:002AF10B 13:14729 tv:0.000001 4A: LSR A
lcpuC PC:C561 (24 D0 50) A:00 X:31 Y:0F P:06 S:F5 mem:002AF10B 13:14727 tv:0.000001 24: BIT zp
lcpuC PC:C563 (50 AC 20) A:00 X:31 Y:0F P:06 S:F5 mem:002AF10B 13:14724 tv:0.000000 50: BVC
lcpuC PC:C511 (60 9D 24) A:00 X:31 Y:0F P:06 S:F5 mem:002AF10B 13:14721 tv:0.000001 60: RTS
lcpuC PC:E0C8 (A9 08 2C) A:00 X:31 Y:0F P:06 S:F7 mem:002AF10B 13:14715 tv:0.000001 A9: LDA imm
lcpuC PC:E0CA (2C 7C 02) A:08 X:31 Y:0F P:04 S:F7 mem:002AF10B 13:14713 tv:0.000001 2C: BIT abs
lcpuC PC:E0CD (D0 02 90) A:08 X:31 Y:0F P:06 S:F7 mem:002AF10B 13:14709 tv:0.000000 D0: BNE
lcpuC PC:E0CF (90 05 68) A:08 X:31 Y:0F P:06 S:F7 mem:002AF10B 13:14707 tv:0.000000 90: BCC
lcpuC PC:E0D6 (AD 7C 02) A:08 X:31 Y:0F P:06 S:F7 mem:002AF10B 13:14704 tv:0.000001 AD: LDA abs
lcpuC PC:E0D9 (6A 90 1B) A:00 X:31 Y:0F P:06 S:F7 mem:002AF10B 13:14700 tv:0.000001 6A: ROR A
lcpuC PC:E0DA (90 1B A4) A:00 X:31 Y:0F P:06 S:F7 mem:002AF10B 13:14698 tv:0.000000 90: BCC
lcpuC PC:E0F7 (A9 10 2C) A:00 X:31 Y:0F P:06 S:F7 mem:002AF10B 13:14695 tv:0.000001 A9: LDA imm
lcpuC PC:E0F9 (2C 7C 02) A:10 X:31 Y:0F P:04 S:F7 mem:002AF10B 13:14693 tv:0.000000 2C: BIT abs
lcpuC PC:E0FC (D0 0F AC) A:10 X:31 Y:0F P:06 S:F7 mem:002AF10B 13:14689 tv:0.000000 D0: BNE
lcpuC PC:E0FE (AC 57 02) A:10 X:31 Y:0F P:06 S:F7 mem:002AF10B 13:14687 tv:0.000000 AC: LDY abs
lcpuC PC:E101 (F0 0A 68) A:10 X:31 Y:00 P:06 S:F7 mem:002AF10B 13:14683 tv:0.000001 F0: BEQ
lcpuC PC:E10D (68 68 A8) A:10 X:31 Y:00 P:06 S:F7 mem:002AF10B 13:14680 tv:0.000000 68: PLA
lcpuC PC:E10E (68 A8 68) A:75 X:31 Y:00 P:04 S:F8 mem:002AF10B 13:14676 tv:0.000000 68: PLA
lcpuC PC:E10F (A8 68 AA) A:0C X:31 Y:00 P:04 S:F9 mem:002AF10B 13:14672 tv:0.000000 A8: TAY
lcpuC PC:E110 (68 AA 68) A:0C X:31 Y:0C P:04 S:F9 mem:002AF10B 13:14670 tv:0.000000 68: PLA
lcpuC PC:E111 (AA 68 60) A:70 X:31 Y:0C P:04 S:FA mem:002AF10B 13:14666 tv:0.000000 AA: TAX
lcpuC PC:E112 (68 60 2C) A:70 X:70 Y:0C P:04 S:FA mem:002AF10B 13:14664 tv:0.000001 68: PLA
lcpuC PC:E113 (60 2C 7C) A:75 X:70 Y:0C P:04 S:FB mem:002AF10B 13:14660 tv:0.000006 60: RTS
lcpuC PC:DEB7 (AA D0 F7) A:75 X:70 Y:0C P:04 S:FD mem:002AF10B 13:14654 tv:0.000001 AA: TAX
lcpuC PC:DEB8 (D0 F7 60) A:75 X:75 Y:0C P:04 S:FD mem:002AF10B 13:14652 tv:0.000001 D0: BNE
lcpuC PC:DEB1 (C8 B1 FD) A:75 X:75 Y:0C P:04 S:FD mem:002AF10B 13:14649 tv:0.000000 C8: INY
lcpuC PC:DEB2 (B1 FD 20) A:75 X:75 Y:0D P:04 S:FD mem:002AF10B 13:14647 tv:0.000000 B1: LDA (),y
lcpuC PC:DEB4 (20 E3 FF) A:74 X:75 Y:0D P:04 S:FD mem:002AF10B 13:14642 tv:0.000001 20: JSR
lcpuC PC:FFE3 (C9 0D D0) A:74 X:75 Y:0D P:04 S:FB mem:002AF10B 13:14636 tv:0.000000 C9: CMP imm
readmem_ex! addr=FFE4 val=0D
lcpuC PC:FFE5 (D0 07 A9) A:74 X:75 Y:0D P:05 S:FB mem:002AF10B 13:14634 tv:0.000003 D0: BNE
readmem_ex! addr=FFE6 val=07
lcpuC PC:FFEE (6C 0E 02) A:74 X:75 Y:0D P:05 S:FB mem:002AF10B 13:14631 tv:0.000003 6C: JMP ()
readmem_ex! addr=FFEF val=0E
readmem_ex! addr=FFF0 val=02
lcpuC PC:E0A4 (48 8A 48) A:74 X:75 Y:0D P:05 S:FB mem:002AF10B 13:14626 tv:0.000006 48: PHA
lcpuC PC:E0A5 (8A 48 98) A:74 X:75 Y:0D P:05 S:FA mem:002AF10A 13:14623 tv:0.000001 8A: TXA
lcpuC PC:E0A6 (48 98 48) A:75 X:75 Y:0D P:05 S:FA mem:002AF10A 13:14621 tv:0.000001 48: PHA
lcpuC PC:E0A7 (98 48 BA) A:75 X:75 Y:0D P:05 S:F9 mem:002AF10F 13:14618 tv:0.000001 98: TYA
lcpuC PC:E0A8 (48 BA BD) A:0D X:75 Y:0D P:05 S:F9 mem:002AF10F 13:14616 tv:0.000001 48: PHA
lcpuC PC:E0A9 (BA BD 03) A:0D X:75 Y:0D P:05 S:F8 mem:002AF110 13:14613 tv:0.000001 BA: TSX
lcpuC PC:E0AA (BD 03 01) A:0D X:F8 Y:0D P:85 S:F8 mem:002AF110 13:14611 tv:0.000000 BD: LDA abs,x
lcpuC PC:E0AD (48 2C 60) A:74 X:F8 Y:0D P:05 S:F8 mem:002AF110 13:14607 tv:0.000001 48: PHA
lcpuC PC:E0AE (2C 60 02) A:74 X:F8 Y:0D P:05 S:F7 mem:002AF10F 13:14604 tv:0.000000 2C: BIT abs
lcpuC PC:E0B1 (10 08 A8) A:74 X:F8 Y:0D P:07 S:F7 mem:002AF10F 13:14600 tv:0.000000 10: BPL
lcpuC PC:E0BB (18 A9 02) A:74 X:F8 Y:0D P:07 S:F7 mem:002AF10F 13:14597 tv:0.000001 18: CLC
lcpuC PC:E0BC (A9 02 2C) A:74 X:F8 Y:0D P:06 S:F7 mem:002AF10F 13:14595 tv:0.000002 A9: LDA imm
lcpuC PC:E0BE (2C 7C 02) A:02 X:F8 Y:0D P:04 S:F7 mem:002AF10F 13:14593 tv:0.000002 2C: BIT abs
lcpuC PC:E0C1 (D0 05 68) A:02 X:F8 Y:0D P:06 S:F7 mem:002AF10F 13:14589 tv:0.000002 D0: BNE
lcpuC PC:E0C3 (68 48 20) A:02 X:F8 Y:0D P:06 S:F7 mem:002AF10F 13:14587 tv:0.000002 68: PLA
lcpuC PC:E0C4 (48 20 C0) A:74 X:F8 Y:0D P:04 S:F8 mem:002AF10F 13:14583 tv:0.000001 48: PHA
lcpuC PC:E0C5 (20 C0 C4) A:74 X:F8 Y:0D P:04 S:F7 mem:002AF10F 13:14580 tv:0.000002 20: JSR
lcpuC PC:C4C0 (AE 6A 02) A:74 X:F8 Y:0D P:04 S:F5 mem:002AF10F 13:14574 tv:0.000002 AE: LDX abs
lcpuC PC:C4C3 (D0 4D 24) A:74 X:00 Y:0D P:06 S:F5 mem:002AF10F 13:14570 tv:0.000002 D0: BNE
lcpuC PC:C4C5 (24 D0 50) A:74 X:00 Y:0D P:06 S:F5 mem:002AF10F 13:14568 tv:0.000001 24: BIT zp
lcpuC PC:C4C7 (50 0F 20) A:74 X:00 Y:0D P:06 S:F5 mem:002AF10F 13:14565 tv:0.000002 50: BVC
lcpuC PC:C4D8 (C9 7F F0) A:74 X:00 Y:0D P:06 S:F5 mem:002AF10F 13:14562 tv:0.000001 C9: CMP imm
lcpuC PC:C4DA (F0 11 C9) A:74 X:00 Y:0D P:84 S:F5 mem:002AF10F 13:14560 tv:0.000000 F0: BEQ
lcpuC PC:C4DC (C9 20 90) A:74 X:00 Y:0D P:84 S:F5 mem:002AF10F 13:14558 tv:0.000001 C9: CMP imm
lcpuC PC:C4DE (90 0F 24) A:74 X:00 Y:0D P:05 S:F5 mem:002AF10F 13:14556 tv:0.000000 90: BCC
lcpuC PC:C4E0 (24 D0 30) A:74 X:00 Y:0D P:05 S:F5 mem:002AF10F 13:14554 tv:0.000001 24: BIT zp
lcpuC PC:C4E2 (30 06 20) A:74 X:00 Y:0D P:07 S:F5 mem:002AF10F 13:14551 tv:0.000001 30: BMI
lcpuC PC:C4E4 (20 B7 CF) A:74 X:00 Y:0D P:07 S:F5 mem:002AF10F 13:14549 tv:0.000001 20: JSR
lcpuC PC:CFB7 (AE 60 03) A:74 X:00 Y:0D P:07 S:F3 mem:002AF10C 13:14543 tv:0.000001 AE: LDX abs
lcpuC PC:CFBA (F0 20 20) A:74 X:00 Y:0D P:07 S:F3 mem:002AF10C 13:14539 tv:0.000000 F0: BEQ
lcpuC PC:CFDC (A0 02 D9) A:74 X:00 Y:0D P:07 S:F3 mem:002AF10C 13:14536 tv:0.000000 A0: LDY imm
lcpuC PC:CFDE (D9 B6 C4) A:74 X:00 Y:02 P:05 S:F3 mem:002AF10C 13:14534 tv:0.000001 D9: CMP abs,y
lcpuC PC:CFE1 (F0 06 88) A:74 X:00 Y:02 P:05 S:F3 mem:002AF10C 13:14530 tv:0.000000 F0: BEQ
lcpuC PC:CFE3 (88 10 F8) A:74 X:00 Y:02 P:05 S:F3 mem:002AF10C 13:14528 tv:0.000000 88: DEY
lcpuC PC:CFE4 (10 F8 81) A:74 X:00 Y:01 P:05 S:F3 mem:002AF10C 13:14526 tv:0.000001 10: BPL
lcpuC PC:CFDE (D9 B6 C4) A:74 X:00 Y:01 P:05 S:F3 mem:002AF10C 13:14523 tv:0.000000 D9: CMP abs,y
lcpuC PC:CFE1 (F0 06 88) A:74 X:00 Y:01 P:05 S:F3 mem:002AF10C 13:14519 tv:0.000000 F0: BEQ
lcpuC PC:CFE3 (88 10 F8) A:74 X:00 Y:01 P:05 S:F3 mem:002AF10C 13:14517 tv:0.000000 88: DEY
lcpuC PC:CFE4 (10 F8 81) A:74 X:00 Y:00 P:07 S:F3 mem:002AF10C 13:14515 tv:0.000000 10: BPL
lcpuC PC:CFDE (D9 B6 C4) A:74 X:00 Y:00 P:07 S:F3 mem:002AF10C 13:14512 tv:0.000001 D9: CMP abs,y
lcpuC PC:CFE1 (F0 06 88) A:74 X:00 Y:00 P:05 S:F3 mem:002AF10C 13:14508 tv:0.000010 F0: BEQ
lcpuC PC:CFE3 (88 10 F8) A:74 X:00 Y:00 P:05 S:F3 mem:002AF10C 13:14506 tv:0.000001 88: DEY
lcpuC PC:CFE4 (10 F8 81) A:74 X:00 Y:FF P:85 S:F3 mem:002AF10C 13:14504 tv:0.000001 10: BPL
lcpuC PC:CFE6 (81 D8 60) A:74 X:00 Y:FF P:85 S:F3 mem:002AF10C 13:14502 tv:0.000001 81: STA (,x)
lcpuC PC:CFE8 (60 B9 B7) A:74 X:00 Y:FF P:85 S:F3 mem:002AF160 13:14496 tv:0.000000 60: RTS
lcpuC PC:C4E7 (20 64 C6) A:74 X:00 Y:FF P:85 S:F5 mem:002AF160 13:14490 tv:0.000001 20: JSR
lcpuC PC:C664 (A5 D0 29) A:74 X:00 Y:FF P:85 S:F3 mem:002AF163 13:14484 tv:0.000001 A5: LDA zp
lcpuC PC:C666 (29 20 D0) A:00 X:00 Y:FF P:07 S:F3 mem:002AF163 13:14481 tv:0.000000 29: AND
lcpuC PC:C668 (D0 4A AE) A:00 X:00 Y:FF P:07 S:F3 mem:002AF163 13:14478 tv:0.000001 D0: BNE
lcpuC PC:C66A (AE 18 03) A:00 X:00 Y:FF P:07 S:F3 mem:002AF163 13:14476 tv:0.000000 AE: LDX abs
lcpuC PC:C66D (EC 0A 03) A:00 X:09 Y:FF P:05 S:F3 mem:002AF163 13:14472 tv:0.000001 EC: CPX abs
lcpuC PC:C670 (B0 12 EE) A:00 X:09 Y:FF P:84 S:F3 mem:002AF163 13:14468 tv:0.000001 B0: BCS
lcpuC PC:C672 (EE 18 03) A:00 X:09 Y:FF P:84 S:F3 mem:002AF163 13:14466 tv:0.000000 EE: INC abs
lcpuC PC:C675 (AD 4A 03) A:00 X:09 Y:FF P:04 S:F3 mem:002AF164 13:14460 tv:0.000001 AD: LDA abs
lcpuC PC:C678 (6D 4F 03) A:31 X:09 Y:FF P:04 S:F3 mem:002AF164 13:14456 tv:0.000001 6D: ADC abs
lcpuC PC:C67B (AA AD 4B) A:32 X:09 Y:FF P:04 S:F3 mem:002AF164 13:14452 tv:0.000000 AA: TAX
lcpuC PC:C67C (AD 4B 03) A:32 X:32 Y:FF P:04 S:F3 mem:002AF164 13:14450 tv:0.000001 AD: LDA abs
lcpuC PC:C67F (69 00 4C) A:7C X:32 Y:FF P:04 S:F3 mem:002AF164 13:14446 tv:0.000001 69: ADC imm
lcpuC PC:C681 (4C F6 C9) A:7C X:32 Y:FF P:04 S:F3 mem:002AF164 13:14444 tv:0.000001 4C: JMP
lcpuC PC:C9F6 (8E 4A 03) A:7C X:32 Y:FF P:04 S:F3 mem:002AF164 13:14441 tv:0.000001 8E: STX abs
lcpuC PC:C9F9 (8D 4B 03) A:7C X:32 Y:FF P:04 S:F3 mem:002AF165 13:14437 tv:0.000000 8D: STA abs
lcpuC PC:C9FC (10 04 38) A:7C X:32 Y:FF P:04 S:F3 mem:002AF165 13:14433 tv:0.000001 10: BPL
lcpuC PC:CA02 (86 D8 85) A:7C X:32 Y:FF P:04 S:F3 mem:002AF165 13:14430 tv:0.000000 86: STX zp
lcpuC PC:CA04 (85 D9 AE) A:7C X:32 Y:FF P:04 S:F3 mem:002AF166 13:14427 tv:0.000001 85: STA zp
lcpuC PC:CA06 (AE 4A 03) A:7C X:32 Y:FF P:04 S:F3 mem:002AF166 13:14424 tv:0.000001 AE: LDX abs
lcpuC PC:CA09 (AD 4B 03) A:7C X:32 Y:FF P:04 S:F3 mem:002AF166 13:14420 tv:0.000001 AD: LDA abs
lcpuC PC:CA0C (A0 0E 48) A:7C X:32 Y:FF P:04 S:F3 mem:002AF166 13:14416 tv:0.000000 A0: LDY imm
lcpuC PC:CA0E (48 AD 55) A:7C X:32 Y:0E P:04 S:F3 mem:002AF166 13:14414 tv:0.000000 48: PHA
lcpuC PC:CA0F (AD 55 03) A:7C X:32 Y:0E P:04 S:F2 mem:002AF166 13:14411 tv:0.000000 AD: LDA abs
lcpuC PC:CA12 (C9 07 68) A:07 X:32 Y:0E P:04 S:F2 mem:002AF166 13:14407 tv:0.000001 C9: CMP imm
lcpuC PC:CA14 (68 B0 10) A:07 X:32 Y:0E P:07 S:F2 mem:002AF166 13:14405 tv:0.000010 68: PLA
lcpuC PC:CA15 (B0 10 86) A:7C X:32 Y:0E P:05 S:F3 mem:002AF166 13:14401 tv:0.000000 B0: BCS
lcpuC PC:CA27 (E9 74 49) A:7C X:32 Y:0E P:05 S:F3 mem:002AF166 13:14398 tv:0.000000 E9: SBC imm
lcpuC PC:CA29 (49 20 8C) A:08 X:32 Y:0E P:05 S:F3 mem:002AF166 13:14396 tv:0.000001 49: EOR imm
lcpuC PC:CA2B (8C 00 FE) A:28 X:32 Y:0E P:05 S:F3 mem:002AF166 13:14394 tv:0.000001 8C: STY abs
here! 0x00000e 0x00ca2e 0xe6fa3010 0xcdde0ebc tv:0.000000 (cycle 14394  pc ~CA2B
writemem_ex! addr=FE00 val=0E
lcpuC PC:CA2E (8D 01 FE) A:28 X:32 Y:0E P:05 S:F3 mem:002AF166 13:14390 tv:0.000007 8D: STA abs
here! 0x000028 0x00ca31 0xe6fa3010 0xcdde0ebc tv:0.000000 (cycle 14390  pc ~CA2E
writemem_ex! addr=FE01 val=28
lcpuC PC:CA31 (C8 8C 00) A:28 X:32 Y:0E P:05 S:F3 mem:002AF166 13:14386 tv:0.000007 C8: INY
lcpuC PC:CA32 (8C 00 FE) A:28 X:32 Y:0F P:05 S:F3 mem:002AF166 13:14384 tv:0.000001 8C: STY abs
here! 0x00000f 0x00ca35 0xe6fa3010 0xcdde0ebc tv:0.000000 (cycle 14384  pc ~CA32
writemem_ex! addr=FE00 val=0F
lcpuC PC:CA35 (8E 01 FE) A:28 X:32 Y:0F P:05 S:F3 mem:002AF166 13:14380 tv:0.000006 8E: STX abs
here! 0x000032 0x00ca38 0xe6fa3010 0xcdde0ebc tv:0.000000 (cycle 14380  pc ~CA35
writemem_ex! addr=FE01 val=32
lcpuC PC:CA38 (60 20 81) A:28 X:32 Y:0F P:05 S:F3 mem:002AF166 13:14376 tv:0.000007 60: RTS
lcpuC PC:C4EA (4C 5E C5) A:28 X:32 Y:0F P:05 S:F5 mem:002AF166 13:14370 tv:0.000001 4C: JMP
lcpuC PC:C55E (A5 D0 4A) A:28 X:32 Y:0F P:05 S:F5 mem:002AF166 13:14367 tv:0.000001 A5: LDA zp
lcpuC PC:C560 (4A 24 D0) A:00 X:32 Y:0F P:07 S:F5 mem:002AF166 13:14364 tv:0.000000 4A: LSR A
lcpuC PC:C561 (24 D0 50) A:00 X:32 Y:0F P:06 S:F5 mem:002AF166 13:14362 tv:0.000001 24: BIT zp
lcpuC PC:C563 (50 AC 20) A:00 X:32 Y:0F P:06 S:F5 mem:002AF166 13:14359 tv:0.000000 50: BVC
lcpuC PC:C511 (60 9D 24) A:00 X:32 Y:0F P:06 S:F5 mem:002AF166 13:14356 tv:0.000000 60: RTS
lcpuC PC:E0C8 (A9 08 2C) A:00 X:32 Y:0F P:06 S:F7 mem:002AF166 13:14350 tv:0.000001 A9: LDA imm
lcpuC PC:E0CA (2C 7C 02) A:08 X:32 Y:0F P:04 S:F7 mem:002AF166 13:14348 tv:0.000001 2C: BIT abs
lcpuC PC:E0CD (D0 02 90) A:08 X:32 Y:0F P:06 S:F7 mem:002AF166 13:14344 tv:0.000001 D0: BNE
lcpuC PC:E0CF (90 05 68) A:08 X:32 Y:0F P:06 S:F7 mem:002AF166 13:14342 tv:0.000001 90: BCC
lcpuC PC:E0D6 (AD 7C 02) A:08 X:32 Y:0F P:06 S:F7 mem:002AF166 13:14339 tv:0.000000 AD: LDA abs
lcpuC PC:E0D9 (6A 90 1B) A:00 X:32 Y:0F P:06 S:F7 mem:002AF166 13:14335 tv:0.000001 6A: ROR A
lcpuC PC:E0DA (90 1B A4) A:00 X:32 Y:0F P:06 S:F7 mem:002AF166 13:14333 tv:0.000001 90: BCC
lcpuC PC:E0F7 (A9 10 2C) A:00 X:32 Y:0F P:06 S:F7 mem:002AF166 13:14330 tv:0.000000 A9: LDA imm
lcpuC PC:E0F9 (2C 7C 02) A:10 X:32 Y:0F P:04 S:F7 mem:002AF166 13:14328 tv:0.000001 2C: BIT abs
lcpuC PC:E0FC (D0 0F AC) A:10 X:32 Y:0F P:06 S:F7 mem:002AF166 13:14324 tv:0.000001 D0: BNE
lcpuC PC:E0FE (AC 57 02) A:10 X:32 Y:0F P:06 S:F7 mem:002AF166 13:14322 tv:0.000001 AC: LDY abs
lcpuC PC:E101 (F0 0A 68) A:10 X:32 Y:00 P:06 S:F7 mem:002AF166 13:14318 tv:0.000000 F0: BEQ
lcpuC PC:E10D (68 68 A8) A:10 X:32 Y:00 P:06 S:F7 mem:002AF166 13:14315 tv:0.000001 68: PLA
lcpuC PC:E10E (68 A8 68) A:74 X:32 Y:00 P:04 S:F8 mem:002AF166 13:14311 tv:0.000001 68: PLA
lcpuC PC:E10F (A8 68 AA) A:0D X:32 Y:00 P:04 S:F9 mem:002AF166 13:14307 tv:0.000001 A8: TAY
lcpuC PC:E110 (68 AA 68) A:0D X:32 Y:0D P:04 S:F9 mem:002AF166 13:14305 tv:0.000001 68: PLA
lcpuC PC:E111 (AA 68 60) A:75 X:32 Y:0D P:04 S:FA mem:002AF166 13:14301 tv:0.000000 AA: TAX
lcpuC PC:E112 (68 60 2C) A:75 X:75 Y:0D P:04 S:FA mem:002AF166 13:14299 tv:0.000000 68: PLA
lcpuC PC:E113 (60 2C 7C) A:74 X:75 Y:0D P:04 S:FB mem:002AF166 13:14295 tv:0.000000 60: RTS
lcpuC PC:DEB7 (AA D0 F7) A:74 X:75 Y:0D P:04 S:FD mem:002AF166 13:14289 tv:0.000001 AA: TAX
lcpuC PC:DEB8 (D0 F7 60) A:74 X:74 Y:0D P:04 S:FD mem:002AF166 13:14287 tv:0.000001 D0: BNE
lcpuC PC:DEB1 (C8 B1 FD) A:74 X:74 Y:0D P:04 S:FD mem:002AF166 13:14284 tv:0.000000 C8: INY
lcpuC PC:DEB2 (B1 FD 20) A:74 X:74 Y:0E P:04 S:FD mem:002AF166 13:14282 tv:0.000000 B1: LDA (),y
lcpuC PC:DEB4 (20 E3 FF) A:65 X:74 Y:0E P:04 S:FD mem:002AF166 13:14277 tv:0.000000 20: JSR
lcpuC PC:FFE3 (C9 0D D0) A:65 X:74 Y:0E P:04 S:FB mem:002AF166 13:14271 tv:0.000000 C9: CMP imm
readmem_ex! addr=FFE4 val=0D
lcpuC PC:FFE5 (D0 07 A9) A:65 X:74 Y:0E P:05 S:FB mem:002AF166 13:14269 tv:0.000004 D0: BNE
readmem_ex! addr=FFE6 val=07
lcpuC PC:FFEE (6C 0E 02) A:65 X:74 Y:0E P:05 S:FB mem:002AF166 13:14266 tv:0.000003 6C: JMP ()
readmem_ex! addr=FFEF val=0E
readmem_ex! addr=FFF0 val=02
lcpuC PC:E0A4 (48 8A 48) A:65 X:74 Y:0E P:05 S:FB mem:002AF166 13:14261 tv:0.000006 48: PHA
lcpuC PC:E0A5 (8A 48 98) A:65 X:74 Y:0E P:05 S:FA mem:002AF157 13:14258 tv:0.000001 8A: TXA
lcpuC PC:E0A6 (48 98 48) A:74 X:74 Y:0E P:05 S:FA mem:002AF157 13:14256 tv:0.000000 48: PHA
lcpuC PC:E0A7 (98 48 BA) A:74 X:74 Y:0E P:05 S:F9 mem:002AF156 13:14253 tv:0.000000 98: TYA
lcpuC PC:E0A8 (48 BA BD) A:0E X:74 Y:0E P:05 S:F9 mem:002AF156 13:14251 tv:0.000000 48: PHA
lcpuC PC:E0A9 (BA BD 03) A:0E X:74 Y:0E P:05 S:F8 mem:002AF157 13:14248 tv:0.000000 BA: TSX
lcpuC PC:E0AA (BD 03 01) A:0E X:F8 Y:0E P:85 S:F8 mem:002AF157 13:14246 tv:0.000001 BD: LDA abs,x
lcpuC PC:E0AD (48 2C 60) A:65 X:F8 Y:0E P:05 S:F8 mem:002AF157 13:14242 tv:0.000000 48: PHA
lcpuC PC:E0AE (2C 60 02) A:65 X:F8 Y:0E P:05 S:F7 mem:002AF148 13:14239 tv:0.000000 2C: BIT abs
lcpuC PC:E0B1 (10 08 A8) A:65 X:F8 Y:0E P:07 S:F7 mem:002AF148 13:14235 tv:0.000001 10: BPL
lcpuC PC:E0BB (18 A9 02) A:65 X:F8 Y:0E P:07 S:F7 mem:002AF148 13:14232 tv:0.000000 18: CLC
lcpuC PC:E0BC (A9 02 2C) A:65 X:F8 Y:0E P:06 S:F7 mem:002AF148 13:14230 tv:0.000000 A9: LDA imm
lcpuC PC:E0BE (2C 7C 02) A:02 X:F8 Y:0E P:04 S:F7 mem:002AF148 13:14228 tv:0.000000 2C: BIT abs
lcpuC PC:E0C1 (D0 05 68) A:02 X:F8 Y:0E P:06 S:F7 mem:002AF148 13:14224 tv:0.000000 D0: BNE
lcpuC PC:E0C3 (68 48 20) A:02 X:F8 Y:0E P:06 S:F7 mem:002AF148 13:14222 tv:0.000001 68: PLA
lcpuC PC:E0C4 (48 20 C0) A:65 X:F8 Y:0E P:04 S:F8 mem:002AF148 13:14218 tv:0.000001 48: PHA
lcpuC PC:E0C5 (20 C0 C4) A:65 X:F8 Y:0E P:04 S:F7 mem:002AF148 13:14215 tv:0.000001 20: JSR
lcpuC PC:C4C0 (AE 6A 02) A:65 X:F8 Y:0E P:04 S:F5 mem:002AF148 13:14209 tv:0.000000 AE: LDX abs
lcpuC PC:C4C3 (D0 4D 24) A:65 X:00 Y:0E P:06 S:F5 mem:002AF148 13:14205 tv:0.000001 D0: BNE
lcpuC PC:C4C5 (24 D0 50) A:65 X:00 Y:0E P:06 S:F5 mem:002AF148 13:14203 tv:0.000000 24: BIT zp
lcpuC PC:C4C7 (50 0F 20) A:65 X:00 Y:0E P:06 S:F5 mem:002AF148 13:14200 tv:0.000001 50: BVC
lcpuC PC:C4D8 (C9 7F F0) A:65 X:00 Y:0E P:06 S:F5 mem:002AF148 13:14197 tv:0.000000 C9: CMP imm
lcpuC PC:C4DA (F0 11 C9) A:65 X:00 Y:0E P:84 S:F5 mem:002AF148 13:14195 tv:0.000000 F0: BEQ
lcpuC PC:C4DC (C9 20 90) A:65 X:00 Y:0E P:84 S:F5 mem:002AF148 13:14193 tv:0.000000 C9: CMP imm
lcpuC PC:C4DE (90 0F 24) A:65 X:00 Y:0E P:05 S:F5 mem:002AF148 13:14191 tv:0.000001 90: BCC
lcpuC PC:C4E0 (24 D0 30) A:65 X:00 Y:0E P:05 S:F5 mem:002AF148 13:14189 tv:0.000000 24: BIT zp
lcpuC PC:C4E2 (30 06 20) A:65 X:00 Y:0E P:07 S:F5 mem:002AF148 13:14186 tv:0.000000 30: BMI
lcpuC PC:C4E4 (20 B7 CF) A:65 X:00 Y:0E P:07 S:F5 mem:002AF148 13:14184 tv:0.000000 20: JSR
lcpuC PC:CFB7 (AE 60 03) A:65 X:00 Y:0E P:07 S:F3 mem:002AF145 13:14178 tv:0.000001 AE: LDX abs
lcpuC PC:CFBA (F0 20 20) A:65 X:00 Y:0E P:07 S:F3 mem:002AF145 13:14174 tv:0.000001 F0: BEQ
lcpuC PC:CFDC (A0 02 D9) A:65 X:00 Y:0E P:07 S:F3 mem:002AF145 13:14171 tv:0.000001 A0: LDY imm
lcpuC PC:CFDE (D9 B6 C4) A:65 X:00 Y:02 P:05 S:F3 mem:002AF145 13:14169 tv:0.000001 D9: CMP abs,y
lcpuC PC:CFE1 (F0 06 88) A:65 X:00 Y:02 P:05 S:F3 mem:002AF145 13:14165 tv:0.000000 F0: BEQ
lcpuC PC:CFE3 (88 10 F8) A:65 X:00 Y:02 P:05 S:F3 mem:002AF145 13:14163 tv:0.000000 88: DEY
lcpuC PC:CFE4 (10 F8 81) A:65 X:00 Y:01 P:05 S:F3 mem:002AF145 13:14161 tv:0.000000 10: BPL
lcpuC PC:CFDE (D9 B6 C4) A:65 X:00 Y:01 P:05 S:F3 mem:002AF145 13:14158 tv:0.000001 D9: CMP abs,y
lcpuC PC:CFE1 (F0 06 88) A:65 X:00 Y:01 P:05 S:F3 mem:002AF145 13:14154 tv:0.000000 F0: BEQ
lcpuC PC:CFE3 (88 10 F8) A:65 X:00 Y:01 P:05 S:F3 mem:002AF145 13:14152 tv:0.000000 88: DEY
lcpuC PC:CFE4 (10 F8 81) A:65 X:00 Y:00 P:07 S:F3 mem:002AF145 13:14150 tv:0.000001 10: BPL
lcpuC PC:CFDE (D9 B6 C4) A:65 X:00 Y:00 P:07 S:F3 mem:002AF145 13:14147 tv:0.000008 D9: CMP abs,y
lcpuC PC:CFE1 (F0 06 88) A:65 X:00 Y:00 P:05 S:F3 mem:002AF145 13:14143 tv:0.000000 F0: BEQ
lcpuC PC:CFE3 (88 10 F8) A:65 X:00 Y:00 P:05 S:F3 mem:002AF145 13:14141 tv:0.000000 88: DEY
lcpuC PC:CFE4 (10 F8 81) A:65 X:00 Y:FF P:85 S:F3 mem:002AF145 13:14139 tv:0.000000 10: BPL
lcpuC PC:CFE6 (81 D8 60) A:65 X:00 Y:FF P:85 S:F3 mem:002AF145 13:14137 tv:0.000000 81: STA (,x)
lcpuC PC:CFE8 (60 B9 B7) A:65 X:00 Y:FF P:85 S:F3 mem:002AF18A 13:14131 tv:0.000001 60: RTS
lcpuC PC:C4E7 (20 64 C6) A:65 X:00 Y:FF P:85 S:F5 mem:002AF18A 13:14125 tv:0.000000 20: JSR
lcpuC PC:C664 (A5 D0 29) A:65 X:00 Y:FF P:85 S:F3 mem:002AF18D 13:14119 tv:0.000001 A5: LDA zp
lcpuC PC:C666 (29 20 D0) A:00 X:00 Y:FF P:07 S:F3 mem:002AF18D 13:14116 tv:0.000001 29: AND
lcpuC PC:C668 (D0 4A AE) A:00 X:00 Y:FF P:07 S:F3 mem:002AF18D 13:14113 tv:0.000001 D0: BNE
lcpuC PC:C66A (AE 18 03) A:00 X:00 Y:FF P:07 S:F3 mem:002AF18D 13:14111 tv:0.000000 AE: LDX abs
lcpuC PC:C66D (EC 0A 03) A:00 X:0A Y:FF P:05 S:F3 mem:002AF18D 13:14107 tv:0.000001 EC: CPX abs
lcpuC PC:C670 (B0 12 EE) A:00 X:0A Y:FF P:84 S:F3 mem:002AF18D 13:14103 tv:0.000001 B0: BCS
lcpuC PC:C672 (EE 18 03) A:00 X:0A Y:FF P:84 S:F3 mem:002AF18D 13:14101 tv:0.000000 EE: INC abs
lcpuC PC:C675 (AD 4A 03) A:00 X:0A Y:FF P:04 S:F3 mem:002AF18E 13:14095 tv:0.000001 AD: LDA abs
lcpuC PC:C678 (6D 4F 03) A:32 X:0A Y:FF P:04 S:F3 mem:002AF18E 13:14091 tv:0.000000 6D: ADC abs
lcpuC PC:C67B (AA AD 4B) A:33 X:0A Y:FF P:04 S:F3 mem:002AF18E 13:14087 tv:0.000000 AA: TAX
lcpuC PC:C67C (AD 4B 03) A:33 X:33 Y:FF P:04 S:F3 mem:002AF18E 13:14085 tv:0.000001 AD: LDA abs
lcpuC PC:C67F (69 00 4C) A:7C X:33 Y:FF P:04 S:F3 mem:002AF18E 13:14081 tv:0.000001 69: ADC imm
lcpuC PC:C681 (4C F6 C9) A:7C X:33 Y:FF P:04 S:F3 mem:002AF18E 13:14079 tv:0.000001 4C: JMP
lcpuC PC:C9F6 (8E 4A 03) A:7C X:33 Y:FF P:04 S:F3 mem:002AF18E 13:14076 tv:0.000000 8E: STX abs
lcpuC PC:C9F9 (8D 4B 03) A:7C X:33 Y:FF P:04 S:F3 mem:002AF18F 13:14072 tv:0.000001 8D: STA abs
lcpuC PC:C9FC (10 04 38) A:7C X:33 Y:FF P:04 S:F3 mem:002AF18F 13:14068 tv:0.000002 10: BPL
lcpuC PC:CA02 (86 D8 85) A:7C X:33 Y:FF P:04 S:F3 mem:002AF18F 13:14065 tv:0.000001 86: STX zp
lcpuC PC:CA04 (85 D9 AE) A:7C X:33 Y:FF P:04 S:F3 mem:002AF190 13:14062 tv:0.000001 85: STA zp
lcpuC PC:CA06 (AE 4A 03) A:7C X:33 Y:FF P:04 S:F3 mem:002AF190 13:14059 tv:0.000001 AE: LDX abs
lcpuC PC:CA09 (AD 4B 03) A:7C X:33 Y:FF P:04 S:F3 mem:002AF190 13:14055 tv:0.000000 AD: LDA abs
lcpuC PC:CA0C (A0 0E 48) A:7C X:33 Y:FF P:04 S:F3 mem:002AF190 13:14051 tv:0.000001 A0: LDY imm
lcpuC PC:CA0E (48 AD 55) A:7C X:33 Y:0E P:04 S:F3 mem:002AF190 13:14049 tv:0.000001 48: PHA
lcpuC PC:CA0F (AD 55 03) A:7C X:33 Y:0E P:04 S:F2 mem:002AF190 13:14046 tv:0.000001 AD: LDA abs
lcpuC PC:CA12 (C9 07 68) A:07 X:33 Y:0E P:04 S:F2 mem:002AF190 13:14042 tv:0.000001 C9: CMP imm
lcpuC PC:CA14 (68 B0 10) A:07 X:33 Y:0E P:07 S:F2 mem:002AF190 13:14040 tv:0.000000 68: PLA
lcpuC PC:CA15 (B0 10 86) A:7C X:33 Y:0E P:05 S:F3 mem:002AF190 13:14036 tv:0.000001 B0: BCS
lcpuC PC:CA27 (E9 74 49) A:7C X:33 Y:0E P:05 S:F3 mem:002AF190 13:14033 tv:0.000001 E9: SBC imm
lcpuC PC:CA29 (49 20 8C) A:08 X:33 Y:0E P:05 S:F3 mem:002AF190 13:14031 tv:0.000001 49: EOR imm
lcpuC PC:CA2B (8C 00 FE) A:28 X:33 Y:0E P:05 S:F3 mem:002AF190 13:14029 tv:0.000001 8C: STY abs
here! 0x00000e 0x00ca2e 0xe6fa3010 0xcdde0ebc tv:0.000000 (cycle 14029  pc ~CA2B
writemem_ex! addr=FE00 val=0E
lcpuC PC:CA2E (8D 01 FE) A:28 X:33 Y:0E P:05 S:F3 mem:002AF190 13:14025 tv:0.000008 8D: STA abs
here! 0x000028 0x00ca31 0xe6fa3010 0xcdde0ebc tv:0.000000 (cycle 14025  pc ~CA2E
writemem_ex! addr=FE01 val=28
lcpuC PC:CA31 (C8 8C 00) A:28 X:33 Y:0E P:05 S:F3 mem:002AF190 13:14021 tv:0.000007 C8: INY
lcpuC PC:CA32 (8C 00 FE) A:28 X:33 Y:0F P:05 S:F3 mem:002AF190 13:14019 tv:0.000001 8C: STY abs
here! 0x00000f 0x00ca35 0xe6fa3010 0xcdde0ebc tv:0.000000 (cycle 14019  pc ~CA32
writemem_ex! addr=FE00 val=0F
lcpuC PC:CA35 (8E 01 FE) A:28 X:33 Y:0F P:05 S:F3 mem:002AF190 13:14015 tv:0.000007 8E: STX abs
here! 0x000033 0x00ca38 0xe6fa3010 0xcdde0ebc tv:0.000000 (cycle 14015  pc ~CA35
writemem_ex! addr=FE01 val=33
lcpuC PC:CA38 (60 20 81) A:28 X:33 Y:0F P:05 S:F3 mem:002AF190 13:14011 tv:0.000007 60: RTS
lcpuC PC:C4EA (4C 5E C5) A:28 X:33 Y:0F P:05 S:F5 mem:002AF190 13:14005 tv:0.000001 4C: JMP
lcpuC PC:C55E (A5 D0 4A) A:28 X:33 Y:0F P:05 S:F5 mem:002AF190 13:14002 tv:0.000000 A5: LDA zp
lcpuC PC:C560 (4A 24 D0) A:00 X:33 Y:0F P:07 S:F5 mem:002AF190 13:13999 tv:0.000001 4A: LSR A
lcpuC PC:C561 (24 D0 50) A:00 X:33 Y:0F P:06 S:F5 mem:002AF190 13:13997 tv:0.000000 24: BIT zp
lcpuC PC:C563 (50 AC 20) A:00 X:33 Y:0F P:06 S:F5 mem:002AF190 13:13994 tv:0.000000 50: BVC
lcpuC PC:C511 (60 9D 24) A:00 X:33 Y:0F P:06 S:F5 mem:002AF190 13:13991 tv:0.000000 60: RTS
lcpuC PC:E0C8 (A9 08 2C) A:00 X:33 Y:0F P:06 S:F7 mem:002AF190 13:13985 tv:0.000001 A9: LDA imm
lcpuC PC:E0CA (2C 7C 02) A:08 X:33 Y:0F P:04 S:F7 mem:002AF190 13:13983 tv:0.000001 2C: BIT abs
lcpuC PC:E0CD (D0 02 90) A:08 X:33 Y:0F P:06 S:F7 mem:002AF190 13:13979 tv:0.000001 D0: BNE
lcpuC PC:E0CF (90 05 68) A:08 X:33 Y:0F P:06 S:F7 mem:002AF190 13:13977 tv:0.000000 90: BCC
lcpuC PC:E0D6 (AD 7C 02) A:08 X:33 Y:0F P:06 S:F7 mem:002AF190 13:13974 tv:0.000001 AD: LDA abs
lcpuC PC:E0D9 (6A 90 1B) A:00 X:33 Y:0F P:06 S:F7 mem:002AF190 13:13970 tv:0.000001 6A: ROR A
lcpuC PC:E0DA (90 1B A4) A:00 X:33 Y:0F P:06 S:F7 mem:002AF190 13:13968 tv:0.000000 90: BCC
lcpuC PC:E0F7 (A9 10 2C) A:00 X:33 Y:0F P:06 S:F7 mem:002AF190 13:13965 tv:0.000001 A9: LDA imm
lcpuC PC:E0F9 (2C 7C 02) A:10 X:33 Y:0F P:04 S:F7 mem:002AF190 13:13963 tv:0.000000 2C: BIT abs
lcpuC PC:E0FC (D0 0F AC) A:10 X:33 Y:0F P:06 S:F7 mem:002AF190 13:13959 tv:0.000001 D0: BNE
lcpuC PC:E0FE (AC 57 02) A:10 X:33 Y:0F P:06 S:F7 mem:002AF190 13:13957 tv:0.000000 AC: LDY abs
lcpuC PC:E101 (F0 0A 68) A:10 X:33 Y:00 P:06 S:F7 mem:002AF190 13:13953 tv:0.000001 F0: BEQ
lcpuC PC:E10D (68 68 A8) A:10 X:33 Y:00 P:06 S:F7 mem:002AF190 13:13950 tv:0.000000 68: PLA
lcpuC PC:E10E (68 A8 68) A:65 X:33 Y:00 P:04 S:F8 mem:002AF190 13:13946 tv:0.000000 68: PLA
lcpuC PC:E10F (A8 68 AA) A:0E X:33 Y:00 P:04 S:F9 mem:002AF190 13:13942 tv:0.000001 A8: TAY
lcpuC PC:E110 (68 AA 68) A:0E X:33 Y:0E P:04 S:F9 mem:002AF190 13:13940 tv:0.000001 68: PLA
lcpuC PC:E111 (AA 68 60) A:74 X:33 Y:0E P:04 S:FA mem:002AF190 13:13936 tv:0.000001 AA: TAX
lcpuC PC:E112 (68 60 2C) A:74 X:74 Y:0E P:04 S:FA mem:002AF190 13:13934 tv:0.000000 68: PLA
lcpuC PC:E113 (60 2C 7C) A:65 X:74 Y:0E P:04 S:FB mem:002AF190 13:13930 tv:0.000000 60: RTS
lcpuC PC:DEB7 (AA D0 F7) A:65 X:74 Y:0E P:04 S:FD mem:002AF190 13:13924 tv:0.000001 AA: TAX
lcpuC PC:DEB8 (D0 F7 60) A:65 X:65 Y:0E P:04 S:FD mem:002AF190 13:13922 tv:0.000000 D0: BNE
lcpuC PC:DEB1 (C8 B1 FD) A:65 X:65 Y:0E P:04 S:FD mem:002AF190 13:13919 tv:0.000001 C8: INY
lcpuC PC:DEB2 (B1 FD 20) A:65 X:65 Y:0F P:04 S:FD mem:002AF190 13:13917 tv:0.000001 B1: LDA (),y
lcpuC PC:DEB4 (20 E3 FF) A:72 X:65 Y:0F P:04 S:FD mem:002AF190 13:13912 tv:0.000000 20: JSR
lcpuC PC:FFE3 (C9 0D D0) A:72 X:65 Y:0F P:04 S:FB mem:002AF190 13:13906 tv:0.000001 C9: CMP imm
readmem_ex! addr=FFE4 val=0D
lcpuC PC:FFE5 (D0 07 A9) A:72 X:65 Y:0F P:05 S:FB mem:002AF190 13:13904 tv:0.000004 D0: BNE
readmem_ex! addr=FFE6 val=07
lcpuC PC:FFEE (6C 0E 02) A:72 X:65 Y:0F P:05 S:FB mem:002AF190 13:13901 tv:0.000004 6C: JMP ()
readmem_ex! addr=FFEF val=0E
readmem_ex! addr=FFF0 val=02
lcpuC PC:E0A4 (48 8A 48) A:72 X:65 Y:0F P:05 S:FB mem:002AF190 13:13896 tv:0.000006 48: PHA
lcpuC PC:E0A5 (8A 48 98) A:72 X:65 Y:0F P:05 S:FA mem:002AF19D 13:13893 tv:0.000007 8A: TXA
lcpuC PC:E0A6 (48 98 48) A:65 X:65 Y:0F P:05 S:FA mem:002AF19D 13:13891 tv:0.000001 48: PHA
lcpuC PC:E0A7 (98 48 BA) A:65 X:65 Y:0F P:05 S:F9 mem:002AF18E 13:13888 tv:0.000000 98: TYA
lcpuC PC:E0A8 (48 BA BD) A:0F X:65 Y:0F P:05 S:F9 mem:002AF18E 13:13886 tv:0.000000 48: PHA
lcpuC PC:E0A9 (BA BD 03) A:0F X:65 Y:0F P:05 S:F8 mem:002AF18F 13:13883 tv:0.000000 BA: TSX
lcpuC PC:E0AA (BD 03 01) A:0F X:F8 Y:0F P:85 S:F8 mem:002AF18F 13:13881 tv:0.000001 BD: LDA abs,x
lcpuC PC:E0AD (48 2C 60) A:72 X:F8 Y:0F P:05 S:F8 mem:002AF18F 13:13877 tv:0.000001 48: PHA
lcpuC PC:E0AE (2C 60 02) A:72 X:F8 Y:0F P:05 S:F7 mem:002AF19C 13:13874 tv:0.000000 2C: BIT abs
lcpuC PC:E0B1 (10 08 A8) A:72 X:F8 Y:0F P:07 S:F7 mem:002AF19C 13:13870 tv:0.000001 10: BPL
lcpuC PC:E0BB (18 A9 02) A:72 X:F8 Y:0F P:07 S:F7 mem:002AF19C 13:13867 tv:0.000001 18: CLC
lcpuC PC:E0BC (A9 02 2C) A:72 X:F8 Y:0F P:06 S:F7 mem:002AF19C 13:13865 tv:0.000001 A9: LDA imm
lcpuC PC:E0BE (2C 7C 02) A:02 X:F8 Y:0F P:04 S:F7 mem:002AF19C 13:13863 tv:0.000000 2C: BIT abs
lcpuC PC:E0C1 (D0 05 68) A:02 X:F8 Y:0F P:06 S:F7 mem:002AF19C 13:13859 tv:0.000001 D0: BNE
lcpuC PC:E0C3 (68 48 20) A:02 X:F8 Y:0F P:06 S:F7 mem:002AF19C 13:13857 tv:0.000001 68: PLA
lcpuC PC:E0C4 (48 20 C0) A:72 X:F8 Y:0F P:04 S:F8 mem:002AF19C 13:13853 tv:0.000001 48: PHA
lcpuC PC:E0C5 (20 C0 C4) A:72 X:F8 Y:0F P:04 S:F7 mem:002AF19C 13:13850 tv:0.000000 20: JSR
lcpuC PC:C4C0 (AE 6A 02) A:72 X:F8 Y:0F P:04 S:F5 mem:002AF19C 13:13844 tv:0.000000 AE: LDX abs
lcpuC PC:C4C3 (D0 4D 24) A:72 X:00 Y:0F P:06 S:F5 mem:002AF19C 13:13840 tv:0.000001 D0: BNE
lcpuC PC:C4C5 (24 D0 50) A:72 X:00 Y:0F P:06 S:F5 mem:002AF19C 13:13838 tv:0.000000 24: BIT zp
lcpuC PC:C4C7 (50 0F 20) A:72 X:00 Y:0F P:06 S:F5 mem:002AF19C 13:13835 tv:0.000001 50: BVC
lcpuC PC:C4D8 (C9 7F F0) A:72 X:00 Y:0F P:06 S:F5 mem:002AF19C 13:13832 tv:0.000000 C9: CMP imm
lcpuC PC:C4DA (F0 11 C9) A:72 X:00 Y:0F P:84 S:F5 mem:002AF19C 13:13830 tv:0.000000 F0: BEQ
lcpuC PC:C4DC (C9 20 90) A:72 X:00 Y:0F P:84 S:F5 mem:002AF19C 13:13828 tv:0.000001 C9: CMP imm
lcpuC PC:C4DE (90 0F 24) A:72 X:00 Y:0F P:05 S:F5 mem:002AF19C 13:13826 tv:0.000000 90: BCC
lcpuC PC:C4E0 (24 D0 30) A:72 X:00 Y:0F P:05 S:F5 mem:002AF19C 13:13824 tv:0.000000 24: BIT zp
lcpuC PC:C4E2 (30 06 20) A:72 X:00 Y:0F P:07 S:F5 mem:002AF19C 13:13821 tv:0.000001 30: BMI
lcpuC PC:C4E4 (20 B7 CF) A:72 X:00 Y:0F P:07 S:F5 mem:002AF19C 13:13819 tv:0.000000 20: JSR
lcpuC PC:CFB7 (AE 60 03) A:72 X:00 Y:0F P:07 S:F3 mem:002AF199 13:13813 tv:0.000001 AE: LDX abs
lcpuC PC:CFBA (F0 20 20) A:72 X:00 Y:0F P:07 S:F3 mem:002AF199 13:13809 tv:0.000000 F0: BEQ
lcpuC PC:CFDC (A0 02 D9) A:72 X:00 Y:0F P:07 S:F3 mem:002AF199 13:13806 tv:0.000001 A0: LDY imm
lcpuC PC:CFDE (D9 B6 C4) A:72 X:00 Y:02 P:05 S:F3 mem:002AF199 13:13804 tv:0.000000 D9: CMP abs,y
lcpuC PC:CFE1 (F0 06 88) A:72 X:00 Y:02 P:05 S:F3 mem:002AF199 13:13800 tv:0.000001 F0: BEQ
lcpuC PC:CFE3 (88 10 F8) A:72 X:00 Y:02 P:05 S:F3 mem:002AF199 13:13798 tv:0.000000 88: DEY
lcpuC PC:CFE4 (10 F8 81) A:72 X:00 Y:01 P:05 S:F3 mem:002AF199 13:13796 tv:0.000001 10: BPL
lcpuC PC:CFDE (D9 B6 C4) A:72 X:00 Y:01 P:05 S:F3 mem:002AF199 13:13793 tv:0.000000 D9: CMP abs,y
lcpuC PC:CFE1 (F0 06 88) A:72 X:00 Y:01 P:05 S:F3 mem:002AF199 13:13789 tv:0.000000 F0: BEQ
lcpuC PC:CFE3 (88 10 F8) A:72 X:00 Y:01 P:05 S:F3 mem:002AF199 13:13787 tv:0.000000 88: DEY
lcpuC PC:CFE4 (10 F8 81) A:72 X:00 Y:00 P:07 S:F3 mem:002AF199 13:13785 tv:0.000001 10: BPL
lcpuC PC:CFDE (D9 B6 C4) A:72 X:00 Y:00 P:07 S:F3 mem:002AF199 13:13782 tv:0.000001 D9: CMP abs,y
lcpuC PC:CFE1 (F0 06 88) A:72 X:00 Y:00 P:05 S:F3 mem:002AF199 13:13778 tv:0.000001 F0: BEQ
lcpuC PC:CFE3 (88 10 F8) A:72 X:00 Y:00 P:05 S:F3 mem:002AF199 13:13776 tv:0.000000 88: DEY
lcpuC PC:CFE4 (10 F8 81) A:72 X:00 Y:FF P:85 S:F3 mem:002AF199 13:13774 tv:0.000000 10: BPL
lcpuC PC:CFE6 (81 D8 60) A:72 X:00 Y:FF P:85 S:F3 mem:002AF199 13:13772 tv:0.000001 81: STA (,x)
lcpuC PC:CFE8 (60 B9 B7) A:72 X:00 Y:FF P:85 S:F3 mem:002AF1EB 13:13766 tv:0.000001 60: RTS
lcpuC PC:C4E7 (20 64 C6) A:72 X:00 Y:FF P:85 S:F5 mem:002AF1EB 13:13760 tv:0.000000 20: JSR
lcpuC PC:C664 (A5 D0 29) A:72 X:00 Y:FF P:85 S:F3 mem:002AF1EE 13:13754 tv:0.000001 A5: LDA zp
lcpuC PC:C666 (29 20 D0) A:00 X:00 Y:FF P:07 S:F3 mem:002AF1EE 13:13751 tv:0.000000 29: AND
lcpuC PC:C668 (D0 4A AE) A:00 X:00 Y:FF P:07 S:F3 mem:002AF1EE 13:13748 tv:0.000000 D0: BNE
lcpuC PC:C66A (AE 18 03) A:00 X:00 Y:FF P:07 S:F3 mem:002AF1EE 13:13746 tv:0.000000 AE: LDX abs
lcpuC PC:C66D (EC 0A 03) A:00 X:0B Y:FF P:05 S:F3 mem:002AF1EE 13:13742 tv:0.000001 EC: CPX abs
lcpuC PC:C670 (B0 12 EE) A:00 X:0B Y:FF P:84 S:F3 mem:002AF1EE 13:13738 tv:0.000001 B0: BCS
lcpuC PC:C672 (EE 18 03) A:00 X:0B Y:FF P:84 S:F3 mem:002AF1EE 13:13736 tv:0.000001 EE: INC abs
lcpuC PC:C675 (AD 4A 03) A:00 X:0B Y:FF P:04 S:F3 mem:002AF1EF 13:13730 tv:0.000001 AD: LDA abs
lcpuC PC:C678 (6D 4F 03) A:33 X:0B Y:FF P:04 S:F3 mem:002AF1EF 13:13726 tv:0.000000 6D: ADC abs
lcpuC PC:C67B (AA AD 4B) A:34 X:0B Y:FF P:04 S:F3 mem:002AF1EF 13:13722 tv:0.000000 AA: TAX
lcpuC PC:C67C (AD 4B 03) A:34 X:34 Y:FF P:04 S:F3 mem:002AF1EF 13:13720 tv:0.000000 AD: LDA abs
lcpuC PC:C67F (69 00 4C) A:7C X:34 Y:FF P:04 S:F3 mem:002AF1EF 13:13716 tv:0.000000 69: ADC imm
lcpuC PC:C681 (4C F6 C9) A:7C X:34 Y:FF P:04 S:F3 mem:002AF1EF 13:13714 tv:0.000000 4C: JMP
lcpuC PC:C9F6 (8E 4A 03) A:7C X:34 Y:FF P:04 S:F3 mem:002AF1EF 13:13711 tv:0.000000 8E: STX abs
lcpuC PC:C9F9 (8D 4B 03) A:7C X:34 Y:FF P:04 S:F3 mem:002AF1F0 13:13707 tv:0.000001 8D: STA abs
lcpuC PC:C9FC (10 04 38) A:7C X:34 Y:FF P:04 S:F3 mem:002AF1F0 13:13703 tv:0.000001 10: BPL
lcpuC PC:CA02 (86 D8 85) A:7C X:34 Y:FF P:04 S:F3 mem:002AF1F0 13:13700 tv:0.000001 86: STX zp
lcpuC PC:CA04 (85 D9 AE) A:7C X:34 Y:FF P:04 S:F3 mem:002AF1F1 13:13697 tv:0.000000 85: STA zp
lcpuC PC:CA06 (AE 4A 03) A:7C X:34 Y:FF P:04 S:F3 mem:002AF1F1 13:13694 tv:0.000001 AE: LDX abs
lcpuC PC:CA09 (AD 4B 03) A:7C X:34 Y:FF P:04 S:F3 mem:002AF1F1 13:13690 tv:0.000001 AD: LDA abs
lcpuC PC:CA0C (A0 0E 48) A:7C X:34 Y:FF P:04 S:F3 mem:002AF1F1 13:13686 tv:0.000000 A0: LDY imm
lcpuC PC:CA0E (48 AD 55) A:7C X:34 Y:0E P:04 S:F3 mem:002AF1F1 13:13684 tv:0.000001 48: PHA
lcpuC PC:CA0F (AD 55 03) A:7C X:34 Y:0E P:04 S:F2 mem:002AF1F1 13:13681 tv:0.000000 AD: LDA abs
lcpuC PC:CA12 (C9 07 68) A:07 X:34 Y:0E P:04 S:F2 mem:002AF1F1 13:13677 tv:0.000001 C9: CMP imm
lcpuC PC:CA14 (68 B0 10) A:07 X:34 Y:0E P:07 S:F2 mem:002AF1F1 13:13675 tv:0.000001 68: PLA
lcpuC PC:CA15 (B0 10 86) A:7C X:34 Y:0E P:05 S:F3 mem:002AF1F1 13:13671 tv:0.000001 B0: BCS
lcpuC PC:CA27 (E9 74 49) A:7C X:34 Y:0E P:05 S:F3 mem:002AF1F1 13:13668 tv:0.000001 E9: SBC imm
lcpuC PC:CA29 (49 20 8C) A:08 X:34 Y:0E P:05 S:F3 mem:002AF1F1 13:13666 tv:0.000000 49: EOR imm
lcpuC PC:CA2B (8C 00 FE) A:28 X:34 Y:0E P:05 S:F3 mem:002AF1F1 13:13664 tv:0.000001 8C: STY abs
here! 0x00000e 0x00ca2e 0xe6fa3010 0xcdde0ebc tv:0.000000 (cycle 13664  pc ~CA2B
writemem_ex! addr=FE00 val=0E
lcpuC PC:CA2E (8D 01 FE) A:28 X:34 Y:0E P:05 S:F3 mem:002AF1F1 13:13660 tv:0.000008 8D: STA abs
here! 0x000028 0x00ca31 0xe6fa3010 0xcdde0ebc tv:0.000000 (cycle 13660  pc ~CA2E
writemem_ex! addr=FE01 val=28
lcpuC PC:CA31 (C8 8C 00) A:28 X:34 Y:0E P:05 S:F3 mem:002AF1F1 13:13656 tv:0.000007 C8: INY
lcpuC PC:CA32 (8C 00 FE) A:28 X:34 Y:0F P:05 S:F3 mem:002AF1F1 13:13654 tv:0.000001 8C: STY abs
here! 0x00000f 0x00ca35 0xe6fa3010 0xcdde0ebc tv:0.000000 (cycle 13654  pc ~CA32
writemem_ex! addr=FE00 val=0F
lcpuC PC:CA35 (8E 01 FE) A:28 X:34 Y:0F P:05 S:F3 mem:002AF1F1 13:13650 tv:0.000006 8E: STX abs
here! 0x000034 0x00ca38 0xe6fa3010 0xcdde0ebc tv:0.000000 (cycle 13650  pc ~CA35
writemem_ex! addr=FE01 val=34
lcpuC PC:CA38 (60 20 81) A:28 X:34 Y:0F P:05 S:F3 mem:002AF1F1 13:13646 tv:0.000007 60: RTS
lcpuC PC:C4EA (4C 5E C5) A:28 X:34 Y:0F P:05 S:F5 mem:002AF1F1 13:13640 tv:0.000001 4C: JMP
lcpuC PC:C55E (A5 D0 4A) A:28 X:34 Y:0F P:05 S:F5 mem:002AF1F1 13:13637 tv:0.000007 A5: LDA zp
lcpuC PC:C560 (4A 24 D0) A:00 X:34 Y:0F P:07 S:F5 mem:002AF1F1 13:13634 tv:0.000001 4A: LSR A
lcpuC PC:C561 (24 D0 50) A:00 X:34 Y:0F P:06 S:F5 mem:002AF1F1 13:13632 tv:0.000000 24: BIT zp
lcpuC PC:C563 (50 AC 20) A:00 X:34 Y:0F P:06 S:F5 mem:002AF1F1 13:13629 tv:0.000001 50: BVC
lcpuC PC:C511 (60 9D 24) A:00 X:34 Y:0F P:06 S:F5 mem:002AF1F1 13:13626 tv:0.000000 60: RTS
lcpuC PC:E0C8 (A9 08 2C) A:00 X:34 Y:0F P:06 S:F7 mem:002AF1F1 13:13620 tv:0.000000 A9: LDA imm
lcpuC PC:E0CA (2C 7C 02) A:08 X:34 Y:0F P:04 S:F7 mem:002AF1F1 13:13618 tv:0.000001 2C: BIT abs
lcpuC PC:E0CD (D0 02 90) A:08 X:34 Y:0F P:06 S:F7 mem:002AF1F1 13:13614 tv:0.000001 D0: BNE
lcpuC PC:E0CF (90 05 68) A:08 X:34 Y:0F P:06 S:F7 mem:002AF1F1 13:13612 tv:0.000001 90: BCC
lcpuC PC:E0D6 (AD 7C 02) A:08 X:34 Y:0F P:06 S:F7 mem:002AF1F1 13:13609 tv:0.000001 AD: LDA abs
lcpuC PC:E0D9 (6A 90 1B) A:00 X:34 Y:0F P:06 S:F7 mem:002AF1F1 13:13605 tv:0.000001 6A: ROR A
lcpuC PC:E0DA (90 1B A4) A:00 X:34 Y:0F P:06 S:F7 mem:002AF1F1 13:13603 tv:0.000001 90: BCC
lcpuC PC:E0F7 (A9 10 2C) A:00 X:34 Y:0F P:06 S:F7 mem:002AF1F1 13:13600 tv:0.000000 A9: LDA imm
lcpuC PC:E0F9 (2C 7C 02) A:10 X:34 Y:0F P:04 S:F7 mem:002AF1F1 13:13598 tv:0.000000 2C: BIT abs
lcpuC PC:E0FC (D0 0F AC) A:10 X:34 Y:0F P:06 S:F7 mem:002AF1F1 13:13594 tv:0.000000 D0: BNE
lcpuC PC:E0FE (AC 57 02) A:10 X:34 Y:0F P:06 S:F7 mem:002AF1F1 13:13592 tv:0.000001 AC: LDY abs
lcpuC PC:E101 (F0 0A 68) A:10 X:34 Y:00 P:06 S:F7 mem:002AF1F1 13:13588 tv:0.000000 F0: BEQ
lcpuC PC:E10D (68 68 A8) A:10 X:34 Y:00 P:06 S:F7 mem:002AF1F1 13:13585 tv:0.000000 68: PLA
lcpuC PC:E10E (68 A8 68) A:72 X:34 Y:00 P:04 S:F8 mem:002AF1F1 13:13581 tv:0.000001 68: PLA
lcpuC PC:E10F (A8 68 AA) A:0F X:34 Y:00 P:04 S:F9 mem:002AF1F1 13:13577 tv:0.000001 A8: TAY
lcpuC PC:E110 (68 AA 68) A:0F X:34 Y:0F P:04 S:F9 mem:002AF1F1 13:13575 tv:0.000001 68: PLA
lcpuC PC:E111 (AA 68 60) A:65 X:34 Y:0F P:04 S:FA mem:002AF1F1 13:13571 tv:0.000000 AA: TAX
lcpuC PC:E112 (68 60 2C) A:65 X:65 Y:0F P:04 S:FA mem:002AF1F1 13:13569 tv:0.000000 68: PLA
lcpuC PC:E113 (60 2C 7C) A:72 X:65 Y:0F P:04 S:FB mem:002AF1F1 13:13565 tv:0.000000 60: RTS
lcpuC PC:DEB7 (AA D0 F7) A:72 X:65 Y:0F P:04 S:FD mem:002AF1F1 13:13559 tv:0.000001 AA: TAX
lcpuC PC:DEB8 (D0 F7 60) A:72 X:72 Y:0F P:04 S:FD mem:002AF1F1 13:13557 tv:0.000001 D0: BNE
lcpuC PC:DEB1 (C8 B1 FD) A:72 X:72 Y:0F P:04 S:FD mem:002AF1F1 13:13554 tv:0.000000 C8: INY
lcpuC PC:DEB2 (B1 FD 20) A:72 X:72 Y:10 P:04 S:FD mem:002AF1F1 13:13552 tv:0.000000 B1: LDA (),y
lcpuC PC:DEB4 (20 E3 FF) A:20 X:72 Y:10 P:04 S:FD mem:002AF1F1 13:13547 tv:0.000001 20: JSR
lcpuC PC:FFE3 (C9 0D D0) A:20 X:72 Y:10 P:04 S:FB mem:002AF1F1 13:13541 tv:0.000001 C9: CMP imm
readmem_ex! addr=FFE4 val=0D
lcpuC PC:FFE5 (D0 07 A9) A:20 X:72 Y:10 P:05 S:FB mem:002AF1F1 13:13539 tv:0.000004 D0: BNE
readmem_ex! addr=FFE6 val=07
lcpuC PC:FFEE (6C 0E 02) A:20 X:72 Y:10 P:05 S:FB mem:002AF1F1 13:13536 tv:0.000004 6C: JMP ()
readmem_ex! addr=FFEF val=0E
readmem_ex! addr=FFF0 val=02
lcpuC PC:E0A4 (48 8A 48) A:20 X:72 Y:10 P:05 S:FB mem:002AF1F1 13:13531 tv:0.000006 48: PHA
lcpuC PC:E0A5 (8A 48 98) A:20 X:72 Y:10 P:05 S:FA mem:002AF19F 13:13528 tv:0.000001 8A: TXA
lcpuC PC:E0A6 (48 98 48) A:72 X:72 Y:10 P:05 S:FA mem:002AF19F 13:13526 tv:0.000001 48: PHA
lcpuC PC:E0A7 (98 48 BA) A:72 X:72 Y:10 P:05 S:F9 mem:002AF1AC 13:13523 tv:0.000001 98: TYA
lcpuC PC:E0A8 (48 BA BD) A:10 X:72 Y:10 P:05 S:F9 mem:002AF1AC 13:13521 tv:0.000001 48: PHA
lcpuC PC:E0A9 (BA BD 03) A:10 X:72 Y:10 P:05 S:F8 mem:002AF1AD 13:13518 tv:0.000001 BA: TSX
lcpuC PC:E0AA (BD 03 01) A:10 X:F8 Y:10 P:85 S:F8 mem:002AF1AD 13:13516 tv:0.000000 BD: LDA abs,x
lcpuC PC:E0AD (48 2C 60) A:20 X:F8 Y:10 P:05 S:F8 mem:002AF1AD 13:13512 tv:0.000001 48: PHA
lcpuC PC:E0AE (2C 60 02) A:20 X:F8 Y:10 P:05 S:F7 mem:002AF15B 13:13509 tv:0.000001 2C: BIT abs
lcpuC PC:E0B1 (10 08 A8) A:20 X:F8 Y:10 P:07 S:F7 mem:002AF15B 13:13505 tv:0.000000 10: BPL
lcpuC PC:E0BB (18 A9 02) A:20 X:F8 Y:10 P:07 S:F7 mem:002AF15B 13:13502 tv:0.000000 18: CLC
lcpuC PC:E0BC (A9 02 2C) A:20 X:F8 Y:10 P:06 S:F7 mem:002AF15B 13:13500 tv:0.000001 A9: LDA imm
lcpuC PC:E0BE (2C 7C 02) A:02 X:F8 Y:10 P:04 S:F7 mem:002AF15B 13:13498 tv:0.000000 2C: BIT abs
lcpuC PC:E0C1 (D0 05 68) A:02 X:F8 Y:10 P:06 S:F7 mem:002AF15B 13:13494 tv:0.000001 D0: BNE
lcpuC PC:E0C3 (68 48 20) A:02 X:F8 Y:10 P:06 S:F7 mem:002AF15B 13:13492 tv:0.000001 68: PLA
lcpuC PC:E0C4 (48 20 C0) A:20 X:F8 Y:10 P:04 S:F8 mem:002AF15B 13:13488 tv:0.000001 48: PHA
lcpuC PC:E0C5 (20 C0 C4) A:20 X:F8 Y:10 P:04 S:F7 mem:002AF15B 13:13485 tv:0.000001 20: JSR
lcpuC PC:C4C0 (AE 6A 02) A:20 X:F8 Y:10 P:04 S:F5 mem:002AF15B 13:13479 tv:0.000001 AE: LDX abs
lcpuC PC:C4C3 (D0 4D 24) A:20 X:00 Y:10 P:06 S:F5 mem:002AF15B 13:13475 tv:0.000001 D0: BNE
lcpuC PC:C4C5 (24 D0 50) A:20 X:00 Y:10 P:06 S:F5 mem:002AF15B 13:13473 tv:0.000001 24: BIT zp
lcpuC PC:C4C7 (50 0F 20) A:20 X:00 Y:10 P:06 S:F5 mem:002AF15B 13:13470 tv:0.000001 50: BVC
lcpuC PC:C4D8 (C9 7F F0) A:20 X:00 Y:10 P:06 S:F5 mem:002AF15B 13:13467 tv:0.000000 C9: CMP imm
lcpuC PC:C4DA (F0 11 C9) A:20 X:00 Y:10 P:84 S:F5 mem:002AF15B 13:13465 tv:0.000000 F0: BEQ
lcpuC PC:C4DC (C9 20 90) A:20 X:00 Y:10 P:84 S:F5 mem:002AF15B 13:13463 tv:0.000000 C9: CMP imm
lcpuC PC:C4DE (90 0F 24) A:20 X:00 Y:10 P:07 S:F5 mem:002AF15B 13:13461 tv:0.000001 90: BCC
lcpuC PC:C4E0 (24 D0 30) A:20 X:00 Y:10 P:07 S:F5 mem:002AF15B 13:13459 tv:0.000001 24: BIT zp
lcpuC PC:C4E2 (30 06 20) A:20 X:00 Y:10 P:07 S:F5 mem:002AF15B 13:13456 tv:0.000000 30: BMI
lcpuC PC:C4E4 (20 B7 CF) A:20 X:00 Y:10 P:07 S:F5 mem:002AF15B 13:13454 tv:0.000001 20: JSR
lcpuC PC:CFB7 (AE 60 03) A:20 X:00 Y:10 P:07 S:F3 mem:002AF158 13:13448 tv:0.000001 AE: LDX abs
lcpuC PC:CFBA (F0 20 20) A:20 X:00 Y:10 P:07 S:F3 mem:002AF158 13:13444 tv:0.000001 F0: BEQ
lcpuC PC:CFDC (A0 02 D9) A:20 X:00 Y:10 P:07 S:F3 mem:002AF158 13:13441 tv:0.000000 A0: LDY imm
lcpuC PC:CFDE (D9 B6 C4) A:20 X:00 Y:02 P:05 S:F3 mem:002AF158 13:13439 tv:0.000001 D9: CMP abs,y
lcpuC PC:CFE1 (F0 06 88) A:20 X:00 Y:02 P:84 S:F3 mem:002AF158 13:13435 tv:0.000000 F0: BEQ
lcpuC PC:CFE3 (88 10 F8) A:20 X:00 Y:02 P:84 S:F3 mem:002AF158 13:13433 tv:0.000001 88: DEY
lcpuC PC:CFE4 (10 F8 81) A:20 X:00 Y:01 P:04 S:F3 mem:002AF158 13:13431 tv:0.000001 10: BPL
lcpuC PC:CFDE (D9 B6 C4) A:20 X:00 Y:01 P:04 S:F3 mem:002AF158 13:13428 tv:0.000002 D9: CMP abs,y
lcpuC PC:CFE1 (F0 06 88) A:20 X:00 Y:01 P:84 S:F3 mem:002AF158 13:13424 tv:0.000000 F0: BEQ
lcpuC PC:CFE3 (88 10 F8) A:20 X:00 Y:01 P:84 S:F3 mem:002AF158 13:13422 tv:0.000000 88: DEY
lcpuC PC:CFE4 (10 F8 81) A:20 X:00 Y:00 P:06 S:F3 mem:002AF158 13:13420 tv:0.000000 10: BPL
lcpuC PC:CFDE (D9 B6 C4) A:20 X:00 Y:00 P:06 S:F3 mem:002AF158 13:13417 tv:0.000000 D9: CMP abs,y
lcpuC PC:CFE1 (F0 06 88) A:20 X:00 Y:00 P:84 S:F3 mem:002AF158 13:13413 tv:0.000001 F0: BEQ
lcpuC PC:CFE3 (88 10 F8) A:20 X:00 Y:00 P:84 S:F3 mem:002AF158 13:13411 tv:0.000000 88: DEY
lcpuC PC:CFE4 (10 F8 81) A:20 X:00 Y:FF P:84 S:F3 mem:002AF158 13:13409 tv:0.000001 10: BPL
lcpuC PC:CFE6 (81 D8 60) A:20 X:00 Y:FF P:84 S:F3 mem:002AF158 13:13407 tv:0.000001 81: STA (,x)
lcpuC PC:CFE8 (60 B9 B7) A:20 X:00 Y:FF P:84 S:F3 mem:002AF158 13:13401 tv:0.000001 60: RTS
lcpuC PC:C4E7 (20 64 C6) A:20 X:00 Y:FF P:84 S:F5 mem:002AF158 13:13395 tv:0.000000 20: JSR
lcpuC PC:C664 (A5 D0 29) A:20 X:00 Y:FF P:84 S:F3 mem:002AF15B 13:13389 tv:0.000001 A5: LDA zp
lcpuC PC:C666 (29 20 D0) A:00 X:00 Y:FF P:06 S:F3 mem:002AF15B 13:13386 tv:0.000000 29: AND
lcpuC PC:C668 (D0 4A AE) A:00 X:00 Y:FF P:06 S:F3 mem:002AF15B 13:13383 tv:0.000001 D0: BNE
lcpuC PC:C66A (AE 18 03) A:00 X:00 Y:FF P:06 S:F3 mem:002AF15B 13:13381 tv:0.000006 AE: LDX abs
lcpuC PC:C66D (EC 0A 03) A:00 X:0C Y:FF P:04 S:F3 mem:002AF15B 13:13377 tv:0.000001 EC: CPX abs
lcpuC PC:C670 (B0 12 EE) A:00 X:0C Y:FF P:84 S:F3 mem:002AF15B 13:13373 tv:0.000000 B0: BCS
lcpuC PC:C672 (EE 18 03) A:00 X:0C Y:FF P:84 S:F3 mem:002AF15B 13:13371 tv:0.000001 EE: INC abs
lcpuC PC:C675 (AD 4A 03) A:00 X:0C Y:FF P:04 S:F3 mem:002AF15C 13:13365 tv:0.000000 AD: LDA abs
lcpuC PC:C678 (6D 4F 03) A:34 X:0C Y:FF P:04 S:F3 mem:002AF15C 13:13361 tv:0.000000 6D: ADC abs
lcpuC PC:C67B (AA AD 4B) A:35 X:0C Y:FF P:04 S:F3 mem:002AF15C 13:13357 tv:0.000001 AA: TAX
lcpuC PC:C67C (AD 4B 03) A:35 X:35 Y:FF P:04 S:F3 mem:002AF15C 13:13355 tv:0.000000 AD: LDA abs
lcpuC PC:C67F (69 00 4C) A:7C X:35 Y:FF P:04 S:F3 mem:002AF15C 13:13351 tv:0.000001 69: ADC imm
lcpuC PC:C681 (4C F6 C9) A:7C X:35 Y:FF P:04 S:F3 mem:002AF15C 13:13349 tv:0.000001 4C: JMP
lcpuC PC:C9F6 (8E 4A 03) A:7C X:35 Y:FF P:04 S:F3 mem:002AF15C 13:13346 tv:0.000001 8E: STX abs
lcpuC PC:C9F9 (8D 4B 03) A:7C X:35 Y:FF P:04 S:F3 mem:002AF15D 13:13342 tv:0.000001 8D: STA abs
lcpuC PC:C9FC (10 04 38) A:7C X:35 Y:FF P:04 S:F3 mem:002AF15D 13:13338 tv:0.000001 10: BPL
lcpuC PC:CA02 (86 D8 85) A:7C X:35 Y:FF P:04 S:F3 mem:002AF15D 13:13335 tv:0.000001 86: STX zp
lcpuC PC:CA04 (85 D9 AE) A:7C X:35 Y:FF P:04 S:F3 mem:002AF15E 13:13332 tv:0.000001 85: STA zp
lcpuC PC:CA06 (AE 4A 03) A:7C X:35 Y:FF P:04 S:F3 mem:002AF15E 13:13329 tv:0.000001 AE: LDX abs
lcpuC PC:CA09 (AD 4B 03) A:7C X:35 Y:FF P:04 S:F3 mem:002AF15E 13:13325 tv:0.000001 AD: LDA abs
lcpuC PC:CA0C (A0 0E 48) A:7C X:35 Y:FF P:04 S:F3 mem:002AF15E 13:13321 tv:0.000001 A0: LDY imm
lcpuC PC:CA0E (48 AD 55) A:7C X:35 Y:0E P:04 S:F3 mem:002AF15E 13:13319 tv:0.000001 48: PHA
lcpuC PC:CA0F (AD 55 03) A:7C X:35 Y:0E P:04 S:F2 mem:002AF15E 13:13316 tv:0.000001 AD: LDA abs
lcpuC PC:CA12 (C9 07 68) A:07 X:35 Y:0E P:04 S:F2 mem:002AF15E 13:13312 tv:0.000001 C9: CMP imm
lcpuC PC:CA14 (68 B0 10) A:07 X:35 Y:0E P:07 S:F2 mem:002AF15E 13:13310 tv:0.000000 68: PLA
lcpuC PC:CA15 (B0 10 86) A:7C X:35 Y:0E P:05 S:F3 mem:002AF15E 13:13306 tv:0.000001 B0: BCS
lcpuC PC:CA27 (E9 74 49) A:7C X:35 Y:0E P:05 S:F3 mem:002AF15E 13:13303 tv:0.000000 E9: SBC imm
lcpuC PC:CA29 (49 20 8C) A:08 X:35 Y:0E P:05 S:F3 mem:002AF15E 13:13301 tv:0.000001 49: EOR imm
lcpuC PC:CA2B (8C 00 FE) A:28 X:35 Y:0E P:05 S:F3 mem:002AF15E 13:13299 tv:0.000001 8C: STY abs
here! 0x00000e 0x00ca2e 0xe6fa3010 0xcdde0ebc tv:0.000000 (cycle 13299  pc ~CA2B
writemem_ex! addr=FE00 val=0E
lcpuC PC:CA2E (8D 01 FE) A:28 X:35 Y:0E P:05 S:F3 mem:002AF15E 13:13295 tv:0.000006 8D: STA abs
here! 0x000028 0x00ca31 0xe6fa3010 0xcdde0ebc tv:0.000000 (cycle 13295  pc ~CA2E
writemem_ex! addr=FE01 val=28
lcpuC PC:CA31 (C8 8C 00) A:28 X:35 Y:0E P:05 S:F3 mem:002AF15E 13:13291 tv:0.000006 C8: INY
lcpuC PC:CA32 (8C 00 FE) A:28 X:35 Y:0F P:05 S:F3 mem:002AF15E 13:13289 tv:0.000000 8C: STY abs
here! 0x00000f 0x00ca35 0xe6fa3010 0xcdde0ebc tv:0.000000 (cycle 13289  pc ~CA32
writemem_ex! addr=FE00 val=0F
lcpuC PC:CA35 (8E 01 FE) A:28 X:35 Y:0F P:05 S:F3 mem:002AF15E 13:13285 tv:0.000006 8E: STX abs
here! 0x000035 0x00ca38 0xe6fa3010 0xcdde0ebc tv:0.000000 (cycle 13285  pc ~CA35
writemem_ex! addr=FE01 val=35
lcpuC PC:CA38 (60 20 81) A:28 X:35 Y:0F P:05 S:F3 mem:002AF15E 13:13281 tv:0.000012 60: RTS
lcpuC PC:C4EA (4C 5E C5) A:28 X:35 Y:0F P:05 S:F5 mem:002AF15E 13:13275 tv:0.000001 4C: JMP
lcpuC PC:C55E (A5 D0 4A) A:28 X:35 Y:0F P:05 S:F5 mem:002AF15E 13:13272 tv:0.000000 A5: LDA zp
lcpuC PC:C560 (4A 24 D0) A:00 X:35 Y:0F P:07 S:F5 mem:002AF15E 13:13269 tv:0.000000 4A: LSR A
lcpuC PC:C561 (24 D0 50) A:00 X:35 Y:0F P:06 S:F5 mem:002AF15E 13:13267 tv:0.000001 24: BIT zp
lcpuC PC:C563 (50 AC 20) A:00 X:35 Y:0F P:06 S:F5 mem:002AF15E 13:13264 tv:0.000000 50: BVC
lcpuC PC:C511 (60 9D 24) A:00 X:35 Y:0F P:06 S:F5 mem:002AF15E 13:13261 tv:0.000000 60: RTS
lcpuC PC:E0C8 (A9 08 2C) A:00 X:35 Y:0F P:06 S:F7 mem:002AF15E 13:13255 tv:0.000001 A9: LDA imm
lcpuC PC:E0CA (2C 7C 02) A:08 X:35 Y:0F P:04 S:F7 mem:002AF15E 13:13253 tv:0.000000 2C: BIT abs
lcpuC PC:E0CD (D0 02 90) A:08 X:35 Y:0F P:06 S:F7 mem:002AF15E 13:13249 tv:0.000000 D0: BNE
lcpuC PC:E0CF (90 05 68) A:08 X:35 Y:0F P:06 S:F7 mem:002AF15E 13:13247 tv:0.000000 90: BCC
lcpuC PC:E0D6 (AD 7C 02) A:08 X:35 Y:0F P:06 S:F7 mem:002AF15E 13:13244 tv:0.000001 AD: LDA abs
lcpuC PC:E0D9 (6A 90 1B) A:00 X:35 Y:0F P:06 S:F7 mem:002AF15E 13:13240 tv:0.000000 6A: ROR A
lcpuC PC:E0DA (90 1B A4) A:00 X:35 Y:0F P:06 S:F7 mem:002AF15E 13:13238 tv:0.000001 90: BCC
lcpuC PC:E0F7 (A9 10 2C) A:00 X:35 Y:0F P:06 S:F7 mem:002AF15E 13:13235 tv:0.000001 A9: LDA imm
lcpuC PC:E0F9 (2C 7C 02) A:10 X:35 Y:0F P:04 S:F7 mem:002AF15E 13:13233 tv:0.000001 2C: BIT abs
lcpuC PC:E0FC (D0 0F AC) A:10 X:35 Y:0F P:06 S:F7 mem:002AF15E 13:13229 tv:0.000000 D0: BNE
lcpuC PC:E0FE (AC 57 02) A:10 X:35 Y:0F P:06 S:F7 mem:002AF15E 13:13227 tv:0.000001 AC: LDY abs
lcpuC PC:E101 (F0 0A 68) A:10 X:35 Y:00 P:06 S:F7 mem:002AF15E 13:13223 tv:0.000001 F0: BEQ
lcpuC PC:E10D (68 68 A8) A:10 X:35 Y:00 P:06 S:F7 mem:002AF15E 13:13220 tv:0.000001 68: PLA
lcpuC PC:E10E (68 A8 68) A:20 X:35 Y:00 P:04 S:F8 mem:002AF15E 13:13216 tv:0.000001 68: PLA
lcpuC PC:E10F (A8 68 AA) A:10 X:35 Y:00 P:04 S:F9 mem:002AF15E 13:13212 tv:0.000001 A8: TAY
lcpuC PC:E110 (68 AA 68) A:10 X:35 Y:10 P:04 S:F9 mem:002AF15E 13:13210 tv:0.000000 68: PLA
lcpuC PC:E111 (AA 68 60) A:72 X:35 Y:10 P:04 S:FA mem:002AF15E 13:13206 tv:0.000001 AA: TAX
lcpuC PC:E112 (68 60 2C) A:72 X:72 Y:10 P:04 S:FA mem:002AF15E 13:13204 tv:0.000001 68: PLA
lcpuC PC:E113 (60 2C 7C) A:20 X:72 Y:10 P:04 S:FB mem:002AF15E 13:13200 tv:0.000001 60: RTS
lcpuC PC:DEB7 (AA D0 F7) A:20 X:72 Y:10 P:04 S:FD mem:002AF15E 13:13194 tv:0.000000 AA: TAX
lcpuC PC:DEB8 (D0 F7 60) A:20 X:20 Y:10 P:04 S:FD mem:002AF15E 13:13192 tv:0.000000 D0: BNE
lcpuC PC:DEB1 (C8 B1 FD) A:20 X:20 Y:10 P:04 S:FD mem:002AF15E 13:13189 tv:0.000000 C8: INY
lcpuC PC:DEB2 (B1 FD 20) A:20 X:20 Y:11 P:04 S:FD mem:002AF15E 13:13187 tv:0.000001 B1: LDA (),y
lcpuC PC:DEB4 (20 E3 FF) A:00 X:20 Y:11 P:06 S:FD mem:002AF15E 13:13182 tv:0.000000 20: JSR
lcpuC PC:FFE3 (C9 0D D0) A:00 X:20 Y:11 P:06 S:FB mem:002AF15E 13:13176 tv:0.000001 C9: CMP imm
readmem_ex! addr=FFE4 val=0D
lcpuC PC:FFE5 (D0 07 A9) A:00 X:20 Y:11 P:84 S:FB mem:002AF15E 13:13174 tv:0.000003 D0: BNE
readmem_ex! addr=FFE6 val=07
lcpuC PC:FFEE (6C 0E 02) A:00 X:20 Y:11 P:84 S:FB mem:002AF15E 13:13171 tv:0.000003 6C: JMP ()
readmem_ex! addr=FFEF val=0E
readmem_ex! addr=FFF0 val=02
lcpuC PC:E0A4 (48 8A 48) A:00 X:20 Y:11 P:84 S:FB mem:002AF15E 13:13166 tv:0.000006 48: PHA
lcpuC PC:E0A5 (8A 48 98) A:00 X:20 Y:11 P:84 S:FA mem:002AF13E 13:13163 tv:0.000001 8A: TXA
lcpuC PC:E0A6 (48 98 48) A:20 X:20 Y:11 P:04 S:FA mem:002AF13E 13:13161 tv:0.000000 48: PHA
lcpuC PC:E0A7 (98 48 BA) A:20 X:20 Y:11 P:04 S:F9 mem:002AF0EC 13:13158 tv:0.000001 98: TYA
lcpuC PC:E0A8 (48 BA BD) A:11 X:20 Y:11 P:04 S:F9 mem:002AF0EC 13:13156 tv:0.000001 48: PHA
lcpuC PC:E0A9 (BA BD 03) A:11 X:20 Y:11 P:04 S:F8 mem:002AF0ED 13:13153 tv:0.000001 BA: TSX
lcpuC PC:E0AA (BD 03 01) A:11 X:F8 Y:11 P:84 S:F8 mem:002AF0ED 13:13151 tv:0.000000 BD: LDA abs,x
lcpuC PC:E0AD (48 2C 60) A:00 X:F8 Y:11 P:06 S:F8 mem:002AF0ED 13:13147 tv:0.000001 48: PHA
lcpuC PC:E0AE (2C 60 02) A:00 X:F8 Y:11 P:06 S:F7 mem:002AF0CD 13:13144 tv:0.000000 2C: BIT abs
lcpuC PC:E0B1 (10 08 A8) A:00 X:F8 Y:11 P:06 S:F7 mem:002AF0CD 13:13140 tv:0.000001 10: BPL
lcpuC PC:E0BB (18 A9 02) A:00 X:F8 Y:11 P:06 S:F7 mem:002AF0CD 13:13137 tv:0.000001 18: CLC
lcpuC PC:E0BC (A9 02 2C) A:00 X:F8 Y:11 P:06 S:F7 mem:002AF0CD 13:13135 tv:0.000001 A9: LDA imm
lcpuC PC:E0BE (2C 7C 02) A:02 X:F8 Y:11 P:04 S:F7 mem:002AF0CD 13:13133 tv:0.000000 2C: BIT abs
lcpuC PC:E0C1 (D0 05 68) A:02 X:F8 Y:11 P:06 S:F7 mem:002AF0CD 13:13129 tv:0.000001 D0: BNE
lcpuC PC:E0C3 (68 48 20) A:02 X:F8 Y:11 P:06 S:F7 mem:002AF0CD 13:13127 tv:0.000001 68: PLA
lcpuC PC:E0C4 (48 20 C0) A:00 X:F8 Y:11 P:06 S:F8 mem:002AF0CD 13:13123 tv:0.000007 48: PHA
lcpuC PC:E0C5 (20 C0 C4) A:00 X:F8 Y:11 P:06 S:F7 mem:002AF0CD 13:13120 tv:0.000001 20: JSR
lcpuC PC:C4C0 (AE 6A 02) A:00 X:F8 Y:11 P:06 S:F5 mem:002AF0CD 13:13114 tv:0.000001 AE: LDX abs
lcpuC PC:C4C3 (D0 4D 24) A:00 X:00 Y:11 P:06 S:F5 mem:002AF0CD 13:13110 tv:0.000000 D0: BNE
lcpuC PC:C4C5 (24 D0 50) A:00 X:00 Y:11 P:06 S:F5 mem:002AF0CD 13:13108 tv:0.000000 24: BIT zp
lcpuC PC:C4C7 (50 0F 20) A:00 X:00 Y:11 P:06 S:F5 mem:002AF0CD 13:13105 tv:0.000001 50: BVC
lcpuC PC:C4D8 (C9 7F F0) A:00 X:00 Y:11 P:06 S:F5 mem:002AF0CD 13:13102 tv:0.000000 C9: CMP imm
lcpuC PC:C4DA (F0 11 C9) A:00 X:00 Y:11 P:84 S:F5 mem:002AF0CD 13:13100 tv:0.000000 F0: BEQ
lcpuC PC:C4DC (C9 20 90) A:00 X:00 Y:11 P:84 S:F5 mem:002AF0CD 13:13098 tv:0.000000 C9: CMP imm
lcpuC PC:C4DE (90 0F 24) A:00 X:00 Y:11 P:84 S:F5 mem:002AF0CD 13:13096 tv:0.000001 90: BCC
lcpuC PC:C4EF (A8 B9 33) A:00 X:00 Y:11 P:84 S:F5 mem:002AF0CD 13:13093 tv:0.000000 A8: TAY
lcpuC PC:C4F0 (B9 33 C3) A:00 X:00 Y:00 P:06 S:F5 mem:002AF0CD 13:13091 tv:0.000000 B9: LDA abs,y
lcpuC PC:C4F3 (8D 5D 03) A:11 X:00 Y:00 P:04 S:F5 mem:002AF0CD 13:13087 tv:0.000001 8D: STA abs
lcpuC PC:C4F6 (B9 54 C3) A:11 X:00 Y:00 P:04 S:F5 mem:002AF02F 13:13083 tv:0.000001 B9: LDA abs,y
lcpuC PC:C4F9 (30 4A AA) A:C5 X:00 Y:00 P:84 S:F5 mem:002AF02F 13:13079 tv:0.000001 30: BMI
lcpuC PC:C545 (8D 5E 03) A:C5 X:00 Y:00 P:84 S:F5 mem:002AF02F 13:13076 tv:0.000001 8D: STA abs
lcpuC PC:C548 (98 C9 08) A:C5 X:00 Y:00 P:84 S:F5 mem:002AF02D 13:13072 tv:0.000000 98: TYA
lcpuC PC:C549 (C9 08 90) A:00 X:00 Y:00 P:06 S:F5 mem:002AF02D 13:13070 tv:0.000001 C9: CMP imm
lcpuC PC:C54B (90 06 49) A:00 X:00 Y:00 P:84 S:F5 mem:002AF02D 13:13068 tv:0.000000 90: BCC
lcpuC PC:C553 (24 D0 30) A:00 X:00 Y:00 P:84 S:F5 mem:002AF02D 13:13065 tv:0.000001 24: BIT zp
lcpuC PC:C555 (30 29 08) A:00 X:00 Y:00 P:06 S:F5 mem:002AF02D 13:13062 tv:0.000000 30: BMI
lcpuC PC:C557 (08 20 F5) A:00 X:00 Y:00 P:06 S:F5 mem:002AF02D 13:13060 tv:0.000000 08: PHP
lcpuC PC:C558 (20 F5 CC) A:00 X:00 Y:00 P:06 S:F4 mem:002AEF9F 13:13057 tv:0.000001 20: JSR
lcpuC PC:CCF5 (6C 5D 03) A:00 X:00 Y:00 P:06 S:F2 mem:002AEF59 13:13051 tv:0.000001 6C: JMP ()
lcpuC PC:C511 (60 9D 24) A:00 X:00 Y:00 P:06 S:F2 mem:002AEF59 13:13046 tv:0.000001 60: RTS
lcpuC PC:C55B (28 90 03) A:00 X:00 Y:00 P:06 S:F4 mem:002AEF59 13:13040 tv:0.000001 28: PLP
lcpuC PC:C55C (90 03 A5) A:00 X:00 Y:00 P:06 S:F5 mem:002AEF59 13:13036 tv:0.000001 90: BCC
lcpuC PC:C561 (24 D0 50) A:00 X:00 Y:00 P:06 S:F5 mem:002AEF59 13:13033 tv:0.000000 24: BIT zp
lcpuC PC:C563 (50 AC 20) A:00 X:00 Y:00 P:06 S:F5 mem:002AEF59 13:13030 tv:0.000000 50: BVC
lcpuC PC:C511 (60 9D 24) A:00 X:00 Y:00 P:06 S:F5 mem:002AEF59 13:13027 tv:0.000001 60: RTS
lcpuC PC:E0C8 (A9 08 2C) A:00 X:00 Y:00 P:06 S:F7 mem:002AEF59 13:13021 tv:0.000000 A9: LDA imm
lcpuC PC:E0CA (2C 7C 02) A:08 X:00 Y:00 P:04 S:F7 mem:002AEF59 13:13019 tv:0.000000 2C: BIT abs
lcpuC PC:E0CD (D0 02 90) A:08 X:00 Y:00 P:06 S:F7 mem:002AEF59 13:13015 tv:0.000001 D0: BNE
lcpuC PC:E0CF (90 05 68) A:08 X:00 Y:00 P:06 S:F7 mem:002AEF59 13:13013 tv:0.000000 90: BCC
lcpuC PC:E0D6 (AD 7C 02) A:08 X:00 Y:00 P:06 S:F7 mem:002AEF59 13:13010 tv:0.000001 AD: LDA abs
lcpuC PC:E0D9 (6A 90 1B) A:00 X:00 Y:00 P:06 S:F7 mem:002AEF59 13:13006 tv:0.000000 6A: ROR A
lcpuC PC:E0DA (90 1B A4) A:00 X:00 Y:00 P:06 S:F7 mem:002AEF59 13:13004 tv:0.000000 90: BCC
lcpuC PC:E0F7 (A9 10 2C) A:00 X:00 Y:00 P:06 S:F7 mem:002AEF59 13:13001 tv:0.000001 A9: LDA imm
lcpuC PC:E0F9 (2C 7C 02) A:10 X:00 Y:00 P:04 S:F7 mem:002AEF59 13:12999 tv:0.000000 2C: BIT abs
lcpuC PC:E0FC (D0 0F AC) A:10 X:00 Y:00 P:06 S:F7 mem:002AEF59 13:12995 tv:0.000000 D0: BNE
lcpuC PC:E0FE (AC 57 02) A:10 X:00 Y:00 P:06 S:F7 mem:002AEF59 13:12993 tv:0.000000 AC: LDY abs
lcpuC PC:E101 (F0 0A 68) A:10 X:00 Y:00 P:06 S:F7 mem:002AEF59 13:12989 tv:0.000000 F0: BEQ
lcpuC PC:E10D (68 68 A8) A:10 X:00 Y:00 P:06 S:F7 mem:002AEF59 13:12986 tv:0.000001 68: PLA
lcpuC PC:E10E (68 A8 68) A:00 X:00 Y:00 P:06 S:F8 mem:002AEF59 13:12982 tv:0.000000 68: PLA
lcpuC PC:E10F (A8 68 AA) A:11 X:00 Y:00 P:04 S:F9 mem:002AEF59 13:12978 tv:0.000000 A8: TAY
lcpuC PC:E110 (68 AA 68) A:11 X:00 Y:11 P:04 S:F9 mem:002AEF59 13:12976 tv:0.000000 68: PLA
lcpuC PC:E111 (AA 68 60) A:20 X:00 Y:11 P:04 S:FA mem:002AEF59 13:12972 tv:0.000001 AA: TAX
lcpuC PC:E112 (68 60 2C) A:20 X:20 Y:11 P:04 S:FA mem:002AEF59 13:12970 tv:0.000001 68: PLA
lcpuC PC:E113 (60 2C 7C) A:00 X:20 Y:11 P:06 S:FB mem:002AEF59 13:12966 tv:0.000001 60: RTS
lcpuC PC:DEB7 (AA D0 F7) A:00 X:20 Y:11 P:06 S:FD mem:002AEF59 13:12960 tv:0.000001 AA: TAX
lcpuC PC:DEB8 (D0 F7 60) A:00 X:00 Y:11 P:06 S:FD mem:002AEF59 13:12958 tv:0.000000 D0: BNE
lcpuC PC:DEBA (60 8E B1) A:00 X:00 Y:11 P:06 S:FD mem:002AEF59 13:12956 tv:0.000001 60: RTS
lcpuC PC:DB71 (AD 8D 02) A:00 X:00 Y:11 P:06 S:FF mem:002AEF59 13:12950 tv:0.000001 AD: LDA abs
lcpuC PC:DB74 (F0 0C A0) A:01 X:00 Y:11 P:04 S:FF mem:002AEF59 13:12946 tv:0.000000 F0: BEQ
lcpuC PC:DB76 (A0 16 2C) A:01 X:00 Y:11 P:04 S:FF mem:002AEF59 13:12944 tv:0.000001 A0: LDY imm
lcpuC PC:DB78 (2C 8E 02) A:01 X:00 Y:16 P:04 S:FF mem:002AEF59 13:12942 tv:0.000000 2C: BIT abs
lcpuC PC:DB7B (30 02 A0) A:01 X:00 Y:16 P:86 S:FF mem:002AEF59 13:12938 tv:0.000000 30: BMI
lcpuC PC:DB7F (20 A9 DE) A:01 X:00 Y:16 P:86 S:FF mem:002AEF59 13:12935 tv:0.000001 20: JSR
lcpuC PC:DEA9 (A9 C3 85) A:01 X:00 Y:16 P:86 S:FD mem:002AEF6A 13:12929 tv:0.000001 A9: LDA imm
lcpuC PC:DEAB (85 FE A9) A:C3 X:00 Y:16 P:84 S:FD mem:002AEF6A 13:12927 tv:0.000001 85: STA zp
lcpuC PC:DEAD (A9 00 85) A:C3 X:00 Y:16 P:84 S:FD mem:002AEF6A 13:12924 tv:0.000000 A9: LDA imm
lcpuC PC:DEAF (85 FD C8) A:00 X:00 Y:16 P:06 S:FD mem:002AEF6A 13:12922 tv:0.000001 85: STA zp
lcpuC PC:DEB1 (C8 B1 FD) A:00 X:00 Y:16 P:06 S:FD mem:002AEF6A 13:12919 tv:0.000001 C8: INY
lcpuC PC:DEB2 (B1 FD 20) A:00 X:00 Y:17 P:04 S:FD mem:002AEF6A 13:12917 tv:0.000001 B1: LDA (),y
lcpuC PC:DEB4 (20 E3 FF) A:33 X:00 Y:17 P:04 S:FD mem:002AEF6A 13:12912 tv:0.000001 20: JSR
lcpuC PC:FFE3 (C9 0D D0) A:33 X:00 Y:17 P:04 S:FB mem:002AEF6A 13:12906 tv:0.000001 C9: CMP imm
readmem_ex! addr=FFE4 val=0D
lcpuC PC:FFE5 (D0 07 A9) A:33 X:00 Y:17 P:05 S:FB mem:002AEF6A 13:12904 tv:0.000003 D0: BNE
readmem_ex! addr=FFE6 val=07
lcpuC PC:FFEE (6C 0E 02) A:33 X:00 Y:17 P:05 S:FB mem:002AEF6A 13:12901 tv:0.000003 6C: JMP ()
readmem_ex! addr=FFEF val=0E
readmem_ex! addr=FFF0 val=02
lcpuC PC:E0A4 (48 8A 48) A:33 X:00 Y:17 P:05 S:FB mem:002AEF6A 13:12896 tv:0.000006 48: PHA
lcpuC PC:E0A5 (8A 48 98) A:33 X:00 Y:17 P:05 S:FA mem:002AEF9D 13:12893 tv:0.000001 8A: TXA
lcpuC PC:E0A6 (48 98 48) A:00 X:00 Y:17 P:07 S:FA mem:002AEF9D 13:12891 tv:0.000001 48: PHA
lcpuC PC:E0A7 (98 48 BA) A:00 X:00 Y:17 P:07 S:F9 mem:002AEF7D 13:12888 tv:0.000001 98: TYA
lcpuC PC:E0A8 (48 BA BD) A:17 X:00 Y:17 P:05 S:F9 mem:002AEF7D 13:12886 tv:0.000001 48: PHA
lcpuC PC:E0A9 (BA BD 03) A:17 X:00 Y:17 P:05 S:F8 mem:002AEF83 13:12883 tv:0.000000 BA: TSX
lcpuC PC:E0AA (BD 03 01) A:17 X:F8 Y:17 P:85 S:F8 mem:002AEF83 13:12881 tv:0.000000 BD: LDA abs,x
lcpuC PC:E0AD (48 2C 60) A:33 X:F8 Y:17 P:05 S:F8 mem:002AEF83 13:12877 tv:0.000000 48: PHA
lcpuC PC:E0AE (2C 60 02) A:33 X:F8 Y:17 P:05 S:F7 mem:002AEFB6 13:12874 tv:0.000001 2C: BIT abs
lcpuC PC:E0B1 (10 08 A8) A:33 X:F8 Y:17 P:07 S:F7 mem:002AEFB6 13:12870 tv:0.000001 10: BPL
lcpuC PC:E0BB (18 A9 02) A:33 X:F8 Y:17 P:07 S:F7 mem:002AEFB6 13:12867 tv:0.000006 18: CLC
lcpuC PC:E0BC (A9 02 2C) A:33 X:F8 Y:17 P:06 S:F7 mem:002AEFB6 13:12865 tv:0.000001 A9: LDA imm
lcpuC PC:E0BE (2C 7C 02) A:02 X:F8 Y:17 P:04 S:F7 mem:002AEFB6 13:12863 tv:0.000000 2C: BIT abs
lcpuC PC:E0C1 (D0 05 68) A:02 X:F8 Y:17 P:06 S:F7 mem:002AEFB6 13:12859 tv:0.000001 D0: BNE
lcpuC PC:E0C3 (68 48 20) A:02 X:F8 Y:17 P:06 S:F7 mem:002AEFB6 13:12857 tv:0.000000 68: PLA
lcpuC PC:E0C4 (48 20 C0) A:33 X:F8 Y:17 P:04 S:F8 mem:002AEFB6 13:12853 tv:0.000000 48: PHA
lcpuC PC:E0C5 (20 C0 C4) A:33 X:F8 Y:17 P:04 S:F7 mem:002AEFB6 13:12850 tv:0.000001 20: JSR
lcpuC PC:C4C0 (AE 6A 02) A:33 X:F8 Y:17 P:04 S:F5 mem:002AEFB6 13:12844 tv:0.000001 AE: LDX abs
lcpuC PC:C4C3 (D0 4D 24) A:33 X:00 Y:17 P:06 S:F5 mem:002AEFB6 13:12840 tv:0.000000 D0: BNE
lcpuC PC:C4C5 (24 D0 50) A:33 X:00 Y:17 P:06 S:F5 mem:002AEFB6 13:12838 tv:0.000001 24: BIT zp
lcpuC PC:C4C7 (50 0F 20) A:33 X:00 Y:17 P:06 S:F5 mem:002AEFB6 13:12835 tv:0.000001 50: BVC
lcpuC PC:C4D8 (C9 7F F0) A:33 X:00 Y:17 P:06 S:F5 mem:002AEFB6 13:12832 tv:0.000000 C9: CMP imm
lcpuC PC:C4DA (F0 11 C9) A:33 X:00 Y:17 P:84 S:F5 mem:002AEFB6 13:12830 tv:0.000000 F0: BEQ
lcpuC PC:C4DC (C9 20 90) A:33 X:00 Y:17 P:84 S:F5 mem:002AEFB6 13:12828 tv:0.000001 C9: CMP imm
lcpuC PC:C4DE (90 0F 24) A:33 X:00 Y:17 P:05 S:F5 mem:002AEFB6 13:12826 tv:0.000000 90: BCC
lcpuC PC:C4E0 (24 D0 30) A:33 X:00 Y:17 P:05 S:F5 mem:002AEFB6 13:12824 tv:0.000000 24: BIT zp
lcpuC PC:C4E2 (30 06 20) A:33 X:00 Y:17 P:07 S:F5 mem:002AEFB6 13:12821 tv:0.000001 30: BMI
lcpuC PC:C4E4 (20 B7 CF) A:33 X:00 Y:17 P:07 S:F5 mem:002AEFB6 13:12819 tv:0.000000 20: JSR
lcpuC PC:CFB7 (AE 60 03) A:33 X:00 Y:17 P:07 S:F3 mem:002AF065 13:12813 tv:0.000001 AE: LDX abs
lcpuC PC:CFBA (F0 20 20) A:33 X:00 Y:17 P:07 S:F3 mem:002AF065 13:12809 tv:0.000001 F0: BEQ
lcpuC PC:CFDC (A0 02 D9) A:33 X:00 Y:17 P:07 S:F3 mem:002AF065 13:12806 tv:0.000000 A0: LDY imm
lcpuC PC:CFDE (D9 B6 C4) A:33 X:00 Y:02 P:05 S:F3 mem:002AF065 13:12804 tv:0.000001 D9: CMP abs,y
lcpuC PC:CFE1 (F0 06 88) A:33 X:00 Y:02 P:84 S:F3 mem:002AF065 13:12800 tv:0.000001 F0: BEQ
lcpuC PC:CFE3 (88 10 F8) A:33 X:00 Y:02 P:84 S:F3 mem:002AF065 13:12798 tv:0.000001 88: DEY
lcpuC PC:CFE4 (10 F8 81) A:33 X:00 Y:01 P:04 S:F3 mem:002AF065 13:12796 tv:0.000000 10: BPL
lcpuC PC:CFDE (D9 B6 C4) A:33 X:00 Y:01 P:04 S:F3 mem:002AF065 13:12793 tv:0.000001 D9: CMP abs,y
lcpuC PC:CFE1 (F0 06 88) A:33 X:00 Y:01 P:84 S:F3 mem:002AF065 13:12789 tv:0.000001 F0: BEQ
lcpuC PC:CFE3 (88 10 F8) A:33 X:00 Y:01 P:84 S:F3 mem:002AF065 13:12787 tv:0.000000 88: DEY
lcpuC PC:CFE4 (10 F8 81) A:33 X:00 Y:00 P:06 S:F3 mem:002AF065 13:12785 tv:0.000001 10: BPL
lcpuC PC:CFDE (D9 B6 C4) A:33 X:00 Y:00 P:06 S:F3 mem:002AF065 13:12782 tv:0.000001 D9: CMP abs,y
lcpuC PC:CFE1 (F0 06 88) A:33 X:00 Y:00 P:05 S:F3 mem:002AF065 13:12778 tv:0.000000 F0: BEQ
lcpuC PC:CFE3 (88 10 F8) A:33 X:00 Y:00 P:05 S:F3 mem:002AF065 13:12776 tv:0.000001 88: DEY
lcpuC PC:CFE4 (10 F8 81) A:33 X:00 Y:FF P:85 S:F3 mem:002AF065 13:12774 tv:0.000000 10: BPL
lcpuC PC:CFE6 (81 D8 60) A:33 X:00 Y:FF P:85 S:F3 mem:002AF065 13:12772 tv:0.000000 81: STA (,x)
lcpuC PC:CFE8 (60 B9 B7) A:33 X:00 Y:FF P:85 S:F3 mem:002AF078 13:12766 tv:0.000001 60: RTS
lcpuC PC:C4E7 (20 64 C6) A:33 X:00 Y:FF P:85 S:F5 mem:002AF078 13:12760 tv:0.000001 20: JSR
lcpuC PC:C664 (A5 D0 29) A:33 X:00 Y:FF P:85 S:F3 mem:002AF07B 13:12754 tv:0.000000 A5: LDA zp
lcpuC PC:C666 (29 20 D0) A:00 X:00 Y:FF P:07 S:F3 mem:002AF07B 13:12751 tv:0.000001 29: AND
lcpuC PC:C668 (D0 4A AE) A:00 X:00 Y:FF P:07 S:F3 mem:002AF07B 13:12748 tv:0.000000 D0: BNE
lcpuC PC:C66A (AE 18 03) A:00 X:00 Y:FF P:07 S:F3 mem:002AF07B 13:12746 tv:0.000001 AE: LDX abs
lcpuC PC:C66D (EC 0A 03) A:00 X:0D Y:FF P:05 S:F3 mem:002AF07B 13:12742 tv:0.000000 EC: CPX abs
lcpuC PC:C670 (B0 12 EE) A:00 X:0D Y:FF P:84 S:F3 mem:002AF07B 13:12738 tv:0.000001 B0: BCS
lcpuC PC:C672 (EE 18 03) A:00 X:0D Y:FF P:84 S:F3 mem:002AF07B 13:12736 tv:0.000000 EE: INC abs
lcpuC PC:C675 (AD 4A 03) A:00 X:0D Y:FF P:04 S:F3 mem:002AF07C 13:12730 tv:0.000001 AD: LDA abs
lcpuC PC:C678 (6D 4F 03) A:35 X:0D Y:FF P:04 S:F3 mem:002AF07C 13:12726 tv:0.000000 6D: ADC abs
lcpuC PC:C67B (AA AD 4B) A:36 X:0D Y:FF P:04 S:F3 mem:002AF07C 13:12722 tv:0.000000 AA: TAX
lcpuC PC:C67C (AD 4B 03) A:36 X:36 Y:FF P:04 S:F3 mem:002AF07C 13:12720 tv:0.000001 AD: LDA abs
lcpuC PC:C67F (69 00 4C) A:7C X:36 Y:FF P:04 S:F3 mem:002AF07C 13:12716 tv:0.000000 69: ADC imm
lcpuC PC:C681 (4C F6 C9) A:7C X:36 Y:FF P:04 S:F3 mem:002AF07C 13:12714 tv:0.000001 4C: JMP
lcpuC PC:C9F6 (8E 4A 03) A:7C X:36 Y:FF P:04 S:F3 mem:002AF07C 13:12711 tv:0.000001 8E: STX abs
lcpuC PC:C9F9 (8D 4B 03) A:7C X:36 Y:FF P:04 S:F3 mem:002AF07D 13:12707 tv:0.000000 8D: STA abs
lcpuC PC:C9FC (10 04 38) A:7C X:36 Y:FF P:04 S:F3 mem:002AF07D 13:12703 tv:0.000001 10: BPL
lcpuC PC:CA02 (86 D8 85) A:7C X:36 Y:FF P:04 S:F3 mem:002AF07D 13:12700 tv:0.000002 86: STX zp
lcpuC PC:CA04 (85 D9 AE) A:7C X:36 Y:FF P:04 S:F3 mem:002AF07E 13:12697 tv:0.000001 85: STA zp
lcpuC PC:CA06 (AE 4A 03) A:7C X:36 Y:FF P:04 S:F3 mem:002AF07E 13:12694 tv:0.000001 AE: LDX abs
lcpuC PC:CA09 (AD 4B 03) A:7C X:36 Y:FF P:04 S:F3 mem:002AF07E 13:12690 tv:0.000000 AD: LDA abs
lcpuC PC:CA0C (A0 0E 48) A:7C X:36 Y:FF P:04 S:F3 mem:002AF07E 13:12686 tv:0.000000 A0: LDY imm
lcpuC PC:CA0E (48 AD 55) A:7C X:36 Y:0E P:04 S:F3 mem:002AF07E 13:12684 tv:0.000001 48: PHA
lcpuC PC:CA0F (AD 55 03) A:7C X:36 Y:0E P:04 S:F2 mem:002AF0A0 13:12681 tv:0.000001 AD: LDA abs
lcpuC PC:CA12 (C9 07 68) A:07 X:36 Y:0E P:04 S:F2 mem:002AF0A0 13:12677 tv:0.000000 C9: CMP imm
lcpuC PC:CA14 (68 B0 10) A:07 X:36 Y:0E P:07 S:F2 mem:002AF0A0 13:12675 tv:0.000000 68: PLA
lcpuC PC:CA15 (B0 10 86) A:7C X:36 Y:0E P:05 S:F3 mem:002AF0A0 13:12671 tv:0.000001 B0: BCS
lcpuC PC:CA27 (E9 74 49) A:7C X:36 Y:0E P:05 S:F3 mem:002AF0A0 13:12668 tv:0.000001 E9: SBC imm
lcpuC PC:CA29 (49 20 8C) A:08 X:36 Y:0E P:05 S:F3 mem:002AF0A0 13:12666 tv:0.000000 49: EOR imm
lcpuC PC:CA2B (8C 00 FE) A:28 X:36 Y:0E P:05 S:F3 mem:002AF0A0 13:12664 tv:0.000000 8C: STY abs
here! 0x00000e 0x00ca2e 0xe6fa3010 0xcdde0ebc tv:0.000000 (cycle 12664  pc ~CA2B
writemem_ex! addr=FE00 val=0E
lcpuC PC:CA2E (8D 01 FE) A:28 X:36 Y:0E P:05 S:F3 mem:002AF0A0 13:12660 tv:0.000008 8D: STA abs
here! 0x000028 0x00ca31 0xe6fa3010 0xcdde0ebc tv:0.000000 (cycle 12660  pc ~CA2E
writemem_ex! addr=FE01 val=28
lcpuC PC:CA31 (C8 8C 00) A:28 X:36 Y:0E P:05 S:F3 mem:002AF0A0 13:12656 tv:0.000007 C8: INY
lcpuC PC:CA32 (8C 00 FE) A:28 X:36 Y:0F P:05 S:F3 mem:002AF0A0 13:12654 tv:0.000000 8C: STY abs
here! 0x00000f 0x00ca35 0xe6fa3010 0xcdde0ebc tv:0.000000 (cycle 12654  pc ~CA32
writemem_ex! addr=FE00 val=0F
lcpuC PC:CA35 (8E 01 FE) A:28 X:36 Y:0F P:05 S:F3 mem:002AF0A0 13:12650 tv:0.000006 8E: STX abs
here! 0x000036 0x00ca38 0xe6fa3010 0xcdde0ebc tv:0.000000 (cycle 12650  pc ~CA35
writemem_ex! addr=FE01 val=36
lcpuC PC:CA38 (60 20 81) A:28 X:36 Y:0F P:05 S:F3 mem:002AF0A0 13:12646 tv:0.000007 60: RTS
lcpuC PC:C4EA (4C 5E C5) A:28 X:36 Y:0F P:05 S:F5 mem:002AF0A0 13:12640 tv:0.000000 4C: JMP
lcpuC PC:C55E (A5 D0 4A) A:28 X:36 Y:0F P:05 S:F5 mem:002AF0A0 13:12637 tv:0.000000 A5: LDA zp
lcpuC PC:C560 (4A 24 D0) A:00 X:36 Y:0F P:07 S:F5 mem:002AF0A0 13:12634 tv:0.000000 4A: LSR A
lcpuC PC:C561 (24 D0 50) A:00 X:36 Y:0F P:06 S:F5 mem:002AF0A0 13:12632 tv:0.000001 24: BIT zp
lcpuC PC:C563 (50 AC 20) A:00 X:36 Y:0F P:06 S:F5 mem:002AF0A0 13:12629 tv:0.000000 50: BVC
lcpuC PC:C511 (60 9D 24) A:00 X:36 Y:0F P:06 S:F5 mem:002AF0A0 13:12626 tv:0.000000 60: RTS
lcpuC PC:E0C8 (A9 08 2C) A:00 X:36 Y:0F P:06 S:F7 mem:002AF0A0 13:12620 tv:0.000001 A9: LDA imm
lcpuC PC:E0CA (2C 7C 02) A:08 X:36 Y:0F P:04 S:F7 mem:002AF0A0 13:12618 tv:0.000000 2C: BIT abs
lcpuC PC:E0CD (D0 02 90) A:08 X:36 Y:0F P:06 S:F7 mem:002AF0A0 13:12614 tv:0.000001 D0: BNE
lcpuC PC:E0CF (90 05 68) A:08 X:36 Y:0F P:06 S:F7 mem:002AF0A0 13:12612 tv:0.000008 90: BCC
lcpuC PC:E0D6 (AD 7C 02) A:08 X:36 Y:0F P:06 S:F7 mem:002AF0A0 13:12609 tv:0.000001 AD: LDA abs
lcpuC PC:E0D9 (6A 90 1B) A:00 X:36 Y:0F P:06 S:F7 mem:002AF0A0 13:12605 tv:0.000000 6A: ROR A
lcpuC PC:E0DA (90 1B A4) A:00 X:36 Y:0F P:06 S:F7 mem:002AF0A0 13:12603 tv:0.000001 90: BCC
lcpuC PC:E0F7 (A9 10 2C) A:00 X:36 Y:0F P:06 S:F7 mem:002AF0A0 13:12600 tv:0.000000 A9: LDA imm
lcpuC PC:E0F9 (2C 7C 02) A:10 X:36 Y:0F P:04 S:F7 mem:002AF0A0 13:12598 tv:0.000000 2C: BIT abs
lcpuC PC:E0FC (D0 0F AC) A:10 X:36 Y:0F P:06 S:F7 mem:002AF0A0 13:12594 tv:0.000000 D0: BNE
lcpuC PC:E0FE (AC 57 02) A:10 X:36 Y:0F P:06 S:F7 mem:002AF0A0 13:12592 tv:0.000000 AC: LDY abs
lcpuC PC:E101 (F0 0A 68) A:10 X:36 Y:00 P:06 S:F7 mem:002AF0A0 13:12588 tv:0.000000 F0: BEQ
lcpuC PC:E10D (68 68 A8) A:10 X:36 Y:00 P:06 S:F7 mem:002AF0A0 13:12585 tv:0.000001 68: PLA
lcpuC PC:E10E (68 A8 68) A:33 X:36 Y:00 P:04 S:F8 mem:002AF0A0 13:12581 tv:0.000001 68: PLA
lcpuC PC:E10F (A8 68 AA) A:17 X:36 Y:00 P:04 S:F9 mem:002AF0A0 13:12577 tv:0.000001 A8: TAY
lcpuC PC:E110 (68 AA 68) A:17 X:36 Y:17 P:04 S:F9 mem:002AF0A0 13:12575 tv:0.000000 68: PLA
lcpuC PC:E111 (AA 68 60) A:00 X:36 Y:17 P:06 S:FA mem:002AF0A0 13:12571 tv:0.000001 AA: TAX
lcpuC PC:E112 (68 60 2C) A:00 X:00 Y:17 P:06 S:FA mem:002AF0A0 13:12569 tv:0.000000 68: PLA
lcpuC PC:E113 (60 2C 7C) A:33 X:00 Y:17 P:04 S:FB mem:002AF0A0 13:12565 tv:0.000000 60: RTS
lcpuC PC:DEB7 (AA D0 F7) A:33 X:00 Y:17 P:04 S:FD mem:002AF0A0 13:12559 tv:0.000000 AA: TAX
lcpuC PC:DEB8 (D0 F7 60) A:33 X:33 Y:17 P:04 S:FD mem:002AF0A0 13:12557 tv:0.000001 D0: BNE
lcpuC PC:DEB1 (C8 B1 FD) A:33 X:33 Y:17 P:04 S:FD mem:002AF0A0 13:12554 tv:0.000000 C8: INY
lcpuC PC:DEB2 (B1 FD 20) A:33 X:33 Y:18 P:04 S:FD mem:002AF0A0 13:12552 tv:0.000000 B1: LDA (),y
lcpuC PC:DEB4 (20 E3 FF) A:32 X:33 Y:18 P:04 S:FD mem:002AF0A0 13:12547 tv:0.000001 20: JSR
lcpuC PC:FFE3 (C9 0D D0) A:32 X:33 Y:18 P:04 S:FB mem:002AF0A0 13:12541 tv:0.000000 C9: CMP imm
readmem_ex! addr=FFE4 val=0D
lcpuC PC:FFE5 (D0 07 A9) A:32 X:33 Y:18 P:05 S:FB mem:002AF0A0 13:12539 tv:0.000004 D0: BNE
readmem_ex! addr=FFE6 val=07
lcpuC PC:FFEE (6C 0E 02) A:32 X:33 Y:18 P:05 S:FB mem:002AF0A0 13:12536 tv:0.000004 6C: JMP ()
readmem_ex! addr=FFEF val=0E
readmem_ex! addr=FFF0 val=02
lcpuC PC:E0A4 (48 8A 48) A:32 X:33 Y:18 P:05 S:FB mem:002AF0A0 13:12531 tv:0.000006 48: PHA
lcpuC PC:E0A5 (8A 48 98) A:32 X:33 Y:18 P:05 S:FA mem:002AF09F 13:12528 tv:0.000001 8A: TXA
lcpuC PC:E0A6 (48 98 48) A:33 X:33 Y:18 P:05 S:FA mem:002AF09F 13:12526 tv:0.000000 48: PHA
lcpuC PC:E0A7 (98 48 BA) A:33 X:33 Y:18 P:05 S:F9 mem:002AF0D2 13:12523 tv:0.000001 98: TYA
lcpuC PC:E0A8 (48 BA BD) A:18 X:33 Y:18 P:05 S:F9 mem:002AF0D2 13:12521 tv:0.000000 48: PHA
lcpuC PC:E0A9 (BA BD 03) A:18 X:33 Y:18 P:05 S:F8 mem:002AF0D3 13:12518 tv:0.000001 BA: TSX
lcpuC PC:E0AA (BD 03 01) A:18 X:F8 Y:18 P:85 S:F8 mem:002AF0D3 13:12516 tv:0.000000 BD: LDA abs,x
lcpuC PC:E0AD (48 2C 60) A:32 X:F8 Y:18 P:05 S:F8 mem:002AF0D3 13:12512 tv:0.000001 48: PHA
lcpuC PC:E0AE (2C 60 02) A:32 X:F8 Y:18 P:05 S:F7 mem:002AF0D2 13:12509 tv:0.000001 2C: BIT abs
lcpuC PC:E0B1 (10 08 A8) A:32 X:F8 Y:18 P:07 S:F7 mem:002AF0D2 13:12505 tv:0.000000 10: BPL
lcpuC PC:E0BB (18 A9 02) A:32 X:F8 Y:18 P:07 S:F7 mem:002AF0D2 13:12502 tv:0.000002 18: CLC
lcpuC PC:E0BC (A9 02 2C) A:32 X:F8 Y:18 P:06 S:F7 mem:002AF0D2 13:12500 tv:0.000000 A9: LDA imm
lcpuC PC:E0BE (2C 7C 02) A:02 X:F8 Y:18 P:04 S:F7 mem:002AF0D2 13:12498 tv:0.000001 2C: BIT abs
lcpuC PC:E0C1 (D0 05 68) A:02 X:F8 Y:18 P:06 S:F7 mem:002AF0D2 13:12494 tv:0.000000 D0: BNE
lcpuC PC:E0C3 (68 48 20) A:02 X:F8 Y:18 P:06 S:F7 mem:002AF0D2 13:12492 tv:0.000001 68: PLA
lcpuC PC:E0C4 (48 20 C0) A:32 X:F8 Y:18 P:04 S:F8 mem:002AF0D2 13:12488 tv:0.000001 48: PHA
lcpuC PC:E0C5 (20 C0 C4) A:32 X:F8 Y:18 P:04 S:F7 mem:002AF0D2 13:12485 tv:0.000001 20: JSR
lcpuC PC:C4C0 (AE 6A 02) A:32 X:F8 Y:18 P:04 S:F5 mem:002AF0D2 13:12479 tv:0.000000 AE: LDX abs
lcpuC PC:C4C3 (D0 4D 24) A:32 X:00 Y:18 P:06 S:F5 mem:002AF0D2 13:12475 tv:0.000000 D0: BNE
lcpuC PC:C4C5 (24 D0 50) A:32 X:00 Y:18 P:06 S:F5 mem:002AF0D2 13:12473 tv:0.000001 24: BIT zp
lcpuC PC:C4C7 (50 0F 20) A:32 X:00 Y:18 P:06 S:F5 mem:002AF0D2 13:12470 tv:0.000000 50: BVC
lcpuC PC:C4D8 (C9 7F F0) A:32 X:00 Y:18 P:06 S:F5 mem:002AF0D2 13:12467 tv:0.000000 C9: CMP imm
lcpuC PC:C4DA (F0 11 C9) A:32 X:00 Y:18 P:84 S:F5 mem:002AF0D2 13:12465 tv:0.000001 F0: BEQ
lcpuC PC:C4DC (C9 20 90) A:32 X:00 Y:18 P:84 S:F5 mem:002AF0D2 13:12463 tv:0.000001 C9: CMP imm
lcpuC PC:C4DE (90 0F 24) A:32 X:00 Y:18 P:05 S:F5 mem:002AF0D2 13:12461 tv:0.000000 90: BCC
lcpuC PC:C4E0 (24 D0 30) A:32 X:00 Y:18 P:05 S:F5 mem:002AF0D2 13:12459 tv:0.000000 24: BIT zp
lcpuC PC:C4E2 (30 06 20) A:32 X:00 Y:18 P:07 S:F5 mem:002AF0D2 13:12456 tv:0.000000 30: BMI
lcpuC PC:C4E4 (20 B7 CF) A:32 X:00 Y:18 P:07 S:F5 mem:002AF0D2 13:12454 tv:0.000000 20: JSR
lcpuC PC:CFB7 (AE 60 03) A:32 X:00 Y:18 P:07 S:F3 mem:002AF0CF 13:12448 tv:0.000001 AE: LDX abs
lcpuC PC:CFBA (F0 20 20) A:32 X:00 Y:18 P:07 S:F3 mem:002AF0CF 13:12444 tv:0.000001 F0: BEQ
lcpuC PC:CFDC (A0 02 D9) A:32 X:00 Y:18 P:07 S:F3 mem:002AF0CF 13:12441 tv:0.000000 A0: LDY imm
lcpuC PC:CFDE (D9 B6 C4) A:32 X:00 Y:02 P:05 S:F3 mem:002AF0CF 13:12439 tv:0.000001 D9: CMP abs,y
lcpuC PC:CFE1 (F0 06 88) A:32 X:00 Y:02 P:84 S:F3 mem:002AF0CF 13:12435 tv:0.000001 F0: BEQ
lcpuC PC:CFE3 (88 10 F8) A:32 X:00 Y:02 P:84 S:F3 mem:002AF0CF 13:12433 tv:0.000000 88: DEY
lcpuC PC:CFE4 (10 F8 81) A:32 X:00 Y:01 P:04 S:F3 mem:002AF0CF 13:12431 tv:0.000002 10: BPL
lcpuC PC:CFDE (D9 B6 C4) A:32 X:00 Y:01 P:04 S:F3 mem:002AF0CF 13:12428 tv:0.000001 D9: CMP abs,y
lcpuC PC:CFE1 (F0 06 88) A:32 X:00 Y:01 P:84 S:F3 mem:002AF0CF 13:12424 tv:0.000001 F0: BEQ
lcpuC PC:CFE3 (88 10 F8) A:32 X:00 Y:01 P:84 S:F3 mem:002AF0CF 13:12422 tv:0.000001 88: DEY
lcpuC PC:CFE4 (10 F8 81) A:32 X:00 Y:00 P:06 S:F3 mem:002AF0CF 13:12420 tv:0.000001 10: BPL
lcpuC PC:CFDE (D9 B6 C4) A:32 X:00 Y:00 P:06 S:F3 mem:002AF0CF 13:12417 tv:0.000001 D9: CMP abs,y
lcpuC PC:CFE1 (F0 06 88) A:32 X:00 Y:00 P:05 S:F3 mem:002AF0CF 13:12413 tv:0.000001 F0: BEQ
lcpuC PC:CFE3 (88 10 F8) A:32 X:00 Y:00 P:05 S:F3 mem:002AF0CF 13:12411 tv:0.000000 88: DEY
lcpuC PC:CFE4 (10 F8 81) A:32 X:00 Y:FF P:85 S:F3 mem:002AF0CF 13:12409 tv:0.000001 10: BPL
lcpuC PC:CFE6 (81 D8 60) A:32 X:00 Y:FF P:85 S:F3 mem:002AF0CF 13:12407 tv:0.000000 81: STA (,x)
lcpuC PC:CFE8 (60 B9 B7) A:32 X:00 Y:FF P:85 S:F3 mem:002AF0E1 13:12401 tv:0.000000 60: RTS
lcpuC PC:C4E7 (20 64 C6) A:32 X:00 Y:FF P:85 S:F5 mem:002AF0E1 13:12395 tv:0.000001 20: JSR
lcpuC PC:C664 (A5 D0 29) A:32 X:00 Y:FF P:85 S:F3 mem:002AF0E4 13:12389 tv:0.000000 A5: LDA zp
lcpuC PC:C666 (29 20 D0) A:00 X:00 Y:FF P:07 S:F3 mem:002AF0E4 13:12386 tv:0.000001 29: AND
lcpuC PC:C668 (D0 4A AE) A:00 X:00 Y:FF P:07 S:F3 mem:002AF0E4 13:12383 tv:0.000001 D0: BNE
lcpuC PC:C66A (AE 18 03) A:00 X:00 Y:FF P:07 S:F3 mem:002AF0E4 13:12381 tv:0.000000 AE: LDX abs
lcpuC PC:C66D (EC 0A 03) A:00 X:0E Y:FF P:05 S:F3 mem:002AF0E4 13:12377 tv:0.000000 EC: CPX abs
lcpuC PC:C670 (B0 12 EE) A:00 X:0E Y:FF P:84 S:F3 mem:002AF0E4 13:12373 tv:0.000001 B0: BCS
lcpuC PC:C672 (EE 18 03) A:00 X:0E Y:FF P:84 S:F3 mem:002AF0E4 13:12371 tv:0.000001 EE: INC abs
lcpuC PC:C675 (AD 4A 03) A:00 X:0E Y:FF P:04 S:F3 mem:002AF0E5 13:12365 tv:0.000001 AD: LDA abs
lcpuC PC:C678 (6D 4F 03) A:36 X:0E Y:FF P:04 S:F3 mem:002AF0E5 13:12361 tv:0.000001 6D: ADC abs
lcpuC PC:C67B (AA AD 4B) A:37 X:0E Y:FF P:04 S:F3 mem:002AF0E5 13:12357 tv:0.000007 AA: TAX
lcpuC PC:C67C (AD 4B 03) A:37 X:37 Y:FF P:04 S:F3 mem:002AF0E5 13:12355 tv:0.000001 AD: LDA abs
lcpuC PC:C67F (69 00 4C) A:7C X:37 Y:FF P:04 S:F3 mem:002AF0E5 13:12351 tv:0.000000 69: ADC imm
lcpuC PC:C681 (4C F6 C9) A:7C X:37 Y:FF P:04 S:F3 mem:002AF0E5 13:12349 tv:0.000000 4C: JMP
lcpuC PC:C9F6 (8E 4A 03) A:7C X:37 Y:FF P:04 S:F3 mem:002AF0E5 13:12346 tv:0.000000 8E: STX abs
lcpuC PC:C9F9 (8D 4B 03) A:7C X:37 Y:FF P:04 S:F3 mem:002AF0E6 13:12342 tv:0.000001 8D: STA abs
lcpuC PC:C9FC (10 04 38) A:7C X:37 Y:FF P:04 S:F3 mem:002AF0E6 13:12338 tv:0.000001 10: BPL
lcpuC PC:CA02 (86 D8 85) A:7C X:37 Y:FF P:04 S:F3 mem:002AF0E6 13:12335 tv:0.000001 86: STX zp
lcpuC PC:CA04 (85 D9 AE) A:7C X:37 Y:FF P:04 S:F3 mem:002AF0E7 13:12332 tv:0.000000 85: STA zp
lcpuC PC:CA06 (AE 4A 03) A:7C X:37 Y:FF P:04 S:F3 mem:002AF0E7 13:12329 tv:0.000001 AE: LDX abs
lcpuC PC:CA09 (AD 4B 03) A:7C X:37 Y:FF P:04 S:F3 mem:002AF0E7 13:12325 tv:0.000001 AD: LDA abs
lcpuC PC:CA0C (A0 0E 48) A:7C X:37 Y:FF P:04 S:F3 mem:002AF0E7 13:12321 tv:0.000001 A0: LDY imm
lcpuC PC:CA0E (48 AD 55) A:7C X:37 Y:0E P:04 S:F3 mem:002AF0E7 13:12319 tv:0.000001 48: PHA
lcpuC PC:CA0F (AD 55 03) A:7C X:37 Y:0E P:04 S:F2 mem:002AF0E7 13:12316 tv:0.000001 AD: LDA abs
lcpuC PC:CA12 (C9 07 68) A:07 X:37 Y:0E P:04 S:F2 mem:002AF0E7 13:12312 tv:0.000001 C9: CMP imm
lcpuC PC:CA14 (68 B0 10) A:07 X:37 Y:0E P:07 S:F2 mem:002AF0E7 13:12310 tv:0.000001 68: PLA
lcpuC PC:CA15 (B0 10 86) A:7C X:37 Y:0E P:05 S:F3 mem:002AF0E7 13:12306 tv:0.000000 B0: BCS
lcpuC PC:CA27 (E9 74 49) A:7C X:37 Y:0E P:05 S:F3 mem:002AF0E7 13:12303 tv:0.000000 E9: SBC imm
lcpuC PC:CA29 (49 20 8C) A:08 X:37 Y:0E P:05 S:F3 mem:002AF0E7 13:12301 tv:0.000001 49: EOR imm
lcpuC PC:CA2B (8C 00 FE) A:28 X:37 Y:0E P:05 S:F3 mem:002AF0E7 13:12299 tv:0.000001 8C: STY abs
here! 0x00000e 0x00ca2e 0xe6fa3010 0xcdde0ebc tv:0.000000 (cycle 12299  pc ~CA2B
writemem_ex! addr=FE00 val=0E
lcpuC PC:CA2E (8D 01 FE) A:28 X:37 Y:0E P:05 S:F3 mem:002AF0E7 13:12295 tv:0.000008 8D: STA abs
here! 0x000028 0x00ca31 0xe6fa3010 0xcdde0ebc tv:0.000000 (cycle 12295  pc ~CA2E
writemem_ex! addr=FE01 val=28
lcpuC PC:CA31 (C8 8C 00) A:28 X:37 Y:0E P:05 S:F3 mem:002AF0E7 13:12291 tv:0.000007 C8: INY
lcpuC PC:CA32 (8C 00 FE) A:28 X:37 Y:0F P:05 S:F3 mem:002AF0E7 13:12289 tv:0.000001 8C: STY abs
here! 0x00000f 0x00ca35 0xe6fa3010 0xcdde0ebc tv:0.000000 (cycle 12289  pc ~CA32
writemem_ex! addr=FE00 val=0F
lcpuC PC:CA35 (8E 01 FE) A:28 X:37 Y:0F P:05 S:F3 mem:002AF0E7 13:12285 tv:0.000007 8E: STX abs
here! 0x000037 0x00ca38 0xe6fa3010 0xcdde0ebc tv:0.000000 (cycle 12285  pc ~CA35
writemem_ex! addr=FE01 val=37
lcpuC PC:CA38 (60 20 81) A:28 X:37 Y:0F P:05 S:F3 mem:002AF0E7 13:12281 tv:0.000007 60: RTS
lcpuC PC:C4EA (4C 5E C5) A:28 X:37 Y:0F P:05 S:F5 mem:002AF0E7 13:12275 tv:0.000001 4C: JMP
lcpuC PC:C55E (A5 D0 4A) A:28 X:37 Y:0F P:05 S:F5 mem:002AF0E7 13:12272 tv:0.000000 A5: LDA zp
lcpuC PC:C560 (4A 24 D0) A:00 X:37 Y:0F P:07 S:F5 mem:002AF0E7 13:12269 tv:0.000001 4A: LSR A
lcpuC PC:C561 (24 D0 50) A:00 X:37 Y:0F P:06 S:F5 mem:002AF0E7 13:12267 tv:0.000001 24: BIT zp
lcpuC PC:C563 (50 AC 20) A:00 X:37 Y:0F P:06 S:F5 mem:002AF0E7 13:12264 tv:0.000001 50: BVC
lcpuC PC:C511 (60 9D 24) A:00 X:37 Y:0F P:06 S:F5 mem:002AF0E7 13:12261 tv:0.000001 60: RTS
lcpuC PC:E0C8 (A9 08 2C) A:00 X:37 Y:0F P:06 S:F7 mem:002AF0E7 13:12255 tv:0.000001 A9: LDA imm
lcpuC PC:E0CA (2C 7C 02) A:08 X:37 Y:0F P:04 S:F7 mem:002AF0E7 13:12253 tv:0.000000 2C: BIT abs
lcpuC PC:E0CD (D0 02 90) A:08 X:37 Y:0F P:06 S:F7 mem:002AF0E7 13:12249 tv:0.000001 D0: BNE
lcpuC PC:E0CF (90 05 68) A:08 X:37 Y:0F P:06 S:F7 mem:002AF0E7 13:12247 tv:0.000000 90: BCC
lcpuC PC:E0D6 (AD 7C 02) A:08 X:37 Y:0F P:06 S:F7 mem:002AF0E7 13:12244 tv:0.000001 AD: LDA abs
lcpuC PC:E0D9 (6A 90 1B) A:00 X:37 Y:0F P:06 S:F7 mem:002AF0E7 13:12240 tv:0.000001 6A: ROR A
lcpuC PC:E0DA (90 1B A4) A:00 X:37 Y:0F P:06 S:F7 mem:002AF0E7 13:12238 tv:0.000001 90: BCC
lcpuC PC:E0F7 (A9 10 2C) A:00 X:37 Y:0F P:06 S:F7 mem:002AF0E7 13:12235 tv:0.000001 A9: LDA imm
lcpuC PC:E0F9 (2C 7C 02) A:10 X:37 Y:0F P:04 S:F7 mem:002AF0E7 13:12233 tv:0.000001 2C: BIT abs
lcpuC PC:E0FC (D0 0F AC) A:10 X:37 Y:0F P:06 S:F7 mem:002AF0E7 13:12229 tv:0.000000 D0: BNE
lcpuC PC:E0FE (AC 57 02) A:10 X:37 Y:0F P:06 S:F7 mem:002AF0E7 13:12227 tv:0.000001 AC: LDY abs
lcpuC PC:E101 (F0 0A 68) A:10 X:37 Y:00 P:06 S:F7 mem:002AF0E7 13:12223 tv:0.000000 F0: BEQ
lcpuC PC:E10D (68 68 A8) A:10 X:37 Y:00 P:06 S:F7 mem:002AF0E7 13:12220 tv:0.000001 68: PLA
lcpuC PC:E10E (68 A8 68) A:32 X:37 Y:00 P:04 S:F8 mem:002AF0E7 13:12216 tv:0.000000 68: PLA
lcpuC PC:E10F (A8 68 AA) A:18 X:37 Y:00 P:04 S:F9 mem:002AF0E7 13:12212 tv:0.000001 A8: TAY
lcpuC PC:E110 (68 AA 68) A:18 X:37 Y:18 P:04 S:F9 mem:002AF0E7 13:12210 tv:0.000000 68: PLA
lcpuC PC:E111 (AA 68 60) A:33 X:37 Y:18 P:04 S:FA mem:002AF0E7 13:12206 tv:0.000001 AA: TAX
lcpuC PC:E112 (68 60 2C) A:33 X:33 Y:18 P:04 S:FA mem:002AF0E7 13:12204 tv:0.000000 68: PLA
lcpuC PC:E113 (60 2C 7C) A:32 X:33 Y:18 P:04 S:FB mem:002AF0E7 13:12200 tv:0.000000 60: RTS
lcpuC PC:DEB7 (AA D0 F7) A:32 X:33 Y:18 P:04 S:FD mem:002AF0E7 13:12194 tv:0.000000 AA: TAX
lcpuC PC:DEB8 (D0 F7 60) A:32 X:32 Y:18 P:04 S:FD mem:002AF0E7 13:12192 tv:0.000000 D0: BNE
lcpuC PC:DEB1 (C8 B1 FD) A:32 X:32 Y:18 P:04 S:FD mem:002AF0E7 13:12189 tv:0.000001 C8: INY
lcpuC PC:DEB2 (B1 FD 20) A:32 X:32 Y:19 P:04 S:FD mem:002AF0E7 13:12187 tv:0.000001 B1: LDA (),y
lcpuC PC:DEB4 (20 E3 FF) A:4B X:32 Y:19 P:04 S:FD mem:002AF0E7 13:12182 tv:0.000000 20: JSR
lcpuC PC:FFE3 (C9 0D D0) A:4B X:32 Y:19 P:04 S:FB mem:002AF0E7 13:12176 tv:0.000001 C9: CMP imm
readmem_ex! addr=FFE4 val=0D
lcpuC PC:FFE5 (D0 07 A9) A:4B X:32 Y:19 P:05 S:FB mem:002AF0E7 13:12174 tv:0.000003 D0: BNE
readmem_ex! addr=FFE6 val=07
lcpuC PC:FFEE (6C 0E 02) A:4B X:32 Y:19 P:05 S:FB mem:002AF0E7 13:12171 tv:0.000003 6C: JMP ()
readmem_ex! addr=FFEF val=0E
readmem_ex! addr=FFF0 val=02
lcpuC PC:E0A4 (48 8A 48) A:4B X:32 Y:19 P:05 S:FB mem:002AF0E7 13:12166 tv:0.000005 48: PHA
lcpuC PC:E0A5 (8A 48 98) A:4B X:32 Y:19 P:05 S:FA mem:002AF100 13:12163 tv:0.000000 8A: TXA
lcpuC PC:E0A6 (48 98 48) A:32 X:32 Y:19 P:05 S:FA mem:002AF100 13:12161 tv:0.000000 48: PHA
lcpuC PC:E0A7 (98 48 BA) A:32 X:32 Y:19 P:05 S:F9 mem:002AF0FF 13:12158 tv:0.000000 98: TYA
lcpuC PC:E0A8 (48 BA BD) A:19 X:32 Y:19 P:05 S:F9 mem:002AF0FF 13:12156 tv:0.000001 48: PHA
lcpuC PC:E0A9 (BA BD 03) A:19 X:32 Y:19 P:05 S:F8 mem:002AF100 13:12153 tv:0.000001 BA: TSX
lcpuC PC:E0AA (BD 03 01) A:19 X:F8 Y:19 P:85 S:F8 mem:002AF100 13:12151 tv:0.000000 BD: LDA abs,x
lcpuC PC:E0AD (48 2C 60) A:4B X:F8 Y:19 P:05 S:F8 mem:002AF100 13:12147 tv:0.000001 48: PHA
lcpuC PC:E0AE (2C 60 02) A:4B X:F8 Y:19 P:05 S:F7 mem:002AF119 13:12144 tv:0.000000 2C: BIT abs
lcpuC PC:E0B1 (10 08 A8) A:4B X:F8 Y:19 P:07 S:F7 mem:002AF119 13:12140 tv:0.000001 10: BPL
lcpuC PC:E0BB (18 A9 02) A:4B X:F8 Y:19 P:07 S:F7 mem:002AF119 13:12137 tv:0.000001 18: CLC
lcpuC PC:E0BC (A9 02 2C) A:4B X:F8 Y:19 P:06 S:F7 mem:002AF119 13:12135 tv:0.000001 A9: LDA imm
lcpuC PC:E0BE (2C 7C 02) A:02 X:F8 Y:19 P:04 S:F7 mem:002AF119 13:12133 tv:0.000000 2C: BIT abs
lcpuC PC:E0C1 (D0 05 68) A:02 X:F8 Y:19 P:06 S:F7 mem:002AF119 13:12129 tv:0.000001 D0: BNE
lcpuC PC:E0C3 (68 48 20) A:02 X:F8 Y:19 P:06 S:F7 mem:002AF119 13:12127 tv:0.000000 68: PLA
lcpuC PC:E0C4 (48 20 C0) A:4B X:F8 Y:19 P:04 S:F8 mem:002AF119 13:12123 tv:0.000001 48: PHA
lcpuC PC:E0C5 (20 C0 C4) A:4B X:F8 Y:19 P:04 S:F7 mem:002AF119 13:12120 tv:0.000001 20: JSR
lcpuC PC:C4C0 (AE 6A 02) A:4B X:F8 Y:19 P:04 S:F5 mem:002AF119 13:12114 tv:0.000000 AE: LDX abs
lcpuC PC:C4C3 (D0 4D 24) A:4B X:00 Y:19 P:06 S:F5 mem:002AF119 13:12110 tv:0.000001 D0: BNE
lcpuC PC:C4C5 (24 D0 50) A:4B X:00 Y:19 P:06 S:F5 mem:002AF119 13:12108 tv:0.000001 24: BIT zp
lcpuC PC:C4C7 (50 0F 20) A:4B X:00 Y:19 P:06 S:F5 mem:002AF119 13:12105 tv:0.000001 50: BVC
lcpuC PC:C4D8 (C9 7F F0) A:4B X:00 Y:19 P:06 S:F5 mem:002AF119 13:12102 tv:0.000000 C9: CMP imm
lcpuC PC:C4DA (F0 11 C9) A:4B X:00 Y:19 P:84 S:F5 mem:002AF119 13:12100 tv:0.000009 F0: BEQ
lcpuC PC:C4DC (C9 20 90) A:4B X:00 Y:19 P:84 S:F5 mem:002AF119 13:12098 tv:0.000000 C9: CMP imm
lcpuC PC:C4DE (90 0F 24) A:4B X:00 Y:19 P:05 S:F5 mem:002AF119 13:12096 tv:0.000000 90: BCC
lcpuC PC:C4E0 (24 D0 30) A:4B X:00 Y:19 P:05 S:F5 mem:002AF119 13:12094 tv:0.000000 24: BIT zp
lcpuC PC:C4E2 (30 06 20) A:4B X:00 Y:19 P:07 S:F5 mem:002AF119 13:12091 tv:0.000000 30: BMI
lcpuC PC:C4E4 (20 B7 CF) A:4B X:00 Y:19 P:07 S:F5 mem:002AF119 13:12089 tv:0.000000 20: JSR
lcpuC PC:CFB7 (AE 60 03) A:4B X:00 Y:19 P:07 S:F3 mem:002AF116 13:12083 tv:0.000000 AE: LDX abs
lcpuC PC:CFBA (F0 20 20) A:4B X:00 Y:19 P:07 S:F3 mem:002AF116 13:12079 tv:0.000000 F0: BEQ
lcpuC PC:CFDC (A0 02 D9) A:4B X:00 Y:19 P:07 S:F3 mem:002AF116 13:12076 tv:0.000001 A0: LDY imm
lcpuC PC:CFDE (D9 B6 C4) A:4B X:00 Y:02 P:05 S:F3 mem:002AF116 13:12074 tv:0.000001 D9: CMP abs,y
lcpuC PC:CFE1 (F0 06 88) A:4B X:00 Y:02 P:84 S:F3 mem:002AF116 13:12070 tv:0.000000 F0: BEQ
lcpuC PC:CFE3 (88 10 F8) A:4B X:00 Y:02 P:84 S:F3 mem:002AF116 13:12068 tv:0.000000 88: DEY
lcpuC PC:CFE4 (10 F8 81) A:4B X:00 Y:01 P:04 S:F3 mem:002AF116 13:12066 tv:0.000001 10: BPL
lcpuC PC:CFDE (D9 B6 C4) A:4B X:00 Y:01 P:04 S:F3 mem:002AF116 13:12063 tv:0.000001 D9: CMP abs,y
lcpuC PC:CFE1 (F0 06 88) A:4B X:00 Y:01 P:84 S:F3 mem:002AF116 13:12059 tv:0.000001 F0: BEQ
lcpuC PC:CFE3 (88 10 F8) A:4B X:00 Y:01 P:84 S:F3 mem:002AF116 13:12057 tv:0.000000 88: DEY
lcpuC PC:CFE4 (10 F8 81) A:4B X:00 Y:00 P:06 S:F3 mem:002AF116 13:12055 tv:0.000001 10: BPL
lcpuC PC:CFDE (D9 B6 C4) A:4B X:00 Y:00 P:06 S:F3 mem:002AF116 13:12052 tv:0.000001 D9: CMP abs,y
lcpuC PC:CFE1 (F0 06 88) A:4B X:00 Y:00 P:05 S:F3 mem:002AF116 13:12048 tv:0.000000 F0: BEQ
lcpuC PC:CFE3 (88 10 F8) A:4B X:00 Y:00 P:05 S:F3 mem:002AF116 13:12046 tv:0.000000 88: DEY
lcpuC PC:CFE4 (10 F8 81) A:4B X:00 Y:FF P:85 S:F3 mem:002AF116 13:12044 tv:0.000000 10: BPL
lcpuC PC:CFE6 (81 D8 60) A:4B X:00 Y:FF P:85 S:F3 mem:002AF116 13:12042 tv:0.000001 81: STA (,x)
lcpuC PC:CFE8 (60 B9 B7) A:4B X:00 Y:FF P:85 S:F3 mem:002AF141 13:12036 tv:0.000000 60: RTS
lcpuC PC:C4E7 (20 64 C6) A:4B X:00 Y:FF P:85 S:F5 mem:002AF141 13:12030 tv:0.000001 20: JSR
lcpuC PC:C664 (A5 D0 29) A:4B X:00 Y:FF P:85 S:F3 mem:002AF144 13:12024 tv:0.000002 A5: LDA zp
lcpuC PC:C666 (29 20 D0) A:00 X:00 Y:FF P:07 S:F3 mem:002AF144 13:12021 tv:0.000001 29: AND
lcpuC PC:C668 (D0 4A AE) A:00 X:00 Y:FF P:07 S:F3 mem:002AF144 13:12018 tv:0.000001 D0: BNE
lcpuC PC:C66A (AE 18 03) A:00 X:00 Y:FF P:07 S:F3 mem:002AF144 13:12016 tv:0.000000 AE: LDX abs
lcpuC PC:C66D (EC 0A 03) A:00 X:0F Y:FF P:05 S:F3 mem:002AF144 13:12012 tv:0.000000 EC: CPX abs
lcpuC PC:C670 (B0 12 EE) A:00 X:0F Y:FF P:84 S:F3 mem:002AF144 13:12008 tv:0.000001 B0: BCS
lcpuC PC:C672 (EE 18 03) A:00 X:0F Y:FF P:84 S:F3 mem:002AF144 13:12006 tv:0.000000 EE: INC abs
lcpuC PC:C675 (AD 4A 03) A:00 X:0F Y:FF P:04 S:F3 mem:002AF145 13:12000 tv:0.000000 AD: LDA abs
lcpuC PC:C678 (6D 4F 03) A:37 X:0F Y:FF P:04 S:F3 mem:002AF145 13:11996 tv:0.000001 6D: ADC abs
lcpuC PC:C67B (AA AD 4B) A:38 X:0F Y:FF P:04 S:F3 mem:002AF145 13:11992 tv:0.000000 AA: TAX
lcpuC PC:C67C (AD 4B 03) A:38 X:38 Y:FF P:04 S:F3 mem:002AF145 13:11990 tv:0.000000 AD: LDA abs
lcpuC PC:C67F (69 00 4C) A:7C X:38 Y:FF P:04 S:F3 mem:002AF145 13:11986 tv:0.000001 69: ADC imm
lcpuC PC:C681 (4C F6 C9) A:7C X:38 Y:FF P:04 S:F3 mem:002AF145 13:11984 tv:0.000002 4C: JMP
lcpuC PC:C9F6 (8E 4A 03) A:7C X:38 Y:FF P:04 S:F3 mem:002AF145 13:11981 tv:0.000001 8E: STX abs
lcpuC PC:C9F9 (8D 4B 03) A:7C X:38 Y:FF P:04 S:F3 mem:002AF146 13:11977 tv:0.000000 8D: STA abs
lcpuC PC:C9FC (10 04 38) A:7C X:38 Y:FF P:04 S:F3 mem:002AF146 13:11973 tv:0.000001 10: BPL
lcpuC PC:CA02 (86 D8 85) A:7C X:38 Y:FF P:04 S:F3 mem:002AF146 13:11970 tv:0.000000 86: STX zp
lcpuC PC:CA04 (85 D9 AE) A:7C X:38 Y:FF P:04 S:F3 mem:002AF147 13:11967 tv:0.000000 85: STA zp
lcpuC PC:CA06 (AE 4A 03) A:7C X:38 Y:FF P:04 S:F3 mem:002AF147 13:11964 tv:0.000001 AE: LDX abs
lcpuC PC:CA09 (AD 4B 03) A:7C X:38 Y:FF P:04 S:F3 mem:002AF147 13:11960 tv:0.000001 AD: LDA abs
lcpuC PC:CA0C (A0 0E 48) A:7C X:38 Y:FF P:04 S:F3 mem:002AF147 13:11956 tv:0.000001 A0: LDY imm
lcpuC PC:CA0E (48 AD 55) A:7C X:38 Y:0E P:04 S:F3 mem:002AF147 13:11954 tv:0.000000 48: PHA
lcpuC PC:CA0F (AD 55 03) A:7C X:38 Y:0E P:04 S:F2 mem:002AF147 13:11951 tv:0.000000 AD: LDA abs
lcpuC PC:CA12 (C9 07 68) A:07 X:38 Y:0E P:04 S:F2 mem:002AF147 13:11947 tv:0.000001 C9: CMP imm
lcpuC PC:CA14 (68 B0 10) A:07 X:38 Y:0E P:07 S:F2 mem:002AF147 13:11945 tv:0.000000 68: PLA
lcpuC PC:CA15 (B0 10 86) A:7C X:38 Y:0E P:05 S:F3 mem:002AF147 13:11941 tv:0.000000 B0: BCS
lcpuC PC:CA27 (E9 74 49) A:7C X:38 Y:0E P:05 S:F3 mem:002AF147 13:11938 tv:0.000000 E9: SBC imm
lcpuC PC:CA29 (49 20 8C) A:08 X:38 Y:0E P:05 S:F3 mem:002AF147 13:11936 tv:0.000000 49: EOR imm
lcpuC PC:CA2B (8C 00 FE) A:28 X:38 Y:0E P:05 S:F3 mem:002AF147 13:11934 tv:0.000001 8C: STY abs
here! 0x00000e 0x00ca2e 0xe6fa3010 0xcdde0ebc tv:0.000000 (cycle 11934  pc ~CA2B
writemem_ex! addr=FE00 val=0E
lcpuC PC:CA2E (8D 01 FE) A:28 X:38 Y:0E P:05 S:F3 mem:002AF147 13:11930 tv:0.000006 8D: STA abs
here! 0x000028 0x00ca31 0xe6fa3010 0xcdde0ebc tv:0.000000 (cycle 11930  pc ~CA2E
writemem_ex! addr=FE01 val=28
lcpuC PC:CA31 (C8 8C 00) A:28 X:38 Y:0E P:05 S:F3 mem:002AF147 13:11926 tv:0.000012 C8: INY
lcpuC PC:CA32 (8C 00 FE) A:28 X:38 Y:0F P:05 S:F3 mem:002AF147 13:11924 tv:0.000002 8C: STY abs
here! 0x00000f 0x00ca35 0xe6fa3010 0xcdde0ebc tv:0.000000 (cycle 11924  pc ~CA32
writemem_ex! addr=FE00 val=0F
lcpuC PC:CA35 (8E 01 FE) A:28 X:38 Y:0F P:05 S:F3 mem:002AF147 13:11920 tv:0.000007 8E: STX abs
here! 0x000038 0x00ca38 0xe6fa3010 0xcdde0ebc tv:0.000001 (cycle 11920  pc ~CA35
writemem_ex! addr=FE01 val=38
lcpuC PC:CA38 (60 20 81) A:28 X:38 Y:0F P:05 S:F3 mem:002AF147 13:11916 tv:0.000007 60: RTS
lcpuC PC:C4EA (4C 5E C5) A:28 X:38 Y:0F P:05 S:F5 mem:002AF147 13:11910 tv:0.000000 4C: JMP
lcpuC PC:C55E (A5 D0 4A) A:28 X:38 Y:0F P:05 S:F5 mem:002AF147 13:11907 tv:0.000001 A5: LDA zp
lcpuC PC:C560 (4A 24 D0) A:00 X:38 Y:0F P:07 S:F5 mem:002AF147 13:11904 tv:0.000001 4A: LSR A
lcpuC PC:C561 (24 D0 50) A:00 X:38 Y:0F P:06 S:F5 mem:002AF147 13:11902 tv:0.000001 24: BIT zp
lcpuC PC:C563 (50 AC 20) A:00 X:38 Y:0F P:06 S:F5 mem:002AF147 13:11899 tv:0.000000 50: BVC
lcpuC PC:C511 (60 9D 24) A:00 X:38 Y:0F P:06 S:F5 mem:002AF147 13:11896 tv:0.000001 60: RTS
lcpuC PC:E0C8 (A9 08 2C) A:00 X:38 Y:0F P:06 S:F7 mem:002AF147 13:11890 tv:0.000001 A9: LDA imm
lcpuC PC:E0CA (2C 7C 02) A:08 X:38 Y:0F P:04 S:F7 mem:002AF147 13:11888 tv:0.000000 2C: BIT abs
lcpuC PC:E0CD (D0 02 90) A:08 X:38 Y:0F P:06 S:F7 mem:002AF147 13:11884 tv:0.000000 D0: BNE
lcpuC PC:E0CF (90 05 68) A:08 X:38 Y:0F P:06 S:F7 mem:002AF147 13:11882 tv:0.000001 90: BCC
lcpuC PC:E0D6 (AD 7C 02) A:08 X:38 Y:0F P:06 S:F7 mem:002AF147 13:11879 tv:0.000001 AD: LDA abs
lcpuC PC:E0D9 (6A 90 1B) A:00 X:38 Y:0F P:06 S:F7 mem:002AF147 13:11875 tv:0.000001 6A: ROR A
lcpuC PC:E0DA (90 1B A4) A:00 X:38 Y:0F P:06 S:F7 mem:002AF147 13:11873 tv:0.000000 90: BCC
lcpuC PC:E0F7 (A9 10 2C) A:00 X:38 Y:0F P:06 S:F7 mem:002AF147 13:11870 tv:0.000000 A9: LDA imm
lcpuC PC:E0F9 (2C 7C 02) A:10 X:38 Y:0F P:04 S:F7 mem:002AF147 13:11868 tv:0.000001 2C: BIT abs
lcpuC PC:E0FC (D0 0F AC) A:10 X:38 Y:0F P:06 S:F7 mem:002AF147 13:11864 tv:0.000000 D0: BNE
lcpuC PC:E0FE (AC 57 02) A:10 X:38 Y:0F P:06 S:F7 mem:002AF147 13:11862 tv:0.000001 AC: LDY abs
lcpuC PC:E101 (F0 0A 68) A:10 X:38 Y:00 P:06 S:F7 mem:002AF147 13:11858 tv:0.000001 F0: BEQ
lcpuC PC:E10D (68 68 A8) A:10 X:38 Y:00 P:06 S:F7 mem:002AF147 13:11855 tv:0.000000 68: PLA
lcpuC PC:E10E (68 A8 68) A:4B X:38 Y:00 P:04 S:F8 mem:002AF147 13:11851 tv:0.000001 68: PLA
lcpuC PC:E10F (A8 68 AA) A:19 X:38 Y:00 P:04 S:F9 mem:002AF147 13:11847 tv:0.000000 A8: TAY
lcpuC PC:E110 (68 AA 68) A:19 X:38 Y:19 P:04 S:F9 mem:002AF147 13:11845 tv:0.000007 68: PLA
lcpuC PC:E111 (AA 68 60) A:32 X:38 Y:19 P:04 S:FA mem:002AF147 13:11841 tv:0.000000 AA: TAX
lcpuC PC:E112 (68 60 2C) A:32 X:32 Y:19 P:04 S:FA mem:002AF147 13:11839 tv:0.000000 68: PLA
lcpuC PC:E113 (60 2C 7C) A:4B X:32 Y:19 P:04 S:FB mem:002AF147 13:11835 tv:0.000001 60: RTS
lcpuC PC:DEB7 (AA D0 F7) A:4B X:32 Y:19 P:04 S:FD mem:002AF147 13:11829 tv:0.000001 AA: TAX
lcpuC PC:DEB8 (D0 F7 60) A:4B X:4B Y:19 P:04 S:FD mem:002AF147 13:11827 tv:0.000000 D0: BNE
lcpuC PC:DEB1 (C8 B1 FD) A:4B X:4B Y:19 P:04 S:FD mem:002AF147 13:11824 tv:0.000000 C8: INY
lcpuC PC:DEB2 (B1 FD 20) A:4B X:4B Y:1A P:04 S:FD mem:002AF147 13:11822 tv:0.000000 B1: LDA (),y
lcpuC PC:DEB4 (20 E3 FF) A:07 X:4B Y:1A P:04 S:FD mem:002AF147 13:11817 tv:0.000001 20: JSR
lcpuC PC:FFE3 (C9 0D D0) A:07 X:4B Y:1A P:04 S:FB mem:002AF147 13:11811 tv:0.000000 C9: CMP imm
readmem_ex! addr=FFE4 val=0D
lcpuC PC:FFE5 (D0 07 A9) A:07 X:4B Y:1A P:84 S:FB mem:002AF147 13:11809 tv:0.000003 D0: BNE
readmem_ex! addr=FFE6 val=07
lcpuC PC:FFEE (6C 0E 02) A:07 X:4B Y:1A P:84 S:FB mem:002AF147 13:11806 tv:0.000003 6C: JMP ()
readmem_ex! addr=FFEF val=0E
readmem_ex! addr=FFF0 val=02
lcpuC PC:E0A4 (48 8A 48) A:07 X:4B Y:1A P:84 S:FB mem:002AF147 13:11801 tv:0.000007 48: PHA
lcpuC PC:E0A5 (8A 48 98) A:07 X:4B Y:1A P:84 S:FA mem:002AF103 13:11798 tv:0.000001 8A: TXA
lcpuC PC:E0A6 (48 98 48) A:4B X:4B Y:1A P:04 S:FA mem:002AF103 13:11796 tv:0.000001 48: PHA
lcpuC PC:E0A7 (98 48 BA) A:4B X:4B Y:1A P:04 S:F9 mem:002AF11C 13:11793 tv:0.000001 98: TYA
lcpuC PC:E0A8 (48 BA BD) A:1A X:4B Y:1A P:04 S:F9 mem:002AF11C 13:11791 tv:0.000001 48: PHA
lcpuC PC:E0A9 (BA BD 03) A:1A X:4B Y:1A P:04 S:F8 mem:002AF11D 13:11788 tv:0.000000 BA: TSX
lcpuC PC:E0AA (BD 03 01) A:1A X:F8 Y:1A P:84 S:F8 mem:002AF11D 13:11786 tv:0.000000 BD: LDA abs,x
lcpuC PC:E0AD (48 2C 60) A:07 X:F8 Y:1A P:04 S:F8 mem:002AF11D 13:11782 tv:0.000001 48: PHA
lcpuC PC:E0AE (2C 60 02) A:07 X:F8 Y:1A P:04 S:F7 mem:002AF0D9 13:11779 tv:0.000000 2C: BIT abs
lcpuC PC:E0B1 (10 08 A8) A:07 X:F8 Y:1A P:06 S:F7 mem:002AF0D9 13:11775 tv:0.000000 10: BPL
lcpuC PC:E0BB (18 A9 02) A:07 X:F8 Y:1A P:06 S:F7 mem:002AF0D9 13:11772 tv:0.000000 18: CLC
lcpuC PC:E0BC (A9 02 2C) A:07 X:F8 Y:1A P:06 S:F7 mem:002AF0D9 13:11770 tv:0.000000 A9: LDA imm
lcpuC PC:E0BE (2C 7C 02) A:02 X:F8 Y:1A P:04 S:F7 mem:002AF0D9 13:11768 tv:0.000001 2C: BIT abs
lcpuC PC:E0C1 (D0 05 68) A:02 X:F8 Y:1A P:06 S:F7 mem:002AF0D9 13:11764 tv:0.000001 D0: BNE
lcpuC PC:E0C3 (68 48 20) A:02 X:F8 Y:1A P:06 S:F7 mem:002AF0D9 13:11762 tv:0.000001 68: PLA
lcpuC PC:E0C4 (48 20 C0) A:07 X:F8 Y:1A P:04 S:F8 mem:002AF0D9 13:11758 tv:0.000000 48: PHA
lcpuC PC:E0C5 (20 C0 C4) A:07 X:F8 Y:1A P:04 S:F7 mem:002AF0D9 13:11755 tv:0.000001 20: JSR
lcpuC PC:C4C0 (AE 6A 02) A:07 X:F8 Y:1A P:04 S:F5 mem:002AF0D9 13:11749 tv:0.000001 AE: LDX abs
lcpuC PC:C4C3 (D0 4D 24) A:07 X:00 Y:1A P:06 S:F5 mem:002AF0D9 13:11745 tv:0.000000 D0: BNE
lcpuC PC:C4C5 (24 D0 50) A:07 X:00 Y:1A P:06 S:F5 mem:002AF0D9 13:11743 tv:0.000000 24: BIT zp
lcpuC PC:C4C7 (50 0F 20) A:07 X:00 Y:1A P:06 S:F5 mem:002AF0D9 13:11740 tv:0.000000 50: BVC
lcpuC PC:C4D8 (C9 7F F0) A:07 X:00 Y:1A P:06 S:F5 mem:002AF0D9 13:11737 tv:0.000001 C9: CMP imm
lcpuC PC:C4DA (F0 11 C9) A:07 X:00 Y:1A P:84 S:F5 mem:002AF0D9 13:11735 tv:0.000000 F0: BEQ
lcpuC PC:C4DC (C9 20 90) A:07 X:00 Y:1A P:84 S:F5 mem:002AF0D9 13:11733 tv:0.000001 C9: CMP imm
lcpuC PC:C4DE (90 0F 24) A:07 X:00 Y:1A P:84 S:F5 mem:002AF0D9 13:11731 tv:0.000001 90: BCC
lcpuC PC:C4EF (A8 B9 33) A:07 X:00 Y:1A P:84 S:F5 mem:002AF0D9 13:11728 tv:0.000001 A8: TAY
lcpuC PC:C4F0 (B9 33 C3) A:07 X:00 Y:07 P:04 S:F5 mem:002AF0D9 13:11726 tv:0.000001 B9: LDA abs,y
lcpuC PC:C4F3 (8D 5D 03) A:6F X:00 Y:07 P:04 S:F5 mem:002AF0D9 13:11722 tv:0.000001 8D: STA abs
lcpuC PC:C4F6 (B9 54 C3) A:6F X:00 Y:07 P:04 S:F5 mem:002AF137 13:11718 tv:0.000001 B9: LDA abs,y
lcpuC PC:C4F9 (30 4A AA) A:E8 X:00 Y:07 P:84 S:F5 mem:002AF137 13:11714 tv:0.000000 30: BMI
lcpuC PC:C545 (8D 5E 03) A:E8 X:00 Y:07 P:84 S:F5 mem:002AF137 13:11711 tv:0.000000 8D: STA abs
lcpuC PC:C548 (98 C9 08) A:E8 X:00 Y:07 P:84 S:F5 mem:002AF15A 13:11707 tv:0.000000 98: TYA
lcpuC PC:C549 (C9 08 90) A:07 X:00 Y:07 P:04 S:F5 mem:002AF15A 13:11705 tv:0.000001 C9: CMP imm
lcpuC PC:C54B (90 06 49) A:07 X:00 Y:07 P:84 S:F5 mem:002AF15A 13:11703 tv:0.000000 90: BCC
lcpuC PC:C553 (24 D0 30) A:07 X:00 Y:07 P:84 S:F5 mem:002AF15A 13:11700 tv:0.000000 24: BIT zp
lcpuC PC:C555 (30 29 08) A:07 X:00 Y:07 P:06 S:F5 mem:002AF15A 13:11697 tv:0.000000 30: BMI
lcpuC PC:C557 (08 20 F5) A:07 X:00 Y:07 P:06 S:F5 mem:002AF15A 13:11695 tv:0.000000 08: PHP
lcpuC PC:C558 (20 F5 CC) A:07 X:00 Y:07 P:06 S:F4 mem:002AF0CC 13:11692 tv:0.000000 20: JSR
lcpuC PC:CCF5 (6C 5D 03) A:07 X:00 Y:07 P:06 S:F2 mem:002AF086 13:11686 tv:0.000001 6C: JMP ()
lcpuC PC:E86F (08 78 AD) A:07 X:00 Y:07 P:06 S:F2 mem:002AF086 13:11681 tv:0.000001 08: PHP
lcpuC PC:E870 (78 AD 63) A:07 X:00 Y:07 P:06 S:F1 mem:002AF040 13:11678 tv:0.000001 78: SEI
lcpuC PC:E871 (AD 63 02) A:07 X:00 Y:07 P:06 S:F1 mem:002AF040 13:11676 tv:0.000000 AD: LDA abs
lcpuC PC:E874 (29 07 09) A:03 X:00 Y:07 P:04 S:F1 mem:002AF040 13:11672 tv:0.000001 29: AND
lcpuC PC:E876 (09 04 AA) A:03 X:00 Y:07 P:04 S:F1 mem:002AF040 13:11669 tv:0.000000 09: ORA imm
lcpuC PC:E878 (AA AD 64) A:07 X:00 Y:07 P:04 S:F1 mem:002AF040 13:11667 tv:0.000001 AA: TAX
lcpuC PC:E879 (AD 64 02) A:07 X:07 Y:07 P:04 S:F1 mem:002AF040 13:11665 tv:0.000000 AD: LDA abs
lcpuC PC:E87C (20 B0 E4) A:90 X:07 Y:07 P:84 S:F1 mem:002AF040 13:11661 tv:0.000000 20: JSR
lcpuC PC:E4B0 (6C 2A 02) A:90 X:07 Y:07 P:84 S:EF mem:002AF0BF 13:11655 tv:0.000000 6C: JMP ()
lcpuC PC:E4B3 (08 78 48) A:90 X:07 Y:07 P:84 S:EF mem:002AF0BF 13:11650 tv:0.000001 08: PHP
lcpuC PC:E4B4 (78 48 BC) A:90 X:07 Y:07 P:84 S:EE mem:002AF0C2 13:11647 tv:0.000001 78: SEI
lcpuC PC:E4B5 (48 BC E1) A:90 X:07 Y:07 P:84 S:EE mem:002AF0C2 13:11645 tv:0.000001 48: PHA
lcpuC PC:E4B6 (BC E1 02) A:90 X:07 Y:07 P:84 S:ED mem:002AF11C 13:11642 tv:0.000001 BC: LDY abs,x
lcpuC PC:E4B9 (C8 D0 03) A:90 X:07 Y:FF P:84 S:ED mem:002AF11C 13:11638 tv:0.000001 C8: INY
lcpuC PC:E4BA (D0 03 BC) A:90 X:07 Y:00 P:06 S:ED mem:002AF11C 13:11636 tv:0.000001 D0: BNE
lcpuC PC:E4BC (BC 47 E4) A:90 X:07 Y:00 P:06 S:ED mem:002AF11C 13:11634 tv:0.000000 BC: LDY abs,x
lcpuC PC:E4BF (98 DD D8) A:90 X:07 Y:F0 P:84 S:ED mem:002AF11C 13:11630 tv:0.000000 98: TYA
lcpuC PC:E4C0 (DD D8 02) A:F0 X:07 Y:F0 P:84 S:ED mem:002AF11C 13:11628 tv:0.000000 DD: CMP abs,x
lcpuC PC:E4C3 (F0 0F BC) A:F0 X:07 Y:F0 P:84 S:ED mem:002AF11C 13:11624 tv:0.000000 F0: BEQ
lcpuC PC:E4C5 (BC E1 02) A:F0 X:07 Y:F0 P:84 S:ED mem:002AF11C 13:11622 tv:0.000000 BC: LDY abs,x
lcpuC PC:E4C8 (9D E1 02) A:F0 X:07 Y:FF P:84 S:ED mem:002AF11C 13:11618 tv:0.000000 9D: STA abs,x
lcpuC PC:E4CB (20 50 E4) A:F0 X:07 Y:FF P:84 S:ED mem:002AF10D 13:11613 tv:0.000001 20: JSR
lcpuC PC:E450 (BD 3E E4) A:F0 X:07 Y:FF P:84 S:EB mem:002AF1A3 13:11607 tv:0.000000 BD: LDA abs,x
lcpuC PC:E453 (85 FA BD) A:80 X:07 Y:FF P:84 S:EB mem:002AF1A3 13:11603 tv:0.000000 85: STA zp
lcpuC PC:E455 (BD 35 E4) A:80 X:07 Y:FF P:84 S:EB mem:002AF223 13:11600 tv:0.000002 BD: LDA abs,x
lcpuC PC:E458 (85 FB 60) A:07 X:07 Y:FF P:04 S:EB mem:002AF223 13:11596 tv:0.000001 85: STA zp
lcpuC PC:E45A (60 2C B7) A:07 X:07 Y:FF P:04 S:EB mem:002AF227 13:11593 tv:0.000000 60: RTS
lcpuC PC:E4CE (68 91 FA) A:07 X:07 Y:FF P:04 S:ED mem:002AF227 13:11587 tv:0.000007 68: PLA
lcpuC PC:E4CF (91 FA 28) A:90 X:07 Y:FF P:84 S:EE mem:002AF227 13:11583 tv:0.000000 91: STA (),y
lcpuC PC:E4D1 (28 18 60) A:90 X:07 Y:FF P:84 S:EE mem:002AF2B7 13:11578 tv:0.000000 28: PLP
lcpuC PC:E4D2 (18 60 68) A:90 X:07 Y:FF P:84 S:EF mem:002AF2B7 13:11574 tv:0.000001 18: CLC
lcpuC PC:E4D3 (60 68 E0) A:90 X:07 Y:FF P:84 S:EF mem:002AF2B7 13:11572 tv:0.000001 60: RTS
lcpuC PC:E87F (AD 66 02) A:90 X:07 Y:FF P:84 S:F1 mem:002AF2B7 13:11566 tv:0.000001 AD: LDA abs
lcpuC PC:E882 (48 AD 65) A:06 X:07 Y:FF P:04 S:F1 mem:002AF2B7 13:11562 tv:0.000001 48: PHA
lcpuC PC:E883 (AD 65 02) A:06 X:07 Y:FF P:04 S:F0 mem:002AF1D5 13:11559 tv:0.000000 AD: LDA abs
lcpuC PC:E886 (48 38 7E) A:64 X:07 Y:FF P:04 S:F0 mem:002AF1D5 13:11555 tv:0.000001 48: PHA
lcpuC PC:E887 (38 7E 00) A:64 X:07 Y:FF P:04 S:EF mem:002AF1BB 13:11552 tv:0.000000 38: SEC
lcpuC PC:E888 (7E 00 08) A:64 X:07 Y:FF P:05 S:EF mem:002AF1BB 13:11550 tv:0.000001 7E: ROR abs,x
lcpuC PC:E88B (30 17 08) A:64 X:07 Y:FF P:84 S:EF mem:002AF23B 13:11543 tv:0.000002 30: BMI
lcpuC PC:E8A4 (68 20 B0) A:64 X:07 Y:FF P:84 S:EF mem:002AF23B 13:11540 tv:0.000001 68: PLA
lcpuC PC:E8A5 (20 B0 E4) A:64 X:07 Y:FF P:04 S:F0 mem:002AF23B 13:11536 tv:0.000000 20: JSR
lcpuC PC:E4B0 (6C 2A 02) A:64 X:07 Y:FF P:04 S:EE mem:002AF2B2 13:11530 tv:0.000001 6C: JMP ()
lcpuC PC:E4B3 (08 78 48) A:64 X:07 Y:FF P:04 S:EE mem:002AF2B2 13:11525 tv:0.000000 08: PHP
lcpuC PC:E4B4 (78 48 BC) A:64 X:07 Y:FF P:04 S:ED mem:002AF256 13:11522 tv:0.000000 78: SEI
lcpuC PC:E4B5 (48 BC E1) A:64 X:07 Y:FF P:04 S:ED mem:002AF256 13:11520 tv:0.000001 48: PHA
lcpuC PC:E4B6 (BC E1 02) A:64 X:07 Y:FF P:04 S:EC mem:002AF1D6 13:11517 tv:0.000001 BC: LDY abs,x
lcpuC PC:E4B9 (C8 D0 03) A:64 X:07 Y:F0 P:84 S:EC mem:002AF1D6 13:11513 tv:0.000000 C8: INY
lcpuC PC:E4BA (D0 03 BC) A:64 X:07 Y:F1 P:84 S:EC mem:002AF1D6 13:11511 tv:0.000000 D0: BNE
lcpuC PC:E4BF (98 DD D8) A:64 X:07 Y:F1 P:84 S:EC mem:002AF1D6 13:11508 tv:0.000000 98: TYA
lcpuC PC:E4C0 (DD D8 02) A:F1 X:07 Y:F1 P:84 S:EC mem:002AF1D6 13:11506 tv:0.000000 DD: CMP abs,x
lcpuC PC:E4C3 (F0 0F BC) A:F1 X:07 Y:F1 P:84 S:EC mem:002AF1D6 13:11502 tv:0.000001 F0: BEQ
lcpuC PC:E4C5 (BC E1 02) A:F1 X:07 Y:F1 P:84 S:EC mem:002AF1D6 13:11500 tv:0.000001 BC: LDY abs,x
lcpuC PC:E4C8 (9D E1 02) A:F1 X:07 Y:F0 P:84 S:EC mem:002AF1D6 13:11496 tv:0.000000 9D: STA abs,x
lcpuC PC:E4CB (20 50 E4) A:F1 X:07 Y:F0 P:84 S:EC mem:002AF1D7 13:11491 tv:0.000000 20: JSR
lcpuC PC:E450 (BD 3E E4) A:F1 X:07 Y:F0 P:84 S:EA mem:002AF1D2 13:11485 tv:0.000001 BD: LDA abs,x
lcpuC PC:E453 (85 FA BD) A:80 X:07 Y:F0 P:84 S:EA mem:002AF1D2 13:11481 tv:0.000001 85: STA zp
lcpuC PC:E455 (BD 35 E4) A:80 X:07 Y:F0 P:84 S:EA mem:002AF1D2 13:11478 tv:0.000001 BD: LDA abs,x
lcpuC PC:E458 (85 FB 60) A:07 X:07 Y:F0 P:04 S:EA mem:002AF1D2 13:11474 tv:0.000001 85: STA zp
lcpuC PC:E45A (60 2C B7) A:07 X:07 Y:F0 P:04 S:EA mem:002AF1D2 13:11471 tv:0.000000 60: RTS
lcpuC PC:E4CE (68 91 FA) A:07 X:07 Y:F0 P:04 S:EC mem:002AF1D2 13:11465 tv:0.000001 68: PLA
lcpuC PC:E4CF (91 FA 28) A:64 X:07 Y:F0 P:04 S:ED mem:002AF1D2 13:11461 tv:0.000000 91: STA (),y
lcpuC PC:E4D1 (28 18 60) A:64 X:07 Y:F0 P:04 S:ED mem:002AF236 13:11456 tv:0.000001 28: PLP
lcpuC PC:E4D2 (18 60 68) A:64 X:07 Y:F0 P:04 S:EE mem:002AF236 13:11452 tv:0.000001 18: CLC
lcpuC PC:E4D3 (60 68 E0) A:64 X:07 Y:F0 P:04 S:EE mem:002AF236 13:11450 tv:0.000001 60: RTS
lcpuC PC:E8A8 (68 20 B0) A:64 X:07 Y:F0 P:04 S:F0 mem:002AF236 13:11444 tv:0.000001 68: PLA
lcpuC PC:E8A9 (20 B0 E4) A:06 X:07 Y:F0 P:04 S:F1 mem:002AF236 13:11440 tv:0.000000 20: JSR
lcpuC PC:E4B0 (6C 2A 02) A:06 X:07 Y:F0 P:04 S:EF mem:002AF2DB 13:11434 tv:0.000000 6C: JMP ()
lcpuC PC:E4B3 (08 78 48) A:06 X:07 Y:F0 P:04 S:EF mem:002AF2DB 13:11429 tv:0.000001 08: PHP
lcpuC PC:E4B4 (78 48 BC) A:06 X:07 Y:F0 P:04 S:EE mem:002AF268 13:11426 tv:0.000000 78: SEI
lcpuC PC:E4B5 (48 BC E1) A:06 X:07 Y:F0 P:04 S:EE mem:002AF268 13:11424 tv:0.000000 48: PHA
lcpuC PC:E4B6 (BC E1 02) A:06 X:07 Y:F0 P:04 S:ED mem:002AF23A 13:11421 tv:0.000001 BC: LDY abs,x
lcpuC PC:E4B9 (C8 D0 03) A:06 X:07 Y:F1 P:84 S:ED mem:002AF23A 13:11417 tv:0.000001 C8: INY
lcpuC PC:E4BA (D0 03 BC) A:06 X:07 Y:F2 P:84 S:ED mem:002AF23A 13:11415 tv:0.000001 D0: BNE
lcpuC PC:E4BF (98 DD D8) A:06 X:07 Y:F2 P:84 S:ED mem:002AF23A 13:11412 tv:0.000000 98: TYA
lcpuC PC:E4C0 (DD D8 02) A:F2 X:07 Y:F2 P:84 S:ED mem:002AF23A 13:11410 tv:0.000001 DD: CMP abs,x
lcpuC PC:E4C3 (F0 0F BC) A:F2 X:07 Y:F2 P:84 S:ED mem:002AF23A 13:11406 tv:0.000000 F0: BEQ
lcpuC PC:E4C5 (BC E1 02) A:F2 X:07 Y:F2 P:84 S:ED mem:002AF23A 13:11404 tv:0.000000 BC: LDY abs,x
lcpuC PC:E4C8 (9D E1 02) A:F2 X:07 Y:F1 P:84 S:ED mem:002AF23A 13:11400 tv:0.000001 9D: STA abs,x
lcpuC PC:E4CB (20 50 E4) A:F2 X:07 Y:F1 P:84 S:ED mem:002AF23B 13:11395 tv:0.000001 20: JSR
lcpuC PC:E450 (BD 3E E4) A:F2 X:07 Y:F1 P:84 S:EB mem:002AF2A4 13:11389 tv:0.000000 BD: LDA abs,x
lcpuC PC:E453 (85 FA BD) A:80 X:07 Y:F1 P:84 S:EB mem:002AF2A4 13:11385 tv:0.000001 85: STA zp
lcpuC PC:E455 (BD 35 E4) A:80 X:07 Y:F1 P:84 S:EB mem:002AF2A4 13:11382 tv:0.000000 BD: LDA abs,x
lcpuC PC:E458 (85 FB 60) A:07 X:07 Y:F1 P:04 S:EB mem:002AF2A4 13:11378 tv:0.000000 85: STA zp
lcpuC PC:E45A (60 2C B7) A:07 X:07 Y:F1 P:04 S:EB mem:002AF2A4 13:11375 tv:0.000000 60: RTS
lcpuC PC:E4CE (68 91 FA) A:07 X:07 Y:F1 P:04 S:ED mem:002AF2A4 13:11369 tv:0.000000 68: PLA
lcpuC PC:E4CF (91 FA 28) A:06 X:07 Y:F1 P:04 S:EE mem:002AF2A4 13:11365 tv:0.000001 91: STA (),y
lcpuC PC:E4D1 (28 18 60) A:06 X:07 Y:F1 P:04 S:EE mem:002AF2AA 13:11360 tv:0.000000 28: PLP
lcpuC PC:E4D2 (18 60 68) A:06 X:07 Y:F1 P:04 S:EF mem:002AF2AA 13:11356 tv:0.000001 18: CLC
lcpuC PC:E4D3 (60 68 E0) A:06 X:07 Y:F1 P:04 S:EF mem:002AF2AA 13:11354 tv:0.000001 60: RTS
lcpuC PC:E8AC (28 60 E9) A:06 X:07 Y:F1 P:04 S:F1 mem:002AF2AA 13:11348 tv:0.000000 28: PLP
lcpuC PC:E8AD (60 E9 01) A:06 X:07 Y:F1 P:06 S:F2 mem:002AF2AA 13:11344 tv:0.000000 60: RTS
lcpuC PC:C55B (28 90 03) A:06 X:07 Y:F1 P:06 S:F4 mem:002AF2AA 13:11338 tv:0.000001 28: PLP
lcpuC PC:C55C (90 03 A5) A:06 X:07 Y:F1 P:06 S:F5 mem:002AF2AA 13:11334 tv:0.000000 90: BCC
lcpuC PC:C561 (24 D0 50) A:06 X:07 Y:F1 P:06 S:F5 mem:002AF2AA 13:11331 tv:0.000006 24: BIT zp
lcpuC PC:C563 (50 AC 20) A:06 X:07 Y:F1 P:06 S:F5 mem:002AF2AA 13:11328 tv:0.000000 50: BVC
lcpuC PC:C511 (60 9D 24) A:06 X:07 Y:F1 P:06 S:F5 mem:002AF2AA 13:11325 tv:0.000000 60: RTS
lcpuC PC:E0C8 (A9 08 2C) A:06 X:07 Y:F1 P:06 S:F7 mem:002AF2AA 13:11319 tv:0.000000 A9: LDA imm
lcpuC PC:E0CA (2C 7C 02) A:08 X:07 Y:F1 P:04 S:F7 mem:002AF2AA 13:11317 tv:0.000001 2C: BIT abs
lcpuC PC:E0CD (D0 02 90) A:08 X:07 Y:F1 P:06 S:F7 mem:002AF2AA 13:11313 tv:0.000001 D0: BNE
lcpuC PC:E0CF (90 05 68) A:08 X:07 Y:F1 P:06 S:F7 mem:002AF2AA 13:11311 tv:0.000001 90: BCC
lcpuC PC:E0D6 (AD 7C 02) A:08 X:07 Y:F1 P:06 S:F7 mem:002AF2AA 13:11308 tv:0.000001 AD: LDA abs
lcpuC PC:E0D9 (6A 90 1B) A:00 X:07 Y:F1 P:06 S:F7 mem:002AF2AA 13:11304 tv:0.000000 6A: ROR A
lcpuC PC:E0DA (90 1B A4) A:00 X:07 Y:F1 P:06 S:F7 mem:002AF2AA 13:11302 tv:0.000001 90: BCC
lcpuC PC:E0F7 (A9 10 2C) A:00 X:07 Y:F1 P:06 S:F7 mem:002AF2AA 13:11299 tv:0.000001 A9: LDA imm
lcpuC PC:E0F9 (2C 7C 02) A:10 X:07 Y:F1 P:04 S:F7 mem:002AF2AA 13:11297 tv:0.000001 2C: BIT abs
lcpuC PC:E0FC (D0 0F AC) A:10 X:07 Y:F1 P:06 S:F7 mem:002AF2AA 13:11293 tv:0.000001 D0: BNE
lcpuC PC:E0FE (AC 57 02) A:10 X:07 Y:F1 P:06 S:F7 mem:002AF2AA 13:11291 tv:0.000000 AC: LDY abs
lcpuC PC:E101 (F0 0A 68) A:10 X:07 Y:00 P:06 S:F7 mem:002AF2AA 13:11287 tv:0.000000 F0: BEQ
lcpuC PC:E10D (68 68 A8) A:10 X:07 Y:00 P:06 S:F7 mem:002AF2AA 13:11284 tv:0.000001 68: PLA
lcpuC PC:E10E (68 A8 68) A:07 X:07 Y:00 P:04 S:F8 mem:002AF2AA 13:11280 tv:0.000001 68: PLA
lcpuC PC:E10F (A8 68 AA) A:1A X:07 Y:00 P:04 S:F9 mem:002AF2AA 13:11276 tv:0.000001 A8: TAY
lcpuC PC:E110 (68 AA 68) A:1A X:07 Y:1A P:04 S:F9 mem:002AF2AA 13:11274 tv:0.000001 68: PLA
lcpuC PC:E111 (AA 68 60) A:4B X:07 Y:1A P:04 S:FA mem:002AF2AA 13:11270 tv:0.000001 AA: TAX
lcpuC PC:E112 (68 60 2C) A:4B X:4B Y:1A P:04 S:FA mem:002AF2AA 13:11268 tv:0.000000 68: PLA
lcpuC PC:E113 (60 2C 7C) A:07 X:4B Y:1A P:04 S:FB mem:002AF2AA 13:11264 tv:0.000001 60: RTS
lcpuC PC:DEB7 (AA D0 F7) A:07 X:4B Y:1A P:04 S:FD mem:002AF2AA 13:11258 tv:0.000000 AA: TAX
lcpuC PC:DEB8 (D0 F7 60) A:07 X:07 Y:1A P:04 S:FD mem:002AF2AA 13:11256 tv:0.000000 D0: BNE
lcpuC PC:DEB1 (C8 B1 FD) A:07 X:07 Y:1A P:04 S:FD mem:002AF2AA 13:11253 tv:0.000001 C8: INY
lcpuC PC:DEB2 (B1 FD 20) A:07 X:07 Y:1B P:04 S:FD mem:002AF2AA 13:11251 tv:0.000000 B1: LDA (),y
lcpuC PC:DEB4 (20 E3 FF) A:00 X:07 Y:1B P:06 S:FD mem:002AF2AA 13:11246 tv:0.000001 20: JSR
lcpuC PC:FFE3 (C9 0D D0) A:00 X:07 Y:1B P:06 S:FB mem:002AF2AA 13:11240 tv:0.000001 C9: CMP imm
readmem_ex! addr=FFE4 val=0D
lcpuC PC:FFE5 (D0 07 A9) A:00 X:07 Y:1B P:84 S:FB mem:002AF2AA 13:11238 tv:0.000003 D0: BNE
readmem_ex! addr=FFE6 val=07
lcpuC PC:FFEE (6C 0E 02) A:00 X:07 Y:1B P:84 S:FB mem:002AF2AA 13:11235 tv:0.000003 6C: JMP ()
readmem_ex! addr=FFEF val=0E
readmem_ex! addr=FFF0 val=02
lcpuC PC:E0A4 (48 8A 48) A:00 X:07 Y:1B P:84 S:FB mem:002AF2AA 13:11230 tv:0.000007 48: PHA
lcpuC PC:E0A5 (8A 48 98) A:00 X:07 Y:1B P:84 S:FA mem:002AF2A3 13:11227 tv:0.000000 8A: TXA
lcpuC PC:E0A6 (48 98 48) A:07 X:07 Y:1B P:04 S:FA mem:002AF2A3 13:11225 tv:0.000001 48: PHA
lcpuC PC:E0A7 (98 48 BA) A:07 X:07 Y:1B P:04 S:F9 mem:002AF25F 13:11222 tv:0.000001 98: TYA
lcpuC PC:E0A8 (48 BA BD) A:1B X:07 Y:1B P:04 S:F9 mem:002AF25F 13:11220 tv:0.000000 48: PHA
lcpuC PC:E0A9 (BA BD 03) A:1B X:07 Y:1B P:04 S:F8 mem:002AF260 13:11217 tv:0.000000 BA: TSX
lcpuC PC:E0AA (BD 03 01) A:1B X:F8 Y:1B P:84 S:F8 mem:002AF260 13:11215 tv:0.000001 BD: LDA abs,x
lcpuC PC:E0AD (48 2C 60) A:00 X:F8 Y:1B P:06 S:F8 mem:002AF260 13:11211 tv:0.000000 48: PHA
lcpuC PC:E0AE (2C 60 02) A:00 X:F8 Y:1B P:06 S:F7 mem:002AF259 13:11208 tv:0.000000 2C: BIT abs
lcpuC PC:E0B1 (10 08 A8) A:00 X:F8 Y:1B P:06 S:F7 mem:002AF259 13:11204 tv:0.000001 10: BPL
lcpuC PC:E0BB (18 A9 02) A:00 X:F8 Y:1B P:06 S:F7 mem:002AF259 13:11201 tv:0.000000 18: CLC
lcpuC PC:E0BC (A9 02 2C) A:00 X:F8 Y:1B P:06 S:F7 mem:002AF259 13:11199 tv:0.000000 A9: LDA imm
lcpuC PC:E0BE (2C 7C 02) A:02 X:F8 Y:1B P:04 S:F7 mem:002AF259 13:11197 tv:0.000001 2C: BIT abs
lcpuC PC:E0C1 (D0 05 68) A:02 X:F8 Y:1B P:06 S:F7 mem:002AF259 13:11193 tv:0.000001 D0: BNE
lcpuC PC:E0C3 (68 48 20) A:02 X:F8 Y:1B P:06 S:F7 mem:002AF259 13:11191 tv:0.000001 68: PLA
lcpuC PC:E0C4 (48 20 C0) A:00 X:F8 Y:1B P:06 S:F8 mem:002AF259 13:11187 tv:0.000000 48: PHA
lcpuC PC:E0C5 (20 C0 C4) A:00 X:F8 Y:1B P:06 S:F7 mem:002AF259 13:11184 tv:0.000001 20: JSR
lcpuC PC:C4C0 (AE 6A 02) A:00 X:F8 Y:1B P:06 S:F5 mem:002AF259 13:11178 tv:0.000001 AE: LDX abs
lcpuC PC:C4C3 (D0 4D 24) A:00 X:00 Y:1B P:06 S:F5 mem:002AF259 13:11174 tv:0.000001 D0: BNE
lcpuC PC:C4C5 (24 D0 50) A:00 X:00 Y:1B P:06 S:F5 mem:002AF259 13:11172 tv:0.000000 24: BIT zp
lcpuC PC:C4C7 (50 0F 20) A:00 X:00 Y:1B P:06 S:F5 mem:002AF259 13:11169 tv:0.000000 50: BVC
lcpuC PC:C4D8 (C9 7F F0) A:00 X:00 Y:1B P:06 S:F5 mem:002AF259 13:11166 tv:0.000001 C9: CMP imm
lcpuC PC:C4DA (F0 11 C9) A:00 X:00 Y:1B P:84 S:F5 mem:002AF259 13:11164 tv:0.000001 F0: BEQ
lcpuC PC:C4DC (C9 20 90) A:00 X:00 Y:1B P:84 S:F5 mem:002AF259 13:11162 tv:0.000001 C9: CMP imm
lcpuC PC:C4DE (90 0F 24) A:00 X:00 Y:1B P:84 S:F5 mem:002AF259 13:11160 tv:0.000001 90: BCC
lcpuC PC:C4EF (A8 B9 33) A:00 X:00 Y:1B P:84 S:F5 mem:002AF259 13:11157 tv:0.000000 A8: TAY
lcpuC PC:C4F0 (B9 33 C3) A:00 X:00 Y:00 P:06 S:F5 mem:002AF259 13:11155 tv:0.000001 B9: LDA abs,y
lcpuC PC:C4F3 (8D 5D 03) A:11 X:00 Y:00 P:04 S:F5 mem:002AF259 13:11151 tv:0.000000 8D: STA abs
lcpuC PC:C4F6 (B9 54 C3) A:11 X:00 Y:00 P:04 S:F5 mem:002AF1FB 13:11147 tv:0.000000 B9: LDA abs,y
lcpuC PC:C4F9 (30 4A AA) A:C5 X:00 Y:00 P:84 S:F5 mem:002AF1FB 13:11143 tv:0.000001 30: BMI
lcpuC PC:C545 (8D 5E 03) A:C5 X:00 Y:00 P:84 S:F5 mem:002AF1FB 13:11140 tv:0.000000 8D: STA abs
lcpuC PC:C548 (98 C9 08) A:C5 X:00 Y:00 P:84 S:F5 mem:002AF1D8 13:11136 tv:0.000001 98: TYA
lcpuC PC:C549 (C9 08 90) A:00 X:00 Y:00 P:06 S:F5 mem:002AF1D8 13:11134 tv:0.000000 C9: CMP imm
lcpuC PC:C54B (90 06 49) A:00 X:00 Y:00 P:84 S:F5 mem:002AF1D8 13:11132 tv:0.000000 90: BCC
lcpuC PC:C553 (24 D0 30) A:00 X:00 Y:00 P:84 S:F5 mem:002AF1D8 13:11129 tv:0.000001 24: BIT zp
lcpuC PC:C555 (30 29 08) A:00 X:00 Y:00 P:06 S:F5 mem:002AF1D8 13:11126 tv:0.000001 30: BMI
lcpuC PC:C557 (08 20 F5) A:00 X:00 Y:00 P:06 S:F5 mem:002AF1D8 13:11124 tv:0.000000 08: PHP
lcpuC PC:C558 (20 F5 CC) A:00 X:00 Y:00 P:06 S:F4 mem:002AF1D8 13:11121 tv:0.000001 20: JSR
lcpuC PC:CCF5 (6C 5D 03) A:00 X:00 Y:00 P:06 S:F2 mem:002AF1D8 13:11115 tv:0.000001 6C: JMP ()
lcpuC PC:C511 (60 9D 24) A:00 X:00 Y:00 P:06 S:F2 mem:002AF1D8 13:11110 tv:0.000000 60: RTS
lcpuC PC:C55B (28 90 03) A:00 X:00 Y:00 P:06 S:F4 mem:002AF1D8 13:11104 tv:0.000001 28: PLP
lcpuC PC:C55C (90 03 A5) A:00 X:00 Y:00 P:06 S:F5 mem:002AF1D8 13:11100 tv:0.000000 90: BCC
lcpuC PC:C561 (24 D0 50) A:00 X:00 Y:00 P:06 S:F5 mem:002AF1D8 13:11097 tv:0.000000 24: BIT zp
lcpuC PC:C563 (50 AC 20) A:00 X:00 Y:00 P:06 S:F5 mem:002AF1D8 13:11094 tv:0.000001 50: BVC
lcpuC PC:C511 (60 9D 24) A:00 X:00 Y:00 P:06 S:F5 mem:002AF1D8 13:11091 tv:0.000000 60: RTS
lcpuC PC:E0C8 (A9 08 2C) A:00 X:00 Y:00 P:06 S:F7 mem:002AF1D8 13:11085 tv:0.000001 A9: LDA imm
lcpuC PC:E0CA (2C 7C 02) A:08 X:00 Y:00 P:04 S:F7 mem:002AF1D8 13:11083 tv:0.000000 2C: BIT abs
lcpuC PC:E0CD (D0 02 90) A:08 X:00 Y:00 P:06 S:F7 mem:002AF1D8 13:11079 tv:0.000000 D0: BNE
lcpuC PC:E0CF (90 05 68) A:08 X:00 Y:00 P:06 S:F7 mem:002AF1D8 13:11077 tv:0.000007 90: BCC
lcpuC PC:E0D6 (AD 7C 02) A:08 X:00 Y:00 P:06 S:F7 mem:002AF1D8 13:11074 tv:0.000001 AD: LDA abs
lcpuC PC:E0D9 (6A 90 1B) A:00 X:00 Y:00 P:06 S:F7 mem:002AF1D8 13:11070 tv:0.000000 6A: ROR A
lcpuC PC:E0DA (90 1B A4) A:00 X:00 Y:00 P:06 S:F7 mem:002AF1D8 13:11068 tv:0.000001 90: BCC
lcpuC PC:E0F7 (A9 10 2C) A:00 X:00 Y:00 P:06 S:F7 mem:002AF1D8 13:11065 tv:0.000001 A9: LDA imm
lcpuC PC:E0F9 (2C 7C 02) A:10 X:00 Y:00 P:04 S:F7 mem:002AF1D8 13:11063 tv:0.000001 2C: BIT abs
lcpuC PC:E0FC (D0 0F AC) A:10 X:00 Y:00 P:06 S:F7 mem:002AF1D8 13:11059 tv:0.000000 D0: BNE
lcpuC PC:E0FE (AC 57 02) A:10 X:00 Y:00 P:06 S:F7 mem:002AF1D8 13:11057 tv:0.000000 AC: LDY abs
lcpuC PC:E101 (F0 0A 68) A:10 X:00 Y:00 P:06 S:F7 mem:002AF1D8 13:11053 tv:0.000001 F0: BEQ
lcpuC PC:E10D (68 68 A8) A:10 X:00 Y:00 P:06 S:F7 mem:002AF1D8 13:11050 tv:0.000001 68: PLA
lcpuC PC:E10E (68 A8 68) A:00 X:00 Y:00 P:06 S:F8 mem:002AF1D8 13:11046 tv:0.000001 68: PLA
lcpuC PC:E10F (A8 68 AA) A:1B X:00 Y:00 P:04 S:F9 mem:002AF1D8 13:11042 tv:0.000001 A8: TAY
lcpuC PC:E110 (68 AA 68) A:1B X:00 Y:1B P:04 S:F9 mem:002AF1D8 13:11040 tv:0.000000 68: PLA
lcpuC PC:E111 (AA 68 60) A:07 X:00 Y:1B P:04 S:FA mem:002AF1D8 13:11036 tv:0.000001 AA: TAX
lcpuC PC:E112 (68 60 2C) A:07 X:07 Y:1B P:04 S:FA mem:002AF1D8 13:11034 tv:0.000001 68: PLA
lcpuC PC:E113 (60 2C 7C) A:00 X:07 Y:1B P:06 S:FB mem:002AF1D8 13:11030 tv:0.000001 60: RTS
lcpuC PC:DEB7 (AA D0 F7) A:00 X:07 Y:1B P:06 S:FD mem:002AF1D8 13:11024 tv:0.000001 AA: TAX
lcpuC PC:DEB8 (D0 F7 60) A:00 X:00 Y:1B P:06 S:FD mem:002AF1D8 13:11022 tv:0.000001 D0: BNE
lcpuC PC:DEBA (60 8E B1) A:00 X:00 Y:1B P:06 S:FD mem:002AF1D8 13:11020 tv:0.000000 60: RTS
lcpuC PC:DB82 (A0 1B 20) A:00 X:00 Y:1B P:06 S:FF mem:002AF1D8 13:11014 tv:0.000000 A0: LDY imm
lcpuC PC:DB84 (20 A9 DE) A:00 X:00 Y:1B P:04 S:FF mem:002AF1D8 13:11012 tv:0.000001 20: JSR
lcpuC PC:DEA9 (A9 C3 85) A:00 X:00 Y:1B P:04 S:FD mem:002AF1DD 13:11006 tv:0.000000 A9: LDA imm
lcpuC PC:DEAB (85 FE A9) A:C3 X:00 Y:1B P:84 S:FD mem:002AF1DD 13:11004 tv:0.000000 85: STA zp
lcpuC PC:DEAD (A9 00 85) A:C3 X:00 Y:1B P:84 S:FD mem:002AF1DD 13:11001 tv:0.000000 A9: LDA imm
lcpuC PC:DEAF (85 FD C8) A:00 X:00 Y:1B P:06 S:FD mem:002AF1DD 13:10999 tv:0.000000 85: STA zp
lcpuC PC:DEB1 (C8 B1 FD) A:00 X:00 Y:1B P:06 S:FD mem:002AF1DD 13:10996 tv:0.000001 C8: INY
lcpuC PC:DEB2 (B1 FD 20) A:00 X:00 Y:1C P:04 S:FD mem:002AF1DD 13:10994 tv:0.000001 B1: LDA (),y
lcpuC PC:DEB4 (20 E3 FF) A:08 X:00 Y:1C P:04 S:FD mem:002AF1DD 13:10989 tv:0.000000 20: JSR
lcpuC PC:FFE3 (C9 0D D0) A:08 X:00 Y:1C P:04 S:FB mem:002AF1DD 13:10983 tv:0.000000 C9: CMP imm
readmem_ex! addr=FFE4 val=0D
lcpuC PC:FFE5 (D0 07 A9) A:08 X:00 Y:1C P:84 S:FB mem:002AF1DD 13:10981 tv:0.000003 D0: BNE
readmem_ex! addr=FFE6 val=07
lcpuC PC:FFEE (6C 0E 02) A:08 X:00 Y:1C P:84 S:FB mem:002AF1DD 13:10978 tv:0.000003 6C: JMP ()
readmem_ex! addr=FFEF val=0E
readmem_ex! addr=FFF0 val=02
lcpuC PC:E0A4 (48 8A 48) A:08 X:00 Y:1C P:84 S:FB mem:002AF1DD 13:10973 tv:0.000006 48: PHA
lcpuC PC:E0A5 (8A 48 98) A:08 X:00 Y:1C P:84 S:FA mem:002AF1E5 13:10970 tv:0.000000 8A: TXA
lcpuC PC:E0A6 (48 98 48) A:00 X:00 Y:1C P:06 S:FA mem:002AF1E5 13:10968 tv:0.000001 48: PHA
lcpuC PC:E0A7 (98 48 BA) A:00 X:00 Y:1C P:06 S:F9 mem:002AF1DE 13:10965 tv:0.000001 98: TYA
lcpuC PC:E0A8 (48 BA BD) A:1C X:00 Y:1C P:04 S:F9 mem:002AF1DE 13:10963 tv:0.000001 48: PHA
lcpuC PC:E0A9 (BA BD 03) A:1C X:00 Y:1C P:04 S:F8 mem:002AF1DF 13:10960 tv:0.000000 BA: TSX
lcpuC PC:E0AA (BD 03 01) A:1C X:F8 Y:1C P:84 S:F8 mem:002AF1DF 13:10958 tv:0.000001 BD: LDA abs,x
lcpuC PC:E0AD (48 2C 60) A:08 X:F8 Y:1C P:04 S:F8 mem:002AF1DF 13:10954 tv:0.000000 48: PHA
lcpuC PC:E0AE (2C 60 02) A:08 X:F8 Y:1C P:04 S:F7 mem:002AF1E7 13:10951 tv:0.000001 2C: BIT abs
lcpuC PC:E0B1 (10 08 A8) A:08 X:F8 Y:1C P:06 S:F7 mem:002AF1E7 13:10947 tv:0.000001 10: BPL
lcpuC PC:E0BB (18 A9 02) A:08 X:F8 Y:1C P:06 S:F7 mem:002AF1E7 13:10944 tv:0.000000 18: CLC
lcpuC PC:E0BC (A9 02 2C) A:08 X:F8 Y:1C P:06 S:F7 mem:002AF1E7 13:10942 tv:0.000001 A9: LDA imm
lcpuC PC:E0BE (2C 7C 02) A:02 X:F8 Y:1C P:04 S:F7 mem:002AF1E7 13:10940 tv:0.000001 2C: BIT abs
lcpuC PC:E0C1 (D0 05 68) A:02 X:F8 Y:1C P:06 S:F7 mem:002AF1E7 13:10936 tv:0.000001 D0: BNE
lcpuC PC:E0C3 (68 48 20) A:02 X:F8 Y:1C P:06 S:F7 mem:002AF1E7 13:10934 tv:0.000001 68: PLA
lcpuC PC:E0C4 (48 20 C0) A:08 X:F8 Y:1C P:04 S:F8 mem:002AF1E7 13:10930 tv:0.000001 48: PHA
lcpuC PC:E0C5 (20 C0 C4) A:08 X:F8 Y:1C P:04 S:F7 mem:002AF1E7 13:10927 tv:0.000000 20: JSR
lcpuC PC:C4C0 (AE 6A 02) A:08 X:F8 Y:1C P:04 S:F5 mem:002AF1E7 13:10921 tv:0.000001 AE: LDX abs
lcpuC PC:C4C3 (D0 4D 24) A:08 X:00 Y:1C P:06 S:F5 mem:002AF1E7 13:10917 tv:0.000001 D0: BNE
lcpuC PC:C4C5 (24 D0 50) A:08 X:00 Y:1C P:06 S:F5 mem:002AF1E7 13:10915 tv:0.000000 24: BIT zp
lcpuC PC:C4C7 (50 0F 20) A:08 X:00 Y:1C P:06 S:F5 mem:002AF1E7 13:10912 tv:0.000001 50: BVC
lcpuC PC:C4D8 (C9 7F F0) A:08 X:00 Y:1C P:06 S:F5 mem:002AF1E7 13:10909 tv:0.000001 C9: CMP imm
lcpuC PC:C4DA (F0 11 C9) A:08 X:00 Y:1C P:84 S:F5 mem:002AF1E7 13:10907 tv:0.000000 F0: BEQ
lcpuC PC:C4DC (C9 20 90) A:08 X:00 Y:1C P:84 S:F5 mem:002AF1E7 13:10905 tv:0.000001 C9: CMP imm
lcpuC PC:C4DE (90 0F 24) A:08 X:00 Y:1C P:84 S:F5 mem:002AF1E7 13:10903 tv:0.000000 90: BCC
lcpuC PC:C4EF (A8 B9 33) A:08 X:00 Y:1C P:84 S:F5 mem:002AF1E7 13:10900 tv:0.000001 A8: TAY
lcpuC PC:C4F0 (B9 33 C3) A:08 X:00 Y:08 P:04 S:F5 mem:002AF1E7 13:10898 tv:0.000000 B9: LDA abs,y
lcpuC PC:C4F3 (8D 5D 03) A:C5 X:00 Y:08 P:84 S:F5 mem:002AF1E7 13:10894 tv:0.000001 8D: STA abs
lcpuC PC:C4F6 (B9 54 C3) A:C5 X:00 Y:08 P:84 S:F5 mem:002AF29B 13:10890 tv:0.000001 B9: LDA abs,y
lcpuC PC:C4F9 (30 4A AA) A:C5 X:00 Y:08 P:84 S:F5 mem:002AF29B 13:10886 tv:0.000000 30: BMI
lcpuC PC:C545 (8D 5E 03) A:C5 X:00 Y:08 P:84 S:F5 mem:002AF29B 13:10883 tv:0.000001 8D: STA abs
lcpuC PC:C548 (98 C9 08) A:C5 X:00 Y:08 P:84 S:F5 mem:002AF29B 13:10879 tv:0.000000 98: TYA
lcpuC PC:C549 (C9 08 90) A:08 X:00 Y:08 P:04 S:F5 mem:002AF29B 13:10877 tv:0.000000 C9: CMP imm
lcpuC PC:C54B (90 06 49) A:08 X:00 Y:08 P:07 S:F5 mem:002AF29B 13:10875 tv:0.000000 90: BCC
lcpuC PC:C54D (49 FF C9) A:08 X:00 Y:08 P:07 S:F5 mem:002AF29B 13:10873 tv:0.000000 49: EOR imm
lcpuC PC:C54F (C9 F2 49) A:F7 X:00 Y:08 P:85 S:F5 mem:002AF29B 13:10871 tv:0.000000 C9: CMP imm
lcpuC PC:C551 (49 FF 24) A:F7 X:00 Y:08 P:05 S:F5 mem:002AF29B 13:10869 tv:0.000000 49: EOR imm
lcpuC PC:C553 (24 D0 30) A:08 X:00 Y:08 P:05 S:F5 mem:002AF29B 13:10867 tv:0.000000 24: BIT zp
lcpuC PC:C555 (30 29 08) A:08 X:00 Y:08 P:07 S:F5 mem:002AF29B 13:10864 tv:0.000000 30: BMI
lcpuC PC:C557 (08 20 F5) A:08 X:00 Y:08 P:07 S:F5 mem:002AF29B 13:10862 tv:0.000001 08: PHP
lcpuC PC:C558 (20 F5 CC) A:08 X:00 Y:08 P:07 S:F4 mem:002AF29C 13:10859 tv:0.000000 20: JSR
lcpuC PC:CCF5 (6C 5D 03) A:08 X:00 Y:08 P:07 S:F2 mem:002AF29C 13:10853 tv:0.000001 6C: JMP ()
lcpuC PC:C5C5 (20 88 C5) A:08 X:00 Y:08 P:07 S:F2 mem:002AF29C 13:10848 tv:0.000001 20: JSR
lcpuC PC:C588 (A5 D0 29) A:08 X:00 Y:08 P:07 S:F0 mem:002AF30A 13:10842 tv:0.000001 A5: LDA zp
lcpuC PC:C58A (29 20 60) A:00 X:00 Y:08 P:07 S:F0 mem:002AF30A 13:10839 tv:0.000000 29: AND
lcpuC PC:C58C (60 A0 00) A:00 X:00 Y:08 P:07 S:F0 mem:002AF30A 13:10836 tv:0.000000 60: RTS
lcpuC PC:C5C8 (D0 55 CE) A:00 X:00 Y:08 P:07 S:F2 mem:002AF30A 13:10830 tv:0.000001 D0: BNE
lcpuC PC:C5CA (CE 18 03) A:00 X:00 Y:08 P:07 S:F2 mem:002AF30A 13:10828 tv:0.000001 CE: DEC abs
lcpuC PC:C5CD (AE 18 03) A:00 X:00 Y:08 P:05 S:F2 mem:002AF309 13:10822 tv:0.000001 AE: LDX abs
lcpuC PC:C5D0 (EC 08 03) A:00 X:0F Y:08 P:05 S:F2 mem:002AF309 13:10818 tv:0.000005 EC: CPX abs
lcpuC PC:C5D3 (30 19 AD) A:00 X:0F Y:08 P:05 S:F2 mem:002AF309 13:10814 tv:0.000001 30: BMI
lcpuC PC:C5D5 (AD 4A 03) A:00 X:0F Y:08 P:05 S:F2 mem:002AF309 13:10812 tv:0.000001 AD: LDA abs
lcpuC PC:C5D8 (38 ED 4F) A:38 X:0F Y:08 P:05 S:F2 mem:002AF309 13:10808 tv:0.000000 38: SEC
lcpuC PC:C5D9 (ED 4F 03) A:38 X:0F Y:08 P:05 S:F2 mem:002AF309 13:10806 tv:0.000001 ED: SBC abs
lcpuC PC:C5DC (AA AD 4B) A:37 X:0F Y:08 P:05 S:F2 mem:002AF309 13:10802 tv:0.000001 AA: TAX
lcpuC PC:C5DD (AD 4B 03) A:37 X:37 Y:08 P:05 S:F2 mem:002AF309 13:10800 tv:0.000001 AD: LDA abs
lcpuC PC:C5E0 (E9 00 CD) A:7C X:37 Y:08 P:05 S:F2 mem:002AF309 13:10796 tv:0.000000 E9: SBC imm
lcpuC PC:C5E2 (CD 4E 03) A:7C X:37 Y:08 P:05 S:F2 mem:002AF309 13:10794 tv:0.000000 CD: CMP abs
lcpuC PC:C5E5 (B0 03 6D) A:7C X:37 Y:08 P:07 S:F2 mem:002AF309 13:10790 tv:0.000001 B0: BCS
lcpuC PC:C5EA (A8 4C F6) A:7C X:37 Y:08 P:07 S:F2 mem:002AF309 13:10787 tv:0.000000 A8: TAY
lcpuC PC:C5EB (4C F6 C9) A:7C X:37 Y:7C P:05 S:F2 mem:002AF309 13:10785 tv:0.000001 4C: JMP
lcpuC PC:C9F6 (8E 4A 03) A:7C X:37 Y:7C P:05 S:F2 mem:002AF309 13:10782 tv:0.000001 8E: STX abs
lcpuC PC:C9F9 (8D 4B 03) A:7C X:37 Y:7C P:05 S:F2 mem:002AF308 13:10778 tv:0.000000 8D: STA abs
lcpuC PC:C9FC (10 04 38) A:7C X:37 Y:7C P:05 S:F2 mem:002AF308 13:10774 tv:0.000000 10: BPL
lcpuC PC:CA02 (86 D8 85) A:7C X:37 Y:7C P:05 S:F2 mem:002AF308 13:10771 tv:0.000001 86: STX zp
lcpuC PC:CA04 (85 D9 AE) A:7C X:37 Y:7C P:05 S:F2 mem:002AF307 13:10768 tv:0.000000 85: STA zp
lcpuC PC:CA06 (AE 4A 03) A:7C X:37 Y:7C P:05 S:F2 mem:002AF307 13:10765 tv:0.000001 AE: LDX abs
lcpuC PC:CA09 (AD 4B 03) A:7C X:37 Y:7C P:05 S:F2 mem:002AF307 13:10761 tv:0.000000 AD: LDA abs
lcpuC PC:CA0C (A0 0E 48) A:7C X:37 Y:7C P:05 S:F2 mem:002AF307 13:10757 tv:0.000001 A0: LDY imm
lcpuC PC:CA0E (48 AD 55) A:7C X:37 Y:0E P:05 S:F2 mem:002AF307 13:10755 tv:0.000001 48: PHA
lcpuC PC:CA0F (AD 55 03) A:7C X:37 Y:0E P:05 S:F1 mem:002AF2BE 13:10752 tv:0.000000 AD: LDA abs
lcpuC PC:CA12 (C9 07 68) A:07 X:37 Y:0E P:05 S:F1 mem:002AF2BE 13:10748 tv:0.000000 C9: CMP imm
lcpuC PC:CA14 (68 B0 10) A:07 X:37 Y:0E P:07 S:F1 mem:002AF2BE 13:10746 tv:0.000000 68: PLA
lcpuC PC:CA15 (B0 10 86) A:7C X:37 Y:0E P:05 S:F2 mem:002AF2BE 13:10742 tv:0.000000 B0: BCS
lcpuC PC:CA27 (E9 74 49) A:7C X:37 Y:0E P:05 S:F2 mem:002AF2BE 13:10739 tv:0.000001 E9: SBC imm
lcpuC PC:CA29 (49 20 8C) A:08 X:37 Y:0E P:05 S:F2 mem:002AF2BE 13:10737 tv:0.000001 49: EOR imm
lcpuC PC:CA2B (8C 00 FE) A:28 X:37 Y:0E P:05 S:F2 mem:002AF2BE 13:10735 tv:0.000000 8C: STY abs
here! 0x00000e 0x00ca2e 0xe6fa3010 0xcdde0ebc tv:0.000000 (cycle 10735  pc ~CA2B
writemem_ex! addr=FE00 val=0E
lcpuC PC:CA2E (8D 01 FE) A:28 X:37 Y:0E P:05 S:F2 mem:002AF2BE 13:10731 tv:0.000006 8D: STA abs
here! 0x000028 0x00ca31 0xe6fa3010 0xcdde0ebc tv:0.000000 (cycle 10731  pc ~CA2E
writemem_ex! addr=FE01 val=28
lcpuC PC:CA31 (C8 8C 00) A:28 X:37 Y:0E P:05 S:F2 mem:002AF2BE 13:10727 tv:0.000007 C8: INY
lcpuC PC:CA32 (8C 00 FE) A:28 X:37 Y:0F P:05 S:F2 mem:002AF2BE 13:10725 tv:0.000002 8C: STY abs
here! 0x00000f 0x00ca35 0xe6fa3010 0xcdde0ebc tv:0.000000 (cycle 10725  pc ~CA32
writemem_ex! addr=FE00 val=0F
lcpuC PC:CA35 (8E 01 FE) A:28 X:37 Y:0F P:05 S:F2 mem:002AF2BE 13:10721 tv:0.000006 8E: STX abs
here! 0x000037 0x00ca38 0xe6fa3010 0xcdde0ebc tv:0.000000 (cycle 10721  pc ~CA35
writemem_ex! addr=FE01 val=37
lcpuC PC:CA38 (60 20 81) A:28 X:37 Y:0F P:05 S:F2 mem:002AF2BE 13:10717 tv:0.000006 60: RTS
lcpuC PC:C55B (28 90 03) A:28 X:37 Y:0F P:05 S:F4 mem:002AF2BE 13:10711 tv:0.000001 28: PLP
lcpuC PC:C55C (90 03 A5) A:28 X:37 Y:0F P:07 S:F5 mem:002AF2BE 13:10707 tv:0.000000 90: BCC
lcpuC PC:C55E (A5 D0 4A) A:28 X:37 Y:0F P:07 S:F5 mem:002AF2BE 13:10705 tv:0.000000 A5: LDA zp
lcpuC PC:C560 (4A 24 D0) A:00 X:37 Y:0F P:07 S:F5 mem:002AF2BE 13:10702 tv:0.000001 4A: LSR A
lcpuC PC:C561 (24 D0 50) A:00 X:37 Y:0F P:06 S:F5 mem:002AF2BE 13:10700 tv:0.000001 24: BIT zp
lcpuC PC:C563 (50 AC 20) A:00 X:37 Y:0F P:06 S:F5 mem:002AF2BE 13:10697 tv:0.000001 50: BVC
lcpuC PC:C511 (60 9D 24) A:00 X:37 Y:0F P:06 S:F5 mem:002AF2BE 13:10694 tv:0.000000 60: RTS
lcpuC PC:E0C8 (A9 08 2C) A:00 X:37 Y:0F P:06 S:F7 mem:002AF2BE 13:10688 tv:0.000000 A9: LDA imm
lcpuC PC:E0CA (2C 7C 02) A:08 X:37 Y:0F P:04 S:F7 mem:002AF2BE 13:10686 tv:0.000001 2C: BIT abs
lcpuC PC:E0CD (D0 02 90) A:08 X:37 Y:0F P:06 S:F7 mem:002AF2BE 13:10682 tv:0.000000 D0: BNE
lcpuC PC:E0CF (90 05 68) A:08 X:37 Y:0F P:06 S:F7 mem:002AF2BE 13:10680 tv:0.000000 90: BCC
lcpuC PC:E0D6 (AD 7C 02) A:08 X:37 Y:0F P:06 S:F7 mem:002AF2BE 13:10677 tv:0.000000 AD: LDA abs
lcpuC PC:E0D9 (6A 90 1B) A:00 X:37 Y:0F P:06 S:F7 mem:002AF2BE 13:10673 tv:0.000000 6A: ROR A
lcpuC PC:E0DA (90 1B A4) A:00 X:37 Y:0F P:06 S:F7 mem:002AF2BE 13:10671 tv:0.000001 90: BCC
lcpuC PC:E0F7 (A9 10 2C) A:00 X:37 Y:0F P:06 S:F7 mem:002AF2BE 13:10668 tv:0.000001 A9: LDA imm
lcpuC PC:E0F9 (2C 7C 02) A:10 X:37 Y:0F P:04 S:F7 mem:002AF2BE 13:10666 tv:0.000000 2C: BIT abs
lcpuC PC:E0FC (D0 0F AC) A:10 X:37 Y:0F P:06 S:F7 mem:002AF2BE 13:10662 tv:0.000001 D0: BNE
lcpuC PC:E0FE (AC 57 02) A:10 X:37 Y:0F P:06 S:F7 mem:002AF2BE 13:10660 tv:0.000001 AC: LDY abs
lcpuC PC:E101 (F0 0A 68) A:10 X:37 Y:00 P:06 S:F7 mem:002AF2BE 13:10656 tv:0.000001 F0: BEQ
lcpuC PC:E10D (68 68 A8) A:10 X:37 Y:00 P:06 S:F7 mem:002AF2BE 13:10653 tv:0.000001 68: PLA
lcpuC PC:E10E (68 A8 68) A:08 X:37 Y:00 P:04 S:F8 mem:002AF2BE 13:10649 tv:0.000000 68: PLA
lcpuC PC:E10F (A8 68 AA) A:1C X:37 Y:00 P:04 S:F9 mem:002AF2BE 13:10645 tv:0.000001 A8: TAY
lcpuC PC:E110 (68 AA 68) A:1C X:37 Y:1C P:04 S:F9 mem:002AF2BE 13:10643 tv:0.000001 68: PLA
lcpuC PC:E111 (AA 68 60) A:00 X:37 Y:1C P:06 S:FA mem:002AF2BE 13:10639 tv:0.000001 AA: TAX
lcpuC PC:E112 (68 60 2C) A:00 X:00 Y:1C P:06 S:FA mem:002AF2BE 13:10637 tv:0.000001 68: PLA
lcpuC PC:E113 (60 2C 7C) A:08 X:00 Y:1C P:04 S:FB mem:002AF2BE 13:10633 tv:0.000001 60: RTS
lcpuC PC:DEB7 (AA D0 F7) A:08 X:00 Y:1C P:04 S:FD mem:002AF2BE 13:10627 tv:0.000000 AA: TAX
lcpuC PC:DEB8 (D0 F7 60) A:08 X:08 Y:1C P:04 S:FD mem:002AF2BE 13:10625 tv:0.000001 D0: BNE
lcpuC PC:DEB1 (C8 B1 FD) A:08 X:08 Y:1C P:04 S:FD mem:002AF2BE 13:10622 tv:0.000000 C8: INY
lcpuC PC:DEB2 (B1 FD 20) A:08 X:08 Y:1D P:04 S:FD mem:002AF2BE 13:10620 tv:0.000001 B1: LDA (),y
lcpuC PC:DEB4 (20 E3 FF) A:0D X:08 Y:1D P:04 S:FD mem:002AF2BE 13:10615 tv:0.000000 20: JSR
lcpuC PC:FFE3 (C9 0D D0) A:0D X:08 Y:1D P:04 S:FB mem:002AF2BE 13:10609 tv:0.000001 C9: CMP imm
readmem_ex! addr=FFE4 val=0D
lcpuC PC:FFE5 (D0 07 A9) A:0D X:08 Y:1D P:07 S:FB mem:002AF2BE 13:10607 tv:0.000003 D0: BNE
readmem_ex! addr=FFE6 val=07
lcpuC PC:FFE7 (A9 0A 20) A:0D X:08 Y:1D P:07 S:FB mem:002AF2BE 13:10605 tv:0.000004 A9: LDA imm
readmem_ex! addr=FFE8 val=0A
lcpuC PC:FFE9 (20 EE FF) A:0A X:08 Y:1D P:05 S:FB mem:002AF2BE 13:10603 tv:0.000003 20: JSR
readmem_ex! addr=FFEA val=EE
readmem_ex! addr=FFEB val=FF
lcpuC PC:FFEE (6C 0E 02) A:0A X:08 Y:1D P:05 S:F9 mem:002AF4A0 13:10597 tv:0.000006 6C: JMP ()
readmem_ex! addr=FFEF val=0E
readmem_ex! addr=FFF0 val=02
lcpuC PC:E0A4 (48 8A 48) A:0A X:08 Y:1D P:05 S:F9 mem:002AF4A0 13:10592 tv:0.000006 48: PHA
lcpuC PC:E0A5 (8A 48 98) A:0A X:08 Y:1D P:05 S:F8 mem:002AF48E 13:10589 tv:0.000000 8A: TXA
lcpuC PC:E0A6 (48 98 48) A:08 X:08 Y:1D P:05 S:F8 mem:002AF48E 13:10587 tv:0.000001 48: PHA
lcpuC PC:E0A7 (98 48 BA) A:08 X:08 Y:1D P:05 S:F7 mem:002AF48E 13:10584 tv:0.000000 98: TYA
lcpuC PC:E0A8 (48 BA BD) A:1D X:08 Y:1D P:05 S:F7 mem:002AF48E 13:10582 tv:0.000000 48: PHA
lcpuC PC:E0A9 (BA BD 03) A:1D X:08 Y:1D P:05 S:F6 mem:002AF3CB 13:10579 tv:0.000000 BA: TSX
lcpuC PC:E0AA (BD 03 01) A:1D X:F6 Y:1D P:85 S:F6 mem:002AF3CB 13:10577 tv:0.000001 BD: LDA abs,x
lcpuC PC:E0AD (48 2C 60) A:0A X:F6 Y:1D P:05 S:F6 mem:002AF3CB 13:10573 tv:0.000000 48: PHA
lcpuC PC:E0AE (2C 60 02) A:0A X:F6 Y:1D P:05 S:F5 mem:002AF30E 13:10570 tv:0.000000 2C: BIT abs
lcpuC PC:E0B1 (10 08 A8) A:0A X:F6 Y:1D P:07 S:F5 mem:002AF30E 13:10566 tv:0.000001 10: BPL
lcpuC PC:E0BB (18 A9 02) A:0A X:F6 Y:1D P:07 S:F5 mem:002AF30E 13:10563 tv:0.000007 18: CLC
lcpuC PC:E0BC (A9 02 2C) A:0A X:F6 Y:1D P:06 S:F5 mem:002AF30E 13:10561 tv:0.000001 A9: LDA imm
lcpuC PC:E0BE (2C 7C 02) A:02 X:F6 Y:1D P:04 S:F5 mem:002AF30E 13:10559 tv:0.000001 2C: BIT abs
lcpuC PC:E0C1 (D0 05 68) A:02 X:F6 Y:1D P:06 S:F5 mem:002AF30E 13:10555 tv:0.000000 D0: BNE
lcpuC PC:E0C3 (68 48 20) A:02 X:F6 Y:1D P:06 S:F5 mem:002AF30E 13:10553 tv:0.000000 68: PLA
lcpuC PC:E0C4 (48 20 C0) A:0A X:F6 Y:1D P:04 S:F6 mem:002AF30E 13:10549 tv:0.000000 48: PHA
lcpuC PC:E0C5 (20 C0 C4) A:0A X:F6 Y:1D P:04 S:F5 mem:002AF30E 13:10546 tv:0.000000 20: JSR
lcpuC PC:C4C0 (AE 6A 02) A:0A X:F6 Y:1D P:04 S:F3 mem:002AF3B9 13:10540 tv:0.000000 AE: LDX abs
lcpuC PC:C4C3 (D0 4D 24) A:0A X:00 Y:1D P:06 S:F3 mem:002AF3B9 13:10536 tv:0.000000 D0: BNE
lcpuC PC:C4C5 (24 D0 50) A:0A X:00 Y:1D P:06 S:F3 mem:002AF3B9 13:10534 tv:0.000000 24: BIT zp
lcpuC PC:C4C7 (50 0F 20) A:0A X:00 Y:1D P:06 S:F3 mem:002AF3B9 13:10531 tv:0.000001 50: BVC
lcpuC PC:C4D8 (C9 7F F0) A:0A X:00 Y:1D P:06 S:F3 mem:002AF3B9 13:10528 tv:0.000000 C9: CMP imm
lcpuC PC:C4DA (F0 11 C9) A:0A X:00 Y:1D P:84 S:F3 mem:002AF3B9 13:10526 tv:0.000001 F0: BEQ
lcpuC PC:C4DC (C9 20 90) A:0A X:00 Y:1D P:84 S:F3 mem:002AF3B9 13:10524 tv:0.000000 C9: CMP imm
lcpuC PC:C4DE (90 0F 24) A:0A X:00 Y:1D P:84 S:F3 mem:002AF3B9 13:10522 tv:0.000001 90: BCC
lcpuC PC:C4EF (A8 B9 33) A:0A X:00 Y:1D P:84 S:F3 mem:002AF3B9 13:10519 tv:0.000001 A8: TAY
lcpuC PC:C4F0 (B9 33 C3) A:0A X:00 Y:0A P:04 S:F3 mem:002AF3B9 13:10517 tv:0.000000 B9: LDA abs,y
lcpuC PC:C4F3 (8D 5D 03) A:F0 X:00 Y:0A P:84 S:F3 mem:002AF3B9 13:10513 tv:0.000001 8D: STA abs
lcpuC PC:C4F6 (B9 54 C3) A:F0 X:00 Y:0A P:84 S:F3 mem:002AF3E4 13:10509 tv:0.000001 B9: LDA abs,y
lcpuC PC:C4F9 (30 4A AA) A:C6 X:00 Y:0A P:84 S:F3 mem:002AF3E4 13:10505 tv:0.000001 30: BMI
lcpuC PC:C545 (8D 5E 03) A:C6 X:00 Y:0A P:84 S:F3 mem:002AF3E4 13:10502 tv:0.000000 8D: STA abs
lcpuC PC:C548 (98 C9 08) A:C6 X:00 Y:0A P:84 S:F3 mem:002AF3E5 13:10498 tv:0.000001 98: TYA
lcpuC PC:C549 (C9 08 90) A:0A X:00 Y:0A P:04 S:F3 mem:002AF3E5 13:10496 tv:0.000001 C9: CMP imm
lcpuC PC:C54B (90 06 49) A:0A X:00 Y:0A P:05 S:F3 mem:002AF3E5 13:10494 tv:0.000001 90: BCC
lcpuC PC:C54D (49 FF C9) A:0A X:00 Y:0A P:05 S:F3 mem:002AF3E5 13:10492 tv:0.000001 49: EOR imm
lcpuC PC:C54F (C9 F2 49) A:F5 X:00 Y:0A P:85 S:F3 mem:002AF3E5 13:10490 tv:0.000000 C9: CMP imm
lcpuC PC:C551 (49 FF 24) A:F5 X:00 Y:0A P:05 S:F3 mem:002AF3E5 13:10488 tv:0.000000 49: EOR imm
lcpuC PC:C553 (24 D0 30) A:0A X:00 Y:0A P:05 S:F3 mem:002AF3E5 13:10486 tv:0.000001 24: BIT zp
lcpuC PC:C555 (30 29 08) A:0A X:00 Y:0A P:07 S:F3 mem:002AF3E5 13:10483 tv:0.000000 30: BMI
lcpuC PC:C557 (08 20 F5) A:0A X:00 Y:0A P:07 S:F3 mem:002AF3E5 13:10481 tv:0.000001 08: PHP
lcpuC PC:C558 (20 F5 CC) A:0A X:00 Y:0A P:07 S:F2 mem:002AF3C2 13:10478 tv:0.000001 20: JSR
lcpuC PC:CCF5 (6C 5D 03) A:0A X:00 Y:0A P:07 S:F0 mem:002AF39E 13:10472 tv:0.000001 6C: JMP ()
lcpuC PC:C6F0 (20 88 C5) A:0A X:00 Y:0A P:07 S:F0 mem:002AF39E 13:10467 tv:0.000001 20: JSR
lcpuC PC:C588 (A5 D0 29) A:0A X:00 Y:0A P:07 S:EE mem:002AF477 13:10461 tv:0.000001 A5: LDA zp
lcpuC PC:C58A (29 20 60) A:00 X:00 Y:0A P:07 S:EE mem:002AF477 13:10458 tv:0.000000 29: AND
lcpuC PC:C58C (60 A0 00) A:00 X:00 Y:0A P:07 S:EE mem:002AF477 13:10455 tv:0.000000 60: RTS
lcpuC PC:C6F3 (F0 95 A2) A:00 X:00 Y:0A P:07 S:F0 mem:002AF477 13:10449 tv:0.000000 F0: BEQ
lcpuC PC:C68A (18 20 E3) A:00 X:00 Y:0A P:07 S:F0 mem:002AF477 13:10446 tv:0.000000 18: CLC
lcpuC PC:C68B (20 E3 CA) A:00 X:00 Y:0A P:06 S:F0 mem:002AF477 13:10444 tv:0.000001 20: JSR
lcpuC PC:CAE3 (20 D9 E9) A:00 X:00 Y:0A P:06 S:EE mem:002AF412 13:10438 tv:0.000000 20: JSR
lcpuC PC:E9D9 (08 78 A9) A:00 X:00 Y:0A P:06 S:EC mem:002AF4D7 13:10432 tv:0.000000 08: PHP
lcpuC PC:E9DA (78 A9 40) A:00 X:00 Y:0A P:06 S:EB mem:002AF440 13:10429 tv:0.000001 78: SEI
lcpuC PC:E9DB (A9 40 20) A:00 X:00 Y:0A P:06 S:EB mem:002AF440 13:10427 tv:0.000000 A9: LDA imm
lcpuC PC:E9DD (20 EA E9) A:40 X:00 Y:0A P:04 S:EB mem:002AF440 13:10425 tv:0.000000 20: JSR
lcpuC PC:E9EA (90 09 A0) A:40 X:00 Y:0A P:04 S:E9 mem:002AF455 13:10419 tv:0.000001 90: BCC
lcpuC PC:E9F5 (24 FF 60) A:40 X:00 Y:0A P:04 S:E9 mem:002AF455 13:10416 tv:0.000000 24: BIT zp
lcpuC PC:E9F7 (60 08 78) A:40 X:00 Y:0A P:06 S:E9 mem:002AF455 13:10413 tv:0.000000 60: RTS
lcpuC PC:E9E0 (30 05 18) A:40 X:00 Y:0A P:06 S:EB mem:002AF455 13:10407 tv:0.000001 30: BMI
lcpuC PC:E9E2 (18 B8 20) A:40 X:00 Y:0A P:06 S:EB mem:002AF455 13:10405 tv:0.000001 18: CLC
lcpuC PC:E9E3 (B8 20 68) A:40 X:00 Y:0A P:06 S:EB mem:002AF455 13:10403 tv:0.000000 B8: CLV
lcpuC PC:E9E4 (20 68 F0) A:40 X:00 Y:0A P:06 S:EB mem:002AF455 13:10401 tv:0.000001 20: JSR
lcpuC PC:F068 (6C 28 02) A:40 X:00 Y:0A P:06 S:E9 mem:002AF45C 13:10395 tv:0.000001 6C: JMP ()
lcpuC PC:EF02 (50 0A A9) A:40 X:00 Y:0A P:06 S:E9 mem:002AF45C 13:10390 tv:0.000000 50: BVC
lcpuC PC:EF0E (90 06 4C) A:40 X:00 Y:0A P:06 S:E9 mem:002AF45C 13:10387 tv:0.000000 90: BCC
lcpuC PC:EF16 (AD 5A 02) A:40 X:00 Y:0A P:06 S:E9 mem:002AF45C 13:10384 tv:0.000000 AD: LDA abs
lcpuC PC:EF19 (29 B7 A2) A:20 X:00 Y:0A P:04 S:E9 mem:002AF45C 13:10380 tv:0.000001 29: AND
lcpuC PC:EF1B (A2 00 20) A:20 X:00 Y:0A P:04 S:E9 mem:002AF45C 13:10377 tv:0.000000 A2: LDX imm
lcpuC PC:EF1D (20 2A F0) A:20 X:00 Y:0A P:06 S:E9 mem:002AF45C 13:10375 tv:0.000001 20: JSR
lcpuC PC:F02A (A0 03 8C) A:20 X:00 Y:0A P:06 S:E7 mem:002AF448 13:10369 tv:0.000001 A0: LDY imm
lcpuC PC:F02C (8C 40 FE) A:20 X:00 Y:03 P:04 S:E7 mem:002AF448 13:10367 tv:0.000001 8C: STY abs
here! 0x000003 0x00f02f 0xe6fa3010 0xcdde0ebc tv:0.000000 (cycle 10367  pc ~F02C
writemem_ex! addr=FE40 val=03
lcpuC PC:F02F (A0 7F 8C) A:20 X:00 Y:03 P:04 S:E7 mem:002AF448 13:10363 tv:0.000008 A0: LDY imm
lcpuC PC:F031 (8C 43 FE) A:20 X:00 Y:7F P:04 S:E7 mem:002AF448 13:10361 tv:0.000001 8C: STY abs
here! 0x00007f 0x00f034 0xe6fa3010 0xcdde0ebc tv:0.000000 (cycle 10361  pc ~F031
writemem_ex! addr=FE43 val=7F
lcpuC PC:F034 (8E 4F FE) A:20 X:00 Y:7F P:04 S:E7 mem:002AF448 13:10357 tv:0.000006 8E: STX abs
here! 0x000000 0x00f037 0xe6fa3010 0xcdde0ebc tv:0.000000 (cycle 10357  pc ~F034
writing 00(0000) to FE4F!writemem_ex! addr=FE4F val=00
lcpuC PC:F037 (AE 4F FE) A:20 X:00 Y:7F P:04 S:E7 mem:002AF448 13:10353 tv:0.000048 AE: LDX abs
readmem_ex! addr=FE4F val=00
lcpuC PC:F03A (60 71 33) A:20 X:00 Y:7F P:06 S:E7 mem:002AF448 13:10349 tv:0.000005 60: RTS
lcpuC PC:EF20 (86 FA B8) A:20 X:00 Y:7F P:06 S:E9 mem:002AF448 13:10343 tv:0.000000 86: STX zp
lcpuC PC:EF22 (B8 10 05) A:20 X:00 Y:7F P:06 S:E9 mem:002AF3C8 13:10340 tv:0.000001 B8: CLV
lcpuC PC:EF23 (10 05 2C) A:20 X:00 Y:7F P:06 S:E9 mem:002AF3C8 13:10338 tv:0.000001 10: BPL
lcpuC PC:EF2A (E8 20 2A) A:20 X:00 Y:7F P:06 S:E9 mem:002AF3C8 13:10335 tv:0.000001 E8: INX
lcpuC PC:EF2B (20 2A F0) A:20 X:01 Y:7F P:04 S:E9 mem:002AF3C8 13:10333 tv:0.000001 20: JSR
lcpuC PC:F02A (A0 03 8C) A:20 X:01 Y:7F P:04 S:E7 mem:002AF3D6 13:10327 tv:0.000001 A0: LDY imm
lcpuC PC:F02C (8C 40 FE) A:20 X:01 Y:03 P:04 S:E7 mem:002AF3D6 13:10325 tv:0.000001 8C: STY abs
here! 0x000003 0x00f02f 0xe6fa3010 0xcdde0ebc tv:0.000000 (cycle 10325  pc ~F02C
writemem_ex! addr=FE40 val=03
lcpuC PC:F02F (A0 7F 8C) A:20 X:01 Y:03 P:04 S:E7 mem:002AF3D6 13:10321 tv:0.000007 A0: LDY imm
lcpuC PC:F031 (8C 43 FE) A:20 X:01 Y:7F P:04 S:E7 mem:002AF3D6 13:10319 tv:0.000000 8C: STY abs
here! 0x00007f 0x00f034 0xe6fa3010 0xcdde0ebc tv:0.000001 (cycle 10319  pc ~F031
writemem_ex! addr=FE43 val=7F
lcpuC PC:F034 (8E 4F FE) A:20 X:01 Y:7F P:04 S:E7 mem:002AF3D6 13:10315 tv:0.000007 8E: STX abs
here! 0x000001 0x00f037 0xe6fa3010 0xcdde0ebc tv:0.000000 (cycle 10315  pc ~F034
writing 01(0001) to FE4F!writemem_ex! addr=FE4F val=01
lcpuC PC:F037 (AE 4F FE) A:20 X:01 Y:7F P:04 S:E7 mem:002AF3D6 13:10311 tv:0.000038 AE: LDX abs
readmem_ex! addr=FE4F val=01
lcpuC PC:F03A (60 71 33) A:20 X:01 Y:7F P:04 S:E7 mem:002AF3D6 13:10307 tv:0.000010 60: RTS
lcpuC PC:EF2E (90 BB 10) A:20 X:01 Y:7F P:04 S:E9 mem:002AF3D6 13:10301 tv:0.000001 90: BCC
lcpuC PC:EEEB (08 AD 5A) A:20 X:01 Y:7F P:04 S:E9 mem:002AF3D6 13:10298 tv:0.000001 08: PHP
lcpuC PC:EEEC (AD 5A 02) A:20 X:01 Y:7F P:04 S:E8 mem:002AF31B 13:10295 tv:0.000001 AD: LDA abs
lcpuC PC:EEEF (4A 29 18) A:20 X:01 Y:7F P:04 S:E8 mem:002AF31B 13:10291 tv:0.000000 4A: LSR A
lcpuC PC:EEF0 (29 18 09) A:10 X:01 Y:7F P:04 S:E8 mem:002AF31B 13:10289 tv:0.000000 29: AND
lcpuC PC:EEF2 (09 06 8D) A:10 X:01 Y:7F P:04 S:E8 mem:002AF31B 13:10286 tv:0.000000 09: ORA imm
lcpuC PC:EEF4 (8D 40 FE) A:16 X:01 Y:7F P:04 S:E8 mem:002AF31B 13:10284 tv:0.000001 8D: STA abs
here! 0x000016 0x00eef7 0xe6fa3010 0xcdde0ebc tv:0.000000 (cycle 10284  pc ~EEF4
writemem_ex! addr=FE40 val=16
lcpuC PC:EEF7 (4A 09 07) A:16 X:01 Y:7F P:04 S:E8 mem:002AF31B 13:10280 tv:0.000007 4A: LSR A
lcpuC PC:EEF8 (09 07 8D) A:0B X:01 Y:7F P:04 S:E8 mem:002AF31B 13:10278 tv:0.000000 09: ORA imm
lcpuC PC:EEFA (8D 40 FE) A:0F X:01 Y:7F P:04 S:E8 mem:002AF31B 13:10276 tv:0.000000 8D: STA abs
here! 0x00000f 0x00eefd 0xe6fa3010 0xcdde0ebc tv:0.000000 (cycle 10276  pc ~EEFA
writemem_ex! addr=FE40 val=0F
lcpuC PC:EEFD (20 2E F1) A:0F X:01 Y:7F P:04 S:E8 mem:002AF31B 13:10272 tv:0.000006 20: JSR
lcpuC PC:F12E (A9 0B 8D) A:0F X:01 Y:7F P:04 S:E6 mem:002AF3DC 13:10266 tv:0.000002 A9: LDA imm
lcpuC PC:F130 (8D 40 FE) A:0B X:01 Y:7F P:04 S:E6 mem:002AF3DC 13:10264 tv:0.000000 8D: STA abs
here! 0x00000b 0x00f133 0xe6fa3010 0xcdde0ebc tv:0.000000 (cycle 10264  pc ~F130
writemem_ex! addr=FE40 val=0B
lcpuC PC:F133 (8A 60 49) A:0B X:01 Y:7F P:04 S:E6 mem:002AF3DC 13:10260 tv:0.000007 8A: TXA
lcpuC PC:F134 (60 49 8C) A:01 X:01 Y:7F P:04 S:E6 mem:002AF3DC 13:10258 tv:0.000001 60: RTS
lcpuC PC:EF00 (68 60 50) A:01 X:01 Y:7F P:04 S:E8 mem:002AF3DC 13:10252 tv:0.000001 68: PLA
lcpuC PC:EF01 (60 50 0A) A:34 X:01 Y:7F P:04 S:E9 mem:002AF3DC 13:10248 tv:0.000000 60: RTS
lcpuC PC:E9E7 (28 2A 60) A:34 X:01 Y:7F P:04 S:EB mem:002AF3DC 13:10242 tv:0.000001 28: PLP
lcpuC PC:E9E8 (2A 60 90) A:34 X:01 Y:7F P:06 S:EC mem:002AF3DC 13:10238 tv:0.000001 2A: ROL A
lcpuC PC:E9E9 (60 90 09) A:68 X:01 Y:7F P:04 S:EC mem:002AF3DC 13:10236 tv:0.000000 60: RTS
lcpuC PC:CAE6 (90 02 30) A:68 X:01 Y:7F P:04 S:EE mem:002AF3DC 13:10230 tv:0.000000 90: BCC
lcpuC PC:CAEA (A5 D0 49) A:68 X:01 Y:7F P:04 S:EE mem:002AF3DC 13:10227 tv:0.000000 A5: LDA zp
lcpuC PC:CAEC (49 04 29) A:00 X:01 Y:7F P:06 S:EE mem:002AF3DC 13:10224 tv:0.000001 49: EOR imm
lcpuC PC:CAEE (29 46 D0) A:04 X:01 Y:7F P:04 S:EE mem:002AF3DC 13:10222 tv:0.000000 29: AND
lcpuC PC:CAF0 (D0 2A AD) A:04 X:01 Y:7F P:04 S:EE mem:002AF3DC 13:10219 tv:0.000001 D0: BNE
lcpuC PC:CB1C (60 48 A2) A:04 X:01 Y:7F P:04 S:EE mem:002AF3DC 13:10216 tv:0.000000 60: RTS
lcpuC PC:C68E (AE 19 03) A:04 X:01 Y:7F P:04 S:F0 mem:002AF3DC 13:10210 tv:0.000001 AE: LDX abs
lcpuC PC:C691 (EC 09 03) A:04 X:01 Y:7F P:04 S:F0 mem:002AF3DC 13:10206 tv:0.000000 EC: CPX abs
lcpuC PC:C694 (B0 05 EE) A:04 X:01 Y:7F P:84 S:F0 mem:002AF3DC 13:10202 tv:0.000001 B0: BCS
lcpuC PC:C696 (EE 19 03) A:04 X:01 Y:7F P:84 S:F0 mem:002AF3DC 13:10200 tv:0.000000 EE: INC abs
lcpuC PC:C699 (90 14 20) A:04 X:01 Y:7F P:04 S:F0 mem:002AF3DD 13:10194 tv:0.000000 90: BCC
lcpuC PC:C6AF (20 06 CF) A:04 X:01 Y:7F P:04 S:F0 mem:002AF3DD 13:10191 tv:0.000001 20: JSR
lcpuC PC:CF06 (AD 19 03) A:04 X:01 Y:7F P:04 S:EE mem:002AF401 13:10185 tv:0.000001 AD: LDA abs
lcpuC PC:CF09 (0A A8 B1) A:02 X:01 Y:7F P:04 S:EE mem:002AF401 13:10181 tv:0.000000 0A: ASL A
lcpuC PC:CF0A (A8 B1 E0) A:04 X:01 Y:7F P:04 S:EE mem:002AF401 13:10179 tv:0.000001 A8: TAY
lcpuC PC:CF0B (B1 E0 85) A:04 X:01 Y:04 P:04 S:EE mem:002AF401 13:10177 tv:0.000001 B1: LDA (),y
lcpuC PC:CF0D (85 D9 C8) A:00 X:01 Y:04 P:06 S:EE mem:002AF401 13:10172 tv:0.000001 85: STA zp
lcpuC PC:CF0F (C8 A9 02) A:00 X:01 Y:04 P:06 S:EE mem:002AF385 13:10169 tv:0.000000 C8: INY
lcpuC PC:CF10 (A9 02 2D) A:00 X:01 Y:05 P:04 S:EE mem:002AF385 13:10167 tv:0.000001 A9: LDA imm
lcpuC PC:CF12 (2D 56 03) A:02 X:01 Y:05 P:04 S:EE mem:002AF385 13:10165 tv:0.000000 2D: AND abs
lcpuC PC:CF15 (08 B1 E0) A:00 X:01 Y:05 P:06 S:EE mem:002AF385 13:10161 tv:0.000001 08: PHP
lcpuC PC:CF16 (B1 E0 28) A:00 X:01 Y:05 P:06 S:ED mem:002AF2F1 13:10158 tv:0.000001 B1: LDA (),y
lcpuC PC:CF18 (28 F0 03) A:50 X:01 Y:05 P:04 S:ED mem:002AF2F1 13:10153 tv:0.000001 28: PLP
lcpuC PC:CF19 (F0 03 46) A:50 X:01 Y:05 P:06 S:EE mem:002AF2F1 13:10149 tv:0.000000 F0: BEQ
lcpuC PC:CF1E (6D 50 03) A:50 X:01 Y:05 P:06 S:EE mem:002AF2F1 13:10146 tv:0.000000 6D: ADC abs
lcpuC PC:CF21 (85 D8 A5) A:50 X:01 Y:05 P:04 S:EE mem:002AF2F1 13:10142 tv:0.000001 85: STA zp
lcpuC PC:CF23 (A5 D9 6D) A:50 X:01 Y:05 P:04 S:EE mem:002AF30A 13:10139 tv:0.000001 A5: LDA zp
lcpuC PC:CF25 (6D 51 03) A:00 X:01 Y:05 P:06 S:EE mem:002AF30A 13:10136 tv:0.000000 6D: ADC abs
lcpuC PC:CF28 (A8 AD 18) A:7C X:01 Y:05 P:04 S:EE mem:002AF30A 13:10132 tv:0.000001 A8: TAY
lcpuC PC:CF29 (AD 18 03) A:7C X:01 Y:7C P:04 S:EE mem:002AF30A 13:10130 tv:0.000001 AD: LDA abs
lcpuC PC:CF2C (AE 4F 03) A:0F X:01 Y:7C P:04 S:EE mem:002AF30A 13:10126 tv:0.000000 AE: LDX abs
lcpuC PC:CF2F (CA F0 12) A:0F X:01 Y:7C P:04 S:EE mem:002AF30A 13:10122 tv:0.000001 CA: DEX
lcpuC PC:CF30 (F0 12 E0) A:0F X:00 Y:7C P:06 S:EE mem:002AF30A 13:10120 tv:0.000000 F0: BEQ
lcpuC PC:CF44 (18 65 D8) A:0F X:00 Y:7C P:06 S:EE mem:002AF30A 13:10117 tv:0.000000 18: CLC
lcpuC PC:CF45 (65 D8 85) A:0F X:00 Y:7C P:06 S:EE mem:002AF30A 13:10115 tv:0.000000 65: ADC zp
lcpuC PC:CF47 (85 D8 8D) A:5F X:00 Y:7C P:04 S:EE mem:002AF30A 13:10112 tv:0.000001 85: STA zp
lcpuC PC:CF49 (8D 4A 03) A:5F X:00 Y:7C P:04 S:EE mem:002AF319 13:10109 tv:0.000001 8D: STA abs
lcpuC PC:CF4C (AA 98 69) A:5F X:00 Y:7C P:04 S:EE mem:002AF341 13:10105 tv:0.000000 AA: TAX
lcpuC PC:CF4D (98 69 00) A:5F X:5F Y:7C P:04 S:EE mem:002AF341 13:10103 tv:0.000000 98: TYA
lcpuC PC:CF4E (69 00 8D) A:7C X:5F Y:7C P:04 S:EE mem:002AF341 13:10101 tv:0.000001 69: ADC imm
lcpuC PC:CF50 (8D 4B 03) A:7C X:5F Y:7C P:04 S:EE mem:002AF341 13:10099 tv:0.000001 8D: STA abs
lcpuC PC:CF53 (10 04 38) A:7C X:5F Y:7C P:04 S:EE mem:002AF341 13:10095 tv:0.000001 10: BPL
lcpuC PC:CF59 (85 D9 18) A:7C X:5F Y:7C P:04 S:EE mem:002AF341 13:10092 tv:0.000000 85: STA zp
lcpuC PC:CF5B (18 60 AE) A:7C X:5F Y:7C P:04 S:EE mem:002AF3BD 13:10089 tv:0.000001 18: CLC
lcpuC PC:CF5C (60 AE 59) A:7C X:5F Y:7C P:04 S:EE mem:002AF3BD 13:10087 tv:0.000001 60: RTS
lcpuC PC:C6B2 (90 7E A2) A:7C X:5F Y:7C P:04 S:F0 mem:002AF3BD 13:10081 tv:0.000009 90: BCC
lcpuC PC:C732 (4C 02 CA) A:7C X:5F Y:7C P:04 S:F0 mem:002AF3BD 13:10078 tv:0.000001 4C: JMP
lcpuC PC:CA02 (86 D8 85) A:7C X:5F Y:7C P:04 S:F0 mem:002AF3BD 13:10075 tv:0.000000 86: STX zp
lcpuC PC:CA04 (85 D9 AE) A:7C X:5F Y:7C P:04 S:F0 mem:002AF3BD 13:10072 tv:0.000000 85: STA zp
lcpuC PC:CA06 (AE 4A 03) A:7C X:5F Y:7C P:04 S:F0 mem:002AF3BD 13:10069 tv:0.000000 AE: LDX abs
lcpuC PC:CA09 (AD 4B 03) A:7C X:5F Y:7C P:04 S:F0 mem:002AF3BD 13:10065 tv:0.000001 AD: LDA abs
lcpuC PC:CA0C (A0 0E 48) A:7C X:5F Y:7C P:04 S:F0 mem:002AF3BD 13:10061 tv:0.000000 A0: LDY imm
lcpuC PC:CA0E (48 AD 55) A:7C X:5F Y:0E P:04 S:F0 mem:002AF3BD 13:10059 tv:0.000001 48: PHA
lcpuC PC:CA0F (AD 55 03) A:7C X:5F Y:0E P:04 S:EF mem:002AF373 13:10056 tv:0.000001 AD: LDA abs
lcpuC PC:CA12 (C9 07 68) A:07 X:5F Y:0E P:04 S:EF mem:002AF373 13:10052 tv:0.000008 C9: CMP imm
lcpuC PC:CA14 (68 B0 10) A:07 X:5F Y:0E P:07 S:EF mem:002AF373 13:10050 tv:0.000000 68: PLA
lcpuC PC:CA15 (B0 10 86) A:7C X:5F Y:0E P:05 S:F0 mem:002AF373 13:10046 tv:0.000000 B0: BCS
lcpuC PC:CA27 (E9 74 49) A:7C X:5F Y:0E P:05 S:F0 mem:002AF373 13:10043 tv:0.000000 E9: SBC imm
lcpuC PC:CA29 (49 20 8C) A:08 X:5F Y:0E P:05 S:F0 mem:002AF373 13:10041 tv:0.000000 49: EOR imm
lcpuC PC:CA2B (8C 00 FE) A:28 X:5F Y:0E P:05 S:F0 mem:002AF373 13:10039 tv:0.000000 8C: STY abs
here! 0x00000e 0x00ca2e 0xe6fa3010 0xcdde0ebc tv:0.000000 (cycle 10039  pc ~CA2B
writemem_ex! addr=FE00 val=0E
lcpuC PC:CA2E (8D 01 FE) A:28 X:5F Y:0E P:05 S:F0 mem:002AF373 13:10035 tv:0.000007 8D: STA abs
here! 0x000028 0x00ca31 0xe6fa3010 0xcdde0ebc tv:0.000001 (cycle 10035  pc ~CA2E
writemem_ex! addr=FE01 val=28
lcpuC PC:CA31 (C8 8C 00) A:28 X:5F Y:0E P:05 S:F0 mem:002AF373 13:10031 tv:0.000007 C8: INY
lcpuC PC:CA32 (8C 00 FE) A:28 X:5F Y:0F P:05 S:F0 mem:002AF373 13:10029 tv:0.000000 8C: STY abs
here! 0x00000f 0x00ca35 0xe6fa3010 0xcdde0ebc tv:0.000000 (cycle 10029  pc ~CA32
writemem_ex! addr=FE00 val=0F
lcpuC PC:CA35 (8E 01 FE) A:28 X:5F Y:0F P:05 S:F0 mem:002AF373 13:10025 tv:0.000006 8E: STX abs
here! 0x00005f 0x00ca38 0xe6fa3010 0xcdde0ebc tv:0.000000 (cycle 10025  pc ~CA35
writemem_ex! addr=FE01 val=5F
lcpuC PC:CA38 (60 20 81) A:28 X:5F Y:0F P:05 S:F0 mem:002AF373 13:10021 tv:0.000006 60: RTS
lcpuC PC:C55B (28 90 03) A:28 X:5F Y:0F P:05 S:F2 mem:002AF373 13:10015 tv:0.000000 28: PLP
lcpuC PC:C55C (90 03 A5) A:28 X:5F Y:0F P:07 S:F3 mem:002AF373 13:10011 tv:0.000001 90: BCC
lcpuC PC:C55E (A5 D0 4A) A:28 X:5F Y:0F P:07 S:F3 mem:002AF373 13:10009 tv:0.000001 A5: LDA zp
lcpuC PC:C560 (4A 24 D0) A:00 X:5F Y:0F P:07 S:F3 mem:002AF373 13:10006 tv:0.000000 4A: LSR A
lcpuC PC:C561 (24 D0 50) A:00 X:5F Y:0F P:06 S:F3 mem:002AF373 13:10004 tv:0.000000 24: BIT zp
lcpuC PC:C563 (50 AC 20) A:00 X:5F Y:0F P:06 S:F3 mem:002AF373 13:10001 tv:0.000001 50: BVC
lcpuC PC:C511 (60 9D 24) A:00 X:5F Y:0F P:06 S:F3 mem:002AF373 13:9998 tv:0.000001 60: RTS
lcpuC PC:E0C8 (A9 08 2C) A:00 X:5F Y:0F P:06 S:F5 mem:002AF373 13:9992 tv:0.000001 A9: LDA imm
lcpuC PC:E0CA (2C 7C 02) A:08 X:5F Y:0F P:04 S:F5 mem:002AF373 13:9990 tv:0.000001 2C: BIT abs
lcpuC PC:E0CD (D0 02 90) A:08 X:5F Y:0F P:06 S:F5 mem:002AF373 13:9986 tv:0.000000 D0: BNE
lcpuC PC:E0CF (90 05 68) A:08 X:5F Y:0F P:06 S:F5 mem:002AF373 13:9984 tv:0.000000 90: BCC
lcpuC PC:E0D6 (AD 7C 02) A:08 X:5F Y:0F P:06 S:F5 mem:002AF373 13:9981 tv:0.000000 AD: LDA abs
lcpuC PC:E0D9 (6A 90 1B) A:00 X:5F Y:0F P:06 S:F5 mem:002AF373 13:9977 tv:0.000000 6A: ROR A
lcpuC PC:E0DA (90 1B A4) A:00 X:5F Y:0F P:06 S:F5 mem:002AF373 13:9975 tv:0.000001 90: BCC
lcpuC PC:E0F7 (A9 10 2C) A:00 X:5F Y:0F P:06 S:F5 mem:002AF373 13:9972 tv:0.000000 A9: LDA imm
lcpuC PC:E0F9 (2C 7C 02) A:10 X:5F Y:0F P:04 S:F5 mem:002AF373 13:9970 tv:0.000000 2C: BIT abs
lcpuC PC:E0FC (D0 0F AC) A:10 X:5F Y:0F P:06 S:F5 mem:002AF373 13:9966 tv:0.000001 D0: BNE
lcpuC PC:E0FE (AC 57 02) A:10 X:5F Y:0F P:06 S:F5 mem:002AF373 13:9964 tv:0.000001 AC: LDY abs
lcpuC PC:E101 (F0 0A 68) A:10 X:5F Y:00 P:06 S:F5 mem:002AF373 13:9960 tv:0.000000 F0: BEQ
lcpuC PC:E10D (68 68 A8) A:10 X:5F Y:00 P:06 S:F5 mem:002AF373 13:9957 tv:0.000000 68: PLA
lcpuC PC:E10E (68 A8 68) A:0A X:5F Y:00 P:04 S:F6 mem:002AF373 13:9953 tv:0.000001 68: PLA
lcpuC PC:E10F (A8 68 AA) A:1D X:5F Y:00 P:04 S:F7 mem:002AF373 13:9949 tv:0.000000 A8: TAY
lcpuC PC:E110 (68 AA 68) A:1D X:5F Y:1D P:04 S:F7 mem:002AF373 13:9947 tv:0.000001 68: PLA
lcpuC PC:E111 (AA 68 60) A:08 X:5F Y:1D P:04 S:F8 mem:002AF373 13:9943 tv:0.000001 AA: TAX
lcpuC PC:E112 (68 60 2C) A:08 X:08 Y:1D P:04 S:F8 mem:002AF373 13:9941 tv:0.000001 68: PLA
lcpuC PC:E113 (60 2C 7C) A:0A X:08 Y:1D P:04 S:F9 mem:002AF373 13:9937 tv:0.000001 60: RTS
lcpuC PC:FFEC (A9 0D 6C) A:0A X:08 Y:1D P:04 S:FB mem:002AF373 13:9931 tv:0.000001 A9: LDA imm
readmem_ex! addr=FFED val=0D
lcpuC PC:FFEE (6C 0E 02) A:0D X:08 Y:1D P:04 S:FB mem:002AF373 13:9929 tv:0.000003 6C: JMP ()
readmem_ex! addr=FFEF val=0E
readmem_ex! addr=FFF0 val=02
lcpuC PC:E0A4 (48 8A 48) A:0D X:08 Y:1D P:04 S:FB mem:002AF373 13:9924 tv:0.000008 48: PHA
lcpuC PC:E0A5 (8A 48 98) A:0D X:08 Y:1D P:04 S:FA mem:002AF281 13:9921 tv:0.000001 8A: TXA
lcpuC PC:E0A6 (48 98 48) A:08 X:08 Y:1D P:04 S:FA mem:002AF281 13:9919 tv:0.000000 48: PHA
lcpuC PC:E0A7 (98 48 BA) A:08 X:08 Y:1D P:04 S:F9 mem:002AF19E 13:9916 tv:0.000000 98: TYA
lcpuC PC:E0A8 (48 BA BD) A:1D X:08 Y:1D P:04 S:F9 mem:002AF19E 13:9914 tv:0.000000 48: PHA
lcpuC PC:E0A9 (BA BD 03) A:1D X:08 Y:1D P:04 S:F8 mem:002AF1B1 13:9911 tv:0.000000 BA: TSX
lcpuC PC:E0AA (BD 03 01) A:1D X:F8 Y:1D P:84 S:F8 mem:002AF1B1 13:9909 tv:0.000000 BD: LDA abs,x
lcpuC PC:E0AD (48 2C 60) A:0D X:F8 Y:1D P:04 S:F8 mem:002AF1B1 13:9905 tv:0.000001 48: PHA
lcpuC PC:E0AE (2C 60 02) A:0D X:F8 Y:1D P:04 S:F7 mem:002AF1B6 13:9902 tv:0.000000 2C: BIT abs
lcpuC PC:E0B1 (10 08 A8) A:0D X:F8 Y:1D P:06 S:F7 mem:002AF1B6 13:9898 tv:0.000000 10: BPL
lcpuC PC:E0BB (18 A9 02) A:0D X:F8 Y:1D P:06 S:F7 mem:002AF1B6 13:9895 tv:0.000001 18: CLC
lcpuC PC:E0BC (A9 02 2C) A:0D X:F8 Y:1D P:06 S:F7 mem:002AF1B6 13:9893 tv:0.000000 A9: LDA imm
lcpuC PC:E0BE (2C 7C 02) A:02 X:F8 Y:1D P:04 S:F7 mem:002AF1B6 13:9891 tv:0.000000 2C: BIT abs
lcpuC PC:E0C1 (D0 05 68) A:02 X:F8 Y:1D P:06 S:F7 mem:002AF1B6 13:9887 tv:0.000002 D0: BNE
lcpuC PC:E0C3 (68 48 20) A:02 X:F8 Y:1D P:06 S:F7 mem:002AF1B6 13:9885 tv:0.000002 68: PLA
lcpuC PC:E0C4 (48 20 C0) A:0D X:F8 Y:1D P:04 S:F8 mem:002AF1B6 13:9881 tv:0.000001 48: PHA
lcpuC PC:E0C5 (20 C0 C4) A:0D X:F8 Y:1D P:04 S:F7 mem:002AF1B6 13:9878 tv:0.000000 20: JSR
lcpuC PC:C4C0 (AE 6A 02) A:0D X:F8 Y:1D P:04 S:F5 mem:002AF336 13:9872 tv:0.000001 AE: LDX abs
lcpuC PC:C4C3 (D0 4D 24) A:0D X:00 Y:1D P:06 S:F5 mem:002AF336 13:9868 tv:0.000000 D0: BNE
lcpuC PC:C4C5 (24 D0 50) A:0D X:00 Y:1D P:06 S:F5 mem:002AF336 13:9866 tv:0.000000 24: BIT zp
lcpuC PC:C4C7 (50 0F 20) A:0D X:00 Y:1D P:06 S:F5 mem:002AF336 13:9863 tv:0.000001 50: BVC
lcpuC PC:C4D8 (C9 7F F0) A:0D X:00 Y:1D P:06 S:F5 mem:002AF336 13:9860 tv:0.000001 C9: CMP imm
lcpuC PC:C4DA (F0 11 C9) A:0D X:00 Y:1D P:84 S:F5 mem:002AF336 13:9858 tv:0.000000 F0: BEQ
lcpuC PC:C4DC (C9 20 90) A:0D X:00 Y:1D P:84 S:F5 mem:002AF336 13:9856 tv:0.000001 C9: CMP imm
lcpuC PC:C4DE (90 0F 24) A:0D X:00 Y:1D P:84 S:F5 mem:002AF336 13:9854 tv:0.000000 90: BCC
lcpuC PC:C4EF (A8 B9 33) A:0D X:00 Y:1D P:84 S:F5 mem:002AF336 13:9851 tv:0.000000 A8: TAY
lcpuC PC:C4F0 (B9 33 C3) A:0D X:00 Y:0D P:04 S:F5 mem:002AF336 13:9849 tv:0.000000 B9: LDA abs,y
lcpuC PC:C4F3 (8D 5D 03) A:AF X:00 Y:0D P:84 S:F5 mem:002AF336 13:9845 tv:0.000001 8D: STA abs
lcpuC PC:C4F6 (B9 54 C3) A:AF X:00 Y:0D P:84 S:F5 mem:002AF2F5 13:9841 tv:0.000001 B9: LDA abs,y
lcpuC PC:C4F9 (30 4A AA) A:C7 X:00 Y:0D P:84 S:F5 mem:002AF2F5 13:9837 tv:0.000001 30: BMI
lcpuC PC:C545 (8D 5E 03) A:C7 X:00 Y:0D P:84 S:F5 mem:002AF2F5 13:9834 tv:0.000000 8D: STA abs
lcpuC PC:C548 (98 C9 08) A:C7 X:00 Y:0D P:84 S:F5 mem:002AF2F6 13:9830 tv:0.000000 98: TYA
lcpuC PC:C549 (C9 08 90) A:0D X:00 Y:0D P:04 S:F5 mem:002AF2F6 13:9828 tv:0.000001 C9: CMP imm
lcpuC PC:C54B (90 06 49) A:0D X:00 Y:0D P:05 S:F5 mem:002AF2F6 13:9826 tv:0.000001 90: BCC
lcpuC PC:C54D (49 FF C9) A:0D X:00 Y:0D P:05 S:F5 mem:002AF2F6 13:9824 tv:0.000001 49: EOR imm
lcpuC PC:C54F (C9 F2 49) A:F2 X:00 Y:0D P:85 S:F5 mem:002AF2F6 13:9822 tv:0.000000 C9: CMP imm
lcpuC PC:C551 (49 FF 24) A:F2 X:00 Y:0D P:07 S:F5 mem:002AF2F6 13:9820 tv:0.000000 49: EOR imm
lcpuC PC:C553 (24 D0 30) A:0D X:00 Y:0D P:05 S:F5 mem:002AF2F6 13:9818 tv:0.000000 24: BIT zp
lcpuC PC:C555 (30 29 08) A:0D X:00 Y:0D P:07 S:F5 mem:002AF2F6 13:9815 tv:0.000001 30: BMI
lcpuC PC:C557 (08 20 F5) A:0D X:00 Y:0D P:07 S:F5 mem:002AF2F6 13:9813 tv:0.000001 08: PHP
lcpuC PC:C558 (20 F5 CC) A:0D X:00 Y:0D P:07 S:F4 mem:002AF24D 13:9810 tv:0.000000 20: JSR
lcpuC PC:CCF5 (6C 5D 03) A:0D X:00 Y:0D P:07 S:F2 mem:002AF26E 13:9804 tv:0.000001 6C: JMP ()
lcpuC PC:C7AF (20 88 C5) A:0D X:00 Y:0D P:07 S:F2 mem:002AF26E 13:9799 tv:0.000001 20: JSR
lcpuC PC:C588 (A5 D0 29) A:0D X:00 Y:0D P:07 S:F0 mem:002AF2C7 13:9793 tv:0.000010 A5: LDA zp
lcpuC PC:C58A (29 20 60) A:00 X:00 Y:0D P:07 S:F0 mem:002AF2C7 13:9790 tv:0.000000 29: AND
lcpuC PC:C58C (60 A0 00) A:00 X:00 Y:0D P:07 S:F0 mem:002AF2C7 13:9787 tv:0.000001 60: RTS
lcpuC PC:C7B2 (F0 03 4C) A:00 X:00 Y:0D P:07 S:F2 mem:002AF2C7 13:9781 tv:0.000000 F0: BEQ
lcpuC PC:C7B7 (20 6E CE) A:00 X:00 Y:0D P:07 S:F2 mem:002AF2C7 13:9778 tv:0.000001 20: JSR
lcpuC PC:CE6E (AD 08 03) A:00 X:00 Y:0D P:07 S:F0 mem:002AF2CF 13:9772 tv:0.000001 AD: LDA abs
lcpuC PC:CE71 (10 70 A5) A:00 X:00 Y:0D P:07 S:F0 mem:002AF2CF 13:9768 tv:0.000000 10: BPL
lcpuC PC:CEE3 (8D 18 03) A:00 X:00 Y:0D P:07 S:F0 mem:002AF2CF 13:9765 tv:0.000000 8D: STA abs
lcpuC PC:CEE6 (38 60 AE) A:00 X:00 Y:0D P:07 S:F0 mem:002AF2C0 13:9761 tv:0.000001 38: SEC
lcpuC PC:CEE7 (60 AE 18) A:00 X:00 Y:0D P:07 S:F0 mem:002AF2C0 13:9759 tv:0.000001 60: RTS
lcpuC PC:C7BA (4C AF C6) A:00 X:00 Y:0D P:07 S:F2 mem:002AF2C0 13:9753 tv:0.000001 4C: JMP
lcpuC PC:C6AF (20 06 CF) A:00 X:00 Y:0D P:07 S:F2 mem:002AF2C0 13:9750 tv:0.000001 20: JSR
lcpuC PC:CF06 (AD 19 03) A:00 X:00 Y:0D P:07 S:F0 mem:002AF2B7 13:9744 tv:0.000000 AD: LDA abs
lcpuC PC:CF09 (0A A8 B1) A:02 X:00 Y:0D P:05 S:F0 mem:002AF2B7 13:9740 tv:0.000001 0A: ASL A
lcpuC PC:CF0A (A8 B1 E0) A:04 X:00 Y:0D P:04 S:F0 mem:002AF2B7 13:9738 tv:0.000001 A8: TAY
lcpuC PC:CF0B (B1 E0 85) A:04 X:00 Y:04 P:04 S:F0 mem:002AF2B7 13:9736 tv:0.000001 B1: LDA (),y
lcpuC PC:CF0D (85 D9 C8) A:00 X:00 Y:04 P:06 S:F0 mem:002AF2B7 13:9731 tv:0.000001 85: STA zp
lcpuC PC:CF0F (C8 A9 02) A:00 X:00 Y:04 P:06 S:F0 mem:002AF23B 13:9728 tv:0.000000 C8: INY
lcpuC PC:CF10 (A9 02 2D) A:00 X:00 Y:05 P:04 S:F0 mem:002AF23B 13:9726 tv:0.000000 A9: LDA imm
lcpuC PC:CF12 (2D 56 03) A:02 X:00 Y:05 P:04 S:F0 mem:002AF23B 13:9724 tv:0.000001 2D: AND abs
lcpuC PC:CF15 (08 B1 E0) A:00 X:00 Y:05 P:06 S:F0 mem:002AF23B 13:9720 tv:0.000001 08: PHP
lcpuC PC:CF16 (B1 E0 28) A:00 X:00 Y:05 P:06 S:EF mem:002AF1F5 13:9717 tv:0.000001 B1: LDA (),y
lcpuC PC:CF18 (28 F0 03) A:50 X:00 Y:05 P:04 S:EF mem:002AF1F5 13:9712 tv:0.000001 28: PLP
lcpuC PC:CF19 (F0 03 46) A:50 X:00 Y:05 P:06 S:F0 mem:002AF1F5 13:9708 tv:0.000000 F0: BEQ
lcpuC PC:CF1E (6D 50 03) A:50 X:00 Y:05 P:06 S:F0 mem:002AF1F5 13:9705 tv:0.000000 6D: ADC abs
lcpuC PC:CF21 (85 D8 A5) A:50 X:00 Y:05 P:04 S:F0 mem:002AF1F5 13:9701 tv:0.000001 85: STA zp
lcpuC PC:CF23 (A5 D9 6D) A:50 X:00 Y:05 P:04 S:F0 mem:002AF1E6 13:9698 tv:0.000001 A5: LDA zp
lcpuC PC:CF25 (6D 51 03) A:00 X:00 Y:05 P:06 S:F0 mem:002AF1E6 13:9695 tv:0.000001 6D: ADC abs
lcpuC PC:CF28 (A8 AD 18) A:7C X:00 Y:05 P:04 S:F0 mem:002AF1E6 13:9691 tv:0.000000 A8: TAY
lcpuC PC:CF29 (AD 18 03) A:7C X:00 Y:7C P:04 S:F0 mem:002AF1E6 13:9689 tv:0.000000 AD: LDA abs
lcpuC PC:CF2C (AE 4F 03) A:00 X:00 Y:7C P:06 S:F0 mem:002AF1E6 13:9685 tv:0.000000 AE: LDX abs
lcpuC PC:CF2F (CA F0 12) A:00 X:01 Y:7C P:04 S:F0 mem:002AF1E6 13:9681 tv:0.000000 CA: DEX
lcpuC PC:CF30 (F0 12 E0) A:00 X:00 Y:7C P:06 S:F0 mem:002AF1E6 13:9679 tv:0.000001 F0: BEQ
lcpuC PC:CF44 (18 65 D8) A:00 X:00 Y:7C P:06 S:F0 mem:002AF1E6 13:9676 tv:0.000000 18: CLC
lcpuC PC:CF45 (65 D8 85) A:00 X:00 Y:7C P:06 S:F0 mem:002AF1E6 13:9674 tv:0.000001 65: ADC zp
lcpuC PC:CF47 (85 D8 8D) A:50 X:00 Y:7C P:04 S:F0 mem:002AF1E6 13:9671 tv:0.000001 85: STA zp
lcpuC PC:CF49 (8D 4A 03) A:50 X:00 Y:7C P:04 S:F0 mem:002AF1E6 13:9668 tv:0.000001 8D: STA abs
lcpuC PC:CF4C (AA 98 69) A:50 X:00 Y:7C P:04 S:F0 mem:002AF1D7 13:9664 tv:0.000001 AA: TAX
lcpuC PC:CF4D (98 69 00) A:50 X:50 Y:7C P:04 S:F0 mem:002AF1D7 13:9662 tv:0.000000 98: TYA
lcpuC PC:CF4E (69 00 8D) A:7C X:50 Y:7C P:04 S:F0 mem:002AF1D7 13:9660 tv:0.000000 69: ADC imm
lcpuC PC:CF50 (8D 4B 03) A:7C X:50 Y:7C P:04 S:F0 mem:002AF1D7 13:9658 tv:0.000000 8D: STA abs
lcpuC PC:CF53 (10 04 38) A:7C X:50 Y:7C P:04 S:F0 mem:002AF1D7 13:9654 tv:0.000000 10: BPL
lcpuC PC:CF59 (85 D9 18) A:7C X:50 Y:7C P:04 S:F0 mem:002AF1D7 13:9651 tv:0.000000 85: STA zp
lcpuC PC:CF5B (18 60 AE) A:7C X:50 Y:7C P:04 S:F0 mem:002AF253 13:9648 tv:0.000000 18: CLC
lcpuC PC:CF5C (60 AE 59) A:7C X:50 Y:7C P:04 S:F0 mem:002AF253 13:9646 tv:0.000000 60: RTS
lcpuC PC:C6B2 (90 7E A2) A:7C X:50 Y:7C P:04 S:F2 mem:002AF253 13:9640 tv:0.000001 90: BCC
lcpuC PC:C732 (4C 02 CA) A:7C X:50 Y:7C P:04 S:F2 mem:002AF253 13:9637 tv:0.000001 4C: JMP
lcpuC PC:CA02 (86 D8 85) A:7C X:50 Y:7C P:04 S:F2 mem:002AF253 13:9634 tv:0.000001 86: STX zp
lcpuC PC:CA04 (85 D9 AE) A:7C X:50 Y:7C P:04 S:F2 mem:002AF253 13:9631 tv:0.000001 85: STA zp
lcpuC PC:CA06 (AE 4A 03) A:7C X:50 Y:7C P:04 S:F2 mem:002AF253 13:9628 tv:0.000001 AE: LDX abs
lcpuC PC:CA09 (AD 4B 03) A:7C X:50 Y:7C P:04 S:F2 mem:002AF253 13:9624 tv:0.000001 AD: LDA abs
lcpuC PC:CA0C (A0 0E 48) A:7C X:50 Y:7C P:04 S:F2 mem:002AF253 13:9620 tv:0.000001 A0: LDY imm
lcpuC PC:CA0E (48 AD 55) A:7C X:50 Y:0E P:04 S:F2 mem:002AF253 13:9618 tv:0.000000 48: PHA
lcpuC PC:CA0F (AD 55 03) A:7C X:50 Y:0E P:04 S:F1 mem:002AF209 13:9615 tv:0.000001 AD: LDA abs
lcpuC PC:CA12 (C9 07 68) A:07 X:50 Y:0E P:04 S:F1 mem:002AF209 13:9611 tv:0.000001 C9: CMP imm
lcpuC PC:CA14 (68 B0 10) A:07 X:50 Y:0E P:07 S:F1 mem:002AF209 13:9609 tv:0.000001 68: PLA
lcpuC PC:CA15 (B0 10 86) A:7C X:50 Y:0E P:05 S:F2 mem:002AF209 13:9605 tv:0.000000 B0: BCS
lcpuC PC:CA27 (E9 74 49) A:7C X:50 Y:0E P:05 S:F2 mem:002AF209 13:9602 tv:0.000000 E9: SBC imm
lcpuC PC:CA29 (49 20 8C) A:08 X:50 Y:0E P:05 S:F2 mem:002AF209 13:9600 tv:0.000000 49: EOR imm
lcpuC PC:CA2B (8C 00 FE) A:28 X:50 Y:0E P:05 S:F2 mem:002AF209 13:9598 tv:0.000001 8C: STY abs
here! 0x00000e 0x00ca2e 0xe6fa3010 0xcdde0ebc tv:0.000000 (cycle 9598  pc ~CA2B
writemem_ex! addr=FE00 val=0E
lcpuC PC:CA2E (8D 01 FE) A:28 X:50 Y:0E P:05 S:F2 mem:002AF209 13:9594 tv:0.000006 8D: STA abs
here! 0x000028 0x00ca31 0xe6fa3010 0xcdde0ebc tv:0.000000 (cycle 9594  pc ~CA2E
writemem_ex! addr=FE01 val=28
lcpuC PC:CA31 (C8 8C 00) A:28 X:50 Y:0E P:05 S:F2 mem:002AF209 13:9590 tv:0.000016 C8: INY
lcpuC PC:CA32 (8C 00 FE) A:28 X:50 Y:0F P:05 S:F2 mem:002AF209 13:9588 tv:0.000001 8C: STY abs
here! 0x00000f 0x00ca35 0xe6fa3010 0xcdde0ebc tv:0.000001 (cycle 9588  pc ~CA32
writemem_ex! addr=FE00 val=0F
lcpuC PC:CA35 (8E 01 FE) A:28 X:50 Y:0F P:05 S:F2 mem:002AF209 13:9584 tv:0.000007 8E: STX abs
here! 0x000050 0x00ca38 0xe6fa3010 0xcdde0ebc tv:0.000001 (cycle 9584  pc ~CA35
writemem_ex! addr=FE01 val=50
lcpuC PC:CA38 (60 20 81) A:28 X:50 Y:0F P:05 S:F2 mem:002AF209 13:9580 tv:0.000007 60: RTS
lcpuC PC:C55B (28 90 03) A:28 X:50 Y:0F P:05 S:F4 mem:002AF209 13:9574 tv:0.000001 28: PLP
lcpuC PC:C55C (90 03 A5) A:28 X:50 Y:0F P:07 S:F5 mem:002AF209 13:9570 tv:0.000000 90: BCC
lcpuC PC:C55E (A5 D0 4A) A:28 X:50 Y:0F P:07 S:F5 mem:002AF209 13:9568 tv:0.000001 A5: LDA zp
lcpuC PC:C560 (4A 24 D0) A:00 X:50 Y:0F P:07 S:F5 mem:002AF209 13:9565 tv:0.000000 4A: LSR A
lcpuC PC:C561 (24 D0 50) A:00 X:50 Y:0F P:06 S:F5 mem:002AF209 13:9563 tv:0.000000 24: BIT zp
lcpuC PC:C563 (50 AC 20) A:00 X:50 Y:0F P:06 S:F5 mem:002AF209 13:9560 tv:0.000000 50: BVC
lcpuC PC:C511 (60 9D 24) A:00 X:50 Y:0F P:06 S:F5 mem:002AF209 13:9557 tv:0.000001 60: RTS
lcpuC PC:E0C8 (A9 08 2C) A:00 X:50 Y:0F P:06 S:F7 mem:002AF209 13:9551 tv:0.000000 A9: LDA imm
lcpuC PC:E0CA (2C 7C 02) A:08 X:50 Y:0F P:04 S:F7 mem:002AF209 13:9549 tv:0.000001 2C: BIT abs
lcpuC PC:E0CD (D0 02 90) A:08 X:50 Y:0F P:06 S:F7 mem:002AF209 13:9545 tv:0.000001 D0: BNE
lcpuC PC:E0CF (90 05 68) A:08 X:50 Y:0F P:06 S:F7 mem:002AF209 13:9543 tv:0.000000 90: BCC
lcpuC PC:E0D6 (AD 7C 02) A:08 X:50 Y:0F P:06 S:F7 mem:002AF209 13:9540 tv:0.000009 AD: LDA abs
lcpuC PC:E0D9 (6A 90 1B) A:00 X:50 Y:0F P:06 S:F7 mem:002AF209 13:9536 tv:0.000001 6A: ROR A
lcpuC PC:E0DA (90 1B A4) A:00 X:50 Y:0F P:06 S:F7 mem:002AF209 13:9534 tv:0.000000 90: BCC
lcpuC PC:E0F7 (A9 10 2C) A:00 X:50 Y:0F P:06 S:F7 mem:002AF209 13:9531 tv:0.000001 A9: LDA imm
lcpuC PC:E0F9 (2C 7C 02) A:10 X:50 Y:0F P:04 S:F7 mem:002AF209 13:9529 tv:0.000000 2C: BIT abs
lcpuC PC:E0FC (D0 0F AC) A:10 X:50 Y:0F P:06 S:F7 mem:002AF209 13:9525 tv:0.000001 D0: BNE
lcpuC PC:E0FE (AC 57 02) A:10 X:50 Y:0F P:06 S:F7 mem:002AF209 13:9523 tv:0.000000 AC: LDY abs
lcpuC PC:E101 (F0 0A 68) A:10 X:50 Y:00 P:06 S:F7 mem:002AF209 13:9519 tv:0.000001 F0: BEQ
lcpuC PC:E10D (68 68 A8) A:10 X:50 Y:00 P:06 S:F7 mem:002AF209 13:9516 tv:0.000001 68: PLA
lcpuC PC:E10E (68 A8 68) A:0D X:50 Y:00 P:04 S:F8 mem:002AF209 13:9512 tv:0.000001 68: PLA
lcpuC PC:E10F (A8 68 AA) A:1D X:50 Y:00 P:04 S:F9 mem:002AF209 13:9508 tv:0.000001 A8: TAY
lcpuC PC:E110 (68 AA 68) A:1D X:50 Y:1D P:04 S:F9 mem:002AF209 13:9506 tv:0.000000 68: PLA
lcpuC PC:E111 (AA 68 60) A:08 X:50 Y:1D P:04 S:FA mem:002AF209 13:9502 tv:0.000001 AA: TAX
lcpuC PC:E112 (68 60 2C) A:08 X:08 Y:1D P:04 S:FA mem:002AF209 13:9500 tv:0.000001 68: PLA
lcpuC PC:E113 (60 2C 7C) A:0D X:08 Y:1D P:04 S:FB mem:002AF209 13:9496 tv:0.000001 60: RTS
lcpuC PC:DEB7 (AA D0 F7) A:0D X:08 Y:1D P:04 S:FD mem:002AF209 13:9490 tv:0.000001 AA: TAX
lcpuC PC:DEB8 (D0 F7 60) A:0D X:0D Y:1D P:04 S:FD mem:002AF209 13:9488 tv:0.000000 D0: BNE
lcpuC PC:DEB1 (C8 B1 FD) A:0D X:0D Y:1D P:04 S:FD mem:002AF209 13:9485 tv:0.000001 C8: INY
lcpuC PC:DEB2 (B1 FD 20) A:0D X:0D Y:1E P:04 S:FD mem:002AF209 13:9483 tv:0.000001 B1: LDA (),y
lcpuC PC:DEB4 (20 E3 FF) A:0D X:0D Y:1E P:04 S:FD mem:002AF209 13:9478 tv:0.000002 20: JSR
lcpuC PC:FFE3 (C9 0D D0) A:0D X:0D Y:1E P:04 S:FB mem:002AF209 13:9472 tv:0.000002 C9: CMP imm
readmem_ex! addr=FFE4 val=0D
lcpuC PC:FFE5 (D0 07 A9) A:0D X:0D Y:1E P:07 S:FB mem:002AF209 13:9470 tv:0.000004 D0: BNE
readmem_ex! addr=FFE6 val=07
lcpuC PC:FFE7 (A9 0A 20) A:0D X:0D Y:1E P:07 S:FB mem:002AF209 13:9468 tv:0.000004 A9: LDA imm
readmem_ex! addr=FFE8 val=0A
lcpuC PC:FFE9 (20 EE FF) A:0A X:0D Y:1E P:05 S:FB mem:002AF209 13:9466 tv:0.000003 20: JSR
readmem_ex! addr=FFEA val=EE
readmem_ex! addr=FFEB val=FF
lcpuC PC:FFEE (6C 0E 02) A:0A X:0D Y:1E P:05 S:F9 mem:002AF3DE 13:9460 tv:0.000006 6C: JMP ()
readmem_ex! addr=FFEF val=0E
readmem_ex! addr=FFF0 val=02
lcpuC PC:E0A4 (48 8A 48) A:0A X:0D Y:1E P:05 S:F9 mem:002AF3DE 13:9455 tv:0.000007 48: PHA
lcpuC PC:E0A5 (8A 48 98) A:0A X:0D Y:1E P:05 S:F8 mem:002AF3CB 13:9452 tv:0.000001 8A: TXA
lcpuC PC:E0A6 (48 98 48) A:0D X:0D Y:1E P:05 S:F8 mem:002AF3CB 13:9450 tv:0.000000 48: PHA
lcpuC PC:E0A7 (98 48 BA) A:0D X:0D Y:1E P:05 S:F7 mem:002AF3CB 13:9447 tv:0.000001 98: TYA
lcpuC PC:E0A8 (48 BA BD) A:1E X:0D Y:1E P:05 S:F7 mem:002AF3CB 13:9445 tv:0.000000 48: PHA
lcpuC PC:E0A9 (BA BD 03) A:1E X:0D Y:1E P:05 S:F6 mem:002AF309 13:9442 tv:0.000000 BA: TSX
lcpuC PC:E0AA (BD 03 01) A:1E X:F6 Y:1E P:85 S:F6 mem:002AF309 13:9440 tv:0.000000 BD: LDA abs,x
lcpuC PC:E0AD (48 2C 60) A:0A X:F6 Y:1E P:05 S:F6 mem:002AF309 13:9436 tv:0.000000 48: PHA
lcpuC PC:E0AE (2C 60 02) A:0A X:F6 Y:1E P:05 S:F5 mem:002AF24C 13:9433 tv:0.000000 2C: BIT abs
lcpuC PC:E0B1 (10 08 A8) A:0A X:F6 Y:1E P:07 S:F5 mem:002AF24C 13:9429 tv:0.000000 10: BPL
lcpuC PC:E0BB (18 A9 02) A:0A X:F6 Y:1E P:07 S:F5 mem:002AF24C 13:9426 tv:0.000000 18: CLC
lcpuC PC:E0BC (A9 02 2C) A:0A X:F6 Y:1E P:06 S:F5 mem:002AF24C 13:9424 tv:0.000000 A9: LDA imm
lcpuC PC:E0BE (2C 7C 02) A:02 X:F6 Y:1E P:04 S:F5 mem:002AF24C 13:9422 tv:0.000000 2C: BIT abs
lcpuC PC:E0C1 (D0 05 68) A:02 X:F6 Y:1E P:06 S:F5 mem:002AF24C 13:9418 tv:0.000000 D0: BNE
lcpuC PC:E0C3 (68 48 20) A:02 X:F6 Y:1E P:06 S:F5 mem:002AF24C 13:9416 tv:0.000001 68: PLA
lcpuC PC:E0C4 (48 20 C0) A:0A X:F6 Y:1E P:04 S:F6 mem:002AF24C 13:9412 tv:0.000001 48: PHA
lcpuC PC:E0C5 (20 C0 C4) A:0A X:F6 Y:1E P:04 S:F5 mem:002AF24C 13:9409 tv:0.000001 20: JSR
lcpuC PC:C4C0 (AE 6A 02) A:0A X:F6 Y:1E P:04 S:F3 mem:002AF2F7 13:9403 tv:0.000000 AE: LDX abs
lcpuC PC:C4C3 (D0 4D 24) A:0A X:00 Y:1E P:06 S:F3 mem:002AF2F7 13:9399 tv:0.000001 D0: BNE
lcpuC PC:C4C5 (24 D0 50) A:0A X:00 Y:1E P:06 S:F3 mem:002AF2F7 13:9397 tv:0.000000 24: BIT zp
lcpuC PC:C4C7 (50 0F 20) A:0A X:00 Y:1E P:06 S:F3 mem:002AF2F7 13:9394 tv:0.000000 50: BVC
lcpuC PC:C4D8 (C9 7F F0) A:0A X:00 Y:1E P:06 S:F3 mem:002AF2F7 13:9391 tv:0.000000 C9: CMP imm
lcpuC PC:C4DA (F0 11 C9) A:0A X:00 Y:1E P:84 S:F3 mem:002AF2F7 13:9389 tv:0.000000 F0: BEQ
lcpuC PC:C4DC (C9 20 90) A:0A X:00 Y:1E P:84 S:F3 mem:002AF2F7 13:9387 tv:0.000000 C9: CMP imm
lcpuC PC:C4DE (90 0F 24) A:0A X:00 Y:1E P:84 S:F3 mem:002AF2F7 13:9385 tv:0.000000 90: BCC
lcpuC PC:C4EF (A8 B9 33) A:0A X:00 Y:1E P:84 S:F3 mem:002AF2F7 13:9382 tv:0.000001 A8: TAY
lcpuC PC:C4F0 (B9 33 C3) A:0A X:00 Y:0A P:04 S:F3 mem:002AF2F7 13:9380 tv:0.000000 B9: LDA abs,y
lcpuC PC:C4F3 (8D 5D 03) A:F0 X:00 Y:0A P:84 S:F3 mem:002AF2F7 13:9376 tv:0.000001 8D: STA abs
lcpuC PC:C4F6 (B9 54 C3) A:F0 X:00 Y:0A P:84 S:F3 mem:002AF338 13:9372 tv:0.000001 B9: LDA abs,y
lcpuC PC:C4F9 (30 4A AA) A:C6 X:00 Y:0A P:84 S:F3 mem:002AF338 13:9368 tv:0.000001 30: BMI
lcpuC PC:C545 (8D 5E 03) A:C6 X:00 Y:0A P:84 S:F3 mem:002AF338 13:9365 tv:0.000001 8D: STA abs
lcpuC PC:C548 (98 C9 08) A:C6 X:00 Y:0A P:84 S:F3 mem:002AF337 13:9361 tv:0.000001 98: TYA
lcpuC PC:C549 (C9 08 90) A:0A X:00 Y:0A P:04 S:F3 mem:002AF337 13:9359 tv:0.000001 C9: CMP imm
lcpuC PC:C54B (90 06 49) A:0A X:00 Y:0A P:05 S:F3 mem:002AF337 13:9357 tv:0.000000 90: BCC
lcpuC PC:C54D (49 FF C9) A:0A X:00 Y:0A P:05 S:F3 mem:002AF337 13:9355 tv:0.000000 49: EOR imm
lcpuC PC:C54F (C9 F2 49) A:F5 X:00 Y:0A P:85 S:F3 mem:002AF337 13:9353 tv:0.000000 C9: CMP imm
lcpuC PC:C551 (49 FF 24) A:F5 X:00 Y:0A P:05 S:F3 mem:002AF337 13:9351 tv:0.000000 49: EOR imm
lcpuC PC:C553 (24 D0 30) A:0A X:00 Y:0A P:05 S:F3 mem:002AF337 13:9349 tv:0.000001 24: BIT zp
lcpuC PC:C555 (30 29 08) A:0A X:00 Y:0A P:07 S:F3 mem:002AF337 13:9346 tv:0.000000 30: BMI
lcpuC PC:C557 (08 20 F5) A:0A X:00 Y:0A P:07 S:F3 mem:002AF337 13:9344 tv:0.000001 08: PHP
lcpuC PC:C558 (20 F5 CC) A:0A X:00 Y:0A P:07 S:F2 mem:002AF314 13:9341 tv:0.000001 20: JSR
lcpuC PC:CCF5 (6C 5D 03) A:0A X:00 Y:0A P:07 S:F0 mem:002AF306 13:9335 tv:0.000001 6C: JMP ()
lcpuC PC:C6F0 (20 88 C5) A:0A X:00 Y:0A P:07 S:F0 mem:002AF306 13:9330 tv:0.000000 20: JSR
lcpuC PC:C588 (A5 D0 29) A:0A X:00 Y:0A P:07 S:EE mem:002AF3D7 13:9324 tv:0.000000 A5: LDA zp
lcpuC PC:C58A (29 20 60) A:00 X:00 Y:0A P:07 S:EE mem:002AF3D7 13:9321 tv:0.000000 29: AND
lcpuC PC:C58C (60 A0 00) A:00 X:00 Y:0A P:07 S:EE mem:002AF3D7 13:9318 tv:0.000001 60: RTS
lcpuC PC:C6F3 (F0 95 A2) A:00 X:00 Y:0A P:07 S:F0 mem:002AF3D7 13:9312 tv:0.000001 F0: BEQ
lcpuC PC:C68A (18 20 E3) A:00 X:00 Y:0A P:07 S:F0 mem:002AF3D7 13:9309 tv:0.000001 18: CLC
lcpuC PC:C68B (20 E3 CA) A:00 X:00 Y:0A P:06 S:F0 mem:002AF3D7 13:9307 tv:0.000001 20: JSR
lcpuC PC:CAE3 (20 D9 E9) A:00 X:00 Y:0A P:06 S:EE mem:002AF372 13:9301 tv:0.000001 20: JSR
lcpuC PC:E9D9 (08 78 A9) A:00 X:00 Y:0A P:06 S:EC mem:002AF406 13:9295 tv:0.000001 08: PHP
lcpuC PC:E9DA (78 A9 40) A:00 X:00 Y:0A P:06 S:EB mem:002AF406 13:9292 tv:0.000001 78: SEI
lcpuC PC:E9DB (A9 40 20) A:00 X:00 Y:0A P:06 S:EB mem:002AF406 13:9290 tv:0.000001 A9: LDA imm
lcpuC PC:E9DD (20 EA E9) A:40 X:00 Y:0A P:04 S:EB mem:002AF406 13:9288 tv:0.000000 20: JSR
lcpuC PC:E9EA (90 09 A0) A:40 X:00 Y:0A P:04 S:E9 mem:002AF3FF 13:9282 tv:0.000007 90: BCC
lcpuC PC:E9F5 (24 FF 60) A:40 X:00 Y:0A P:04 S:E9 mem:002AF3FF 13:9279 tv:0.000000 24: BIT zp
lcpuC PC:E9F7 (60 08 78) A:40 X:00 Y:0A P:06 S:E9 mem:002AF3FF 13:9276 tv:0.000000 60: RTS
lcpuC PC:E9E0 (30 05 18) A:40 X:00 Y:0A P:06 S:EB mem:002AF3FF 13:9270 tv:0.000001 30: BMI
lcpuC PC:E9E2 (18 B8 20) A:40 X:00 Y:0A P:06 S:EB mem:002AF3FF 13:9268 tv:0.000001 18: CLC
lcpuC PC:E9E3 (B8 20 68) A:40 X:00 Y:0A P:06 S:EB mem:002AF3FF 13:9266 tv:0.000001 B8: CLV
lcpuC PC:E9E4 (20 68 F0) A:40 X:00 Y:0A P:06 S:EB mem:002AF3FF 13:9264 tv:0.000000 20: JSR
lcpuC PC:F068 (6C 28 02) A:40 X:00 Y:0A P:06 S:E9 mem:002AF406 13:9258 tv:0.000001 6C: JMP ()
lcpuC PC:EF02 (50 0A A9) A:40 X:00 Y:0A P:06 S:E9 mem:002AF406 13:9253 tv:0.000000 50: BVC
lcpuC PC:EF0E (90 06 4C) A:40 X:00 Y:0A P:06 S:E9 mem:002AF406 13:9250 tv:0.000000 90: BCC
lcpuC PC:EF16 (AD 5A 02) A:40 X:00 Y:0A P:06 S:E9 mem:002AF406 13:9247 tv:0.000001 AD: LDA abs
lcpuC PC:EF19 (29 B7 A2) A:20 X:00 Y:0A P:04 S:E9 mem:002AF406 13:9243 tv:0.000001 29: AND
lcpuC PC:EF1B (A2 00 20) A:20 X:00 Y:0A P:04 S:E9 mem:002AF406 13:9240 tv:0.000001 A2: LDX imm
lcpuC PC:EF1D (20 2A F0) A:20 X:00 Y:0A P:06 S:E9 mem:002AF406 13:9238 tv:0.000001 20: JSR
lcpuC PC:F02A (A0 03 8C) A:20 X:00 Y:0A P:06 S:E7 mem:002AF3F2 13:9232 tv:0.000001 A0: LDY imm
lcpuC PC:F02C (8C 40 FE) A:20 X:00 Y:03 P:04 S:E7 mem:002AF3F2 13:9230 tv:0.000000 8C: STY abs
here! 0x000003 0x00f02f 0xe6fa3010 0xcdde0ebc tv:0.000000 (cycle 9230  pc ~F02C
writemem_ex! addr=FE40 val=03
lcpuC PC:F02F (A0 7F 8C) A:20 X:00 Y:03 P:04 S:E7 mem:002AF3F2 13:9226 tv:0.000008 A0: LDY imm
lcpuC PC:F031 (8C 43 FE) A:20 X:00 Y:7F P:04 S:E7 mem:002AF3F2 13:9224 tv:0.000000 8C: STY abs
here! 0x00007f 0x00f034 0xe6fa3010 0xcdde0ebc tv:0.000001 (cycle 9224  pc ~F031
writemem_ex! addr=FE43 val=7F
lcpuC PC:F034 (8E 4F FE) A:20 X:00 Y:7F P:04 S:E7 mem:002AF3F2 13:9220 tv:0.000007 8E: STX abs
here! 0x000000 0x00f037 0xe6fa3010 0xcdde0ebc tv:0.000000 (cycle 9220  pc ~F034
writing 00(0000) to FE4F!writemem_ex! addr=FE4F val=00
lcpuC PC:F037 (AE 4F FE) A:20 X:00 Y:7F P:04 S:E7 mem:002AF3F2 13:9216 tv:0.000047 AE: LDX abs
readmem_ex! addr=FE4F val=00
lcpuC PC:F03A (60 71 33) A:20 X:00 Y:7F P:06 S:E7 mem:002AF3F2 13:9212 tv:0.000004 60: RTS
lcpuC PC:EF20 (86 FA B8) A:20 X:00 Y:7F P:06 S:E9 mem:002AF3F2 13:9206 tv:0.000001 86: STX zp
lcpuC PC:EF22 (B8 10 05) A:20 X:00 Y:7F P:06 S:E9 mem:002AF3F2 13:9203 tv:0.000000 B8: CLV
lcpuC PC:EF23 (10 05 2C) A:20 X:00 Y:7F P:06 S:E9 mem:002AF3F2 13:9201 tv:0.000000 10: BPL
lcpuC PC:EF2A (E8 20 2A) A:20 X:00 Y:7F P:06 S:E9 mem:002AF3F2 13:9198 tv:0.000001 E8: INX
lcpuC PC:EF2B (20 2A F0) A:20 X:01 Y:7F P:04 S:E9 mem:002AF3F2 13:9196 tv:0.000000 20: JSR
lcpuC PC:F02A (A0 03 8C) A:20 X:01 Y:7F P:04 S:E7 mem:002AF400 13:9190 tv:0.000000 A0: LDY imm
lcpuC PC:F02C (8C 40 FE) A:20 X:01 Y:03 P:04 S:E7 mem:002AF400 13:9188 tv:0.000000 8C: STY abs
here! 0x000003 0x00f02f 0xe6fa3010 0xcdde0ebc tv:0.000000 (cycle 9188  pc ~F02C
writemem_ex! addr=FE40 val=03
lcpuC PC:F02F (A0 7F 8C) A:20 X:01 Y:03 P:04 S:E7 mem:002AF400 13:9184 tv:0.000007 A0: LDY imm
lcpuC PC:F031 (8C 43 FE) A:20 X:01 Y:7F P:04 S:E7 mem:002AF400 13:9182 tv:0.000001 8C: STY abs
here! 0x00007f 0x00f034 0xe6fa3010 0xcdde0ebc tv:0.000000 (cycle 9182  pc ~F031
writemem_ex! addr=FE43 val=7F
lcpuC PC:F034 (8E 4F FE) A:20 X:01 Y:7F P:04 S:E7 mem:002AF400 13:9178 tv:0.000007 8E: STX abs
here! 0x000001 0x00f037 0xe6fa3010 0xcdde0ebc tv:0.000001 (cycle 9178  pc ~F034
writing 01(0001) to FE4F!writemem_ex! addr=FE4F val=01
lcpuC PC:F037 (AE 4F FE) A:20 X:01 Y:7F P:04 S:E7 mem:002AF400 13:9174 tv:0.000037 AE: LDX abs
readmem_ex! addr=FE4F val=01
lcpuC PC:F03A (60 71 33) A:20 X:01 Y:7F P:04 S:E7 mem:002AF400 13:9170 tv:0.000003 60: RTS
lcpuC PC:EF2E (90 BB 10) A:20 X:01 Y:7F P:04 S:E9 mem:002AF400 13:9164 tv:0.000001 90: BCC
lcpuC PC:EEEB (08 AD 5A) A:20 X:01 Y:7F P:04 S:E9 mem:002AF400 13:9161 tv:0.000000 08: PHP
lcpuC PC:EEEC (AD 5A 02) A:20 X:01 Y:7F P:04 S:E8 mem:002AF345 13:9158 tv:0.000000 AD: LDA abs
lcpuC PC:EEEF (4A 29 18) A:20 X:01 Y:7F P:04 S:E8 mem:002AF345 13:9154 tv:0.000001 4A: LSR A
lcpuC PC:EEF0 (29 18 09) A:10 X:01 Y:7F P:04 S:E8 mem:002AF345 13:9152 tv:0.000001 29: AND
lcpuC PC:EEF2 (09 06 8D) A:10 X:01 Y:7F P:04 S:E8 mem:002AF345 13:9149 tv:0.000001 09: ORA imm
lcpuC PC:EEF4 (8D 40 FE) A:16 X:01 Y:7F P:04 S:E8 mem:002AF345 13:9147 tv:0.000001 8D: STA abs
here! 0x000016 0x00eef7 0xe6fa3010 0xcdde0ebc tv:0.000001 (cycle 9147  pc ~EEF4
writemem_ex! addr=FE40 val=16
lcpuC PC:EEF7 (4A 09 07) A:16 X:01 Y:7F P:04 S:E8 mem:002AF345 13:9143 tv:0.000007 4A: LSR A
lcpuC PC:EEF8 (09 07 8D) A:0B X:01 Y:7F P:04 S:E8 mem:002AF345 13:9141 tv:0.000000 09: ORA imm
lcpuC PC:EEFA (8D 40 FE) A:0F X:01 Y:7F P:04 S:E8 mem:002AF345 13:9139 tv:0.000000 8D: STA abs
here! 0x00000f 0x00eefd 0xe6fa3010 0xcdde0ebc tv:0.000000 (cycle 9139  pc ~EEFA
writemem_ex! addr=FE40 val=0F
lcpuC PC:EEFD (20 2E F1) A:0F X:01 Y:7F P:04 S:E8 mem:002AF345 13:9135 tv:0.000006 20: JSR
lcpuC PC:F12E (A9 0B 8D) A:0F X:01 Y:7F P:04 S:E6 mem:002AF406 13:9129 tv:0.000001 A9: LDA imm
lcpuC PC:F130 (8D 40 FE) A:0B X:01 Y:7F P:04 S:E6 mem:002AF406 13:9127 tv:0.000000 8D: STA abs
here! 0x00000b 0x00f133 0xe6fa3010 0xcdde0ebc tv:0.000000 (cycle 9127  pc ~F130
writemem_ex! addr=FE40 val=0B
lcpuC PC:F133 (8A 60 49) A:0B X:01 Y:7F P:04 S:E6 mem:002AF406 13:9123 tv:0.000007 8A: TXA
lcpuC PC:F134 (60 49 8C) A:01 X:01 Y:7F P:04 S:E6 mem:002AF406 13:9121 tv:0.000001 60: RTS
lcpuC PC:EF00 (68 60 50) A:01 X:01 Y:7F P:04 S:E8 mem:002AF406 13:9115 tv:0.000001 68: PLA
lcpuC PC:EF01 (60 50 0A) A:34 X:01 Y:7F P:04 S:E9 mem:002AF406 13:9111 tv:0.000000 60: RTS
lcpuC PC:E9E7 (28 2A 60) A:34 X:01 Y:7F P:04 S:EB mem:002AF406 13:9105 tv:0.000000 28: PLP
lcpuC PC:E9E8 (2A 60 90) A:34 X:01 Y:7F P:06 S:EC mem:002AF406 13:9101 tv:0.000002 2A: ROL A
lcpuC PC:E9E9 (60 90 09) A:68 X:01 Y:7F P:04 S:EC mem:002AF406 13:9099 tv:0.000001 60: RTS
lcpuC PC:CAE6 (90 02 30) A:68 X:01 Y:7F P:04 S:EE mem:002AF406 13:9093 tv:0.000000 90: BCC
lcpuC PC:CAEA (A5 D0 49) A:68 X:01 Y:7F P:04 S:EE mem:002AF406 13:9090 tv:0.000000 A5: LDA zp
lcpuC PC:CAEC (49 04 29) A:00 X:01 Y:7F P:06 S:EE mem:002AF406 13:9087 tv:0.000001 49: EOR imm
lcpuC PC:CAEE (29 46 D0) A:04 X:01 Y:7F P:04 S:EE mem:002AF406 13:9085 tv:0.000001 29: AND
lcpuC PC:CAF0 (D0 2A AD) A:04 X:01 Y:7F P:04 S:EE mem:002AF406 13:9082 tv:0.000001 D0: BNE
lcpuC PC:CB1C (60 48 A2) A:04 X:01 Y:7F P:04 S:EE mem:002AF406 13:9079 tv:0.000001 60: RTS
lcpuC PC:C68E (AE 19 03) A:04 X:01 Y:7F P:04 S:F0 mem:002AF406 13:9073 tv:0.000001 AE: LDX abs
lcpuC PC:C691 (EC 09 03) A:04 X:02 Y:7F P:04 S:F0 mem:002AF406 13:9069 tv:0.000000 EC: CPX abs
lcpuC PC:C694 (B0 05 EE) A:04 X:02 Y:7F P:84 S:F0 mem:002AF406 13:9065 tv:0.000000 B0: BCS
lcpuC PC:C696 (EE 19 03) A:04 X:02 Y:7F P:84 S:F0 mem:002AF406 13:9063 tv:0.000000 EE: INC abs
lcpuC PC:C699 (90 14 20) A:04 X:02 Y:7F P:04 S:F0 mem:002AF407 13:9057 tv:0.000001 90: BCC
lcpuC PC:C6AF (20 06 CF) A:04 X:02 Y:7F P:04 S:F0 mem:002AF407 13:9054 tv:0.000001 20: JSR
lcpuC PC:CF06 (AD 19 03) A:04 X:02 Y:7F P:04 S:EE mem:002AF42B 13:9048 tv:0.000001 AD: LDA abs
lcpuC PC:CF09 (0A A8 B1) A:03 X:02 Y:7F P:04 S:EE mem:002AF42B 13:9044 tv:0.000001 0A: ASL A
lcpuC PC:CF0A (A8 B1 E0) A:06 X:02 Y:7F P:04 S:EE mem:002AF42B 13:9042 tv:0.000001 A8: TAY
lcpuC PC:CF0B (B1 E0 85) A:06 X:02 Y:06 P:04 S:EE mem:002AF42B 13:9040 tv:0.000001 B1: LDA (),y
lcpuC PC:CF0D (85 D9 C8) A:00 X:02 Y:06 P:06 S:EE mem:002AF42B 13:9035 tv:0.000001 85: STA zp
lcpuC PC:CF0F (C8 A9 02) A:00 X:02 Y:06 P:06 S:EE mem:002AF3AF 13:9032 tv:0.000000 C8: INY
lcpuC PC:CF10 (A9 02 2D) A:00 X:02 Y:07 P:04 S:EE mem:002AF3AF 13:9030 tv:0.000000 A9: LDA imm
lcpuC PC:CF12 (2D 56 03) A:02 X:02 Y:07 P:04 S:EE mem:002AF3AF 13:9028 tv:0.000009 2D: AND abs
lcpuC PC:CF15 (08 B1 E0) A:00 X:02 Y:07 P:06 S:EE mem:002AF3AF 13:9024 tv:0.000001 08: PHP
lcpuC PC:CF16 (B1 E0 28) A:00 X:02 Y:07 P:06 S:ED mem:002AF31B 13:9021 tv:0.000001 B1: LDA (),y
lcpuC PC:CF18 (28 F0 03) A:78 X:02 Y:07 P:04 S:ED mem:002AF31B 13:9016 tv:0.000000 28: PLP
lcpuC PC:CF19 (F0 03 46) A:78 X:02 Y:07 P:06 S:EE mem:002AF31B 13:9012 tv:0.000001 F0: BEQ
lcpuC PC:CF1E (6D 50 03) A:78 X:02 Y:07 P:06 S:EE mem:002AF31B 13:9009 tv:0.000001 6D: ADC abs
lcpuC PC:CF21 (85 D8 A5) A:78 X:02 Y:07 P:04 S:EE mem:002AF31B 13:9005 tv:0.000000 85: STA zp
lcpuC PC:CF23 (A5 D9 6D) A:78 X:02 Y:07 P:04 S:EE mem:002AF343 13:9002 tv:0.000000 A5: LDA zp
lcpuC PC:CF25 (6D 51 03) A:00 X:02 Y:07 P:06 S:EE mem:002AF343 13:8999 tv:0.000000 6D: ADC abs
lcpuC PC:CF28 (A8 AD 18) A:7C X:02 Y:07 P:04 S:EE mem:002AF343 13:8995 tv:0.000001 A8: TAY
lcpuC PC:CF29 (AD 18 03) A:7C X:02 Y:7C P:04 S:EE mem:002AF343 13:8993 tv:0.000000 AD: LDA abs
lcpuC PC:CF2C (AE 4F 03) A:00 X:02 Y:7C P:06 S:EE mem:002AF343 13:8989 tv:0.000001 AE: LDX abs
lcpuC PC:CF2F (CA F0 12) A:00 X:01 Y:7C P:04 S:EE mem:002AF343 13:8985 tv:0.000001 CA: DEX
lcpuC PC:CF30 (F0 12 E0) A:00 X:00 Y:7C P:06 S:EE mem:002AF343 13:8983 tv:0.000001 F0: BEQ
lcpuC PC:CF44 (18 65 D8) A:00 X:00 Y:7C P:06 S:EE mem:002AF343 13:8980 tv:0.000001 18: CLC
lcpuC PC:CF45 (65 D8 85) A:00 X:00 Y:7C P:06 S:EE mem:002AF343 13:8978 tv:0.000000 65: ADC zp
lcpuC PC:CF47 (85 D8 8D) A:78 X:00 Y:7C P:04 S:EE mem:002AF343 13:8975 tv:0.000001 85: STA zp
lcpuC PC:CF49 (8D 4A 03) A:78 X:00 Y:7C P:04 S:EE mem:002AF343 13:8972 tv:0.000000 8D: STA abs
lcpuC PC:CF4C (AA 98 69) A:78 X:00 Y:7C P:04 S:EE mem:002AF36B 13:8968 tv:0.000001 AA: TAX
lcpuC PC:CF4D (98 69 00) A:78 X:78 Y:7C P:04 S:EE mem:002AF36B 13:8966 tv:0.000000 98: TYA
lcpuC PC:CF4E (69 00 8D) A:7C X:78 Y:7C P:04 S:EE mem:002AF36B 13:8964 tv:0.000001 69: ADC imm
lcpuC PC:CF50 (8D 4B 03) A:7C X:78 Y:7C P:04 S:EE mem:002AF36B 13:8962 tv:0.000000 8D: STA abs
lcpuC PC:CF53 (10 04 38) A:7C X:78 Y:7C P:04 S:EE mem:002AF36B 13:8958 tv:0.000000 10: BPL
lcpuC PC:CF59 (85 D9 18) A:7C X:78 Y:7C P:04 S:EE mem:002AF36B 13:8955 tv:0.000000 85: STA zp
lcpuC PC:CF5B (18 60 AE) A:7C X:78 Y:7C P:04 S:EE mem:002AF3E7 13:8952 tv:0.000000 18: CLC
lcpuC PC:CF5C (60 AE 59) A:7C X:78 Y:7C P:04 S:EE mem:002AF3E7 13:8950 tv:0.000000 60: RTS
lcpuC PC:C6B2 (90 7E A2) A:7C X:78 Y:7C P:04 S:F0 mem:002AF3E7 13:8944 tv:0.000001 90: BCC
lcpuC PC:C732 (4C 02 CA) A:7C X:78 Y:7C P:04 S:F0 mem:002AF3E7 13:8941 tv:0.000001 4C: JMP
lcpuC PC:CA02 (86 D8 85) A:7C X:78 Y:7C P:04 S:F0 mem:002AF3E7 13:8938 tv:0.000000 86: STX zp
lcpuC PC:CA04 (85 D9 AE) A:7C X:78 Y:7C P:04 S:F0 mem:002AF3E7 13:8935 tv:0.000001 85: STA zp
lcpuC PC:CA06 (AE 4A 03) A:7C X:78 Y:7C P:04 S:F0 mem:002AF3E7 13:8932 tv:0.000001 AE: LDX abs
lcpuC PC:CA09 (AD 4B 03) A:7C X:78 Y:7C P:04 S:F0 mem:002AF3E7 13:8928 tv:0.000001 AD: LDA abs
lcpuC PC:CA0C (A0 0E 48) A:7C X:78 Y:7C P:04 S:F0 mem:002AF3E7 13:8924 tv:0.000001 A0: LDY imm
lcpuC PC:CA0E (48 AD 55) A:7C X:78 Y:0E P:04 S:F0 mem:002AF3E7 13:8922 tv:0.000001 48: PHA
lcpuC PC:CA0F (AD 55 03) A:7C X:78 Y:0E P:04 S:EF mem:002AF39D 13:8919 tv:0.000001 AD: LDA abs
lcpuC PC:CA12 (C9 07 68) A:07 X:78 Y:0E P:04 S:EF mem:002AF39D 13:8915 tv:0.000001 C9: CMP imm
lcpuC PC:CA14 (68 B0 10) A:07 X:78 Y:0E P:07 S:EF mem:002AF39D 13:8913 tv:0.000001 68: PLA
lcpuC PC:CA15 (B0 10 86) A:7C X:78 Y:0E P:05 S:F0 mem:002AF39D 13:8909 tv:0.000001 B0: BCS
lcpuC PC:CA27 (E9 74 49) A:7C X:78 Y:0E P:05 S:F0 mem:002AF39D 13:8906 tv:0.000000 E9: SBC imm
lcpuC PC:CA29 (49 20 8C) A:08 X:78 Y:0E P:05 S:F0 mem:002AF39D 13:8904 tv:0.000000 49: EOR imm
lcpuC PC:CA2B (8C 00 FE) A:28 X:78 Y:0E P:05 S:F0 mem:002AF39D 13:8902 tv:0.000000 8C: STY abs
here! 0x00000e 0x00ca2e 0xe6fa3010 0xcdde0ebc tv:0.000000 (cycle 8902  pc ~CA2B
writemem_ex! addr=FE00 val=0E
lcpuC PC:CA2E (8D 01 FE) A:28 X:78 Y:0E P:05 S:F0 mem:002AF39D 13:8898 tv:0.000007 8D: STA abs
here! 0x000028 0x00ca31 0xe6fa3010 0xcdde0ebc tv:0.000000 (cycle 8898  pc ~CA2E
writemem_ex! addr=FE01 val=28
lcpuC PC:CA31 (C8 8C 00) A:28 X:78 Y:0E P:05 S:F0 mem:002AF39D 13:8894 tv:0.000006 C8: INY
lcpuC PC:CA32 (8C 00 FE) A:28 X:78 Y:0F P:05 S:F0 mem:002AF39D 13:8892 tv:0.000001 8C: STY abs
here! 0x00000f 0x00ca35 0xe6fa3010 0xcdde0ebc tv:0.000000 (cycle 8892  pc ~CA32
writemem_ex! addr=FE00 val=0F
lcpuC PC:CA35 (8E 01 FE) A:28 X:78 Y:0F P:05 S:F0 mem:002AF39D 13:8888 tv:0.000006 8E: STX abs
here! 0x000078 0x00ca38 0xe6fa3010 0xcdde0ebc tv:0.000000 (cycle 8888  pc ~CA35
writemem_ex! addr=FE01 val=78
lcpuC PC:CA38 (60 20 81) A:28 X:78 Y:0F P:05 S:F0 mem:002AF39D 13:8884 tv:0.000013 60: RTS
lcpuC PC:C55B (28 90 03) A:28 X:78 Y:0F P:05 S:F2 mem:002AF39D 13:8878 tv:0.000000 28: PLP
lcpuC PC:C55C (90 03 A5) A:28 X:78 Y:0F P:07 S:F3 mem:002AF39D 13:8874 tv:0.000001 90: BCC
lcpuC PC:C55E (A5 D0 4A) A:28 X:78 Y:0F P:07 S:F3 mem:002AF39D 13:8872 tv:0.000000 A5: LDA zp
lcpuC PC:C560 (4A 24 D0) A:00 X:78 Y:0F P:07 S:F3 mem:002AF39D 13:8869 tv:0.000000 4A: LSR A
lcpuC PC:C561 (24 D0 50) A:00 X:78 Y:0F P:06 S:F3 mem:002AF39D 13:8867 tv:0.000000 24: BIT zp
lcpuC PC:C563 (50 AC 20) A:00 X:78 Y:0F P:06 S:F3 mem:002AF39D 13:8864 tv:0.000001 50: BVC
lcpuC PC:C511 (60 9D 24) A:00 X:78 Y:0F P:06 S:F3 mem:002AF39D 13:8861 tv:0.000000 60: RTS
lcpuC PC:E0C8 (A9 08 2C) A:00 X:78 Y:0F P:06 S:F5 mem:002AF39D 13:8855 tv:0.000001 A9: LDA imm
lcpuC PC:E0CA (2C 7C 02) A:08 X:78 Y:0F P:04 S:F5 mem:002AF39D 13:8853 tv:0.000000 2C: BIT abs
lcpuC PC:E0CD (D0 02 90) A:08 X:78 Y:0F P:06 S:F5 mem:002AF39D 13:8849 tv:0.000000 D0: BNE
lcpuC PC:E0CF (90 05 68) A:08 X:78 Y:0F P:06 S:F5 mem:002AF39D 13:8847 tv:0.000000 90: BCC
lcpuC PC:E0D6 (AD 7C 02) A:08 X:78 Y:0F P:06 S:F5 mem:002AF39D 13:8844 tv:0.000001 AD: LDA abs
lcpuC PC:E0D9 (6A 90 1B) A:00 X:78 Y:0F P:06 S:F5 mem:002AF39D 13:8840 tv:0.000002 6A: ROR A
lcpuC PC:E0DA (90 1B A4) A:00 X:78 Y:0F P:06 S:F5 mem:002AF39D 13:8838 tv:0.000001 90: BCC
lcpuC PC:E0F7 (A9 10 2C) A:00 X:78 Y:0F P:06 S:F5 mem:002AF39D 13:8835 tv:0.000001 A9: LDA imm
lcpuC PC:E0F9 (2C 7C 02) A:10 X:78 Y:0F P:04 S:F5 mem:002AF39D 13:8833 tv:0.000000 2C: BIT abs
lcpuC PC:E0FC (D0 0F AC) A:10 X:78 Y:0F P:06 S:F5 mem:002AF39D 13:8829 tv:0.000001 D0: BNE
lcpuC PC:E0FE (AC 57 02) A:10 X:78 Y:0F P:06 S:F5 mem:002AF39D 13:8827 tv:0.000001 AC: LDY abs
lcpuC PC:E101 (F0 0A 68) A:10 X:78 Y:00 P:06 S:F5 mem:002AF39D 13:8823 tv:0.000001 F0: BEQ
lcpuC PC:E10D (68 68 A8) A:10 X:78 Y:00 P:06 S:F5 mem:002AF39D 13:8820 tv:0.000001 68: PLA
lcpuC PC:E10E (68 A8 68) A:0A X:78 Y:00 P:04 S:F6 mem:002AF39D 13:8816 tv:0.000001 68: PLA
lcpuC PC:E10F (A8 68 AA) A:1E X:78 Y:00 P:04 S:F7 mem:002AF39D 13:8812 tv:0.000001 A8: TAY
lcpuC PC:E110 (68 AA 68) A:1E X:78 Y:1E P:04 S:F7 mem:002AF39D 13:8810 tv:0.000000 68: PLA
lcpuC PC:E111 (AA 68 60) A:0D X:78 Y:1E P:04 S:F8 mem:002AF39D 13:8806 tv:0.000001 AA: TAX
lcpuC PC:E112 (68 60 2C) A:0D X:0D Y:1E P:04 S:F8 mem:002AF39D 13:8804 tv:0.000001 68: PLA
lcpuC PC:E113 (60 2C 7C) A:0A X:0D Y:1E P:04 S:F9 mem:002AF39D 13:8800 tv:0.000001 60: RTS
lcpuC PC:FFEC (A9 0D 6C) A:0A X:0D Y:1E P:04 S:FB mem:002AF39D 13:8794 tv:0.000000 A9: LDA imm
readmem_ex! addr=FFED val=0D
lcpuC PC:FFEE (6C 0E 02) A:0D X:0D Y:1E P:04 S:FB mem:002AF39D 13:8792 tv:0.000003 6C: JMP ()
readmem_ex! addr=FFEF val=0E
readmem_ex! addr=FFF0 val=02
lcpuC PC:E0A4 (48 8A 48) A:0D X:0D Y:1E P:04 S:FB mem:002AF39D 13:8787 tv:0.000006 48: PHA
lcpuC PC:E0A5 (8A 48 98) A:0D X:0D Y:1E P:04 S:FA mem:002AF2AB 13:8784 tv:0.000000 8A: TXA
lcpuC PC:E0A6 (48 98 48) A:0D X:0D Y:1E P:04 S:FA mem:002AF2AB 13:8782 tv:0.000000 48: PHA
lcpuC PC:E0A7 (98 48 BA) A:0D X:0D Y:1E P:04 S:F9 mem:002AF1CD 13:8779 tv:0.000000 98: TYA
lcpuC PC:E0A8 (48 BA BD) A:1E X:0D Y:1E P:04 S:F9 mem:002AF1CD 13:8777 tv:0.000001 48: PHA
lcpuC PC:E0A9 (BA BD 03) A:1E X:0D Y:1E P:04 S:F8 mem:002AF1E1 13:8774 tv:0.000001 BA: TSX
lcpuC PC:E0AA (BD 03 01) A:1E X:F8 Y:1E P:84 S:F8 mem:002AF1E1 13:8772 tv:0.000008 BD: LDA abs,x
lcpuC PC:E0AD (48 2C 60) A:0D X:F8 Y:1E P:04 S:F8 mem:002AF1E1 13:8768 tv:0.000000 48: PHA
lcpuC PC:E0AE (2C 60 02) A:0D X:F8 Y:1E P:04 S:F7 mem:002AF1E1 13:8765 tv:0.000001 2C: BIT abs
lcpuC PC:E0B1 (10 08 A8) A:0D X:F8 Y:1E P:06 S:F7 mem:002AF1E1 13:8761 tv:0.000000 10: BPL
lcpuC PC:E0BB (18 A9 02) A:0D X:F8 Y:1E P:06 S:F7 mem:002AF1E1 13:8758 tv:0.000000 18: CLC
lcpuC PC:E0BC (A9 02 2C) A:0D X:F8 Y:1E P:06 S:F7 mem:002AF1E1 13:8756 tv:0.000000 A9: LDA imm
lcpuC PC:E0BE (2C 7C 02) A:02 X:F8 Y:1E P:04 S:F7 mem:002AF1E1 13:8754 tv:0.000001 2C: BIT abs
lcpuC PC:E0C1 (D0 05 68) A:02 X:F8 Y:1E P:06 S:F7 mem:002AF1E1 13:8750 tv:0.000001 D0: BNE
lcpuC PC:E0C3 (68 48 20) A:02 X:F8 Y:1E P:06 S:F7 mem:002AF1E1 13:8748 tv:0.000001 68: PLA
lcpuC PC:E0C4 (48 20 C0) A:0D X:F8 Y:1E P:04 S:F8 mem:002AF1E1 13:8744 tv:0.000000 48: PHA
lcpuC PC:E0C5 (20 C0 C4) A:0D X:F8 Y:1E P:04 S:F7 mem:002AF1E1 13:8741 tv:0.000001 20: JSR
lcpuC PC:C4C0 (AE 6A 02) A:0D X:F8 Y:1E P:04 S:F5 mem:002AF360 13:8735 tv:0.000000 AE: LDX abs
lcpuC PC:C4C3 (D0 4D 24) A:0D X:00 Y:1E P:06 S:F5 mem:002AF360 13:8731 tv:0.000001 D0: BNE
lcpuC PC:C4C5 (24 D0 50) A:0D X:00 Y:1E P:06 S:F5 mem:002AF360 13:8729 tv:0.000001 24: BIT zp
lcpuC PC:C4C7 (50 0F 20) A:0D X:00 Y:1E P:06 S:F5 mem:002AF360 13:8726 tv:0.000001 50: BVC
lcpuC PC:C4D8 (C9 7F F0) A:0D X:00 Y:1E P:06 S:F5 mem:002AF360 13:8723 tv:0.000000 C9: CMP imm
lcpuC PC:C4DA (F0 11 C9) A:0D X:00 Y:1E P:84 S:F5 mem:002AF360 13:8721 tv:0.000000 F0: BEQ
lcpuC PC:C4DC (C9 20 90) A:0D X:00 Y:1E P:84 S:F5 mem:002AF360 13:8719 tv:0.000000 C9: CMP imm
lcpuC PC:C4DE (90 0F 24) A:0D X:00 Y:1E P:84 S:F5 mem:002AF360 13:8717 tv:0.000001 90: BCC
lcpuC PC:C4EF (A8 B9 33) A:0D X:00 Y:1E P:84 S:F5 mem:002AF360 13:8714 tv:0.000001 A8: TAY
lcpuC PC:C4F0 (B9 33 C3) A:0D X:00 Y:0D P:04 S:F5 mem:002AF360 13:8712 tv:0.000000 B9: LDA abs,y
lcpuC PC:C4F3 (8D 5D 03) A:AF X:00 Y:0D P:84 S:F5 mem:002AF360 13:8708 tv:0.000000 8D: STA abs
lcpuC PC:C4F6 (B9 54 C3) A:AF X:00 Y:0D P:84 S:F5 mem:002AF31F 13:8704 tv:0.000001 B9: LDA abs,y
lcpuC PC:C4F9 (30 4A AA) A:C7 X:00 Y:0D P:84 S:F5 mem:002AF31F 13:8700 tv:0.000001 30: BMI
lcpuC PC:C545 (8D 5E 03) A:C7 X:00 Y:0D P:84 S:F5 mem:002AF31F 13:8697 tv:0.000001 8D: STA abs
lcpuC PC:C548 (98 C9 08) A:C7 X:00 Y:0D P:84 S:F5 mem:002AF320 13:8693 tv:0.000000 98: TYA
lcpuC PC:C549 (C9 08 90) A:0D X:00 Y:0D P:04 S:F5 mem:002AF320 13:8691 tv:0.000001 C9: CMP imm
lcpuC PC:C54B (90 06 49) A:0D X:00 Y:0D P:05 S:F5 mem:002AF320 13:8689 tv:0.000000 90: BCC
lcpuC PC:C54D (49 FF C9) A:0D X:00 Y:0D P:05 S:F5 mem:002AF320 13:8687 tv:0.000000 49: EOR imm
lcpuC PC:C54F (C9 F2 49) A:F2 X:00 Y:0D P:85 S:F5 mem:002AF320 13:8685 tv:0.000001 C9: CMP imm
lcpuC PC:C551 (49 FF 24) A:F2 X:00 Y:0D P:07 S:F5 mem:002AF320 13:8683 tv:0.000000 49: EOR imm
lcpuC PC:C553 (24 D0 30) A:0D X:00 Y:0D P:05 S:F5 mem:002AF320 13:8681 tv:0.000000 24: BIT zp
lcpuC PC:C555 (30 29 08) A:0D X:00 Y:0D P:07 S:F5 mem:002AF320 13:8678 tv:0.000001 30: BMI
lcpuC PC:C557 (08 20 F5) A:0D X:00 Y:0D P:07 S:F5 mem:002AF320 13:8676 tv:0.000001 08: PHP
lcpuC PC:C558 (20 F5 CC) A:0D X:00 Y:0D P:07 S:F4 mem:002AF277 13:8673 tv:0.000001 20: JSR
lcpuC PC:CCF5 (6C 5D 03) A:0D X:00 Y:0D P:07 S:F2 mem:002AF298 13:8667 tv:0.000000 6C: JMP ()
lcpuC PC:C7AF (20 88 C5) A:0D X:00 Y:0D P:07 S:F2 mem:002AF298 13:8662 tv:0.000000 20: JSR
lcpuC PC:C588 (A5 D0 29) A:0D X:00 Y:0D P:07 S:F0 mem:002AF2F1 13:8656 tv:0.000000 A5: LDA zp
lcpuC PC:C58A (29 20 60) A:00 X:00 Y:0D P:07 S:F0 mem:002AF2F1 13:8653 tv:0.000001 29: AND
lcpuC PC:C58C (60 A0 00) A:00 X:00 Y:0D P:07 S:F0 mem:002AF2F1 13:8650 tv:0.000001 60: RTS
lcpuC PC:C7B2 (F0 03 4C) A:00 X:00 Y:0D P:07 S:F2 mem:002AF2F1 13:8644 tv:0.000001 F0: BEQ
lcpuC PC:C7B7 (20 6E CE) A:00 X:00 Y:0D P:07 S:F2 mem:002AF2F1 13:8641 tv:0.000000 20: JSR
lcpuC PC:CE6E (AD 08 03) A:00 X:00 Y:0D P:07 S:F0 mem:002AF2F9 13:8635 tv:0.000000 AD: LDA abs
lcpuC PC:CE71 (10 70 A5) A:00 X:00 Y:0D P:07 S:F0 mem:002AF2F9 13:8631 tv:0.000000 10: BPL
lcpuC PC:CEE3 (8D 18 03) A:00 X:00 Y:0D P:07 S:F0 mem:002AF2F9 13:8628 tv:0.000000 8D: STA abs
lcpuC PC:CEE6 (38 60 AE) A:00 X:00 Y:0D P:07 S:F0 mem:002AF2F9 13:8624 tv:0.000000 38: SEC
lcpuC PC:CEE7 (60 AE 18) A:00 X:00 Y:0D P:07 S:F0 mem:002AF2F9 13:8622 tv:0.000000 60: RTS
lcpuC PC:C7BA (4C AF C6) A:00 X:00 Y:0D P:07 S:F2 mem:002AF2F9 13:8616 tv:0.000001 4C: JMP
lcpuC PC:C6AF (20 06 CF) A:00 X:00 Y:0D P:07 S:F2 mem:002AF2F9 13:8613 tv:0.000001 20: JSR
lcpuC PC:CF06 (AD 19 03) A:00 X:00 Y:0D P:07 S:F0 mem:002AF2F0 13:8607 tv:0.000001 AD: LDA abs
lcpuC PC:CF09 (0A A8 B1) A:03 X:00 Y:0D P:05 S:F0 mem:002AF2F0 13:8603 tv:0.000000 0A: ASL A
lcpuC PC:CF0A (A8 B1 E0) A:06 X:00 Y:0D P:04 S:F0 mem:002AF2F0 13:8601 tv:0.000000 A8: TAY
lcpuC PC:CF0B (B1 E0 85) A:06 X:00 Y:06 P:04 S:F0 mem:002AF2F0 13:8599 tv:0.000001 B1: LDA (),y
lcpuC PC:CF0D (85 D9 C8) A:00 X:00 Y:06 P:06 S:F0 mem:002AF2F0 13:8594 tv:0.000000 85: STA zp
lcpuC PC:CF0F (C8 A9 02) A:00 X:00 Y:06 P:06 S:F0 mem:002AF274 13:8591 tv:0.000001 C8: INY
lcpuC PC:CF10 (A9 02 2D) A:00 X:00 Y:07 P:04 S:F0 mem:002AF274 13:8589 tv:0.000001 A9: LDA imm
lcpuC PC:CF12 (2D 56 03) A:02 X:00 Y:07 P:04 S:F0 mem:002AF274 13:8587 tv:0.000000 2D: AND abs
lcpuC PC:CF15 (08 B1 E0) A:00 X:00 Y:07 P:06 S:F0 mem:002AF274 13:8583 tv:0.000000 08: PHP
lcpuC PC:CF16 (B1 E0 28) A:00 X:00 Y:07 P:06 S:EF mem:002AF22E 13:8580 tv:0.000000 B1: LDA (),y
lcpuC PC:CF18 (28 F0 03) A:78 X:00 Y:07 P:04 S:EF mem:002AF22E 13:8575 tv:0.000001 28: PLP
lcpuC PC:CF19 (F0 03 46) A:78 X:00 Y:07 P:06 S:F0 mem:002AF22E 13:8571 tv:0.000000 F0: BEQ
lcpuC PC:CF1E (6D 50 03) A:78 X:00 Y:07 P:06 S:F0 mem:002AF22E 13:8568 tv:0.000001 6D: ADC abs
lcpuC PC:CF21 (85 D8 A5) A:78 X:00 Y:07 P:04 S:F0 mem:002AF22E 13:8564 tv:0.000001 85: STA zp
lcpuC PC:CF23 (A5 D9 6D) A:78 X:00 Y:07 P:04 S:F0 mem:002AF22E 13:8561 tv:0.000001 A5: LDA zp
lcpuC PC:CF25 (6D 51 03) A:00 X:00 Y:07 P:06 S:F0 mem:002AF22E 13:8558 tv:0.000001 6D: ADC abs
lcpuC PC:CF28 (A8 AD 18) A:7C X:00 Y:07 P:04 S:F0 mem:002AF22E 13:8554 tv:0.000001 A8: TAY
lcpuC PC:CF29 (AD 18 03) A:7C X:00 Y:7C P:04 S:F0 mem:002AF22E 13:8552 tv:0.000001 AD: LDA abs
lcpuC PC:CF2C (AE 4F 03) A:00 X:00 Y:7C P:06 S:F0 mem:002AF22E 13:8548 tv:0.000001 AE: LDX abs
lcpuC PC:CF2F (CA F0 12) A:00 X:01 Y:7C P:04 S:F0 mem:002AF22E 13:8544 tv:0.000001 CA: DEX
lcpuC PC:CF30 (F0 12 E0) A:00 X:00 Y:7C P:06 S:F0 mem:002AF22E 13:8542 tv:0.000000 F0: BEQ
lcpuC PC:CF44 (18 65 D8) A:00 X:00 Y:7C P:06 S:F0 mem:002AF22E 13:8539 tv:0.000001 18: CLC
lcpuC PC:CF45 (65 D8 85) A:00 X:00 Y:7C P:06 S:F0 mem:002AF22E 13:8537 tv:0.000001 65: ADC zp
lcpuC PC:CF47 (85 D8 8D) A:78 X:00 Y:7C P:04 S:F0 mem:002AF22E 13:8534 tv:0.000000 85: STA zp
lcpuC PC:CF49 (8D 4A 03) A:78 X:00 Y:7C P:04 S:F0 mem:002AF22E 13:8531 tv:0.000000 8D: STA abs
lcpuC PC:CF4C (AA 98 69) A:78 X:00 Y:7C P:04 S:F0 mem:002AF22E 13:8527 tv:0.000000 AA: TAX
lcpuC PC:CF4D (98 69 00) A:78 X:78 Y:7C P:04 S:F0 mem:002AF22E 13:8525 tv:0.000001 98: TYA
lcpuC PC:CF4E (69 00 8D) A:7C X:78 Y:7C P:04 S:F0 mem:002AF22E 13:8523 tv:0.000000 69: ADC imm
lcpuC PC:CF50 (8D 4B 03) A:7C X:78 Y:7C P:04 S:F0 mem:002AF22E 13:8521 tv:0.000000 8D: STA abs
lcpuC PC:CF53 (10 04 38) A:7C X:78 Y:7C P:04 S:F0 mem:002AF22E 13:8517 tv:0.000007 10: BPL
lcpuC PC:CF59 (85 D9 18) A:7C X:78 Y:7C P:04 S:F0 mem:002AF22E 13:8514 tv:0.000000 85: STA zp
lcpuC PC:CF5B (18 60 AE) A:7C X:78 Y:7C P:04 S:F0 mem:002AF2AA 13:8511 tv:0.000000 18: CLC
lcpuC PC:CF5C (60 AE 59) A:7C X:78 Y:7C P:04 S:F0 mem:002AF2AA 13:8509 tv:0.000000 60: RTS
lcpuC PC:C6B2 (90 7E A2) A:7C X:78 Y:7C P:04 S:F2 mem:002AF2AA 13:8503 tv:0.000001 90: BCC
lcpuC PC:C732 (4C 02 CA) A:7C X:78 Y:7C P:04 S:F2 mem:002AF2AA 13:8500 tv:0.000000 4C: JMP
lcpuC PC:CA02 (86 D8 85) A:7C X:78 Y:7C P:04 S:F2 mem:002AF2AA 13:8497 tv:0.000000 86: STX zp
lcpuC PC:CA04 (85 D9 AE) A:7C X:78 Y:7C P:04 S:F2 mem:002AF2AA 13:8494 tv:0.000000 85: STA zp
lcpuC PC:CA06 (AE 4A 03) A:7C X:78 Y:7C P:04 S:F2 mem:002AF2AA 13:8491 tv:0.000000 AE: LDX abs
lcpuC PC:CA09 (AD 4B 03) A:7C X:78 Y:7C P:04 S:F2 mem:002AF2AA 13:8487 tv:0.000000 AD: LDA abs
lcpuC PC:CA0C (A0 0E 48) A:7C X:78 Y:7C P:04 S:F2 mem:002AF2AA 13:8483 tv:0.000000 A0: LDY imm
lcpuC PC:CA0E (48 AD 55) A:7C X:78 Y:0E P:04 S:F2 mem:002AF2AA 13:8481 tv:0.000000 48: PHA
lcpuC PC:CA0F (AD 55 03) A:7C X:78 Y:0E P:04 S:F1 mem:002AF260 13:8478 tv:0.000001 AD: LDA abs
lcpuC PC:CA12 (C9 07 68) A:07 X:78 Y:0E P:04 S:F1 mem:002AF260 13:8474 tv:0.000001 C9: CMP imm
lcpuC PC:CA14 (68 B0 10) A:07 X:78 Y:0E P:07 S:F1 mem:002AF260 13:8472 tv:0.000001 68: PLA
lcpuC PC:CA15 (B0 10 86) A:7C X:78 Y:0E P:05 S:F2 mem:002AF260 13:8468 tv:0.000001 B0: BCS
lcpuC PC:CA27 (E9 74 49) A:7C X:78 Y:0E P:05 S:F2 mem:002AF260 13:8465 tv:0.000001 E9: SBC imm
lcpuC PC:CA29 (49 20 8C) A:08 X:78 Y:0E P:05 S:F2 mem:002AF260 13:8463 tv:0.000001 49: EOR imm
lcpuC PC:CA2B (8C 00 FE) A:28 X:78 Y:0E P:05 S:F2 mem:002AF260 13:8461 tv:0.000001 8C: STY abs
here! 0x00000e 0x00ca2e 0xe6fa3010 0xcdde0ebc tv:0.000006 (cycle 8461  pc ~CA2B
writemem_ex! addr=FE00 val=0E
lcpuC PC:CA2E (8D 01 FE) A:28 X:78 Y:0E P:05 S:F2 mem:002AF260 13:8457 tv:0.000014 8D: STA abs
here! 0x000028 0x00ca31 0xe6fa3010 0xcdde0ebc tv:0.000000 (cycle 8457  pc ~CA2E
writemem_ex! addr=FE01 val=28
lcpuC PC:CA31 (C8 8C 00) A:28 X:78 Y:0E P:05 S:F2 mem:002AF260 13:8453 tv:0.000006 C8: INY
lcpuC PC:CA32 (8C 00 FE) A:28 X:78 Y:0F P:05 S:F2 mem:002AF260 13:8451 tv:0.000000 8C: STY abs
here! 0x00000f 0x00ca35 0xe6fa3010 0xcdde0ebc tv:0.000000 (cycle 8451  pc ~CA32
writemem_ex! addr=FE00 val=0F
lcpuC PC:CA35 (8E 01 FE) A:28 X:78 Y:0F P:05 S:F2 mem:002AF260 13:8447 tv:0.000006 8E: STX abs
here! 0x000078 0x00ca38 0xe6fa3010 0xcdde0ebc tv:0.000000 (cycle 8447  pc ~CA35
writemem_ex! addr=FE01 val=78
lcpuC PC:CA38 (60 20 81) A:28 X:78 Y:0F P:05 S:F2 mem:002AF260 13:8443 tv:0.000006 60: RTS
lcpuC PC:C55B (28 90 03) A:28 X:78 Y:0F P:05 S:F4 mem:002AF260 13:8437 tv:0.000000 28: PLP
lcpuC PC:C55C (90 03 A5) A:28 X:78 Y:0F P:07 S:F5 mem:002AF260 13:8433 tv:0.000000 90: BCC
lcpuC PC:C55E (A5 D0 4A) A:28 X:78 Y:0F P:07 S:F5 mem:002AF260 13:8431 tv:0.000000 A5: LDA zp
lcpuC PC:C560 (4A 24 D0) A:00 X:78 Y:0F P:07 S:F5 mem:002AF260 13:8428 tv:0.000001 4A: LSR A
lcpuC PC:C561 (24 D0 50) A:00 X:78 Y:0F P:06 S:F5 mem:002AF260 13:8426 tv:0.000000 24: BIT zp
lcpuC PC:C563 (50 AC 20) A:00 X:78 Y:0F P:06 S:F5 mem:002AF260 13:8423 tv:0.000001 50: BVC
lcpuC PC:C511 (60 9D 24) A:00 X:78 Y:0F P:06 S:F5 mem:002AF260 13:8420 tv:0.000001 60: RTS
lcpuC PC:E0C8 (A9 08 2C) A:00 X:78 Y:0F P:06 S:F7 mem:002AF260 13:8414 tv:0.000001 A9: LDA imm
lcpuC PC:E0CA (2C 7C 02) A:08 X:78 Y:0F P:04 S:F7 mem:002AF260 13:8412 tv:0.000001 2C: BIT abs
lcpuC PC:E0CD (D0 02 90) A:08 X:78 Y:0F P:06 S:F7 mem:002AF260 13:8408 tv:0.000000 D0: BNE
lcpuC PC:E0CF (90 05 68) A:08 X:78 Y:0F P:06 S:F7 mem:002AF260 13:8406 tv:0.000000 90: BCC
lcpuC PC:E0D6 (AD 7C 02) A:08 X:78 Y:0F P:06 S:F7 mem:002AF260 13:8403 tv:0.000000 AD: LDA abs
lcpuC PC:E0D9 (6A 90 1B) A:00 X:78 Y:0F P:06 S:F7 mem:002AF260 13:8399 tv:0.000000 6A: ROR A
lcpuC PC:E0DA (90 1B A4) A:00 X:78 Y:0F P:06 S:F7 mem:002AF260 13:8397 tv:0.000001 90: BCC
lcpuC PC:E0F7 (A9 10 2C) A:00 X:78 Y:0F P:06 S:F7 mem:002AF260 13:8394 tv:0.000000 A9: LDA imm
lcpuC PC:E0F9 (2C 7C 02) A:10 X:78 Y:0F P:04 S:F7 mem:002AF260 13:8392 tv:0.000000 2C: BIT abs
lcpuC PC:E0FC (D0 0F AC) A:10 X:78 Y:0F P:06 S:F7 mem:002AF260 13:8388 tv:0.000000 D0: BNE
lcpuC PC:E0FE (AC 57 02) A:10 X:78 Y:0F P:06 S:F7 mem:002AF260 13:8386 tv:0.000000 AC: LDY abs
lcpuC PC:E101 (F0 0A 68) A:10 X:78 Y:00 P:06 S:F7 mem:002AF260 13:8382 tv:0.000001 F0: BEQ
lcpuC PC:E10D (68 68 A8) A:10 X:78 Y:00 P:06 S:F7 mem:002AF260 13:8379 tv:0.000000 68: PLA
lcpuC PC:E10E (68 A8 68) A:0D X:78 Y:00 P:04 S:F8 mem:002AF260 13:8375 tv:0.000000 68: PLA
lcpuC PC:E10F (A8 68 AA) A:1E X:78 Y:00 P:04 S:F9 mem:002AF260 13:8371 tv:0.000000 A8: TAY
lcpuC PC:E110 (68 AA 68) A:1E X:78 Y:1E P:04 S:F9 mem:002AF260 13:8369 tv:0.000000 68: PLA
lcpuC PC:E111 (AA 68 60) A:0D X:78 Y:1E P:04 S:FA mem:002AF260 13:8365 tv:0.000001 AA: TAX
lcpuC PC:E112 (68 60 2C) A:0D X:0D Y:1E P:04 S:FA mem:002AF260 13:8363 tv:0.000000 68: PLA
lcpuC PC:E113 (60 2C 7C) A:0D X:0D Y:1E P:04 S:FB mem:002AF260 13:8359 tv:0.000001 60: RTS
lcpuC PC:DEB7 (AA D0 F7) A:0D X:0D Y:1E P:04 S:FD mem:002AF260 13:8353 tv:0.000000 AA: TAX
lcpuC PC:DEB8 (D0 F7 60) A:0D X:0D Y:1E P:04 S:FD mem:002AF260 13:8351 tv:0.000000 D0: BNE
lcpuC PC:DEB1 (C8 B1 FD) A:0D X:0D Y:1E P:04 S:FD mem:002AF260 13:8348 tv:0.000000 C8: INY
lcpuC PC:DEB2 (B1 FD 20) A:0D X:0D Y:1F P:04 S:FD mem:002AF260 13:8346 tv:0.000001 B1: LDA (),y
lcpuC PC:DEB4 (20 E3 FF) A:00 X:0D Y:1F P:06 S:FD mem:002AF260 13:8341 tv:0.000001 20: JSR
lcpuC PC:FFE3 (C9 0D D0) A:00 X:0D Y:1F P:06 S:FB mem:002AF260 13:8335 tv:0.000001 C9: CMP imm
readmem_ex! addr=FFE4 val=0D
lcpuC PC:FFE5 (D0 07 A9) A:00 X:0D Y:1F P:84 S:FB mem:002AF260 13:8333 tv:0.000004 D0: BNE
readmem_ex! addr=FFE6 val=07
lcpuC PC:FFEE (6C 0E 02) A:00 X:0D Y:1F P:84 S:FB mem:002AF260 13:8330 tv:0.000007 6C: JMP ()
readmem_ex! addr=FFEF val=0E
readmem_ex! addr=FFF0 val=02
lcpuC PC:E0A4 (48 8A 48) A:00 X:0D Y:1F P:84 S:FB mem:002AF260 13:8325 tv:0.000006 48: PHA
lcpuC PC:E0A5 (8A 48 98) A:00 X:0D Y:1F P:84 S:FA mem:002AF253 13:8322 tv:0.000000 8A: TXA
lcpuC PC:E0A6 (48 98 48) A:0D X:0D Y:1F P:04 S:FA mem:002AF253 13:8320 tv:0.000000 48: PHA
lcpuC PC:E0A7 (98 48 BA) A:0D X:0D Y:1F P:04 S:F9 mem:002AF253 13:8317 tv:0.000000 98: TYA
lcpuC PC:E0A8 (48 BA BD) A:1F X:0D Y:1F P:04 S:F9 mem:002AF253 13:8315 tv:0.000000 48: PHA
lcpuC PC:E0A9 (BA BD 03) A:1F X:0D Y:1F P:04 S:F8 mem:002AF254 13:8312 tv:0.000000 BA: TSX
lcpuC PC:E0AA (BD 03 01) A:1F X:F8 Y:1F P:84 S:F8 mem:002AF254 13:8310 tv:0.000001 BD: LDA abs,x
lcpuC PC:E0AD (48 2C 60) A:00 X:F8 Y:1F P:06 S:F8 mem:002AF254 13:8306 tv:0.000000 48: PHA
lcpuC PC:E0AE (2C 60 02) A:00 X:F8 Y:1F P:06 S:F7 mem:002AF247 13:8303 tv:0.000000 2C: BIT abs
lcpuC PC:E0B1 (10 08 A8) A:00 X:F8 Y:1F P:06 S:F7 mem:002AF247 13:8299 tv:0.000001 10: BPL
lcpuC PC:E0BB (18 A9 02) A:00 X:F8 Y:1F P:06 S:F7 mem:002AF247 13:8296 tv:0.000000 18: CLC
lcpuC PC:E0BC (A9 02 2C) A:00 X:F8 Y:1F P:06 S:F7 mem:002AF247 13:8294 tv:0.000000 A9: LDA imm
lcpuC PC:E0BE (2C 7C 02) A:02 X:F8 Y:1F P:04 S:F7 mem:002AF247 13:8292 tv:0.000001 2C: BIT abs
lcpuC PC:E0C1 (D0 05 68) A:02 X:F8 Y:1F P:06 S:F7 mem:002AF247 13:8288 tv:0.000001 D0: BNE
lcpuC PC:E0C3 (68 48 20) A:02 X:F8 Y:1F P:06 S:F7 mem:002AF247 13:8286 tv:0.000000 68: PLA
lcpuC PC:E0C4 (48 20 C0) A:00 X:F8 Y:1F P:06 S:F8 mem:002AF247 13:8282 tv:0.000001 48: PHA
lcpuC PC:E0C5 (20 C0 C4) A:00 X:F8 Y:1F P:06 S:F7 mem:002AF247 13:8279 tv:0.000000 20: JSR
lcpuC PC:C4C0 (AE 6A 02) A:00 X:F8 Y:1F P:06 S:F5 mem:002AF247 13:8273 tv:0.000001 AE: LDX abs
lcpuC PC:C4C3 (D0 4D 24) A:00 X:00 Y:1F P:06 S:F5 mem:002AF247 13:8269 tv:0.000000 D0: BNE
lcpuC PC:C4C5 (24 D0 50) A:00 X:00 Y:1F P:06 S:F5 mem:002AF247 13:8267 tv:0.000000 24: BIT zp
lcpuC PC:C4C7 (50 0F 20) A:00 X:00 Y:1F P:06 S:F5 mem:002AF247 13:8264 tv:0.000000 50: BVC
lcpuC PC:C4D8 (C9 7F F0) A:00 X:00 Y:1F P:06 S:F5 mem:002AF247 13:8261 tv:0.000008 C9: CMP imm
lcpuC PC:C4DA (F0 11 C9) A:00 X:00 Y:1F P:84 S:F5 mem:002AF247 13:8259 tv:0.000000 F0: BEQ
lcpuC PC:C4DC (C9 20 90) A:00 X:00 Y:1F P:84 S:F5 mem:002AF247 13:8257 tv:0.000001 C9: CMP imm
lcpuC PC:C4DE (90 0F 24) A:00 X:00 Y:1F P:84 S:F5 mem:002AF247 13:8255 tv:0.000001 90: BCC
lcpuC PC:C4EF (A8 B9 33) A:00 X:00 Y:1F P:84 S:F5 mem:002AF247 13:8252 tv:0.000001 A8: TAY
lcpuC PC:C4F0 (B9 33 C3) A:00 X:00 Y:00 P:06 S:F5 mem:002AF247 13:8250 tv:0.000001 B9: LDA abs,y
lcpuC PC:C4F3 (8D 5D 03) A:11 X:00 Y:00 P:04 S:F5 mem:002AF247 13:8246 tv:0.000000 8D: STA abs
lcpuC PC:C4F6 (B9 54 C3) A:11 X:00 Y:00 P:04 S:F5 mem:002AF1A9 13:8242 tv:0.000001 B9: LDA abs,y
lcpuC PC:C4F9 (30 4A AA) A:C5 X:00 Y:00 P:84 S:F5 mem:002AF1A9 13:8238 tv:0.000000 30: BMI
lcpuC PC:C545 (8D 5E 03) A:C5 X:00 Y:00 P:84 S:F5 mem:002AF1A9 13:8235 tv:0.000001 8D: STA abs
lcpuC PC:C548 (98 C9 08) A:C5 X:00 Y:00 P:84 S:F5 mem:002AF1A7 13:8231 tv:0.000001 98: TYA
lcpuC PC:C549 (C9 08 90) A:00 X:00 Y:00 P:06 S:F5 mem:002AF1A7 13:8229 tv:0.000001 C9: CMP imm
lcpuC PC:C54B (90 06 49) A:00 X:00 Y:00 P:84 S:F5 mem:002AF1A7 13:8227 tv:0.000000 90: BCC
lcpuC PC:C553 (24 D0 30) A:00 X:00 Y:00 P:84 S:F5 mem:002AF1A7 13:8224 tv:0.000000 24: BIT zp
lcpuC PC:C555 (30 29 08) A:00 X:00 Y:00 P:06 S:F5 mem:002AF1A7 13:8221 tv:0.000001 30: BMI
lcpuC PC:C557 (08 20 F5) A:00 X:00 Y:00 P:06 S:F5 mem:002AF1A7 13:8219 tv:0.000001 08: PHP
lcpuC PC:C558 (20 F5 CC) A:00 X:00 Y:00 P:06 S:F4 mem:002AF1A6 13:8216 tv:0.000001 20: JSR
lcpuC PC:CCF5 (6C 5D 03) A:00 X:00 Y:00 P:06 S:F2 mem:002AF1A6 13:8210 tv:0.000001 6C: JMP ()
lcpuC PC:C511 (60 9D 24) A:00 X:00 Y:00 P:06 S:F2 mem:002AF1A6 13:8205 tv:0.000000 60: RTS
lcpuC PC:C55B (28 90 03) A:00 X:00 Y:00 P:06 S:F4 mem:002AF1A6 13:8199 tv:0.000001 28: PLP
lcpuC PC:C55C (90 03 A5) A:00 X:00 Y:00 P:06 S:F5 mem:002AF1A6 13:8195 tv:0.000001 90: BCC
lcpuC PC:C561 (24 D0 50) A:00 X:00 Y:00 P:06 S:F5 mem:002AF1A6 13:8192 tv:0.000000 24: BIT zp
lcpuC PC:C563 (50 AC 20) A:00 X:00 Y:00 P:06 S:F5 mem:002AF1A6 13:8189 tv:0.000000 50: BVC
lcpuC PC:C511 (60 9D 24) A:00 X:00 Y:00 P:06 S:F5 mem:002AF1A6 13:8186 tv:0.000001 60: RTS
lcpuC PC:E0C8 (A9 08 2C) A:00 X:00 Y:00 P:06 S:F7 mem:002AF1A6 13:8180 tv:0.000001 A9: LDA imm
lcpuC PC:E0CA (2C 7C 02) A:08 X:00 Y:00 P:04 S:F7 mem:002AF1A6 13:8178 tv:0.000000 2C: BIT abs
lcpuC PC:E0CD (D0 02 90) A:08 X:00 Y:00 P:06 S:F7 mem:002AF1A6 13:8174 tv:0.000001 D0: BNE
lcpuC PC:E0CF (90 05 68) A:08 X:00 Y:00 P:06 S:F7 mem:002AF1A6 13:8172 tv:0.000000 90: BCC
lcpuC PC:E0D6 (AD 7C 02) A:08 X:00 Y:00 P:06 S:F7 mem:002AF1A6 13:8169 tv:0.000001 AD: LDA abs
lcpuC PC:E0D9 (6A 90 1B) A:00 X:00 Y:00 P:06 S:F7 mem:002AF1A6 13:8165 tv:0.000000 6A: ROR A
lcpuC PC:E0DA (90 1B A4) A:00 X:00 Y:00 P:06 S:F7 mem:002AF1A6 13:8163 tv:0.000000 90: BCC
lcpuC PC:E0F7 (A9 10 2C) A:00 X:00 Y:00 P:06 S:F7 mem:002AF1A6 13:8160 tv:0.000001 A9: LDA imm
lcpuC PC:E0F9 (2C 7C 02) A:10 X:00 Y:00 P:04 S:F7 mem:002AF1A6 13:8158 tv:0.000001 2C: BIT abs
lcpuC PC:E0FC (D0 0F AC) A:10 X:00 Y:00 P:06 S:F7 mem:002AF1A6 13:8154 tv:0.000001 D0: BNE
lcpuC PC:E0FE (AC 57 02) A:10 X:00 Y:00 P:06 S:F7 mem:002AF1A6 13:8152 tv:0.000000 AC: LDY abs
lcpuC PC:E101 (F0 0A 68) A:10 X:00 Y:00 P:06 S:F7 mem:002AF1A6 13:8148 tv:0.000001 F0: BEQ
lcpuC PC:E10D (68 68 A8) A:10 X:00 Y:00 P:06 S:F7 mem:002AF1A6 13:8145 tv:0.000001 68: PLA
lcpuC PC:E10E (68 A8 68) A:00 X:00 Y:00 P:06 S:F8 mem:002AF1A6 13:8141 tv:0.000000 68: PLA
lcpuC PC:E10F (A8 68 AA) A:1F X:00 Y:00 P:04 S:F9 mem:002AF1A6 13:8137 tv:0.000000 A8: TAY
lcpuC PC:E110 (68 AA 68) A:1F X:00 Y:1F P:04 S:F9 mem:002AF1A6 13:8135 tv:0.000001 68: PLA
lcpuC PC:E111 (AA 68 60) A:0D X:00 Y:1F P:04 S:FA mem:002AF1A6 13:8131 tv:0.000000 AA: TAX
lcpuC PC:E112 (68 60 2C) A:0D X:0D Y:1F P:04 S:FA mem:002AF1A6 13:8129 tv:0.000001 68: PLA
lcpuC PC:E113 (60 2C 7C) A:00 X:0D Y:1F P:06 S:FB mem:002AF1A6 13:8125 tv:0.000000 60: RTS
lcpuC PC:DEB7 (AA D0 F7) A:00 X:0D Y:1F P:06 S:FD mem:002AF1A6 13:8119 tv:0.000514 AA: TAX
lcpuC PC:DEB8 (D0 F7 60) A:00 X:00 Y:1F P:06 S:FD mem:002AF1A6 13:8117 tv:0.000000 D0: BNE
lcpuC PC:DEBA (60 8E B1) A:00 X:00 Y:1F P:06 S:FD mem:002AF1A6 13:8115 tv:0.000001 60: RTS
lcpuC PC:DB87 (38 20 D9) A:00 X:00 Y:1F P:06 S:FF mem:002AF1A6 13:8109 tv:0.000001 38: SEC
lcpuC PC:DB88 (20 D9 EA) A:00 X:00 Y:1F P:07 S:FF mem:002AF1A6 13:8107 tv:0.000001 20: JSR
lcpuC PC:EAD9 (AD 87 02) A:00 X:00 Y:1F P:07 S:FD mem:002AF1AA 13:8101 tv:0.000001 AD: LDA abs
lcpuC PC:EADC (49 4C D0) A:00 X:00 Y:1F P:07 S:FD mem:002AF1AA 13:8097 tv:0.000001 49: EOR imm
lcpuC PC:EADE (D0 13 4C) A:4C X:00 Y:1F P:05 S:FD mem:002AF1AA 13:8095 tv:0.000002 D0: BNE
lcpuC PC:EAF3 (60 98 9D) A:4C X:00 Y:1F P:05 S:FD mem:002AF1AA 13:8092 tv:0.000000 60: RTS
lcpuC PC:DB8B (20 D9 E9) A:4C X:00 Y:1F P:05 S:FF mem:002AF1AA 13:8086 tv:0.000001 20: JSR
lcpuC PC:E9D9 (08 78 A9) A:4C X:00 Y:1F P:05 S:FD mem:002AF1AD 13:8080 tv:0.000001 08: PHP
lcpuC PC:E9DA (78 A9 40) A:4C X:00 Y:1F P:05 S:FC mem:002AF104 13:8077 tv:0.000001 78: SEI
lcpuC PC:E9DB (A9 40 20) A:4C X:00 Y:1F P:05 S:FC mem:002AF104 13:8075 tv:0.000000 A9: LDA imm
lcpuC PC:E9DD (20 EA E9) A:40 X:00 Y:1F P:05 S:FC mem:002AF104 13:8073 tv:0.000001 20: JSR
lcpuC PC:E9EA (90 09 A0) A:40 X:00 Y:1F P:05 S:FA mem:002AF216 13:8067 tv:0.000000 90: BCC
lcpuC PC:E9EC (A0 07 8C) A:40 X:00 Y:1F P:05 S:FA mem:002AF216 13:8065 tv:0.000000 A0: LDY imm
lcpuC PC:E9EE (8C 40 FE) A:40 X:00 Y:07 P:05 S:FA mem:002AF216 13:8063 tv:0.000000 8C: STY abs
here! 0x000007 0x00e9f1 0xe6fa3010 0xcdde0ebc tv:0.000000 (cycle 8063  pc ~E9EE
writemem_ex! addr=FE40 val=07
lcpuC PC:E9F1 (88 8C 40) A:40 X:00 Y:07 P:05 S:FA mem:002AF216 13:8059 tv:0.000008 88: DEY
lcpuC PC:E9F2 (8C 40 FE) A:40 X:00 Y:06 P:05 S:FA mem:002AF216 13:8057 tv:0.000000 8C: STY abs
here! 0x000006 0x00e9f5 0xe6fa3010 0xcdde0ebc tv:0.000000 (cycle 8057  pc ~E9F2
writemem_ex! addr=FE40 val=06
lcpuC PC:E9F5 (24 FF 60) A:40 X:00 Y:06 P:05 S:FA mem:002AF216 13:8053 tv:0.000006 24: BIT zp
lcpuC PC:E9F7 (60 08 78) A:40 X:00 Y:06 P:07 S:FA mem:002AF216 13:8050 tv:0.000001 60: RTS
lcpuC PC:E9E0 (30 05 18) A:40 X:00 Y:06 P:07 S:FC mem:002AF216 13:8044 tv:0.000001 30: BMI
lcpuC PC:E9E2 (18 B8 20) A:40 X:00 Y:06 P:07 S:FC mem:002AF216 13:8042 tv:0.000000 18: CLC
lcpuC PC:E9E3 (B8 20 68) A:40 X:00 Y:06 P:06 S:FC mem:002AF216 13:8040 tv:0.000001 B8: CLV
lcpuC PC:E9E4 (20 68 F0) A:40 X:00 Y:06 P:06 S:FC mem:002AF216 13:8038 tv:0.000000 20: JSR
lcpuC PC:F068 (6C 28 02) A:40 X:00 Y:06 P:06 S:FA mem:002AF21D 13:8032 tv:0.000001 6C: JMP ()
lcpuC PC:EF02 (50 0A A9) A:40 X:00 Y:06 P:06 S:FA mem:002AF21D 13:8027 tv:0.000001 50: BVC
lcpuC PC:EF0E (90 06 4C) A:40 X:00 Y:06 P:06 S:FA mem:002AF21D 13:8024 tv:0.000000 90: BCC
lcpuC PC:EF16 (AD 5A 02) A:40 X:00 Y:06 P:06 S:FA mem:002AF21D 13:8021 tv:0.000000 AD: LDA abs
lcpuC PC:EF19 (29 B7 A2) A:20 X:00 Y:06 P:04 S:FA mem:002AF21D 13:8017 tv:0.000000 29: AND
lcpuC PC:EF1B (A2 00 20) A:20 X:00 Y:06 P:04 S:FA mem:002AF21D 13:8014 tv:0.000000 A2: LDX imm
lcpuC PC:EF1D (20 2A F0) A:20 X:00 Y:06 P:06 S:FA mem:002AF21D 13:8012 tv:0.000000 20: JSR
lcpuC PC:F02A (A0 03 8C) A:20 X:00 Y:06 P:06 S:F8 mem:002AF2FF 13:8006 tv:0.000001 A0: LDY imm
lcpuC PC:F02C (8C 40 FE) A:20 X:00 Y:03 P:04 S:F8 mem:002AF2FF 13:8004 tv:0.000009 8C: STY abs
here! 0x000003 0x00f02f 0xe6fa3010 0xcdde0ebc tv:0.000000 (cycle 8004  pc ~F02C
writemem_ex! addr=FE40 val=03
lcpuC PC:F02F (A0 7F 8C) A:20 X:00 Y:03 P:04 S:F8 mem:002AF2FF 13:8000 tv:0.000007 A0: LDY imm
lcpuC PC:F031 (8C 43 FE) A:20 X:00 Y:7F P:04 S:F8 mem:002AF2FF 13:7998 tv:0.000000 8C: STY abs
here! 0x00007f 0x00f034 0xe6fa3010 0xcdde0ebc tv:0.000000 (cycle 7998  pc ~F031
writemem_ex! addr=FE43 val=7F
lcpuC PC:F034 (8E 4F FE) A:20 X:00 Y:7F P:04 S:F8 mem:002AF2FF 13:7994 tv:0.000007 8E: STX abs
here! 0x000000 0x00f037 0xe6fa3010 0xcdde0ebc tv:0.000000 (cycle 7994  pc ~F034
writing 00(0000) to FE4F!writemem_ex! addr=FE4F val=00
lcpuC PC:F037 (AE 4F FE) A:20 X:00 Y:7F P:04 S:F8 mem:002AF2FF 13:7990 tv:0.000049 AE: LDX abs
readmem_ex! addr=FE4F val=00
lcpuC PC:F03A (60 71 33) A:20 X:00 Y:7F P:06 S:F8 mem:002AF2FF 13:7986 tv:0.000004 60: RTS
lcpuC PC:EF20 (86 FA B8) A:20 X:00 Y:7F P:06 S:FA mem:002AF2FF 13:7980 tv:0.000001 86: STX zp
lcpuC PC:EF22 (B8 10 05) A:20 X:00 Y:7F P:06 S:FA mem:002AF2FF 13:7977 tv:0.000000 B8: CLV
lcpuC PC:EF23 (10 05 2C) A:20 X:00 Y:7F P:06 S:FA mem:002AF2FF 13:7975 tv:0.000000 10: BPL
lcpuC PC:EF2A (E8 20 2A) A:20 X:00 Y:7F P:06 S:FA mem:002AF2FF 13:7972 tv:0.000001 E8: INX
lcpuC PC:EF2B (20 2A F0) A:20 X:01 Y:7F P:04 S:FA mem:002AF2FF 13:7970 tv:0.000001 20: JSR
lcpuC PC:F02A (A0 03 8C) A:20 X:01 Y:7F P:04 S:F8 mem:002AF30D 13:7964 tv:0.000001 A0: LDY imm
lcpuC PC:F02C (8C 40 FE) A:20 X:01 Y:03 P:04 S:F8 mem:002AF30D 13:7962 tv:0.000000 8C: STY abs
here! 0x000003 0x00f02f 0xe6fa3010 0xcdde0ebc tv:0.000000 (cycle 7962  pc ~F02C
writemem_ex! addr=FE40 val=03
lcpuC PC:F02F (A0 7F 8C) A:20 X:01 Y:03 P:04 S:F8 mem:002AF30D 13:7958 tv:0.000007 A0: LDY imm
lcpuC PC:F031 (8C 43 FE) A:20 X:01 Y:7F P:04 S:F8 mem:002AF30D 13:7956 tv:0.000001 8C: STY abs
here! 0x00007f 0x00f034 0xe6fa3010 0xcdde0ebc tv:0.000000 (cycle 7956  pc ~F031
writemem_ex! addr=FE43 val=7F
lcpuC PC:F034 (8E 4F FE) A:20 X:01 Y:7F P:04 S:F8 mem:002AF30D 13:7952 tv:0.000007 8E: STX abs
here! 0x000001 0x00f037 0xe6fa3010 0xcdde0ebc tv:0.000000 (cycle 7952  pc ~F034
writing 01(0001) to FE4F!writemem_ex! addr=FE4F val=01
lcpuC PC:F037 (AE 4F FE) A:20 X:01 Y:7F P:04 S:F8 mem:002AF30D 13:7948 tv:0.000038 AE: LDX abs
readmem_ex! addr=FE4F val=01
lcpuC PC:F03A (60 71 33) A:20 X:01 Y:7F P:04 S:F8 mem:002AF30D 13:7944 tv:0.000004 60: RTS
lcpuC PC:EF2E (90 BB 10) A:20 X:01 Y:7F P:04 S:FA mem:002AF30D 13:7938 tv:0.000001 90: BCC
lcpuC PC:EEEB (08 AD 5A) A:20 X:01 Y:7F P:04 S:FA mem:002AF30D 13:7935 tv:0.000000 08: PHP
lcpuC PC:EEEC (AD 5A 02) A:20 X:01 Y:7F P:04 S:F9 mem:002AF252 13:7932 tv:0.000001 AD: LDA abs
lcpuC PC:EEEF (4A 29 18) A:20 X:01 Y:7F P:04 S:F9 mem:002AF252 13:7928 tv:0.000001 4A: LSR A
lcpuC PC:EEF0 (29 18 09) A:10 X:01 Y:7F P:04 S:F9 mem:002AF252 13:7926 tv:0.000001 29: AND
lcpuC PC:EEF2 (09 06 8D) A:10 X:01 Y:7F P:04 S:F9 mem:002AF252 13:7923 tv:0.000001 09: ORA imm
lcpuC PC:EEF4 (8D 40 FE) A:16 X:01 Y:7F P:04 S:F9 mem:002AF252 13:7921 tv:0.000001 8D: STA abs
here! 0x000016 0x00eef7 0xe6fa3010 0xcdde0ebc tv:0.000000 (cycle 7921  pc ~EEF4
writemem_ex! addr=FE40 val=16
lcpuC PC:EEF7 (4A 09 07) A:16 X:01 Y:7F P:04 S:F9 mem:002AF252 13:7917 tv:0.000007 4A: LSR A
lcpuC PC:EEF8 (09 07 8D) A:0B X:01 Y:7F P:04 S:F9 mem:002AF252 13:7915 tv:0.000001 09: ORA imm
lcpuC PC:EEFA (8D 40 FE) A:0F X:01 Y:7F P:04 S:F9 mem:002AF252 13:7913 tv:0.000000 8D: STA abs
here! 0x00000f 0x00eefd 0xe6fa3010 0xcdde0ebc tv:0.000000 (cycle 7913  pc ~EEFA
writemem_ex! addr=FE40 val=0F
lcpuC PC:EEFD (20 2E F1) A:0F X:01 Y:7F P:04 S:F9 mem:002AF252 13:7909 tv:0.000006 20: JSR
lcpuC PC:F12E (A9 0B 8D) A:0F X:01 Y:7F P:04 S:F7 mem:002AF412 13:7903 tv:0.000000 A9: LDA imm
lcpuC PC:F130 (8D 40 FE) A:0B X:01 Y:7F P:04 S:F7 mem:002AF412 13:7901 tv:0.000000 8D: STA abs
here! 0x00000b 0x00f133 0xe6fa3010 0xcdde0ebc tv:0.000000 (cycle 7901  pc ~F130
writemem_ex! addr=FE40 val=0B
lcpuC PC:F133 (8A 60 49) A:0B X:01 Y:7F P:04 S:F7 mem:002AF412 13:7897 tv:0.000006 8A: TXA
lcpuC PC:F134 (60 49 8C) A:01 X:01 Y:7F P:04 S:F7 mem:002AF412 13:7895 tv:0.000000 60: RTS
lcpuC PC:EF00 (68 60 50) A:01 X:01 Y:7F P:04 S:F9 mem:002AF412 13:7889 tv:0.000001 68: PLA
lcpuC PC:EF01 (60 50 0A) A:34 X:01 Y:7F P:04 S:FA mem:002AF412 13:7885 tv:0.000000 60: RTS
lcpuC PC:E9E7 (28 2A 60) A:34 X:01 Y:7F P:04 S:FC mem:002AF412 13:7879 tv:0.000000 28: PLP
lcpuC PC:E9E8 (2A 60 90) A:34 X:01 Y:7F P:05 S:FD mem:002AF412 13:7875 tv:0.000000 2A: ROL A
lcpuC PC:E9E9 (60 90 09) A:69 X:01 Y:7F P:04 S:FD mem:002AF412 13:7873 tv:0.000000 60: RTS
lcpuC PC:DB8E (08 68 4A) A:69 X:01 Y:7F P:04 S:FF mem:002AF412 13:7867 tv:0.000001 08: PHP
lcpuC PC:DB8F (68 4A 4A) A:69 X:01 Y:7F P:04 S:FE mem:002AF36B 13:7864 tv:0.000001 68: PLA
lcpuC PC:DB90 (4A 4A 4A) A:34 X:01 Y:7F P:04 S:FF mem:002AF36B 13:7860 tv:0.000000 4A: LSR A
lcpuC PC:DB91 (4A 4A 4A) A:1A X:01 Y:7F P:04 S:FF mem:002AF36B 13:7858 tv:0.000000 4A: LSR A
lcpuC PC:DB92 (4A 4A 4D) A:0D X:01 Y:7F P:04 S:FF mem:002AF36B 13:7856 tv:0.000001 4A: LSR A
lcpuC PC:DB93 (4A 4D 8F) A:06 X:01 Y:7F P:05 S:FF mem:002AF36B 13:7854 tv:0.000000 4A: LSR A
lcpuC PC:DB94 (4D 8F 02) A:03 X:01 Y:7F P:04 S:FF mem:002AF36B 13:7852 tv:0.000001 4D: EOR abs
lcpuC PC:DB97 (29 08 A8) A:FC X:01 Y:7F P:84 S:FF mem:002AF36B 13:7848 tv:0.000000 29: AND
lcpuC PC:DB99 (A8 A2 03) A:08 X:01 Y:7F P:04 S:FF mem:002AF36B 13:7845 tv:0.000001 A8: TAY
lcpuC PC:DB9A (A2 03 20) A:08 X:01 Y:08 P:04 S:FF mem:002AF36B 13:7843 tv:0.000000 A2: LDX imm
lcpuC PC:DB9C (20 68 F1) A:08 X:03 Y:08 P:04 S:FF mem:002AF36B 13:7841 tv:0.000001 20: JSR
lcpuC PC:F168 (A5 F4 48) A:08 X:03 Y:08 P:04 S:FD mem:002AF423 13:7835 tv:0.000001 A5: LDA zp
lcpuC PC:F16A (48 8A A2) A:0F X:03 Y:08 P:04 S:FD mem:002AF423 13:7832 tv:0.000001 48: PHA
lcpuC PC:F16B (8A A2 0F) A:0F X:03 Y:08 P:04 S:FC mem:002AF3FD 13:7829 tv:0.000001 8A: TXA
lcpuC PC:F16C (A2 0F FE) A:03 X:03 Y:08 P:04 S:FC mem:002AF3FD 13:7827 tv:0.000001 A2: LDX imm
lcpuC PC:F16E (FE A1 02) A:03 X:0F Y:08 P:04 S:FC mem:002AF3FD 13:7825 tv:0.000000 FE: INC abs,x
lcpuC PC:F171 (DE A1 02) A:03 X:0F Y:08 P:84 S:FC mem:002AF3FE 13:7818 tv:0.000001 DE: DEC abs,x
lcpuC PC:F174 (10 0D 86) A:03 X:0F Y:08 P:84 S:FC mem:002AF3FD 13:7811 tv:0.000001 10: BPL
lcpuC PC:F176 (86 F4 8E) A:03 X:0F Y:08 P:84 S:FC mem:002AF3FD 13:7809 tv:0.000000 86: STX zp
lcpuC PC:F178 (8E 30 FE) A:03 X:0F Y:08 P:84 S:FC mem:002AF3FD 13:7806 tv:0.000001 8E: STX abs
here! 0x00000f 0x00f17b 0xe6fa3010 0xcdde0ebc tv:0.000000 (cycle 7806  pc ~F178
writemem_ex! addr=FE30 val=0F
lcpuC PC:F17B (20 03 80) A:03 X:0F Y:08 P:84 S:FC mem:002AF3FD 13:7802 tv:0.000007 20: JSR
lcpuC PC:8003 (4C 55 94) A:03 X:0F Y:08 P:84 S:FA mem:002AF39C 13:7796 tv:0.000001 4C: JMP
lcpuC PC:9455 (C9 01 D0) A:03 X:0F Y:08 P:84 S:FA mem:002AF39C 13:7793 tv:0.000001 C9: CMP imm
lcpuC PC:9457 (D0 07 C0) A:03 X:0F Y:08 P:05 S:FA mem:002AF39C 13:7791 tv:0.000001 D0: BNE
lcpuC PC:9460 (C9 02 D0) A:03 X:0F Y:08 P:05 S:FA mem:002AF39C 13:7788 tv:0.000001 C9: CMP imm
lcpuC PC:9462 (D0 1A 48) A:03 X:0F Y:08 P:05 S:FA mem:002AF39C 13:7786 tv:0.000001 D0: BNE
lcpuC PC:947E (C9 03 D0) A:03 X:0F Y:08 P:05 S:FA mem:002AF39C 13:7783 tv:0.000000 C9: CMP imm
lcpuC PC:9480 (D0 19 84) A:03 X:0F Y:08 P:07 S:FA mem:002AF39C 13:7781 tv:0.000001 D0: BNE
lcpuC PC:9482 (84 B3 20) A:03 X:0F Y:08 P:07 S:FA mem:002AF39C 13:7779 tv:0.000000 84: STY zp
lcpuC PC:9484 (20 E1 83) A:03 X:0F Y:08 P:07 S:FA mem:002AF3A4 13:7776 tv:0.000001 20: JSR
lcpuC PC:83E1 (48 8A 48) A:03 X:0F Y:08 P:07 S:F8 mem:002AF39C 13:7770 tv:0.000001 48: PHA
lcpuC PC:83E2 (8A 48 98) A:03 X:0F Y:08 P:07 S:F7 mem:002AF2A0 13:7767 tv:0.000001 8A: TXA
lcpuC PC:83E3 (48 98 48) A:0F X:0F Y:08 P:05 S:F7 mem:002AF2A0 13:7765 tv:0.000000 48: PHA
lcpuC PC:83E4 (98 48 A9) A:0F X:0F Y:08 P:05 S:F6 mem:002AF1CF 13:7762 tv:0.000000 98: TYA
lcpuC PC:83E5 (48 A9 84) A:08 X:0F Y:08 P:05 S:F6 mem:002AF1CF 13:7760 tv:0.000001 48: PHA
lcpuC PC:83E6 (A9 84 48) A:08 X:0F Y:08 P:05 S:F5 mem:002AF110 13:7757 tv:0.000000 A9: LDA imm
lcpuC PC:83E8 (48 A9 03) A:84 X:0F Y:08 P:85 S:F5 mem:002AF110 13:7755 tv:0.000001 48: PHA
lcpuC PC:83E9 (A9 03 48) A:84 X:0F Y:08 P:85 S:F4 mem:002AF15E 13:7752 tv:0.000001 A9: LDA imm
lcpuC PC:83EB (48 A0 05) A:03 X:0F Y:08 P:05 S:F4 mem:002AF15E 13:7750 tv:0.000001 48: PHA
lcpuC PC:83EC (A0 05 BA) A:03 X:0F Y:08 P:05 S:F3 mem:002AF09C 13:7747 tv:0.000013 A0: LDY imm
lcpuC PC:83EE (BA BD 07) A:03 X:0F Y:05 P:05 S:F3 mem:002AF09C 13:7745 tv:0.000000 BA: TSX
lcpuC PC:83EF (BD 07 01) A:03 X:F3 Y:05 P:85 S:F3 mem:002AF09C 13:7743 tv:0.000000 BD: LDA abs,x
lcpuC PC:83F2 (48 88 D0) A:94 X:F3 Y:05 P:85 S:F3 mem:002AF09C 13:7739 tv:0.000001 48: PHA
lcpuC PC:83F3 (88 D0 F8) A:94 X:F3 Y:05 P:85 S:F2 mem:002AF0D6 13:7736 tv:0.000001 88: DEY
lcpuC PC:83F4 (D0 F8 A0) A:94 X:F3 Y:04 P:05 S:F2 mem:002AF0D6 13:7734 tv:0.000001 D0: BNE
lcpuC PC:83EE (BA BD 07) A:94 X:F3 Y:04 P:05 S:F2 mem:002AF0D6 13:7731 tv:0.000001 BA: TSX
lcpuC PC:83EF (BD 07 01) A:94 X:F2 Y:04 P:85 S:F2 mem:002AF0D6 13:7729 tv:0.000000 BD: LDA abs,x
lcpuC PC:83F2 (48 88 D0) A:86 X:F2 Y:04 P:85 S:F2 mem:002AF0D6 13:7725 tv:0.000001 48: PHA
lcpuC PC:83F3 (88 D0 F8) A:86 X:F2 Y:04 P:85 S:F1 mem:002AF0E0 13:7722 tv:0.000001 88: DEY
lcpuC PC:83F4 (D0 F8 A0) A:86 X:F2 Y:03 P:05 S:F1 mem:002AF0E0 13:7720 tv:0.000000 D0: BNE
lcpuC PC:83EE (BA BD 07) A:86 X:F2 Y:03 P:05 S:F1 mem:002AF0E0 13:7717 tv:0.000000 BA: TSX
lcpuC PC:83EF (BD 07 01) A:86 X:F1 Y:03 P:85 S:F1 mem:002AF0E0 13:7715 tv:0.000001 BD: LDA abs,x
lcpuC PC:83F2 (48 88 D0) A:03 X:F1 Y:03 P:05 S:F1 mem:002AF0E0 13:7711 tv:0.000001 48: PHA
lcpuC PC:83F3 (88 D0 F8) A:03 X:F1 Y:03 P:05 S:F0 mem:002AF032 13:7708 tv:0.000000 88: DEY
lcpuC PC:83F4 (D0 F8 A0) A:03 X:F1 Y:02 P:05 S:F0 mem:002AF032 13:7706 tv:0.000001 D0: BNE
lcpuC PC:83EE (BA BD 07) A:03 X:F1 Y:02 P:05 S:F0 mem:002AF032 13:7703 tv:0.000000 BA: TSX
lcpuC PC:83EF (BD 07 01) A:03 X:F0 Y:02 P:85 S:F0 mem:002AF032 13:7701 tv:0.000000 BD: LDA abs,x
lcpuC PC:83F2 (48 88 D0) A:0F X:F0 Y:02 P:05 S:F0 mem:002AF032 13:7697 tv:0.000001 48: PHA
lcpuC PC:83F3 (88 D0 F8) A:0F X:F0 Y:02 P:05 S:EF mem:002AF00B 13:7694 tv:0.000001 88: DEY
lcpuC PC:83F4 (D0 F8 A0) A:0F X:F0 Y:01 P:05 S:EF mem:002AF00B 13:7692 tv:0.000001 D0: BNE
lcpuC PC:83EE (BA BD 07) A:0F X:F0 Y:01 P:05 S:EF mem:002AF00B 13:7689 tv:0.000001 BA: TSX
lcpuC PC:83EF (BD 07 01) A:0F X:EF Y:01 P:85 S:EF mem:002AF00B 13:7687 tv:0.000000 BD: LDA abs,x
lcpuC PC:83F2 (48 88 D0) A:08 X:EF Y:01 P:05 S:EF mem:002AF00B 13:7683 tv:0.000000 48: PHA
lcpuC PC:83F3 (88 D0 F8) A:08 X:EF Y:01 P:05 S:EE mem:002AEF62 13:7680 tv:0.000001 88: DEY
lcpuC PC:83F4 (D0 F8 A0) A:08 X:EF Y:00 P:07 S:EE mem:002AEF62 13:7678 tv:0.000001 D0: BNE
lcpuC PC:83F6 (A0 0A BD) A:08 X:EF Y:00 P:07 S:EE mem:002AEF62 13:7676 tv:0.000000 A0: LDY imm
lcpuC PC:83F8 (BD 09 01) A:08 X:EF Y:0A P:05 S:EE mem:002AEF62 13:7674 tv:0.000001 BD: LDA abs,x
lcpuC PC:83FB (9D 0B 01) A:03 X:EF Y:0A P:05 S:EE mem:002AEF62 13:7670 tv:0.000000 9D: STA abs,x
lcpuC PC:83FE (CA 88 D0) A:03 X:EF Y:0A P:05 S:EE mem:002AEED1 13:7665 tv:0.000001 CA: DEX
lcpuC PC:83FF (88 D0 F6) A:03 X:EE Y:0A P:85 S:EE mem:002AEED1 13:7663 tv:0.000000 88: DEY
lcpuC PC:8400 (D0 F6 68) A:03 X:EE Y:09 P:05 S:EE mem:002AEED1 13:7661 tv:0.000001 D0: BNE
lcpuC PC:83F8 (BD 09 01) A:03 X:EE Y:09 P:05 S:EE mem:002AEED1 13:7658 tv:0.000001 BD: LDA abs,x
lcpuC PC:83FB (9D 0B 01) A:0F X:EE Y:09 P:05 S:EE mem:002AEED1 13:7654 tv:0.000000 9D: STA abs,x
lcpuC PC:83FE (CA 88 D0) A:0F X:EE Y:09 P:05 S:EE mem:002AEE5A 13:7649 tv:0.000001 CA: DEX
lcpuC PC:83FF (88 D0 F6) A:0F X:ED Y:09 P:85 S:EE mem:002AEE5A 13:7647 tv:0.000000 88: DEY
lcpuC PC:8400 (D0 F6 68) A:0F X:ED Y:08 P:05 S:EE mem:002AEE5A 13:7645 tv:0.000000 D0: BNE
lcpuC PC:83F8 (BD 09 01) A:0F X:ED Y:08 P:05 S:EE mem:002AEE5A 13:7642 tv:0.000000 BD: LDA abs,x
lcpuC PC:83FB (9D 0B 01) A:08 X:ED Y:08 P:05 S:EE mem:002AEE5A 13:7638 tv:0.000000 9D: STA abs,x
lcpuC PC:83FE (CA 88 D0) A:08 X:ED Y:08 P:05 S:EE mem:002AEE5F 13:7633 tv:0.000001 CA: DEX
lcpuC PC:83FF (88 D0 F6) A:08 X:EC Y:08 P:85 S:EE mem:002AEE5F 13:7631 tv:0.000000 88: DEY
lcpuC PC:8400 (D0 F6 68) A:08 X:EC Y:07 P:05 S:EE mem:002AEE5F 13:7629 tv:0.000000 D0: BNE
lcpuC PC:83F8 (BD 09 01) A:08 X:EC Y:07 P:05 S:EE mem:002AEE5F 13:7626 tv:0.000001 BD: LDA abs,x
lcpuC PC:83FB (9D 0B 01) A:84 X:EC Y:07 P:85 S:EE mem:002AEE5F 13:7622 tv:0.000000 9D: STA abs,x
lcpuC PC:83FE (CA 88 D0) A:84 X:EC Y:07 P:85 S:EE mem:002AEED4 13:7617 tv:0.000000 CA: DEX
lcpuC PC:83FF (88 D0 F6) A:84 X:EB Y:07 P:85 S:EE mem:002AEED4 13:7615 tv:0.000000 88: DEY
lcpuC PC:8400 (D0 F6 68) A:84 X:EB Y:06 P:05 S:EE mem:002AEED4 13:7613 tv:0.000001 D0: BNE
lcpuC PC:83F8 (BD 09 01) A:84 X:EB Y:06 P:05 S:EE mem:002AEED4 13:7610 tv:0.000000 BD: LDA abs,x
lcpuC PC:83FB (9D 0B 01) A:03 X:EB Y:06 P:05 S:EE mem:002AEED4 13:7606 tv:0.000000 9D: STA abs,x
lcpuC PC:83FE (CA 88 D0) A:03 X:EB Y:06 P:05 S:EE mem:002AEECF 13:7601 tv:0.000001 CA: DEX
lcpuC PC:83FF (88 D0 F6) A:03 X:EA Y:06 P:85 S:EE mem:002AEECF 13:7599 tv:0.000001 88: DEY
lcpuC PC:8400 (D0 F6 68) A:03 X:EA Y:05 P:05 S:EE mem:002AEECF 13:7597 tv:0.000000 D0: BNE
lcpuC PC:83F8 (BD 09 01) A:03 X:EA Y:05 P:05 S:EE mem:002AEECF 13:7594 tv:0.000000 BD: LDA abs,x
lcpuC PC:83FB (9D 0B 01) A:94 X:EA Y:05 P:85 S:EE mem:002AEECF 13:7590 tv:0.000001 9D: STA abs,x
lcpuC PC:83FE (CA 88 D0) A:94 X:EA Y:05 P:85 S:EE mem:002AEEDF 13:7585 tv:0.000000 CA: DEX
lcpuC PC:83FF (88 D0 F6) A:94 X:E9 Y:05 P:85 S:EE mem:002AEEDF 13:7583 tv:0.000000 88: DEY
lcpuC PC:8400 (D0 F6 68) A:94 X:E9 Y:04 P:05 S:EE mem:002AEEDF 13:7581 tv:0.000000 D0: BNE
lcpuC PC:83F8 (BD 09 01) A:94 X:E9 Y:04 P:05 S:EE mem:002AEEDF 13:7578 tv:0.000001 BD: LDA abs,x
lcpuC PC:83FB (9D 0B 01) A:86 X:E9 Y:04 P:85 S:EE mem:002AEEDF 13:7574 tv:0.000000 9D: STA abs,x
lcpuC PC:83FE (CA 88 D0) A:86 X:E9 Y:04 P:85 S:EE mem:002AEF62 13:7569 tv:0.000000 CA: DEX
lcpuC PC:83FF (88 D0 F6) A:86 X:E8 Y:04 P:85 S:EE mem:002AEF62 13:7567 tv:0.000000 88: DEY
lcpuC PC:8400 (D0 F6 68) A:86 X:E8 Y:03 P:05 S:EE mem:002AEF62 13:7565 tv:0.000000 D0: BNE
lcpuC PC:83F8 (BD 09 01) A:86 X:E8 Y:03 P:05 S:EE mem:002AEF62 13:7562 tv:0.000000 BD: LDA abs,x
lcpuC PC:83FB (9D 0B 01) A:03 X:E8 Y:03 P:05 S:EE mem:002AEF62 13:7558 tv:0.000000 9D: STA abs,x
lcpuC PC:83FE (CA 88 D0) A:03 X:E8 Y:03 P:05 S:EE mem:002AEED1 13:7553 tv:0.000001 CA: DEX
lcpuC PC:83FF (88 D0 F6) A:03 X:E7 Y:03 P:85 S:EE mem:002AEED1 13:7551 tv:0.000000 88: DEY
lcpuC PC:8400 (D0 F6 68) A:03 X:E7 Y:02 P:05 S:EE mem:002AEED1 13:7549 tv:0.000001 D0: BNE
lcpuC PC:83F8 (BD 09 01) A:03 X:E7 Y:02 P:05 S:EE mem:002AEED1 13:7546 tv:0.000000 BD: LDA abs,x
lcpuC PC:83FB (9D 0B 01) A:0F X:E7 Y:02 P:05 S:EE mem:002AEED1 13:7542 tv:0.000000 9D: STA abs,x
lcpuC PC:83FE (CA 88 D0) A:0F X:E7 Y:02 P:05 S:EE mem:002AEE5A 13:7537 tv:0.000000 CA: DEX
lcpuC PC:83FF (88 D0 F6) A:0F X:E6 Y:02 P:85 S:EE mem:002AEE5A 13:7535 tv:0.000001 88: DEY
lcpuC PC:8400 (D0 F6 68) A:0F X:E6 Y:01 P:05 S:EE mem:002AEE5A 13:7533 tv:0.000000 D0: BNE
lcpuC PC:83F8 (BD 09 01) A:0F X:E6 Y:01 P:05 S:EE mem:002AEE5A 13:7530 tv:0.000000 BD: LDA abs,x
lcpuC PC:83FB (9D 0B 01) A:08 X:E6 Y:01 P:05 S:EE mem:002AEE5A 13:7526 tv:0.000000 9D: STA abs,x
lcpuC PC:83FE (CA 88 D0) A:08 X:E6 Y:01 P:05 S:EE mem:002AEE5F 13:7521 tv:0.000001 CA: DEX
lcpuC PC:83FF (88 D0 F6) A:08 X:E5 Y:01 P:85 S:EE mem:002AEE5F 13:7519 tv:0.000000 88: DEY
lcpuC PC:8400 (D0 F6 68) A:08 X:E5 Y:00 P:07 S:EE mem:002AEE5F 13:7517 tv:0.000000 D0: BNE
lcpuC PC:8402 (68 68 68) A:08 X:E5 Y:00 P:07 S:EE mem:002AEE5F 13:7515 tv:0.000000 68: PLA
lcpuC PC:8403 (68 68 A8) A:08 X:E5 Y:00 P:05 S:EF mem:002AEE5F 13:7511 tv:0.000000 68: PLA
lcpuC PC:8404 (68 A8 68) A:0F X:E5 Y:00 P:05 S:F0 mem:002AEE5F 13:7507 tv:0.000001 68: PLA
lcpuC PC:8405 (A8 68 AA) A:08 X:E5 Y:00 P:05 S:F1 mem:002AEE5F 13:7503 tv:0.000000 A8: TAY
lcpuC PC:8406 (68 AA 68) A:08 X:E5 Y:08 P:05 S:F1 mem:002AEE5F 13:7501 tv:0.000001 68: PLA
lcpuC PC:8407 (AA 68 60) A:0F X:E5 Y:08 P:05 S:F2 mem:002AEE5F 13:7497 tv:0.000001 AA: TAX
lcpuC PC:8408 (68 60 BA) A:0F X:0F Y:08 P:05 S:F2 mem:002AEE5F 13:7495 tv:0.000002 68: PLA
lcpuC PC:8409 (60 BA 9D) A:03 X:0F Y:08 P:05 S:F3 mem:002AEE5F 13:7491 tv:0.000008 60: RTS
lcpuC PC:9487 (A9 7A 20) A:03 X:0F Y:08 P:05 S:F5 mem:002AEE5F 13:7485 tv:0.000001 A9: LDA imm
lcpuC PC:9489 (20 F4 FF) A:7A X:0F Y:08 P:05 S:F5 mem:002AEE5F 13:7483 tv:0.000001 20: JSR
lcpuC PC:FFF4 (6C 0A 02) A:7A X:0F Y:08 P:05 S:F3 mem:002AEE64 13:7477 tv:0.000000 6C: JMP ()
readmem_ex! addr=FFF5 val=0A
readmem_ex! addr=FFF6 val=02
lcpuC PC:E772 (48 08 78) A:7A X:0F Y:08 P:05 S:F3 mem:002AEE64 13:7472 tv:0.000006 48: PHA
lcpuC PC:E773 (08 78 85) A:7A X:0F Y:08 P:05 S:F2 mem:002AEEDB 13:7469 tv:0.000000 08: PHP
lcpuC PC:E774 (78 85 EF) A:7A X:0F Y:08 P:05 S:F1 mem:002AEF01 13:7466 tv:0.000000 78: SEI
lcpuC PC:E775 (85 EF 86) A:7A X:0F Y:08 P:05 S:F1 mem:002AEF01 13:7464 tv:0.000001 85: STA zp
lcpuC PC:E777 (86 F0 84) A:7A X:0F Y:08 P:05 S:F1 mem:002AEF7B 13:7461 tv:0.000001 86: STX zp
lcpuC PC:E779 (84 F1 A2) A:7A X:0F Y:08 P:05 S:F1 mem:002AEF8A 13:7458 tv:0.000000 84: STY zp
lcpuC PC:E77B (A2 07 C9) A:7A X:0F Y:08 P:05 S:F1 mem:002AEF92 13:7455 tv:0.000000 A2: LDX imm
lcpuC PC:E77D (C9 75 90) A:7A X:07 Y:08 P:05 S:F1 mem:002AEF92 13:7453 tv:0.000001 C9: CMP imm
lcpuC PC:E77F (90 41 C9) A:7A X:07 Y:08 P:05 S:F1 mem:002AEF92 13:7451 tv:0.000001 90: BCC
lcpuC PC:E781 (C9 A1 90) A:7A X:07 Y:08 P:05 S:F1 mem:002AEF92 13:7449 tv:0.000000 C9: CMP imm
lcpuC PC:E783 (90 09 C9) A:7A X:07 Y:08 P:84 S:F1 mem:002AEF92 13:7447 tv:0.000001 90: BCC
lcpuC PC:E78E (38 E9 5F) A:7A X:07 Y:08 P:84 S:F1 mem:002AEF92 13:7444 tv:0.000001 38: SEC
lcpuC PC:E78F (E9 5F 0A) A:7A X:07 Y:08 P:85 S:F1 mem:002AEF92 13:7442 tv:0.000001 E9: SBC imm
lcpuC PC:E791 (0A 38 84) A:1B X:07 Y:08 P:05 S:F1 mem:002AEF92 13:7440 tv:0.000000 0A: ASL A
lcpuC PC:E792 (38 84 F1) A:36 X:07 Y:08 P:04 S:F1 mem:002AEF92 13:7438 tv:0.000001 38: SEC
lcpuC PC:E793 (84 F1 A8) A:36 X:07 Y:08 P:05 S:F1 mem:002AEF92 13:7436 tv:0.000001 84: STY zp
lcpuC PC:E795 (A8 2C 5E) A:36 X:07 Y:08 P:05 S:F1 mem:002AEF92 13:7433 tv:0.000001 A8: TAY
lcpuC PC:E796 (2C 5E 02) A:36 X:07 Y:36 P:05 S:F1 mem:002AEF92 13:7431 tv:0.000000 2C: BIT abs
lcpuC PC:E799 (10 07 8A) A:36 X:07 Y:36 P:07 S:F1 mem:002AEF92 13:7427 tv:0.000001 10: BPL
lcpuC PC:E7A2 (B9 B4 E5) A:36 X:07 Y:36 P:07 S:F1 mem:002AEF92 13:7424 tv:0.000000 B9: LDA abs,y
lcpuC PC:E7A5 (85 FB B9) A:F0 X:07 Y:36 P:85 S:F1 mem:002AEF92 13:7420 tv:0.000001 85: STA zp
lcpuC PC:E7A7 (B9 B3 E5) A:F0 X:07 Y:36 P:85 S:F1 mem:002AF07B 13:7417 tv:0.000000 B9: LDA abs,y
lcpuC PC:E7AA (85 FA A5) A:CD X:07 Y:36 P:85 S:F1 mem:002AF07B 13:7413 tv:0.000001 85: STA zp
lcpuC PC:E7AC (A5 EF A4) A:CD X:07 Y:36 P:85 S:F1 mem:002AF148 13:7410 tv:0.000001 A5: LDA zp
lcpuC PC:E7AE (A4 F1 B0) A:7A X:07 Y:36 P:05 S:F1 mem:002AF148 13:7407 tv:0.000001 A4: LDY zp
lcpuC PC:E7B0 (B0 04 A0) A:7A X:07 Y:08 P:05 S:F1 mem:002AF148 13:7404 tv:0.000001 B0: BCS
lcpuC PC:E7B6 (38 A6 F0) A:7A X:07 Y:08 P:05 S:F1 mem:002AF148 13:7401 tv:0.000001 38: SEC
lcpuC PC:E7B7 (A6 F0 20) A:7A X:07 Y:08 P:05 S:F1 mem:002AF148 13:7399 tv:0.000001 A6: LDX zp
lcpuC PC:E7B9 (20 58 F0) A:7A X:0F Y:08 P:05 S:F1 mem:002AF148 13:7396 tv:0.000001 20: JSR
lcpuC PC:F058 (6C FA 00) A:7A X:0F Y:08 P:05 S:EF mem:002AF2D3 13:7390 tv:0.000000 6C: JMP ()
lcpuC PC:F0CD (A2 10 B0) A:7A X:0F Y:08 P:05 S:EF mem:002AF2D3 13:7385 tv:0.000001 A2: LDX imm
lcpuC PC:F0CF (B0 97 8A) A:7A X:10 Y:08 P:05 S:EF mem:002AF2D3 13:7383 tv:0.000001 B0: BCS
lcpuC PC:F068 (6C 28 02) A:7A X:10 Y:08 P:05 S:EF mem:002AF2D3 13:7380 tv:0.000001 6C: JMP ()
lcpuC PC:EF02 (50 0A A9) A:7A X:10 Y:08 P:05 S:EF mem:002AF2D3 13:7375 tv:0.000001 50: BVC
lcpuC PC:EF0E (90 06 4C) A:7A X:10 Y:08 P:05 S:EF mem:002AF2D3 13:7372 tv:0.000000 90: BCC
lcpuC PC:EF10 (4C D1 F0) A:7A X:10 Y:08 P:05 S:EF mem:002AF2D3 13:7370 tv:0.000001 4C: JMP
lcpuC PC:F0D1 (8A 10 05) A:7A X:10 Y:08 P:05 S:EF mem:002AF2D3 13:7367 tv:0.000001 8A: TXA
lcpuC PC:F0D2 (10 05 20) A:10 X:10 Y:08 P:05 S:EF mem:002AF2D3 13:7365 tv:0.000000 10: BPL
lcpuC PC:F0D9 (08 90 02) A:10 X:10 Y:08 P:05 S:EF mem:002AF2D3 13:7362 tv:0.000001 08: PHP
lcpuC PC:F0DA (90 02 A0) A:10 X:10 Y:08 P:05 S:EE mem:002AF300 13:7359 tv:0.000000 90: BCC
lcpuC PC:F0DC (A0 EE 99) A:10 X:10 Y:08 P:05 S:EE mem:002AF300 13:7357 tv:0.000000 A0: LDY imm
lcpuC PC:F0DE (99 DF 01) A:10 X:10 Y:EE P:85 S:EE mem:002AF300 13:7355 tv:0.000001 99: STA abs,y
lcpuC PC:F0E1 (A2 09 20) A:10 X:10 Y:EE P:85 S:EE mem:002AF310 13:7350 tv:0.000001 A2: LDX imm
lcpuC PC:F0E3 (20 29 F1) A:10 X:09 Y:EE P:05 S:EE mem:002AF310 13:7348 tv:0.000001 20: JSR
lcpuC PC:F129 (20 2E F1) A:10 X:09 Y:EE P:05 S:EC mem:002AF3CA 13:7342 tv:0.000001 20: JSR
lcpuC PC:F12E (A9 0B 8D) A:10 X:09 Y:EE P:05 S:EA mem:002AF3C7 13:7336 tv:0.000001 A9: LDA imm
lcpuC PC:F130 (8D 40 FE) A:0B X:09 Y:EE P:05 S:EA mem:002AF3C7 13:7334 tv:0.000000 8D: STA abs
here! 0x00000b 0x00f133 0xe6fa3010 0xcdde0ebc tv:0.000000 (cycle 7334  pc ~F130
writemem_ex! addr=FE40 val=0B
lcpuC PC:F133 (8A 60 49) A:0B X:09 Y:EE P:05 S:EA mem:002AF3C7 13:7330 tv:0.000007 8A: TXA
lcpuC PC:F134 (60 49 8C) A:09 X:09 Y:EE P:05 S:EA mem:002AF3C7 13:7328 tv:0.000001 60: RTS
lcpuC PC:F12C (58 78 A9) A:09 X:09 Y:EE P:05 S:EC mem:002AF3C7 13:7322 tv:0.000001 58: CLI
lcpuC PC:F12D (78 A9 0B) A:09 X:09 Y:EE P:01 S:EC mem:002AF3C7 13:7320 tv:0.000001 78: SEI
lcpuC PC:DC1C (85 FC 68) A:09 X:09 Y:EE P:05 S:E9 mem:002AF309 13:7311 tv:0.000001 85: STA zp
lcpuC PC:DC1E (68 48 29) A:09 X:09 Y:EE P:05 S:E9 mem:002AF312 13:7308 tv:0.000001 68: PLA
lcpuC PC:DC1F (48 29 10) A:25 X:09 Y:EE P:05 S:EA mem:002AF312 13:7304 tv:0.000001 48: PHA
lcpuC PC:DC20 (29 10 D0) A:25 X:09 Y:EE P:05 S:E9 mem:002AF312 13:7301 tv:0.000000 29: AND
lcpuC PC:DC22 (D0 03 6C) A:00 X:09 Y:EE P:07 S:E9 mem:002AF312 13:7298 tv:0.000001 D0: BNE
lcpuC PC:DC24 (6C 04 02) A:00 X:09 Y:EE P:07 S:E9 mem:002AF312 13:7296 tv:0.000000 6C: JMP ()
lcpuC PC:DC93 (D8 A5 FC) A:00 X:09 Y:EE P:07 S:E9 mem:002AF312 13:7291 tv:0.000001 D8: CLD
lcpuC PC:DC94 (A5 FC 48) A:00 X:09 Y:EE P:07 S:E9 mem:002AF312 13:7289 tv:0.000001 A5: LDA zp
lcpuC PC:DC96 (48 8A 48) A:09 X:09 Y:EE P:05 S:E9 mem:002AF312 13:7286 tv:0.000001 48: PHA
lcpuC PC:DC97 (8A 48 98) A:09 X:09 Y:EE P:05 S:E8 mem:002AF2E7 13:7283 tv:0.000001 8A: TXA
lcpuC PC:DC98 (48 98 48) A:09 X:09 Y:EE P:05 S:E8 mem:002AF2E7 13:7281 tv:0.000000 48: PHA
lcpuC PC:DC99 (98 48 A9) A:09 X:09 Y:EE P:05 S:E7 mem:002AF202 13:7278 tv:0.000000 98: TYA
lcpuC PC:DC9A (48 A9 DE) A:EE X:09 Y:EE P:85 S:E7 mem:002AF202 13:7276 tv:0.000000 48: PHA
lcpuC PC:DC9B (A9 DE 48) A:EE X:09 Y:EE P:85 S:E6 mem:002AF1F1 13:7273 tv:0.000001 A9: LDA imm
lcpuC PC:DC9D (48 A9 81) A:DE X:09 Y:EE P:85 S:E6 mem:002AF1F1 13:7271 tv:0.000000 48: PHA
lcpuC PC:DC9E (A9 81 48) A:DE X:09 Y:EE P:85 S:E5 mem:002AF2CF 13:7268 tv:0.000001 A9: LDA imm
lcpuC PC:DCA0 (48 B8 AD) A:81 X:09 Y:EE P:85 S:E5 mem:002AF2CF 13:7266 tv:0.000001 48: PHA
lcpuC PC:DCA1 (B8 AD 08) A:81 X:09 Y:EE P:85 S:E4 mem:002AF350 13:7263 tv:0.000002 B8: CLV
lcpuC PC:DCA2 (AD 08 FE) A:81 X:09 Y:EE P:85 S:E4 mem:002AF350 13:7261 tv:0.000000 AD: LDA abs
readmem_ex! addr=FE08 val=2C
lcpuC PC:DCA5 (70 02 10) A:2C X:09 Y:EE P:05 S:E4 mem:002AF350 13:7257 tv:0.000004 70: BVS
lcpuC PC:DCA7 (10 5D A6) A:2C X:09 Y:EE P:05 S:E4 mem:002AF350 13:7255 tv:0.000000 10: BPL
lcpuC PC:DD06 (AD 4D FE) A:2C X:09 Y:EE P:05 S:E4 mem:002AF350 13:7252 tv:0.000001 AD: LDA abs
readmem_ex! addr=FE4D val=C2
lcpuC PC:DD09 (10 3C 2D) A:C2 X:09 Y:EE P:85 S:E4 mem:002AF350 13:7248 tv:0.000005 10: BPL
lcpuC PC:DD0B (2D 79 02) A:C2 X:09 Y:EE P:85 S:E4 mem:002AF350 13:7246 tv:0.000001 2D: AND abs
lcpuC PC:DD0E (2D 4E FE) A:C2 X:09 Y:EE P:85 S:E4 mem:002AF350 13:7242 tv:0.000000 2D: AND abs
readmem_ex! addr=FE4E val=F2
lcpuC PC:DD11 (6A 6A 90) A:C2 X:09 Y:EE P:85 S:E4 mem:002AF350 13:7238 tv:0.000004 6A: ROR A
lcpuC PC:DD12 (6A 90 54) A:E1 X:09 Y:EE P:84 S:E4 mem:002AF350 13:7236 tv:0.000017 6A: ROR A
lcpuC PC:DD13 (90 54 CE) A:70 X:09 Y:EE P:05 S:E4 mem:002AF350 13:7234 tv:0.000001 90: BCC
lcpuC PC:DD15 (CE 40 02) A:70 X:09 Y:EE P:05 S:E4 mem:002AF350 13:7232 tv:0.000001 CE: DEC abs
lcpuC PC:DD18 (A5 EA 10) A:70 X:09 Y:EE P:85 S:E4 mem:002AF44F 13:7226 tv:0.000001 A5: LDA zp
lcpuC PC:DD1A (10 02 E6) A:00 X:09 Y:EE P:07 S:E4 mem:002AF44F 13:7223 tv:0.000000 10: BPL
lcpuC PC:DD1E (AD 51 02) A:00 X:09 Y:EE P:07 S:E4 mem:002AF44F 13:7220 tv:0.000001 AD: LDA abs
lcpuC PC:DD21 (F0 1A CE) A:19 X:09 Y:EE P:05 S:E4 mem:002AF44F 13:7216 tv:0.000001 F0: BEQ
lcpuC PC:DD23 (CE 51 02) A:19 X:09 Y:EE P:05 S:E4 mem:002AF44F 13:7214 tv:0.000001 CE: DEC abs
lcpuC PC:DD26 (D0 15 AE) A:19 X:09 Y:EE P:05 S:E4 mem:002AF44E 13:7208 tv:0.000000 D0: BNE
lcpuC PC:DD3D (A0 04 20) A:19 X:09 Y:EE P:05 S:E4 mem:002AF44E 13:7205 tv:0.000001 A0: LDY imm
lcpuC PC:DD3F (20 94 E4) A:19 X:09 Y:04 P:05 S:E4 mem:002AF44E 13:7203 tv:0.000000 20: JSR
lcpuC PC:E494 (08 78 48) A:19 X:09 Y:04 P:05 S:E2 mem:002AF56C 13:7197 tv:0.000001 08: PHP
lcpuC PC:E495 (78 48 85) A:19 X:09 Y:04 P:05 S:E1 mem:002AF5A1 13:7194 tv:0.000000 78: SEI
lcpuC PC:E496 (48 85 FA) A:19 X:09 Y:04 P:05 S:E1 mem:002AF5A1 13:7192 tv:0.000000 48: PHA
lcpuC PC:E497 (85 FA B9) A:19 X:09 Y:04 P:05 S:E0 mem:002AF5BA 13:7189 tv:0.000000 85: STA zp
lcpuC PC:E499 (B9 BF 02) A:19 X:09 Y:04 P:05 S:E0 mem:002AF506 13:7186 tv:0.000001 B9: LDA abs,y
lcpuC PC:E49C (F0 41 98) A:00 X:09 Y:04 P:07 S:E0 mem:002AF506 13:7182 tv:0.000001 F0: BEQ
lcpuC PC:E4DF (68 28 38) A:00 X:09 Y:04 P:07 S:E0 mem:002AF506 13:7179 tv:0.000001 68: PLA
lcpuC PC:E4E0 (28 38 60) A:19 X:09 Y:04 P:05 S:E1 mem:002AF506 13:7175 tv:0.000001 28: PLP
lcpuC PC:E4E1 (38 60 48) A:19 X:09 Y:04 P:05 S:E2 mem:002AF506 13:7171 tv:0.000001 38: SEC
lcpuC PC:E4E2 (60 48 29) A:19 X:09 Y:04 P:05 S:E2 mem:002AF506 13:7169 tv:0.000000 60: RTS
lcpuC PC:DD42 (A9 02 4C) A:19 X:09 Y:04 P:05 S:E4 mem:002AF506 13:7163 tv:0.000001 A9: LDA imm
lcpuC PC:DD44 (4C 6E DE) A:02 X:09 Y:04 P:05 S:E4 mem:002AF506 13:7161 tv:0.000001 4C: JMP
lcpuC PC:DE6E (8D 4D FE) A:02 X:09 Y:04 P:05 S:E4 mem:002AF506 13:7158 tv:0.000001 8D: STA abs
here! 0x000002 0x00de71 0xe6fa3010 0xcdde0ebc tv:0.000000 (cycle 7158  pc ~DE6E
writemem_ex! addr=FE4D val=02
lcpuC PC:DE71 (60 2A 2A) A:02 X:09 Y:04 P:05 S:E4 mem:002AF506 13:7154 tv:0.000007 60: RTS
lcpuC PC:DE82 (68 A8 68) A:02 X:09 Y:04 P:05 S:E6 mem:002AF506 13:7148 tv:0.000001 68: PLA
lcpuC PC:DE83 (A8 68 AA) A:EE X:09 Y:04 P:85 S:E7 mem:002AF506 13:7144 tv:0.000000 A8: TAY
lcpuC PC:DE84 (68 AA 68) A:EE X:09 Y:EE P:85 S:E7 mem:002AF506 13:7142 tv:0.000001 68: PLA
lcpuC PC:DE85 (AA 68 85) A:09 X:09 Y:EE P:05 S:E8 mem:002AF506 13:7138 tv:0.000001 AA: TAX
lcpuC PC:DE86 (68 85 FC) A:09 X:09 Y:EE P:05 S:E8 mem:002AF506 13:7136 tv:0.000001 68: PLA
lcpuC PC:DE87 (85 FC A5) A:09 X:09 Y:EE P:05 S:E9 mem:002AF506 13:7132 tv:0.000001 85: STA zp
lcpuC PC:DE89 (A5 FC 40) A:09 X:09 Y:EE P:05 S:E9 mem:002AF506 13:7129 tv:0.000001 A5: LDA zp
lcpuC PC:DE8B (40 8C BE) A:09 X:09 Y:EE P:05 S:E9 mem:002AF506 13:7126 tv:0.000001 40: RTI
lcpuC PC:F12E (A9 0B 8D) A:09 X:09 Y:EE P:05 S:EC mem:002AF506 13:7120 tv:0.000001 A9: LDA imm
lcpuC PC:F130 (8D 40 FE) A:0B X:09 Y:EE P:05 S:EC mem:002AF506 13:7118 tv:0.000000 8D: STA abs
here! 0x00000b 0x00f133 0xe6fa3010 0xcdde0ebc tv:0.000001 (cycle 7118  pc ~F130
writemem_ex! addr=FE40 val=0B
lcpuC PC:F133 (8A 60 49) A:0B X:09 Y:EE P:05 S:EC mem:002AF506 13:7114 tv:0.000007 8A: TXA
lcpuC PC:F134 (60 49 8C) A:09 X:09 Y:EE P:05 S:EC mem:002AF506 13:7112 tv:0.000000 60: RTS
lcpuC PC:F0E6 (A9 7F 8D) A:09 X:09 Y:EE P:05 S:EE mem:002AF506 13:7106 tv:0.000001 A9: LDA imm
lcpuC PC:F0E8 (8D 43 FE) A:7F X:09 Y:EE P:05 S:EE mem:002AF506 13:7104 tv:0.000001 8D: STA abs
here! 0x00007f 0x00f0eb 0xe6fa3010 0xcdde0ebc tv:0.000000 (cycle 7104  pc ~F0E8
writemem_ex! addr=FE43 val=7F
lcpuC PC:F0EB (A9 03 8D) A:7F X:09 Y:EE P:05 S:EE mem:002AF506 13:7100 tv:0.000017 A9: LDA imm
lcpuC PC:F0ED (8D 40 FE) A:03 X:09 Y:EE P:05 S:EE mem:002AF506 13:7098 tv:0.000000 8D: STA abs
here! 0x000003 0x00f0f0 0xe6fa3010 0xcdde0ebc tv:0.000000 (cycle 7098  pc ~F0ED
writemem_ex! addr=FE40 val=03
lcpuC PC:F0F0 (A9 0F 8D) A:03 X:09 Y:EE P:05 S:EE mem:002AF506 13:7094 tv:0.000007 A9: LDA imm
lcpuC PC:F0F2 (8D 4F FE) A:0F X:09 Y:EE P:05 S:EE mem:002AF506 13:7092 tv:0.000000 8D: STA abs
here! 0x00000f 0x00f0f5 0xe6fa3010 0xcdde0ebc tv:0.000000 (cycle 7092  pc ~F0F2
writing 0F(000F) to FE4F!writemem_ex! addr=FE4F val=0F
lcpuC PC:F0F5 (A9 01 8D) A:0F X:09 Y:EE P:05 S:EE mem:002AF506 13:7088 tv:0.000048 A9: LDA imm
lcpuC PC:F0F7 (8D 4D FE) A:01 X:09 Y:EE P:05 S:EE mem:002AF506 13:7086 tv:0.000000 8D: STA abs
here! 0x000001 0x00f0fa 0xe6fa3010 0xcdde0ebc tv:0.000000 (cycle 7086  pc ~F0F7
writemem_ex! addr=FE4D val=01
lcpuC PC:F0FA (8E 4F FE) A:01 X:09 Y:EE P:05 S:EE mem:002AF506 13:7082 tv:0.000006 8E: STX abs
here! 0x000009 0x00f0fd 0xe6fa3010 0xcdde0ebc tv:0.000000 (cycle 7082  pc ~F0FA
writing 09(0009) to FE4F!writemem_ex! addr=FE4F val=09
lcpuC PC:F0FD (2C 4D FE) A:01 X:09 Y:EE P:05 S:EE mem:002AF506 13:7078 tv:0.000034 2C: BIT abs
readmem_ex! addr=FE4D val=C0
lcpuC PC:F100 (F0 21 8A) A:01 X:09 Y:EE P:C7 S:EE mem:002AF506 13:7074 tv:0.000004 F0: BEQ
lcpuC PC:F123 (CA 10 BD) A:01 X:09 Y:EE P:C7 S:EE mem:002AF506 13:7071 tv:0.000001 CA: DEX
lcpuC PC:F124 (10 BD 8A) A:01 X:08 Y:EE P:45 S:EE mem:002AF506 13:7069 tv:0.000000 10: BPL
lcpuC PC:F0E3 (20 29 F1) A:01 X:08 Y:EE P:45 S:EE mem:002AF506 13:7066 tv:0.000001 20: JSR
lcpuC PC:F129 (20 2E F1) A:01 X:08 Y:EE P:45 S:EC mem:002AF506 13:7060 tv:0.000001 20: JSR
lcpuC PC:F12E (A9 0B 8D) A:01 X:08 Y:EE P:45 S:EA mem:002AF503 13:7054 tv:0.000000 A9: LDA imm
lcpuC PC:F130 (8D 40 FE) A:0B X:08 Y:EE P:45 S:EA mem:002AF503 13:7052 tv:0.000000 8D: STA abs
here! 0x00000b 0x00f133 0xe6fa3010 0xcdde0ebc tv:0.000000 (cycle 7052  pc ~F130
writemem_ex! addr=FE40 val=0B
lcpuC PC:F133 (8A 60 49) A:0B X:08 Y:EE P:45 S:EA mem:002AF503 13:7048 tv:0.000007 8A: TXA
lcpuC PC:F134 (60 49 8C) A:08 X:08 Y:EE P:45 S:EA mem:002AF503 13:7046 tv:0.000001 60: RTS
lcpuC PC:F12C (58 78 A9) A:08 X:08 Y:EE P:45 S:EC mem:002AF503 13:7040 tv:0.000001 58: CLI
lcpuC PC:F12D (78 A9 0B) A:08 X:08 Y:EE P:41 S:EC mem:002AF503 13:7038 tv:0.000000 78: SEI
lcpuC PC:DC1C (85 FC 68) A:08 X:08 Y:EE P:45 S:E9 mem:002AF546 13:7029 tv:0.000001 85: STA zp
lcpuC PC:DC1E (68 48 29) A:08 X:08 Y:EE P:45 S:E9 mem:002AF545 13:7026 tv:0.000001 68: PLA
lcpuC PC:DC1F (48 29 10) A:65 X:08 Y:EE P:45 S:EA mem:002AF545 13:7022 tv:0.000000 48: PHA
lcpuC PC:DC20 (29 10 D0) A:65 X:08 Y:EE P:45 S:E9 mem:002AF545 13:7019 tv:0.000000 29: AND
lcpuC PC:DC22 (D0 03 6C) A:00 X:08 Y:EE P:47 S:E9 mem:002AF545 13:7016 tv:0.000001 D0: BNE
lcpuC PC:DC24 (6C 04 02) A:00 X:08 Y:EE P:47 S:E9 mem:002AF545 13:7014 tv:0.000001 6C: JMP ()
lcpuC PC:DC93 (D8 A5 FC) A:00 X:08 Y:EE P:47 S:E9 mem:002AF545 13:7009 tv:0.000001 D8: CLD
lcpuC PC:DC94 (A5 FC 48) A:00 X:08 Y:EE P:47 S:E9 mem:002AF545 13:7007 tv:0.000001 A5: LDA zp
lcpuC PC:DC96 (48 8A 48) A:08 X:08 Y:EE P:45 S:E9 mem:002AF545 13:7004 tv:0.000000 48: PHA
lcpuC PC:DC97 (8A 48 98) A:08 X:08 Y:EE P:45 S:E8 mem:002AF544 13:7001 tv:0.000000 8A: TXA
lcpuC PC:DC98 (48 98 48) A:08 X:08 Y:EE P:45 S:E8 mem:002AF544 13:6999 tv:0.000001 48: PHA
lcpuC PC:DC99 (98 48 A9) A:08 X:08 Y:EE P:45 S:E7 mem:002AF543 13:6996 tv:0.000000 98: TYA
lcpuC PC:DC9A (48 A9 DE) A:EE X:08 Y:EE P:C5 S:E7 mem:002AF543 13:6994 tv:0.000000 48: PHA
lcpuC PC:DC9B (A9 DE 48) A:EE X:08 Y:EE P:C5 S:E6 mem:002AF543 13:6991 tv:0.000001 A9: LDA imm
lcpuC PC:DC9D (48 A9 81) A:DE X:08 Y:EE P:C5 S:E6 mem:002AF543 13:6989 tv:0.000000 48: PHA
lcpuC PC:DC9E (A9 81 48) A:DE X:08 Y:EE P:C5 S:E5 mem:002AF543 13:6986 tv:0.000000 A9: LDA imm
lcpuC PC:DCA0 (48 B8 AD) A:81 X:08 Y:EE P:C5 S:E5 mem:002AF543 13:6984 tv:0.000001 48: PHA
lcpuC PC:DCA1 (B8 AD 08) A:81 X:08 Y:EE P:C5 S:E4 mem:002AF543 13:6981 tv:0.000008 B8: CLV
lcpuC PC:DCA2 (AD 08 FE) A:81 X:08 Y:EE P:85 S:E4 mem:002AF543 13:6979 tv:0.000000 AD: LDA abs
readmem_ex! addr=FE08 val=2C
lcpuC PC:DCA5 (70 02 10) A:2C X:08 Y:EE P:05 S:E4 mem:002AF543 13:6975 tv:0.000003 70: BVS
lcpuC PC:DCA7 (10 5D A6) A:2C X:08 Y:EE P:05 S:E4 mem:002AF543 13:6973 tv:0.000001 10: BPL
lcpuC PC:DD06 (AD 4D FE) A:2C X:08 Y:EE P:05 S:E4 mem:002AF543 13:6970 tv:0.000000 AD: LDA abs
readmem_ex! addr=FE4D val=C0
lcpuC PC:DD09 (10 3C 2D) A:C0 X:08 Y:EE P:85 S:E4 mem:002AF543 13:6966 tv:0.000004 10: BPL
lcpuC PC:DD0B (2D 79 02) A:C0 X:08 Y:EE P:85 S:E4 mem:002AF543 13:6964 tv:0.000001 2D: AND abs
lcpuC PC:DD0E (2D 4E FE) A:C0 X:08 Y:EE P:85 S:E4 mem:002AF543 13:6960 tv:0.000001 2D: AND abs
readmem_ex! addr=FE4E val=F2
lcpuC PC:DD11 (6A 6A 90) A:C0 X:08 Y:EE P:85 S:E4 mem:002AF543 13:6956 tv:0.000004 6A: ROR A
lcpuC PC:DD12 (6A 90 54) A:E0 X:08 Y:EE P:84 S:E4 mem:002AF543 13:6954 tv:0.000001 6A: ROR A
lcpuC PC:DD13 (90 54 CE) A:70 X:08 Y:EE P:04 S:E4 mem:002AF543 13:6952 tv:0.000001 90: BCC
lcpuC PC:DD69 (2A 2A 2A) A:70 X:08 Y:EE P:04 S:E4 mem:002AF543 13:6949 tv:0.000001 2A: ROL A
lcpuC PC:DD6A (2A 2A 2A) A:E0 X:08 Y:EE P:84 S:E4 mem:002AF543 13:6947 tv:0.000000 2A: ROL A
lcpuC PC:DD6B (2A 2A 10) A:C0 X:08 Y:EE P:85 S:E4 mem:002AF543 13:6945 tv:0.000001 2A: ROL A
lcpuC PC:DD6C (2A 10 5B) A:81 X:08 Y:EE P:85 S:E4 mem:002AF543 13:6943 tv:0.000000 2A: ROL A
lcpuC PC:DD6D (10 5B A9) A:03 X:08 Y:EE P:05 S:E4 mem:002AF543 13:6941 tv:0.000001 10: BPL
lcpuC PC:DDCA (90 7B A9) A:03 X:08 Y:EE P:05 S:E4 mem:002AF543 13:6938 tv:0.000000 90: BCC
lcpuC PC:DDCC (A9 40 8D) A:03 X:08 Y:EE P:05 S:E4 mem:002AF543 13:6936 tv:0.000001 A9: LDA imm
lcpuC PC:DDCE (8D 4D FE) A:40 X:08 Y:EE P:05 S:E4 mem:002AF543 13:6934 tv:0.000000 8D: STA abs
here! 0x000040 0x00ddd1 0xe6fa3010 0xcdde0ebc tv:0.000000 (cycle 6934  pc ~DDCE
writemem_ex! addr=FE4D val=40
lcpuC PC:DDD1 (AD 83 02) A:40 X:08 Y:EE P:05 S:E4 mem:002AF543 13:6930 tv:0.000012 AD: LDA abs
lcpuC PC:DDD4 (AA 49 0F) A:05 X:08 Y:EE P:05 S:E4 mem:002AF543 13:6926 tv:0.000000 AA: TAX
lcpuC PC:DDD5 (49 0F 48) A:05 X:05 Y:EE P:05 S:E4 mem:002AF543 13:6924 tv:0.000000 49: EOR imm
lcpuC PC:DDD7 (48 A8 BD) A:0A X:05 Y:EE P:05 S:E4 mem:002AF543 13:6922 tv:0.000001 48: PHA
lcpuC PC:DDD8 (A8 BD 91) A:0A X:05 Y:EE P:05 S:E3 mem:002AF470 13:6919 tv:0.000000 A8: TAY
lcpuC PC:DDD9 (BD 91 02) A:0A X:05 Y:0A P:05 S:E3 mem:002AF470 13:6917 tv:0.000000 BD: LDA abs,x
lcpuC PC:DDDC (69 00 99) A:00 X:05 Y:0A P:07 S:E3 mem:002AF470 13:6913 tv:0.000001 69: ADC imm
lcpuC PC:DDDE (99 91 02) A:01 X:05 Y:0A P:04 S:E3 mem:002AF470 13:6911 tv:0.000000 99: STA abs,y
lcpuC PC:DDE1 (CA F0 03) A:01 X:05 Y:0A P:04 S:E3 mem:002AF471 13:6906 tv:0.000000 CA: DEX
lcpuC PC:DDE2 (F0 03 88) A:01 X:04 Y:0A P:04 S:E3 mem:002AF471 13:6904 tv:0.000000 F0: BEQ
lcpuC PC:DDE4 (88 D0 F2) A:01 X:04 Y:0A P:04 S:E3 mem:002AF471 13:6902 tv:0.000000 88: DEY
lcpuC PC:DDE5 (D0 F2 68) A:01 X:04 Y:09 P:04 S:E3 mem:002AF471 13:6900 tv:0.000001 D0: BNE
lcpuC PC:DDD9 (BD 91 02) A:01 X:04 Y:09 P:04 S:E3 mem:002AF471 13:6897 tv:0.000001 BD: LDA abs,x
lcpuC PC:DDDC (69 00 99) A:00 X:04 Y:09 P:06 S:E3 mem:002AF471 13:6893 tv:0.000001 69: ADC imm
lcpuC PC:DDDE (99 91 02) A:00 X:04 Y:09 P:06 S:E3 mem:002AF471 13:6891 tv:0.000001 99: STA abs,y
lcpuC PC:DDE1 (CA F0 03) A:00 X:04 Y:09 P:06 S:E3 mem:002AF471 13:6886 tv:0.000000 CA: DEX
lcpuC PC:DDE2 (F0 03 88) A:00 X:03 Y:09 P:04 S:E3 mem:002AF471 13:6884 tv:0.000001 F0: BEQ
lcpuC PC:DDE4 (88 D0 F2) A:00 X:03 Y:09 P:04 S:E3 mem:002AF471 13:6882 tv:0.000001 88: DEY
lcpuC PC:DDE5 (D0 F2 68) A:00 X:03 Y:08 P:04 S:E3 mem:002AF471 13:6880 tv:0.000000 D0: BNE
lcpuC PC:DDD9 (BD 91 02) A:00 X:03 Y:08 P:04 S:E3 mem:002AF471 13:6877 tv:0.000000 BD: LDA abs,x
lcpuC PC:DDDC (69 00 99) A:00 X:03 Y:08 P:06 S:E3 mem:002AF471 13:6873 tv:0.000001 69: ADC imm
lcpuC PC:DDDE (99 91 02) A:00 X:03 Y:08 P:06 S:E3 mem:002AF471 13:6871 tv:0.000000 99: STA abs,y
lcpuC PC:DDE1 (CA F0 03) A:00 X:03 Y:08 P:06 S:E3 mem:002AF471 13:6866 tv:0.000000 CA: DEX
lcpuC PC:DDE2 (F0 03 88) A:00 X:02 Y:08 P:04 S:E3 mem:002AF471 13:6864 tv:0.000000 F0: BEQ
lcpuC PC:DDE4 (88 D0 F2) A:00 X:02 Y:08 P:04 S:E3 mem:002AF471 13:6862 tv:0.000000 88: DEY
lcpuC PC:DDE5 (D0 F2 68) A:00 X:02 Y:07 P:04 S:E3 mem:002AF471 13:6860 tv:0.000001 D0: BNE
lcpuC PC:DDD9 (BD 91 02) A:00 X:02 Y:07 P:04 S:E3 mem:002AF471 13:6857 tv:0.000001 BD: LDA abs,x
lcpuC PC:DDDC (69 00 99) A:00 X:02 Y:07 P:06 S:E3 mem:002AF471 13:6853 tv:0.000001 69: ADC imm
lcpuC PC:DDDE (99 91 02) A:00 X:02 Y:07 P:06 S:E3 mem:002AF471 13:6851 tv:0.000000 99: STA abs,y
lcpuC PC:DDE1 (CA F0 03) A:00 X:02 Y:07 P:06 S:E3 mem:002AF471 13:6846 tv:0.000000 CA: DEX
lcpuC PC:DDE2 (F0 03 88) A:00 X:01 Y:07 P:04 S:E3 mem:002AF471 13:6844 tv:0.000001 F0: BEQ
lcpuC PC:DDE4 (88 D0 F2) A:00 X:01 Y:07 P:04 S:E3 mem:002AF471 13:6842 tv:0.000000 88: DEY
lcpuC PC:DDE5 (D0 F2 68) A:00 X:01 Y:06 P:04 S:E3 mem:002AF471 13:6840 tv:0.000001 D0: BNE
lcpuC PC:DDD9 (BD 91 02) A:00 X:01 Y:06 P:04 S:E3 mem:002AF471 13:6837 tv:0.000002 BD: LDA abs,x
lcpuC PC:DDDC (69 00 99) A:00 X:01 Y:06 P:06 S:E3 mem:002AF471 13:6833 tv:0.000000 69: ADC imm
lcpuC PC:DDDE (99 91 02) A:00 X:01 Y:06 P:06 S:E3 mem:002AF471 13:6831 tv:0.000000 99: STA abs,y
lcpuC PC:DDE1 (CA F0 03) A:00 X:01 Y:06 P:06 S:E3 mem:002AF471 13:6826 tv:0.000000 CA: DEX
lcpuC PC:DDE2 (F0 03 88) A:00 X:00 Y:06 P:06 S:E3 mem:002AF471 13:6824 tv:0.000001 F0: BEQ
lcpuC PC:DDE7 (68 8D 83) A:00 X:00 Y:06 P:06 S:E3 mem:002AF471 13:6821 tv:0.000002 68: PLA
lcpuC PC:DDE8 (8D 83 02) A:0A X:00 Y:06 P:04 S:E4 mem:002AF471 13:6817 tv:0.000001 8D: STA abs
lcpuC PC:DDEB (A2 05 FE) A:0A X:00 Y:06 P:04 S:E4 mem:002AF476 13:6813 tv:0.000001 A2: LDX imm
lcpuC PC:DDED (FE 9B 02) A:0A X:05 Y:06 P:04 S:E4 mem:002AF476 13:6811 tv:0.000000 FE: INC abs,x
lcpuC PC:DDF0 (D0 08 CA) A:0A X:05 Y:06 P:04 S:E4 mem:002AF477 13:6804 tv:0.000001 D0: BNE
lcpuC PC:DDFA (AD B1 02) A:0A X:05 Y:06 P:04 S:E4 mem:002AF477 13:6801 tv:0.000000 AD: LDA abs
lcpuC PC:DDFD (D0 08 AD) A:00 X:05 Y:06 P:06 S:E4 mem:002AF477 13:6797 tv:0.000000 D0: BNE
lcpuC PC:DDFF (AD B2 02) A:00 X:05 Y:06 P:06 S:E4 mem:002AF477 13:6795 tv:0.000001 AD: LDA abs
lcpuC PC:DE02 (F0 06 CE) A:00 X:05 Y:06 P:06 S:E4 mem:002AF477 13:6791 tv:0.000001 F0: BEQ
lcpuC PC:DE0A (2C CE 02) A:00 X:05 Y:06 P:06 S:E4 mem:002AF477 13:6788 tv:0.000000 2C: BIT abs
lcpuC PC:DE0D (10 0B EE) A:00 X:05 Y:06 P:C6 S:E4 mem:002AF477 13:6784 tv:0.000001 10: BPL
lcpuC PC:DE0F (EE CE 02) A:00 X:05 Y:06 P:C6 S:E4 mem:002AF477 13:6782 tv:0.000000 EE: INC abs
lcpuC PC:DE12 (58 20 47) A:00 X:05 Y:06 P:46 S:E4 mem:002AF378 13:6776 tv:0.000001 58: CLI
lcpuC PC:DE13 (20 47 EB) A:00 X:05 Y:06 P:42 S:E4 mem:002AF378 13:6774 tv:0.000000 20: JSR
lcpuC PC:EB47 (A9 00 8D) A:00 X:05 Y:06 P:42 S:E2 mem:002AF420 13:6768 tv:0.000000 A9: LDA imm
lcpuC PC:EB49 (8D 3B 08) A:00 X:05 Y:06 P:42 S:E2 mem:002AF420 13:6766 tv:0.000001 8D: STA abs
lcpuC PC:EB4C (AD 38 08) A:00 X:05 Y:06 P:42 S:E2 mem:002AF420 13:6762 tv:0.000001 AD: LDA abs
lcpuC PC:EB4F (D0 06 EE) A:FF X:05 Y:06 P:C0 S:E2 mem:002AF420 13:6758 tv:0.000001 D0: BNE
lcpuC PC:EB57 (A2 08 CA) A:FF X:05 Y:06 P:C0 S:E2 mem:002AF420 13:6755 tv:0.000001 A2: LDX imm
lcpuC PC:EB59 (CA BD 00) A:FF X:08 Y:06 P:40 S:E2 mem:002AF420 13:6753 tv:0.000000 CA: DEX
lcpuC PC:EB5A (BD 00 08) A:FF X:07 Y:06 P:40 S:E2 mem:002AF420 13:6751 tv:0.000000 BD: LDA abs,x
lcpuC PC:EB5D (F0 E5 BD) A:80 X:07 Y:06 P:C0 S:E2 mem:002AF420 13:6747 tv:0.000001 F0: BEQ
lcpuC PC:EB5F (BD CF 02) A:80 X:07 Y:06 P:C0 S:E2 mem:002AF420 13:6745 tv:0.000000 BD: LDA abs,x
lcpuC PC:EB62 (30 05 BD) A:00 X:07 Y:06 P:42 S:E2 mem:002AF420 13:6741 tv:0.000000 30: BMI
lcpuC PC:EB64 (BD 18 08) A:00 X:07 Y:06 P:42 S:E2 mem:002AF420 13:6739 tv:0.000000 BD: LDA abs,x
lcpuC PC:EB67 (D0 03 20) A:00 X:07 Y:06 P:42 S:E2 mem:002AF420 13:6735 tv:0.000000 D0: BNE
lcpuC PC:EB69 (20 6B EC) A:00 X:07 Y:06 P:42 S:E2 mem:002AF420 13:6733 tv:0.000000 20: JSR
lcpuC PC:EC6B (BD 08 08) A:00 X:07 Y:06 P:42 S:E0 mem:002AF528 13:6727 tv:0.000000 BD: LDA abs,x
lcpuC PC:EC6E (C9 04 F0) A:04 X:07 Y:06 P:40 S:E0 mem:002AF528 13:6723 tv:0.000010 C9: CMP imm
lcpuC PC:EC70 (F0 05 A9) A:04 X:07 Y:06 P:43 S:E0 mem:002AF528 13:6721 tv:0.000001 F0: BEQ
lcpuC PC:EC77 (BD CF 02) A:04 X:07 Y:06 P:43 S:E0 mem:002AF528 13:6718 tv:0.000000 BD: LDA abs,x
lcpuC PC:EC7A (F0 14 A9) A:00 X:07 Y:06 P:43 S:E0 mem:002AF528 13:6714 tv:0.000001 F0: BEQ
lcpuC PC:EC90 (BD 28 08) A:00 X:07 Y:06 P:43 S:E0 mem:002AF528 13:6711 tv:0.000001 BD: LDA abs,x
lcpuC PC:EC93 (F0 46 AD) A:00 X:07 Y:06 P:43 S:E0 mem:002AF528 13:6707 tv:0.000000 F0: BEQ
lcpuC PC:ECDB (20 5B E4) A:00 X:07 Y:06 P:43 S:E0 mem:002AF528 13:6704 tv:0.000000 20: JSR
lcpuC PC:E45B (2C B7 D9) A:00 X:07 Y:06 P:43 S:DE mem:002AF6F1 13:6698 tv:0.000001 2C: BIT abs
lcpuC PC:E45E (70 01 B8) A:00 X:07 Y:06 P:C3 S:DE mem:002AF6F1 13:6694 tv:0.000001 70: BVS
lcpuC PC:E461 (6C 2C 02) A:00 X:07 Y:06 P:C3 S:DE mem:002AF6F1 13:6691 tv:0.000000 6C: JMP ()
lcpuC PC:E464 (08 78 BD) A:00 X:07 Y:06 P:C3 S:DE mem:002AF6F1 13:6686 tv:0.000001 08: PHP
lcpuC PC:E465 (78 BD D8) A:00 X:07 Y:06 P:C3 S:DD mem:002AF7E4 13:6683 tv:0.000001 78: SEI
lcpuC PC:E466 (BD D8 02) A:00 X:07 Y:06 P:C7 S:DD mem:002AF7E4 13:6681 tv:0.000000 BD: LDA abs,x
lcpuC PC:E469 (DD E1 02) A:FF X:07 Y:06 P:C5 S:DD mem:002AF7E4 13:6677 tv:0.000001 DD: CMP abs,x
lcpuC PC:E46C (F0 72 A8) A:FF X:07 Y:06 P:45 S:DD mem:002AF7E4 13:6673 tv:0.000001 F0: BEQ
lcpuC PC:E46E (A8 20 50) A:FF X:07 Y:06 P:45 S:DD mem:002AF7E4 13:6671 tv:0.000000 A8: TAY
lcpuC PC:E46F (20 50 E4) A:FF X:07 Y:FF P:C5 S:DD mem:002AF7E4 13:6669 tv:0.000000 20: JSR
lcpuC PC:E450 (BD 3E E4) A:FF X:07 Y:FF P:C5 S:DB mem:002AF939 13:6663 tv:0.000000 BD: LDA abs,x
lcpuC PC:E453 (85 FA BD) A:80 X:07 Y:FF P:C5 S:DB mem:002AF939 13:6659 tv:0.000001 85: STA zp
lcpuC PC:E455 (BD 35 E4) A:80 X:07 Y:FF P:C5 S:DB mem:002AF9A0 13:6656 tv:0.000001 BD: LDA abs,x
lcpuC PC:E458 (85 FB 60) A:07 X:07 Y:FF P:45 S:DB mem:002AF9A0 13:6652 tv:0.000001 85: STA zp
lcpuC PC:E45A (60 2C B7) A:07 X:07 Y:FF P:45 S:DB mem:002AF8B7 13:6649 tv:0.000000 60: RTS
lcpuC PC:E472 (B1 FA 70) A:07 X:07 Y:FF P:45 S:DD mem:002AF8B7 13:6643 tv:0.000001 B1: LDA (),y
lcpuC PC:E474 (70 1B 48) A:90 X:07 Y:FF P:C5 S:DD mem:002AF8B7 13:6638 tv:0.000001 70: BVS
lcpuC PC:E491 (28 18 60) A:90 X:07 Y:FF P:C5 S:DD mem:002AF8B7 13:6635 tv:0.000001 28: PLP
lcpuC PC:E492 (18 60 08) A:90 X:07 Y:FF P:C3 S:DE mem:002AF8B7 13:6631 tv:0.000000 18: CLC
lcpuC PC:E493 (60 08 78) A:90 X:07 Y:FF P:C2 S:DE mem:002AF8B7 13:6629 tv:0.000000 60: RTS
lcpuC PC:ECDE (B0 DC 29) A:90 X:07 Y:FF P:C2 S:E0 mem:002AF8B7 13:6623 tv:0.000000 B0: BCS
lcpuC PC:ECE0 (29 03 F0) A:90 X:07 Y:FF P:C2 S:E0 mem:002AF8B7 13:6621 tv:0.000000 29: AND
lcpuC PC:ECE2 (F0 BB AD) A:00 X:07 Y:FF P:42 S:E0 mem:002AF8B7 13:6618 tv:0.000001 F0: BEQ
lcpuC PC:EC9F (4C 98 ED) A:00 X:07 Y:FF P:42 S:E0 mem:002AF8B7 13:6615 tv:0.000000 4C: JMP
lcpuC PC:ED98 (08 78 20) A:00 X:07 Y:FF P:42 S:E0 mem:002AF8B7 13:6612 tv:0.000000 08: PHP
lcpuC PC:ED99 (78 20 60) A:00 X:07 Y:FF P:42 S:DF mem:002AF83D 13:6609 tv:0.000001 78: SEI
lcpuC PC:ED9A (20 60 E4) A:00 X:07 Y:FF P:46 S:DF mem:002AF83D 13:6607 tv:0.000001 20: JSR
lcpuC PC:E460 (B8 6C 2C) A:00 X:07 Y:FF P:46 S:DD mem:002AF7F6 13:6601 tv:0.000000 B8: CLV
lcpuC PC:E461 (6C 2C 02) A:00 X:07 Y:FF P:06 S:DD mem:002AF7F6 13:6599 tv:0.000000 6C: JMP ()
lcpuC PC:E464 (08 78 BD) A:00 X:07 Y:FF P:06 S:DD mem:002AF7F6 13:6594 tv:0.000000 08: PHP
lcpuC PC:E465 (78 BD D8) A:00 X:07 Y:FF P:06 S:DC mem:002AF748 13:6591 tv:0.000000 78: SEI
lcpuC PC:E466 (BD D8 02) A:00 X:07 Y:FF P:06 S:DC mem:002AF748 13:6589 tv:0.000001 BD: LDA abs,x
lcpuC PC:E469 (DD E1 02) A:FF X:07 Y:FF P:84 S:DC mem:002AF748 13:6585 tv:0.000001 DD: CMP abs,x
lcpuC PC:E46C (F0 72 A8) A:FF X:07 Y:FF P:05 S:DC mem:002AF748 13:6581 tv:0.000001 F0: BEQ
lcpuC PC:E46E (A8 20 50) A:FF X:07 Y:FF P:05 S:DC mem:002AF748 13:6579 tv:0.000001 A8: TAY
lcpuC PC:E46F (20 50 E4) A:FF X:07 Y:FF P:85 S:DC mem:002AF748 13:6577 tv:0.000001 20: JSR
lcpuC PC:E450 (BD 3E E4) A:FF X:07 Y:FF P:85 S:DA mem:002AF82C 13:6571 tv:0.000000 BD: LDA abs,x
lcpuC PC:E453 (85 FA BD) A:80 X:07 Y:FF P:85 S:DA mem:002AF82C 13:6567 tv:0.000000 85: STA zp
lcpuC PC:E455 (BD 35 E4) A:80 X:07 Y:FF P:85 S:DA mem:002AF82C 13:6564 tv:0.000001 BD: LDA abs,x
lcpuC PC:E458 (85 FB 60) A:07 X:07 Y:FF P:05 S:DA mem:002AF82C 13:6560 tv:0.000000 85: STA zp
lcpuC PC:E45A (60 2C B7) A:07 X:07 Y:FF P:05 S:DA mem:002AF82C 13:6557 tv:0.000000 60: RTS
lcpuC PC:E472 (B1 FA 70) A:07 X:07 Y:FF P:05 S:DC mem:002AF82C 13:6551 tv:0.000001 B1: LDA (),y
lcpuC PC:E474 (70 1B 48) A:90 X:07 Y:FF P:85 S:DC mem:002AF82C 13:6546 tv:0.000001 70: BVS
lcpuC PC:E476 (48 C8 98) A:90 X:07 Y:FF P:85 S:DC mem:002AF82C 13:6544 tv:0.000001 48: PHA
lcpuC PC:E477 (C8 98 D0) A:90 X:07 Y:FF P:85 S:DB mem:002AF7D8 13:6541 tv:0.000001 C8: INY
lcpuC PC:E478 (98 D0 03) A:90 X:07 Y:00 P:07 S:DB mem:002AF7D8 13:6539 tv:0.000000 98: TYA
lcpuC PC:E479 (D0 03 BD) A:00 X:07 Y:00 P:07 S:DB mem:002AF7D8 13:6537 tv:0.000000 D0: BNE
lcpuC PC:E47B (BD 47 E4) A:00 X:07 Y:00 P:07 S:DB mem:002AF7D8 13:6535 tv:0.000000 BD: LDA abs,x
lcpuC PC:E47E (9D D8 02) A:F0 X:07 Y:00 P:85 S:DB mem:002AF7D8 13:6531 tv:0.000001 9D: STA abs,x
lcpuC PC:E481 (E0 02 90) A:F0 X:07 Y:00 P:85 S:DB mem:002AF7C9 13:6526 tv:0.000000 E0: CPX imm
lcpuC PC:E483 (90 0A DD) A:F0 X:07 Y:00 P:05 S:DB mem:002AF7C9 13:6524 tv:0.000000 90: BCC
lcpuC PC:E485 (DD E1 02) A:F0 X:07 Y:00 P:05 S:DB mem:002AF7C9 13:6522 tv:0.000000 DD: CMP abs,x
lcpuC PC:E488 (D0 05 A0) A:F0 X:07 Y:00 P:84 S:DB mem:002AF7C9 13:6518 tv:0.000001 D0: BNE
lcpuC PC:E48F (68 A8 28) A:F0 X:07 Y:00 P:84 S:DB mem:002AF7C9 13:6515 tv:0.000001 68: PLA
lcpuC PC:E490 (A8 28 18) A:90 X:07 Y:00 P:84 S:DC mem:002AF7C9 13:6511 tv:0.000000 A8: TAY
lcpuC PC:E491 (28 18 60) A:90 X:07 Y:90 P:84 S:DC mem:002AF7C9 13:6509 tv:0.000001 28: PLP
lcpuC PC:E492 (18 60 08) A:90 X:07 Y:90 P:06 S:DD mem:002AF7C9 13:6505 tv:0.000001 18: CLC
lcpuC PC:E493 (60 08 78) A:90 X:07 Y:90 P:06 S:DD mem:002AF7C9 13:6503 tv:0.000000 60: RTS
lcpuC PC:ED9D (48 29 04) A:90 X:07 Y:90 P:06 S:DF mem:002AF7C9 13:6497 tv:0.000001 48: PHA
lcpuC PC:ED9E (29 04 F0) A:90 X:07 Y:90 P:06 S:DE mem:002AF76C 13:6494 tv:0.000000 29: AND
lcpuC PC:EDA0 (F0 15 68) A:00 X:07 Y:90 P:06 S:DE mem:002AF76C 13:6491 tv:0.000001 F0: BEQ
lcpuC PC:EDB7 (68 29 F8) A:00 X:07 Y:90 P:06 S:DE mem:002AF76C 13:6488 tv:0.000000 68: PLA
lcpuC PC:EDB8 (29 F8 0A) A:90 X:07 Y:90 P:84 S:DF mem:002AF76C 13:6484 tv:0.000001 29: AND
lcpuC PC:EDBA (0A 90 0B) A:90 X:07 Y:90 P:84 S:DF mem:002AF76C 13:6481 tv:0.000001 0A: ASL A
lcpuC PC:EDBB (90 0B 49) A:20 X:07 Y:90 P:05 S:DF mem:002AF76C 13:6479 tv:0.000001 90: BCC
lcpuC PC:EDBD (49 FF 4A) A:20 X:07 Y:90 P:05 S:DF mem:002AF76C 13:6477 tv:0.000000 49: EOR imm
lcpuC PC:EDBF (4A 38 E9) A:DF X:07 Y:90 P:85 S:DF mem:002AF76C 13:6475 tv:0.000001 4A: LSR A
lcpuC PC:EDC0 (38 E9 40) A:6F X:07 Y:90 P:05 S:DF mem:002AF76C 13:6473 tv:0.000001 38: SEC
lcpuC PC:EDC1 (E9 40 20) A:6F X:07 Y:90 P:05 S:DF mem:002AF76C 13:6471 tv:0.000001 E9: SBC imm
lcpuC PC:EDC3 (20 0A EB) A:2F X:07 Y:90 P:05 S:DF mem:002AF76C 13:6469 tv:0.000007 20: JSR
lcpuC PC:EB0A (9D 04 08) A:2F X:07 Y:90 P:05 S:DD mem:002AF7F2 13:6463 tv:0.000000 9D: STA abs,x
lcpuC PC:EB0D (AC 62 02) A:2F X:07 Y:90 P:05 S:DD mem:002AF761 13:6458 tv:0.000001 AC: LDY abs
lcpuC PC:EB10 (F0 02 A9) A:2F X:07 Y:00 P:07 S:DD mem:002AF761 13:6454 tv:0.000001 F0: BEQ
lcpuC PC:EB14 (38 E9 40) A:2F X:07 Y:00 P:07 S:DD mem:002AF761 13:6451 tv:0.000001 38: SEC
lcpuC PC:EB15 (E9 40 4A) A:2F X:07 Y:00 P:07 S:DD mem:002AF761 13:6449 tv:0.000000 E9: SBC imm
lcpuC PC:EB17 (4A 4A 4A) A:EF X:07 Y:00 P:C4 S:DD mem:002AF761 13:6447 tv:0.000001 4A: LSR A
lcpuC PC:EB18 (4A 4A 49) A:77 X:07 Y:00 P:45 S:DD mem:002AF761 13:6445 tv:0.000000 4A: LSR A
lcpuC PC:EB19 (4A 49 0F) A:3B X:07 Y:00 P:45 S:DD mem:002AF761 13:6443 tv:0.000000 4A: LSR A
lcpuC PC:EB1A (49 0F 1D) A:1D X:07 Y:00 P:45 S:DD mem:002AF761 13:6441 tv:0.000000 49: EOR imm
lcpuC PC:EB1C (1D 3C EB) A:12 X:07 Y:00 P:45 S:DD mem:002AF761 13:6439 tv:0.000000 1D: ORA abs,x
lcpuC PC:EB1F (09 10 08) A:92 X:07 Y:00 P:C5 S:DD mem:002AF761 13:6435 tv:0.000002 09: ORA imm
lcpuC PC:EB21 (08 78 A0) A:92 X:07 Y:00 P:C5 S:DD mem:002AF761 13:6433 tv:0.000000 08: PHP
lcpuC PC:EB22 (78 A0 FF) A:92 X:07 Y:00 P:C5 S:DC mem:002AF820 13:6430 tv:0.000000 78: SEI
lcpuC PC:EB23 (A0 FF 8C) A:92 X:07 Y:00 P:C5 S:DC mem:002AF820 13:6428 tv:0.000000 A0: LDY imm
lcpuC PC:EB25 (8C 43 FE) A:92 X:07 Y:FF P:C5 S:DC mem:002AF820 13:6426 tv:0.000001 8C: STY abs
here! 0x0000ff 0x00eb28 0xe6fa3010 0xcdde0ebc tv:0.000000 (cycle 6426  pc ~EB25
writemem_ex! addr=FE43 val=FF
lcpuC PC:EB28 (8D 4F FE) A:92 X:07 Y:FF P:C5 S:DC mem:002AF820 13:6422 tv:0.000007 8D: STA abs
here! 0x000092 0x00eb2b 0xe6fa3010 0xcdde0ebc tv:0.000001 (cycle 6422  pc ~EB28
writing 92(0092) to FE4F!writemem_ex! addr=FE4F val=92
lcpuC PC:EB2B (C8 8C 40) A:92 X:07 Y:FF P:C5 S:DC mem:002AF820 13:6418 tv:0.000049 C8: INY
lcpuC PC:EB2C (8C 40 FE) A:92 X:07 Y:00 P:47 S:DC mem:002AF820 13:6416 tv:0.000001 8C: STY abs
here! 0x000000 0x00eb2f 0xe6fa3010 0xcdde0ebc tv:0.000000 (cycle 6416  pc ~EB2C
writemem_ex! addr=FE40 val=00
lcpuC PC:EB2F (A0 02 88) A:92 X:07 Y:00 P:47 S:DC mem:002AF820 13:6412 tv:0.000008 A0: LDY imm
lcpuC PC:EB31 (88 D0 FD) A:92 X:07 Y:02 P:45 S:DC mem:002AF820 13:6410 tv:0.000001 88: DEY
lcpuC PC:EB32 (D0 FD A0) A:92 X:07 Y:01 P:45 S:DC mem:002AF820 13:6408 tv:0.000000 D0: BNE
lcpuC PC:EB31 (88 D0 FD) A:92 X:07 Y:01 P:45 S:DC mem:002AF820 13:6405 tv:0.000001 88: DEY
lcpuC PC:EB32 (D0 FD A0) A:92 X:07 Y:00 P:47 S:DC mem:002AF820 13:6403 tv:0.000001 D0: BNE
lcpuC PC:EB34 (A0 08 8C) A:92 X:07 Y:00 P:47 S:DC mem:002AF820 13:6401 tv:0.000001 A0: LDY imm
lcpuC PC:EB36 (8C 40 FE) A:92 X:07 Y:08 P:45 S:DC mem:002AF820 13:6399 tv:0.000001 8C: STY abs
here! 0x000008 0x00eb39 0xe6fa3010 0xcdde0ebc tv:0.000000 (cycle 6399  pc ~EB36
writemem_ex! addr=FE40 val=08
lcpuC PC:EB39 (A0 04 88) A:92 X:07 Y:08 P:45 S:DC mem:002AF820 13:6395 tv:0.000007 A0: LDY imm
lcpuC PC:EB3B (88 D0 FD) A:92 X:07 Y:04 P:45 S:DC mem:002AF820 13:6393 tv:0.000001 88: DEY
lcpuC PC:EB3C (D0 FD 28) A:92 X:07 Y:03 P:45 S:DC mem:002AF820 13:6391 tv:0.000000 D0: BNE
lcpuC PC:EB3B (88 D0 FD) A:92 X:07 Y:03 P:45 S:DC mem:002AF820 13:6388 tv:0.000000 88: DEY
lcpuC PC:EB3C (D0 FD 28) A:92 X:07 Y:02 P:45 S:DC mem:002AF820 13:6386 tv:0.000000 D0: BNE
lcpuC PC:EB3B (88 D0 FD) A:92 X:07 Y:02 P:45 S:DC mem:002AF820 13:6383 tv:0.000001 88: DEY
lcpuC PC:EB3C (D0 FD 28) A:92 X:07 Y:01 P:45 S:DC mem:002AF820 13:6381 tv:0.000000 D0: BNE
lcpuC PC:EB3B (88 D0 FD) A:92 X:07 Y:01 P:45 S:DC mem:002AF820 13:6378 tv:0.000001 88: DEY
lcpuC PC:EB3C (D0 FD 28) A:92 X:07 Y:00 P:47 S:DC mem:002AF820 13:6376 tv:0.000001 D0: BNE
lcpuC PC:EB3E (28 60 E0) A:92 X:07 Y:00 P:47 S:DC mem:002AF820 13:6374 tv:0.000000 28: PLP
lcpuC PC:EB3F (60 E0 C0) A:92 X:07 Y:00 P:C5 S:DD mem:002AF820 13:6370 tv:0.000001 60: RTS
lcpuC PC:EDC6 (A9 FF 9D) A:92 X:07 Y:00 P:C5 S:DF mem:002AF820 13:6364 tv:0.000001 A9: LDA imm
lcpuC PC:EDC8 (9D 20 08) A:FF X:07 Y:00 P:C5 S:DF mem:002AF820 13:6362 tv:0.000001 9D: STA abs,x
lcpuC PC:EDCB (A9 05 9D) A:FF X:07 Y:00 P:C5 S:DF mem:002AF91F 13:6357 tv:0.000001 A9: LDA imm
lcpuC PC:EDCD (9D 1C 08) A:05 X:07 Y:00 P:45 S:DF mem:002AF91F 13:6355 tv:0.000001 9D: STA abs,x
lcpuC PC:EDD0 (A9 01 9D) A:05 X:07 Y:00 P:45 S:DF mem:002AF924 13:6350 tv:0.000001 A9: LDA imm
lcpuC PC:EDD2 (9D 24 08) A:01 X:07 Y:00 P:45 S:DF mem:002AF924 13:6348 tv:0.000000 9D: STA abs,x
lcpuC PC:EDD5 (A9 00 9D) A:01 X:07 Y:00 P:45 S:DF mem:002AF925 13:6343 tv:0.000000 A9: LDA imm
lcpuC PC:EDD7 (9D 14 08) A:00 X:07 Y:00 P:47 S:DF mem:002AF925 13:6341 tv:0.000000 9D: STA abs,x
lcpuC PC:EDDA (9D 08 08) A:00 X:07 Y:00 P:47 S:DF mem:002AF925 13:6336 tv:0.000000 9D: STA abs,x
lcpuC PC:EDDD (9D 30 08) A:00 X:07 Y:00 P:47 S:DF mem:002AF921 13:6331 tv:0.000000 9D: STA abs,x
lcpuC PC:EDE0 (A9 FF 9D) A:00 X:07 Y:00 P:47 S:DF mem:002AF921 13:6326 tv:0.000001 A9: LDA imm
lcpuC PC:EDE2 (9D 10 08) A:FF X:07 Y:00 P:C5 S:DF mem:002AF921 13:6324 tv:0.000001 9D: STA abs,x
lcpuC PC:EDE5 (20 60 E4) A:FF X:07 Y:00 P:C5 S:DF mem:002AFA20 13:6319 tv:0.000000 20: JSR
lcpuC PC:E460 (B8 6C 2C) A:FF X:07 Y:00 P:C5 S:DD mem:002AFA42 13:6313 tv:0.000000 B8: CLV
lcpuC PC:E461 (6C 2C 02) A:FF X:07 Y:00 P:85 S:DD mem:002AFA42 13:6311 tv:0.000001 6C: JMP ()
lcpuC PC:E464 (08 78 BD) A:FF X:07 Y:00 P:85 S:DD mem:002AFA42 13:6306 tv:0.000001 08: PHP
lcpuC PC:E465 (78 BD D8) A:FF X:07 Y:00 P:85 S:DC mem:002AFA02 13:6303 tv:0.000000 78: SEI
lcpuC PC:E466 (BD D8 02) A:FF X:07 Y:00 P:85 S:DC mem:002AFA02 13:6301 tv:0.000000 BD: LDA abs,x
lcpuC PC:E469 (DD E1 02) A:F0 X:07 Y:00 P:85 S:DC mem:002AFA02 13:6297 tv:0.000001 DD: CMP abs,x
lcpuC PC:E46C (F0 72 A8) A:F0 X:07 Y:00 P:84 S:DC mem:002AFA02 13:6293 tv:0.000000 F0: BEQ
lcpuC PC:E46E (A8 20 50) A:F0 X:07 Y:00 P:84 S:DC mem:002AFA02 13:6291 tv:0.000000 A8: TAY
lcpuC PC:E46F (20 50 E4) A:F0 X:07 Y:F0 P:84 S:DC mem:002AFA02 13:6289 tv:0.000001 20: JSR
lcpuC PC:E450 (BD 3E E4) A:F0 X:07 Y:F0 P:84 S:DA mem:002AFA56 13:6283 tv:0.000001 BD: LDA abs,x
lcpuC PC:E453 (85 FA BD) A:80 X:07 Y:F0 P:84 S:DA mem:002AFA56 13:6279 tv:0.000000 85: STA zp
lcpuC PC:E455 (BD 35 E4) A:80 X:07 Y:F0 P:84 S:DA mem:002AFA56 13:6276 tv:0.000000 BD: LDA abs,x
lcpuC PC:E458 (85 FB 60) A:07 X:07 Y:F0 P:04 S:DA mem:002AFA56 13:6272 tv:0.000000 85: STA zp
lcpuC PC:E45A (60 2C B7) A:07 X:07 Y:F0 P:04 S:DA mem:002AFA56 13:6269 tv:0.000001 60: RTS
lcpuC PC:E472 (B1 FA 70) A:07 X:07 Y:F0 P:04 S:DC mem:002AFA56 13:6263 tv:0.000001 B1: LDA (),y
lcpuC PC:E474 (70 1B 48) A:64 X:07 Y:F0 P:04 S:DC mem:002AFA56 13:6258 tv:0.000001 70: BVS
lcpuC PC:E476 (48 C8 98) A:64 X:07 Y:F0 P:04 S:DC mem:002AFA56 13:6256 tv:0.000000 48: PHA
lcpuC PC:E477 (C8 98 D0) A:64 X:07 Y:F0 P:04 S:DB mem:002AF9D6 13:6253 tv:0.000000 C8: INY
lcpuC PC:E478 (98 D0 03) A:64 X:07 Y:F1 P:84 S:DB mem:002AF9D6 13:6251 tv:0.000001 98: TYA
lcpuC PC:E479 (D0 03 BD) A:F1 X:07 Y:F1 P:84 S:DB mem:002AF9D6 13:6249 tv:0.000000 D0: BNE
lcpuC PC:E47E (9D D8 02) A:F1 X:07 Y:F1 P:84 S:DB mem:002AF9D6 13:6246 tv:0.000001 9D: STA abs,x
lcpuC PC:E481 (E0 02 90) A:F1 X:07 Y:F1 P:84 S:DB mem:002AF9D7 13:6241 tv:0.000001 E0: CPX imm
lcpuC PC:E483 (90 0A DD) A:F1 X:07 Y:F1 P:05 S:DB mem:002AF9D7 13:6239 tv:0.000001 90: BCC
lcpuC PC:E485 (DD E1 02) A:F1 X:07 Y:F1 P:05 S:DB mem:002AF9D7 13:6237 tv:0.000001 DD: CMP abs,x
lcpuC PC:E488 (D0 05 A0) A:F1 X:07 Y:F1 P:84 S:DB mem:002AF9D7 13:6233 tv:0.000001 D0: BNE
lcpuC PC:E48F (68 A8 28) A:F1 X:07 Y:F1 P:84 S:DB mem:002AF9D7 13:6230 tv:0.000000 68: PLA
lcpuC PC:E490 (A8 28 18) A:64 X:07 Y:F1 P:04 S:DC mem:002AF9D7 13:6226 tv:0.000000 A8: TAY
lcpuC PC:E491 (28 18 60) A:64 X:07 Y:64 P:04 S:DC mem:002AF9D7 13:6224 tv:0.000001 28: PLP
lcpuC PC:E492 (18 60 08) A:64 X:07 Y:64 P:85 S:DD mem:002AF9D7 13:6220 tv:0.000001 18: CLC
lcpuC PC:E493 (60 08 78) A:64 X:07 Y:64 P:84 S:DD mem:002AF9D7 13:6218 tv:0.000000 60: RTS
lcpuC PC:EDE8 (9D 0C 08) A:64 X:07 Y:64 P:84 S:DF mem:002AF9D7 13:6212 tv:0.000011 9D: STA abs,x
lcpuC PC:EDEB (20 60 E4) A:64 X:07 Y:64 P:84 S:DF mem:002AFA3B 13:6207 tv:0.000010 20: JSR
lcpuC PC:E460 (B8 6C 2C) A:64 X:07 Y:64 P:84 S:DD mem:002AFA41 13:6201 tv:0.000000 B8: CLV
lcpuC PC:E461 (6C 2C 02) A:64 X:07 Y:64 P:84 S:DD mem:002AFA41 13:6199 tv:0.000000 6C: JMP ()
lcpuC PC:E464 (08 78 BD) A:64 X:07 Y:64 P:84 S:DD mem:002AFA41 13:6194 tv:0.000000 08: PHP
lcpuC PC:E465 (78 BD D8) A:64 X:07 Y:64 P:84 S:DC mem:002AFA40 13:6191 tv:0.000000 78: SEI
lcpuC PC:E466 (BD D8 02) A:64 X:07 Y:64 P:84 S:DC mem:002AFA40 13:6189 tv:0.000000 BD: LDA abs,x
lcpuC PC:E469 (DD E1 02) A:F1 X:07 Y:64 P:84 S:DC mem:002AFA40 13:6185 tv:0.000001 DD: CMP abs,x
lcpuC PC:E46C (F0 72 A8) A:F1 X:07 Y:64 P:84 S:DC mem:002AFA40 13:6181 tv:0.000001 F0: BEQ
lcpuC PC:E46E (A8 20 50) A:F1 X:07 Y:64 P:84 S:DC mem:002AFA40 13:6179 tv:0.000001 A8: TAY
lcpuC PC:E46F (20 50 E4) A:F1 X:07 Y:F1 P:84 S:DC mem:002AFA40 13:6177 tv:0.000000 20: JSR
lcpuC PC:E450 (BD 3E E4) A:F1 X:07 Y:F1 P:84 S:DA mem:002AFAC0 13:6171 tv:0.000001 BD: LDA abs,x
lcpuC PC:E453 (85 FA BD) A:80 X:07 Y:F1 P:84 S:DA mem:002AFAC0 13:6167 tv:0.000001 85: STA zp
lcpuC PC:E455 (BD 35 E4) A:80 X:07 Y:F1 P:84 S:DA mem:002AFAC0 13:6164 tv:0.000000 BD: LDA abs,x
lcpuC PC:E458 (85 FB 60) A:07 X:07 Y:F1 P:04 S:DA mem:002AFAC0 13:6160 tv:0.000001 85: STA zp
lcpuC PC:E45A (60 2C B7) A:07 X:07 Y:F1 P:04 S:DA mem:002AFAC0 13:6157 tv:0.000000 60: RTS
lcpuC PC:E472 (B1 FA 70) A:07 X:07 Y:F1 P:04 S:DC mem:002AFAC0 13:6151 tv:0.000000 B1: LDA (),y
lcpuC PC:E474 (70 1B 48) A:06 X:07 Y:F1 P:04 S:DC mem:002AFAC0 13:6146 tv:0.000001 70: BVS
lcpuC PC:E476 (48 C8 98) A:06 X:07 Y:F1 P:04 S:DC mem:002AFAC0 13:6144 tv:0.000000 48: PHA
lcpuC PC:E477 (C8 98 D0) A:06 X:07 Y:F1 P:04 S:DB mem:002AF9E2 13:6141 tv:0.000001 C8: INY
lcpuC PC:E478 (98 D0 03) A:06 X:07 Y:F2 P:84 S:DB mem:002AF9E2 13:6139 tv:0.000000 98: TYA
lcpuC PC:E479 (D0 03 BD) A:F2 X:07 Y:F2 P:84 S:DB mem:002AF9E2 13:6137 tv:0.000000 D0: BNE
lcpuC PC:E47E (9D D8 02) A:F2 X:07 Y:F2 P:84 S:DB mem:002AF9E2 13:6134 tv:0.000001 9D: STA abs,x
lcpuC PC:E481 (E0 02 90) A:F2 X:07 Y:F2 P:84 S:DB mem:002AF9E3 13:6129 tv:0.000001 E0: CPX imm
lcpuC PC:E483 (90 0A DD) A:F2 X:07 Y:F2 P:05 S:DB mem:002AF9E3 13:6127 tv:0.000000 90: BCC
lcpuC PC:E485 (DD E1 02) A:F2 X:07 Y:F2 P:05 S:DB mem:002AF9E3 13:6125 tv:0.000001 DD: CMP abs,x
lcpuC PC:E488 (D0 05 A0) A:F2 X:07 Y:F2 P:07 S:DB mem:002AF9E3 13:6121 tv:0.000001 D0: BNE
lcpuC PC:E48A (A0 00 20) A:F2 X:07 Y:F2 P:07 S:DB mem:002AF9E3 13:6119 tv:0.000000 A0: LDY imm
lcpuC PC:E48C (20 94 E4) A:F2 X:07 Y:00 P:07 S:DB mem:002AF9E3 13:6117 tv:0.000000 20: JSR
lcpuC PC:E494 (08 78 48) A:F2 X:07 Y:00 P:07 S:D9 mem:002AFAE4 13:6111 tv:0.000000 08: PHP
lcpuC PC:E495 (78 48 85) A:F2 X:07 Y:00 P:07 S:D8 mem:002AFB1B 13:6108 tv:0.000000 78: SEI
lcpuC PC:E496 (48 85 FA) A:F2 X:07 Y:00 P:07 S:D8 mem:002AFB1B 13:6106 tv:0.000000 48: PHA
lcpuC PC:E497 (85 FA B9) A:F2 X:07 Y:00 P:07 S:D7 mem:002AFC0D 13:6103 tv:0.000000 85: STA zp
lcpuC PC:E499 (B9 BF 02) A:F2 X:07 Y:00 P:07 S:D7 mem:002AFC7F 13:6100 tv:0.000000 B9: LDA abs,y
lcpuC PC:E49C (F0 41 98) A:00 X:07 Y:00 P:07 S:D7 mem:002AFC7F 13:6096 tv:0.000001 F0: BEQ
lcpuC PC:E4DF (68 28 38) A:00 X:07 Y:00 P:07 S:D7 mem:002AFC7F 13:6093 tv:0.000001 68: PLA
lcpuC PC:E4E0 (28 38 60) A:F2 X:07 Y:00 P:85 S:D8 mem:002AFC7F 13:6089 tv:0.000001 28: PLP
lcpuC PC:E4E1 (38 60 48) A:F2 X:07 Y:00 P:07 S:D9 mem:002AFC7F 13:6085 tv:0.000000 38: SEC
lcpuC PC:E4E2 (60 48 29) A:F2 X:07 Y:00 P:07 S:D9 mem:002AFC7F 13:6083 tv:0.000000 60: RTS
lcpuC PC:E48F (68 A8 28) A:F2 X:07 Y:00 P:07 S:DB mem:002AFC7F 13:6077 tv:0.000001 68: PLA
lcpuC PC:E490 (A8 28 18) A:06 X:07 Y:00 P:05 S:DC mem:002AFC7F 13:6073 tv:0.000000 A8: TAY
lcpuC PC:E491 (28 18 60) A:06 X:07 Y:06 P:05 S:DC mem:002AFC7F 13:6071 tv:0.000000 28: PLP
lcpuC PC:E492 (18 60 08) A:06 X:07 Y:06 P:84 S:DD mem:002AFC7F 13:6067 tv:0.000000 18: CLC
lcpuC PC:E493 (60 08 78) A:06 X:07 Y:06 P:84 S:DD mem:002AFC7F 13:6065 tv:0.000000 60: RTS
lcpuC PC:EDEE (28 48 BD) A:06 X:07 Y:06 P:84 S:DF mem:002AFC7F 13:6059 tv:0.000000 28: PLP
lcpuC PC:EDEF (48 BD 0C) A:06 X:07 Y:06 P:42 S:E0 mem:002AFC7F 13:6055 tv:0.000000 48: PHA
lcpuC PC:EDF0 (BD 0C 08) A:06 X:07 Y:06 P:42 S:DF mem:002AFC13 13:6052 tv:0.000001 BD: LDA abs,x
lcpuC PC:EDF3 (20 01 ED) A:64 X:07 Y:06 P:40 S:DF mem:002AFC13 13:6048 tv:0.000000 20: JSR
lcpuC PC:ED01 (DD 2C 08) A:64 X:07 Y:06 P:40 S:DD mem:002AFC1B 13:6042 tv:0.000001 DD: CMP abs,x
lcpuC PC:ED04 (F0 D4 9D) A:64 X:07 Y:06 P:41 S:DD mem:002AFC1B 13:6038 tv:0.000001 F0: BEQ
lcpuC PC:ED06 (9D 2C 08) A:64 X:07 Y:06 P:41 S:DD mem:002AFC1B 13:6036 tv:0.000001 9D: STA abs,x
lcpuC PC:ED09 (E0 04 D0) A:64 X:07 Y:06 P:41 S:DD mem:002AFC7F 13:6031 tv:0.000001 E0: CPX imm
lcpuC PC:ED0B (D0 09 29) A:64 X:07 Y:06 P:41 S:DD mem:002AFC7F 13:6029 tv:0.000001 D0: BNE
lcpuC PC:ED16 (48 29 03) A:64 X:07 Y:06 P:41 S:DD mem:002AFC7F 13:6026 tv:0.000000 48: PHA
lcpuC PC:ED17 (29 03 8D) A:64 X:07 Y:06 P:41 S:DC mem:002AFC2F 13:6023 tv:0.000000 29: AND
lcpuC PC:ED19 (8D 3C 08) A:00 X:07 Y:06 P:43 S:DC mem:002AFC2F 13:6020 tv:0.000001 8D: STA abs
lcpuC PC:ED1C (A9 00 8D) A:00 X:07 Y:06 P:43 S:DC mem:002AFC2F 13:6016 tv:0.000001 A9: LDA imm
lcpuC PC:ED1E (8D 3D 08) A:00 X:07 Y:06 P:43 S:DC mem:002AFC2F 13:6014 tv:0.000000 8D: STA abs
lcpuC PC:ED21 (68 4A 4A) A:00 X:07 Y:06 P:43 S:DC mem:002AFB3F 13:6010 tv:0.000001 68: PLA
lcpuC PC:ED22 (4A 4A C9) A:64 X:07 Y:06 P:41 S:DD mem:002AFB3F 13:6006 tv:0.000001 4A: LSR A
lcpuC PC:ED23 (4A C9 0C) A:32 X:07 Y:06 P:40 S:DD mem:002AFB3F 13:6004 tv:0.000000 4A: LSR A
lcpuC PC:ED24 (C9 0C 90) A:19 X:07 Y:06 P:40 S:DD mem:002AFB3F 13:6002 tv:0.000000 C9: CMP imm
lcpuC PC:ED26 (90 07 EE) A:19 X:07 Y:06 P:41 S:DD mem:002AFB3F 13:6000 tv:0.000000 90: BCC
lcpuC PC:ED28 (EE 3D 08) A:19 X:07 Y:06 P:41 S:DD mem:002AFB3F 13:5998 tv:0.000001 EE: INC abs
lcpuC PC:ED2B (E9 0C D0) A:19 X:07 Y:06 P:41 S:DD mem:002AFB40 13:5992 tv:0.000001 E9: SBC imm
lcpuC PC:ED2D (D0 F5 A8) A:0D X:07 Y:06 P:01 S:DD mem:002AFB40 13:5990 tv:0.000001 D0: BNE
lcpuC PC:ED24 (C9 0C 90) A:0D X:07 Y:06 P:01 S:DD mem:002AFB40 13:5987 tv:0.000001 C9: CMP imm
lcpuC PC:ED26 (90 07 EE) A:0D X:07 Y:06 P:01 S:DD mem:002AFB40 13:5985 tv:0.000000 90: BCC
lcpuC PC:ED28 (EE 3D 08) A:0D X:07 Y:06 P:01 S:DD mem:002AFB40 13:5983 tv:0.000001 EE: INC abs
lcpuC PC:ED2B (E9 0C D0) A:0D X:07 Y:06 P:01 S:DD mem:002AFB41 13:5977 tv:0.000000 E9: SBC imm
lcpuC PC:ED2D (D0 F5 A8) A:01 X:07 Y:06 P:01 S:DD mem:002AFB41 13:5975 tv:0.000000 D0: BNE
lcpuC PC:ED24 (C9 0C 90) A:01 X:07 Y:06 P:01 S:DD mem:002AFB41 13:5972 tv:0.000000 C9: CMP imm
lcpuC PC:ED26 (90 07 EE) A:01 X:07 Y:06 P:80 S:DD mem:002AFB41 13:5970 tv:0.000000 90: BCC
lcpuC PC:ED2F (A8 AD 3D) A:01 X:07 Y:06 P:80 S:DD mem:002AFB41 13:5967 tv:0.000000 A8: TAY
lcpuC PC:ED30 (AD 3D 08) A:01 X:07 Y:01 P:00 S:DD mem:002AFB41 13:5965 tv:0.000001 AD: LDA abs
lcpuC PC:ED33 (48 B9 FB) A:02 X:07 Y:01 P:00 S:DD mem:002AFB41 13:5961 tv:0.000001 48: PHA
lcpuC PC:ED34 (B9 FB ED) A:02 X:07 Y:01 P:00 S:DC mem:002AFADF 13:5958 tv:0.000002 B9: LDA abs,y
lcpuC PC:ED37 (8D 3D 08) A:B7 X:07 Y:01 P:80 S:DC mem:002AFADF 13:5954 tv:0.000008 8D: STA abs
lcpuC PC:ED3A (B9 07 EE) A:B7 X:07 Y:01 P:80 S:DC mem:002AFB94 13:5950 tv:0.000001 B9: LDA abs,y
lcpuC PC:ED3D (48 29 03) A:D7 X:07 Y:01 P:80 S:DC mem:002AFB94 13:5946 tv:0.000001 48: PHA
lcpuC PC:ED3E (29 03 8D) A:D7 X:07 Y:01 P:80 S:DB mem:002AFC65 13:5943 tv:0.000001 29: AND
lcpuC PC:ED40 (8D 3E 08) A:03 X:07 Y:01 P:00 S:DB mem:002AFC65 13:5940 tv:0.000000 8D: STA abs
lcpuC PC:ED43 (68 4A 4A) A:03 X:07 Y:01 P:00 S:DB mem:002AFC68 13:5936 tv:0.000000 68: PLA
lcpuC PC:ED44 (4A 4A 4A) A:D7 X:07 Y:01 P:80 S:DC mem:002AFC68 13:5932 tv:0.000001 4A: LSR A
lcpuC PC:ED45 (4A 4A 4A) A:6B X:07 Y:01 P:01 S:DC mem:002AFC68 13:5930 tv:0.000001 4A: LSR A
lcpuC PC:ED46 (4A 4A 8D) A:35 X:07 Y:01 P:01 S:DC mem:002AFC68 13:5928 tv:0.000000 4A: LSR A
lcpuC PC:ED47 (4A 8D 3F) A:1A X:07 Y:01 P:01 S:DC mem:002AFC68 13:5926 tv:0.000000 4A: LSR A
lcpuC PC:ED48 (8D 3F 08) A:0D X:07 Y:01 P:00 S:DC mem:002AFC68 13:5924 tv:0.000000 8D: STA abs
lcpuC PC:ED4B (AD 3D 08) A:0D X:07 Y:01 P:00 S:DC mem:002AFC67 13:5920 tv:0.000001 AD: LDA abs
lcpuC PC:ED4E (AC 3C 08) A:B7 X:07 Y:01 P:80 S:DC mem:002AFC67 13:5916 tv:0.000001 AC: LDY abs
lcpuC PC:ED51 (F0 0C 38) A:B7 X:07 Y:00 P:02 S:DC mem:002AFC67 13:5912 tv:0.000001 F0: BEQ
lcpuC PC:ED5F (8D 3D 08) A:B7 X:07 Y:00 P:02 S:DC mem:002AFC67 13:5909 tv:0.000001 8D: STA abs
lcpuC PC:ED62 (68 A8 F0) A:B7 X:07 Y:00 P:02 S:DC mem:002AFC67 13:5905 tv:0.000001 68: PLA
lcpuC PC:ED63 (A8 F0 09) A:02 X:07 Y:00 P:00 S:DD mem:002AFC67 13:5901 tv:0.000001 A8: TAY
lcpuC PC:ED64 (F0 09 4E) A:02 X:07 Y:02 P:00 S:DD mem:002AFC67 13:5899 tv:0.000000 F0: BEQ
lcpuC PC:ED66 (4E 3E 08) A:02 X:07 Y:02 P:00 S:DD mem:002AFC67 13:5897 tv:0.000000 4E: LSR abs
lcpuC PC:ED69 (6E 3D 08) A:02 X:07 Y:02 P:01 S:DD mem:002AFC65 13:5891 tv:0.000001 6E: ROR abs
lcpuC PC:ED6C (88 D0 F7) A:02 X:07 Y:02 P:81 S:DD mem:002AFC89 13:5885 tv:0.000001 88: DEY
lcpuC PC:ED6D (D0 F7 AD) A:02 X:07 Y:01 P:01 S:DD mem:002AFC89 13:5883 tv:0.000001 D0: BNE
lcpuC PC:ED66 (4E 3E 08) A:02 X:07 Y:01 P:01 S:DD mem:002AFC89 13:5880 tv:0.000000 4E: LSR abs
lcpuC PC:ED69 (6E 3D 08) A:02 X:07 Y:01 P:03 S:DD mem:002AFC88 13:5874 tv:0.000001 6E: ROR abs
lcpuC PC:ED6C (88 D0 F7) A:02 X:07 Y:01 P:81 S:DD mem:002AFC9A 13:5868 tv:0.000000 88: DEY
lcpuC PC:ED6D (D0 F7 AD) A:02 X:07 Y:00 P:03 S:DD mem:002AFC9A 13:5866 tv:0.000001 D0: BNE
lcpuC PC:ED6F (AD 3D 08) A:02 X:07 Y:00 P:03 S:DD mem:002AFC9A 13:5864 tv:0.000001 AD: LDA abs
lcpuC PC:ED72 (18 7D 3D) A:ED X:07 Y:00 P:81 S:DD mem:002AFC9A 13:5860 tv:0.000001 18: CLC
lcpuC PC:ED73 (7D 3D C4) A:ED X:07 Y:00 P:80 S:DD mem:002AFC9A 13:5858 tv:0.000001 7D: ADC abs,x
lcpuC PC:ED76 (8D 3D 08) A:EF X:07 Y:00 P:80 S:DD mem:002AFC9A 13:5854 tv:0.000001 8D: STA abs
lcpuC PC:ED79 (90 03 EE) A:EF X:07 Y:00 P:80 S:DD mem:002AFC9C 13:5850 tv:0.000000 90: BCC
lcpuC PC:ED7E (29 0F 1D) A:EF X:07 Y:00 P:80 S:DD mem:002AFC9C 13:5847 tv:0.000000 29: AND
lcpuC PC:ED80 (1D 3C EB) A:0F X:07 Y:00 P:00 S:DD mem:002AFC9C 13:5844 tv:0.000000 1D: ORA abs,x
lcpuC PC:ED83 (08 78 20) A:8F X:07 Y:00 P:80 S:DD mem:002AFC9C 13:5840 tv:0.000000 08: PHP
lcpuC PC:ED84 (78 20 21) A:8F X:07 Y:00 P:80 S:DC mem:002AFD4A 13:5837 tv:0.000001 78: SEI
lcpuC PC:ED85 (20 21 EB) A:8F X:07 Y:00 P:84 S:DC mem:002AFD4A 13:5835 tv:0.000000 20: JSR
lcpuC PC:EB21 (08 78 A0) A:8F X:07 Y:00 P:84 S:DA mem:002AFD03 13:5829 tv:0.000001 08: PHP
lcpuC PC:EB22 (78 A0 FF) A:8F X:07 Y:00 P:84 S:D9 mem:002AFD29 13:5826 tv:0.000000 78: SEI
lcpuC PC:EB23 (A0 FF 8C) A:8F X:07 Y:00 P:84 S:D9 mem:002AFD29 13:5824 tv:0.000000 A0: LDY imm
lcpuC PC:EB25 (8C 43 FE) A:8F X:07 Y:FF P:84 S:D9 mem:002AFD29 13:5822 tv:0.000002 8C: STY abs
here! 0x0000ff 0x00eb28 0xe6fa3010 0xcdde0ebc tv:0.000001 (cycle 5822  pc ~EB25
writemem_ex! addr=FE43 val=FF
lcpuC PC:EB28 (8D 4F FE) A:8F X:07 Y:FF P:84 S:D9 mem:002AFD29 13:5818 tv:0.000008 8D: STA abs
here! 0x00008f 0x00eb2b 0xe6fa3010 0xcdde0ebc tv:0.000001 (cycle 5818  pc ~EB28
writing 8F(008F) to FE4F!writemem_ex! addr=FE4F val=8F
lcpuC PC:EB2B (C8 8C 40) A:8F X:07 Y:FF P:84 S:D9 mem:002AFD29 13:5814 tv:0.000056 C8: INY
lcpuC PC:EB2C (8C 40 FE) A:8F X:07 Y:00 P:06 S:D9 mem:002AFD29 13:5812 tv:0.000001 8C: STY abs
here! 0x000000 0x00eb2f 0xe6fa3010 0xcdde0ebc tv:0.000000 (cycle 5812  pc ~EB2C
writemem_ex! addr=FE40 val=00
lcpuC PC:EB2F (A0 02 88) A:8F X:07 Y:00 P:06 S:D9 mem:002AFD29 13:5808 tv:0.000007 A0: LDY imm
lcpuC PC:EB31 (88 D0 FD) A:8F X:07 Y:02 P:04 S:D9 mem:002AFD29 13:5806 tv:0.000001 88: DEY
lcpuC PC:EB32 (D0 FD A0) A:8F X:07 Y:01 P:04 S:D9 mem:002AFD29 13:5804 tv:0.000001 D0: BNE
lcpuC PC:EB31 (88 D0 FD) A:8F X:07 Y:01 P:04 S:D9 mem:002AFD29 13:5801 tv:0.000001 88: DEY
lcpuC PC:EB32 (D0 FD A0) A:8F X:07 Y:00 P:06 S:D9 mem:002AFD29 13:5799 tv:0.000001 D0: BNE
lcpuC PC:EB34 (A0 08 8C) A:8F X:07 Y:00 P:06 S:D9 mem:002AFD29 13:5797 tv:0.000001 A0: LDY imm
lcpuC PC:EB36 (8C 40 FE) A:8F X:07 Y:08 P:04 S:D9 mem:002AFD29 13:5795 tv:0.000000 8C: STY abs
here! 0x000008 0x00eb39 0xe6fa3010 0xcdde0ebc tv:0.000000 (cycle 5795  pc ~EB36
writemem_ex! addr=FE40 val=08
lcpuC PC:EB39 (A0 04 88) A:8F X:07 Y:08 P:04 S:D9 mem:002AFD29 13:5791 tv:0.000008 A0: LDY imm
lcpuC PC:EB3B (88 D0 FD) A:8F X:07 Y:04 P:04 S:D9 mem:002AFD29 13:5789 tv:0.000001 88: DEY
lcpuC PC:EB3C (D0 FD 28) A:8F X:07 Y:03 P:04 S:D9 mem:002AFD29 13:5787 tv:0.000001 D0: BNE
lcpuC PC:EB3B (88 D0 FD) A:8F X:07 Y:03 P:04 S:D9 mem:002AFD29 13:5784 tv:0.000001 88: DEY
lcpuC PC:EB3C (D0 FD 28) A:8F X:07 Y:02 P:04 S:D9 mem:002AFD29 13:5782 tv:0.000001 D0: BNE
lcpuC PC:EB3B (88 D0 FD) A:8F X:07 Y:02 P:04 S:D9 mem:002AFD29 13:5779 tv:0.000001 88: DEY
lcpuC PC:EB3C (D0 FD 28) A:8F X:07 Y:01 P:04 S:D9 mem:002AFD29 13:5777 tv:0.000001 D0: BNE
lcpuC PC:EB3B (88 D0 FD) A:8F X:07 Y:01 P:04 S:D9 mem:002AFD29 13:5774 tv:0.000000 88: DEY
lcpuC PC:EB3C (D0 FD 28) A:8F X:07 Y:00 P:06 S:D9 mem:002AFD29 13:5772 tv:0.000000 D0: BNE
lcpuC PC:EB3E (28 60 E0) A:8F X:07 Y:00 P:06 S:D9 mem:002AFD29 13:5770 tv:0.000000 28: PLP
lcpuC PC:EB3F (60 E0 C0) A:8F X:07 Y:00 P:84 S:DA mem:002AFD29 13:5766 tv:0.000000 60: RTS
lcpuC PC:ED88 (AD 3D 08) A:8F X:07 Y:00 P:84 S:DC mem:002AFD29 13:5760 tv:0.000001 AD: LDA abs
lcpuC PC:ED8B (4E 3E 08) A:EF X:07 Y:00 P:84 S:DC mem:002AFD29 13:5756 tv:0.000001 4E: LSR abs
lcpuC PC:ED8E (6A 4E 3E) A:EF X:07 Y:00 P:06 S:DC mem:002AFD29 13:5750 tv:0.000001 6A: ROR A
lcpuC PC:ED8F (4E 3E 08) A:77 X:07 Y:00 P:05 S:DC mem:002AFD29 13:5748 tv:0.000000 4E: LSR abs
lcpuC PC:ED92 (6A 4A 4A) A:77 X:07 Y:00 P:06 S:DC mem:002AFD29 13:5742 tv:0.000000 6A: ROR A
lcpuC PC:ED93 (4A 4A 4C) A:3B X:07 Y:00 P:05 S:DC mem:002AFD29 13:5740 tv:0.000000 4A: LSR A
lcpuC PC:ED94 (4A 4C 22) A:1D X:07 Y:00 P:05 S:DC mem:002AFD29 13:5738 tv:0.000000 4A: LSR A
lcpuC PC:ED95 (4C 22 EB) A:0E X:07 Y:00 P:05 S:DC mem:002AFD29 13:5736 tv:0.000000 4C: JMP
lcpuC PC:EB22 (78 A0 FF) A:0E X:07 Y:00 P:05 S:DC mem:002AFD29 13:5733 tv:0.000001 78: SEI
lcpuC PC:EB23 (A0 FF 8C) A:0E X:07 Y:00 P:05 S:DC mem:002AFD29 13:5731 tv:0.000000 A0: LDY imm
lcpuC PC:EB25 (8C 43 FE) A:0E X:07 Y:FF P:85 S:DC mem:002AFD29 13:5729 tv:0.000001 8C: STY abs
here! 0x0000ff 0x00eb28 0xe6fa3010 0xcdde0ebc tv:0.000000 (cycle 5729  pc ~EB25
writemem_ex! addr=FE43 val=FF
lcpuC PC:EB28 (8D 4F FE) A:0E X:07 Y:FF P:85 S:DC mem:002AFD29 13:5725 tv:0.000006 8D: STA abs
here! 0x00000e 0x00eb2b 0xe6fa3010 0xcdde0ebc tv:0.000000 (cycle 5725  pc ~EB28
writing 0E(000E) to FE4F!writemem_ex! addr=FE4F val=0E
lcpuC PC:EB2B (C8 8C 40) A:0E X:07 Y:FF P:85 S:DC mem:002AFD29 13:5721 tv:0.000056 C8: INY
lcpuC PC:EB2C (8C 40 FE) A:0E X:07 Y:00 P:07 S:DC mem:002AFD29 13:5719 tv:0.000001 8C: STY abs
here! 0x000000 0x00eb2f 0xe6fa3010 0xcdde0ebc tv:0.000000 (cycle 5719  pc ~EB2C
writemem_ex! addr=FE40 val=00
lcpuC PC:EB2F (A0 02 88) A:0E X:07 Y:00 P:07 S:DC mem:002AFD29 13:5715 tv:0.000008 A0: LDY imm
lcpuC PC:EB31 (88 D0 FD) A:0E X:07 Y:02 P:05 S:DC mem:002AFD29 13:5713 tv:0.000000 88: DEY
lcpuC PC:EB32 (D0 FD A0) A:0E X:07 Y:01 P:05 S:DC mem:002AFD29 13:5711 tv:0.000001 D0: BNE
lcpuC PC:EB31 (88 D0 FD) A:0E X:07 Y:01 P:05 S:DC mem:002AFD29 13:5708 tv:0.000001 88: DEY
lcpuC PC:EB32 (D0 FD A0) A:0E X:07 Y:00 P:07 S:DC mem:002AFD29 13:5706 tv:0.000000 D0: BNE
lcpuC PC:EB34 (A0 08 8C) A:0E X:07 Y:00 P:07 S:DC mem:002AFD29 13:5704 tv:0.000000 A0: LDY imm
lcpuC PC:EB36 (8C 40 FE) A:0E X:07 Y:08 P:05 S:DC mem:002AFD29 13:5702 tv:0.000000 8C: STY abs
here! 0x000008 0x00eb39 0xe6fa3010 0xcdde0ebc tv:0.000000 (cycle 5702  pc ~EB36
writemem_ex! addr=FE40 val=08
lcpuC PC:EB39 (A0 04 88) A:0E X:07 Y:08 P:05 S:DC mem:002AFD29 13:5698 tv:0.000018 A0: LDY imm
lcpuC PC:EB3B (88 D0 FD) A:0E X:07 Y:04 P:05 S:DC mem:002AFD29 13:5696 tv:0.000000 88: DEY
lcpuC PC:EB3C (D0 FD 28) A:0E X:07 Y:03 P:05 S:DC mem:002AFD29 13:5694 tv:0.000000 D0: BNE
lcpuC PC:EB3B (88 D0 FD) A:0E X:07 Y:03 P:05 S:DC mem:002AFD29 13:5691 tv:0.000000 88: DEY
lcpuC PC:EB3C (D0 FD 28) A:0E X:07 Y:02 P:05 S:DC mem:002AFD29 13:5689 tv:0.000001 D0: BNE
lcpuC PC:EB3B (88 D0 FD) A:0E X:07 Y:02 P:05 S:DC mem:002AFD29 13:5686 tv:0.000000 88: DEY
lcpuC PC:EB3C (D0 FD 28) A:0E X:07 Y:01 P:05 S:DC mem:002AFD29 13:5684 tv:0.000001 D0: BNE
lcpuC PC:EB3B (88 D0 FD) A:0E X:07 Y:01 P:05 S:DC mem:002AFD29 13:5681 tv:0.000001 88: DEY
lcpuC PC:EB3C (D0 FD 28) A:0E X:07 Y:00 P:07 S:DC mem:002AFD29 13:5679 tv:0.000001 D0: BNE
lcpuC PC:EB3E (28 60 E0) A:0E X:07 Y:00 P:07 S:DC mem:002AFD29 13:5677 tv:0.000000 28: PLP
lcpuC PC:EB3F (60 E0 C0) A:0E X:07 Y:00 P:80 S:DD mem:002AFD29 13:5673 tv:0.000000 60: RTS
lcpuC PC:EDF6 (68 9D 18) A:0E X:07 Y:00 P:80 S:DF mem:002AFD29 13:5667 tv:0.000001 68: PLA
lcpuC PC:EDF7 (9D 18 08) A:06 X:07 Y:00 P:00 S:E0 mem:002AFD29 13:5663 tv:0.000001 9D: STA abs,x
lcpuC PC:EDFA (60 F0 B7) A:06 X:07 Y:00 P:00 S:E0 mem:002AFD2F 13:5658 tv:0.000001 60: RTS
lcpuC PC:EB6C (BD 18 08) A:06 X:07 Y:00 P:00 S:E2 mem:002AFD2F 13:5652 tv:0.000001 BD: LDA abs,x
lcpuC PC:EB6F (F0 13 C9) A:06 X:07 Y:00 P:00 S:E2 mem:002AFD2F 13:5648 tv:0.000001 F0: BEQ
lcpuC PC:EB71 (C9 FF F0) A:06 X:07 Y:00 P:00 S:E2 mem:002AFD2F 13:5646 tv:0.000001 C9: CMP imm
lcpuC PC:EB73 (F0 12 DE) A:06 X:07 Y:00 P:00 S:E2 mem:002AFD2F 13:5644 tv:0.000000 F0: BEQ
lcpuC PC:EB75 (DE 1C 08) A:06 X:07 Y:00 P:00 S:E2 mem:002AFD2F 13:5642 tv:0.000000 DE: DEC abs,x
lcpuC PC:EB78 (D0 0D A9) A:06 X:07 Y:00 P:00 S:E2 mem:002AFD2E 13:5635 tv:0.000001 D0: BNE
lcpuC PC:EB87 (BD 24 08) A:06 X:07 Y:00 P:00 S:E2 mem:002AFD2E 13:5632 tv:0.000001 BD: LDA abs,x
lcpuC PC:EB8A (F0 05 DE) A:01 X:07 Y:00 P:00 S:E2 mem:002AFD2E 13:5628 tv:0.000001 F0: BEQ
lcpuC PC:EB8C (DE 24 08) A:01 X:07 Y:00 P:00 S:E2 mem:002AFD2E 13:5626 tv:0.000001 DE: DEC abs,x
lcpuC PC:EB8F (D0 B3 BC) A:01 X:07 Y:00 P:02 S:E2 mem:002AFD2D 13:5619 tv:0.000000 D0: BNE
lcpuC PC:EB91 (BC 20 08) A:01 X:07 Y:00 P:02 S:E2 mem:002AFD2D 13:5617 tv:0.000000 BC: LDY abs,x
lcpuC PC:EB94 (C0 FF F0) A:01 X:07 Y:FF P:80 S:E2 mem:002AFD2D 13:5613 tv:0.000001 C0: CPY imm
lcpuC PC:EB96 (F0 AC B9) A:01 X:07 Y:FF P:03 S:E2 mem:002AFD2D 13:5611 tv:0.000000 F0: BEQ
lcpuC PC:EB44 (4C 59 EC) A:01 X:07 Y:FF P:03 S:E2 mem:002AFD2D 13:5608 tv:0.000001 4C: JMP
lcpuC PC:EC59 (E0 04 F0) A:01 X:07 Y:FF P:03 S:E2 mem:002AFD2D 13:5605 tv:0.000001 E0: CPX imm
lcpuC PC:EC5B (F0 0D 4C) A:01 X:07 Y:FF P:01 S:E2 mem:002AFD2D 13:5603 tv:0.000000 F0: BEQ
lcpuC PC:EC5D (4C 59 EB) A:01 X:07 Y:FF P:01 S:E2 mem:002AFD2D 13:5601 tv:0.000001 4C: JMP
lcpuC PC:EB59 (CA BD 00) A:01 X:07 Y:FF P:01 S:E2 mem:002AFD2D 13:5598 tv:0.000000 CA: DEX
lcpuC PC:EB5A (BD 00 08) A:01 X:06 Y:FF P:01 S:E2 mem:002AFD2D 13:5596 tv:0.000000 BD: LDA abs,x
lcpuC PC:EB5D (F0 E5 BD) A:00 X:06 Y:FF P:03 S:E2 mem:002AFD2D 13:5592 tv:0.000000 F0: BEQ
lcpuC PC:EB44 (4C 59 EC) A:00 X:06 Y:FF P:03 S:E2 mem:002AFD2D 13:5589 tv:0.000001 4C: JMP
lcpuC PC:EC59 (E0 04 F0) A:00 X:06 Y:FF P:03 S:E2 mem:002AFD2D 13:5586 tv:0.000001 E0: CPX imm
lcpuC PC:EC5B (F0 0D 4C) A:00 X:06 Y:FF P:01 S:E2 mem:002AFD2D 13:5584 tv:0.000001 F0: BEQ
lcpuC PC:EC5D (4C 59 EB) A:00 X:06 Y:FF P:01 S:E2 mem:002AFD2D 13:5582 tv:0.000000 4C: JMP
lcpuC PC:EB59 (CA BD 00) A:00 X:06 Y:FF P:01 S:E2 mem:002AFD2D 13:5579 tv:0.000000 CA: DEX
lcpuC PC:EB5A (BD 00 08) A:00 X:05 Y:FF P:01 S:E2 mem:002AFD2D 13:5577 tv:0.000000 BD: LDA abs,x
lcpuC PC:EB5D (F0 E5 BD) A:00 X:05 Y:FF P:03 S:E2 mem:002AFD2D 13:5573 tv:0.000000 F0: BEQ
lcpuC PC:EB44 (4C 59 EC) A:00 X:05 Y:FF P:03 S:E2 mem:002AFD2D 13:5570 tv:0.000001 4C: JMP
lcpuC PC:EC59 (E0 04 F0) A:00 X:05 Y:FF P:03 S:E2 mem:002AFD2D 13:5567 tv:0.000000 E0: CPX imm
lcpuC PC:EC5B (F0 0D 4C) A:00 X:05 Y:FF P:01 S:E2 mem:002AFD2D 13:5565 tv:0.000001 F0: BEQ
lcpuC PC:EC5D (4C 59 EB) A:00 X:05 Y:FF P:01 S:E2 mem:002AFD2D 13:5563 tv:0.000000 4C: JMP
lcpuC PC:EB59 (CA BD 00) A:00 X:05 Y:FF P:01 S:E2 mem:002AFD2D 13:5560 tv:0.000000 CA: DEX
lcpuC PC:EB5A (BD 00 08) A:00 X:04 Y:FF P:01 S:E2 mem:002AFD2D 13:5558 tv:0.000001 BD: LDA abs,x
lcpuC PC:EB5D (F0 E5 BD) A:00 X:04 Y:FF P:03 S:E2 mem:002AFD2D 13:5554 tv:0.000001 F0: BEQ
lcpuC PC:EB44 (4C 59 EC) A:00 X:04 Y:FF P:03 S:E2 mem:002AFD2D 13:5551 tv:0.000000 4C: JMP
lcpuC PC:EC59 (E0 04 F0) A:00 X:04 Y:FF P:03 S:E2 mem:002AFD2D 13:5548 tv:0.000000 E0: CPX imm
lcpuC PC:EC5B (F0 0D 4C) A:00 X:04 Y:FF P:03 S:E2 mem:002AFD2D 13:5546 tv:0.000001 F0: BEQ
lcpuC PC:EC6A (60 BD 08) A:00 X:04 Y:FF P:03 S:E2 mem:002AFD2D 13:5543 tv:0.000001 60: RTS
lcpuC PC:DE16 (78 CE CE) A:00 X:04 Y:FF P:03 S:E4 mem:002AFD2D 13:5537 tv:0.000001 78: SEI
lcpuC PC:DE17 (CE CE 02) A:00 X:04 Y:FF P:07 S:E4 mem:002AFD2D 13:5535 tv:0.000001 CE: DEC abs
lcpuC PC:DE1A (2C D7 02) A:00 X:04 Y:FF P:85 S:E4 mem:002AFE2C 13:5529 tv:0.000000 2C: BIT abs
lcpuC PC:DE1D (30 0C 20) A:00 X:04 Y:FF P:C7 S:E4 mem:002AFE2C 13:5525 tv:0.000001 30: BMI
lcpuC PC:DE2B (2C B7 D9) A:00 X:04 Y:FF P:C7 S:E4 mem:002AFE2C 13:5522 tv:0.000000 2C: BIT abs
lcpuC PC:DE2E (20 A2 DC) A:00 X:04 Y:FF P:C7 S:E4 mem:002AFE2C 13:5518 tv:0.000000 20: JSR
lcpuC PC:DCA2 (AD 08 FE) A:00 X:04 Y:FF P:C7 S:E2 mem:002AFE47 13:5512 tv:0.000001 AD: LDA abs
readmem_ex! addr=FE08 val=2C
lcpuC PC:DCA5 (70 02 10) A:2C X:04 Y:FF P:45 S:E2 mem:002AFE47 13:5508 tv:0.000004 70: BVS
lcpuC PC:DCA9 (A6 EA CA) A:2C X:04 Y:FF P:45 S:E2 mem:002AFE47 13:5505 tv:0.000001 A6: LDX zp
lcpuC PC:DCAB (CA 30 30) A:2C X:00 Y:FF P:47 S:E2 mem:002AFE47 13:5502 tv:0.000000 CA: DEX
lcpuC PC:DCAC (30 30 70) A:2C X:FF Y:FF P:C5 S:E2 mem:002AFE47 13:5500 tv:0.000000 30: BMI
lcpuC PC:DCDE (2D 78 02) A:2C X:FF Y:FF P:C5 S:E2 mem:002AFE47 13:5497 tv:0.000000 2D: AND abs
lcpuC PC:DCE1 (4A 90 07) A:2C X:FF Y:FF P:45 S:E2 mem:002AFE47 13:5493 tv:0.000001 4A: LSR A
lcpuC PC:DCE2 (90 07 70) A:16 X:FF Y:FF P:44 S:E2 mem:002AFE47 13:5491 tv:0.000001 90: BCC
lcpuC PC:DCEB (4A 6A B0) A:16 X:FF Y:FF P:44 S:E2 mem:002AFE47 13:5488 tv:0.000000 4A: LSR A
lcpuC PC:DCEC (6A B0 C4) A:0B X:FF Y:FF P:44 S:E2 mem:002AFE47 13:5486 tv:0.000000 6A: ROR A
lcpuC PC:DCED (B0 C4 30) A:05 X:FF Y:FF P:45 S:E2 mem:002AFE47 13:5484 tv:0.000001 B0: BCS
lcpuC PC:DCB3 (AC 09 FE) A:05 X:FF Y:FF P:45 S:E2 mem:002AFE47 13:5481 tv:0.000000 AC: LDY abs
readmem_ex! addr=FE09 val=50
lcpuC PC:DCB6 (2A 0A AA) A:05 X:FF Y:50 P:45 S:E2 mem:002AFE47 13:5477 tv:0.000003 2A: ROL A
lcpuC PC:DCB7 (0A AA 98) A:0B X:FF Y:50 P:44 S:E2 mem:002AFE47 13:5475 tv:0.000001 0A: ASL A
lcpuC PC:DCB8 (AA 98 A0) A:16 X:FF Y:50 P:44 S:E2 mem:002AFE47 13:5473 tv:0.000000 AA: TAX
lcpuC PC:DCB9 (98 A0 07) A:16 X:16 Y:50 P:44 S:E2 mem:002AFE47 13:5471 tv:0.000000 98: TYA
lcpuC PC:DCBA (A0 07 4C) A:50 X:16 Y:50 P:44 S:E2 mem:002AFE47 13:5469 tv:0.000001 A0: LDY imm
lcpuC PC:DCBC (4C 94 E4) A:50 X:16 Y:07 P:44 S:E2 mem:002AFE47 13:5467 tv:0.000001 4C: JMP
lcpuC PC:E494 (08 78 48) A:50 X:16 Y:07 P:44 S:E2 mem:002AFE47 13:5464 tv:0.000001 08: PHP
lcpuC PC:E495 (78 48 85) A:50 X:16 Y:07 P:44 S:E1 mem:002AFDD0 13:5461 tv:0.000000 78: SEI
lcpuC PC:E496 (48 85 FA) A:50 X:16 Y:07 P:44 S:E1 mem:002AFDD0 13:5459 tv:0.000000 48: PHA
lcpuC PC:E497 (85 FA B9) A:50 X:16 Y:07 P:44 S:E0 mem:002AFDB5 13:5456 tv:0.000001 85: STA zp
lcpuC PC:E499 (B9 BF 02) A:50 X:16 Y:07 P:44 S:E0 mem:002AFD13 13:5453 tv:0.000001 B9: LDA abs,y
lcpuC PC:E49C (F0 41 98) A:00 X:16 Y:07 P:46 S:E0 mem:002AFD13 13:5449 tv:0.000000 F0: BEQ
lcpuC PC:E4DF (68 28 38) A:00 X:16 Y:07 P:46 S:E0 mem:002AFD13 13:5446 tv:0.000001 68: PLA
lcpuC PC:E4E0 (28 38 60) A:50 X:16 Y:07 P:44 S:E1 mem:002AFD13 13:5442 tv:0.000007 28: PLP
lcpuC PC:E4E1 (38 60 48) A:50 X:16 Y:07 P:44 S:E2 mem:002AFD13 13:5438 tv:0.000000 38: SEC
lcpuC PC:E4E2 (60 48 29) A:50 X:16 Y:07 P:45 S:E2 mem:002AFD13 13:5436 tv:0.000001 60: RTS
lcpuC PC:DE31 (A5 EC 05) A:50 X:16 Y:07 P:45 S:E4 mem:002AFD13 13:5430 tv:0.000001 A5: LDA zp
lcpuC PC:DE33 (05 ED 2D) A:00 X:16 Y:07 P:47 S:E4 mem:002AFD13 13:5427 tv:0.000000 05: ORA zp
lcpuC PC:DE35 (2D 42 02) A:62 X:16 Y:07 P:45 S:E4 mem:002AFD13 13:5424 tv:0.000000 2D: AND abs
lcpuC PC:DE38 (F0 04 38) A:62 X:16 Y:07 P:45 S:E4 mem:002AFD13 13:5420 tv:0.000000 F0: BEQ
lcpuC PC:DE3A (38 20 65) A:62 X:16 Y:07 P:45 S:E4 mem:002AFD13 13:5418 tv:0.000001 38: SEC
lcpuC PC:DE3B (20 65 F0) A:62 X:16 Y:07 P:45 S:E4 mem:002AFD13 13:5416 tv:0.000001 20: JSR
lcpuC PC:F065 (2C B7 D9) A:62 X:16 Y:07 P:45 S:E2 mem:002AFD20 13:5410 tv:0.000001 2C: BIT abs
lcpuC PC:F068 (6C 28 02) A:62 X:16 Y:07 P:C5 S:E2 mem:002AFD20 13:5406 tv:0.000001 6C: JMP ()
lcpuC PC:EF02 (50 0A A9) A:62 X:16 Y:07 P:C5 S:E2 mem:002AFD20 13:5401 tv:0.000001 50: BVC
lcpuC PC:EF04 (A9 01 8D) A:62 X:16 Y:07 P:C5 S:E2 mem:002AFD20 13:5399 tv:0.000000 A9: LDA imm
lcpuC PC:EF06 (8D 4E FE) A:01 X:16 Y:07 P:45 S:E2 mem:002AFD20 13:5397 tv:0.000001 8D: STA abs
here! 0x000001 0x00ef09 0xe6fa3010 0xcdde0ebc tv:0.000000 (cycle 5397  pc ~EF06
writemem_ex! addr=FE4E val=01
lcpuC PC:EF09 (B0 08 4C) A:01 X:16 Y:07 P:45 S:E2 mem:002AFD20 13:5393 tv:0.000007 B0: BCS
lcpuC PC:EF13 (EE 42 02) A:01 X:16 Y:07 P:45 S:E2 mem:002AFD20 13:5390 tv:0.000000 EE: INC abs
lcpuC PC:EF16 (AD 5A 02) A:01 X:16 Y:07 P:47 S:E2 mem:002AFC21 13:5384 tv:0.000001 AD: LDA abs
lcpuC PC:EF19 (29 B7 A2) A:20 X:16 Y:07 P:45 S:E2 mem:002AFC21 13:5380 tv:0.000000 29: AND
lcpuC PC:EF1B (A2 00 20) A:20 X:16 Y:07 P:45 S:E2 mem:002AFC21 13:5377 tv:0.000001 A2: LDX imm
lcpuC PC:EF1D (20 2A F0) A:20 X:00 Y:07 P:47 S:E2 mem:002AFC21 13:5375 tv:0.000001 20: JSR
lcpuC PC:F02A (A0 03 8C) A:20 X:00 Y:07 P:47 S:E0 mem:002AFC6B 13:5369 tv:0.000001 A0: LDY imm
lcpuC PC:F02C (8C 40 FE) A:20 X:00 Y:03 P:45 S:E0 mem:002AFC6B 13:5367 tv:0.000000 8C: STY abs
here! 0x000003 0x00f02f 0xe6fa3010 0xcdde0ebc tv:0.000000 (cycle 5367  pc ~F02C
writemem_ex! addr=FE40 val=03
lcpuC PC:F02F (A0 7F 8C) A:20 X:00 Y:03 P:45 S:E0 mem:002AFC6B 13:5363 tv:0.000007 A0: LDY imm
lcpuC PC:F031 (8C 43 FE) A:20 X:00 Y:7F P:45 S:E0 mem:002AFC6B 13:5361 tv:0.000000 8C: STY abs
here! 0x00007f 0x00f034 0xe6fa3010 0xcdde0ebc tv:0.000000 (cycle 5361  pc ~F031
writemem_ex! addr=FE43 val=7F
lcpuC PC:F034 (8E 4F FE) A:20 X:00 Y:7F P:45 S:E0 mem:002AFC6B 13:5357 tv:0.000007 8E: STX abs
here! 0x000000 0x00f037 0xe6fa3010 0xcdde0ebc tv:0.000000 (cycle 5357  pc ~F034
writing 00(0000) to FE4F!writemem_ex! addr=FE4F val=00
lcpuC PC:F037 (AE 4F FE) A:20 X:00 Y:7F P:45 S:E0 mem:002AFC6B 13:5353 tv:0.000040 AE: LDX abs
readmem_ex! addr=FE4F val=00
lcpuC PC:F03A (60 71 33) A:20 X:00 Y:7F P:47 S:E0 mem:002AFC6B 13:5349 tv:0.000003 60: RTS
lcpuC PC:EF20 (86 FA B8) A:20 X:00 Y:7F P:47 S:E2 mem:002AFC6B 13:5343 tv:0.000001 86: STX zp
lcpuC PC:EF22 (B8 10 05) A:20 X:00 Y:7F P:47 S:E2 mem:002AFC1B 13:5340 tv:0.000001 B8: CLV
lcpuC PC:EF23 (10 05 2C) A:20 X:00 Y:7F P:07 S:E2 mem:002AFC1B 13:5338 tv:0.000000 10: BPL
lcpuC PC:EF2A (E8 20 2A) A:20 X:00 Y:7F P:07 S:E2 mem:002AFC1B 13:5335 tv:0.000000 E8: INX
lcpuC PC:EF2B (20 2A F0) A:20 X:01 Y:7F P:05 S:E2 mem:002AFC1B 13:5333 tv:0.000001 20: JSR
lcpuC PC:F02A (A0 03 8C) A:20 X:01 Y:7F P:05 S:E0 mem:002AFC29 13:5327 tv:0.000001 A0: LDY imm
lcpuC PC:F02C (8C 40 FE) A:20 X:01 Y:03 P:05 S:E0 mem:002AFC29 13:5325 tv:0.000001 8C: STY abs
here! 0x000003 0x00f02f 0xe6fa3010 0xcdde0ebc tv:0.000001 (cycle 5325  pc ~F02C
writemem_ex! addr=FE40 val=03
lcpuC PC:F02F (A0 7F 8C) A:20 X:01 Y:03 P:05 S:E0 mem:002AFC29 13:5321 tv:0.000016 A0: LDY imm
lcpuC PC:F031 (8C 43 FE) A:20 X:01 Y:7F P:05 S:E0 mem:002AFC29 13:5319 tv:0.000002 8C: STY abs
here! 0x00007f 0x00f034 0xe6fa3010 0xcdde0ebc tv:0.000001 (cycle 5319  pc ~F031
writemem_ex! addr=FE43 val=7F
lcpuC PC:F034 (8E 4F FE) A:20 X:01 Y:7F P:05 S:E0 mem:002AFC29 13:5315 tv:0.000008 8E: STX abs
here! 0x000001 0x00f037 0xe6fa3010 0xcdde0ebc tv:0.000000 (cycle 5315  pc ~F034
writing 01(0001) to FE4F!writemem_ex! addr=FE4F val=01
lcpuC PC:F037 (AE 4F FE) A:20 X:01 Y:7F P:05 S:E0 mem:002AFC29 13:5311 tv:0.000048 AE: LDX abs
readmem_ex! addr=FE4F val=01
lcpuC PC:F03A (60 71 33) A:20 X:01 Y:7F P:05 S:E0 mem:002AFC29 13:5307 tv:0.000004 60: RTS
lcpuC PC:EF2E (90 BB 10) A:20 X:01 Y:7F P:05 S:E2 mem:002AFC29 13:5301 tv:0.000001 90: BCC
lcpuC PC:EF30 (10 02 09) A:20 X:01 Y:7F P:05 S:E2 mem:002AFC29 13:5299 tv:0.000000 10: BPL
lcpuC PC:EF34 (8D 5A 02) A:20 X:01 Y:7F P:05 S:E2 mem:002AFC29 13:5296 tv:0.000000 8D: STA abs
lcpuC PC:EF37 (A6 EC F0) A:20 X:01 Y:7F P:05 S:E2 mem:002AFC29 13:5292 tv:0.000001 A6: LDX zp
lcpuC PC:EF39 (F0 12 20) A:20 X:00 Y:7F P:07 S:E2 mem:002AFC29 13:5289 tv:0.000001 F0: BEQ
lcpuC PC:EF4D (4C E9 EF) A:20 X:00 Y:7F P:07 S:E2 mem:002AFC29 13:5286 tv:0.000000 4C: JMP
lcpuC PC:EFE9 (A6 ED F0) A:20 X:00 Y:7F P:07 S:E2 mem:002AFC29 13:5283 tv:0.000000 A6: LDX zp
lcpuC PC:EFEB (F0 0B 20) A:20 X:62 Y:7F P:05 S:E2 mem:002AFC29 13:5280 tv:0.000000 F0: BEQ
lcpuC PC:EFED (20 2A F0) A:20 X:62 Y:7F P:05 S:E2 mem:002AFC29 13:5278 tv:0.000001 20: JSR
lcpuC PC:F02A (A0 03 8C) A:20 X:62 Y:7F P:05 S:E0 mem:002AFCEB 13:5272 tv:0.000002 A0: LDY imm
lcpuC PC:F02C (8C 40 FE) A:20 X:62 Y:03 P:05 S:E0 mem:002AFCEB 13:5270 tv:0.000000 8C: STY abs
here! 0x000003 0x00f02f 0xe6fa3010 0xcdde0ebc tv:0.000000 (cycle 5270  pc ~F02C
writemem_ex! addr=FE40 val=03
lcpuC PC:F02F (A0 7F 8C) A:20 X:62 Y:03 P:05 S:E0 mem:002AFCEB 13:5266 tv:0.000007 A0: LDY imm
lcpuC PC:F031 (8C 43 FE) A:20 X:62 Y:7F P:05 S:E0 mem:002AFCEB 13:5264 tv:0.000000 8C: STY abs
here! 0x00007f 0x00f034 0xe6fa3010 0xcdde0ebc tv:0.000001 (cycle 5264  pc ~F031
writemem_ex! addr=FE43 val=7F
lcpuC PC:F034 (8E 4F FE) A:20 X:62 Y:7F P:05 S:E0 mem:002AFCEB 13:5260 tv:0.000007 8E: STX abs
here! 0x000062 0x00f037 0xe6fa3010 0xcdde0ebc tv:0.000000 (cycle 5260  pc ~F034
writing 62(0062) to FE4F!writemem_ex! addr=FE4F val=62
lcpuC PC:F037 (AE 4F FE) A:20 X:62 Y:7F P:05 S:E0 mem:002AFCEB 13:5256 tv:0.000039 AE: LDX abs
readmem_ex! addr=FE4F val=62
lcpuC PC:F03A (60 71 33) A:20 X:62 Y:7F P:05 S:E0 mem:002AFCEB 13:5252 tv:0.000004 60: RTS
lcpuC PC:EFF0 (86 ED 30) A:20 X:62 Y:7F P:05 S:E2 mem:002AFCEB 13:5246 tv:0.000001 86: STX zp
lcpuC PC:EFF2 (30 04 A2) A:20 X:62 Y:7F P:05 S:E2 mem:002AFCEB 13:5243 tv:0.000001 30: BMI
lcpuC PC:EFF4 (A2 00 86) A:20 X:62 Y:7F P:05 S:E2 mem:002AFCEB 13:5241 tv:0.000001 A2: LDX imm
lcpuC PC:EFF6 (86 ED A6) A:20 X:00 Y:7F P:07 S:E2 mem:002AFCEB 13:5239 tv:0.000000 86: STX zp
lcpuC PC:EFF8 (A6 ED D0) A:20 X:00 Y:7F P:07 S:E2 mem:002AFC89 13:5236 tv:0.000001 A6: LDX zp
lcpuC PC:EFFA (D0 16 A0) A:20 X:00 Y:7F P:07 S:E2 mem:002AFC89 13:5233 tv:0.000000 D0: BNE
lcpuC PC:EFFC (A0 EC 20) A:20 X:00 Y:7F P:07 S:E2 mem:002AFC89 13:5231 tv:0.000000 A0: LDY imm
lcpuC PC:EFFE (20 CC F0) A:20 X:00 Y:EC P:85 S:E2 mem:002AFC89 13:5229 tv:0.000000 20: JSR
lcpuC PC:F0CC (18 A2 10) A:20 X:00 Y:EC P:85 S:E0 mem:002AFB9B 13:5223 tv:0.000000 18: CLC
lcpuC PC:F0CD (A2 10 B0) A:20 X:00 Y:EC P:84 S:E0 mem:002AFB9B 13:5221 tv:0.000001 A2: LDX imm
lcpuC PC:F0CF (B0 97 8A) A:20 X:10 Y:EC P:04 S:E0 mem:002AFB9B 13:5219 tv:0.000000 B0: BCS
lcpuC PC:F0D1 (8A 10 05) A:20 X:10 Y:EC P:04 S:E0 mem:002AFB9B 13:5217 tv:0.000000 8A: TXA
lcpuC PC:F0D2 (10 05 20) A:10 X:10 Y:EC P:04 S:E0 mem:002AFB9B 13:5215 tv:0.000001 10: BPL
lcpuC PC:F0D9 (08 90 02) A:10 X:10 Y:EC P:04 S:E0 mem:002AFB9B 13:5212 tv:0.000001 08: PHP
lcpuC PC:F0DA (90 02 A0) A:10 X:10 Y:EC P:04 S:DF mem:002AFBC9 13:5209 tv:0.000001 90: BCC
lcpuC PC:F0DE (99 DF 01) A:10 X:10 Y:EC P:04 S:DF mem:002AFBC9 13:5206 tv:0.000000 99: STA abs,y
lcpuC PC:F0E1 (A2 09 20) A:10 X:10 Y:EC P:04 S:DF mem:002AFBD9 13:5201 tv:0.000001 A2: LDX imm
lcpuC PC:F0E3 (20 29 F1) A:10 X:09 Y:EC P:04 S:DF mem:002AFBD9 13:5199 tv:0.000001 20: JSR
lcpuC PC:F129 (20 2E F1) A:10 X:09 Y:EC P:04 S:DD mem:002AFBCC 13:5193 tv:0.000000 20: JSR
lcpuC PC:F12E (A9 0B 8D) A:10 X:09 Y:EC P:04 S:DB mem:002AFB4B 13:5187 tv:0.000008 A9: LDA imm
lcpuC PC:F130 (8D 40 FE) A:0B X:09 Y:EC P:04 S:DB mem:002AFB4B 13:5185 tv:0.000001 8D: STA abs
here! 0x00000b 0x00f133 0xe6fa3010 0xcdde0ebc tv:0.000000 (cycle 5185  pc ~F130
writemem_ex! addr=FE40 val=0B
lcpuC PC:F133 (8A 60 49) A:0B X:09 Y:EC P:04 S:DB mem:002AFB4B 13:5181 tv:0.000006 8A: TXA
lcpuC PC:F134 (60 49 8C) A:09 X:09 Y:EC P:04 S:DB mem:002AFB4B 13:5179 tv:0.000001 60: RTS
lcpuC PC:F12C (58 78 A9) A:09 X:09 Y:EC P:04 S:DD mem:002AFB4B 13:5173 tv:0.000000 58: CLI
lcpuC PC:F12D (78 A9 0B) A:09 X:09 Y:EC P:00 S:DD mem:002AFB4B 13:5171 tv:0.000001 78: SEI
lcpuC PC:F12E (A9 0B 8D) A:09 X:09 Y:EC P:04 S:DD mem:002AFB4B 13:5169 tv:0.000001 A9: LDA imm
lcpuC PC:F130 (8D 40 FE) A:0B X:09 Y:EC P:04 S:DD mem:002AFB4B 13:5167 tv:0.000001 8D: STA abs
here! 0x00000b 0x00f133 0xe6fa3010 0xcdde0ebc tv:0.000000 (cycle 5167  pc ~F130
writemem_ex! addr=FE40 val=0B
lcpuC PC:F133 (8A 60 49) A:0B X:09 Y:EC P:04 S:DD mem:002AFB4B 13:5163 tv:0.000008 8A: TXA
lcpuC PC:F134 (60 49 8C) A:09 X:09 Y:EC P:04 S:DD mem:002AFB4B 13:5161 tv:0.000000 60: RTS
lcpuC PC:F0E6 (A9 7F 8D) A:09 X:09 Y:EC P:04 S:DF mem:002AFB4B 13:5155 tv:0.000000 A9: LDA imm
lcpuC PC:F0E8 (8D 43 FE) A:7F X:09 Y:EC P:04 S:DF mem:002AFB4B 13:5153 tv:0.000001 8D: STA abs
here! 0x00007f 0x00f0eb 0xe6fa3010 0xcdde0ebc tv:0.000000 (cycle 5153  pc ~F0E8
writemem_ex! addr=FE43 val=7F
lcpuC PC:F0EB (A9 03 8D) A:7F X:09 Y:EC P:04 S:DF mem:002AFB4B 13:5149 tv:0.002384 A9: LDA imm
lcpuC PC:F0ED (8D 40 FE) A:03 X:09 Y:EC P:04 S:DF mem:002AFB4B 13:5147 tv:0.000002 8D: STA abs
here! 0x000003 0x00f0f0 0xe6fa3010 0xcdde0ebc tv:0.000001 (cycle 5147  pc ~F0ED
writemem_ex! addr=FE40 val=03
lcpuC PC:F0F0 (A9 0F 8D) A:03 X:09 Y:EC P:04 S:DF mem:002AFB4B 13:5143 tv:0.000009 A9: LDA imm
lcpuC PC:F0F2 (8D 4F FE) A:0F X:09 Y:EC P:04 S:DF mem:002AFB4B 13:5141 tv:0.000002 8D: STA abs
here! 0x00000f 0x00f0f5 0xe6fa3010 0xcdde0ebc tv:0.000000 (cycle 5141  pc ~F0F2
writing 0F(000F) to FE4F!writemem_ex! addr=FE4F val=0F
lcpuC PC:F0F5 (A9 01 8D) A:0F X:09 Y:EC P:04 S:DF mem:002AFB4B 13:5137 tv:0.000046 A9: LDA imm
lcpuC PC:F0F7 (8D 4D FE) A:01 X:09 Y:EC P:04 S:DF mem:002AFB4B 13:5135 tv:0.000002 8D: STA abs
here! 0x000001 0x00f0fa 0xe6fa3010 0xcdde0ebc tv:0.000000 (cycle 5135  pc ~F0F7
writemem_ex! addr=FE4D val=01
lcpuC PC:F0FA (8E 4F FE) A:01 X:09 Y:EC P:04 S:DF mem:002AFB4B 13:5131 tv:0.000007 8E: STX abs
here! 0x000009 0x00f0fd 0xe6fa3010 0xcdde0ebc tv:0.000000 (cycle 5131  pc ~F0FA
writing 09(0009) to FE4F!writemem_ex! addr=FE4F val=09
lcpuC PC:F0FD (2C 4D FE) A:01 X:09 Y:EC P:04 S:DF mem:002AFB4B 13:5127 tv:0.000039 2C: BIT abs
readmem_ex! addr=FE4D val=00
lcpuC PC:F100 (F0 21 8A) A:01 X:09 Y:EC P:06 S:DF mem:002AFB4B 13:5123 tv:0.000004 F0: BEQ
lcpuC PC:F123 (CA 10 BD) A:01 X:09 Y:EC P:06 S:DF mem:002AFB4B 13:5120 tv:0.000001 CA: DEX
lcpuC PC:F124 (10 BD 8A) A:01 X:08 Y:EC P:04 S:DF mem:002AFB4B 13:5118 tv:0.000000 10: BPL
lcpuC PC:F0E3 (20 29 F1) A:01 X:08 Y:EC P:04 S:DF mem:002AFB4B 13:5115 tv:0.000001 20: JSR
lcpuC PC:F129 (20 2E F1) A:01 X:08 Y:EC P:04 S:DD mem:002AFB4B 13:5109 tv:0.000001 20: JSR
lcpuC PC:F12E (A9 0B 8D) A:01 X:08 Y:EC P:04 S:DB mem:002AFB4B 13:5103 tv:0.000001 A9: LDA imm
lcpuC PC:F130 (8D 40 FE) A:0B X:08 Y:EC P:04 S:DB mem:002AFB4B 13:5101 tv:0.000000 8D: STA abs
here! 0x00000b 0x00f133 0xe6fa3010 0xcdde0ebc tv:0.000001 (cycle 5101  pc ~F130
writemem_ex! addr=FE40 val=0B
lcpuC PC:F133 (8A 60 49) A:0B X:08 Y:EC P:04 S:DB mem:002AFB4B 13:5097 tv:0.000008 8A: TXA
lcpuC PC:F134 (60 49 8C) A:08 X:08 Y:EC P:04 S:DB mem:002AFB4B 13:5095 tv:0.000000 60: RTS
lcpuC PC:F12C (58 78 A9) A:08 X:08 Y:EC P:04 S:DD mem:002AFB4B 13:5089 tv:0.000001 58: CLI
lcpuC PC:F12D (78 A9 0B) A:08 X:08 Y:EC P:00 S:DD mem:002AFB4B 13:5087 tv:0.000000 78: SEI
lcpuC PC:F12E (A9 0B 8D) A:08 X:08 Y:EC P:04 S:DD mem:002AFB4B 13:5085 tv:0.000001 A9: LDA imm
lcpuC PC:F130 (8D 40 FE) A:0B X:08 Y:EC P:04 S:DD mem:002AFB4B 13:5083 tv:0.000000 8D: STA abs
here! 0x00000b 0x00f133 0xe6fa3010 0xcdde0ebc tv:0.000000 (cycle 5083  pc ~F130
writemem_ex! addr=FE40 val=0B
lcpuC PC:F133 (8A 60 49) A:0B X:08 Y:EC P:04 S:DD mem:002AFB4B 13:5079 tv:0.000006 8A: TXA
lcpuC PC:F134 (60 49 8C) A:08 X:08 Y:EC P:04 S:DD mem:002AFB4B 13:5077 tv:0.000002 60: RTS
lcpuC PC:F0E6 (A9 7F 8D) A:08 X:08 Y:EC P:04 S:DF mem:002AFB4B 13:5071 tv:0.000002 A9: LDA imm
lcpuC PC:F0E8 (8D 43 FE) A:7F X:08 Y:EC P:04 S:DF mem:002AFB4B 13:5069 tv:0.000001 8D: STA abs
here! 0x00007f 0x00f0eb 0xe6fa3010 0xcdde0ebc tv:0.000000 (cycle 5069  pc ~F0E8
writemem_ex! addr=FE43 val=7F
lcpuC PC:F0EB (A9 03 8D) A:7F X:08 Y:EC P:04 S:DF mem:002AFB4B 13:5065 tv:0.000008 A9: LDA imm
lcpuC PC:F0ED (8D 40 FE) A:03 X:08 Y:EC P:04 S:DF mem:002AFB4B 13:5063 tv:0.000000 8D: STA abs
here! 0x000003 0x00f0f0 0xe6fa3010 0xcdde0ebc tv:0.000001 (cycle 5063  pc ~F0ED
writemem_ex! addr=FE40 val=03
lcpuC PC:F0F0 (A9 0F 8D) A:03 X:08 Y:EC P:04 S:DF mem:002AFB4B 13:5059 tv:0.000040 A9: LDA imm
lcpuC PC:F0F2 (8D 4F FE) A:0F X:08 Y:EC P:04 S:DF mem:002AFB4B 13:5057 tv:0.000001 8D: STA abs
here! 0x00000f 0x00f0f5 0xe6fa3010 0xcdde0ebc tv:0.000001 (cycle 5057  pc ~F0F2
writing 0F(000F) to FE4F!writemem_ex! addr=FE4F val=0F
lcpuC PC:F0F5 (A9 01 8D) A:0F X:08 Y:EC P:04 S:DF mem:002AFB4B 13:5053 tv:0.000082 A9: LDA imm
lcpuC PC:F0F7 (8D 4D FE) A:01 X:08 Y:EC P:04 S:DF mem:002AFB4B 13:5051 tv:0.000002 8D: STA abs
here! 0x000001 0x00f0fa 0xe6fa3010 0xcdde0ebc tv:0.000000 (cycle 5051  pc ~F0F7
writemem_ex! addr=FE4D val=01
lcpuC PC:F0FA (8E 4F FE) A:01 X:08 Y:EC P:04 S:DF mem:002AFB4B 13:5047 tv:0.000007 8E: STX abs
here! 0x000008 0x00f0fd 0xe6fa3010 0xcdde0ebc tv:0.000001 (cycle 5047  pc ~F0FA
writing 08(0008) to FE4F!writemem_ex! addr=FE4F val=08
lcpuC PC:F0FD (2C 4D FE) A:01 X:08 Y:EC P:04 S:DF mem:002AFB4B 13:5043 tv:0.000084 2C: BIT abs
readmem_ex! addr=FE4D val=00
lcpuC PC:F100 (F0 21 8A) A:01 X:08 Y:EC P:06 S:DF mem:002AFB4B 13:5039 tv:0.000028 F0: BEQ
lcpuC PC:F123 (CA 10 BD) A:01 X:08 Y:EC P:06 S:DF mem:002AFB4B 13:5036 tv:0.000001 CA: DEX
lcpuC PC:F124 (10 BD 8A) A:01 X:07 Y:EC P:04 S:DF mem:002AFB4B 13:5034 tv:0.000001 10: BPL
lcpuC PC:F0E3 (20 29 F1) A:01 X:07 Y:EC P:04 S:DF mem:002AFB4B 13:5031 tv:0.000001 20: JSR
lcpuC PC:F129 (20 2E F1) A:01 X:07 Y:EC P:04 S:DD mem:002AFB4B 13:5025 tv:0.000001 20: JSR
lcpuC PC:F12E (A9 0B 8D) A:01 X:07 Y:EC P:04 S:DB mem:002AFB4B 13:5019 tv:0.000001 A9: LDA imm
lcpuC PC:F130 (8D 40 FE) A:0B X:07 Y:EC P:04 S:DB mem:002AFB4B 13:5017 tv:0.000001 8D: STA abs
here! 0x00000b 0x00f133 0xe6fa3010 0xcdde0ebc tv:0.000000 (cycle 5017  pc ~F130
writemem_ex! addr=FE40 val=0B
lcpuC PC:F133 (8A 60 49) A:0B X:07 Y:EC P:04 S:DB mem:002AFB4B 13:5013 tv:0.000008 8A: TXA
lcpuC PC:F134 (60 49 8C) A:07 X:07 Y:EC P:04 S:DB mem:002AFB4B 13:5011 tv:0.000000 60: RTS
lcpuC PC:F12C (58 78 A9) A:07 X:07 Y:EC P:04 S:DD mem:002AFB4B 13:5005 tv:0.000001 58: CLI
lcpuC PC:F12D (78 A9 0B) A:07 X:07 Y:EC P:00 S:DD mem:002AFB4B 13:5003 tv:0.000001 78: SEI
lcpuC PC:F12E (A9 0B 8D) A:07 X:07 Y:EC P:04 S:DD mem:002AFB4B 13:5001 tv:0.000000 A9: LDA imm
lcpuC PC:F130 (8D 40 FE) A:0B X:07 Y:EC P:04 S:DD mem:002AFB4B 13:4999 tv:0.000000 8D: STA abs
here! 0x00000b 0x00f133 0xe6fa3010 0xcdde0ebc tv:0.000000 (cycle 4999  pc ~F130
writemem_ex! addr=FE40 val=0B
lcpuC PC:F133 (8A 60 49) A:0B X:07 Y:EC P:04 S:DD mem:002AFB4B 13:4995 tv:0.000007 8A: TXA
lcpuC PC:F134 (60 49 8C) A:07 X:07 Y:EC P:04 S:DD mem:002AFB4B 13:4993 tv:0.000000 60: RTS
lcpuC PC:F0E6 (A9 7F 8D) A:07 X:07 Y:EC P:04 S:DF mem:002AFB4B 13:4987 tv:0.000001 A9: LDA imm
lcpuC PC:F0E8 (8D 43 FE) A:7F X:07 Y:EC P:04 S:DF mem:002AFB4B 13:4985 tv:0.000000 8D: STA abs
here! 0x00007f 0x00f0eb 0xe6fa3010 0xcdde0ebc tv:0.000000 (cycle 4985  pc ~F0E8
writemem_ex! addr=FE43 val=7F
lcpuC PC:F0EB (A9 03 8D) A:7F X:07 Y:EC P:04 S:DF mem:002AFB4B 13:4981 tv:0.000007 A9: LDA imm
lcpuC PC:F0ED (8D 40 FE) A:03 X:07 Y:EC P:04 S:DF mem:002AFB4B 13:4979 tv:0.000000 8D: STA abs
here! 0x000003 0x00f0f0 0xe6fa3010 0xcdde0ebc tv:0.000000 (cycle 4979  pc ~F0ED
writemem_ex! addr=FE40 val=03
lcpuC PC:F0F0 (A9 0F 8D) A:03 X:07 Y:EC P:04 S:DF mem:002AFB4B 13:4975 tv:0.000007 A9: LDA imm
lcpuC PC:F0F2 (8D 4F FE) A:0F X:07 Y:EC P:04 S:DF mem:002AFB4B 13:4973 tv:0.000000 8D: STA abs
here! 0x00000f 0x00f0f5 0xe6fa3010 0xcdde0ebc tv:0.000000 (cycle 4973  pc ~F0F2
writing 0F(000F) to FE4F!writemem_ex! addr=FE4F val=0F
lcpuC PC:F0F5 (A9 01 8D) A:0F X:07 Y:EC P:04 S:DF mem:002AFB4B 13:4969 tv:0.000042 A9: LDA imm
lcpuC PC:F0F7 (8D 4D FE) A:01 X:07 Y:EC P:04 S:DF mem:002AFB4B 13:4967 tv:0.000001 8D: STA abs
here! 0x000001 0x00f0fa 0xe6fa3010 0xcdde0ebc tv:0.000001 (cycle 4967  pc ~F0F7
writemem_ex! addr=FE4D val=01
lcpuC PC:F0FA (8E 4F FE) A:01 X:07 Y:EC P:04 S:DF mem:002AFB4B 13:4963 tv:0.000007 8E: STX abs
here! 0x000007 0x00f0fd 0xe6fa3010 0xcdde0ebc tv:0.000001 (cycle 4963  pc ~F0FA
writing 07(0007) to FE4F!writemem_ex! addr=FE4F val=07
lcpuC PC:F0FD (2C 4D FE) A:01 X:07 Y:EC P:04 S:DF mem:002AFB4B 13:4959 tv:0.000035 2C: BIT abs
readmem_ex! addr=FE4D val=00
lcpuC PC:F100 (F0 21 8A) A:01 X:07 Y:EC P:06 S:DF mem:002AFB4B 13:4955 tv:0.000004 F0: BEQ
lcpuC PC:F123 (CA 10 BD) A:01 X:07 Y:EC P:06 S:DF mem:002AFB4B 13:4952 tv:0.000001 CA: DEX
lcpuC PC:F124 (10 BD 8A) A:01 X:06 Y:EC P:04 S:DF mem:002AFB4B 13:4950 tv:0.000002 10: BPL
lcpuC PC:F0E3 (20 29 F1) A:01 X:06 Y:EC P:04 S:DF mem:002AFB4B 13:4947 tv:0.000001 20: JSR
lcpuC PC:F129 (20 2E F1) A:01 X:06 Y:EC P:04 S:DD mem:002AFB4B 13:4941 tv:0.000000 20: JSR
lcpuC PC:F12E (A9 0B 8D) A:01 X:06 Y:EC P:04 S:DB mem:002AFB4B 13:4935 tv:0.000001 A9: LDA imm
lcpuC PC:F130 (8D 40 FE) A:0B X:06 Y:EC P:04 S:DB mem:002AFB4B 13:4933 tv:0.000000 8D: STA abs
here! 0x00000b 0x00f133 0xe6fa3010 0xcdde0ebc tv:0.000000 (cycle 4933  pc ~F130
writemem_ex! addr=FE40 val=0B
lcpuC PC:F133 (8A 60 49) A:0B X:06 Y:EC P:04 S:DB mem:002AFB4B 13:4929 tv:0.000006 8A: TXA
lcpuC PC:F134 (60 49 8C) A:06 X:06 Y:EC P:04 S:DB mem:002AFB4B 13:4927 tv:0.000000 60: RTS
lcpuC PC:F12C (58 78 A9) A:06 X:06 Y:EC P:04 S:DD mem:002AFB4B 13:4921 tv:0.000002 58: CLI
lcpuC PC:F12D (78 A9 0B) A:06 X:06 Y:EC P:00 S:DD mem:002AFB4B 13:4919 tv:0.000000 78: SEI
lcpuC PC:F12E (A9 0B 8D) A:06 X:06 Y:EC P:04 S:DD mem:002AFB4B 13:4917 tv:0.000001 A9: LDA imm
lcpuC PC:F130 (8D 40 FE) A:0B X:06 Y:EC P:04 S:DD mem:002AFB4B 13:4915 tv:0.000000 8D: STA abs
here! 0x00000b 0x00f133 0xe6fa3010 0xcdde0ebc tv:0.000000 (cycle 4915  pc ~F130
writemem_ex! addr=FE40 val=0B
lcpuC PC:F133 (8A 60 49) A:0B X:06 Y:EC P:04 S:DD mem:002AFB4B 13:4911 tv:0.000007 8A: TXA
lcpuC PC:F134 (60 49 8C) A:06 X:06 Y:EC P:04 S:DD mem:002AFB4B 13:4909 tv:0.000001 60: RTS
lcpuC PC:F0E6 (A9 7F 8D) A:06 X:06 Y:EC P:04 S:DF mem:002AFB4B 13:4903 tv:0.000001 A9: LDA imm
lcpuC PC:F0E8 (8D 43 FE) A:7F X:06 Y:EC P:04 S:DF mem:002AFB4B 13:4901 tv:0.000000 8D: STA abs
here! 0x00007f 0x00f0eb 0xe6fa3010 0xcdde0ebc tv:0.000000 (cycle 4901  pc ~F0E8
writemem_ex! addr=FE43 val=7F
lcpuC PC:F0EB (A9 03 8D) A:7F X:06 Y:EC P:04 S:DF mem:002AFB4B 13:4897 tv:0.000007 A9: LDA imm
lcpuC PC:F0ED (8D 40 FE) A:03 X:06 Y:EC P:04 S:DF mem:002AFB4B 13:4895 tv:0.000001 8D: STA abs
here! 0x000003 0x00f0f0 0xe6fa3010 0xcdde0ebc tv:0.000000 (cycle 4895  pc ~F0ED
writemem_ex! addr=FE40 val=03
lcpuC PC:F0F0 (A9 0F 8D) A:03 X:06 Y:EC P:04 S:DF mem:002AFB4B 13:4891 tv:0.000006 A9: LDA imm
lcpuC PC:F0F2 (8D 4F FE) A:0F X:06 Y:EC P:04 S:DF mem:002AFB4B 13:4889 tv:0.000000 8D: STA abs
here! 0x00000f 0x00f0f5 0xe6fa3010 0xcdde0ebc tv:0.000000 (cycle 4889  pc ~F0F2
writing 0F(000F) to FE4F!writemem_ex! addr=FE4F val=0F
lcpuC PC:F0F5 (A9 01 8D) A:0F X:06 Y:EC P:04 S:DF mem:002AFB4B 13:4885 tv:0.000044 A9: LDA imm
lcpuC PC:F0F7 (8D 4D FE) A:01 X:06 Y:EC P:04 S:DF mem:002AFB4B 13:4883 tv:0.000001 8D: STA abs
here! 0x000001 0x00f0fa 0xe6fa3010 0xcdde0ebc tv:0.000000 (cycle 4883  pc ~F0F7
writemem_ex! addr=FE4D val=01
lcpuC PC:F0FA (8E 4F FE) A:01 X:06 Y:EC P:04 S:DF mem:002AFB4B 13:4879 tv:0.000007 8E: STX abs
here! 0x000006 0x00f0fd 0xe6fa3010 0xcdde0ebc tv:0.000000 (cycle 4879  pc ~F0FA
writing 06(0006) to FE4F!writemem_ex! addr=FE4F val=06
lcpuC PC:F0FD (2C 4D FE) A:01 X:06 Y:EC P:04 S:DF mem:002AFB4B 13:4875 tv:0.000034 2C: BIT abs
readmem_ex! addr=FE4D val=00
lcpuC PC:F100 (F0 21 8A) A:01 X:06 Y:EC P:06 S:DF mem:002AFB4B 13:4871 tv:0.000004 F0: BEQ
lcpuC PC:F123 (CA 10 BD) A:01 X:06 Y:EC P:06 S:DF mem:002AFB4B 13:4868 tv:0.000002 CA: DEX
lcpuC PC:F124 (10 BD 8A) A:01 X:05 Y:EC P:04 S:DF mem:002AFB4B 13:4866 tv:0.000001 10: BPL
lcpuC PC:F0E3 (20 29 F1) A:01 X:05 Y:EC P:04 S:DF mem:002AFB4B 13:4863 tv:0.000000 20: JSR
lcpuC PC:F129 (20 2E F1) A:01 X:05 Y:EC P:04 S:DD mem:002AFB4B 13:4857 tv:0.000000 20: JSR
lcpuC PC:F12E (A9 0B 8D) A:01 X:05 Y:EC P:04 S:DB mem:002AFB4B 13:4851 tv:0.000000 A9: LDA imm
lcpuC PC:F130 (8D 40 FE) A:0B X:05 Y:EC P:04 S:DB mem:002AFB4B 13:4849 tv:0.000000 8D: STA abs
here! 0x00000b 0x00f133 0xe6fa3010 0xcdde0ebc tv:0.000000 (cycle 4849  pc ~F130
writemem_ex! addr=FE40 val=0B
lcpuC PC:F133 (8A 60 49) A:0B X:05 Y:EC P:04 S:DB mem:002AFB4B 13:4845 tv:0.000007 8A: TXA
lcpuC PC:F134 (60 49 8C) A:05 X:05 Y:EC P:04 S:DB mem:002AFB4B 13:4843 tv:0.000000 60: RTS
lcpuC PC:F12C (58 78 A9) A:05 X:05 Y:EC P:04 S:DD mem:002AFB4B 13:4837 tv:0.000001 58: CLI
lcpuC PC:F12D (78 A9 0B) A:05 X:05 Y:EC P:00 S:DD mem:002AFB4B 13:4835 tv:0.000001 78: SEI
lcpuC PC:F12E (A9 0B 8D) A:05 X:05 Y:EC P:04 S:DD mem:002AFB4B 13:4833 tv:0.000000 A9: LDA imm
lcpuC PC:F130 (8D 40 FE) A:0B X:05 Y:EC P:04 S:DD mem:002AFB4B 13:4831 tv:0.000000 8D: STA abs
here! 0x00000b 0x00f133 0xe6fa3010 0xcdde0ebc tv:0.000000 (cycle 4831  pc ~F130
writemem_ex! addr=FE40 val=0B
lcpuC PC:F133 (8A 60 49) A:0B X:05 Y:EC P:04 S:DD mem:002AFB4B 13:4827 tv:0.000007 8A: TXA
lcpuC PC:F134 (60 49 8C) A:05 X:05 Y:EC P:04 S:DD mem:002AFB4B 13:4825 tv:0.000001 60: RTS
lcpuC PC:F0E6 (A9 7F 8D) A:05 X:05 Y:EC P:04 S:DF mem:002AFB4B 13:4819 tv:0.000000 A9: LDA imm
lcpuC PC:F0E8 (8D 43 FE) A:7F X:05 Y:EC P:04 S:DF mem:002AFB4B 13:4817 tv:0.000000 8D: STA abs
here! 0x00007f 0x00f0eb 0xe6fa3010 0xcdde0ebc tv:0.000000 (cycle 4817  pc ~F0E8
writemem_ex! addr=FE43 val=7F
lcpuC PC:F0EB (A9 03 8D) A:7F X:05 Y:EC P:04 S:DF mem:002AFB4B 13:4813 tv:0.000007 A9: LDA imm
lcpuC PC:F0ED (8D 40 FE) A:03 X:05 Y:EC P:04 S:DF mem:002AFB4B 13:4811 tv:0.000001 8D: STA abs
here! 0x000003 0x00f0f0 0xe6fa3010 0xcdde0ebc tv:0.000000 (cycle 4811  pc ~F0ED
writemem_ex! addr=FE40 val=03
lcpuC PC:F0F0 (A9 0F 8D) A:03 X:05 Y:EC P:04 S:DF mem:002AFB4B 13:4807 tv:0.000007 A9: LDA imm
lcpuC PC:F0F2 (8D 4F FE) A:0F X:05 Y:EC P:04 S:DF mem:002AFB4B 13:4805 tv:0.000001 8D: STA abs
here! 0x00000f 0x00f0f5 0xe6fa3010 0xcdde0ebc tv:0.000000 (cycle 4805  pc ~F0F2
writing 0F(000F) to FE4F!writemem_ex! addr=FE4F val=0F
lcpuC PC:F0F5 (A9 01 8D) A:0F X:05 Y:EC P:04 S:DF mem:002AFB4B 13:4801 tv:0.000045 A9: LDA imm
lcpuC PC:F0F7 (8D 4D FE) A:01 X:05 Y:EC P:04 S:DF mem:002AFB4B 13:4799 tv:0.000000 8D: STA abs
here! 0x000001 0x00f0fa 0xe6fa3010 0xcdde0ebc tv:0.000000 (cycle 4799  pc ~F0F7
writemem_ex! addr=FE4D val=01
lcpuC PC:F0FA (8E 4F FE) A:01 X:05 Y:EC P:04 S:DF mem:002AFB4B 13:4795 tv:0.000008 8E: STX abs
here! 0x000005 0x00f0fd 0xe6fa3010 0xcdde0ebc tv:0.000000 (cycle 4795  pc ~F0FA
writing 05(0005) to FE4F!writemem_ex! addr=FE4F val=05
lcpuC PC:F0FD (2C 4D FE) A:01 X:05 Y:EC P:04 S:DF mem:002AFB4B 13:4791 tv:0.000035 2C: BIT abs
readmem_ex! addr=FE4D val=82
lcpuC PC:F100 (F0 21 8A) A:01 X:05 Y:EC P:86 S:DF mem:002AFB4B 13:4787 tv:0.000004 F0: BEQ
lcpuC PC:F123 (CA 10 BD) A:01 X:05 Y:EC P:86 S:DF mem:002AFB4B 13:4784 tv:0.000000 CA: DEX
lcpuC PC:F124 (10 BD 8A) A:01 X:04 Y:EC P:04 S:DF mem:002AFB4B 13:4782 tv:0.000001 10: BPL
lcpuC PC:F0E3 (20 29 F1) A:01 X:04 Y:EC P:04 S:DF mem:002AFB4B 13:4779 tv:0.000002 20: JSR
lcpuC PC:F129 (20 2E F1) A:01 X:04 Y:EC P:04 S:DD mem:002AFB4B 13:4773 tv:0.000001 20: JSR
lcpuC PC:F12E (A9 0B 8D) A:01 X:04 Y:EC P:04 S:DB mem:002AFB4B 13:4767 tv:0.000001 A9: LDA imm
lcpuC PC:F130 (8D 40 FE) A:0B X:04 Y:EC P:04 S:DB mem:002AFB4B 13:4765 tv:0.000001 8D: STA abs
here! 0x00000b 0x00f133 0xe6fa3010 0xcdde0ebc tv:0.000000 (cycle 4765  pc ~F130
writemem_ex! addr=FE40 val=0B
lcpuC PC:F133 (8A 60 49) A:0B X:04 Y:EC P:04 S:DB mem:002AFB4B 13:4761 tv:0.000007 8A: TXA
lcpuC PC:F134 (60 49 8C) A:04 X:04 Y:EC P:04 S:DB mem:002AFB4B 13:4759 tv:0.000001 60: RTS
lcpuC PC:F12C (58 78 A9) A:04 X:04 Y:EC P:04 S:DD mem:002AFB4B 13:4753 tv:0.000000 58: CLI
lcpuC PC:F12D (78 A9 0B) A:04 X:04 Y:EC P:00 S:DD mem:002AFB4B 13:4751 tv:0.000001 78: SEI
lcpuC PC:DC1C (85 FC 68) A:04 X:04 Y:EC P:04 S:DA mem:002AFAEB 13:4742 tv:0.000001 85: STA zp
lcpuC PC:DC1E (68 48 29) A:04 X:04 Y:EC P:04 S:DA mem:002AFAE7 13:4739 tv:0.000001 68: PLA
lcpuC PC:DC1F (48 29 10) A:24 X:04 Y:EC P:04 S:DB mem:002AFAE7 13:4735 tv:0.000001 48: PHA
lcpuC PC:DC20 (29 10 D0) A:24 X:04 Y:EC P:04 S:DA mem:002AFAE7 13:4732 tv:0.000000 29: AND
lcpuC PC:DC22 (D0 03 6C) A:00 X:04 Y:EC P:06 S:DA mem:002AFAE7 13:4729 tv:0.000000 D0: BNE
lcpuC PC:DC24 (6C 04 02) A:00 X:04 Y:EC P:06 S:DA mem:002AFAE7 13:4727 tv:0.000000 6C: JMP ()
lcpuC PC:DC93 (D8 A5 FC) A:00 X:04 Y:EC P:06 S:DA mem:002AFAE7 13:4722 tv:0.000000 D8: CLD
lcpuC PC:DC94 (A5 FC 48) A:00 X:04 Y:EC P:06 S:DA mem:002AFAE7 13:4720 tv:0.000000 A5: LDA zp
lcpuC PC:DC96 (48 8A 48) A:04 X:04 Y:EC P:04 S:DA mem:002AFAE7 13:4717 tv:0.000001 48: PHA
lcpuC PC:DC97 (8A 48 98) A:04 X:04 Y:EC P:04 S:D9 mem:002AFA37 13:4714 tv:0.000001 8A: TXA
lcpuC PC:DC98 (48 98 48) A:04 X:04 Y:EC P:04 S:D9 mem:002AFA37 13:4712 tv:0.000001 48: PHA
lcpuC PC:DC99 (98 48 A9) A:04 X:04 Y:EC P:04 S:D8 mem:002AFA04 13:4709 tv:0.000000 98: TYA
lcpuC PC:DC9A (48 A9 DE) A:EC X:04 Y:EC P:84 S:D8 mem:002AFA04 13:4707 tv:0.000000 48: PHA
lcpuC PC:DC9B (A9 DE 48) A:EC X:04 Y:EC P:84 S:D7 mem:002AF9FE 13:4704 tv:0.000001 A9: LDA imm
lcpuC PC:DC9D (48 A9 81) A:DE X:04 Y:EC P:84 S:D7 mem:002AF9FE 13:4702 tv:0.000000 48: PHA
lcpuC PC:DC9E (A9 81 48) A:DE X:04 Y:EC P:84 S:D6 mem:002AFADC 13:4699 tv:0.000000 A9: LDA imm
lcpuC PC:DCA0 (48 B8 AD) A:81 X:04 Y:EC P:84 S:D6 mem:002AFADC 13:4697 tv:0.000001 48: PHA
lcpuC PC:DCA1 (B8 AD 08) A:81 X:04 Y:EC P:84 S:D5 mem:002AFB5D 13:4694 tv:0.000000 B8: CLV
lcpuC PC:DCA2 (AD 08 FE) A:81 X:04 Y:EC P:84 S:D5 mem:002AFB5D 13:4692 tv:0.000000 AD: LDA abs
readmem_ex! addr=FE08 val=2C
lcpuC PC:DCA5 (70 02 10) A:2C X:04 Y:EC P:04 S:D5 mem:002AFB5D 13:4688 tv:0.000003 70: BVS
lcpuC PC:DCA7 (10 5D A6) A:2C X:04 Y:EC P:04 S:D5 mem:002AFB5D 13:4686 tv:0.000000 10: BPL
lcpuC PC:DD06 (AD 4D FE) A:2C X:04 Y:EC P:04 S:D5 mem:002AFB5D 13:4683 tv:0.000001 AD: LDA abs
readmem_ex! addr=FE4D val=82
lcpuC PC:DD09 (10 3C 2D) A:82 X:04 Y:EC P:84 S:D5 mem:002AFB5D 13:4679 tv:0.000004 10: BPL
lcpuC PC:DD0B (2D 79 02) A:82 X:04 Y:EC P:84 S:D5 mem:002AFB5D 13:4677 tv:0.000000 2D: AND abs
lcpuC PC:DD0E (2D 4E FE) A:82 X:04 Y:EC P:84 S:D5 mem:002AFB5D 13:4673 tv:0.000001 2D: AND abs
readmem_ex! addr=FE4E val=F2
lcpuC PC:DD11 (6A 6A 90) A:82 X:04 Y:EC P:84 S:D5 mem:002AFB5D 13:4669 tv:0.000004 6A: ROR A
lcpuC PC:DD12 (6A 90 54) A:41 X:04 Y:EC P:04 S:D5 mem:002AFB5D 13:4667 tv:0.000001 6A: ROR A
lcpuC PC:DD13 (90 54 CE) A:20 X:04 Y:EC P:05 S:D5 mem:002AFB5D 13:4665 tv:0.000001 90: BCC
lcpuC PC:DD15 (CE 40 02) A:20 X:04 Y:EC P:05 S:D5 mem:002AFB5D 13:4663 tv:0.000001 CE: DEC abs
lcpuC PC:DD18 (A5 EA 10) A:20 X:04 Y:EC P:85 S:D5 mem:002AFB5C 13:4657 tv:0.000001 A5: LDA zp
lcpuC PC:DD1A (10 02 E6) A:00 X:04 Y:EC P:07 S:D5 mem:002AFB5C 13:4654 tv:0.000000 10: BPL
lcpuC PC:DD1E (AD 51 02) A:00 X:04 Y:EC P:07 S:D5 mem:002AFB5C 13:4651 tv:0.000001 AD: LDA abs
lcpuC PC:DD21 (F0 1A CE) A:18 X:04 Y:EC P:05 S:D5 mem:002AFB5C 13:4647 tv:0.000001 F0: BEQ
lcpuC PC:DD23 (CE 51 02) A:18 X:04 Y:EC P:05 S:D5 mem:002AFB5C 13:4645 tv:0.000000 CE: DEC abs
lcpuC PC:DD26 (D0 15 AE) A:18 X:04 Y:EC P:05 S:D5 mem:002AFB5B 13:4639 tv:0.000001 D0: BNE
lcpuC PC:DD3D (A0 04 20) A:18 X:04 Y:EC P:05 S:D5 mem:002AFB5B 13:4636 tv:0.000001 A0: LDY imm
lcpuC PC:DD3F (20 94 E4) A:18 X:04 Y:04 P:05 S:D5 mem:002AFB5B 13:4634 tv:0.000000 20: JSR
lcpuC PC:E494 (08 78 48) A:18 X:04 Y:04 P:05 S:D3 mem:002AFC79 13:4628 tv:0.000001 08: PHP
lcpuC PC:E495 (78 48 85) A:18 X:04 Y:04 P:05 S:D2 mem:002AFCAE 13:4625 tv:0.000001 78: SEI
lcpuC PC:E496 (48 85 FA) A:18 X:04 Y:04 P:05 S:D2 mem:002AFCAE 13:4623 tv:0.000001 48: PHA
lcpuC PC:E497 (85 FA B9) A:18 X:04 Y:04 P:05 S:D1 mem:002AFCC6 13:4620 tv:0.000001 85: STA zp
lcpuC PC:E499 (B9 BF 02) A:18 X:04 Y:04 P:05 S:D1 mem:002AFCDE 13:4617 tv:0.000001 B9: LDA abs,y
lcpuC PC:E49C (F0 41 98) A:00 X:04 Y:04 P:07 S:D1 mem:002AFCDE 13:4613 tv:0.000000 F0: BEQ
lcpuC PC:E4DF (68 28 38) A:00 X:04 Y:04 P:07 S:D1 mem:002AFCDE 13:4610 tv:0.000001 68: PLA
lcpuC PC:E4E0 (28 38 60) A:18 X:04 Y:04 P:05 S:D2 mem:002AFCDE 13:4606 tv:0.000001 28: PLP
lcpuC PC:E4E1 (38 60 48) A:18 X:04 Y:04 P:05 S:D3 mem:002AFCDE 13:4602 tv:0.000000 38: SEC
lcpuC PC:E4E2 (60 48 29) A:18 X:04 Y:04 P:05 S:D3 mem:002AFCDE 13:4600 tv:0.000000 60: RTS
lcpuC PC:DD42 (A9 02 4C) A:18 X:04 Y:04 P:05 S:D5 mem:002AFCDE 13:4594 tv:0.000001 A9: LDA imm
lcpuC PC:DD44 (4C 6E DE) A:02 X:04 Y:04 P:05 S:D5 mem:002AFCDE 13:4592 tv:0.000000 4C: JMP
lcpuC PC:DE6E (8D 4D FE) A:02 X:04 Y:04 P:05 S:D5 mem:002AFCDE 13:4589 tv:0.000000 8D: STA abs
here! 0x000002 0x00de71 0xe6fa3010 0xcdde0ebc tv:0.000000 (cycle 4589  pc ~DE6E
writemem_ex! addr=FE4D val=02
lcpuC PC:DE71 (60 2A 2A) A:02 X:04 Y:04 P:05 S:D5 mem:002AFCDE 13:4585 tv:0.000007 60: RTS
lcpuC PC:DE82 (68 A8 68) A:02 X:04 Y:04 P:05 S:D7 mem:002AFCDE 13:4579 tv:0.000001 68: PLA
lcpuC PC:DE83 (A8 68 AA) A:EC X:04 Y:04 P:85 S:D8 mem:002AFCDE 13:4575 tv:0.000000 A8: TAY
lcpuC PC:DE84 (68 AA 68) A:EC X:04 Y:EC P:85 S:D8 mem:002AFCDE 13:4573 tv:0.000000 68: PLA
lcpuC PC:DE85 (AA 68 85) A:04 X:04 Y:EC P:05 S:D9 mem:002AFCDE 13:4569 tv:0.000000 AA: TAX
lcpuC PC:DE86 (68 85 FC) A:04 X:04 Y:EC P:05 S:D9 mem:002AFCDE 13:4567 tv:0.000000 68: PLA
lcpuC PC:DE87 (85 FC A5) A:04 X:04 Y:EC P:05 S:DA mem:002AFCDE 13:4563 tv:0.000001 85: STA zp
lcpuC PC:DE89 (A5 FC 40) A:04 X:04 Y:EC P:05 S:DA mem:002AFCDE 13:4560 tv:0.000000 A5: LDA zp
lcpuC PC:DE8B (40 8C BE) A:04 X:04 Y:EC P:05 S:DA mem:002AFCDE 13:4557 tv:0.000000 40: RTI
lcpuC PC:F12E (A9 0B 8D) A:04 X:04 Y:EC P:04 S:DD mem:002AFCDE 13:4551 tv:0.000001 A9: LDA imm
lcpuC PC:F130 (8D 40 FE) A:0B X:04 Y:EC P:04 S:DD mem:002AFCDE 13:4549 tv:0.000000 8D: STA abs
here! 0x00000b 0x00f133 0xe6fa3010 0xcdde0ebc tv:0.000000 (cycle 4549  pc ~F130
writemem_ex! addr=FE40 val=0B
lcpuC PC:F133 (8A 60 49) A:0B X:04 Y:EC P:04 S:DD mem:002AFCDE 13:4545 tv:0.000006 8A: TXA
lcpuC PC:F134 (60 49 8C) A:04 X:04 Y:EC P:04 S:DD mem:002AFCDE 13:4543 tv:0.000001 60: RTS
lcpuC PC:F0E6 (A9 7F 8D) A:04 X:04 Y:EC P:04 S:DF mem:002AFCDE 13:4537 tv:0.000001 A9: LDA imm
lcpuC PC:F0E8 (8D 43 FE) A:7F X:04 Y:EC P:04 S:DF mem:002AFCDE 13:4535 tv:0.000001 8D: STA abs
here! 0x00007f 0x00f0eb 0xe6fa3010 0xcdde0ebc tv:0.000000 (cycle 4535  pc ~F0E8
writemem_ex! addr=FE43 val=7F
lcpuC PC:F0EB (A9 03 8D) A:7F X:04 Y:EC P:04 S:DF mem:002AFCDE 13:4531 tv:0.000013 A9: LDA imm
lcpuC PC:F0ED (8D 40 FE) A:03 X:04 Y:EC P:04 S:DF mem:002AFCDE 13:4529 tv:0.000000 8D: STA abs
here! 0x000003 0x00f0f0 0xe6fa3010 0xcdde0ebc tv:0.000000 (cycle 4529  pc ~F0ED
writemem_ex! addr=FE40 val=03
lcpuC PC:F0F0 (A9 0F 8D) A:03 X:04 Y:EC P:04 S:DF mem:002AFCDE 13:4525 tv:0.000006 A9: LDA imm
lcpuC PC:F0F2 (8D 4F FE) A:0F X:04 Y:EC P:04 S:DF mem:002AFCDE 13:4523 tv:0.000000 8D: STA abs
here! 0x00000f 0x00f0f5 0xe6fa3010 0xcdde0ebc tv:0.000000 (cycle 4523  pc ~F0F2
writing 0F(000F) to FE4F!writemem_ex! addr=FE4F val=0F
lcpuC PC:F0F5 (A9 01 8D) A:0F X:04 Y:EC P:04 S:DF mem:002AFCDE 13:4519 tv:0.000055 A9: LDA imm
lcpuC PC:F0F7 (8D 4D FE) A:01 X:04 Y:EC P:04 S:DF mem:002AFCDE 13:4517 tv:0.000001 8D: STA abs
here! 0x000001 0x00f0fa 0xe6fa3010 0xcdde0ebc tv:0.000000 (cycle 4517  pc ~F0F7
writemem_ex! addr=FE4D val=01
lcpuC PC:F0FA (8E 4F FE) A:01 X:04 Y:EC P:04 S:DF mem:002AFCDE 13:4513 tv:0.000007 8E: STX abs
here! 0x000004 0x00f0fd 0xe6fa3010 0xcdde0ebc tv:0.000000 (cycle 4513  pc ~F0FA
writing 04(0004) to FE4F!writemem_ex! addr=FE4F val=04
lcpuC PC:F0FD (2C 4D FE) A:01 X:04 Y:EC P:04 S:DF mem:002AFCDE 13:4509 tv:0.000033 2C: BIT abs
readmem_ex! addr=FE4D val=00
lcpuC PC:F100 (F0 21 8A) A:01 X:04 Y:EC P:06 S:DF mem:002AFCDE 13:4505 tv:0.000004 F0: BEQ
lcpuC PC:F123 (CA 10 BD) A:01 X:04 Y:EC P:06 S:DF mem:002AFCDE 13:4502 tv:0.000001 CA: DEX
lcpuC PC:F124 (10 BD 8A) A:01 X:03 Y:EC P:04 S:DF mem:002AFCDE 13:4500 tv:0.000001 10: BPL
lcpuC PC:F0E3 (20 29 F1) A:01 X:03 Y:EC P:04 S:DF mem:002AFCDE 13:4497 tv:0.000001 20: JSR
lcpuC PC:F129 (20 2E F1) A:01 X:03 Y:EC P:04 S:DD mem:002AFCDE 13:4491 tv:0.000001 20: JSR
lcpuC PC:F12E (A9 0B 8D) A:01 X:03 Y:EC P:04 S:DB mem:002AFCDB 13:4485 tv:0.000000 A9: LDA imm
lcpuC PC:F130 (8D 40 FE) A:0B X:03 Y:EC P:04 S:DB mem:002AFCDB 13:4483 tv:0.000001 8D: STA abs
here! 0x00000b 0x00f133 0xe6fa3010 0xcdde0ebc tv:0.000000 (cycle 4483  pc ~F130
writemem_ex! addr=FE40 val=0B
lcpuC PC:F133 (8A 60 49) A:0B X:03 Y:EC P:04 S:DB mem:002AFCDB 13:4479 tv:0.000006 8A: TXA
lcpuC PC:F134 (60 49 8C) A:03 X:03 Y:EC P:04 S:DB mem:002AFCDB 13:4477 tv:0.000001 60: RTS
lcpuC PC:F12C (58 78 A9) A:03 X:03 Y:EC P:04 S:DD mem:002AFCDB 13:4471 tv:0.000001 58: CLI
lcpuC PC:F12D (78 A9 0B) A:03 X:03 Y:EC P:00 S:DD mem:002AFCDB 13:4469 tv:0.000001 78: SEI
lcpuC PC:F12E (A9 0B 8D) A:03 X:03 Y:EC P:04 S:DD mem:002AFCDB 13:4467 tv:0.000000 A9: LDA imm
lcpuC PC:F130 (8D 40 FE) A:0B X:03 Y:EC P:04 S:DD mem:002AFCDB 13:4465 tv:0.000000 8D: STA abs
here! 0x00000b 0x00f133 0xe6fa3010 0xcdde0ebc tv:0.000000 (cycle 4465  pc ~F130
writemem_ex! addr=FE40 val=0B
lcpuC PC:F133 (8A 60 49) A:0B X:03 Y:EC P:04 S:DD mem:002AFCDB 13:4461 tv:0.000006 8A: TXA
lcpuC PC:F134 (60 49 8C) A:03 X:03 Y:EC P:04 S:DD mem:002AFCDB 13:4459 tv:0.000000 60: RTS
lcpuC PC:F0E6 (A9 7F 8D) A:03 X:03 Y:EC P:04 S:DF mem:002AFCDB 13:4453 tv:0.000002 A9: LDA imm
lcpuC PC:F0E8 (8D 43 FE) A:7F X:03 Y:EC P:04 S:DF mem:002AFCDB 13:4451 tv:0.000000 8D: STA abs
here! 0x00007f 0x00f0eb 0xe6fa3010 0xcdde0ebc tv:0.000000 (cycle 4451  pc ~F0E8
writemem_ex! addr=FE43 val=7F
lcpuC PC:F0EB (A9 03 8D) A:7F X:03 Y:EC P:04 S:DF mem:002AFCDB 13:4447 tv:0.000007 A9: LDA imm
lcpuC PC:F0ED (8D 40 FE) A:03 X:03 Y:EC P:04 S:DF mem:002AFCDB 13:4445 tv:0.000000 8D: STA abs
here! 0x000003 0x00f0f0 0xe6fa3010 0xcdde0ebc tv:0.000001 (cycle 4445  pc ~F0ED
writemem_ex! addr=FE40 val=03
lcpuC PC:F0F0 (A9 0F 8D) A:03 X:03 Y:EC P:04 S:DF mem:002AFCDB 13:4441 tv:0.000007 A9: LDA imm
lcpuC PC:F0F2 (8D 4F FE) A:0F X:03 Y:EC P:04 S:DF mem:002AFCDB 13:4439 tv:0.000000 8D: STA abs
here! 0x00000f 0x00f0f5 0xe6fa3010 0xcdde0ebc tv:0.000000 (cycle 4439  pc ~F0F2
writing 0F(000F) to FE4F!writemem_ex! addr=FE4F val=0F
lcpuC PC:F0F5 (A9 01 8D) A:0F X:03 Y:EC P:04 S:DF mem:002AFCDB 13:4435 tv:0.000036 A9: LDA imm
lcpuC PC:F0F7 (8D 4D FE) A:01 X:03 Y:EC P:04 S:DF mem:002AFCDB 13:4433 tv:0.000000 8D: STA abs
here! 0x000001 0x00f0fa 0xe6fa3010 0xcdde0ebc tv:0.000000 (cycle 4433  pc ~F0F7
writemem_ex! addr=FE4D val=01
lcpuC PC:F0FA (8E 4F FE) A:01 X:03 Y:EC P:04 S:DF mem:002AFCDB 13:4429 tv:0.000014 8E: STX abs
here! 0x000003 0x00f0fd 0xe6fa3010 0xcdde0ebc tv:0.000001 (cycle 4429  pc ~F0FA
writing 03(0003) to FE4F!writemem_ex! addr=FE4F val=03
lcpuC PC:F0FD (2C 4D FE) A:01 X:03 Y:EC P:04 S:DF mem:002AFCDB 13:4425 tv:0.000034 2C: BIT abs
readmem_ex! addr=FE4D val=00
lcpuC PC:F100 (F0 21 8A) A:01 X:03 Y:EC P:06 S:DF mem:002AFCDB 13:4421 tv:0.000004 F0: BEQ
lcpuC PC:F123 (CA 10 BD) A:01 X:03 Y:EC P:06 S:DF mem:002AFCDB 13:4418 tv:0.000000 CA: DEX
lcpuC PC:F124 (10 BD 8A) A:01 X:02 Y:EC P:04 S:DF mem:002AFCDB 13:4416 tv:0.000001 10: BPL
lcpuC PC:F0E3 (20 29 F1) A:01 X:02 Y:EC P:04 S:DF mem:002AFCDB 13:4413 tv:0.000001 20: JSR
lcpuC PC:F129 (20 2E F1) A:01 X:02 Y:EC P:04 S:DD mem:002AFCDB 13:4407 tv:0.000001 20: JSR
lcpuC PC:F12E (A9 0B 8D) A:01 X:02 Y:EC P:04 S:DB mem:002AFCDB 13:4401 tv:0.000001 A9: LDA imm
lcpuC PC:F130 (8D 40 FE) A:0B X:02 Y:EC P:04 S:DB mem:002AFCDB 13:4399 tv:0.000000 8D: STA abs
here! 0x00000b 0x00f133 0xe6fa3010 0xcdde0ebc tv:0.000000 (cycle 4399  pc ~F130
writemem_ex! addr=FE40 val=0B
lcpuC PC:F133 (8A 60 49) A:0B X:02 Y:EC P:04 S:DB mem:002AFCDB 13:4395 tv:0.000007 8A: TXA
lcpuC PC:F134 (60 49 8C) A:02 X:02 Y:EC P:04 S:DB mem:002AFCDB 13:4393 tv:0.000001 60: RTS
lcpuC PC:F12C (58 78 A9) A:02 X:02 Y:EC P:04 S:DD mem:002AFCDB 13:4387 tv:0.000001 58: CLI
lcpuC PC:F12D (78 A9 0B) A:02 X:02 Y:EC P:00 S:DD mem:002AFCDB 13:4385 tv:0.000001 78: SEI
lcpuC PC:F12E (A9 0B 8D) A:02 X:02 Y:EC P:04 S:DD mem:002AFCDB 13:4383 tv:0.000001 A9: LDA imm
lcpuC PC:F130 (8D 40 FE) A:0B X:02 Y:EC P:04 S:DD mem:002AFCDB 13:4381 tv:0.000001 8D: STA abs
here! 0x00000b 0x00f133 0xe6fa3010 0xcdde0ebc tv:0.000000 (cycle 4381  pc ~F130
writemem_ex! addr=FE40 val=0B
lcpuC PC:F133 (8A 60 49) A:0B X:02 Y:EC P:04 S:DD mem:002AFCDB 13:4377 tv:0.000007 8A: TXA
lcpuC PC:F134 (60 49 8C) A:02 X:02 Y:EC P:04 S:DD mem:002AFCDB 13:4375 tv:0.000000 60: RTS
lcpuC PC:F0E6 (A9 7F 8D) A:02 X:02 Y:EC P:04 S:DF mem:002AFCDB 13:4369 tv:0.000000 A9: LDA imm
lcpuC PC:F0E8 (8D 43 FE) A:7F X:02 Y:EC P:04 S:DF mem:002AFCDB 13:4367 tv:0.000001 8D: STA abs
here! 0x00007f 0x00f0eb 0xe6fa3010 0xcdde0ebc tv:0.000000 (cycle 4367  pc ~F0E8
writemem_ex! addr=FE43 val=7F
lcpuC PC:F0EB (A9 03 8D) A:7F X:02 Y:EC P:04 S:DF mem:002AFCDB 13:4363 tv:0.000006 A9: LDA imm
lcpuC PC:F0ED (8D 40 FE) A:03 X:02 Y:EC P:04 S:DF mem:002AFCDB 13:4361 tv:0.000001 8D: STA abs
here! 0x000003 0x00f0f0 0xe6fa3010 0xcdde0ebc tv:0.000000 (cycle 4361  pc ~F0ED
writemem_ex! addr=FE40 val=03
lcpuC PC:F0F0 (A9 0F 8D) A:03 X:02 Y:EC P:04 S:DF mem:002AFCDB 13:4357 tv:0.000007 A9: LDA imm
lcpuC PC:F0F2 (8D 4F FE) A:0F X:02 Y:EC P:04 S:DF mem:002AFCDB 13:4355 tv:0.000000 8D: STA abs
here! 0x00000f 0x00f0f5 0xe6fa3010 0xcdde0ebc tv:0.000000 (cycle 4355  pc ~F0F2
writing 0F(000F) to FE4F!writemem_ex! addr=FE4F val=0F
lcpuC PC:F0F5 (A9 01 8D) A:0F X:02 Y:EC P:04 S:DF mem:002AFCDB 13:4351 tv:0.000043 A9: LDA imm
lcpuC PC:F0F7 (8D 4D FE) A:01 X:02 Y:EC P:04 S:DF mem:002AFCDB 13:4349 tv:0.000000 8D: STA abs
here! 0x000001 0x00f0fa 0xe6fa3010 0xcdde0ebc tv:0.000000 (cycle 4349  pc ~F0F7
writemem_ex! addr=FE4D val=01
lcpuC PC:F0FA (8E 4F FE) A:01 X:02 Y:EC P:04 S:DF mem:002AFCDB 13:4345 tv:0.000006 8E: STX abs
here! 0x000002 0x00f0fd 0xe6fa3010 0xcdde0ebc tv:0.000000 (cycle 4345  pc ~F0FA
writing 02(0002) to FE4F!writemem_ex! addr=FE4F val=02
lcpuC PC:F0FD (2C 4D FE) A:01 X:02 Y:EC P:04 S:DF mem:002AFCDB 13:4341 tv:0.000032 2C: BIT abs
readmem_ex! addr=FE4D val=00
lcpuC PC:F100 (F0 21 8A) A:01 X:02 Y:EC P:06 S:DF mem:002AFCDB 13:4337 tv:0.000004 F0: BEQ
lcpuC PC:F123 (CA 10 BD) A:01 X:02 Y:EC P:06 S:DF mem:002AFCDB 13:4334 tv:0.000000 CA: DEX
lcpuC PC:F124 (10 BD 8A) A:01 X:01 Y:EC P:04 S:DF mem:002AFCDB 13:4332 tv:0.000002 10: BPL
lcpuC PC:F0E3 (20 29 F1) A:01 X:01 Y:EC P:04 S:DF mem:002AFCDB 13:4329 tv:0.000001 20: JSR
lcpuC PC:F129 (20 2E F1) A:01 X:01 Y:EC P:04 S:DD mem:002AFCDB 13:4323 tv:0.000001 20: JSR
lcpuC PC:F12E (A9 0B 8D) A:01 X:01 Y:EC P:04 S:DB mem:002AFCDB 13:4317 tv:0.000001 A9: LDA imm
lcpuC PC:F130 (8D 40 FE) A:0B X:01 Y:EC P:04 S:DB mem:002AFCDB 13:4315 tv:0.000001 8D: STA abs
here! 0x00000b 0x00f133 0xe6fa3010 0xcdde0ebc tv:0.000000 (cycle 4315  pc ~F130
writemem_ex! addr=FE40 val=0B
lcpuC PC:F133 (8A 60 49) A:0B X:01 Y:EC P:04 S:DB mem:002AFCDB 13:4311 tv:0.000007 8A: TXA
lcpuC PC:F134 (60 49 8C) A:01 X:01 Y:EC P:04 S:DB mem:002AFCDB 13:4309 tv:0.000000 60: RTS
lcpuC PC:F12C (58 78 A9) A:01 X:01 Y:EC P:04 S:DD mem:002AFCDB 13:4303 tv:0.000000 58: CLI
lcpuC PC:F12D (78 A9 0B) A:01 X:01 Y:EC P:00 S:DD mem:002AFCDB 13:4301 tv:0.000000 78: SEI
lcpuC PC:F12E (A9 0B 8D) A:01 X:01 Y:EC P:04 S:DD mem:002AFCDB 13:4299 tv:0.000000 A9: LDA imm
lcpuC PC:F130 (8D 40 FE) A:0B X:01 Y:EC P:04 S:DD mem:002AFCDB 13:4297 tv:0.000000 8D: STA abs
here! 0x00000b 0x00f133 0xe6fa3010 0xcdde0ebc tv:0.000001 (cycle 4297  pc ~F130
writemem_ex! addr=FE40 val=0B
lcpuC PC:F133 (8A 60 49) A:0B X:01 Y:EC P:04 S:DD mem:002AFCDB 13:4293 tv:0.000007 8A: TXA
lcpuC PC:F134 (60 49 8C) A:01 X:01 Y:EC P:04 S:DD mem:002AFCDB 13:4291 tv:0.000000 60: RTS
lcpuC PC:F0E6 (A9 7F 8D) A:01 X:01 Y:EC P:04 S:DF mem:002AFCDB 13:4285 tv:0.000000 A9: LDA imm
lcpuC PC:F0E8 (8D 43 FE) A:7F X:01 Y:EC P:04 S:DF mem:002AFCDB 13:4283 tv:0.000001 8D: STA abs
here! 0x00007f 0x00f0eb 0xe6fa3010 0xcdde0ebc tv:0.000000 (cycle 4283  pc ~F0E8
writemem_ex! addr=FE43 val=7F
lcpuC PC:F0EB (A9 03 8D) A:7F X:01 Y:EC P:04 S:DF mem:002AFCDB 13:4279 tv:0.000006 A9: LDA imm
lcpuC PC:F0ED (8D 40 FE) A:03 X:01 Y:EC P:04 S:DF mem:002AFCDB 13:4277 tv:0.000000 8D: STA abs
here! 0x000003 0x00f0f0 0xe6fa3010 0xcdde0ebc tv:0.000001 (cycle 4277  pc ~F0ED
writemem_ex! addr=FE40 val=03
lcpuC PC:F0F0 (A9 0F 8D) A:03 X:01 Y:EC P:04 S:DF mem:002AFCDB 13:4273 tv:0.000007 A9: LDA imm
lcpuC PC:F0F2 (8D 4F FE) A:0F X:01 Y:EC P:04 S:DF mem:002AFCDB 13:4271 tv:0.000001 8D: STA abs
here! 0x00000f 0x00f0f5 0xe6fa3010 0xcdde0ebc tv:0.000000 (cycle 4271  pc ~F0F2
writing 0F(000F) to FE4F!writemem_ex! addr=FE4F val=0F
lcpuC PC:F0F5 (A9 01 8D) A:0F X:01 Y:EC P:04 S:DF mem:002AFCDB 13:4267 tv:0.000037 A9: LDA imm
lcpuC PC:F0F7 (8D 4D FE) A:01 X:01 Y:EC P:04 S:DF mem:002AFCDB 13:4265 tv:0.000000 8D: STA abs
here! 0x000001 0x00f0fa 0xe6fa3010 0xcdde0ebc tv:0.000000 (cycle 4265  pc ~F0F7
writemem_ex! addr=FE4D val=01
lcpuC PC:F0FA (8E 4F FE) A:01 X:01 Y:EC P:04 S:DF mem:002AFCDB 13:4261 tv:0.000006 8E: STX abs
here! 0x000001 0x00f0fd 0xe6fa3010 0xcdde0ebc tv:0.000000 (cycle 4261  pc ~F0FA
writing 01(0001) to FE4F!writemem_ex! addr=FE4F val=01
lcpuC PC:F0FD (2C 4D FE) A:01 X:01 Y:EC P:04 S:DF mem:002AFCDB 13:4257 tv:0.000032 2C: BIT abs
readmem_ex! addr=FE4D val=00
lcpuC PC:F100 (F0 21 8A) A:01 X:01 Y:EC P:06 S:DF mem:002AFCDB 13:4253 tv:0.000004 F0: BEQ
lcpuC PC:F123 (CA 10 BD) A:01 X:01 Y:EC P:06 S:DF mem:002AFCDB 13:4250 tv:0.000001 CA: DEX
lcpuC PC:F124 (10 BD 8A) A:01 X:00 Y:EC P:06 S:DF mem:002AFCDB 13:4248 tv:0.000001 10: BPL
lcpuC PC:F0E3 (20 29 F1) A:01 X:00 Y:EC P:06 S:DF mem:002AFCDB 13:4245 tv:0.000001 20: JSR
lcpuC PC:F129 (20 2E F1) A:01 X:00 Y:EC P:06 S:DD mem:002AFCDB 13:4239 tv:0.000000 20: JSR
lcpuC PC:F12E (A9 0B 8D) A:01 X:00 Y:EC P:06 S:DB mem:002AFCDB 13:4233 tv:0.000000 A9: LDA imm
lcpuC PC:F130 (8D 40 FE) A:0B X:00 Y:EC P:04 S:DB mem:002AFCDB 13:4231 tv:0.000000 8D: STA abs
here! 0x00000b 0x00f133 0xe6fa3010 0xcdde0ebc tv:0.000000 (cycle 4231  pc ~F130
writemem_ex! addr=FE40 val=0B
lcpuC PC:F133 (8A 60 49) A:0B X:00 Y:EC P:04 S:DB mem:002AFCDB 13:4227 tv:0.000007 8A: TXA
lcpuC PC:F134 (60 49 8C) A:00 X:00 Y:EC P:06 S:DB mem:002AFCDB 13:4225 tv:0.000000 60: RTS
lcpuC PC:F12C (58 78 A9) A:00 X:00 Y:EC P:06 S:DD mem:002AFCDB 13:4219 tv:0.000000 58: CLI
lcpuC PC:F12D (78 A9 0B) A:00 X:00 Y:EC P:02 S:DD mem:002AFCDB 13:4217 tv:0.000000 78: SEI
lcpuC PC:F12E (A9 0B 8D) A:00 X:00 Y:EC P:06 S:DD mem:002AFCDB 13:4215 tv:0.000001 A9: LDA imm
lcpuC PC:F130 (8D 40 FE) A:0B X:00 Y:EC P:04 S:DD mem:002AFCDB 13:4213 tv:0.000000 8D: STA abs
here! 0x00000b 0x00f133 0xe6fa3010 0xcdde0ebc tv:0.000000 (cycle 4213  pc ~F130
writemem_ex! addr=FE40 val=0B
lcpuC PC:F133 (8A 60 49) A:0B X:00 Y:EC P:04 S:DD mem:002AFCDB 13:4209 tv:0.000012 8A: TXA
lcpuC PC:F134 (60 49 8C) A:00 X:00 Y:EC P:06 S:DD mem:002AFCDB 13:4207 tv:0.000000 60: RTS
lcpuC PC:F0E6 (A9 7F 8D) A:00 X:00 Y:EC P:06 S:DF mem:002AFCDB 13:4201 tv:0.000001 A9: LDA imm
lcpuC PC:F0E8 (8D 43 FE) A:7F X:00 Y:EC P:04 S:DF mem:002AFCDB 13:4199 tv:0.000001 8D: STA abs
here! 0x00007f 0x00f0eb 0xe6fa3010 0xcdde0ebc tv:0.000000 (cycle 4199  pc ~F0E8
writemem_ex! addr=FE43 val=7F
lcpuC PC:F0EB (A9 03 8D) A:7F X:00 Y:EC P:04 S:DF mem:002AFCDB 13:4195 tv:0.000006 A9: LDA imm
lcpuC PC:F0ED (8D 40 FE) A:03 X:00 Y:EC P:04 S:DF mem:002AFCDB 13:4193 tv:0.000000 8D: STA abs
here! 0x000003 0x00f0f0 0xe6fa3010 0xcdde0ebc tv:0.000000 (cycle 4193  pc ~F0ED
writemem_ex! addr=FE40 val=03
lcpuC PC:F0F0 (A9 0F 8D) A:03 X:00 Y:EC P:04 S:DF mem:002AFCDB 13:4189 tv:0.000006 A9: LDA imm
lcpuC PC:F0F2 (8D 4F FE) A:0F X:00 Y:EC P:04 S:DF mem:002AFCDB 13:4187 tv:0.000000 8D: STA abs
here! 0x00000f 0x00f0f5 0xe6fa3010 0xcdde0ebc tv:0.000000 (cycle 4187  pc ~F0F2
writing 0F(000F) to FE4F!writemem_ex! addr=FE4F val=0F
lcpuC PC:F0F5 (A9 01 8D) A:0F X:00 Y:EC P:04 S:DF mem:002AFCDB 13:4183 tv:0.000036 A9: LDA imm
lcpuC PC:F0F7 (8D 4D FE) A:01 X:00 Y:EC P:04 S:DF mem:002AFCDB 13:4181 tv:0.000001 8D: STA abs
here! 0x000001 0x00f0fa 0xe6fa3010 0xcdde0ebc tv:0.000000 (cycle 4181  pc ~F0F7
writemem_ex! addr=FE4D val=01
lcpuC PC:F0FA (8E 4F FE) A:01 X:00 Y:EC P:04 S:DF mem:002AFCDB 13:4177 tv:0.000006 8E: STX abs
here! 0x000000 0x00f0fd 0xe6fa3010 0xcdde0ebc tv:0.000000 (cycle 4177  pc ~F0FA
writing 00(0000) to FE4F!writemem_ex! addr=FE4F val=00
lcpuC PC:F0FD (2C 4D FE) A:01 X:00 Y:EC P:04 S:DF mem:002AFCDB 13:4173 tv:0.000040 2C: BIT abs
readmem_ex! addr=FE4D val=00
lcpuC PC:F100 (F0 21 8A) A:01 X:00 Y:EC P:06 S:DF mem:002AFCDB 13:4169 tv:0.000004 F0: BEQ
lcpuC PC:F123 (CA 10 BD) A:01 X:00 Y:EC P:06 S:DF mem:002AFCDB 13:4166 tv:0.000001 CA: DEX
lcpuC PC:F124 (10 BD 8A) A:01 X:FF Y:EC P:84 S:DF mem:002AFCDB 13:4164 tv:0.000000 10: BPL
lcpuC PC:F126 (8A AA 28) A:01 X:FF Y:EC P:84 S:DF mem:002AFCDB 13:4162 tv:0.000000 8A: TXA
lcpuC PC:F127 (AA 28 20) A:FF X:FF Y:EC P:84 S:DF mem:002AFCDB 13:4160 tv:0.000001 AA: TAX
lcpuC PC:F128 (28 20 2E) A:FF X:FF Y:EC P:84 S:DF mem:002AFCDB 13:4158 tv:0.000001 28: PLP
lcpuC PC:F129 (20 2E F1) A:FF X:FF Y:EC P:04 S:E0 mem:002AFCDB 13:4154 tv:0.000000 20: JSR
lcpuC PC:F12E (A9 0B 8D) A:FF X:FF Y:EC P:04 S:DE mem:002AFCD3 13:4148 tv:0.000001 A9: LDA imm
lcpuC PC:F130 (8D 40 FE) A:0B X:FF Y:EC P:04 S:DE mem:002AFCD3 13:4146 tv:0.000000 8D: STA abs
here! 0x00000b 0x00f133 0xe6fa3010 0xcdde0ebc tv:0.000000 (cycle 4146  pc ~F130
writemem_ex! addr=FE40 val=0B
lcpuC PC:F133 (8A 60 49) A:0B X:FF Y:EC P:04 S:DE mem:002AFCD3 13:4142 tv:0.000007 8A: TXA
lcpuC PC:F134 (60 49 8C) A:FF X:FF Y:EC P:84 S:DE mem:002AFCD3 13:4140 tv:0.000001 60: RTS
lcpuC PC:F12C (58 78 A9) A:FF X:FF Y:EC P:84 S:E0 mem:002AFCD3 13:4134 tv:0.000001 58: CLI
lcpuC PC:F12D (78 A9 0B) A:FF X:FF Y:EC P:80 S:E0 mem:002AFCD3 13:4132 tv:0.000000 78: SEI
lcpuC PC:F12E (A9 0B 8D) A:FF X:FF Y:EC P:84 S:E0 mem:002AFCD3 13:4130 tv:0.000001 A9: LDA imm
lcpuC PC:F130 (8D 40 FE) A:0B X:FF Y:EC P:04 S:E0 mem:002AFCD3 13:4128 tv:0.000000 8D: STA abs
here! 0x00000b 0x00f133 0xe6fa3010 0xcdde0ebc tv:0.000000 (cycle 4128  pc ~F130
writemem_ex! addr=FE40 val=0B
lcpuC PC:F133 (8A 60 49) A:0B X:FF Y:EC P:04 S:E0 mem:002AFCD3 13:4124 tv:0.000006 8A: TXA
lcpuC PC:F134 (60 49 8C) A:FF X:FF Y:EC P:84 S:E0 mem:002AFCD3 13:4122 tv:0.000001 60: RTS
lcpuC PC:F001 (30 09 A5) A:FF X:FF Y:EC P:84 S:E2 mem:002AFCD3 13:4116 tv:0.000001 30: BMI
lcpuC PC:F00C (4C DA EE) A:FF X:FF Y:EC P:84 S:E2 mem:002AFCD3 13:4113 tv:0.000001 4C: JMP
lcpuC PC:EEDA (A2 FF A5) A:FF X:FF Y:EC P:84 S:E2 mem:002AFCD3 13:4110 tv:0.000000 A2: LDX imm
lcpuC PC:EEDC (A5 EC 05) A:FF X:FF Y:EC P:84 S:E2 mem:002AFCD3 13:4108 tv:0.000000 A5: LDA zp
lcpuC PC:EEDE (05 ED D0) A:00 X:FF Y:EC P:06 S:E2 mem:002AFCD3 13:4105 tv:0.000001 05: ORA zp
lcpuC PC:EEE0 (D0 06 A9) A:00 X:FF Y:EC P:06 S:E2 mem:002AFCD3 13:4102 tv:0.000001 D0: BNE
lcpuC PC:EEE2 (A9 81 8D) A:00 X:FF Y:EC P:06 S:E2 mem:002AFCD3 13:4100 tv:0.000001 A9: LDA imm
lcpuC PC:EEE4 (8D 4E FE) A:81 X:FF Y:EC P:84 S:E2 mem:002AFCD3 13:4098 tv:0.000000 8D: STA abs
here! 0x000081 0x00eee7 0xe6fa3010 0xcdde0ebc tv:0.000000 (cycle 4098  pc ~EEE4
writemem_ex! addr=FE4E val=81
lcpuC PC:EEE7 (E8 8E 42) A:81 X:FF Y:EC P:84 S:E2 mem:002AFCD3 13:4094 tv:0.000006 E8: INX
lcpuC PC:EEE8 (8E 42 02) A:81 X:00 Y:EC P:06 S:E2 mem:002AFCD3 13:4092 tv:0.000001 8E: STX abs
lcpuC PC:EEEB (08 AD 5A) A:81 X:00 Y:EC P:06 S:E2 mem:002AFCD3 13:4088 tv:0.000000 08: PHP
lcpuC PC:EEEC (AD 5A 02) A:81 X:00 Y:EC P:06 S:E1 mem:002AFC19 13:4085 tv:0.000001 AD: LDA abs
lcpuC PC:EEEF (4A 29 18) A:20 X:00 Y:EC P:04 S:E1 mem:002AFC19 13:4081 tv:0.000001 4A: LSR A
lcpuC PC:EEF0 (29 18 09) A:10 X:00 Y:EC P:04 S:E1 mem:002AFC19 13:4079 tv:0.000001 29: AND
lcpuC PC:EEF2 (09 06 8D) A:10 X:00 Y:EC P:04 S:E1 mem:002AFC19 13:4076 tv:0.000001 09: ORA imm
lcpuC PC:EEF4 (8D 40 FE) A:16 X:00 Y:EC P:04 S:E1 mem:002AFC19 13:4074 tv:0.000000 8D: STA abs
here! 0x000016 0x00eef7 0xe6fa3010 0xcdde0ebc tv:0.000000 (cycle 4074  pc ~EEF4
writemem_ex! addr=FE40 val=16
lcpuC PC:EEF7 (4A 09 07) A:16 X:00 Y:EC P:04 S:E1 mem:002AFC19 13:4070 tv:0.000014 4A: LSR A
lcpuC PC:EEF8 (09 07 8D) A:0B X:00 Y:EC P:04 S:E1 mem:002AFC19 13:4068 tv:0.000001 09: ORA imm
lcpuC PC:EEFA (8D 40 FE) A:0F X:00 Y:EC P:04 S:E1 mem:002AFC19 13:4066 tv:0.000000 8D: STA abs
here! 0x00000f 0x00eefd 0xe6fa3010 0xcdde0ebc tv:0.000000 (cycle 4066  pc ~EEFA
writemem_ex! addr=FE40 val=0F
lcpuC PC:EEFD (20 2E F1) A:0F X:00 Y:EC P:04 S:E1 mem:002AFC19 13:4062 tv:0.000007 20: JSR
lcpuC PC:F12E (A9 0B 8D) A:0F X:00 Y:EC P:04 S:DF mem:002AFD15 13:4056 tv:0.000001 A9: LDA imm
lcpuC PC:F130 (8D 40 FE) A:0B X:00 Y:EC P:04 S:DF mem:002AFD15 13:4054 tv:0.000001 8D: STA abs
here! 0x00000b 0x00f133 0xe6fa3010 0xcdde0ebc tv:0.000001 (cycle 4054  pc ~F130
writemem_ex! addr=FE40 val=0B
lcpuC PC:F133 (8A 60 49) A:0B X:00 Y:EC P:04 S:DF mem:002AFD15 13:4050 tv:0.000008 8A: TXA
lcpuC PC:F134 (60 49 8C) A:00 X:00 Y:EC P:06 S:DF mem:002AFD15 13:4048 tv:0.000001 60: RTS
lcpuC PC:EF00 (68 60 50) A:00 X:00 Y:EC P:06 S:E1 mem:002AFD15 13:4042 tv:0.000001 68: PLA
lcpuC PC:EF01 (60 50 0A) A:36 X:00 Y:EC P:04 S:E2 mem:002AFD15 13:4038 tv:0.000001 60: RTS
lcpuC PC:DE3E (20 9B E1) A:36 X:00 Y:EC P:04 S:E4 mem:002AFD15 13:4032 tv:0.000000 20: JSR
lcpuC PC:E19B (2C D2 02) A:36 X:00 Y:EC P:04 S:E2 mem:002AFD18 13:4026 tv:0.000000 2C: BIT abs
lcpuC PC:E19E (30 FA A9) A:36 X:00 Y:EC P:C4 S:E2 mem:002AFD18 13:4022 tv:0.000000 30: BMI
lcpuC PC:E19A (60 2C D2) A:36 X:00 Y:EC P:C4 S:E2 mem:002AFD18 13:4019 tv:0.000000 60: RTS
lcpuC PC:DE41 (2C C0 FE) A:36 X:00 Y:EC P:C4 S:E4 mem:002AFD18 13:4013 tv:0.000001 2C: BIT abs
readmem_ex! addr=FEC0 val=4E
lcpuC PC:DE44 (70 04 60) A:36 X:00 Y:EC P:44 S:E4 mem:002AFD18 13:4009 tv:0.000004 70: BVS
lcpuC PC:DE4A (AE 4C 02) A:36 X:00 Y:EC P:44 S:E4 mem:002AFD18 13:4006 tv:0.000000 AE: LDX abs
lcpuC PC:DE4D (F0 1D AD) A:36 X:04 Y:EC P:44 S:E4 mem:002AFD18 13:4002 tv:0.000000 F0: BEQ
lcpuC PC:DE4F (AD C2 FE) A:36 X:04 Y:EC P:44 S:E4 mem:002AFD18 13:4000 tv:0.000000 AD: LDA abs
readmem_ex! addr=FEC2 val=00
lcpuC PC:DE52 (9D B5 02) A:00 X:04 Y:EC P:46 S:E4 mem:002AFD18 13:3996 tv:0.000004 9D: STA abs,x
lcpuC PC:DE55 (AD C1 FE) A:00 X:04 Y:EC P:46 S:E4 mem:002AFD18 13:3991 tv:0.000001 AD: LDA abs
readmem_ex! addr=FEC1 val=00
lcpuC PC:DE58 (9D B9 02) A:00 X:04 Y:EC P:46 S:E4 mem:002AFD18 13:3987 tv:0.000003 9D: STA abs,x
lcpuC PC:DE5B (8E BE 02) A:00 X:04 Y:EC P:46 S:E4 mem:002AFD18 13:3982 tv:0.000000 8E: STX abs
lcpuC PC:DE5E (A0 03 20) A:00 X:04 Y:EC P:46 S:E4 mem:002AFD1C 13:3978 tv:0.000001 A0: LDY imm
lcpuC PC:DE60 (20 94 E4) A:00 X:04 Y:03 P:44 S:E4 mem:002AFD1C 13:3976 tv:0.000001 20: JSR
lcpuC PC:E494 (08 78 48) A:00 X:04 Y:03 P:44 S:E2 mem:002AFD3E 13:3970 tv:0.000000 08: PHP
lcpuC PC:E495 (78 48 85) A:00 X:04 Y:03 P:44 S:E1 mem:002AFD7C 13:3967 tv:0.000000 78: SEI
lcpuC PC:E496 (48 85 FA) A:00 X:04 Y:03 P:44 S:E1 mem:002AFD7C 13:3965 tv:0.000000 48: PHA
lcpuC PC:E497 (85 FA B9) A:00 X:04 Y:03 P:44 S:E0 mem:002AFC8E 13:3962 tv:0.000001 85: STA zp
lcpuC PC:E499 (B9 BF 02) A:00 X:04 Y:03 P:44 S:E0 mem:002AFC76 13:3959 tv:0.000001 B9: LDA abs,y
lcpuC PC:E49C (F0 41 98) A:00 X:04 Y:03 P:46 S:E0 mem:002AFC76 13:3955 tv:0.000001 F0: BEQ
lcpuC PC:E4DF (68 28 38) A:00 X:04 Y:03 P:46 S:E0 mem:002AFC76 13:3952 tv:0.000001 68: PLA
lcpuC PC:E4E0 (28 38 60) A:00 X:04 Y:03 P:46 S:E1 mem:002AFC76 13:3948 tv:0.000001 28: PLP
lcpuC PC:E4E1 (38 60 48) A:00 X:04 Y:03 P:44 S:E2 mem:002AFC76 13:3944 tv:0.000001 38: SEC
lcpuC PC:E4E2 (60 48 29) A:00 X:04 Y:03 P:45 S:E2 mem:002AFC76 13:3942 tv:0.000000 60: RTS
lcpuC PC:DE63 (CA D0 03) A:00 X:04 Y:03 P:45 S:E4 mem:002AFC76 13:3936 tv:0.000001 CA: DEX
lcpuC PC:DE64 (D0 03 AE) A:00 X:03 Y:03 P:45 S:E4 mem:002AFC76 13:3934 tv:0.000001 D0: BNE
lcpuC PC:DE69 (20 8F DE) A:00 X:03 Y:03 P:45 S:E4 mem:002AFC76 13:3931 tv:0.000000 20: JSR
lcpuC PC:DE8F (E0 05 90) A:00 X:03 Y:03 P:45 S:E2 mem:002AFC7F 13:3925 tv:0.000001 E0: CPX imm
lcpuC PC:DE91 (90 02 A2) A:00 X:03 Y:03 P:C4 S:E2 mem:002AFC7F 13:3923 tv:0.000000 90: BCC
lcpuC PC:DE95 (8E 4C 02) A:00 X:03 Y:03 P:C4 S:E2 mem:002AFC7F 13:3920 tv:0.000001 8E: STX abs
lcpuC PC:DE98 (AC 4E 02) A:00 X:03 Y:03 P:C4 S:E2 mem:002AFC7E 13:3916 tv:0.000000 AC: LDY abs
lcpuC PC:DE9B (88 98 29) A:00 X:03 Y:00 P:46 S:E2 mem:002AFC7E 13:3912 tv:0.000000 88: DEY
lcpuC PC:DE9C (98 29 08) A:00 X:03 Y:FF P:C4 S:E2 mem:002AFC7E 13:3910 tv:0.000000 98: TYA
lcpuC PC:DE9D (29 08 18) A:FF X:03 Y:FF P:C4 S:E2 mem:002AFC7E 13:3908 tv:0.000001 29: AND
lcpuC PC:DE9F (18 6D 4C) A:08 X:03 Y:FF P:44 S:E2 mem:002AFC7E 13:3905 tv:0.000000 18: CLC
lcpuC PC:DEA0 (6D 4C 02) A:08 X:03 Y:FF P:44 S:E2 mem:002AFC7E 13:3903 tv:0.000001 6D: ADC abs
lcpuC PC:DEA3 (E9 00 8D) A:0B X:03 Y:FF P:04 S:E2 mem:002AFC7E 13:3899 tv:0.000000 E9: SBC imm
lcpuC PC:DEA5 (8D C0 FE) A:0A X:03 Y:FF P:05 S:E2 mem:002AFC7E 13:3897 tv:0.000000 8D: STA abs
here! 0x00000a 0x00dea8 0xe6fa3010 0xcdde0ebc tv:0.000000 (cycle 3897  pc ~DEA5
writemem_ex! addr=FEC0 val=0A
lcpuC PC:DEA8 (60 A9 C3) A:0A X:03 Y:FF P:05 S:E2 mem:002AFC7E 13:3893 tv:0.000006 60: RTS
lcpuC PC:DE6C (A9 10 8D) A:0A X:03 Y:FF P:05 S:E4 mem:002AFC7E 13:3887 tv:0.000000 A9: LDA imm
lcpuC PC:DE6E (8D 4D FE) A:10 X:03 Y:FF P:05 S:E4 mem:002AFC7E 13:3885 tv:0.000000 8D: STA abs
here! 0x000010 0x00de71 0xe6fa3010 0xcdde0ebc tv:0.000001 (cycle 3885  pc ~DE6E
writemem_ex! addr=FE4D val=10
lcpuC PC:DE71 (60 2A 2A) A:10 X:03 Y:FF P:05 S:E4 mem:002AFC7E 13:3881 tv:0.000007 60: RTS
lcpuC PC:DE82 (68 A8 68) A:10 X:03 Y:FF P:05 S:E6 mem:002AFC7E 13:3875 tv:0.000000 68: PLA
lcpuC PC:DE83 (A8 68 AA) A:EE X:03 Y:FF P:85 S:E7 mem:002AFC7E 13:3871 tv:0.000000 A8: TAY
lcpuC PC:DE84 (68 AA 68) A:EE X:03 Y:EE P:85 S:E7 mem:002AFC7E 13:3869 tv:0.000000 68: PLA
lcpuC PC:DE85 (AA 68 85) A:08 X:03 Y:EE P:05 S:E8 mem:002AFC7E 13:3865 tv:0.000001 AA: TAX
lcpuC PC:DE86 (68 85 FC) A:08 X:08 Y:EE P:05 S:E8 mem:002AFC7E 13:3863 tv:0.000000 68: PLA
lcpuC PC:DE87 (85 FC A5) A:08 X:08 Y:EE P:05 S:E9 mem:002AFC7E 13:3859 tv:0.000001 85: STA zp
lcpuC PC:DE89 (A5 FC 40) A:08 X:08 Y:EE P:05 S:E9 mem:002AFC82 13:3856 tv:0.000000 A5: LDA zp
lcpuC PC:DE8B (40 8C BE) A:08 X:08 Y:EE P:05 S:E9 mem:002AFC82 13:3853 tv:0.000001 40: RTI
lcpuC PC:F12E (A9 0B 8D) A:08 X:08 Y:EE P:45 S:EC mem:002AFC82 13:3847 tv:0.000001 A9: LDA imm
lcpuC PC:F130 (8D 40 FE) A:0B X:08 Y:EE P:45 S:EC mem:002AFC82 13:3845 tv:0.000001 8D: STA abs
here! 0x00000b 0x00f133 0xe6fa3010 0xcdde0ebc tv:0.000000 (cycle 3845  pc ~F130
writemem_ex! addr=FE40 val=0B
lcpuC PC:F133 (8A 60 49) A:0B X:08 Y:EE P:45 S:EC mem:002AFC82 13:3841 tv:0.000006 8A: TXA
lcpuC PC:F134 (60 49 8C) A:08 X:08 Y:EE P:45 S:EC mem:002AFC82 13:3839 tv:0.000001 60: RTS
lcpuC PC:F0E6 (A9 7F 8D) A:08 X:08 Y:EE P:45 S:EE mem:002AFC82 13:3833 tv:0.000001 A9: LDA imm
lcpuC PC:F0E8 (8D 43 FE) A:7F X:08 Y:EE P:45 S:EE mem:002AFC82 13:3831 tv:0.000001 8D: STA abs
here! 0x00007f 0x00f0eb 0xe6fa3010 0xcdde0ebc tv:0.000000 (cycle 3831  pc ~F0E8
writemem_ex! addr=FE43 val=7F
lcpuC PC:F0EB (A9 03 8D) A:7F X:08 Y:EE P:45 S:EE mem:002AFC82 13:3827 tv:0.000015 A9: LDA imm
lcpuC PC:F0ED (8D 40 FE) A:03 X:08 Y:EE P:45 S:EE mem:002AFC82 13:3825 tv:0.000001 8D: STA abs
here! 0x000003 0x00f0f0 0xe6fa3010 0xcdde0ebc tv:0.000000 (cycle 3825  pc ~F0ED
writemem_ex! addr=FE40 val=03
lcpuC PC:F0F0 (A9 0F 8D) A:03 X:08 Y:EE P:45 S:EE mem:002AFC82 13:3821 tv:0.000007 A9: LDA imm
lcpuC PC:F0F2 (8D 4F FE) A:0F X:08 Y:EE P:45 S:EE mem:002AFC82 13:3819 tv:0.000000 8D: STA abs
here! 0x00000f 0x00f0f5 0xe6fa3010 0xcdde0ebc tv:0.000000 (cycle 3819  pc ~F0F2
writing 0F(000F) to FE4F!writemem_ex! addr=FE4F val=0F
lcpuC PC:F0F5 (A9 01 8D) A:0F X:08 Y:EE P:45 S:EE mem:002AFC82 13:3815 tv:0.000046 A9: LDA imm
lcpuC PC:F0F7 (8D 4D FE) A:01 X:08 Y:EE P:45 S:EE mem:002AFC82 13:3813 tv:0.000000 8D: STA abs
here! 0x000001 0x00f0fa 0xe6fa3010 0xcdde0ebc tv:0.000001 (cycle 3813  pc ~F0F7
writemem_ex! addr=FE4D val=01
lcpuC PC:F0FA (8E 4F FE) A:01 X:08 Y:EE P:45 S:EE mem:002AFC82 13:3809 tv:0.000008 8E: STX abs
here! 0x000008 0x00f0fd 0xe6fa3010 0xcdde0ebc tv:0.000000 (cycle 3809  pc ~F0FA
writing 08(0008) to FE4F!writemem_ex! addr=FE4F val=08
lcpuC PC:F0FD (2C 4D FE) A:01 X:08 Y:EE P:45 S:EE mem:002AFC82 13:3805 tv:0.000035 2C: BIT abs
readmem_ex! addr=FE4D val=00
lcpuC PC:F100 (F0 21 8A) A:01 X:08 Y:EE P:07 S:EE mem:002AFC82 13:3801 tv:0.000004 F0: BEQ
lcpuC PC:F123 (CA 10 BD) A:01 X:08 Y:EE P:07 S:EE mem:002AFC82 13:3798 tv:0.000000 CA: DEX
lcpuC PC:F124 (10 BD 8A) A:01 X:07 Y:EE P:05 S:EE mem:002AFC82 13:3796 tv:0.000001 10: BPL
lcpuC PC:F0E3 (20 29 F1) A:01 X:07 Y:EE P:05 S:EE mem:002AFC82 13:3793 tv:0.000001 20: JSR
lcpuC PC:F129 (20 2E F1) A:01 X:07 Y:EE P:05 S:EC mem:002AFC82 13:3787 tv:0.000001 20: JSR
lcpuC PC:F12E (A9 0B 8D) A:01 X:07 Y:EE P:05 S:EA mem:002AFC7F 13:3781 tv:0.000001 A9: LDA imm
lcpuC PC:F130 (8D 40 FE) A:0B X:07 Y:EE P:05 S:EA mem:002AFC7F 13:3779 tv:0.000000 8D: STA abs
here! 0x00000b 0x00f133 0xe6fa3010 0xcdde0ebc tv:0.000001 (cycle 3779  pc ~F130
writemem_ex! addr=FE40 val=0B
lcpuC PC:F133 (8A 60 49) A:0B X:07 Y:EE P:05 S:EA mem:002AFC7F 13:3775 tv:0.000007 8A: TXA
lcpuC PC:F134 (60 49 8C) A:07 X:07 Y:EE P:05 S:EA mem:002AFC7F 13:3773 tv:0.000001 60: RTS
lcpuC PC:F12C (58 78 A9) A:07 X:07 Y:EE P:05 S:EC mem:002AFC7F 13:3767 tv:0.000001 58: CLI
lcpuC PC:F12D (78 A9 0B) A:07 X:07 Y:EE P:01 S:EC mem:002AFC7F 13:3765 tv:0.000000 78: SEI
lcpuC PC:F12E (A9 0B 8D) A:07 X:07 Y:EE P:05 S:EC mem:002AFC7F 13:3763 tv:0.000001 A9: LDA imm
lcpuC PC:F130 (8D 40 FE) A:0B X:07 Y:EE P:05 S:EC mem:002AFC7F 13:3761 tv:0.000000 8D: STA abs
here! 0x00000b 0x00f133 0xe6fa3010 0xcdde0ebc tv:0.000000 (cycle 3761  pc ~F130
writemem_ex! addr=FE40 val=0B
lcpuC PC:F133 (8A 60 49) A:0B X:07 Y:EE P:05 S:EC mem:002AFC7F 13:3757 tv:0.000007 8A: TXA
lcpuC PC:F134 (60 49 8C) A:07 X:07 Y:EE P:05 S:EC mem:002AFC7F 13:3755 tv:0.000001 60: RTS
lcpuC PC:F0E6 (A9 7F 8D) A:07 X:07 Y:EE P:05 S:EE mem:002AFC7F 13:3749 tv:0.000001 A9: LDA imm
lcpuC PC:F0E8 (8D 43 FE) A:7F X:07 Y:EE P:05 S:EE mem:002AFC7F 13:3747 tv:0.000000 8D: STA abs
here! 0x00007f 0x00f0eb 0xe6fa3010 0xcdde0ebc tv:0.000001 (cycle 3747  pc ~F0E8
writemem_ex! addr=FE43 val=7F
lcpuC PC:F0EB (A9 03 8D) A:7F X:07 Y:EE P:05 S:EE mem:002AFC7F 13:3743 tv:0.000007 A9: LDA imm
lcpuC PC:F0ED (8D 40 FE) A:03 X:07 Y:EE P:05 S:EE mem:002AFC7F 13:3741 tv:0.000000 8D: STA abs
here! 0x000003 0x00f0f0 0xe6fa3010 0xcdde0ebc tv:0.000000 (cycle 3741  pc ~F0ED
writemem_ex! addr=FE40 val=03
lcpuC PC:F0F0 (A9 0F 8D) A:03 X:07 Y:EE P:05 S:EE mem:002AFC7F 13:3737 tv:0.000007 A9: LDA imm
lcpuC PC:F0F2 (8D 4F FE) A:0F X:07 Y:EE P:05 S:EE mem:002AFC7F 13:3735 tv:0.000000 8D: STA abs
here! 0x00000f 0x00f0f5 0xe6fa3010 0xcdde0ebc tv:0.000000 (cycle 3735  pc ~F0F2
writing 0F(000F) to FE4F!writemem_ex! addr=FE4F val=0F
lcpuC PC:F0F5 (A9 01 8D) A:0F X:07 Y:EE P:05 S:EE mem:002AFC7F 13:3731 tv:0.000037 A9: LDA imm
lcpuC PC:F0F7 (8D 4D FE) A:01 X:07 Y:EE P:05 S:EE mem:002AFC7F 13:3729 tv:0.000000 8D: STA abs
here! 0x000001 0x00f0fa 0xe6fa3010 0xcdde0ebc tv:0.000000 (cycle 3729  pc ~F0F7
writemem_ex! addr=FE4D val=01
lcpuC PC:F0FA (8E 4F FE) A:01 X:07 Y:EE P:05 S:EE mem:002AFC7F 13:3725 tv:0.000006 8E: STX abs
here! 0x000007 0x00f0fd 0xe6fa3010 0xcdde0ebc tv:0.000000 (cycle 3725  pc ~F0FA
writing 07(0007) to FE4F!writemem_ex! addr=FE4F val=07
lcpuC PC:F0FD (2C 4D FE) A:01 X:07 Y:EE P:05 S:EE mem:002AFC7F 13:3721 tv:0.000034 2C: BIT abs
readmem_ex! addr=FE4D val=00
lcpuC PC:F100 (F0 21 8A) A:01 X:07 Y:EE P:07 S:EE mem:002AFC7F 13:3717 tv:0.000004 F0: BEQ
lcpuC PC:F123 (CA 10 BD) A:01 X:07 Y:EE P:07 S:EE mem:002AFC7F 13:3714 tv:0.000001 CA: DEX
lcpuC PC:F124 (10 BD 8A) A:01 X:06 Y:EE P:05 S:EE mem:002AFC7F 13:3712 tv:0.000001 10: BPL
lcpuC PC:F0E3 (20 29 F1) A:01 X:06 Y:EE P:05 S:EE mem:002AFC7F 13:3709 tv:0.000001 20: JSR
lcpuC PC:F129 (20 2E F1) A:01 X:06 Y:EE P:05 S:EC mem:002AFC7F 13:3703 tv:0.000001 20: JSR
lcpuC PC:F12E (A9 0B 8D) A:01 X:06 Y:EE P:05 S:EA mem:002AFC7F 13:3697 tv:0.000001 A9: LDA imm
lcpuC PC:F130 (8D 40 FE) A:0B X:06 Y:EE P:05 S:EA mem:002AFC7F 13:3695 tv:0.000001 8D: STA abs
here! 0x00000b 0x00f133 0xe6fa3010 0xcdde0ebc tv:0.000000 (cycle 3695  pc ~F130
writemem_ex! addr=FE40 val=0B
lcpuC PC:F133 (8A 60 49) A:0B X:06 Y:EE P:05 S:EA mem:002AFC7F 13:3691 tv:0.000007 8A: TXA
lcpuC PC:F134 (60 49 8C) A:06 X:06 Y:EE P:05 S:EA mem:002AFC7F 13:3689 tv:0.000000 60: RTS
lcpuC PC:F12C (58 78 A9) A:06 X:06 Y:EE P:05 S:EC mem:002AFC7F 13:3683 tv:0.000000 58: CLI
lcpuC PC:F12D (78 A9 0B) A:06 X:06 Y:EE P:01 S:EC mem:002AFC7F 13:3681 tv:0.000000 78: SEI
lcpuC PC:F12E (A9 0B 8D) A:06 X:06 Y:EE P:05 S:EC mem:002AFC7F 13:3679 tv:0.000001 A9: LDA imm
lcpuC PC:F130 (8D 40 FE) A:0B X:06 Y:EE P:05 S:EC mem:002AFC7F 13:3677 tv:0.000001 8D: STA abs
here! 0x00000b 0x00f133 0xe6fa3010 0xcdde0ebc tv:0.000000 (cycle 3677  pc ~F130
writemem_ex! addr=FE40 val=0B
lcpuC PC:F133 (8A 60 49) A:0B X:06 Y:EE P:05 S:EC mem:002AFC7F 13:3673 tv:0.000006 8A: TXA
lcpuC PC:F134 (60 49 8C) A:06 X:06 Y:EE P:05 S:EC mem:002AFC7F 13:3671 tv:0.000000 60: RTS
lcpuC PC:F0E6 (A9 7F 8D) A:06 X:06 Y:EE P:05 S:EE mem:002AFC7F 13:3665 tv:0.000000 A9: LDA imm
lcpuC PC:F0E8 (8D 43 FE) A:7F X:06 Y:EE P:05 S:EE mem:002AFC7F 13:3663 tv:0.000000 8D: STA abs
here! 0x00007f 0x00f0eb 0xe6fa3010 0xcdde0ebc tv:0.000000 (cycle 3663  pc ~F0E8
writemem_ex! addr=FE43 val=7F
lcpuC PC:F0EB (A9 03 8D) A:7F X:06 Y:EE P:05 S:EE mem:002AFC7F 13:3659 tv:0.000006 A9: LDA imm
lcpuC PC:F0ED (8D 40 FE) A:03 X:06 Y:EE P:05 S:EE mem:002AFC7F 13:3657 tv:0.000000 8D: STA abs
here! 0x000003 0x00f0f0 0xe6fa3010 0xcdde0ebc tv:0.000000 (cycle 3657  pc ~F0ED
writemem_ex! addr=FE40 val=03
lcpuC PC:F0F0 (A9 0F 8D) A:03 X:06 Y:EE P:05 S:EE mem:002AFC7F 13:3653 tv:0.000006 A9: LDA imm
lcpuC PC:F0F2 (8D 4F FE) A:0F X:06 Y:EE P:05 S:EE mem:002AFC7F 13:3651 tv:0.000000 8D: STA abs
here! 0x00000f 0x00f0f5 0xe6fa3010 0xcdde0ebc tv:0.000000 (cycle 3651  pc ~F0F2
writing 0F(000F) to FE4F!writemem_ex! addr=FE4F val=0F
lcpuC PC:F0F5 (A9 01 8D) A:0F X:06 Y:EE P:05 S:EE mem:002AFC7F 13:3647 tv:0.000036 A9: LDA imm
lcpuC PC:F0F7 (8D 4D FE) A:01 X:06 Y:EE P:05 S:EE mem:002AFC7F 13:3645 tv:0.000001 8D: STA abs
here! 0x000001 0x00f0fa 0xe6fa3010 0xcdde0ebc tv:0.000000 (cycle 3645  pc ~F0F7
writemem_ex! addr=FE4D val=01
lcpuC PC:F0FA (8E 4F FE) A:01 X:06 Y:EE P:05 S:EE mem:002AFC7F 13:3641 tv:0.000006 8E: STX abs
here! 0x000006 0x00f0fd 0xe6fa3010 0xcdde0ebc tv:0.000001 (cycle 3641  pc ~F0FA
writing 06(0006) to FE4F!writemem_ex! addr=FE4F val=06
lcpuC PC:F0FD (2C 4D FE) A:01 X:06 Y:EE P:05 S:EE mem:002AFC7F 13:3637 tv:0.000033 2C: BIT abs
readmem_ex! addr=FE4D val=00
lcpuC PC:F100 (F0 21 8A) A:01 X:06 Y:EE P:07 S:EE mem:002AFC7F 13:3633 tv:0.000003 F0: BEQ
lcpuC PC:F123 (CA 10 BD) A:01 X:06 Y:EE P:07 S:EE mem:002AFC7F 13:3630 tv:0.000001 CA: DEX
lcpuC PC:F124 (10 BD 8A) A:01 X:05 Y:EE P:05 S:EE mem:002AFC7F 13:3628 tv:0.000001 10: BPL
lcpuC PC:F0E3 (20 29 F1) A:01 X:05 Y:EE P:05 S:EE mem:002AFC7F 13:3625 tv:0.000000 20: JSR
lcpuC PC:F129 (20 2E F1) A:01 X:05 Y:EE P:05 S:EC mem:002AFC7F 13:3619 tv:0.000001 20: JSR
lcpuC PC:F12E (A9 0B 8D) A:01 X:05 Y:EE P:05 S:EA mem:002AFC7F 13:3613 tv:0.000002 A9: LDA imm
lcpuC PC:F130 (8D 40 FE) A:0B X:05 Y:EE P:05 S:EA mem:002AFC7F 13:3611 tv:0.000000 8D: STA abs
here! 0x00000b 0x00f133 0xe6fa3010 0xcdde0ebc tv:0.000000 (cycle 3611  pc ~F130
writemem_ex! addr=FE40 val=0B
lcpuC PC:F133 (8A 60 49) A:0B X:05 Y:EE P:05 S:EA mem:002AFC7F 13:3607 tv:0.000007 8A: TXA
lcpuC PC:F134 (60 49 8C) A:05 X:05 Y:EE P:05 S:EA mem:002AFC7F 13:3605 tv:0.000000 60: RTS
lcpuC PC:F12C (58 78 A9) A:05 X:05 Y:EE P:05 S:EC mem:002AFC7F 13:3599 tv:0.000001 58: CLI
lcpuC PC:F12D (78 A9 0B) A:05 X:05 Y:EE P:01 S:EC mem:002AFC7F 13:3597 tv:0.000000 78: SEI
lcpuC PC:F12E (A9 0B 8D) A:05 X:05 Y:EE P:05 S:EC mem:002AFC7F 13:3595 tv:0.000001 A9: LDA imm
lcpuC PC:F130 (8D 40 FE) A:0B X:05 Y:EE P:05 S:EC mem:002AFC7F 13:3593 tv:0.000000 8D: STA abs
here! 0x00000b 0x00f133 0xe6fa3010 0xcdde0ebc tv:0.000000 (cycle 3593  pc ~F130
writemem_ex! addr=FE40 val=0B
lcpuC PC:F133 (8A 60 49) A:0B X:05 Y:EE P:05 S:EC mem:002AFC7F 13:3589 tv:0.000006 8A: TXA
lcpuC PC:F134 (60 49 8C) A:05 X:05 Y:EE P:05 S:EC mem:002AFC7F 13:3587 tv:0.000001 60: RTS
lcpuC PC:F0E6 (A9 7F 8D) A:05 X:05 Y:EE P:05 S:EE mem:002AFC7F 13:3581 tv:0.000001 A9: LDA imm
lcpuC PC:F0E8 (8D 43 FE) A:7F X:05 Y:EE P:05 S:EE mem:002AFC7F 13:3579 tv:0.000000 8D: STA abs
here! 0x00007f 0x00f0eb 0xe6fa3010 0xcdde0ebc tv:0.000000 (cycle 3579  pc ~F0E8
writemem_ex! addr=FE43 val=7F
lcpuC PC:F0EB (A9 03 8D) A:7F X:05 Y:EE P:05 S:EE mem:002AFC7F 13:3575 tv:0.000006 A9: LDA imm
lcpuC PC:F0ED (8D 40 FE) A:03 X:05 Y:EE P:05 S:EE mem:002AFC7F 13:3573 tv:0.000000 8D: STA abs
here! 0x000003 0x00f0f0 0xe6fa3010 0xcdde0ebc tv:0.000000 (cycle 3573  pc ~F0ED
writemem_ex! addr=FE40 val=03
lcpuC PC:F0F0 (A9 0F 8D) A:03 X:05 Y:EE P:05 S:EE mem:002AFC7F 13:3569 tv:0.000007 A9: LDA imm
lcpuC PC:F0F2 (8D 4F FE) A:0F X:05 Y:EE P:05 S:EE mem:002AFC7F 13:3567 tv:0.000000 8D: STA abs
here! 0x00000f 0x00f0f5 0xe6fa3010 0xcdde0ebc tv:0.000000 (cycle 3567  pc ~F0F2
writing 0F(000F) to FE4F!writemem_ex! addr=FE4F val=0F
lcpuC PC:F0F5 (A9 01 8D) A:0F X:05 Y:EE P:05 S:EE mem:002AFC7F 13:3563 tv:0.000037 A9: LDA imm
lcpuC PC:F0F7 (8D 4D FE) A:01 X:05 Y:EE P:05 S:EE mem:002AFC7F 13:3561 tv:0.000000 8D: STA abs
here! 0x000001 0x00f0fa 0xe6fa3010 0xcdde0ebc tv:0.000001 (cycle 3561  pc ~F0F7
writemem_ex! addr=FE4D val=01
lcpuC PC:F0FA (8E 4F FE) A:01 X:05 Y:EE P:05 S:EE mem:002AFC7F 13:3557 tv:0.000007 8E: STX abs
here! 0x000005 0x00f0fd 0xe6fa3010 0xcdde0ebc tv:0.000000 (cycle 3557  pc ~F0FA
writing 05(0005) to FE4F!writemem_ex! addr=FE4F val=05
lcpuC PC:F0FD (2C 4D FE) A:01 X:05 Y:EE P:05 S:EE mem:002AFC7F 13:3553 tv:0.000032 2C: BIT abs
readmem_ex! addr=FE4D val=00
lcpuC PC:F100 (F0 21 8A) A:01 X:05 Y:EE P:07 S:EE mem:002AFC7F 13:3549 tv:0.000004 F0: BEQ
lcpuC PC:F123 (CA 10 BD) A:01 X:05 Y:EE P:07 S:EE mem:002AFC7F 13:3546 tv:0.000001 CA: DEX
lcpuC PC:F124 (10 BD 8A) A:01 X:04 Y:EE P:05 S:EE mem:002AFC7F 13:3544 tv:0.000001 10: BPL
lcpuC PC:F0E3 (20 29 F1) A:01 X:04 Y:EE P:05 S:EE mem:002AFC7F 13:3541 tv:0.000000 20: JSR
lcpuC PC:F129 (20 2E F1) A:01 X:04 Y:EE P:05 S:EC mem:002AFC7F 13:3535 tv:0.000000 20: JSR
lcpuC PC:F12E (A9 0B 8D) A:01 X:04 Y:EE P:05 S:EA mem:002AFC7F 13:3529 tv:0.000002 A9: LDA imm
lcpuC PC:F130 (8D 40 FE) A:0B X:04 Y:EE P:05 S:EA mem:002AFC7F 13:3527 tv:0.000001 8D: STA abs
here! 0x00000b 0x00f133 0xe6fa3010 0xcdde0ebc tv:0.000001 (cycle 3527  pc ~F130
writemem_ex! addr=FE40 val=0B
lcpuC PC:F133 (8A 60 49) A:0B X:04 Y:EE P:05 S:EA mem:002AFC7F 13:3523 tv:0.000007 8A: TXA
lcpuC PC:F134 (60 49 8C) A:04 X:04 Y:EE P:05 S:EA mem:002AFC7F 13:3521 tv:0.000000 60: RTS
lcpuC PC:F12C (58 78 A9) A:04 X:04 Y:EE P:05 S:EC mem:002AFC7F 13:3515 tv:0.000001 58: CLI
lcpuC PC:F12D (78 A9 0B) A:04 X:04 Y:EE P:01 S:EC mem:002AFC7F 13:3513 tv:0.000001 78: SEI
lcpuC PC:F12E (A9 0B 8D) A:04 X:04 Y:EE P:05 S:EC mem:002AFC7F 13:3511 tv:0.000001 A9: LDA imm
lcpuC PC:F130 (8D 40 FE) A:0B X:04 Y:EE P:05 S:EC mem:002AFC7F 13:3509 tv:0.000001 8D: STA abs
here! 0x00000b 0x00f133 0xe6fa3010 0xcdde0ebc tv:0.000000 (cycle 3509  pc ~F130
writemem_ex! addr=FE40 val=0B
lcpuC PC:F133 (8A 60 49) A:0B X:04 Y:EE P:05 S:EC mem:002AFC7F 13:3505 tv:0.000007 8A: TXA
lcpuC PC:F134 (60 49 8C) A:04 X:04 Y:EE P:05 S:EC mem:002AFC7F 13:3503 tv:0.000000 60: RTS
lcpuC PC:F0E6 (A9 7F 8D) A:04 X:04 Y:EE P:05 S:EE mem:002AFC7F 13:3497 tv:0.000001 A9: LDA imm
lcpuC PC:F0E8 (8D 43 FE) A:7F X:04 Y:EE P:05 S:EE mem:002AFC7F 13:3495 tv:0.000001 8D: STA abs
here! 0x00007f 0x00f0eb 0xe6fa3010 0xcdde0ebc tv:0.000000 (cycle 3495  pc ~F0E8
writemem_ex! addr=FE43 val=7F
lcpuC PC:F0EB (A9 03 8D) A:7F X:04 Y:EE P:05 S:EE mem:002AFC7F 13:3491 tv:0.000007 A9: LDA imm
lcpuC PC:F0ED (8D 40 FE) A:03 X:04 Y:EE P:05 S:EE mem:002AFC7F 13:3489 tv:0.000000 8D: STA abs
here! 0x000003 0x00f0f0 0xe6fa3010 0xcdde0ebc tv:0.000000 (cycle 3489  pc ~F0ED
writemem_ex! addr=FE40 val=03
lcpuC PC:F0F0 (A9 0F 8D) A:03 X:04 Y:EE P:05 S:EE mem:002AFC7F 13:3485 tv:0.000007 A9: LDA imm
lcpuC PC:F0F2 (8D 4F FE) A:0F X:04 Y:EE P:05 S:EE mem:002AFC7F 13:3483 tv:0.000001 8D: STA abs
here! 0x00000f 0x00f0f5 0xe6fa3010 0xcdde0ebc tv:0.000000 (cycle 3483  pc ~F0F2
writing 0F(000F) to FE4F!writemem_ex! addr=FE4F val=0F
lcpuC PC:F0F5 (A9 01 8D) A:0F X:04 Y:EE P:05 S:EE mem:002AFC7F 13:3479 tv:0.000036 A9: LDA imm
lcpuC PC:F0F7 (8D 4D FE) A:01 X:04 Y:EE P:05 S:EE mem:002AFC7F 13:3477 tv:0.000000 8D: STA abs
here! 0x000001 0x00f0fa 0xe6fa3010 0xcdde0ebc tv:0.000000 (cycle 3477  pc ~F0F7
writemem_ex! addr=FE4D val=01
lcpuC PC:F0FA (8E 4F FE) A:01 X:04 Y:EE P:05 S:EE mem:002AFC7F 13:3473 tv:0.000006 8E: STX abs
here! 0x000004 0x00f0fd 0xe6fa3010 0xcdde0ebc tv:0.000000 (cycle 3473  pc ~F0FA
writing 04(0004) to FE4F!writemem_ex! addr=FE4F val=04
lcpuC PC:F0FD (2C 4D FE) A:01 X:04 Y:EE P:05 S:EE mem:002AFC7F 13:3469 tv:0.000031 2C: BIT abs
readmem_ex! addr=FE4D val=00
lcpuC PC:F100 (F0 21 8A) A:01 X:04 Y:EE P:07 S:EE mem:002AFC7F 13:3465 tv:0.000008 F0: BEQ
lcpuC PC:F123 (CA 10 BD) A:01 X:04 Y:EE P:07 S:EE mem:002AFC7F 13:3462 tv:0.000002 CA: DEX
lcpuC PC:F124 (10 BD 8A) A:01 X:03 Y:EE P:05 S:EE mem:002AFC7F 13:3460 tv:0.000001 10: BPL
lcpuC PC:F0E3 (20 29 F1) A:01 X:03 Y:EE P:05 S:EE mem:002AFC7F 13:3457 tv:0.000001 20: JSR
lcpuC PC:F129 (20 2E F1) A:01 X:03 Y:EE P:05 S:EC mem:002AFC7F 13:3451 tv:0.000002 20: JSR
lcpuC PC:F12E (A9 0B 8D) A:01 X:03 Y:EE P:05 S:EA mem:002AFC7F 13:3445 tv:0.000002 A9: LDA imm
lcpuC PC:F130 (8D 40 FE) A:0B X:03 Y:EE P:05 S:EA mem:002AFC7F 13:3443 tv:0.000000 8D: STA abs
here! 0x00000b 0x00f133 0xe6fa3010 0xcdde0ebc tv:0.000001 (cycle 3443  pc ~F130
writemem_ex! addr=FE40 val=0B
lcpuC PC:F133 (8A 60 49) A:0B X:03 Y:EE P:05 S:EA mem:002AFC7F 13:3439 tv:0.000008 8A: TXA
lcpuC PC:F134 (60 49 8C) A:03 X:03 Y:EE P:05 S:EA mem:002AFC7F 13:3437 tv:0.000000 60: RTS
lcpuC PC:F12C (58 78 A9) A:03 X:03 Y:EE P:05 S:EC mem:002AFC7F 13:3431 tv:0.000000 58: CLI
lcpuC PC:F12D (78 A9 0B) A:03 X:03 Y:EE P:01 S:EC mem:002AFC7F 13:3429 tv:0.000001 78: SEI
lcpuC PC:F12E (A9 0B 8D) A:03 X:03 Y:EE P:05 S:EC mem:002AFC7F 13:3427 tv:0.000001 A9: LDA imm
lcpuC PC:F130 (8D 40 FE) A:0B X:03 Y:EE P:05 S:EC mem:002AFC7F 13:3425 tv:0.000001 8D: STA abs
here! 0x00000b 0x00f133 0xe6fa3010 0xcdde0ebc tv:0.000000 (cycle 3425  pc ~F130
writemem_ex! addr=FE40 val=0B
lcpuC PC:F133 (8A 60 49) A:0B X:03 Y:EE P:05 S:EC mem:002AFC7F 13:3421 tv:0.000007 8A: TXA
lcpuC PC:F134 (60 49 8C) A:03 X:03 Y:EE P:05 S:EC mem:002AFC7F 13:3419 tv:0.000000 60: RTS
lcpuC PC:F0E6 (A9 7F 8D) A:03 X:03 Y:EE P:05 S:EE mem:002AFC7F 13:3413 tv:0.000000 A9: LDA imm
lcpuC PC:F0E8 (8D 43 FE) A:7F X:03 Y:EE P:05 S:EE mem:002AFC7F 13:3411 tv:0.000001 8D: STA abs
here! 0x00007f 0x00f0eb 0xe6fa3010 0xcdde0ebc tv:0.000000 (cycle 3411  pc ~F0E8
writemem_ex! addr=FE43 val=7F
lcpuC PC:F0EB (A9 03 8D) A:7F X:03 Y:EE P:05 S:EE mem:002AFC7F 13:3407 tv:0.000006 A9: LDA imm
lcpuC PC:F0ED (8D 40 FE) A:03 X:03 Y:EE P:05 S:EE mem:002AFC7F 13:3405 tv:0.000000 8D: STA abs
here! 0x000003 0x00f0f0 0xe6fa3010 0xcdde0ebc tv:0.000000 (cycle 3405  pc ~F0ED
writemem_ex! addr=FE40 val=03
lcpuC PC:F0F0 (A9 0F 8D) A:03 X:03 Y:EE P:05 S:EE mem:002AFC7F 13:3401 tv:0.000007 A9: LDA imm
lcpuC PC:F0F2 (8D 4F FE) A:0F X:03 Y:EE P:05 S:EE mem:002AFC7F 13:3399 tv:0.000001 8D: STA abs
here! 0x00000f 0x00f0f5 0xe6fa3010 0xcdde0ebc tv:0.000000 (cycle 3399  pc ~F0F2
writing 0F(000F) to FE4F!writemem_ex! addr=FE4F val=0F
lcpuC PC:F0F5 (A9 01 8D) A:0F X:03 Y:EE P:05 S:EE mem:002AFC7F 13:3395 tv:0.000047 A9: LDA imm
lcpuC PC:F0F7 (8D 4D FE) A:01 X:03 Y:EE P:05 S:EE mem:002AFC7F 13:3393 tv:0.000000 8D: STA abs
here! 0x000001 0x00f0fa 0xe6fa3010 0xcdde0ebc tv:0.000000 (cycle 3393  pc ~F0F7
writemem_ex! addr=FE4D val=01
lcpuC PC:F0FA (8E 4F FE) A:01 X:03 Y:EE P:05 S:EE mem:002AFC7F 13:3389 tv:0.000006 8E: STX abs
here! 0x000003 0x00f0fd 0xe6fa3010 0xcdde0ebc tv:0.000000 (cycle 3389  pc ~F0FA
writing 03(0003) to FE4F!writemem_ex! addr=FE4F val=03
lcpuC PC:F0FD (2C 4D FE) A:01 X:03 Y:EE P:05 S:EE mem:002AFC7F 13:3385 tv:0.000032 2C: BIT abs
readmem_ex! addr=FE4D val=00
lcpuC PC:F100 (F0 21 8A) A:01 X:03 Y:EE P:07 S:EE mem:002AFC7F 13:3381 tv:0.000004 F0: BEQ
lcpuC PC:F123 (CA 10 BD) A:01 X:03 Y:EE P:07 S:EE mem:002AFC7F 13:3378 tv:0.000002 CA: DEX
lcpuC PC:F124 (10 BD 8A) A:01 X:02 Y:EE P:05 S:EE mem:002AFC7F 13:3376 tv:0.000001 10: BPL
lcpuC PC:F0E3 (20 29 F1) A:01 X:02 Y:EE P:05 S:EE mem:002AFC7F 13:3373 tv:0.000000 20: JSR
lcpuC PC:F129 (20 2E F1) A:01 X:02 Y:EE P:05 S:EC mem:002AFC7F 13:3367 tv:0.000000 20: JSR
lcpuC PC:F12E (A9 0B 8D) A:01 X:02 Y:EE P:05 S:EA mem:002AFC7F 13:3361 tv:0.000001 A9: LDA imm
lcpuC PC:F130 (8D 40 FE) A:0B X:02 Y:EE P:05 S:EA mem:002AFC7F 13:3359 tv:0.000001 8D: STA abs
here! 0x00000b 0x00f133 0xe6fa3010 0xcdde0ebc tv:0.000000 (cycle 3359  pc ~F130
writemem_ex! addr=FE40 val=0B
lcpuC PC:F133 (8A 60 49) A:0B X:02 Y:EE P:05 S:EA mem:002AFC7F 13:3355 tv:0.000007 8A: TXA
lcpuC PC:F134 (60 49 8C) A:02 X:02 Y:EE P:05 S:EA mem:002AFC7F 13:3353 tv:0.000000 60: RTS
lcpuC PC:F12C (58 78 A9) A:02 X:02 Y:EE P:05 S:EC mem:002AFC7F 13:3347 tv:0.000000 58: CLI
lcpuC PC:F12D (78 A9 0B) A:02 X:02 Y:EE P:01 S:EC mem:002AFC7F 13:3345 tv:0.000000 78: SEI
lcpuC PC:F12E (A9 0B 8D) A:02 X:02 Y:EE P:05 S:EC mem:002AFC7F 13:3343 tv:0.000001 A9: LDA imm
lcpuC PC:F130 (8D 40 FE) A:0B X:02 Y:EE P:05 S:EC mem:002AFC7F 13:3341 tv:0.000000 8D: STA abs
here! 0x00000b 0x00f133 0xe6fa3010 0xcdde0ebc tv:0.000000 (cycle 3341  pc ~F130
writemem_ex! addr=FE40 val=0B
lcpuC PC:F133 (8A 60 49) A:0B X:02 Y:EE P:05 S:EC mem:002AFC7F 13:3337 tv:0.000007 8A: TXA
lcpuC PC:F134 (60 49 8C) A:02 X:02 Y:EE P:05 S:EC mem:002AFC7F 13:3335 tv:0.000001 60: RTS
lcpuC PC:F0E6 (A9 7F 8D) A:02 X:02 Y:EE P:05 S:EE mem:002AFC7F 13:3329 tv:0.000000 A9: LDA imm
lcpuC PC:F0E8 (8D 43 FE) A:7F X:02 Y:EE P:05 S:EE mem:002AFC7F 13:3327 tv:0.000000 8D: STA abs
here! 0x00007f 0x00f0eb 0xe6fa3010 0xcdde0ebc tv:0.000001 (cycle 3327  pc ~F0E8
writemem_ex! addr=FE43 val=7F
lcpuC PC:F0EB (A9 03 8D) A:7F X:02 Y:EE P:05 S:EE mem:002AFC7F 13:3323 tv:0.000007 A9: LDA imm
lcpuC PC:F0ED (8D 40 FE) A:03 X:02 Y:EE P:05 S:EE mem:002AFC7F 13:3321 tv:0.000001 8D: STA abs
here! 0x000003 0x00f0f0 0xe6fa3010 0xcdde0ebc tv:0.000000 (cycle 3321  pc ~F0ED
writemem_ex! addr=FE40 val=03
lcpuC PC:F0F0 (A9 0F 8D) A:03 X:02 Y:EE P:05 S:EE mem:002AFC7F 13:3317 tv:0.000007 A9: LDA imm
lcpuC PC:F0F2 (8D 4F FE) A:0F X:02 Y:EE P:05 S:EE mem:002AFC7F 13:3315 tv:0.000001 8D: STA abs
here! 0x00000f 0x00f0f5 0xe6fa3010 0xcdde0ebc tv:0.000000 (cycle 3315  pc ~F0F2
writing 0F(000F) to FE4F!writemem_ex! addr=FE4F val=0F
lcpuC PC:F0F5 (A9 01 8D) A:0F X:02 Y:EE P:05 S:EE mem:002AFC7F 13:3311 tv:0.000044 A9: LDA imm
lcpuC PC:F0F7 (8D 4D FE) A:01 X:02 Y:EE P:05 S:EE mem:002AFC7F 13:3309 tv:0.000000 8D: STA abs
here! 0x000001 0x00f0fa 0xe6fa3010 0xcdde0ebc tv:0.000000 (cycle 3309  pc ~F0F7
writemem_ex! addr=FE4D val=01
lcpuC PC:F0FA (8E 4F FE) A:01 X:02 Y:EE P:05 S:EE mem:002AFC7F 13:3305 tv:0.000007 8E: STX abs
here! 0x000002 0x00f0fd 0xe6fa3010 0xcdde0ebc tv:0.000000 (cycle 3305  pc ~F0FA
writing 02(0002) to FE4F!writemem_ex! addr=FE4F val=02
lcpuC PC:F0FD (2C 4D FE) A:01 X:02 Y:EE P:05 S:EE mem:002AFC7F 13:3301 tv:0.000035 2C: BIT abs
readmem_ex! addr=FE4D val=00
lcpuC PC:F100 (F0 21 8A) A:01 X:02 Y:EE P:07 S:EE mem:002AFC7F 13:3297 tv:0.000005 F0: BEQ
lcpuC PC:F123 (CA 10 BD) A:01 X:02 Y:EE P:07 S:EE mem:002AFC7F 13:3294 tv:0.000000 CA: DEX
lcpuC PC:F124 (10 BD 8A) A:01 X:01 Y:EE P:05 S:EE mem:002AFC7F 13:3292 tv:0.000002 10: BPL
lcpuC PC:F0E3 (20 29 F1) A:01 X:01 Y:EE P:05 S:EE mem:002AFC7F 13:3289 tv:0.000001 20: JSR
lcpuC PC:F129 (20 2E F1) A:01 X:01 Y:EE P:05 S:EC mem:002AFC7F 13:3283 tv:0.000001 20: JSR
lcpuC PC:F12E (A9 0B 8D) A:01 X:01 Y:EE P:05 S:EA mem:002AFC7F 13:3277 tv:0.000000 A9: LDA imm
lcpuC PC:F130 (8D 40 FE) A:0B X:01 Y:EE P:05 S:EA mem:002AFC7F 13:3275 tv:0.000001 8D: STA abs
here! 0x00000b 0x00f133 0xe6fa3010 0xcdde0ebc tv:0.000000 (cycle 3275  pc ~F130
writemem_ex! addr=FE40 val=0B
lcpuC PC:F133 (8A 60 49) A:0B X:01 Y:EE P:05 S:EA mem:002AFC7F 13:3271 tv:0.000007 8A: TXA
lcpuC PC:F134 (60 49 8C) A:01 X:01 Y:EE P:05 S:EA mem:002AFC7F 13:3269 tv:0.000000 60: RTS
lcpuC PC:F12C (58 78 A9) A:01 X:01 Y:EE P:05 S:EC mem:002AFC7F 13:3263 tv:0.000000 58: CLI
lcpuC PC:F12D (78 A9 0B) A:01 X:01 Y:EE P:01 S:EC mem:002AFC7F 13:3261 tv:0.000001 78: SEI
lcpuC PC:F12E (A9 0B 8D) A:01 X:01 Y:EE P:05 S:EC mem:002AFC7F 13:3259 tv:0.000001 A9: LDA imm
lcpuC PC:F130 (8D 40 FE) A:0B X:01 Y:EE P:05 S:EC mem:002AFC7F 13:3257 tv:0.000000 8D: STA abs
here! 0x00000b 0x00f133 0xe6fa3010 0xcdde0ebc tv:0.000000 (cycle 3257  pc ~F130
writemem_ex! addr=FE40 val=0B
lcpuC PC:F133 (8A 60 49) A:0B X:01 Y:EE P:05 S:EC mem:002AFC7F 13:3253 tv:0.000006 8A: TXA
lcpuC PC:F134 (60 49 8C) A:01 X:01 Y:EE P:05 S:EC mem:002AFC7F 13:3251 tv:0.000001 60: RTS
lcpuC PC:F0E6 (A9 7F 8D) A:01 X:01 Y:EE P:05 S:EE mem:002AFC7F 13:3245 tv:0.000001 A9: LDA imm
lcpuC PC:F0E8 (8D 43 FE) A:7F X:01 Y:EE P:05 S:EE mem:002AFC7F 13:3243 tv:0.000000 8D: STA abs
here! 0x00007f 0x00f0eb 0xe6fa3010 0xcdde0ebc tv:0.000000 (cycle 3243  pc ~F0E8
writemem_ex! addr=FE43 val=7F
lcpuC PC:F0EB (A9 03 8D) A:7F X:01 Y:EE P:05 S:EE mem:002AFC7F 13:3239 tv:0.000006 A9: LDA imm
lcpuC PC:F0ED (8D 40 FE) A:03 X:01 Y:EE P:05 S:EE mem:002AFC7F 13:3237 tv:0.000000 8D: STA abs
here! 0x000003 0x00f0f0 0xe6fa3010 0xcdde0ebc tv:0.000000 (cycle 3237  pc ~F0ED
writemem_ex! addr=FE40 val=03
lcpuC PC:F0F0 (A9 0F 8D) A:03 X:01 Y:EE P:05 S:EE mem:002AFC7F 13:3233 tv:0.000007 A9: LDA imm
lcpuC PC:F0F2 (8D 4F FE) A:0F X:01 Y:EE P:05 S:EE mem:002AFC7F 13:3231 tv:0.000001 8D: STA abs
here! 0x00000f 0x00f0f5 0xe6fa3010 0xcdde0ebc tv:0.000000 (cycle 3231  pc ~F0F2
writing 0F(000F) to FE4F!writemem_ex! addr=FE4F val=0F
lcpuC PC:F0F5 (A9 01 8D) A:0F X:01 Y:EE P:05 S:EE mem:002AFC7F 13:3227 tv:0.000042 A9: LDA imm
lcpuC PC:F0F7 (8D 4D FE) A:01 X:01 Y:EE P:05 S:EE mem:002AFC7F 13:3225 tv:0.000001 8D: STA abs
here! 0x000001 0x00f0fa 0xe6fa3010 0xcdde0ebc tv:0.000000 (cycle 3225  pc ~F0F7
writemem_ex! addr=FE4D val=01
lcpuC PC:F0FA (8E 4F FE) A:01 X:01 Y:EE P:05 S:EE mem:002AFC7F 13:3221 tv:0.000007 8E: STX abs
here! 0x000001 0x00f0fd 0xe6fa3010 0xcdde0ebc tv:0.000000 (cycle 3221  pc ~F0FA
writing 01(0001) to FE4F!writemem_ex! addr=FE4F val=01
lcpuC PC:F0FD (2C 4D FE) A:01 X:01 Y:EE P:05 S:EE mem:002AFC7F 13:3217 tv:0.000033 2C: BIT abs
readmem_ex! addr=FE4D val=00
lcpuC PC:F100 (F0 21 8A) A:01 X:01 Y:EE P:07 S:EE mem:002AFC7F 13:3213 tv:0.000004 F0: BEQ
lcpuC PC:F123 (CA 10 BD) A:01 X:01 Y:EE P:07 S:EE mem:002AFC7F 13:3210 tv:0.000001 CA: DEX
lcpuC PC:F124 (10 BD 8A) A:01 X:00 Y:EE P:07 S:EE mem:002AFC7F 13:3208 tv:0.000001 10: BPL
lcpuC PC:F0E3 (20 29 F1) A:01 X:00 Y:EE P:07 S:EE mem:002AFC7F 13:3205 tv:0.000001 20: JSR
lcpuC PC:F129 (20 2E F1) A:01 X:00 Y:EE P:07 S:EC mem:002AFC7F 13:3199 tv:0.000001 20: JSR
lcpuC PC:F12E (A9 0B 8D) A:01 X:00 Y:EE P:07 S:EA mem:002AFC7F 13:3193 tv:0.000001 A9: LDA imm
lcpuC PC:F130 (8D 40 FE) A:0B X:00 Y:EE P:05 S:EA mem:002AFC7F 13:3191 tv:0.000001 8D: STA abs
here! 0x00000b 0x00f133 0xe6fa3010 0xcdde0ebc tv:0.000001 (cycle 3191  pc ~F130
writemem_ex! addr=FE40 val=0B
lcpuC PC:F133 (8A 60 49) A:0B X:00 Y:EE P:05 S:EA mem:002AFC7F 13:3187 tv:0.000007 8A: TXA
lcpuC PC:F134 (60 49 8C) A:00 X:00 Y:EE P:07 S:EA mem:002AFC7F 13:3185 tv:0.000000 60: RTS
lcpuC PC:F12C (58 78 A9) A:00 X:00 Y:EE P:07 S:EC mem:002AFC7F 13:3179 tv:0.000000 58: CLI
lcpuC PC:F12D (78 A9 0B) A:00 X:00 Y:EE P:03 S:EC mem:002AFC7F 13:3177 tv:0.000000 78: SEI
lcpuC PC:F12E (A9 0B 8D) A:00 X:00 Y:EE P:07 S:EC mem:002AFC7F 13:3175 tv:0.000000 A9: LDA imm
lcpuC PC:F130 (8D 40 FE) A:0B X:00 Y:EE P:05 S:EC mem:002AFC7F 13:3173 tv:0.000000 8D: STA abs
here! 0x00000b 0x00f133 0xe6fa3010 0xcdde0ebc tv:0.000000 (cycle 3173  pc ~F130
writemem_ex! addr=FE40 val=0B
lcpuC PC:F133 (8A 60 49) A:0B X:00 Y:EE P:05 S:EC mem:002AFC7F 13:3169 tv:0.000006 8A: TXA
lcpuC PC:F134 (60 49 8C) A:00 X:00 Y:EE P:07 S:EC mem:002AFC7F 13:3167 tv:0.000000 60: RTS
lcpuC PC:F0E6 (A9 7F 8D) A:00 X:00 Y:EE P:07 S:EE mem:002AFC7F 13:3161 tv:0.000001 A9: LDA imm
lcpuC PC:F0E8 (8D 43 FE) A:7F X:00 Y:EE P:05 S:EE mem:002AFC7F 13:3159 tv:0.000000 8D: STA abs
here! 0x00007f 0x00f0eb 0xe6fa3010 0xcdde0ebc tv:0.000000 (cycle 3159  pc ~F0E8
writemem_ex! addr=FE43 val=7F
lcpuC PC:F0EB (A9 03 8D) A:7F X:00 Y:EE P:05 S:EE mem:002AFC7F 13:3155 tv:0.000006 A9: LDA imm
lcpuC PC:F0ED (8D 40 FE) A:03 X:00 Y:EE P:05 S:EE mem:002AFC7F 13:3153 tv:0.000000 8D: STA abs
here! 0x000003 0x00f0f0 0xe6fa3010 0xcdde0ebc tv:0.000000 (cycle 3153  pc ~F0ED
writemem_ex! addr=FE40 val=03
lcpuC PC:F0F0 (A9 0F 8D) A:03 X:00 Y:EE P:05 S:EE mem:002AFC7F 13:3149 tv:0.000007 A9: LDA imm
lcpuC PC:F0F2 (8D 4F FE) A:0F X:00 Y:EE P:05 S:EE mem:002AFC7F 13:3147 tv:0.000000 8D: STA abs
here! 0x00000f 0x00f0f5 0xe6fa3010 0xcdde0ebc tv:0.000000 (cycle 3147  pc ~F0F2
writing 0F(000F) to FE4F!writemem_ex! addr=FE4F val=0F
lcpuC PC:F0F5 (A9 01 8D) A:0F X:00 Y:EE P:05 S:EE mem:002AFC7F 13:3143 tv:0.000038 A9: LDA imm
lcpuC PC:F0F7 (8D 4D FE) A:01 X:00 Y:EE P:05 S:EE mem:002AFC7F 13:3141 tv:0.000001 8D: STA abs
here! 0x000001 0x00f0fa 0xe6fa3010 0xcdde0ebc tv:0.000000 (cycle 3141  pc ~F0F7
writemem_ex! addr=FE4D val=01
lcpuC PC:F0FA (8E 4F FE) A:01 X:00 Y:EE P:05 S:EE mem:002AFC7F 13:3137 tv:0.000007 8E: STX abs
here! 0x000000 0x00f0fd 0xe6fa3010 0xcdde0ebc tv:0.000000 (cycle 3137  pc ~F0FA
writing 00(0000) to FE4F!writemem_ex! addr=FE4F val=00
lcpuC PC:F0FD (2C 4D FE) A:01 X:00 Y:EE P:05 S:EE mem:002AFC7F 13:3133 tv:0.000032 2C: BIT abs
readmem_ex! addr=FE4D val=00
lcpuC PC:F100 (F0 21 8A) A:01 X:00 Y:EE P:07 S:EE mem:002AFC7F 13:3129 tv:0.000004 F0: BEQ
lcpuC PC:F123 (CA 10 BD) A:01 X:00 Y:EE P:07 S:EE mem:002AFC7F 13:3126 tv:0.000000 CA: DEX
lcpuC PC:F124 (10 BD 8A) A:01 X:FF Y:EE P:85 S:EE mem:002AFC7F 13:3124 tv:0.000001 10: BPL
lcpuC PC:F126 (8A AA 28) A:01 X:FF Y:EE P:85 S:EE mem:002AFC7F 13:3122 tv:0.000000 8A: TXA
lcpuC PC:F127 (AA 28 20) A:FF X:FF Y:EE P:85 S:EE mem:002AFC7F 13:3120 tv:0.000021 AA: TAX
lcpuC PC:F128 (28 20 2E) A:FF X:FF Y:EE P:85 S:EE mem:002AFC7F 13:3118 tv:0.000001 28: PLP
lcpuC PC:F129 (20 2E F1) A:FF X:FF Y:EE P:05 S:EF mem:002AFC7F 13:3114 tv:0.000000 20: JSR
lcpuC PC:F12E (A9 0B 8D) A:FF X:FF Y:EE P:05 S:ED mem:002AFC76 13:3108 tv:0.000002 A9: LDA imm
lcpuC PC:F130 (8D 40 FE) A:0B X:FF Y:EE P:05 S:ED mem:002AFC76 13:3106 tv:0.000001 8D: STA abs
here! 0x00000b 0x00f133 0xe6fa3010 0xcdde0ebc tv:0.000000 (cycle 3106  pc ~F130
writemem_ex! addr=FE40 val=0B
lcpuC PC:F133 (8A 60 49) A:0B X:FF Y:EE P:05 S:ED mem:002AFC76 13:3102 tv:0.000011 8A: TXA
lcpuC PC:F134 (60 49 8C) A:FF X:FF Y:EE P:85 S:ED mem:002AFC76 13:3100 tv:0.000001 60: RTS
lcpuC PC:F12C (58 78 A9) A:FF X:FF Y:EE P:85 S:EF mem:002AFC76 13:3094 tv:0.000001 58: CLI
lcpuC PC:F12D (78 A9 0B) A:FF X:FF Y:EE P:81 S:EF mem:002AFC76 13:3092 tv:0.000000 78: SEI
lcpuC PC:F12E (A9 0B 8D) A:FF X:FF Y:EE P:85 S:EF mem:002AFC76 13:3090 tv:0.000000 A9: LDA imm
lcpuC PC:F130 (8D 40 FE) A:0B X:FF Y:EE P:05 S:EF mem:002AFC76 13:3088 tv:0.000000 8D: STA abs
here! 0x00000b 0x00f133 0xe6fa3010 0xcdde0ebc tv:0.000000 (cycle 3088  pc ~F130
writemem_ex! addr=FE40 val=0B
lcpuC PC:F133 (8A 60 49) A:0B X:FF Y:EE P:05 S:EF mem:002AFC76 13:3084 tv:0.000007 8A: TXA
lcpuC PC:F134 (60 49 8C) A:FF X:FF Y:EE P:85 S:EF mem:002AFC76 13:3082 tv:0.000000 60: RTS
lcpuC PC:E7BC (6A 28 2A) A:FF X:FF Y:EE P:85 S:F1 mem:002AFC76 13:3076 tv:0.000001 6A: ROR A
lcpuC PC:E7BD (28 2A 68) A:FF X:FF Y:EE P:85 S:F1 mem:002AFC76 13:3074 tv:0.000001 28: PLP
lcpuC PC:E7BE (2A 68 B8) A:FF X:FF Y:EE P:05 S:F2 mem:002AFC76 13:3070 tv:0.000001 2A: ROL A
lcpuC PC:E7BF (68 B8 60) A:FF X:FF Y:EE P:85 S:F2 mem:002AFC76 13:3068 tv:0.000000 68: PLA
lcpuC PC:E7C0 (B8 60 A0) A:7A X:FF Y:EE P:05 S:F3 mem:002AFC76 13:3064 tv:0.000000 B8: CLV
lcpuC PC:E7C1 (60 A0 00) A:7A X:FF Y:EE P:05 S:F3 mem:002AFC76 13:3062 tv:0.000000 60: RTS
lcpuC PC:948C (8A 30 09) A:7A X:FF Y:EE P:05 S:F5 mem:002AFC76 13:3056 tv:0.000001 8A: TXA
lcpuC PC:948D (30 09 C9) A:FF X:FF Y:EE P:85 S:F5 mem:002AFC76 13:3054 tv:0.000001 30: BMI
lcpuC PC:9498 (4C 20 93) A:FF X:FF Y:EE P:85 S:F5 mem:002AFC76 13:3051 tv:0.000001 4C: JMP
lcpuC PC:9320 (A5 B3 48) A:FF X:FF Y:EE P:85 S:F5 mem:002AFC76 13:3048 tv:0.000000 A5: LDA zp
lcpuC PC:9322 (48 A9 FF) A:08 X:FF Y:EE P:05 S:F5 mem:002AFC76 13:3045 tv:0.000001 48: PHA
lcpuC PC:9323 (A9 FF 8D) A:08 X:FF Y:EE P:05 S:F4 mem:002AFBEA 13:3042 tv:0.000000 A9: LDA imm
lcpuC PC:9325 (8D DE 10) A:FF X:FF Y:EE P:85 S:F4 mem:002AFBEA 13:3040 tv:0.000001 8D: STA abs
lcpuC PC:9328 (20 65 80) A:FF X:FF Y:EE P:85 S:F4 mem:002AFCE9 13:3036 tv:0.000001 20: JSR
lcpuC PC:8065 (85 B3 68) A:FF X:FF Y:EE P:85 S:F2 mem:002AFCA1 13:3030 tv:0.000001 85: STA zp
lcpuC PC:8067 (68 85 AE) A:FF X:FF Y:EE P:85 S:F2 mem:002AFD98 13:3027 tv:0.000001 68: PLA
lcpuC PC:8068 (85 AE 68) A:2A X:FF Y:EE P:05 S:F3 mem:002AFD98 13:3023 tv:0.000001 85: STA zp
lcpuC PC:806A (68 85 AF) A:2A X:FF Y:EE P:05 S:F3 mem:002AFDC2 13:3020 tv:0.000001 68: PLA
lcpuC PC:806B (85 AF A5) A:93 X:FF Y:EE P:85 S:F4 mem:002AFDC2 13:3016 tv:0.000000 85: STA zp
lcpuC PC:806D (A5 B3 48) A:93 X:FF Y:EE P:85 S:F4 mem:002AFE55 13:3013 tv:0.000001 A5: LDA zp
lcpuC PC:806F (48 98 48) A:FF X:FF Y:EE P:85 S:F4 mem:002AFE55 13:3010 tv:0.000001 48: PHA
lcpuC PC:8070 (98 48 A0) A:FF X:FF Y:EE P:85 S:F3 mem:002AFEC1 13:3007 tv:0.000000 98: TYA
lcpuC PC:8071 (48 A0 00) A:EE X:FF Y:EE P:85 S:F3 mem:002AFEC1 13:3005 tv:0.000001 48: PHA
lcpuC PC:8072 (A0 00 20) A:EE X:FF Y:EE P:85 S:F2 mem:002AFF85 13:3002 tv:0.000001 A0: LDY imm
lcpuC PC:8074 (20 DA 83) A:EE X:FF Y:00 P:07 S:F2 mem:002AFF85 13:3000 tv:0.000000 20: JSR
lcpuC PC:83DA (E6 AE D0) A:EE X:FF Y:00 P:07 S:F0 mem:002AFF5F 13:2994 tv:0.000001 E6: INC zp
lcpuC PC:83DC (D0 02 E6) A:EE X:FF Y:00 P:05 S:F0 mem:002AFF60 13:2989 tv:0.000001 D0: BNE
lcpuC PC:83E0 (60 48 8A) A:EE X:FF Y:00 P:05 S:F0 mem:002AFF60 13:2986 tv:0.000000 60: RTS
lcpuC PC:8077 (B1 AE 30) A:EE X:FF Y:00 P:05 S:F2 mem:002AFF60 13:2980 tv:0.000000 B1: LDA (),y
lcpuC PC:8079 (30 08 F0) A:41 X:FF Y:00 P:05 S:F2 mem:002AFF60 13:2975 tv:0.000001 30: BMI
lcpuC PC:807B (F0 0D 20) A:41 X:FF Y:00 P:05 S:F2 mem:002AFF60 13:2973 tv:0.000000 F0: BEQ
lcpuC PC:807D (20 9C 80) A:41 X:FF Y:00 P:05 S:F2 mem:002AFF60 13:2971 tv:0.000001 20: JSR
lcpuC PC:809C (20 E1 83) A:41 X:FF Y:00 P:05 S:F0 mem:002AFF69 13:2965 tv:0.000001 20: JSR
lcpuC PC:83E1 (48 8A 48) A:41 X:FF Y:00 P:05 S:EE mem:002AFEDB 13:2959 tv:0.000001 48: PHA
lcpuC PC:83E2 (8A 48 98) A:41 X:FF Y:00 P:05 S:ED mem:002AFEF1 13:2956 tv:0.000000 8A: TXA
lcpuC PC:83E3 (48 98 48) A:FF X:FF Y:00 P:85 S:ED mem:002AFEF1 13:2954 tv:0.000001 48: PHA
lcpuC PC:83E4 (98 48 A9) A:FF X:FF Y:00 P:85 S:EC mem:002AFF0B 13:2951 tv:0.000000 98: TYA
lcpuC PC:83E5 (48 A9 84) A:00 X:FF Y:00 P:07 S:EC mem:002AFF0B 13:2949 tv:0.000000 48: PHA
lcpuC PC:83E6 (A9 84 48) A:00 X:FF Y:00 P:07 S:EB mem:002AFE1A 13:2946 tv:0.000000 A9: LDA imm
lcpuC PC:83E8 (48 A9 03) A:84 X:FF Y:00 P:85 S:EB mem:002AFE1A 13:2944 tv:0.000000 48: PHA
lcpuC PC:83E9 (A9 03 48) A:84 X:FF Y:00 P:85 S:EA mem:002AFE73 13:2941 tv:0.000000 A9: LDA imm
lcpuC PC:83EB (48 A0 05) A:03 X:FF Y:00 P:05 S:EA mem:002AFE73 13:2939 tv:0.000000 48: PHA
lcpuC PC:83EC (A0 05 BA) A:03 X:FF Y:00 P:05 S:E9 mem:002AFE11 13:2936 tv:0.000000 A0: LDY imm
lcpuC PC:83EE (BA BD 07) A:03 X:FF Y:05 P:05 S:E9 mem:002AFE11 13:2934 tv:0.000000 BA: TSX
lcpuC PC:83EF (BD 07 01) A:03 X:E9 Y:05 P:85 S:E9 mem:002AFE11 13:2932 tv:0.000000 BD: LDA abs,x
lcpuC PC:83F2 (48 88 D0) A:80 X:E9 Y:05 P:85 S:E9 mem:002AFE11 13:2928 tv:0.000000 48: PHA
lcpuC PC:83F3 (88 D0 F8) A:80 X:E9 Y:05 P:85 S:E8 mem:002AFE89 13:2925 tv:0.000000 88: DEY
lcpuC PC:83F4 (D0 F8 A0) A:80 X:E9 Y:04 P:05 S:E8 mem:002AFE89 13:2923 tv:0.000000 D0: BNE
lcpuC PC:83EE (BA BD 07) A:80 X:E9 Y:04 P:05 S:E8 mem:002AFE89 13:2920 tv:0.000001 BA: TSX
lcpuC PC:83EF (BD 07 01) A:80 X:E8 Y:04 P:85 S:E8 mem:002AFE89 13:2918 tv:0.000000 BD: LDA abs,x
lcpuC PC:83F2 (48 88 D0) A:9E X:E8 Y:04 P:85 S:E8 mem:002AFE89 13:2914 tv:0.000000 48: PHA
lcpuC PC:83F3 (88 D0 F8) A:9E X:E8 Y:04 P:85 S:E7 mem:002AFF1F 13:2911 tv:0.000001 88: DEY
lcpuC PC:83F4 (D0 F8 A0) A:9E X:E8 Y:03 P:05 S:E7 mem:002AFF1F 13:2909 tv:0.000001 D0: BNE
lcpuC PC:83EE (BA BD 07) A:9E X:E8 Y:03 P:05 S:E7 mem:002AFF1F 13:2906 tv:0.000000 BA: TSX
lcpuC PC:83EF (BD 07 01) A:9E X:E7 Y:03 P:85 S:E7 mem:002AFF1F 13:2904 tv:0.000001 BD: LDA abs,x
lcpuC PC:83F2 (48 88 D0) A:41 X:E7 Y:03 P:05 S:E7 mem:002AFF1F 13:2900 tv:0.000000 48: PHA
lcpuC PC:83F3 (88 D0 F8) A:41 X:E7 Y:03 P:05 S:E6 mem:002AFE72 13:2897 tv:0.000001 88: DEY
lcpuC PC:83F4 (D0 F8 A0) A:41 X:E7 Y:02 P:05 S:E6 mem:002AFE72 13:2895 tv:0.000000 D0: BNE
lcpuC PC:83EE (BA BD 07) A:41 X:E7 Y:02 P:05 S:E6 mem:002AFE72 13:2892 tv:0.000000 BA: TSX
lcpuC PC:83EF (BD 07 01) A:41 X:E6 Y:02 P:85 S:E6 mem:002AFE72 13:2890 tv:0.000000 BD: LDA abs,x
lcpuC PC:83F2 (48 88 D0) A:FF X:E6 Y:02 P:85 S:E6 mem:002AFE72 13:2886 tv:0.000001 48: PHA
lcpuC PC:83F3 (88 D0 F8) A:FF X:E6 Y:02 P:85 S:E5 mem:002AFE93 13:2883 tv:0.000000 88: DEY
lcpuC PC:83F4 (D0 F8 A0) A:FF X:E6 Y:01 P:05 S:E5 mem:002AFE93 13:2881 tv:0.000001 D0: BNE
lcpuC PC:83EE (BA BD 07) A:FF X:E6 Y:01 P:05 S:E5 mem:002AFE93 13:2878 tv:0.000000 BA: TSX
lcpuC PC:83EF (BD 07 01) A:FF X:E5 Y:01 P:85 S:E5 mem:002AFE93 13:2876 tv:0.000000 BD: LDA abs,x
lcpuC PC:83F2 (48 88 D0) A:00 X:E5 Y:01 P:07 S:E5 mem:002AFE93 13:2872 tv:0.000000 48: PHA
lcpuC PC:83F3 (88 D0 F8) A:00 X:E5 Y:01 P:07 S:E4 mem:002AFE12 13:2869 tv:0.000000 88: DEY
lcpuC PC:83F4 (D0 F8 A0) A:00 X:E5 Y:00 P:07 S:E4 mem:002AFE12 13:2867 tv:0.000001 D0: BNE
lcpuC PC:83F6 (A0 0A BD) A:00 X:E5 Y:00 P:07 S:E4 mem:002AFE12 13:2865 tv:0.000001 A0: LDY imm
lcpuC PC:83F8 (BD 09 01) A:00 X:E5 Y:0A P:05 S:E4 mem:002AFE12 13:2863 tv:0.000001 BD: LDA abs,x
lcpuC PC:83FB (9D 0B 01) A:41 X:E5 Y:0A P:05 S:E4 mem:002AFE12 13:2859 tv:0.000001 9D: STA abs,x
lcpuC PC:83FE (CA 88 D0) A:41 X:E5 Y:0A P:05 S:E4 mem:002AFDD3 13:2854 tv:0.000000 CA: DEX
lcpuC PC:83FF (88 D0 F6) A:41 X:E4 Y:0A P:85 S:E4 mem:002AFDD3 13:2852 tv:0.000000 88: DEY
lcpuC PC:8400 (D0 F6 68) A:41 X:E4 Y:09 P:05 S:E4 mem:002AFDD3 13:2850 tv:0.000001 D0: BNE
lcpuC PC:83F8 (BD 09 01) A:41 X:E4 Y:09 P:05 S:E4 mem:002AFDD3 13:2847 tv:0.000001 BD: LDA abs,x
lcpuC PC:83FB (9D 0B 01) A:FF X:E4 Y:09 P:85 S:E4 mem:002AFDD3 13:2843 tv:0.000000 9D: STA abs,x
lcpuC PC:83FE (CA 88 D0) A:FF X:E4 Y:09 P:85 S:E4 mem:002AFE34 13:2838 tv:0.000000 CA: DEX
lcpuC PC:83FF (88 D0 F6) A:FF X:E3 Y:09 P:85 S:E4 mem:002AFE34 13:2836 tv:0.000001 88: DEY
lcpuC PC:8400 (D0 F6 68) A:FF X:E3 Y:08 P:05 S:E4 mem:002AFE34 13:2834 tv:0.000000 D0: BNE
lcpuC PC:83F8 (BD 09 01) A:FF X:E3 Y:08 P:05 S:E4 mem:002AFE34 13:2831 tv:0.000001 BD: LDA abs,x
lcpuC PC:83FB (9D 0B 01) A:00 X:E3 Y:08 P:07 S:E4 mem:002AFE34 13:2827 tv:0.000000 9D: STA abs,x
lcpuC PC:83FE (CA 88 D0) A:00 X:E3 Y:08 P:07 S:E4 mem:002AFDF3 13:2822 tv:0.000000 CA: DEX
lcpuC PC:83FF (88 D0 F6) A:00 X:E2 Y:08 P:85 S:E4 mem:002AFDF3 13:2820 tv:0.000001 88: DEY
lcpuC PC:8400 (D0 F6 68) A:00 X:E2 Y:07 P:05 S:E4 mem:002AFDF3 13:2818 tv:0.000000 D0: BNE
lcpuC PC:83F8 (BD 09 01) A:00 X:E2 Y:07 P:05 S:E4 mem:002AFDF3 13:2815 tv:0.000001 BD: LDA abs,x
lcpuC PC:83FB (9D 0B 01) A:84 X:E2 Y:07 P:85 S:E4 mem:002AFDF3 13:2811 tv:0.000001 9D: STA abs,x
lcpuC PC:83FE (CA 88 D0) A:84 X:E2 Y:07 P:85 S:E4 mem:002AFD78 13:2806 tv:0.000000 CA: DEX
lcpuC PC:83FF (88 D0 F6) A:84 X:E1 Y:07 P:85 S:E4 mem:002AFD78 13:2804 tv:0.000001 88: DEY
lcpuC PC:8400 (D0 F6 68) A:84 X:E1 Y:06 P:05 S:E4 mem:002AFD78 13:2802 tv:0.000001 D0: BNE
lcpuC PC:83F8 (BD 09 01) A:84 X:E1 Y:06 P:05 S:E4 mem:002AFD78 13:2799 tv:0.000000 BD: LDA abs,x
lcpuC PC:83FB (9D 0B 01) A:03 X:E1 Y:06 P:05 S:E4 mem:002AFD78 13:2795 tv:0.000001 9D: STA abs,x
lcpuC PC:83FE (CA 88 D0) A:03 X:E1 Y:06 P:05 S:E4 mem:002AFD7B 13:2790 tv:0.000000 CA: DEX
lcpuC PC:83FF (88 D0 F6) A:03 X:E0 Y:06 P:85 S:E4 mem:002AFD7B 13:2788 tv:0.000001 88: DEY
lcpuC PC:8400 (D0 F6 68) A:03 X:E0 Y:05 P:05 S:E4 mem:002AFD7B 13:2786 tv:0.000001 D0: BNE
lcpuC PC:83F8 (BD 09 01) A:03 X:E0 Y:05 P:05 S:E4 mem:002AFD7B 13:2783 tv:0.000001 BD: LDA abs,x
lcpuC PC:83FB (9D 0B 01) A:80 X:E0 Y:05 P:85 S:E4 mem:002AFD7B 13:2779 tv:0.000000 9D: STA abs,x
lcpuC PC:83FE (CA 88 D0) A:80 X:E0 Y:05 P:85 S:E4 mem:002AFD77 13:2774 tv:0.000001 CA: DEX
lcpuC PC:83FF (88 D0 F6) A:80 X:DF Y:05 P:85 S:E4 mem:002AFD77 13:2772 tv:0.000000 88: DEY
lcpuC PC:8400 (D0 F6 68) A:80 X:DF Y:04 P:05 S:E4 mem:002AFD77 13:2770 tv:0.000000 D0: BNE
lcpuC PC:83F8 (BD 09 01) A:80 X:DF Y:04 P:05 S:E4 mem:002AFD77 13:2767 tv:0.000000 BD: LDA abs,x
lcpuC PC:83FB (9D 0B 01) A:9E X:DF Y:04 P:85 S:E4 mem:002AFD77 13:2763 tv:0.000001 9D: STA abs,x
lcpuC PC:83FE (CA 88 D0) A:9E X:DF Y:04 P:85 S:E4 mem:002AFE12 13:2758 tv:0.000000 CA: DEX
lcpuC PC:83FF (88 D0 F6) A:9E X:DE Y:04 P:85 S:E4 mem:002AFE12 13:2756 tv:0.000000 88: DEY
lcpuC PC:8400 (D0 F6 68) A:9E X:DE Y:03 P:05 S:E4 mem:002AFE12 13:2754 tv:0.000000 D0: BNE
lcpuC PC:83F8 (BD 09 01) A:9E X:DE Y:03 P:05 S:E4 mem:002AFE12 13:2751 tv:0.000000 BD: LDA abs,x
lcpuC PC:83FB (9D 0B 01) A:41 X:DE Y:03 P:05 S:E4 mem:002AFE12 13:2747 tv:0.000001 9D: STA abs,x
lcpuC PC:83FE (CA 88 D0) A:41 X:DE Y:03 P:05 S:E4 mem:002AFDD3 13:2742 tv:0.000000 CA: DEX
lcpuC PC:83FF (88 D0 F6) A:41 X:DD Y:03 P:85 S:E4 mem:002AFDD3 13:2740 tv:0.000000 88: DEY
lcpuC PC:8400 (D0 F6 68) A:41 X:DD Y:02 P:05 S:E4 mem:002AFDD3 13:2738 tv:0.000000 D0: BNE
lcpuC PC:83F8 (BD 09 01) A:41 X:DD Y:02 P:05 S:E4 mem:002AFDD3 13:2735 tv:0.000001 BD: LDA abs,x
lcpuC PC:83FB (9D 0B 01) A:FF X:DD Y:02 P:85 S:E4 mem:002AFDD3 13:2731 tv:0.000001 9D: STA abs,x
lcpuC PC:83FE (CA 88 D0) A:FF X:DD Y:02 P:85 S:E4 mem:002AFE34 13:2726 tv:0.000001 CA: DEX
lcpuC PC:83FF (88 D0 F6) A:FF X:DC Y:02 P:85 S:E4 mem:002AFE34 13:2724 tv:0.000000 88: DEY
lcpuC PC:8400 (D0 F6 68) A:FF X:DC Y:01 P:05 S:E4 mem:002AFE34 13:2722 tv:0.000000 D0: BNE
lcpuC PC:83F8 (BD 09 01) A:FF X:DC Y:01 P:05 S:E4 mem:002AFE34 13:2719 tv:0.000001 BD: LDA abs,x
lcpuC PC:83FB (9D 0B 01) A:00 X:DC Y:01 P:07 S:E4 mem:002AFE34 13:2715 tv:0.000000 9D: STA abs,x
lcpuC PC:83FE (CA 88 D0) A:00 X:DC Y:01 P:07 S:E4 mem:002AFDF3 13:2710 tv:0.000001 CA: DEX
lcpuC PC:83FF (88 D0 F6) A:00 X:DB Y:01 P:85 S:E4 mem:002AFDF3 13:2708 tv:0.000001 88: DEY
lcpuC PC:8400 (D0 F6 68) A:00 X:DB Y:00 P:07 S:E4 mem:002AFDF3 13:2706 tv:0.000001 D0: BNE
lcpuC PC:8402 (68 68 68) A:00 X:DB Y:00 P:07 S:E4 mem:002AFDF3 13:2704 tv:0.000000 68: PLA
lcpuC PC:8403 (68 68 A8) A:00 X:DB Y:00 P:07 S:E5 mem:002AFDF3 13:2700 tv:0.000001 68: PLA
lcpuC PC:8404 (68 A8 68) A:FF X:DB Y:00 P:85 S:E6 mem:002AFDF3 13:2696 tv:0.000001 68: PLA
lcpuC PC:8405 (A8 68 AA) A:00 X:DB Y:00 P:07 S:E7 mem:002AFDF3 13:2692 tv:0.000000 A8: TAY
lcpuC PC:8406 (68 AA 68) A:00 X:DB Y:00 P:07 S:E7 mem:002AFDF3 13:2690 tv:0.000000 68: PLA
lcpuC PC:8407 (AA 68 60) A:FF X:DB Y:00 P:85 S:E8 mem:002AFDF3 13:2686 tv:0.000001 AA: TAX
lcpuC PC:8408 (68 60 BA) A:FF X:FF Y:00 P:85 S:E8 mem:002AFDF3 13:2684 tv:0.000000 68: PLA
lcpuC PC:8409 (60 BA 9D) A:41 X:FF Y:00 P:05 S:E9 mem:002AFDF3 13:2680 tv:0.000000 60: RTS
lcpuC PC:809F (2C DE 10) A:41 X:FF Y:00 P:05 S:EB mem:002AFDF3 13:2674 tv:0.000001 2C: BIT abs
lcpuC PC:80A2 (10 14 48) A:41 X:FF Y:00 P:C5 S:EB mem:002AFDF3 13:2670 tv:0.000000 10: BPL
lcpuC PC:80A4 (48 20 1C) A:41 X:FF Y:00 P:C5 S:EB mem:002AFDF3 13:2668 tv:0.000000 48: PHA
lcpuC PC:80A5 (20 1C 99) A:41 X:FF Y:00 P:C5 S:EA mem:002AFDB4 13:2665 tv:0.000000 20: JSR
lcpuC PC:991C (A9 EC D0) A:41 X:FF Y:00 P:C5 S:E8 mem:002AFDFC 13:2659 tv:0.000000 A9: LDA imm
lcpuC PC:991E (D0 12 A9) A:EC X:FF Y:00 P:C5 S:E8 mem:002AFDFC 13:2657 tv:0.000000 D0: BNE
lcpuC PC:9932 (A2 00 A0) A:EC X:FF Y:00 P:C5 S:E8 mem:002AFDFC 13:2654 tv:0.000000 A2: LDX imm
lcpuC PC:9934 (A0 FF 4C) A:EC X:00 Y:00 P:47 S:E8 mem:002AFDFC 13:2652 tv:0.000001 A0: LDY imm
lcpuC PC:9936 (4C F4 FF) A:EC X:00 Y:FF P:C5 S:E8 mem:002AFDFC 13:2650 tv:0.000001 4C: JMP
lcpuC PC:FFF4 (6C 0A 02) A:EC X:00 Y:FF P:C5 S:E8 mem:002AFDFC 13:2647 tv:0.000000 6C: JMP ()
readmem_ex! addr=FFF5 val=0A
readmem_ex! addr=FFF6 val=02
lcpuC PC:E772 (48 08 78) A:EC X:00 Y:FF P:C5 S:E8 mem:002AFDFC 13:2642 tv:0.000007 48: PHA
lcpuC PC:E773 (08 78 85) A:EC X:00 Y:FF P:C5 S:E7 mem:002AFDE9 13:2639 tv:0.000001 08: PHP
lcpuC PC:E774 (78 85 EF) A:EC X:00 Y:FF P:C5 S:E6 mem:002AFEDE 13:2636 tv:0.000000 78: SEI
lcpuC PC:E775 (85 EF 86) A:EC X:00 Y:FF P:C5 S:E6 mem:002AFEDE 13:2634 tv:0.000000 85: STA zp
lcpuC PC:E777 (86 F0 84) A:EC X:00 Y:FF P:C5 S:E6 mem:002AFF50 13:2631 tv:0.000000 86: STX zp
lcpuC PC:E779 (84 F1 A2) A:EC X:00 Y:FF P:C5 S:E6 mem:002AFF41 13:2628 tv:0.000000 84: STY zp
lcpuC PC:E77B (A2 07 C9) A:EC X:00 Y:FF P:C5 S:E6 mem:002B0038 13:2625 tv:0.000000 A2: LDX imm
lcpuC PC:E77D (C9 75 90) A:EC X:07 Y:FF P:45 S:E6 mem:002B0038 13:2623 tv:0.000000 C9: CMP imm
lcpuC PC:E77F (90 41 C9) A:EC X:07 Y:FF P:45 S:E6 mem:002B0038 13:2621 tv:0.000001 90: BCC
lcpuC PC:E781 (C9 A1 90) A:EC X:07 Y:FF P:45 S:E6 mem:002B0038 13:2619 tv:0.000001 C9: CMP imm
lcpuC PC:E783 (90 09 C9) A:EC X:07 Y:FF P:45 S:E6 mem:002B0038 13:2617 tv:0.000000 90: BCC
lcpuC PC:E785 (C9 A6 90) A:EC X:07 Y:FF P:45 S:E6 mem:002B0038 13:2615 tv:0.000001 C9: CMP imm
lcpuC PC:E787 (90 3F 18) A:EC X:07 Y:FF P:45 S:E6 mem:002B0038 13:2613 tv:0.000000 90: BCC
lcpuC PC:E789 (18 A9 A1) A:EC X:07 Y:FF P:45 S:E6 mem:002B0038 13:2611 tv:0.000001 18: CLC
lcpuC PC:E78A (A9 A1 69) A:EC X:07 Y:FF P:44 S:E6 mem:002B0038 13:2609 tv:0.000000 A9: LDA imm
lcpuC PC:E78C (69 00 38) A:A1 X:07 Y:FF P:C4 S:E6 mem:002B0038 13:2607 tv:0.000001 69: ADC imm
lcpuC PC:E78E (38 E9 5F) A:A1 X:07 Y:FF P:84 S:E6 mem:002B0038 13:2605 tv:0.000001 38: SEC
lcpuC PC:E78F (E9 5F 0A) A:A1 X:07 Y:FF P:85 S:E6 mem:002B0038 13:2603 tv:0.000000 E9: SBC imm
lcpuC PC:E791 (0A 38 84) A:42 X:07 Y:FF P:45 S:E6 mem:002B0038 13:2601 tv:0.000000 0A: ASL A
lcpuC PC:E792 (38 84 F1) A:84 X:07 Y:FF P:C4 S:E6 mem:002B0038 13:2599 tv:0.000001 38: SEC
lcpuC PC:E793 (84 F1 A8) A:84 X:07 Y:FF P:C5 S:E6 mem:002B0038 13:2597 tv:0.000000 84: STY zp
lcpuC PC:E795 (A8 2C 5E) A:84 X:07 Y:FF P:C5 S:E6 mem:002B0038 13:2594 tv:0.000001 A8: TAY
lcpuC PC:E796 (2C 5E 02) A:84 X:07 Y:84 P:C5 S:E6 mem:002B0038 13:2592 tv:0.000000 2C: BIT abs
lcpuC PC:E799 (10 07 8A) A:84 X:07 Y:84 P:07 S:E6 mem:002B0038 13:2588 tv:0.000000 10: BPL
lcpuC PC:E7A2 (B9 B4 E5) A:84 X:07 Y:84 P:07 S:E6 mem:002B0038 13:2585 tv:0.000000 B9: LDA abs,y
lcpuC PC:E7A5 (85 FB B9) A:E9 X:07 Y:84 P:85 S:E6 mem:002B0038 13:2581 tv:0.000001 85: STA zp
lcpuC PC:E7A7 (B9 B3 E5) A:E9 X:07 Y:84 P:85 S:E6 mem:002B011A 13:2578 tv:0.000001 B9: LDA abs,y
lcpuC PC:E7AA (85 FA A5) A:9C X:07 Y:84 P:85 S:E6 mem:002B011A 13:2574 tv:0.000001 85: STA zp
lcpuC PC:E7AC (A5 EF A4) A:9C X:07 Y:84 P:85 S:E6 mem:002B01B6 13:2571 tv:0.000000 A5: LDA zp
lcpuC PC:E7AE (A4 F1 B0) A:EC X:07 Y:84 P:85 S:E6 mem:002B01B6 13:2568 tv:0.000000 A4: LDY zp
lcpuC PC:E7B0 (B0 04 A0) A:EC X:07 Y:FF P:85 S:E6 mem:002B01B6 13:2565 tv:0.000001 B0: BCS
lcpuC PC:E7B6 (38 A6 F0) A:EC X:07 Y:FF P:85 S:E6 mem:002B01B6 13:2562 tv:0.000001 38: SEC
lcpuC PC:E7B7 (A6 F0 20) A:EC X:07 Y:FF P:85 S:E6 mem:002B01B6 13:2560 tv:0.000000 A6: LDX zp
lcpuC PC:E7B9 (20 58 F0) A:EC X:00 Y:FF P:07 S:E6 mem:002B01B6 13:2557 tv:0.000000 20: JSR
lcpuC PC:F058 (6C FA 00) A:EC X:00 Y:FF P:07 S:E4 mem:002B0259 13:2551 tv:0.000000 6C: JMP ()
lcpuC PC:E99C (A8 B9 90) A:EC X:00 Y:FF P:07 S:E4 mem:002B0259 13:2546 tv:0.000000 A8: TAY
lcpuC PC:E99D (B9 90 01) A:EC X:00 Y:EC P:85 S:E4 mem:002B0259 13:2544 tv:0.000001 B9: LDA abs,y
lcpuC PC:E9A0 (AA 25 F1) A:00 X:00 Y:EC P:07 S:E4 mem:002B0259 13:2540 tv:0.000000 AA: TAX
lcpuC PC:E9A1 (25 F1 45) A:00 X:00 Y:EC P:07 S:E4 mem:002B0259 13:2538 tv:0.000000 25: AND zp
lcpuC PC:E9A3 (45 F0 99) A:00 X:00 Y:EC P:07 S:E4 mem:002B0259 13:2535 tv:0.000001 45: EOR zp
lcpuC PC:E9A5 (99 90 01) A:00 X:00 Y:EC P:07 S:E4 mem:002B0259 13:2532 tv:0.000000 99: STA abs,y
lcpuC PC:E9A8 (B9 91 01) A:00 X:00 Y:EC P:07 S:E4 mem:002B0259 13:2527 tv:0.000001 B9: LDA abs,y
lcpuC PC:E9AB (A8 60 64) A:00 X:00 Y:EC P:07 S:E4 mem:002B0259 13:2523 tv:0.000001 A8: TAY
lcpuC PC:E9AC (60 64 7F) A:00 X:00 Y:00 P:07 S:E4 mem:002B0259 13:2521 tv:0.000000 60: RTS
lcpuC PC:E7BC (6A 28 2A) A:00 X:00 Y:00 P:07 S:E6 mem:002B0259 13:2515 tv:0.000001 6A: ROR A
lcpuC PC:E7BD (28 2A 68) A:80 X:00 Y:00 P:84 S:E6 mem:002B0259 13:2513 tv:0.000000 28: PLP
lcpuC PC:E7BE (2A 68 B8) A:80 X:00 Y:00 P:C5 S:E7 mem:002B0259 13:2509 tv:0.000000 2A: ROL A
lcpuC PC:E7BF (68 B8 60) A:01 X:00 Y:00 P:45 S:E7 mem:002B0259 13:2507 tv:0.000000 68: PLA
lcpuC PC:E7C0 (B8 60 A0) A:EC X:00 Y:00 P:C5 S:E8 mem:002B0259 13:2503 tv:0.000000 B8: CLV
lcpuC PC:E7C1 (60 A0 00) A:EC X:00 Y:00 P:85 S:E8 mem:002B0259 13:2501 tv:0.000001 60: RTS
lcpuC PC:80A8 (8A 48 09) A:EC X:00 Y:00 P:85 S:EA mem:002B0259 13:2495 tv:0.000001 8A: TXA
lcpuC PC:80A9 (48 09 10) A:00 X:00 Y:00 P:07 S:EA mem:002B0259 13:2493 tv:0.000000 48: PHA
lcpuC PC:80AA (09 10 20) A:00 X:00 Y:00 P:07 S:E9 mem:002B01D9 13:2490 tv:0.000001 09: ORA imm
lcpuC PC:80AC (20 17 99) A:10 X:00 Y:00 P:05 S:E9 mem:002B01D9 13:2488 tv:0.000000 20: JSR
lcpuC PC:9917 (AA A9 03) A:10 X:00 Y:00 P:05 S:E7 mem:002B0174 13:2482 tv:0.000001 AA: TAX
lcpuC PC:9918 (A9 03 D0) A:10 X:10 Y:00 P:05 S:E7 mem:002B0174 13:2480 tv:0.000000 A9: LDA imm
lcpuC PC:991A (D0 1A A9) A:03 X:10 Y:00 P:05 S:E7 mem:002B0174 13:2478 tv:0.000000 D0: BNE
lcpuC PC:9936 (4C F4 FF) A:03 X:10 Y:00 P:05 S:E7 mem:002B0174 13:2475 tv:0.000000 4C: JMP
lcpuC PC:FFF4 (6C 0A 02) A:03 X:10 Y:00 P:05 S:E7 mem:002B0174 13:2472 tv:0.000001 6C: JMP ()
readmem_ex! addr=FFF5 val=0A
readmem_ex! addr=FFF6 val=02
lcpuC PC:E772 (48 08 78) A:03 X:10 Y:00 P:05 S:E7 mem:002B0174 13:2467 tv:0.000006 48: PHA
lcpuC PC:E773 (08 78 85) A:03 X:10 Y:00 P:05 S:E6 mem:002B0082 13:2464 tv:0.000000 08: PHP
lcpuC PC:E774 (78 85 EF) A:03 X:10 Y:00 P:05 S:E5 mem:002AFFD0 13:2461 tv:0.000001 78: SEI
lcpuC PC:E775 (85 EF 86) A:03 X:10 Y:00 P:05 S:E5 mem:002AFFD0 13:2459 tv:0.000001 85: STA zp
lcpuC PC:E777 (86 F0 84) A:03 X:10 Y:00 P:05 S:E5 mem:002AFEE7 13:2456 tv:0.000000 86: STX zp
lcpuC PC:E779 (84 F1 A2) A:03 X:10 Y:00 P:05 S:E5 mem:002AFEF7 13:2453 tv:0.000001 84: STY zp
lcpuC PC:E77B (A2 07 C9) A:03 X:10 Y:00 P:05 S:E5 mem:002AFDF8 13:2450 tv:0.000000 A2: LDX imm
lcpuC PC:E77D (C9 75 90) A:03 X:07 Y:00 P:05 S:E5 mem:002AFDF8 13:2448 tv:0.000000 C9: CMP imm
lcpuC PC:E77F (90 41 C9) A:03 X:07 Y:00 P:84 S:E5 mem:002AFDF8 13:2446 tv:0.000001 90: BCC
lcpuC PC:E7C2 (A0 00 C9) A:03 X:07 Y:00 P:84 S:E5 mem:002AFDF8 13:2443 tv:0.000001 A0: LDY imm
lcpuC PC:E7C4 (C9 16 90) A:03 X:07 Y:00 P:06 S:E5 mem:002AFDF8 13:2441 tv:0.000001 C9: CMP imm
lcpuC PC:E7C6 (90 C9 08) A:03 X:07 Y:00 P:84 S:E5 mem:002AFDF8 13:2439 tv:0.000000 90: BCC
lcpuC PC:E791 (0A 38 84) A:03 X:07 Y:00 P:84 S:E5 mem:002AFDF8 13:2436 tv:0.000001 0A: ASL A
lcpuC PC:E792 (38 84 F1) A:06 X:07 Y:00 P:04 S:E5 mem:002AFDF8 13:2434 tv:0.000001 38: SEC
lcpuC PC:E793 (84 F1 A8) A:06 X:07 Y:00 P:05 S:E5 mem:002AFDF8 13:2432 tv:0.000000 84: STY zp
lcpuC PC:E795 (A8 2C 5E) A:06 X:07 Y:00 P:05 S:E5 mem:002AFDF8 13:2429 tv:0.000000 A8: TAY
lcpuC PC:E796 (2C 5E 02) A:06 X:07 Y:06 P:05 S:E5 mem:002AFDF8 13:2427 tv:0.000000 2C: BIT abs
lcpuC PC:E799 (10 07 8A) A:06 X:07 Y:06 P:07 S:E5 mem:002AFDF8 13:2423 tv:0.000001 10: BPL
lcpuC PC:E7A2 (B9 B4 E5) A:06 X:07 Y:06 P:07 S:E5 mem:002AFDF8 13:2420 tv:0.000000 B9: LDA abs,y
lcpuC PC:E7A5 (85 FB B9) A:E9 X:07 Y:06 P:85 S:E5 mem:002AFDF8 13:2416 tv:0.000001 85: STA zp
lcpuC PC:E7A7 (B9 B3 E5) A:E9 X:07 Y:06 P:85 S:E5 mem:002AFDF8 13:2413 tv:0.000000 B9: LDA abs,y
lcpuC PC:E7AA (85 FA A5) A:97 X:07 Y:06 P:85 S:E5 mem:002AFDF8 13:2409 tv:0.000000 85: STA zp
lcpuC PC:E7AC (A5 EF A4) A:97 X:07 Y:06 P:85 S:E5 mem:002AFDF3 13:2406 tv:0.000001 A5: LDA zp
lcpuC PC:E7AE (A4 F1 B0) A:03 X:07 Y:06 P:05 S:E5 mem:002AFDF3 13:2403 tv:0.000001 A4: LDY zp
lcpuC PC:E7B0 (B0 04 A0) A:03 X:07 Y:00 P:07 S:E5 mem:002AFDF3 13:2400 tv:0.000000 B0: BCS
lcpuC PC:E7B6 (38 A6 F0) A:03 X:07 Y:00 P:07 S:E5 mem:002AFDF3 13:2397 tv:0.000001 38: SEC
lcpuC PC:E7B7 (A6 F0 20) A:03 X:07 Y:00 P:07 S:E5 mem:002AFDF3 13:2395 tv:0.000001 A6: LDX zp
lcpuC PC:E7B9 (20 58 F0) A:03 X:10 Y:00 P:05 S:E5 mem:002AFDF3 13:2392 tv:0.000000 20: JSR
lcpuC PC:F058 (6C FA 00) A:03 X:10 Y:00 P:05 S:E3 mem:002AFDFC 13:2386 tv:0.000000 6C: JMP ()
lcpuC PC:E997 (18 69 E9) A:03 X:10 Y:00 P:05 S:E3 mem:002AFDFC 13:2381 tv:0.000001 18: CLC
lcpuC PC:E998 (69 E9 86) A:03 X:10 Y:00 P:04 S:E3 mem:002AFDFC 13:2379 tv:0.000000 69: ADC imm
lcpuC PC:E99A (86 F0 A8) A:EC X:10 Y:00 P:84 S:E3 mem:002AFDFC 13:2377 tv:0.000001 86: STX zp
lcpuC PC:E99C (A8 B9 90) A:EC X:10 Y:00 P:84 S:E3 mem:002AFDFC 13:2374 tv:0.000000 A8: TAY
lcpuC PC:E99D (B9 90 01) A:EC X:10 Y:EC P:84 S:E3 mem:002AFDFC 13:2372 tv:0.000000 B9: LDA abs,y
lcpuC PC:E9A0 (AA 25 F1) A:00 X:10 Y:EC P:06 S:E3 mem:002AFDFC 13:2368 tv:0.000000 AA: TAX
lcpuC PC:E9A1 (25 F1 45) A:00 X:00 Y:EC P:06 S:E3 mem:002AFDFC 13:2366 tv:0.000001 25: AND zp
lcpuC PC:E9A3 (45 F0 99) A:00 X:00 Y:EC P:06 S:E3 mem:002AFDFC 13:2363 tv:0.000000 45: EOR zp
lcpuC PC:E9A5 (99 90 01) A:10 X:00 Y:EC P:04 S:E3 mem:002AFDFC 13:2360 tv:0.000001 99: STA abs,y
lcpuC PC:E9A8 (B9 91 01) A:10 X:00 Y:EC P:04 S:E3 mem:002AFE0C 13:2355 tv:0.000000 B9: LDA abs,y
lcpuC PC:E9AB (A8 60 64) A:00 X:00 Y:EC P:06 S:E3 mem:002AFE0C 13:2351 tv:0.000000 A8: TAY
lcpuC PC:E9AC (60 64 7F) A:00 X:00 Y:00 P:06 S:E3 mem:002AFE0C 13:2349 tv:0.000001 60: RTS
lcpuC PC:E7BC (6A 28 2A) A:00 X:00 Y:00 P:06 S:E5 mem:002AFE0C 13:2343 tv:0.000000 6A: ROR A
lcpuC PC:E7BD (28 2A 68) A:00 X:00 Y:00 P:06 S:E5 mem:002AFE0C 13:2341 tv:0.000000 28: PLP
lcpuC PC:E7BE (2A 68 B8) A:00 X:00 Y:00 P:05 S:E6 mem:002AFE0C 13:2337 tv:0.000000 2A: ROL A
lcpuC PC:E7BF (68 B8 60) A:01 X:00 Y:00 P:04 S:E6 mem:002AFE0C 13:2335 tv:0.000001 68: PLA
lcpuC PC:E7C0 (B8 60 A0) A:03 X:00 Y:00 P:04 S:E7 mem:002AFE0C 13:2331 tv:0.000001 B8: CLV
lcpuC PC:E7C1 (60 A0 00) A:03 X:00 Y:00 P:04 S:E7 mem:002AFE0C 13:2329 tv:0.000001 60: RTS
lcpuC PC:80AF (68 AA 68) A:03 X:00 Y:00 P:04 S:E9 mem:002AFE0C 13:2323 tv:0.000001 68: PLA
lcpuC PC:80B0 (AA 68 20) A:00 X:00 Y:00 P:06 S:EA mem:002AFE0C 13:2319 tv:0.000001 AA: TAX
lcpuC PC:80B1 (68 20 E3) A:00 X:00 Y:00 P:06 S:EA mem:002AFE0C 13:2317 tv:0.000000 68: PLA
lcpuC PC:80B2 (20 E3 FF) A:41 X:00 Y:00 P:04 S:EB mem:002AFE0C 13:2313 tv:0.000000 20: JSR
lcpuC PC:FFE3 (C9 0D D0) A:41 X:00 Y:00 P:04 S:E9 mem:002AFEFF 13:2307 tv:0.000001 C9: CMP imm
readmem_ex! addr=FFE4 val=0D
lcpuC PC:FFE5 (D0 07 A9) A:41 X:00 Y:00 P:05 S:E9 mem:002AFEFF 13:2305 tv:0.000003 D0: BNE
readmem_ex! addr=FFE6 val=07
lcpuC PC:FFEE (6C 0E 02) A:41 X:00 Y:00 P:05 S:E9 mem:002AFEFF 13:2302 tv:0.000003 6C: JMP ()
readmem_ex! addr=FFEF val=0E
readmem_ex! addr=FFF0 val=02
lcpuC PC:E0A4 (48 8A 48) A:41 X:00 Y:00 P:05 S:E9 mem:002AFEFF 13:2297 tv:0.000006 48: PHA
lcpuC PC:E0A5 (8A 48 98) A:41 X:00 Y:00 P:05 S:E8 mem:002AFEC0 13:2294 tv:0.000001 8A: TXA
lcpuC PC:E0A6 (48 98 48) A:00 X:00 Y:00 P:07 S:E8 mem:002AFEC0 13:2292 tv:0.000001 48: PHA
lcpuC PC:E0A7 (98 48 BA) A:00 X:00 Y:00 P:07 S:E7 mem:002AFE12 13:2289 tv:0.000000 98: TYA
lcpuC PC:E0A8 (48 BA BD) A:00 X:00 Y:00 P:07 S:E7 mem:002AFE12 13:2287 tv:0.000000 48: PHA
lcpuC PC:E0A9 (BA BD 03) A:00 X:00 Y:00 P:07 S:E6 mem:002AFE0F 13:2284 tv:0.000000 BA: TSX
lcpuC PC:E0AA (BD 03 01) A:00 X:E6 Y:00 P:85 S:E6 mem:002AFE0F 13:2282 tv:0.000001 BD: LDA abs,x
lcpuC PC:E0AD (48 2C 60) A:41 X:E6 Y:00 P:05 S:E6 mem:002AFE0F 13:2278 tv:0.000000 48: PHA
lcpuC PC:E0AE (2C 60 02) A:41 X:E6 Y:00 P:05 S:E5 mem:002AFE1B 13:2275 tv:0.000001 2C: BIT abs
lcpuC PC:E0B1 (10 08 A8) A:41 X:E6 Y:00 P:07 S:E5 mem:002AFE1B 13:2271 tv:0.000000 10: BPL
lcpuC PC:E0BB (18 A9 02) A:41 X:E6 Y:00 P:07 S:E5 mem:002AFE1B 13:2268 tv:0.000000 18: CLC
lcpuC PC:E0BC (A9 02 2C) A:41 X:E6 Y:00 P:06 S:E5 mem:002AFE1B 13:2266 tv:0.000001 A9: LDA imm
lcpuC PC:E0BE (2C 7C 02) A:02 X:E6 Y:00 P:04 S:E5 mem:002AFE1B 13:2264 tv:0.000001 2C: BIT abs
lcpuC PC:E0C1 (D0 05 68) A:02 X:E6 Y:00 P:06 S:E5 mem:002AFE1B 13:2260 tv:0.000001 D0: BNE
lcpuC PC:E0C3 (68 48 20) A:02 X:E6 Y:00 P:06 S:E5 mem:002AFE1B 13:2258 tv:0.000001 68: PLA
lcpuC PC:E0C4 (48 20 C0) A:41 X:E6 Y:00 P:04 S:E6 mem:002AFE1B 13:2254 tv:0.000001 48: PHA
lcpuC PC:E0C5 (20 C0 C4) A:41 X:E6 Y:00 P:04 S:E5 mem:002AFE1B 13:2251 tv:0.000001 20: JSR
lcpuC PC:C4C0 (AE 6A 02) A:41 X:E6 Y:00 P:04 S:E3 mem:002AFE20 13:2245 tv:0.000001 AE: LDX abs
lcpuC PC:C4C3 (D0 4D 24) A:41 X:00 Y:00 P:06 S:E3 mem:002AFE20 13:2241 tv:0.000001 D0: BNE
lcpuC PC:C4C5 (24 D0 50) A:41 X:00 Y:00 P:06 S:E3 mem:002AFE20 13:2239 tv:0.000001 24: BIT zp
lcpuC PC:C4C7 (50 0F 20) A:41 X:00 Y:00 P:06 S:E3 mem:002AFE20 13:2236 tv:0.000001 50: BVC
lcpuC PC:C4D8 (C9 7F F0) A:41 X:00 Y:00 P:06 S:E3 mem:002AFE20 13:2233 tv:0.000000 C9: CMP imm
lcpuC PC:C4DA (F0 11 C9) A:41 X:00 Y:00 P:84 S:E3 mem:002AFE20 13:2231 tv:0.000001 F0: BEQ
lcpuC PC:C4DC (C9 20 90) A:41 X:00 Y:00 P:84 S:E3 mem:002AFE20 13:2229 tv:0.000000 C9: CMP imm
lcpuC PC:C4DE (90 0F 24) A:41 X:00 Y:00 P:05 S:E3 mem:002AFE20 13:2227 tv:0.000000 90: BCC
lcpuC PC:C4E0 (24 D0 30) A:41 X:00 Y:00 P:05 S:E3 mem:002AFE20 13:2225 tv:0.000000 24: BIT zp
lcpuC PC:C4E2 (30 06 20) A:41 X:00 Y:00 P:07 S:E3 mem:002AFE20 13:2222 tv:0.000000 30: BMI
lcpuC PC:C4E4 (20 B7 CF) A:41 X:00 Y:00 P:07 S:E3 mem:002AFE20 13:2220 tv:0.000001 20: JSR
lcpuC PC:CFB7 (AE 60 03) A:41 X:00 Y:00 P:07 S:E1 mem:002AFEEB 13:2214 tv:0.000000 AE: LDX abs
lcpuC PC:CFBA (F0 20 20) A:41 X:00 Y:00 P:07 S:E1 mem:002AFEEB 13:2210 tv:0.000000 F0: BEQ
lcpuC PC:CFDC (A0 02 D9) A:41 X:00 Y:00 P:07 S:E1 mem:002AFEEB 13:2207 tv:0.000001 A0: LDY imm
lcpuC PC:CFDE (D9 B6 C4) A:41 X:00 Y:02 P:05 S:E1 mem:002AFEEB 13:2205 tv:0.000001 D9: CMP abs,y
lcpuC PC:CFE1 (F0 06 88) A:41 X:00 Y:02 P:84 S:E1 mem:002AFEEB 13:2201 tv:0.000001 F0: BEQ
lcpuC PC:CFE3 (88 10 F8) A:41 X:00 Y:02 P:84 S:E1 mem:002AFEEB 13:2199 tv:0.000001 88: DEY
lcpuC PC:CFE4 (10 F8 81) A:41 X:00 Y:01 P:04 S:E1 mem:002AFEEB 13:2197 tv:0.000000 10: BPL
lcpuC PC:CFDE (D9 B6 C4) A:41 X:00 Y:01 P:04 S:E1 mem:002AFEEB 13:2194 tv:0.000000 D9: CMP abs,y
lcpuC PC:CFE1 (F0 06 88) A:41 X:00 Y:01 P:84 S:E1 mem:002AFEEB 13:2190 tv:0.000001 F0: BEQ
lcpuC PC:CFE3 (88 10 F8) A:41 X:00 Y:01 P:84 S:E1 mem:002AFEEB 13:2188 tv:0.000001 88: DEY
lcpuC PC:CFE4 (10 F8 81) A:41 X:00 Y:00 P:06 S:E1 mem:002AFEEB 13:2186 tv:0.000000 10: BPL
lcpuC PC:CFDE (D9 B6 C4) A:41 X:00 Y:00 P:06 S:E1 mem:002AFEEB 13:2183 tv:0.000001 D9: CMP abs,y
lcpuC PC:CFE1 (F0 06 88) A:41 X:00 Y:00 P:05 S:E1 mem:002AFEEB 13:2179 tv:0.000002 F0: BEQ
lcpuC PC:CFE3 (88 10 F8) A:41 X:00 Y:00 P:05 S:E1 mem:002AFEEB 13:2177 tv:0.000000 88: DEY
lcpuC PC:CFE4 (10 F8 81) A:41 X:00 Y:FF P:85 S:E1 mem:002AFEEB 13:2175 tv:0.000000 10: BPL
lcpuC PC:CFE6 (81 D8 60) A:41 X:00 Y:FF P:85 S:E1 mem:002AFEEB 13:2173 tv:0.000000 81: STA (,x)
lcpuC PC:CFE8 (60 B9 B7) A:41 X:00 Y:FF P:85 S:E1 mem:002AFF0C 13:2167 tv:0.000001 60: RTS
lcpuC PC:C4E7 (20 64 C6) A:41 X:00 Y:FF P:85 S:E3 mem:002AFF0C 13:2161 tv:0.000001 20: JSR
lcpuC PC:C664 (A5 D0 29) A:41 X:00 Y:FF P:85 S:E1 mem:002AFF0F 13:2155 tv:0.000001 A5: LDA zp
lcpuC PC:C666 (29 20 D0) A:00 X:00 Y:FF P:07 S:E1 mem:002AFF0F 13:2152 tv:0.000000 29: AND
lcpuC PC:C668 (D0 4A AE) A:00 X:00 Y:FF P:07 S:E1 mem:002AFF0F 13:2149 tv:0.000001 D0: BNE
lcpuC PC:C66A (AE 18 03) A:00 X:00 Y:FF P:07 S:E1 mem:002AFF0F 13:2147 tv:0.000000 AE: LDX abs
lcpuC PC:C66D (EC 0A 03) A:00 X:00 Y:FF P:07 S:E1 mem:002AFF0F 13:2143 tv:0.000000 EC: CPX abs
lcpuC PC:C670 (B0 12 EE) A:00 X:00 Y:FF P:84 S:E1 mem:002AFF0F 13:2139 tv:0.000001 B0: BCS
lcpuC PC:C672 (EE 18 03) A:00 X:00 Y:FF P:84 S:E1 mem:002AFF0F 13:2137 tv:0.000001 EE: INC abs
lcpuC PC:C675 (AD 4A 03) A:00 X:00 Y:FF P:04 S:E1 mem:002AFF10 13:2131 tv:0.000001 AD: LDA abs
lcpuC PC:C678 (6D 4F 03) A:78 X:00 Y:FF P:04 S:E1 mem:002AFF10 13:2127 tv:0.000001 6D: ADC abs
lcpuC PC:C67B (AA AD 4B) A:79 X:00 Y:FF P:04 S:E1 mem:002AFF10 13:2123 tv:0.000000 AA: TAX
lcpuC PC:C67C (AD 4B 03) A:79 X:79 Y:FF P:04 S:E1 mem:002AFF10 13:2121 tv:0.000000 AD: LDA abs
lcpuC PC:C67F (69 00 4C) A:7C X:79 Y:FF P:04 S:E1 mem:002AFF10 13:2117 tv:0.000001 69: ADC imm
lcpuC PC:C681 (4C F6 C9) A:7C X:79 Y:FF P:04 S:E1 mem:002AFF10 13:2115 tv:0.000000 4C: JMP
lcpuC PC:C9F6 (8E 4A 03) A:7C X:79 Y:FF P:04 S:E1 mem:002AFF10 13:2112 tv:0.000000 8E: STX abs
lcpuC PC:C9F9 (8D 4B 03) A:7C X:79 Y:FF P:04 S:E1 mem:002AFF11 13:2108 tv:0.000001 8D: STA abs
lcpuC PC:C9FC (10 04 38) A:7C X:79 Y:FF P:04 S:E1 mem:002AFF11 13:2104 tv:0.000001 10: BPL
lcpuC PC:CA02 (86 D8 85) A:7C X:79 Y:FF P:04 S:E1 mem:002AFF11 13:2101 tv:0.000001 86: STX zp
lcpuC PC:CA04 (85 D9 AE) A:7C X:79 Y:FF P:04 S:E1 mem:002AFF12 13:2098 tv:0.000001 85: STA zp
lcpuC PC:CA06 (AE 4A 03) A:7C X:79 Y:FF P:04 S:E1 mem:002AFF12 13:2095 tv:0.000000 AE: LDX abs
lcpuC PC:CA09 (AD 4B 03) A:7C X:79 Y:FF P:04 S:E1 mem:002AFF12 13:2091 tv:0.000000 AD: LDA abs
lcpuC PC:CA0C (A0 0E 48) A:7C X:79 Y:FF P:04 S:E1 mem:002AFF12 13:2087 tv:0.000000 A0: LDY imm
lcpuC PC:CA0E (48 AD 55) A:7C X:79 Y:0E P:04 S:E1 mem:002AFF12 13:2085 tv:0.000001 48: PHA
lcpuC PC:CA0F (AD 55 03) A:7C X:79 Y:0E P:04 S:E0 mem:002AFF8E 13:2082 tv:0.000000 AD: LDA abs
lcpuC PC:CA12 (C9 07 68) A:07 X:79 Y:0E P:04 S:E0 mem:002AFF8E 13:2078 tv:0.000001 C9: CMP imm
lcpuC PC:CA14 (68 B0 10) A:07 X:79 Y:0E P:07 S:E0 mem:002AFF8E 13:2076 tv:0.000001 68: PLA
lcpuC PC:CA15 (B0 10 86) A:7C X:79 Y:0E P:05 S:E1 mem:002AFF8E 13:2072 tv:0.000001 B0: BCS
lcpuC PC:CA27 (E9 74 49) A:7C X:79 Y:0E P:05 S:E1 mem:002AFF8E 13:2069 tv:0.000001 E9: SBC imm
lcpuC PC:CA29 (49 20 8C) A:08 X:79 Y:0E P:05 S:E1 mem:002AFF8E 13:2067 tv:0.000000 49: EOR imm
lcpuC PC:CA2B (8C 00 FE) A:28 X:79 Y:0E P:05 S:E1 mem:002AFF8E 13:2065 tv:0.000000 8C: STY abs
here! 0x00000e 0x00ca2e 0xe6fa3010 0xcdde0ebc tv:0.000000 (cycle 2065  pc ~CA2B
writemem_ex! addr=FE00 val=0E
lcpuC PC:CA2E (8D 01 FE) A:28 X:79 Y:0E P:05 S:E1 mem:002AFF8E 13:2061 tv:0.000008 8D: STA abs
here! 0x000028 0x00ca31 0xe6fa3010 0xcdde0ebc tv:0.000001 (cycle 2061  pc ~CA2E
writemem_ex! addr=FE01 val=28
lcpuC PC:CA31 (C8 8C 00) A:28 X:79 Y:0E P:05 S:E1 mem:002AFF8E 13:2057 tv:0.000007 C8: INY
lcpuC PC:CA32 (8C 00 FE) A:28 X:79 Y:0F P:05 S:E1 mem:002AFF8E 13:2055 tv:0.000001 8C: STY abs
here! 0x00000f 0x00ca35 0xe6fa3010 0xcdde0ebc tv:0.000001 (cycle 2055  pc ~CA32
writemem_ex! addr=FE00 val=0F
lcpuC PC:CA35 (8E 01 FE) A:28 X:79 Y:0F P:05 S:E1 mem:002AFF8E 13:2051 tv:0.000007 8E: STX abs
here! 0x000079 0x00ca38 0xe6fa3010 0xcdde0ebc tv:0.000000 (cycle 2051  pc ~CA35
writemem_ex! addr=FE01 val=79
lcpuC PC:CA38 (60 20 81) A:28 X:79 Y:0F P:05 S:E1 mem:002AFF8E 13:2047 tv:0.000006 60: RTS
lcpuC PC:C4EA (4C 5E C5) A:28 X:79 Y:0F P:05 S:E3 mem:002AFF8E 13:2041 tv:0.000001 4C: JMP
lcpuC PC:C55E (A5 D0 4A) A:28 X:79 Y:0F P:05 S:E3 mem:002AFF8E 13:2038 tv:0.000000 A5: LDA zp
lcpuC PC:C560 (4A 24 D0) A:00 X:79 Y:0F P:07 S:E3 mem:002AFF8E 13:2035 tv:0.000000 4A: LSR A
lcpuC PC:C561 (24 D0 50) A:00 X:79 Y:0F P:06 S:E3 mem:002AFF8E 13:2033 tv:0.000000 24: BIT zp
lcpuC PC:C563 (50 AC 20) A:00 X:79 Y:0F P:06 S:E3 mem:002AFF8E 13:2030 tv:0.000001 50: BVC
lcpuC PC:C511 (60 9D 24) A:00 X:79 Y:0F P:06 S:E3 mem:002AFF8E 13:2027 tv:0.000001 60: RTS
lcpuC PC:E0C8 (A9 08 2C) A:00 X:79 Y:0F P:06 S:E5 mem:002AFF8E 13:2021 tv:0.000001 A9: LDA imm
lcpuC PC:E0CA (2C 7C 02) A:08 X:79 Y:0F P:04 S:E5 mem:002AFF8E 13:2019 tv:0.000000 2C: BIT abs
lcpuC PC:E0CD (D0 02 90) A:08 X:79 Y:0F P:06 S:E5 mem:002AFF8E 13:2015 tv:0.000000 D0: BNE
lcpuC PC:E0CF (90 05 68) A:08 X:79 Y:0F P:06 S:E5 mem:002AFF8E 13:2013 tv:0.000000 90: BCC
lcpuC PC:E0D6 (AD 7C 02) A:08 X:79 Y:0F P:06 S:E5 mem:002AFF8E 13:2010 tv:0.000001 AD: LDA abs
lcpuC PC:E0D9 (6A 90 1B) A:10 X:79 Y:0F P:04 S:E5 mem:002AFF8E 13:2006 tv:0.000001 6A: ROR A
lcpuC PC:E0DA (90 1B A4) A:08 X:79 Y:0F P:04 S:E5 mem:002AFF8E 13:2004 tv:0.000001 90: BCC
lcpuC PC:E0F7 (A9 10 2C) A:08 X:79 Y:0F P:04 S:E5 mem:002AFF8E 13:2001 tv:0.000000 A9: LDA imm
lcpuC PC:E0F9 (2C 7C 02) A:10 X:79 Y:0F P:04 S:E5 mem:002AFF8E 13:1999 tv:0.000000 2C: BIT abs
lcpuC PC:E0FC (D0 0F AC) A:10 X:79 Y:0F P:04 S:E5 mem:002AFF8E 13:1995 tv:0.000001 D0: BNE
lcpuC PC:E10D (68 68 A8) A:10 X:79 Y:0F P:04 S:E5 mem:002AFF8E 13:1992 tv:0.000000 68: PLA
lcpuC PC:E10E (68 A8 68) A:41 X:79 Y:0F P:04 S:E6 mem:002AFF8E 13:1988 tv:0.000001 68: PLA
lcpuC PC:E10F (A8 68 AA) A:00 X:79 Y:0F P:06 S:E7 mem:002AFF8E 13:1984 tv:0.000000 A8: TAY
lcpuC PC:E110 (68 AA 68) A:00 X:79 Y:00 P:06 S:E7 mem:002AFF8E 13:1982 tv:0.000001 68: PLA
lcpuC PC:E111 (AA 68 60) A:00 X:79 Y:00 P:06 S:E8 mem:002AFF8E 13:1978 tv:0.000001 AA: TAX
lcpuC PC:E112 (68 60 2C) A:00 X:00 Y:00 P:06 S:E8 mem:002AFF8E 13:1976 tv:0.000000 68: PLA
lcpuC PC:E113 (60 2C 7C) A:41 X:00 Y:00 P:04 S:E9 mem:002AFF8E 13:1972 tv:0.000001 60: RTS
lcpuC PC:80B5 (4C 18 99) A:41 X:00 Y:00 P:04 S:EB mem:002AFF8E 13:1966 tv:0.000001 4C: JMP
lcpuC PC:9918 (A9 03 D0) A:41 X:00 Y:00 P:04 S:EB mem:002AFF8E 13:1963 tv:0.000000 A9: LDA imm
lcpuC PC:991A (D0 1A A9) A:03 X:00 Y:00 P:04 S:EB mem:002AFF8E 13:1961 tv:0.000000 D0: BNE
lcpuC PC:9936 (4C F4 FF) A:03 X:00 Y:00 P:04 S:EB mem:002AFF8E 13:1958 tv:0.000000 4C: JMP
lcpuC PC:FFF4 (6C 0A 02) A:03 X:00 Y:00 P:04 S:EB mem:002AFF8E 13:1955 tv:0.000001 6C: JMP ()
readmem_ex! addr=FFF5 val=0A
readmem_ex! addr=FFF6 val=02
lcpuC PC:E772 (48 08 78) A:03 X:00 Y:00 P:04 S:EB mem:002AFF8E 13:1950 tv:0.000007 48: PHA
lcpuC PC:E773 (08 78 85) A:03 X:00 Y:00 P:04 S:EA mem:002AFF11 13:1947 tv:0.000001 08: PHP
lcpuC PC:E774 (78 85 EF) A:03 X:00 Y:00 P:04 S:E9 mem:002AFE91 13:1944 tv:0.000001 78: SEI
lcpuC PC:E775 (85 EF 86) A:03 X:00 Y:00 P:04 S:E9 mem:002AFE91 13:1942 tv:0.000001 85: STA zp
lcpuC PC:E777 (86 F0 84) A:03 X:00 Y:00 P:04 S:E9 mem:002AFE91 13:1939 tv:0.000001 86: STX zp
lcpuC PC:E779 (84 F1 A2) A:03 X:00 Y:00 P:04 S:E9 mem:002AFE81 13:1936 tv:0.000001 84: STY zp
lcpuC PC:E77B (A2 07 C9) A:03 X:00 Y:00 P:04 S:E9 mem:002AFE81 13:1933 tv:0.000001 A2: LDX imm
lcpuC PC:E77D (C9 75 90) A:03 X:07 Y:00 P:04 S:E9 mem:002AFE81 13:1931 tv:0.000000 C9: CMP imm
lcpuC PC:E77F (90 41 C9) A:03 X:07 Y:00 P:84 S:E9 mem:002AFE81 13:1929 tv:0.000001 90: BCC
lcpuC PC:E7C2 (A0 00 C9) A:03 X:07 Y:00 P:84 S:E9 mem:002AFE81 13:1926 tv:0.000000 A0: LDY imm
lcpuC PC:E7C4 (C9 16 90) A:03 X:07 Y:00 P:06 S:E9 mem:002AFE81 13:1924 tv:0.000001 C9: CMP imm
lcpuC PC:E7C6 (90 C9 08) A:03 X:07 Y:00 P:84 S:E9 mem:002AFE81 13:1922 tv:0.000000 90: BCC
lcpuC PC:E791 (0A 38 84) A:03 X:07 Y:00 P:84 S:E9 mem:002AFE81 13:1919 tv:0.000001 0A: ASL A
lcpuC PC:E792 (38 84 F1) A:06 X:07 Y:00 P:04 S:E9 mem:002AFE81 13:1917 tv:0.000001 38: SEC
lcpuC PC:E793 (84 F1 A8) A:06 X:07 Y:00 P:05 S:E9 mem:002AFE81 13:1915 tv:0.000000 84: STY zp
lcpuC PC:E795 (A8 2C 5E) A:06 X:07 Y:00 P:05 S:E9 mem:002AFE81 13:1912 tv:0.000001 A8: TAY
lcpuC PC:E796 (2C 5E 02) A:06 X:07 Y:06 P:05 S:E9 mem:002AFE81 13:1910 tv:0.000000 2C: BIT abs
lcpuC PC:E799 (10 07 8A) A:06 X:07 Y:06 P:07 S:E9 mem:002AFE81 13:1906 tv:0.000001 10: BPL
lcpuC PC:E7A2 (B9 B4 E5) A:06 X:07 Y:06 P:07 S:E9 mem:002AFE81 13:1903 tv:0.000000 B9: LDA abs,y
lcpuC PC:E7A5 (85 FB B9) A:E9 X:07 Y:06 P:85 S:E9 mem:002AFE81 13:1899 tv:0.000000 85: STA zp
lcpuC PC:E7A7 (B9 B3 E5) A:E9 X:07 Y:06 P:85 S:E9 mem:002AFE81 13:1896 tv:0.000000 B9: LDA abs,y
lcpuC PC:E7AA (85 FA A5) A:97 X:07 Y:06 P:85 S:E9 mem:002AFE81 13:1892 tv:0.000001 85: STA zp
lcpuC PC:E7AC (A5 EF A4) A:97 X:07 Y:06 P:85 S:E9 mem:002AFE81 13:1889 tv:0.000000 A5: LDA zp
lcpuC PC:E7AE (A4 F1 B0) A:03 X:07 Y:06 P:05 S:E9 mem:002AFE81 13:1886 tv:0.000000 A4: LDY zp
lcpuC PC:E7B0 (B0 04 A0) A:03 X:07 Y:00 P:07 S:E9 mem:002AFE81 13:1883 tv:0.000001 B0: BCS
lcpuC PC:E7B6 (38 A6 F0) A:03 X:07 Y:00 P:07 S:E9 mem:002AFE81 13:1880 tv:0.000001 38: SEC
lcpuC PC:E7B7 (A6 F0 20) A:03 X:07 Y:00 P:07 S:E9 mem:002AFE81 13:1878 tv:0.000000 A6: LDX zp
lcpuC PC:E7B9 (20 58 F0) A:03 X:00 Y:00 P:07 S:E9 mem:002AFE81 13:1875 tv:0.000001 20: JSR
lcpuC PC:F058 (6C FA 00) A:03 X:00 Y:00 P:07 S:E7 mem:002AFFE2 13:1869 tv:0.000001 6C: JMP ()
lcpuC PC:E997 (18 69 E9) A:03 X:00 Y:00 P:07 S:E7 mem:002AFFE2 13:1864 tv:0.000001 18: CLC
lcpuC PC:E998 (69 E9 86) A:03 X:00 Y:00 P:06 S:E7 mem:002AFFE2 13:1862 tv:0.000001 69: ADC imm
lcpuC PC:E99A (86 F0 A8) A:EC X:00 Y:00 P:84 S:E7 mem:002AFFE2 13:1860 tv:0.000000 86: STX zp
lcpuC PC:E99C (A8 B9 90) A:EC X:00 Y:00 P:84 S:E7 mem:002AFFE2 13:1857 tv:0.000001 A8: TAY
lcpuC PC:E99D (B9 90 01) A:EC X:00 Y:EC P:84 S:E7 mem:002AFFE2 13:1855 tv:0.000000 B9: LDA abs,y
lcpuC PC:E9A0 (AA 25 F1) A:10 X:00 Y:EC P:04 S:E7 mem:002AFFE2 13:1851 tv:0.000000 AA: TAX
lcpuC PC:E9A1 (25 F1 45) A:10 X:10 Y:EC P:04 S:E7 mem:002AFFE2 13:1849 tv:0.000001 25: AND zp
lcpuC PC:E9A3 (45 F0 99) A:00 X:10 Y:EC P:06 S:E7 mem:002AFFE2 13:1846 tv:0.000001 45: EOR zp
lcpuC PC:E9A5 (99 90 01) A:00 X:10 Y:EC P:06 S:E7 mem:002AFFE2 13:1843 tv:0.000000 99: STA abs,y
lcpuC PC:E9A8 (B9 91 01) A:00 X:10 Y:EC P:06 S:E7 mem:002AFFD2 13:1838 tv:0.000000 B9: LDA abs,y
lcpuC PC:E9AB (A8 60 64) A:00 X:10 Y:EC P:06 S:E7 mem:002AFFD2 13:1834 tv:0.000001 A8: TAY
lcpuC PC:E9AC (60 64 7F) A:00 X:10 Y:00 P:06 S:E7 mem:002AFFD2 13:1832 tv:0.000001 60: RTS
lcpuC PC:E7BC (6A 28 2A) A:00 X:10 Y:00 P:06 S:E9 mem:002AFFD2 13:1826 tv:0.000001 6A: ROR A
lcpuC PC:E7BD (28 2A 68) A:00 X:10 Y:00 P:06 S:E9 mem:002AFFD2 13:1824 tv:0.000001 28: PLP
lcpuC PC:E7BE (2A 68 B8) A:00 X:10 Y:00 P:04 S:EA mem:002AFFD2 13:1820 tv:0.000000 2A: ROL A
lcpuC PC:E7BF (68 B8 60) A:00 X:10 Y:00 P:06 S:EA mem:002AFFD2 13:1818 tv:0.000000 68: PLA
lcpuC PC:E7C0 (B8 60 A0) A:03 X:10 Y:00 P:04 S:EB mem:002AFFD2 13:1814 tv:0.000000 B8: CLV
lcpuC PC:E7C1 (60 A0 00) A:03 X:10 Y:00 P:04 S:EB mem:002AFFD2 13:1812 tv:0.000000 60: RTS
lcpuC PC:8404 (68 A8 68) A:03 X:10 Y:00 P:04 S:ED mem:002AFFD2 13:1806 tv:0.000001 68: PLA
lcpuC PC:8405 (A8 68 AA) A:00 X:10 Y:00 P:06 S:EE mem:002AFFD2 13:1802 tv:0.000001 A8: TAY
lcpuC PC:8406 (68 AA 68) A:00 X:10 Y:00 P:06 S:EE mem:002AFFD2 13:1800 tv:0.000000 68: PLA
lcpuC PC:8407 (AA 68 60) A:FF X:10 Y:00 P:84 S:EF mem:002AFFD2 13:1796 tv:0.000000 AA: TAX
lcpuC PC:8408 (68 60 BA) A:FF X:FF Y:00 P:84 S:EF mem:002AFFD2 13:1794 tv:0.000001 68: PLA
lcpuC PC:8409 (60 BA 9D) A:41 X:FF Y:00 P:04 S:F0 mem:002AFFD2 13:1790 tv:0.000001 60: RTS
lcpuC PC:8080 (4C 74 80) A:41 X:FF Y:00 P:04 S:F2 mem:002AFFD2 13:1784 tv:0.000000 4C: JMP
lcpuC PC:8074 (20 DA 83) A:41 X:FF Y:00 P:04 S:F2 mem:002AFFD2 13:1781 tv:0.000001 20: JSR
lcpuC PC:83DA (E6 AE D0) A:41 X:FF Y:00 P:04 S:F0 mem:002AFFC9 13:1775 tv:0.000000 E6: INC zp
lcpuC PC:83DC (D0 02 E6) A:41 X:FF Y:00 P:04 S:F0 mem:002AFFCA 13:1770 tv:0.000000 D0: BNE
lcpuC PC:83E0 (60 48 8A) A:41 X:FF Y:00 P:04 S:F0 mem:002AFFCA 13:1767 tv:0.000000 60: RTS
lcpuC PC:8077 (B1 AE 30) A:41 X:FF Y:00 P:04 S:F2 mem:002AFFCA 13:1761 tv:0.000001 B1: LDA (),y
lcpuC PC:8079 (30 08 F0) A:63 X:FF Y:00 P:04 S:F2 mem:002AFFCA 13:1756 tv:0.000001 30: BMI
lcpuC PC:807B (F0 0D 20) A:63 X:FF Y:00 P:04 S:F2 mem:002AFFCA 13:1754 tv:0.000001 F0: BEQ
lcpuC PC:807D (20 9C 80) A:63 X:FF Y:00 P:04 S:F2 mem:002AFFCA 13:1752 tv:0.000001 20: JSR
lcpuC PC:809C (20 E1 83) A:63 X:FF Y:00 P:04 S:F0 mem:002AFFD3 13:1746 tv:0.000001 20: JSR
lcpuC PC:83E1 (48 8A 48) A:63 X:FF Y:00 P:04 S:EE mem:002AFFB1 13:1740 tv:0.000000 48: PHA
lcpuC PC:83E2 (8A 48 98) A:63 X:FF Y:00 P:04 S:ED mem:002B0014 13:1737 tv:0.000001 8A: TXA
lcpuC PC:83E3 (48 98 48) A:FF X:FF Y:00 P:84 S:ED mem:002B0014 13:1735 tv:0.000000 48: PHA
lcpuC PC:83E4 (98 48 A9) A:FF X:FF Y:00 P:84 S:EC mem:002B008F 13:1732 tv:0.000001 98: TYA
lcpuC PC:83E5 (48 A9 84) A:00 X:FF Y:00 P:06 S:EC mem:002B008F 13:1730 tv:0.000001 48: PHA
lcpuC PC:83E6 (A9 84 48) A:00 X:FF Y:00 P:06 S:EB mem:002B008C 13:1727 tv:0.000000 A9: LDA imm
lcpuC PC:83E8 (48 A9 03) A:84 X:FF Y:00 P:84 S:EB mem:002B008C 13:1725 tv:0.000001 48: PHA
lcpuC PC:83E9 (A9 03 48) A:84 X:FF Y:00 P:84 S:EA mem:002B010D 13:1722 tv:0.000001 A9: LDA imm
lcpuC PC:83EB (48 A0 05) A:03 X:FF Y:00 P:04 S:EA mem:002B010D 13:1720 tv:0.000000 48: PHA
lcpuC PC:83EC (A0 05 BA) A:03 X:FF Y:00 P:04 S:E9 mem:002B00DC 13:1717 tv:0.000001 A0: LDY imm
lcpuC PC:83EE (BA BD 07) A:03 X:FF Y:05 P:04 S:E9 mem:002B00DC 13:1715 tv:0.000001 BA: TSX
lcpuC PC:83EF (BD 07 01) A:03 X:E9 Y:05 P:84 S:E9 mem:002B00DC 13:1713 tv:0.000000 BD: LDA abs,x
lcpuC PC:83F2 (48 88 D0) A:80 X:E9 Y:05 P:84 S:E9 mem:002B00DC 13:1709 tv:0.000000 48: PHA
lcpuC PC:83F3 (88 D0 F8) A:80 X:E9 Y:05 P:84 S:E8 mem:002B0075 13:1706 tv:0.000000 88: DEY
lcpuC PC:83F4 (D0 F8 A0) A:80 X:E9 Y:04 P:04 S:E8 mem:002B0075 13:1704 tv:0.000001 D0: BNE
lcpuC PC:83EE (BA BD 07) A:80 X:E9 Y:04 P:04 S:E8 mem:002B0075 13:1701 tv:0.000001 BA: TSX
lcpuC PC:83EF (BD 07 01) A:80 X:E8 Y:04 P:84 S:E8 mem:002B0075 13:1699 tv:0.000000 BD: LDA abs,x
lcpuC PC:83F2 (48 88 D0) A:9E X:E8 Y:04 P:84 S:E8 mem:002B0075 13:1695 tv:0.000001 48: PHA
lcpuC PC:83F3 (88 D0 F8) A:9E X:E8 Y:04 P:84 S:E7 mem:002B0058 13:1692 tv:0.000000 88: DEY
lcpuC PC:83F4 (D0 F8 A0) A:9E X:E8 Y:03 P:04 S:E7 mem:002B0058 13:1690 tv:0.000000 D0: BNE
lcpuC PC:83EE (BA BD 07) A:9E X:E8 Y:03 P:04 S:E7 mem:002B0058 13:1687 tv:0.000001 BA: TSX
lcpuC PC:83EF (BD 07 01) A:9E X:E7 Y:03 P:84 S:E7 mem:002B0058 13:1685 tv:0.000001 BD: LDA abs,x
lcpuC PC:83F2 (48 88 D0) A:63 X:E7 Y:03 P:04 S:E7 mem:002B0058 13:1681 tv:0.000000 48: PHA
lcpuC PC:83F3 (88 D0 F8) A:63 X:E7 Y:03 P:04 S:E6 mem:002B00BB 13:1678 tv:0.000001 88: DEY
lcpuC PC:83F4 (D0 F8 A0) A:63 X:E7 Y:02 P:04 S:E6 mem:002B00BB 13:1676 tv:0.000000 D0: BNE
lcpuC PC:83EE (BA BD 07) A:63 X:E7 Y:02 P:04 S:E6 mem:002B00BB 13:1673 tv:0.000001 BA: TSX
lcpuC PC:83EF (BD 07 01) A:63 X:E6 Y:02 P:84 S:E6 mem:002B00BB 13:1671 tv:0.000001 BD: LDA abs,x
lcpuC PC:83F2 (48 88 D0) A:FF X:E6 Y:02 P:84 S:E6 mem:002B00BB 13:1667 tv:0.000001 48: PHA
lcpuC PC:83F3 (88 D0 F8) A:FF X:E6 Y:02 P:84 S:E5 mem:002B0179 13:1664 tv:0.000000 88: DEY
lcpuC PC:83F4 (D0 F8 A0) A:FF X:E6 Y:01 P:04 S:E5 mem:002B0179 13:1662 tv:0.000000 D0: BNE
lcpuC PC:83EE (BA BD 07) A:FF X:E6 Y:01 P:04 S:E5 mem:002B0179 13:1659 tv:0.000000 BA: TSX
lcpuC PC:83EF (BD 07 01) A:FF X:E5 Y:01 P:84 S:E5 mem:002B0179 13:1657 tv:0.000001 BD: LDA abs,x
lcpuC PC:83F2 (48 88 D0) A:00 X:E5 Y:01 P:06 S:E5 mem:002B0179 13:1653 tv:0.000000 48: PHA
lcpuC PC:83F3 (88 D0 F8) A:00 X:E5 Y:01 P:06 S:E4 mem:002B0099 13:1650 tv:0.000000 88: DEY
lcpuC PC:83F4 (D0 F8 A0) A:00 X:E5 Y:00 P:06 S:E4 mem:002B0099 13:1648 tv:0.000001 D0: BNE
lcpuC PC:83F6 (A0 0A BD) A:00 X:E5 Y:00 P:06 S:E4 mem:002B0099 13:1646 tv:0.000001 A0: LDY imm
lcpuC PC:83F8 (BD 09 01) A:00 X:E5 Y:0A P:04 S:E4 mem:002B0099 13:1644 tv:0.000000 BD: LDA abs,x
lcpuC PC:83FB (9D 0B 01) A:63 X:E5 Y:0A P:04 S:E4 mem:002B0099 13:1640 tv:0.000001 9D: STA abs,x
lcpuC PC:83FE (CA 88 D0) A:63 X:E5 Y:0A P:04 S:E4 mem:002B007C 13:1635 tv:0.000001 CA: DEX
lcpuC PC:83FF (88 D0 F6) A:63 X:E4 Y:0A P:84 S:E4 mem:002B007C 13:1633 tv:0.000000 88: DEY
lcpuC PC:8400 (D0 F6 68) A:63 X:E4 Y:09 P:04 S:E4 mem:002B007C 13:1631 tv:0.000000 D0: BNE
lcpuC PC:83F8 (BD 09 01) A:63 X:E4 Y:09 P:04 S:E4 mem:002B007C 13:1628 tv:0.000001 BD: LDA abs,x
lcpuC PC:83FB (9D 0B 01) A:FF X:E4 Y:09 P:84 S:E4 mem:002B007C 13:1624 tv:0.000000 9D: STA abs,x
lcpuC PC:83FE (CA 88 D0) A:FF X:E4 Y:09 P:84 S:E4 mem:002B00DD 13:1619 tv:0.000001 CA: DEX
lcpuC PC:83FF (88 D0 F6) A:FF X:E3 Y:09 P:84 S:E4 mem:002B00DD 13:1617 tv:0.000000 88: DEY
lcpuC PC:8400 (D0 F6 68) A:FF X:E3 Y:08 P:04 S:E4 mem:002B00DD 13:1615 tv:0.000000 D0: BNE
lcpuC PC:83F8 (BD 09 01) A:FF X:E3 Y:08 P:04 S:E4 mem:002B00DD 13:1612 tv:0.000000 BD: LDA abs,x
lcpuC PC:83FB (9D 0B 01) A:00 X:E3 Y:08 P:06 S:E4 mem:002B00DD 13:1608 tv:0.000001 9D: STA abs,x
lcpuC PC:83FE (CA 88 D0) A:00 X:E3 Y:08 P:06 S:E4 mem:002B007A 13:1603 tv:0.000001 CA: DEX
lcpuC PC:83FF (88 D0 F6) A:00 X:E2 Y:08 P:84 S:E4 mem:002B007A 13:1601 tv:0.000001 88: DEY
lcpuC PC:8400 (D0 F6 68) A:00 X:E2 Y:07 P:04 S:E4 mem:002B007A 13:1599 tv:0.000000 D0: BNE
lcpuC PC:83F8 (BD 09 01) A:00 X:E2 Y:07 P:04 S:E4 mem:002B007A 13:1596 tv:0.000001 BD: LDA abs,x
lcpuC PC:83FB (9D 0B 01) A:84 X:E2 Y:07 P:84 S:E4 mem:002B007A 13:1592 tv:0.000000 9D: STA abs,x
lcpuC PC:83FE (CA 88 D0) A:84 X:E2 Y:07 P:84 S:E4 mem:002AFFFF 13:1587 tv:0.000001 CA: DEX
lcpuC PC:83FF (88 D0 F6) A:84 X:E1 Y:07 P:84 S:E4 mem:002AFFFF 13:1585 tv:0.000000 88: DEY
lcpuC PC:8400 (D0 F6 68) A:84 X:E1 Y:06 P:04 S:E4 mem:002AFFFF 13:1583 tv:0.000001 D0: BNE
lcpuC PC:83F8 (BD 09 01) A:84 X:E1 Y:06 P:04 S:E4 mem:002AFFFF 13:1580 tv:0.000001 BD: LDA abs,x
lcpuC PC:83FB (9D 0B 01) A:03 X:E1 Y:06 P:04 S:E4 mem:002AFFFF 13:1576 tv:0.000001 9D: STA abs,x
lcpuC PC:83FE (CA 88 D0) A:03 X:E1 Y:06 P:04 S:E4 mem:002B0002 13:1571 tv:0.000000 CA: DEX
lcpuC PC:83FF (88 D0 F6) A:03 X:E0 Y:06 P:84 S:E4 mem:002B0002 13:1569 tv:0.000000 88: DEY
lcpuC PC:8400 (D0 F6 68) A:03 X:E0 Y:05 P:04 S:E4 mem:002B0002 13:1567 tv:0.000001 D0: BNE
lcpuC PC:83F8 (BD 09 01) A:03 X:E0 Y:05 P:04 S:E4 mem:002B0002 13:1564 tv:0.000000 BD: LDA abs,x
lcpuC PC:83FB (9D 0B 01) A:80 X:E0 Y:05 P:84 S:E4 mem:002B0002 13:1560 tv:0.000001 9D: STA abs,x
lcpuC PC:83FE (CA 88 D0) A:80 X:E0 Y:05 P:84 S:E4 mem:002AFFFE 13:1555 tv:0.000001 CA: DEX
lcpuC PC:83FF (88 D0 F6) A:80 X:DF Y:05 P:84 S:E4 mem:002AFFFE 13:1553 tv:0.000001 88: DEY
lcpuC PC:8400 (D0 F6 68) A:80 X:DF Y:04 P:04 S:E4 mem:002AFFFE 13:1551 tv:0.000000 D0: BNE
lcpuC PC:83F8 (BD 09 01) A:80 X:DF Y:04 P:04 S:E4 mem:002AFFFE 13:1548 tv:0.000000 BD: LDA abs,x
lcpuC PC:83FB (9D 0B 01) A:9E X:DF Y:04 P:84 S:E4 mem:002AFFFE 13:1544 tv:0.000001 9D: STA abs,x
lcpuC PC:83FE (CA 88 D0) A:9E X:DF Y:04 P:84 S:E4 mem:002B0099 13:1539 tv:0.000001 CA: DEX
lcpuC PC:83FF (88 D0 F6) A:9E X:DE Y:04 P:84 S:E4 mem:002B0099 13:1537 tv:0.000000 88: DEY
lcpuC PC:8400 (D0 F6 68) A:9E X:DE Y:03 P:04 S:E4 mem:002B0099 13:1535 tv:0.000000 D0: BNE
lcpuC PC:83F8 (BD 09 01) A:9E X:DE Y:03 P:04 S:E4 mem:002B0099 13:1532 tv:0.000001 BD: LDA abs,x
lcpuC PC:83FB (9D 0B 01) A:63 X:DE Y:03 P:04 S:E4 mem:002B0099 13:1528 tv:0.000001 9D: STA abs,x
lcpuC PC:83FE (CA 88 D0) A:63 X:DE Y:03 P:04 S:E4 mem:002B007C 13:1523 tv:0.000000 CA: DEX
lcpuC PC:83FF (88 D0 F6) A:63 X:DD Y:03 P:84 S:E4 mem:002B007C 13:1521 tv:0.000000 88: DEY
lcpuC PC:8400 (D0 F6 68) A:63 X:DD Y:02 P:04 S:E4 mem:002B007C 13:1519 tv:0.000001 D0: BNE
lcpuC PC:83F8 (BD 09 01) A:63 X:DD Y:02 P:04 S:E4 mem:002B007C 13:1516 tv:0.000001 BD: LDA abs,x
lcpuC PC:83FB (9D 0B 01) A:FF X:DD Y:02 P:84 S:E4 mem:002B007C 13:1512 tv:0.000000 9D: STA abs,x
lcpuC PC:83FE (CA 88 D0) A:FF X:DD Y:02 P:84 S:E4 mem:002B00DD 13:1507 tv:0.000001 CA: DEX
lcpuC PC:83FF (88 D0 F6) A:FF X:DC Y:02 P:84 S:E4 mem:002B00DD 13:1505 tv:0.000001 88: DEY
lcpuC PC:8400 (D0 F6 68) A:FF X:DC Y:01 P:04 S:E4 mem:002B00DD 13:1503 tv:0.000000 D0: BNE
lcpuC PC:83F8 (BD 09 01) A:FF X:DC Y:01 P:04 S:E4 mem:002B00DD 13:1500 tv:0.000000 BD: LDA abs,x
lcpuC PC:83FB (9D 0B 01) A:00 X:DC Y:01 P:06 S:E4 mem:002B00DD 13:1496 tv:0.000001 9D: STA abs,x
lcpuC PC:83FE (CA 88 D0) A:00 X:DC Y:01 P:06 S:E4 mem:002B007A 13:1491 tv:0.000001 CA: DEX
lcpuC PC:83FF (88 D0 F6) A:00 X:DB Y:01 P:84 S:E4 mem:002B007A 13:1489 tv:0.000001 88: DEY
lcpuC PC:8400 (D0 F6 68) A:00 X:DB Y:00 P:06 S:E4 mem:002B007A 13:1487 tv:0.000001 D0: BNE
lcpuC PC:8402 (68 68 68) A:00 X:DB Y:00 P:06 S:E4 mem:002B007A 13:1485 tv:0.000000 68: PLA
lcpuC PC:8403 (68 68 A8) A:00 X:DB Y:00 P:06 S:E5 mem:002B007A 13:1481 tv:0.000001 68: PLA
lcpuC PC:8404 (68 A8 68) A:FF X:DB Y:00 P:84 S:E6 mem:002B007A 13:1477 tv:0.000000 68: PLA
lcpuC PC:8405 (A8 68 AA) A:00 X:DB Y:00 P:06 S:E7 mem:002B007A 13:1473 tv:0.000000 A8: TAY
lcpuC PC:8406 (68 AA 68) A:00 X:DB Y:00 P:06 S:E7 mem:002B007A 13:1471 tv:0.000000 68: PLA
lcpuC PC:8407 (AA 68 60) A:FF X:DB Y:00 P:84 S:E8 mem:002B007A 13:1467 tv:0.000001 AA: TAX
lcpuC PC:8408 (68 60 BA) A:FF X:FF Y:00 P:84 S:E8 mem:002B007A 13:1465 tv:0.000000 68: PLA
lcpuC PC:8409 (60 BA 9D) A:63 X:FF Y:00 P:04 S:E9 mem:002B007A 13:1461 tv:0.000001 60: RTS
lcpuC PC:809F (2C DE 10) A:63 X:FF Y:00 P:04 S:EB mem:002B007A 13:1455 tv:0.000001 2C: BIT abs
lcpuC PC:80A2 (10 14 48) A:63 X:FF Y:00 P:C4 S:EB mem:002B007A 13:1451 tv:0.000001 10: BPL
lcpuC PC:80A4 (48 20 1C) A:63 X:FF Y:00 P:C4 S:EB mem:002B007A 13:1449 tv:0.000001 48: PHA
lcpuC PC:80A5 (20 1C 99) A:63 X:FF Y:00 P:C4 S:EA mem:002B005D 13:1446 tv:0.000000 20: JSR
lcpuC PC:991C (A9 EC D0) A:63 X:FF Y:00 P:C4 S:E8 mem:002B0083 13:1440 tv:0.000000 A9: LDA imm
lcpuC PC:991E (D0 12 A9) A:EC X:FF Y:00 P:C4 S:E8 mem:002B0083 13:1438 tv:0.000000 D0: BNE
lcpuC PC:9932 (A2 00 A0) A:EC X:FF Y:00 P:C4 S:E8 mem:002B0083 13:1435 tv:0.000000 A2: LDX imm
lcpuC PC:9934 (A0 FF 4C) A:EC X:00 Y:00 P:46 S:E8 mem:002B0083 13:1433 tv:0.000000 A0: LDY imm
lcpuC PC:9936 (4C F4 FF) A:EC X:00 Y:FF P:C4 S:E8 mem:002B0083 13:1431 tv:0.000001 4C: JMP
lcpuC PC:FFF4 (6C 0A 02) A:EC X:00 Y:FF P:C4 S:E8 mem:002B0083 13:1428 tv:0.000000 6C: JMP ()
readmem_ex! addr=FFF5 val=0A
readmem_ex! addr=FFF6 val=02
lcpuC PC:E772 (48 08 78) A:EC X:00 Y:FF P:C4 S:E8 mem:002B0083 13:1423 tv:0.000007 48: PHA
lcpuC PC:E773 (08 78 85) A:EC X:00 Y:FF P:C4 S:E7 mem:002B0070 13:1420 tv:0.000001 08: PHP
lcpuC PC:E774 (78 85 EF) A:EC X:00 Y:FF P:C4 S:E6 mem:002B0164 13:1417 tv:0.000001 78: SEI
lcpuC PC:E775 (85 EF 86) A:EC X:00 Y:FF P:C4 S:E6 mem:002B0164 13:1415 tv:0.000001 85: STA zp
lcpuC PC:E777 (86 F0 84) A:EC X:00 Y:FF P:C4 S:E6 mem:002B024D 13:1412 tv:0.000000 86: STX zp
lcpuC PC:E779 (84 F1 A2) A:EC X:00 Y:FF P:C4 S:E6 mem:002B024D 13:1409 tv:0.000000 84: STY zp
lcpuC PC:E77B (A2 07 C9) A:EC X:00 Y:FF P:C4 S:E6 mem:002B034C 13:1406 tv:0.000001 A2: LDX imm
lcpuC PC:E77D (C9 75 90) A:EC X:07 Y:FF P:44 S:E6 mem:002B034C 13:1404 tv:0.000000 C9: CMP imm
lcpuC PC:E77F (90 41 C9) A:EC X:07 Y:FF P:45 S:E6 mem:002B034C 13:1402 tv:0.000000 90: BCC
lcpuC PC:E781 (C9 A1 90) A:EC X:07 Y:FF P:45 S:E6 mem:002B034C 13:1400 tv:0.000000 C9: CMP imm
lcpuC PC:E783 (90 09 C9) A:EC X:07 Y:FF P:45 S:E6 mem:002B034C 13:1398 tv:0.000000 90: BCC
lcpuC PC:E785 (C9 A6 90) A:EC X:07 Y:FF P:45 S:E6 mem:002B034C 13:1396 tv:0.000001 C9: CMP imm
lcpuC PC:E787 (90 3F 18) A:EC X:07 Y:FF P:45 S:E6 mem:002B034C 13:1394 tv:0.000001 90: BCC
lcpuC PC:E789 (18 A9 A1) A:EC X:07 Y:FF P:45 S:E6 mem:002B034C 13:1392 tv:0.000001 18: CLC
lcpuC PC:E78A (A9 A1 69) A:EC X:07 Y:FF P:44 S:E6 mem:002B034C 13:1390 tv:0.000001 A9: LDA imm
lcpuC PC:E78C (69 00 38) A:A1 X:07 Y:FF P:C4 S:E6 mem:002B034C 13:1388 tv:0.000000 69: ADC imm
lcpuC PC:E78E (38 E9 5F) A:A1 X:07 Y:FF P:84 S:E6 mem:002B034C 13:1386 tv:0.000000 38: SEC
lcpuC PC:E78F (E9 5F 0A) A:A1 X:07 Y:FF P:85 S:E6 mem:002B034C 13:1384 tv:0.000000 E9: SBC imm
lcpuC PC:E791 (0A 38 84) A:42 X:07 Y:FF P:45 S:E6 mem:002B034C 13:1382 tv:0.000000 0A: ASL A
lcpuC PC:E792 (38 84 F1) A:84 X:07 Y:FF P:C4 S:E6 mem:002B034C 13:1380 tv:0.000000 38: SEC
lcpuC PC:E793 (84 F1 A8) A:84 X:07 Y:FF P:C5 S:E6 mem:002B034C 13:1378 tv:0.000000 84: STY zp
lcpuC PC:E795 (A8 2C 5E) A:84 X:07 Y:FF P:C5 S:E6 mem:002B034C 13:1375 tv:0.000000 A8: TAY
lcpuC PC:E796 (2C 5E 02) A:84 X:07 Y:84 P:C5 S:E6 mem:002B034C 13:1373 tv:0.000001 2C: BIT abs
lcpuC PC:E799 (10 07 8A) A:84 X:07 Y:84 P:07 S:E6 mem:002B034C 13:1369 tv:0.000001 10: BPL
lcpuC PC:E7A2 (B9 B4 E5) A:84 X:07 Y:84 P:07 S:E6 mem:002B034C 13:1366 tv:0.000000 B9: LDA abs,y
lcpuC PC:E7A5 (85 FB B9) A:E9 X:07 Y:84 P:85 S:E6 mem:002B034C 13:1362 tv:0.000001 85: STA zp
lcpuC PC:E7A7 (B9 B3 E5) A:E9 X:07 Y:84 P:85 S:E6 mem:002B034C 13:1359 tv:0.000000 B9: LDA abs,y
lcpuC PC:E7AA (85 FA A5) A:9C X:07 Y:84 P:85 S:E6 mem:002B034C 13:1355 tv:0.000001 85: STA zp
lcpuC PC:E7AC (A5 EF A4) A:9C X:07 Y:84 P:85 S:E6 mem:002B0351 13:1352 tv:0.000001 A5: LDA zp
lcpuC PC:E7AE (A4 F1 B0) A:EC X:07 Y:84 P:85 S:E6 mem:002B0351 13:1349 tv:0.000000 A4: LDY zp
lcpuC PC:E7B0 (B0 04 A0) A:EC X:07 Y:FF P:85 S:E6 mem:002B0351 13:1346 tv:0.000001 B0: BCS
lcpuC PC:E7B6 (38 A6 F0) A:EC X:07 Y:FF P:85 S:E6 mem:002B0351 13:1343 tv:0.000000 38: SEC
lcpuC PC:E7B7 (A6 F0 20) A:EC X:07 Y:FF P:85 S:E6 mem:002B0351 13:1341 tv:0.000001 A6: LDX zp
lcpuC PC:E7B9 (20 58 F0) A:EC X:00 Y:FF P:07 S:E6 mem:002B0351 13:1338 tv:0.000000 20: JSR
lcpuC PC:F058 (6C FA 00) A:EC X:00 Y:FF P:07 S:E4 mem:002B03F4 13:1332 tv:0.000000 6C: JMP ()
lcpuC PC:E99C (A8 B9 90) A:EC X:00 Y:FF P:07 S:E4 mem:002B03F4 13:1327 tv:0.000001 A8: TAY
lcpuC PC:E99D (B9 90 01) A:EC X:00 Y:EC P:85 S:E4 mem:002B03F4 13:1325 tv:0.000000 B9: LDA abs,y
lcpuC PC:E9A0 (AA 25 F1) A:00 X:00 Y:EC P:07 S:E4 mem:002B03F4 13:1321 tv:0.000001 AA: TAX
lcpuC PC:E9A1 (25 F1 45) A:00 X:00 Y:EC P:07 S:E4 mem:002B03F4 13:1319 tv:0.000000 25: AND zp
lcpuC PC:E9A3 (45 F0 99) A:00 X:00 Y:EC P:07 S:E4 mem:002B03F4 13:1316 tv:0.000001 45: EOR zp
lcpuC PC:E9A5 (99 90 01) A:00 X:00 Y:EC P:07 S:E4 mem:002B03F4 13:1313 tv:0.000000 99: STA abs,y
lcpuC PC:E9A8 (B9 91 01) A:00 X:00 Y:EC P:07 S:E4 mem:002B03F4 13:1308 tv:0.000001 B9: LDA abs,y
lcpuC PC:E9AB (A8 60 64) A:00 X:00 Y:EC P:07 S:E4 mem:002B03F4 13:1304 tv:0.000001 A8: TAY
lcpuC PC:E9AC (60 64 7F) A:00 X:00 Y:00 P:07 S:E4 mem:002B03F4 13:1302 tv:0.000000 60: RTS
lcpuC PC:E7BC (6A 28 2A) A:00 X:00 Y:00 P:07 S:E6 mem:002B03F4 13:1296 tv:0.000000 6A: ROR A
lcpuC PC:E7BD (28 2A 68) A:80 X:00 Y:00 P:84 S:E6 mem:002B03F4 13:1294 tv:0.000000 28: PLP
lcpuC PC:E7BE (2A 68 B8) A:80 X:00 Y:00 P:C4 S:E7 mem:002B03F4 13:1290 tv:0.000000 2A: ROL A
lcpuC PC:E7BF (68 B8 60) A:00 X:00 Y:00 P:47 S:E7 mem:002B03F4 13:1288 tv:0.000001 68: PLA
lcpuC PC:E7C0 (B8 60 A0) A:EC X:00 Y:00 P:C5 S:E8 mem:002B03F4 13:1284 tv:0.000000 B8: CLV
lcpuC PC:E7C1 (60 A0 00) A:EC X:00 Y:00 P:85 S:E8 mem:002B03F4 13:1282 tv:0.000000 60: RTS
lcpuC PC:80A8 (8A 48 09) A:EC X:00 Y:00 P:85 S:EA mem:002B03F4 13:1276 tv:0.000001 8A: TXA
lcpuC PC:80A9 (48 09 10) A:00 X:00 Y:00 P:07 S:EA mem:002B03F4 13:1274 tv:0.000001 48: PHA
lcpuC PC:80AA (09 10 20) A:00 X:00 Y:00 P:07 S:E9 mem:002B0374 13:1271 tv:0.000000 09: ORA imm
lcpuC PC:80AC (20 17 99) A:10 X:00 Y:00 P:05 S:E9 mem:002B0374 13:1269 tv:0.000001 20: JSR
lcpuC PC:9917 (AA A9 03) A:10 X:00 Y:00 P:05 S:E7 mem:002B030F 13:1263 tv:0.000000 AA: TAX
lcpuC PC:9918 (A9 03 D0) A:10 X:10 Y:00 P:05 S:E7 mem:002B030F 13:1261 tv:0.000000 A9: LDA imm
lcpuC PC:991A (D0 1A A9) A:03 X:10 Y:00 P:05 S:E7 mem:002B030F 13:1259 tv:0.000000 D0: BNE
lcpuC PC:9936 (4C F4 FF) A:03 X:10 Y:00 P:05 S:E7 mem:002B030F 13:1256 tv:0.000000 4C: JMP
lcpuC PC:FFF4 (6C 0A 02) A:03 X:10 Y:00 P:05 S:E7 mem:002B030F 13:1253 tv:0.000000 6C: JMP ()
readmem_ex! addr=FFF5 val=0A
readmem_ex! addr=FFF6 val=02
lcpuC PC:E772 (48 08 78) A:03 X:10 Y:00 P:05 S:E7 mem:002B030F 13:1248 tv:0.000005 48: PHA
lcpuC PC:E773 (08 78 85) A:03 X:10 Y:00 P:05 S:E6 mem:002B021E 13:1245 tv:0.000000 08: PHP
lcpuC PC:E774 (78 85 EF) A:03 X:10 Y:00 P:05 S:E5 mem:002B016C 13:1242 tv:0.000000 78: SEI
lcpuC PC:E775 (85 EF 86) A:03 X:10 Y:00 P:05 S:E5 mem:002B016C 13:1240 tv:0.000000 85: STA zp
lcpuC PC:E777 (86 F0 84) A:03 X:10 Y:00 P:05 S:E5 mem:002B0083 13:1237 tv:0.000001 86: STX zp
lcpuC PC:E779 (84 F1 A2) A:03 X:10 Y:00 P:05 S:E5 mem:002B0093 13:1234 tv:0.000000 84: STY zp
lcpuC PC:E77B (A2 07 C9) A:03 X:10 Y:00 P:05 S:E5 mem:002AFF94 13:1231 tv:0.000001 A2: LDX imm
lcpuC PC:E77D (C9 75 90) A:03 X:07 Y:00 P:05 S:E5 mem:002AFF94 13:1229 tv:0.000001 C9: CMP imm
lcpuC PC:E77F (90 41 C9) A:03 X:07 Y:00 P:84 S:E5 mem:002AFF94 13:1227 tv:0.000000 90: BCC
lcpuC PC:E7C2 (A0 00 C9) A:03 X:07 Y:00 P:84 S:E5 mem:002AFF94 13:1224 tv:0.000001 A0: LDY imm
lcpuC PC:E7C4 (C9 16 90) A:03 X:07 Y:00 P:06 S:E5 mem:002AFF94 13:1222 tv:0.000001 C9: CMP imm
lcpuC PC:E7C6 (90 C9 08) A:03 X:07 Y:00 P:84 S:E5 mem:002AFF94 13:1220 tv:0.000000 90: BCC
lcpuC PC:E791 (0A 38 84) A:03 X:07 Y:00 P:84 S:E5 mem:002AFF94 13:1217 tv:0.000000 0A: ASL A
lcpuC PC:E792 (38 84 F1) A:06 X:07 Y:00 P:04 S:E5 mem:002AFF94 13:1215 tv:0.000001 38: SEC
lcpuC PC:E793 (84 F1 A8) A:06 X:07 Y:00 P:05 S:E5 mem:002AFF94 13:1213 tv:0.000001 84: STY zp
lcpuC PC:E795 (A8 2C 5E) A:06 X:07 Y:00 P:05 S:E5 mem:002AFF94 13:1210 tv:0.000000 A8: TAY
lcpuC PC:E796 (2C 5E 02) A:06 X:07 Y:06 P:05 S:E5 mem:002AFF94 13:1208 tv:0.000000 2C: BIT abs
lcpuC PC:E799 (10 07 8A) A:06 X:07 Y:06 P:07 S:E5 mem:002AFF94 13:1204 tv:0.000001 10: BPL
lcpuC PC:E7A2 (B9 B4 E5) A:06 X:07 Y:06 P:07 S:E5 mem:002AFF94 13:1201 tv:0.000000 B9: LDA abs,y
lcpuC PC:E7A5 (85 FB B9) A:E9 X:07 Y:06 P:85 S:E5 mem:002AFF94 13:1197 tv:0.000001 85: STA zp
lcpuC PC:E7A7 (B9 B3 E5) A:E9 X:07 Y:06 P:85 S:E5 mem:002AFF94 13:1194 tv:0.000000 B9: LDA abs,y
lcpuC PC:E7AA (85 FA A5) A:97 X:07 Y:06 P:85 S:E5 mem:002AFF94 13:1190 tv:0.000000 85: STA zp
lcpuC PC:E7AC (A5 EF A4) A:97 X:07 Y:06 P:85 S:E5 mem:002AFF8F 13:1187 tv:0.000000 A5: LDA zp
lcpuC PC:E7AE (A4 F1 B0) A:03 X:07 Y:06 P:05 S:E5 mem:002AFF8F 13:1184 tv:0.000000 A4: LDY zp
lcpuC PC:E7B0 (B0 04 A0) A:03 X:07 Y:00 P:07 S:E5 mem:002AFF8F 13:1181 tv:0.000000 B0: BCS
lcpuC PC:E7B6 (38 A6 F0) A:03 X:07 Y:00 P:07 S:E5 mem:002AFF8F 13:1178 tv:0.000000 38: SEC
lcpuC PC:E7B7 (A6 F0 20) A:03 X:07 Y:00 P:07 S:E5 mem:002AFF8F 13:1176 tv:0.000001 A6: LDX zp
lcpuC PC:E7B9 (20 58 F0) A:03 X:10 Y:00 P:05 S:E5 mem:002AFF8F 13:1173 tv:0.000001 20: JSR
lcpuC PC:F058 (6C FA 00) A:03 X:10 Y:00 P:05 S:E3 mem:002AFFAF 13:1167 tv:0.000001 6C: JMP ()
lcpuC PC:E997 (18 69 E9) A:03 X:10 Y:00 P:05 S:E3 mem:002AFFAF 13:1162 tv:0.000001 18: CLC
lcpuC PC:E998 (69 E9 86) A:03 X:10 Y:00 P:04 S:E3 mem:002AFFAF 13:1160 tv:0.000000 69: ADC imm
lcpuC PC:E99A (86 F0 A8) A:EC X:10 Y:00 P:84 S:E3 mem:002AFFAF 13:1158 tv:0.000001 86: STX zp
lcpuC PC:E99C (A8 B9 90) A:EC X:10 Y:00 P:84 S:E3 mem:002AFFAF 13:1155 tv:0.000000 A8: TAY
lcpuC PC:E99D (B9 90 01) A:EC X:10 Y:EC P:84 S:E3 mem:002AFFAF 13:1153 tv:0.000001 B9: LDA abs,y
lcpuC PC:E9A0 (AA 25 F1) A:00 X:10 Y:EC P:06 S:E3 mem:002AFFAF 13:1149 tv:0.000000 AA: TAX
lcpuC PC:E9A1 (25 F1 45) A:00 X:00 Y:EC P:06 S:E3 mem:002AFFAF 13:1147 tv:0.000000 25: AND zp
lcpuC PC:E9A3 (45 F0 99) A:00 X:00 Y:EC P:06 S:E3 mem:002AFFAF 13:1144 tv:0.000000 45: EOR zp
lcpuC PC:E9A5 (99 90 01) A:10 X:00 Y:EC P:04 S:E3 mem:002AFFAF 13:1141 tv:0.000001 99: STA abs,y
lcpuC PC:E9A8 (B9 91 01) A:10 X:00 Y:EC P:04 S:E3 mem:002AFFBF 13:1136 tv:0.000001 B9: LDA abs,y
lcpuC PC:E9AB (A8 60 64) A:00 X:00 Y:EC P:06 S:E3 mem:002AFFBF 13:1132 tv:0.000000 A8: TAY
lcpuC PC:E9AC (60 64 7F) A:00 X:00 Y:00 P:06 S:E3 mem:002AFFBF 13:1130 tv:0.000000 60: RTS
lcpuC PC:E7BC (6A 28 2A) A:00 X:00 Y:00 P:06 S:E5 mem:002AFFBF 13:1124 tv:0.000001 6A: ROR A
lcpuC PC:E7BD (28 2A 68) A:00 X:00 Y:00 P:06 S:E5 mem:002AFFBF 13:1122 tv:0.000000 28: PLP
lcpuC PC:E7BE (2A 68 B8) A:00 X:00 Y:00 P:05 S:E6 mem:002AFFBF 13:1118 tv:0.000001 2A: ROL A
lcpuC PC:E7BF (68 B8 60) A:01 X:00 Y:00 P:04 S:E6 mem:002AFFBF 13:1116 tv:0.000001 68: PLA
lcpuC PC:E7C0 (B8 60 A0) A:03 X:00 Y:00 P:04 S:E7 mem:002AFFBF 13:1112 tv:0.000001 B8: CLV
lcpuC PC:E7C1 (60 A0 00) A:03 X:00 Y:00 P:04 S:E7 mem:002AFFBF 13:1110 tv:0.000000 60: RTS
lcpuC PC:80AF (68 AA 68) A:03 X:00 Y:00 P:04 S:E9 mem:002AFFBF 13:1104 tv:0.000000 68: PLA
lcpuC PC:80B0 (AA 68 20) A:00 X:00 Y:00 P:06 S:EA mem:002AFFBF 13:1100 tv:0.000000 AA: TAX
lcpuC PC:80B1 (68 20 E3) A:00 X:00 Y:00 P:06 S:EA mem:002AFFBF 13:1098 tv:0.000000 68: PLA
lcpuC PC:80B2 (20 E3 FF) A:63 X:00 Y:00 P:04 S:EB mem:002AFFBF 13:1094 tv:0.000000 20: JSR
lcpuC PC:FFE3 (C9 0D D0) A:63 X:00 Y:00 P:04 S:E9 mem:002B0090 13:1088 tv:0.000000 C9: CMP imm
readmem_ex! addr=FFE4 val=0D
lcpuC PC:FFE5 (D0 07 A9) A:63 X:00 Y:00 P:05 S:E9 mem:002B0090 13:1086 tv:0.000004 D0: BNE
readmem_ex! addr=FFE6 val=07
lcpuC PC:FFEE (6C 0E 02) A:63 X:00 Y:00 P:05 S:E9 mem:002B0090 13:1083 tv:0.000003 6C: JMP ()
readmem_ex! addr=FFEF val=0E
readmem_ex! addr=FFF0 val=02
lcpuC PC:E0A4 (48 8A 48) A:63 X:00 Y:00 P:05 S:E9 mem:002B0090 13:1078 tv:0.000006 48: PHA
lcpuC PC:E0A5 (8A 48 98) A:63 X:00 Y:00 P:05 S:E8 mem:002B0073 13:1075 tv:0.000001 8A: TXA
lcpuC PC:E0A6 (48 98 48) A:00 X:00 Y:00 P:07 S:E8 mem:002B0073 13:1073 tv:0.000000 48: PHA
lcpuC PC:E0A7 (98 48 BA) A:00 X:00 Y:00 P:07 S:E7 mem:002AFFC5 13:1070 tv:0.000000 98: TYA
lcpuC PC:E0A8 (48 BA BD) A:00 X:00 Y:00 P:07 S:E7 mem:002AFFC5 13:1068 tv:0.000001 48: PHA
lcpuC PC:E0A9 (BA BD 03) A:00 X:00 Y:00 P:07 S:E6 mem:002AFFC2 13:1065 tv:0.000000 BA: TSX
lcpuC PC:E0AA (BD 03 01) A:00 X:E6 Y:00 P:85 S:E6 mem:002AFFC2 13:1063 tv:0.000000 BD: LDA abs,x
lcpuC PC:E0AD (48 2C 60) A:63 X:E6 Y:00 P:05 S:E6 mem:002AFFC2 13:1059 tv:0.000001 48: PHA
lcpuC PC:E0AE (2C 60 02) A:63 X:E6 Y:00 P:05 S:E5 mem:002AFFF0 13:1056 tv:0.000000 2C: BIT abs
lcpuC PC:E0B1 (10 08 A8) A:63 X:E6 Y:00 P:07 S:E5 mem:002AFFF0 13:1052 tv:0.000001 10: BPL
lcpuC PC:E0BB (18 A9 02) A:63 X:E6 Y:00 P:07 S:E5 mem:002AFFF0 13:1049 tv:0.000001 18: CLC
lcpuC PC:E0BC (A9 02 2C) A:63 X:E6 Y:00 P:06 S:E5 mem:002AFFF0 13:1047 tv:0.000001 A9: LDA imm
lcpuC PC:E0BE (2C 7C 02) A:02 X:E6 Y:00 P:04 S:E5 mem:002AFFF0 13:1045 tv:0.000000 2C: BIT abs
lcpuC PC:E0C1 (D0 05 68) A:02 X:E6 Y:00 P:06 S:E5 mem:002AFFF0 13:1041 tv:0.000000 D0: BNE
lcpuC PC:E0C3 (68 48 20) A:02 X:E6 Y:00 P:06 S:E5 mem:002AFFF0 13:1039 tv:0.000000 68: PLA
lcpuC PC:E0C4 (48 20 C0) A:63 X:E6 Y:00 P:04 S:E6 mem:002AFFF0 13:1035 tv:0.000000 48: PHA
lcpuC PC:E0C5 (20 C0 C4) A:63 X:E6 Y:00 P:04 S:E5 mem:002AFFF0 13:1032 tv:0.000001 20: JSR
lcpuC PC:C4C0 (AE 6A 02) A:63 X:E6 Y:00 P:04 S:E3 mem:002AFFF5 13:1026 tv:0.000000 AE: LDX abs
lcpuC PC:C4C3 (D0 4D 24) A:63 X:00 Y:00 P:06 S:E3 mem:002AFFF5 13:1022 tv:0.000001 D0: BNE
lcpuC PC:C4C5 (24 D0 50) A:63 X:00 Y:00 P:06 S:E3 mem:002AFFF5 13:1020 tv:0.000001 24: BIT zp
lcpuC PC:C4C7 (50 0F 20) A:63 X:00 Y:00 P:06 S:E3 mem:002AFFF5 13:1017 tv:0.000001 50: BVC
lcpuC PC:C4D8 (C9 7F F0) A:63 X:00 Y:00 P:06 S:E3 mem:002AFFF5 13:1014 tv:0.000000 C9: CMP imm
lcpuC PC:C4DA (F0 11 C9) A:63 X:00 Y:00 P:84 S:E3 mem:002AFFF5 13:1012 tv:0.000000 F0: BEQ
lcpuC PC:C4DC (C9 20 90) A:63 X:00 Y:00 P:84 S:E3 mem:002AFFF5 13:1010 tv:0.000001 C9: CMP imm
lcpuC PC:C4DE (90 0F 24) A:63 X:00 Y:00 P:05 S:E3 mem:002AFFF5 13:1008 tv:0.000000 90: BCC
lcpuC PC:C4E0 (24 D0 30) A:63 X:00 Y:00 P:05 S:E3 mem:002AFFF5 13:1006 tv:0.000000 24: BIT zp
lcpuC PC:C4E2 (30 06 20) A:63 X:00 Y:00 P:07 S:E3 mem:002AFFF5 13:1003 tv:0.000001 30: BMI
lcpuC PC:C4E4 (20 B7 CF) A:63 X:00 Y:00 P:07 S:E3 mem:002AFFF5 13:1001 tv:0.000000 20: JSR
lcpuC PC:CFB7 (AE 60 03) A:63 X:00 Y:00 P:07 S:E1 mem:002AFFF2 13:995 tv:0.000000 AE: LDX abs
lcpuC PC:CFBA (F0 20 20) A:63 X:00 Y:00 P:07 S:E1 mem:002AFFF2 13:991 tv:0.000000 F0: BEQ
lcpuC PC:CFDC (A0 02 D9) A:63 X:00 Y:00 P:07 S:E1 mem:002AFFF2 13:988 tv:0.000000 A0: LDY imm
lcpuC PC:CFDE (D9 B6 C4) A:63 X:00 Y:02 P:05 S:E1 mem:002AFFF2 13:986 tv:0.000000 D9: CMP abs,y
lcpuC PC:CFE1 (F0 06 88) A:63 X:00 Y:02 P:05 S:E1 mem:002AFFF2 13:982 tv:0.000000 F0: BEQ
lcpuC PC:CFE3 (88 10 F8) A:63 X:00 Y:02 P:05 S:E1 mem:002AFFF2 13:980 tv:0.000001 88: DEY
lcpuC PC:CFE4 (10 F8 81) A:63 X:00 Y:01 P:05 S:E1 mem:002AFFF2 13:978 tv:0.000000 10: BPL
lcpuC PC:CFDE (D9 B6 C4) A:63 X:00 Y:01 P:05 S:E1 mem:002AFFF2 13:975 tv:0.000001 D9: CMP abs,y
lcpuC PC:CFE1 (F0 06 88) A:63 X:00 Y:01 P:05 S:E1 mem:002AFFF2 13:971 tv:0.000000 F0: BEQ
lcpuC PC:CFE3 (88 10 F8) A:63 X:00 Y:01 P:05 S:E1 mem:002AFFF2 13:969 tv:0.000000 88: DEY
lcpuC PC:CFE4 (10 F8 81) A:63 X:00 Y:00 P:07 S:E1 mem:002AFFF2 13:967 tv:0.000000 10: BPL
lcpuC PC:CFDE (D9 B6 C4) A:63 X:00 Y:00 P:07 S:E1 mem:002AFFF2 13:964 tv:0.000000 D9: CMP abs,y
lcpuC PC:CFE1 (F0 06 88) A:63 X:00 Y:00 P:05 S:E1 mem:002AFFF2 13:960 tv:0.000000 F0: BEQ
lcpuC PC:CFE3 (88 10 F8) A:63 X:00 Y:00 P:05 S:E1 mem:002AFFF2 13:958 tv:0.000001 88: DEY
lcpuC PC:CFE4 (10 F8 81) A:63 X:00 Y:FF P:85 S:E1 mem:002AFFF2 13:956 tv:0.000000 10: BPL
lcpuC PC:CFE6 (81 D8 60) A:63 X:00 Y:FF P:85 S:E1 mem:002AFFF2 13:954 tv:0.000001 81: STA (,x)
lcpuC PC:CFE8 (60 B9 B7) A:63 X:00 Y:FF P:85 S:E1 mem:002B0035 13:948 tv:0.000001 60: RTS
lcpuC PC:C4E7 (20 64 C6) A:63 X:00 Y:FF P:85 S:E3 mem:002B0035 13:942 tv:0.000001 20: JSR
lcpuC PC:C664 (A5 D0 29) A:63 X:00 Y:FF P:85 S:E1 mem:002B0038 13:936 tv:0.000000 A5: LDA zp
lcpuC PC:C666 (29 20 D0) A:00 X:00 Y:FF P:07 S:E1 mem:002B0038 13:933 tv:0.000001 29: AND
lcpuC PC:C668 (D0 4A AE) A:00 X:00 Y:FF P:07 S:E1 mem:002B0038 13:930 tv:0.000000 D0: BNE
lcpuC PC:C66A (AE 18 03) A:00 X:00 Y:FF P:07 S:E1 mem:002B0038 13:928 tv:0.000001 AE: LDX abs
lcpuC PC:C66D (EC 0A 03) A:00 X:01 Y:FF P:05 S:E1 mem:002B0038 13:924 tv:0.000001 EC: CPX abs
lcpuC PC:C670 (B0 12 EE) A:00 X:01 Y:FF P:84 S:E1 mem:002B0038 13:920 tv:0.000002 B0: BCS
lcpuC PC:C672 (EE 18 03) A:00 X:01 Y:FF P:84 S:E1 mem:002B0038 13:918 tv:0.000000 EE: INC abs
lcpuC PC:C675 (AD 4A 03) A:00 X:01 Y:FF P:04 S:E1 mem:002B0039 13:912 tv:0.000002 AD: LDA abs
lcpuC PC:C678 (6D 4F 03) A:79 X:01 Y:FF P:04 S:E1 mem:002B0039 13:908 tv:0.000001 6D: ADC abs
lcpuC PC:C67B (AA AD 4B) A:7A X:01 Y:FF P:04 S:E1 mem:002B0039 13:904 tv:0.000003 AA: TAX
lcpuC PC:C67C (AD 4B 03) A:7A X:7A Y:FF P:04 S:E1 mem:002B0039 13:902 tv:0.000001 AD: LDA abs
lcpuC PC:C67F (69 00 4C) A:7C X:7A Y:FF P:04 S:E1 mem:002B0039 13:898 tv:0.000001 69: ADC imm
lcpuC PC:C681 (4C F6 C9) A:7C X:7A Y:FF P:04 S:E1 mem:002B0039 13:896 tv:0.000000 4C: JMP
lcpuC PC:C9F6 (8E 4A 03) A:7C X:7A Y:FF P:04 S:E1 mem:002B0039 13:893 tv:0.000001 8E: STX abs
lcpuC PC:C9F9 (8D 4B 03) A:7C X:7A Y:FF P:04 S:E1 mem:002B003A 13:889 tv:0.000000 8D: STA abs
lcpuC PC:C9FC (10 04 38) A:7C X:7A Y:FF P:04 S:E1 mem:002B003A 13:885 tv:0.000001 10: BPL
lcpuC PC:CA02 (86 D8 85) A:7C X:7A Y:FF P:04 S:E1 mem:002B003A 13:882 tv:0.000000 86: STX zp
lcpuC PC:CA04 (85 D9 AE) A:7C X:7A Y:FF P:04 S:E1 mem:002B003B 13:879 tv:0.000001 85: STA zp
lcpuC PC:CA06 (AE 4A 03) A:7C X:7A Y:FF P:04 S:E1 mem:002B003B 13:876 tv:0.000000 AE: LDX abs
lcpuC PC:CA09 (AD 4B 03) A:7C X:7A Y:FF P:04 S:E1 mem:002B003B 13:872 tv:0.000001 AD: LDA abs
lcpuC PC:CA0C (A0 0E 48) A:7C X:7A Y:FF P:04 S:E1 mem:002B003B 13:868 tv:0.000001 A0: LDY imm
lcpuC PC:CA0E (48 AD 55) A:7C X:7A Y:0E P:04 S:E1 mem:002B003B 13:866 tv:0.000000 48: PHA
lcpuC PC:CA0F (AD 55 03) A:7C X:7A Y:0E P:04 S:E0 mem:002B003B 13:863 tv:0.000001 AD: LDA abs
lcpuC PC:CA12 (C9 07 68) A:07 X:7A Y:0E P:04 S:E0 mem:002B003B 13:859 tv:0.000000 C9: CMP imm
lcpuC PC:CA14 (68 B0 10) A:07 X:7A Y:0E P:07 S:E0 mem:002B003B 13:857 tv:0.000000 68: PLA
lcpuC PC:CA15 (B0 10 86) A:7C X:7A Y:0E P:05 S:E1 mem:002B003B 13:853 tv:0.000000 B0: BCS
lcpuC PC:CA27 (E9 74 49) A:7C X:7A Y:0E P:05 S:E1 mem:002B003B 13:850 tv:0.000000 E9: SBC imm
lcpuC PC:CA29 (49 20 8C) A:08 X:7A Y:0E P:05 S:E1 mem:002B003B 13:848 tv:0.000001 49: EOR imm
lcpuC PC:CA2B (8C 00 FE) A:28 X:7A Y:0E P:05 S:E1 mem:002B003B 13:846 tv:0.000000 8C: STY abs
here! 0x00000e 0x00ca2e 0xe6fa3010 0xcdde0ebc tv:0.000000 (cycle 846  pc ~CA2B
writemem_ex! addr=FE00 val=0E
lcpuC PC:CA2E (8D 01 FE) A:28 X:7A Y:0E P:05 S:E1 mem:002B003B 13:842 tv:0.000007 8D: STA abs
here! 0x000028 0x00ca31 0xe6fa3010 0xcdde0ebc tv:0.000000 (cycle 842  pc ~CA2E
writemem_ex! addr=FE01 val=28
lcpuC PC:CA31 (C8 8C 00) A:28 X:7A Y:0E P:05 S:E1 mem:002B003B 13:838 tv:0.000007 C8: INY
lcpuC PC:CA32 (8C 00 FE) A:28 X:7A Y:0F P:05 S:E1 mem:002B003B 13:836 tv:0.000001 8C: STY abs
here! 0x00000f 0x00ca35 0xe6fa3010 0xcdde0ebc tv:0.000000 (cycle 836  pc ~CA32
writemem_ex! addr=FE00 val=0F
lcpuC PC:CA35 (8E 01 FE) A:28 X:7A Y:0F P:05 S:E1 mem:002B003B 13:832 tv:0.000006 8E: STX abs
here! 0x00007a 0x00ca38 0xe6fa3010 0xcdde0ebc tv:0.000000 (cycle 832  pc ~CA35
writemem_ex! addr=FE01 val=7A
lcpuC PC:CA38 (60 20 81) A:28 X:7A Y:0F P:05 S:E1 mem:002B003B 13:828 tv:0.000007 60: RTS
lcpuC PC:C4EA (4C 5E C5) A:28 X:7A Y:0F P:05 S:E3 mem:002B003B 13:822 tv:0.000001 4C: JMP
lcpuC PC:C55E (A5 D0 4A) A:28 X:7A Y:0F P:05 S:E3 mem:002B003B 13:819 tv:0.000000 A5: LDA zp
lcpuC PC:C560 (4A 24 D0) A:00 X:7A Y:0F P:07 S:E3 mem:002B003B 13:816 tv:0.000000 4A: LSR A
lcpuC PC:C561 (24 D0 50) A:00 X:7A Y:0F P:06 S:E3 mem:002B003B 13:814 tv:0.000000 24: BIT zp
lcpuC PC:C563 (50 AC 20) A:00 X:7A Y:0F P:06 S:E3 mem:002B003B 13:811 tv:0.000000 50: BVC
lcpuC PC:C511 (60 9D 24) A:00 X:7A Y:0F P:06 S:E3 mem:002B003B 13:808 tv:0.000001 60: RTS
lcpuC PC:E0C8 (A9 08 2C) A:00 X:7A Y:0F P:06 S:E5 mem:002B003B 13:802 tv:0.000000 A9: LDA imm
lcpuC PC:E0CA (2C 7C 02) A:08 X:7A Y:0F P:04 S:E5 mem:002B003B 13:800 tv:0.000000 2C: BIT abs
lcpuC PC:E0CD (D0 02 90) A:08 X:7A Y:0F P:06 S:E5 mem:002B003B 13:796 tv:0.000001 D0: BNE
lcpuC PC:E0CF (90 05 68) A:08 X:7A Y:0F P:06 S:E5 mem:002B003B 13:794 tv:0.000001 90: BCC
lcpuC PC:E0D6 (AD 7C 02) A:08 X:7A Y:0F P:06 S:E5 mem:002B003B 13:791 tv:0.000001 AD: LDA abs
lcpuC PC:E0D9 (6A 90 1B) A:10 X:7A Y:0F P:04 S:E5 mem:002B003B 13:787 tv:0.000001 6A: ROR A
lcpuC PC:E0DA (90 1B A4) A:08 X:7A Y:0F P:04 S:E5 mem:002B003B 13:785 tv:0.000001 90: BCC
lcpuC PC:E0F7 (A9 10 2C) A:08 X:7A Y:0F P:04 S:E5 mem:002B003B 13:782 tv:0.000000 A9: LDA imm
lcpuC PC:E0F9 (2C 7C 02) A:10 X:7A Y:0F P:04 S:E5 mem:002B003B 13:780 tv:0.000001 2C: BIT abs
lcpuC PC:E0FC (D0 0F AC) A:10 X:7A Y:0F P:04 S:E5 mem:002B003B 13:776 tv:0.000001 D0: BNE
lcpuC PC:E10D (68 68 A8) A:10 X:7A Y:0F P:04 S:E5 mem:002B003B 13:773 tv:0.000001 68: PLA
lcpuC PC:E10E (68 A8 68) A:63 X:7A Y:0F P:04 S:E6 mem:002B003B 13:769 tv:0.000000 68: PLA
lcpuC PC:E10F (A8 68 AA) A:00 X:7A Y:0F P:06 S:E7 mem:002B003B 13:765 tv:0.000000 A8: TAY
lcpuC PC:E110 (68 AA 68) A:00 X:7A Y:00 P:06 S:E7 mem:002B003B 13:763 tv:0.000000 68: PLA
lcpuC PC:E111 (AA 68 60) A:00 X:7A Y:00 P:06 S:E8 mem:002B003B 13:759 tv:0.000001 AA: TAX
lcpuC PC:E112 (68 60 2C) A:00 X:00 Y:00 P:06 S:E8 mem:002B003B 13:757 tv:0.000001 68: PLA
lcpuC PC:E113 (60 2C 7C) A:63 X:00 Y:00 P:04 S:E9 mem:002B003B 13:753 tv:0.000000 60: RTS
lcpuC PC:80B5 (4C 18 99) A:63 X:00 Y:00 P:04 S:EB mem:002B003B 13:747 tv:0.000001 4C: JMP
lcpuC PC:9918 (A9 03 D0) A:63 X:00 Y:00 P:04 S:EB mem:002B003B 13:744 tv:0.000001 A9: LDA imm
lcpuC PC:991A (D0 1A A9) A:03 X:00 Y:00 P:04 S:EB mem:002B003B 13:742 tv:0.000001 D0: BNE
lcpuC PC:9936 (4C F4 FF) A:03 X:00 Y:00 P:04 S:EB mem:002B003B 13:739 tv:0.000000 4C: JMP
lcpuC PC:FFF4 (6C 0A 02) A:03 X:00 Y:00 P:04 S:EB mem:002B003B 13:736 tv:0.000000 6C: JMP ()
readmem_ex! addr=FFF5 val=0A
readmem_ex! addr=FFF6 val=02
lcpuC PC:E772 (48 08 78) A:03 X:00 Y:00 P:04 S:EB mem:002B003B 13:731 tv:0.000006 48: PHA
lcpuC PC:E773 (08 78 85) A:03 X:00 Y:00 P:04 S:EA mem:002AFFBE 13:728 tv:0.000000 08: PHP
lcpuC PC:E774 (78 85 EF) A:03 X:00 Y:00 P:04 S:E9 mem:002AFF3E 13:725 tv:0.000000 78: SEI
lcpuC PC:E775 (85 EF 86) A:03 X:00 Y:00 P:04 S:E9 mem:002AFF3E 13:723 tv:0.000000 85: STA zp
lcpuC PC:E777 (86 F0 84) A:03 X:00 Y:00 P:04 S:E9 mem:002AFF3E 13:720 tv:0.000000 86: STX zp
lcpuC PC:E779 (84 F1 A2) A:03 X:00 Y:00 P:04 S:E9 mem:002AFF2E 13:717 tv:0.000001 84: STY zp
lcpuC PC:E77B (A2 07 C9) A:03 X:00 Y:00 P:04 S:E9 mem:002AFF2E 13:714 tv:0.000000 A2: LDX imm
lcpuC PC:E77D (C9 75 90) A:03 X:07 Y:00 P:04 S:E9 mem:002AFF2E 13:712 tv:0.000001 C9: CMP imm
lcpuC PC:E77F (90 41 C9) A:03 X:07 Y:00 P:84 S:E9 mem:002AFF2E 13:710 tv:0.000001 90: BCC
lcpuC PC:E7C2 (A0 00 C9) A:03 X:07 Y:00 P:84 S:E9 mem:002AFF2E 13:707 tv:0.000001 A0: LDY imm
lcpuC PC:E7C4 (C9 16 90) A:03 X:07 Y:00 P:06 S:E9 mem:002AFF2E 13:705 tv:0.000001 C9: CMP imm
lcpuC PC:E7C6 (90 C9 08) A:03 X:07 Y:00 P:84 S:E9 mem:002AFF2E 13:703 tv:0.000000 90: BCC
lcpuC PC:E791 (0A 38 84) A:03 X:07 Y:00 P:84 S:E9 mem:002AFF2E 13:700 tv:0.000000 0A: ASL A
lcpuC PC:E792 (38 84 F1) A:06 X:07 Y:00 P:04 S:E9 mem:002AFF2E 13:698 tv:0.000000 38: SEC
lcpuC PC:E793 (84 F1 A8) A:06 X:07 Y:00 P:05 S:E9 mem:002AFF2E 13:696 tv:0.000000 84: STY zp
lcpuC PC:E795 (A8 2C 5E) A:06 X:07 Y:00 P:05 S:E9 mem:002AFF2E 13:693 tv:0.000001 A8: TAY
lcpuC PC:E796 (2C 5E 02) A:06 X:07 Y:06 P:05 S:E9 mem:002AFF2E 13:691 tv:0.000001 2C: BIT abs
lcpuC PC:E799 (10 07 8A) A:06 X:07 Y:06 P:07 S:E9 mem:002AFF2E 13:687 tv:0.000000 10: BPL
lcpuC PC:E7A2 (B9 B4 E5) A:06 X:07 Y:06 P:07 S:E9 mem:002AFF2E 13:684 tv:0.000000 B9: LDA abs,y
lcpuC PC:E7A5 (85 FB B9) A:E9 X:07 Y:06 P:85 S:E9 mem:002AFF2E 13:680 tv:0.000001 85: STA zp
lcpuC PC:E7A7 (B9 B3 E5) A:E9 X:07 Y:06 P:85 S:E9 mem:002AFF2E 13:677 tv:0.000000 B9: LDA abs,y
lcpuC PC:E7AA (85 FA A5) A:97 X:07 Y:06 P:85 S:E9 mem:002AFF2E 13:673 tv:0.000000 85: STA zp
lcpuC PC:E7AC (A5 EF A4) A:97 X:07 Y:06 P:85 S:E9 mem:002AFF2E 13:670 tv:0.000001 A5: LDA zp
lcpuC PC:E7AE (A4 F1 B0) A:03 X:07 Y:06 P:05 S:E9 mem:002AFF2E 13:667 tv:0.000001 A4: LDY zp
lcpuC PC:E7B0 (B0 04 A0) A:03 X:07 Y:00 P:07 S:E9 mem:002AFF2E 13:664 tv:0.000000 B0: BCS
lcpuC PC:E7B6 (38 A6 F0) A:03 X:07 Y:00 P:07 S:E9 mem:002AFF2E 13:661 tv:0.000000 38: SEC
lcpuC PC:E7B7 (A6 F0 20) A:03 X:07 Y:00 P:07 S:E9 mem:002AFF2E 13:659 tv:0.000001 A6: LDX zp
lcpuC PC:E7B9 (20 58 F0) A:03 X:00 Y:00 P:07 S:E9 mem:002AFF2E 13:656 tv:0.000000 20: JSR
lcpuC PC:F058 (6C FA 00) A:03 X:00 Y:00 P:07 S:E7 mem:002B006D 13:650 tv:0.000000 6C: JMP ()
lcpuC PC:E997 (18 69 E9) A:03 X:00 Y:00 P:07 S:E7 mem:002B006D 13:645 tv:0.000000 18: CLC
lcpuC PC:E998 (69 E9 86) A:03 X:00 Y:00 P:06 S:E7 mem:002B006D 13:643 tv:0.000000 69: ADC imm
lcpuC PC:E99A (86 F0 A8) A:EC X:00 Y:00 P:84 S:E7 mem:002B006D 13:641 tv:0.000001 86: STX zp
lcpuC PC:E99C (A8 B9 90) A:EC X:00 Y:00 P:84 S:E7 mem:002B006D 13:638 tv:0.000001 A8: TAY
lcpuC PC:E99D (B9 90 01) A:EC X:00 Y:EC P:84 S:E7 mem:002B006D 13:636 tv:0.000001 B9: LDA abs,y
lcpuC PC:E9A0 (AA 25 F1) A:10 X:00 Y:EC P:04 S:E7 mem:002B006D 13:632 tv:0.000001 AA: TAX
lcpuC PC:E9A1 (25 F1 45) A:10 X:10 Y:EC P:04 S:E7 mem:002B006D 13:630 tv:0.000001 25: AND zp
lcpuC PC:E9A3 (45 F0 99) A:00 X:10 Y:EC P:06 S:E7 mem:002B006D 13:627 tv:0.000001 45: EOR zp
lcpuC PC:E9A5 (99 90 01) A:00 X:10 Y:EC P:06 S:E7 mem:002B006D 13:624 tv:0.000000 99: STA abs,y
lcpuC PC:E9A8 (B9 91 01) A:00 X:10 Y:EC P:06 S:E7 mem:002B005D 13:619 tv:0.000001 B9: LDA abs,y
lcpuC PC:E9AB (A8 60 64) A:00 X:10 Y:EC P:06 S:E7 mem:002B005D 13:615 tv:0.000001 A8: TAY
lcpuC PC:E9AC (60 64 7F) A:00 X:10 Y:00 P:06 S:E7 mem:002B005D 13:613 tv:0.000000 60: RTS
lcpuC PC:E7BC (6A 28 2A) A:00 X:10 Y:00 P:06 S:E9 mem:002B005D 13:607 tv:0.000001 6A: ROR A
lcpuC PC:E7BD (28 2A 68) A:00 X:10 Y:00 P:06 S:E9 mem:002B005D 13:605 tv:0.000000 28: PLP
lcpuC PC:E7BE (2A 68 B8) A:00 X:10 Y:00 P:04 S:EA mem:002B005D 13:601 tv:0.000001 2A: ROL A
lcpuC PC:E7BF (68 B8 60) A:00 X:10 Y:00 P:06 S:EA mem:002B005D 13:599 tv:0.000001 68: PLA
lcpuC PC:E7C0 (B8 60 A0) A:03 X:10 Y:00 P:04 S:EB mem:002B005D 13:595 tv:0.000000 B8: CLV
lcpuC PC:E7C1 (60 A0 00) A:03 X:10 Y:00 P:04 S:EB mem:002B005D 13:593 tv:0.000000 60: RTS
lcpuC PC:8404 (68 A8 68) A:03 X:10 Y:00 P:04 S:ED mem:002B005D 13:587 tv:0.000001 68: PLA
lcpuC PC:8405 (A8 68 AA) A:00 X:10 Y:00 P:06 S:EE mem:002B005D 13:583 tv:0.000001 A8: TAY
lcpuC PC:8406 (68 AA 68) A:00 X:10 Y:00 P:06 S:EE mem:002B005D 13:581 tv:0.000000 68: PLA
lcpuC PC:8407 (AA 68 60) A:FF X:10 Y:00 P:84 S:EF mem:002B005D 13:577 tv:0.000000 AA: TAX
lcpuC PC:8408 (68 60 BA) A:FF X:FF Y:00 P:84 S:EF mem:002B005D 13:575 tv:0.000000 68: PLA
lcpuC PC:8409 (60 BA 9D) A:63 X:FF Y:00 P:04 S:F0 mem:002B005D 13:571 tv:0.000000 60: RTS
lcpuC PC:8080 (4C 74 80) A:63 X:FF Y:00 P:04 S:F2 mem:002B005D 13:565 tv:0.000000 4C: JMP
lcpuC PC:8074 (20 DA 83) A:63 X:FF Y:00 P:04 S:F2 mem:002B005D 13:562 tv:0.000001 20: JSR
lcpuC PC:83DA (E6 AE D0) A:63 X:FF Y:00 P:04 S:F0 mem:002B0054 13:556 tv:0.000001 E6: INC zp
lcpuC PC:83DC (D0 02 E6) A:63 X:FF Y:00 P:04 S:F0 mem:002B0055 13:551 tv:0.000001 D0: BNE
lcpuC PC:83E0 (60 48 8A) A:63 X:FF Y:00 P:04 S:F0 mem:002B0055 13:548 tv:0.000000 60: RTS
lcpuC PC:8077 (B1 AE 30) A:63 X:FF Y:00 P:04 S:F2 mem:002B0055 13:542 tv:0.000001 B1: LDA (),y
lcpuC PC:8079 (30 08 F0) A:6F X:FF Y:00 P:04 S:F2 mem:002B0055 13:537 tv:0.000001 30: BMI
lcpuC PC:807B (F0 0D 20) A:6F X:FF Y:00 P:04 S:F2 mem:002B0055 13:535 tv:0.000001 F0: BEQ
lcpuC PC:807D (20 9C 80) A:6F X:FF Y:00 P:04 S:F2 mem:002B0055 13:533 tv:0.000001 20: JSR
lcpuC PC:809C (20 E1 83) A:6F X:FF Y:00 P:04 S:F0 mem:002B005E 13:527 tv:0.000001 20: JSR
lcpuC PC:83E1 (48 8A 48) A:6F X:FF Y:00 P:04 S:EE mem:002B001A 13:521 tv:0.000000 48: PHA
lcpuC PC:83E2 (8A 48 98) A:6F X:FF Y:00 P:04 S:ED mem:002B0089 13:518 tv:0.000000 8A: TXA
lcpuC PC:83E3 (48 98 48) A:FF X:FF Y:00 P:84 S:ED mem:002B0089 13:516 tv:0.000000 48: PHA
lcpuC PC:83E4 (98 48 A9) A:FF X:FF Y:00 P:84 S:EC mem:002B0104 13:513 tv:0.000001 98: TYA
lcpuC PC:83E5 (48 A9 84) A:00 X:FF Y:00 P:06 S:EC mem:002B0104 13:511 tv:0.000001 48: PHA
lcpuC PC:83E6 (A9 84 48) A:00 X:FF Y:00 P:06 S:EB mem:002B0101 13:508 tv:0.000001 A9: LDA imm
lcpuC PC:83E8 (48 A9 03) A:84 X:FF Y:00 P:84 S:EB mem:002B0101 13:506 tv:0.000001 48: PHA
lcpuC PC:83E9 (A9 03 48) A:84 X:FF Y:00 P:84 S:EA mem:002B0182 13:503 tv:0.000001 A9: LDA imm
lcpuC PC:83EB (48 A0 05) A:03 X:FF Y:00 P:04 S:EA mem:002B0182 13:501 tv:0.000001 48: PHA
lcpuC PC:83EC (A0 05 BA) A:03 X:FF Y:00 P:04 S:E9 mem:002B0151 13:498 tv:0.000001 A0: LDY imm
lcpuC PC:83EE (BA BD 07) A:03 X:FF Y:05 P:04 S:E9 mem:002B0151 13:496 tv:0.000001 BA: TSX
lcpuC PC:83EF (BD 07 01) A:03 X:E9 Y:05 P:84 S:E9 mem:002B0151 13:494 tv:0.000001 BD: LDA abs,x
lcpuC PC:83F2 (48 88 D0) A:80 X:E9 Y:05 P:84 S:E9 mem:002B0151 13:490 tv:0.000001 48: PHA
lcpuC PC:83F3 (88 D0 F8) A:80 X:E9 Y:05 P:84 S:E8 mem:002B00EA 13:487 tv:0.000001 88: DEY
lcpuC PC:83F4 (D0 F8 A0) A:80 X:E9 Y:04 P:04 S:E8 mem:002B00EA 13:485 tv:0.000000 D0: BNE
lcpuC PC:83EE (BA BD 07) A:80 X:E9 Y:04 P:04 S:E8 mem:002B00EA 13:482 tv:0.000000 BA: TSX
lcpuC PC:83EF (BD 07 01) A:80 X:E8 Y:04 P:84 S:E8 mem:002B00EA 13:480 tv:0.000001 BD: LDA abs,x
lcpuC PC:83F2 (48 88 D0) A:9E X:E8 Y:04 P:84 S:E8 mem:002B00EA 13:476 tv:0.000001 48: PHA
lcpuC PC:83F3 (88 D0 F8) A:9E X:E8 Y:04 P:84 S:E7 mem:002B00CD 13:473 tv:0.000001 88: DEY
lcpuC PC:83F4 (D0 F8 A0) A:9E X:E8 Y:03 P:04 S:E7 mem:002B00CD 13:471 tv:0.000000 D0: BNE
lcpuC PC:83EE (BA BD 07) A:9E X:E8 Y:03 P:04 S:E7 mem:002B00CD 13:468 tv:0.000001 BA: TSX
lcpuC PC:83EF (BD 07 01) A:9E X:E7 Y:03 P:84 S:E7 mem:002B00CD 13:466 tv:0.000001 BD: LDA abs,x
lcpuC PC:83F2 (48 88 D0) A:6F X:E7 Y:03 P:04 S:E7 mem:002B00CD 13:462 tv:0.000001 48: PHA
lcpuC PC:83F3 (88 D0 F8) A:6F X:E7 Y:03 P:04 S:E6 mem:002B013C 13:459 tv:0.000001 88: DEY
lcpuC PC:83F4 (D0 F8 A0) A:6F X:E7 Y:02 P:04 S:E6 mem:002B013C 13:457 tv:0.000000 D0: BNE
lcpuC PC:83EE (BA BD 07) A:6F X:E7 Y:02 P:04 S:E6 mem:002B013C 13:454 tv:0.000000 BA: TSX
lcpuC PC:83EF (BD 07 01) A:6F X:E6 Y:02 P:84 S:E6 mem:002B013C 13:452 tv:0.000001 BD: LDA abs,x
lcpuC PC:83F2 (48 88 D0) A:FF X:E6 Y:02 P:84 S:E6 mem:002B013C 13:448 tv:0.000000 48: PHA
lcpuC PC:83F3 (88 D0 F8) A:FF X:E6 Y:02 P:84 S:E5 mem:002B01D8 13:445 tv:0.000000 88: DEY
lcpuC PC:83F4 (D0 F8 A0) A:FF X:E6 Y:01 P:04 S:E5 mem:002B01D8 13:443 tv:0.000000 D0: BNE
lcpuC PC:83EE (BA BD 07) A:FF X:E6 Y:01 P:04 S:E5 mem:002B01D8 13:440 tv:0.000001 BA: TSX
lcpuC PC:83EF (BD 07 01) A:FF X:E5 Y:01 P:84 S:E5 mem:002B01D8 13:438 tv:0.000000 BD: LDA abs,x
lcpuC PC:83F2 (48 88 D0) A:00 X:E5 Y:01 P:06 S:E5 mem:002B01D8 13:434 tv:0.000000 48: PHA
lcpuC PC:83F3 (88 D0 F8) A:00 X:E5 Y:01 P:06 S:E4 mem:002B00F8 13:431 tv:0.000000 88: DEY
lcpuC PC:83F4 (D0 F8 A0) A:00 X:E5 Y:00 P:06 S:E4 mem:002B00F8 13:429 tv:0.000000 D0: BNE
lcpuC PC:83F6 (A0 0A BD) A:00 X:E5 Y:00 P:06 S:E4 mem:002B00F8 13:427 tv:0.000000 A0: LDY imm
lcpuC PC:83F8 (BD 09 01) A:00 X:E5 Y:0A P:04 S:E4 mem:002B00F8 13:425 tv:0.000001 BD: LDA abs,x
lcpuC PC:83FB (9D 0B 01) A:6F X:E5 Y:0A P:04 S:E4 mem:002B00F8 13:421 tv:0.000001 9D: STA abs,x
lcpuC PC:83FE (CA 88 D0) A:6F X:E5 Y:0A P:04 S:E4 mem:002B00E7 13:416 tv:0.000000 CA: DEX
lcpuC PC:83FF (88 D0 F6) A:6F X:E4 Y:0A P:84 S:E4 mem:002B00E7 13:414 tv:0.000001 88: DEY
lcpuC PC:8400 (D0 F6 68) A:6F X:E4 Y:09 P:04 S:E4 mem:002B00E7 13:412 tv:0.000001 D0: BNE
lcpuC PC:83F8 (BD 09 01) A:6F X:E4 Y:09 P:04 S:E4 mem:002B00E7 13:409 tv:0.000001 BD: LDA abs,x
lcpuC PC:83FB (9D 0B 01) A:FF X:E4 Y:09 P:84 S:E4 mem:002B00E7 13:405 tv:0.000000 9D: STA abs,x
lcpuC PC:83FE (CA 88 D0) A:FF X:E4 Y:09 P:84 S:E4 mem:002B0148 13:400 tv:0.000000 CA: DEX
lcpuC PC:83FF (88 D0 F6) A:FF X:E3 Y:09 P:84 S:E4 mem:002B0148 13:398 tv:0.000000 88: DEY
lcpuC PC:8400 (D0 F6 68) A:FF X:E3 Y:08 P:04 S:E4 mem:002B0148 13:396 tv:0.000000 D0: BNE
lcpuC PC:83F8 (BD 09 01) A:FF X:E3 Y:08 P:04 S:E4 mem:002B0148 13:393 tv:0.000000 BD: LDA abs,x
lcpuC PC:83FB (9D 0B 01) A:00 X:E3 Y:08 P:06 S:E4 mem:002B0148 13:389 tv:0.000001 9D: STA abs,x
lcpuC PC:83FE (CA 88 D0) A:00 X:E3 Y:08 P:06 S:E4 mem:002B00D9 13:384 tv:0.000000 CA: DEX
lcpuC PC:83FF (88 D0 F6) A:00 X:E2 Y:08 P:84 S:E4 mem:002B00D9 13:382 tv:0.000001 88: DEY
lcpuC PC:8400 (D0 F6 68) A:00 X:E2 Y:07 P:04 S:E4 mem:002B00D9 13:380 tv:0.000000 D0: BNE
lcpuC PC:83F8 (BD 09 01) A:00 X:E2 Y:07 P:04 S:E4 mem:002B00D9 13:377 tv:0.000000 BD: LDA abs,x
lcpuC PC:83FB (9D 0B 01) A:84 X:E2 Y:07 P:84 S:E4 mem:002B00D9 13:373 tv:0.000001 9D: STA abs,x
lcpuC PC:83FE (CA 88 D0) A:84 X:E2 Y:07 P:84 S:E4 mem:002B005E 13:368 tv:0.000000 CA: DEX
lcpuC PC:83FF (88 D0 F6) A:84 X:E1 Y:07 P:84 S:E4 mem:002B005E 13:366 tv:0.000000 88: DEY
lcpuC PC:8400 (D0 F6 68) A:84 X:E1 Y:06 P:04 S:E4 mem:002B005E 13:364 tv:0.000000 D0: BNE
lcpuC PC:83F8 (BD 09 01) A:84 X:E1 Y:06 P:04 S:E4 mem:002B005E 13:361 tv:0.000000 BD: LDA abs,x
lcpuC PC:83FB (9D 0B 01) A:03 X:E1 Y:06 P:04 S:E4 mem:002B005E 13:357 tv:0.000000 9D: STA abs,x
lcpuC PC:83FE (CA 88 D0) A:03 X:E1 Y:06 P:04 S:E4 mem:002B0061 13:352 tv:0.000000 CA: DEX
lcpuC PC:83FF (88 D0 F6) A:03 X:E0 Y:06 P:84 S:E4 mem:002B0061 13:350 tv:0.000001 88: DEY
lcpuC PC:8400 (D0 F6 68) A:03 X:E0 Y:05 P:04 S:E4 mem:002B0061 13:348 tv:0.000001 D0: BNE
lcpuC PC:83F8 (BD 09 01) A:03 X:E0 Y:05 P:04 S:E4 mem:002B0061 13:345 tv:0.000000 BD: LDA abs,x
lcpuC PC:83FB (9D 0B 01) A:80 X:E0 Y:05 P:84 S:E4 mem:002B0061 13:341 tv:0.000001 9D: STA abs,x
lcpuC PC:83FE (CA 88 D0) A:80 X:E0 Y:05 P:84 S:E4 mem:002B005D 13:336 tv:0.000001 CA: DEX
lcpuC PC:83FF (88 D0 F6) A:80 X:DF Y:05 P:84 S:E4 mem:002B005D 13:334 tv:0.000000 88: DEY
lcpuC PC:8400 (D0 F6 68) A:80 X:DF Y:04 P:04 S:E4 mem:002B005D 13:332 tv:0.000001 D0: BNE
lcpuC PC:83F8 (BD 09 01) A:80 X:DF Y:04 P:04 S:E4 mem:002B005D 13:329 tv:0.000000 BD: LDA abs,x
lcpuC PC:83FB (9D 0B 01) A:9E X:DF Y:04 P:84 S:E4 mem:002B005D 13:325 tv:0.000001 9D: STA abs,x
lcpuC PC:83FE (CA 88 D0) A:9E X:DF Y:04 P:84 S:E4 mem:002B00F8 13:320 tv:0.000000 CA: DEX
lcpuC PC:83FF (88 D0 F6) A:9E X:DE Y:04 P:84 S:E4 mem:002B00F8 13:318 tv:0.000001 88: DEY
lcpuC PC:8400 (D0 F6 68) A:9E X:DE Y:03 P:04 S:E4 mem:002B00F8 13:316 tv:0.000001 D0: BNE
lcpuC PC:83F8 (BD 09 01) A:9E X:DE Y:03 P:04 S:E4 mem:002B00F8 13:313 tv:0.000000 BD: LDA abs,x
lcpuC PC:83FB (9D 0B 01) A:6F X:DE Y:03 P:04 S:E4 mem:002B00F8 13:309 tv:0.000001 9D: STA abs,x
lcpuC PC:83FE (CA 88 D0) A:6F X:DE Y:03 P:04 S:E4 mem:002B00E7 13:304 tv:0.000001 CA: DEX
lcpuC PC:83FF (88 D0 F6) A:6F X:DD Y:03 P:84 S:E4 mem:002B00E7 13:302 tv:0.000000 88: DEY
lcpuC PC:8400 (D0 F6 68) A:6F X:DD Y:02 P:04 S:E4 mem:002B00E7 13:300 tv:0.000001 D0: BNE
lcpuC PC:83F8 (BD 09 01) A:6F X:DD Y:02 P:04 S:E4 mem:002B00E7 13:297 tv:0.000001 BD: LDA abs,x
lcpuC PC:83FB (9D 0B 01) A:FF X:DD Y:02 P:84 S:E4 mem:002B00E7 13:293 tv:0.000000 9D: STA abs,x
lcpuC PC:83FE (CA 88 D0) A:FF X:DD Y:02 P:84 S:E4 mem:002B0148 13:288 tv:0.000000 CA: DEX
lcpuC PC:83FF (88 D0 F6) A:FF X:DC Y:02 P:84 S:E4 mem:002B0148 13:286 tv:0.000000 88: DEY
lcpuC PC:8400 (D0 F6 68) A:FF X:DC Y:01 P:04 S:E4 mem:002B0148 13:284 tv:0.000000 D0: BNE
lcpuC PC:83F8 (BD 09 01) A:FF X:DC Y:01 P:04 S:E4 mem:002B0148 13:281 tv:0.000001 BD: LDA abs,x
lcpuC PC:83FB (9D 0B 01) A:00 X:DC Y:01 P:06 S:E4 mem:002B0148 13:277 tv:0.000001 9D: STA abs,x
lcpuC PC:83FE (CA 88 D0) A:00 X:DC Y:01 P:06 S:E4 mem:002B00D9 13:272 tv:0.000000 CA: DEX
lcpuC PC:83FF (88 D0 F6) A:00 X:DB Y:01 P:84 S:E4 mem:002B00D9 13:270 tv:0.000001 88: DEY
lcpuC PC:8400 (D0 F6 68) A:00 X:DB Y:00 P:06 S:E4 mem:002B00D9 13:268 tv:0.000000 D0: BNE
lcpuC PC:8402 (68 68 68) A:00 X:DB Y:00 P:06 S:E4 mem:002B00D9 13:266 tv:0.000000 68: PLA
lcpuC PC:8403 (68 68 A8) A:00 X:DB Y:00 P:06 S:E5 mem:002B00D9 13:262 tv:0.000000 68: PLA
lcpuC PC:8404 (68 A8 68) A:FF X:DB Y:00 P:84 S:E6 mem:002B00D9 13:258 tv:0.000009 68: PLA
lcpuC PC:8405 (A8 68 AA) A:00 X:DB Y:00 P:06 S:E7 mem:002B00D9 13:254 tv:0.000001 A8: TAY
lcpuC PC:8406 (68 AA 68) A:00 X:DB Y:00 P:06 S:E7 mem:002B00D9 13:252 tv:0.000000 68: PLA
lcpuC PC:8407 (AA 68 60) A:FF X:DB Y:00 P:84 S:E8 mem:002B00D9 13:248 tv:0.000000 AA: TAX
lcpuC PC:8408 (68 60 BA) A:FF X:FF Y:00 P:84 S:E8 mem:002B00D9 13:246 tv:0.000000 68: PLA
lcpuC PC:8409 (60 BA 9D) A:6F X:FF Y:00 P:04 S:E9 mem:002B00D9 13:242 tv:0.000000 60: RTS
lcpuC PC:809F (2C DE 10) A:6F X:FF Y:00 P:04 S:EB mem:002B00D9 13:236 tv:0.000001 2C: BIT abs
lcpuC PC:80A2 (10 14 48) A:6F X:FF Y:00 P:C4 S:EB mem:002B00D9 13:232 tv:0.000001 10: BPL
lcpuC PC:80A4 (48 20 1C) A:6F X:FF Y:00 P:C4 S:EB mem:002B00D9 13:230 tv:0.000000 48: PHA
lcpuC PC:80A5 (20 1C 99) A:6F X:FF Y:00 P:C4 S:EA mem:002B00C8 13:227 tv:0.000000 20: JSR
lcpuC PC:991C (A9 EC D0) A:6F X:FF Y:00 P:C4 S:E8 mem:002B00E2 13:221 tv:0.000000 A9: LDA imm
lcpuC PC:991E (D0 12 A9) A:EC X:FF Y:00 P:C4 S:E8 mem:002B00E2 13:219 tv:0.000000 D0: BNE
lcpuC PC:9932 (A2 00 A0) A:EC X:FF Y:00 P:C4 S:E8 mem:002B00E2 13:216 tv:0.000001 A2: LDX imm
lcpuC PC:9934 (A0 FF 4C) A:EC X:00 Y:00 P:46 S:E8 mem:002B00E2 13:214 tv:0.000001 A0: LDY imm
lcpuC PC:9936 (4C F4 FF) A:EC X:00 Y:FF P:C4 S:E8 mem:002B00E2 13:212 tv:0.000000 4C: JMP
lcpuC PC:FFF4 (6C 0A 02) A:EC X:00 Y:FF P:C4 S:E8 mem:002B00E2 13:209 tv:0.000000 6C: JMP ()
readmem_ex! addr=FFF5 val=0A
readmem_ex! addr=FFF6 val=02
lcpuC PC:E772 (48 08 78) A:EC X:00 Y:FF P:C4 S:E8 mem:002B00E2 13:204 tv:0.000006 48: PHA
lcpuC PC:E773 (08 78 85) A:EC X:00 Y:FF P:C4 S:E7 mem:002B00CF 13:201 tv:0.000001 08: PHP
lcpuC PC:E774 (78 85 EF) A:EC X:00 Y:FF P:C4 S:E6 mem:002B01C3 13:198 tv:0.000001 78: SEI
lcpuC PC:E775 (85 EF 86) A:EC X:00 Y:FF P:C4 S:E6 mem:002B01C3 13:196 tv:0.000001 85: STA zp
lcpuC PC:E777 (86 F0 84) A:EC X:00 Y:FF P:C4 S:E6 mem:002B02AC 13:193 tv:0.000001 86: STX zp
lcpuC PC:E779 (84 F1 A2) A:EC X:00 Y:FF P:C4 S:E6 mem:002B02AC 13:190 tv:0.000000 84: STY zp
lcpuC PC:E77B (A2 07 C9) A:EC X:00 Y:FF P:C4 S:E6 mem:002B03AB 13:187 tv:0.000001 A2: LDX imm
lcpuC PC:E77D (C9 75 90) A:EC X:07 Y:FF P:44 S:E6 mem:002B03AB 13:185 tv:0.000000 C9: CMP imm
lcpuC PC:E77F (90 41 C9) A:EC X:07 Y:FF P:45 S:E6 mem:002B03AB 13:183 tv:0.000001 90: BCC
lcpuC PC:E781 (C9 A1 90) A:EC X:07 Y:FF P:45 S:E6 mem:002B03AB 13:181 tv:0.000000 C9: CMP imm
lcpuC PC:E783 (90 09 C9) A:EC X:07 Y:FF P:45 S:E6 mem:002B03AB 13:179 tv:0.000001 90: BCC
lcpuC PC:E785 (C9 A6 90) A:EC X:07 Y:FF P:45 S:E6 mem:002B03AB 13:177 tv:0.000000 C9: CMP imm
lcpuC PC:E787 (90 3F 18) A:EC X:07 Y:FF P:45 S:E6 mem:002B03AB 13:175 tv:0.000000 90: BCC
lcpuC PC:E789 (18 A9 A1) A:EC X:07 Y:FF P:45 S:E6 mem:002B03AB 13:173 tv:0.000000 18: CLC
lcpuC PC:E78A (A9 A1 69) A:EC X:07 Y:FF P:44 S:E6 mem:002B03AB 13:171 tv:0.000000 A9: LDA imm
lcpuC PC:E78C (69 00 38) A:A1 X:07 Y:FF P:C4 S:E6 mem:002B03AB 13:169 tv:0.000001 69: ADC imm
lcpuC PC:E78E (38 E9 5F) A:A1 X:07 Y:FF P:84 S:E6 mem:002B03AB 13:167 tv:0.000001 38: SEC
lcpuC PC:E78F (E9 5F 0A) A:A1 X:07 Y:FF P:85 S:E6 mem:002B03AB 13:165 tv:0.000000 E9: SBC imm
lcpuC PC:E791 (0A 38 84) A:42 X:07 Y:FF P:45 S:E6 mem:002B03AB 13:163 tv:0.000000 0A: ASL A
lcpuC PC:E792 (38 84 F1) A:84 X:07 Y:FF P:C4 S:E6 mem:002B03AB 13:161 tv:0.000001 38: SEC
lcpuC PC:E793 (84 F1 A8) A:84 X:07 Y:FF P:C5 S:E6 mem:002B03AB 13:159 tv:0.000000 84: STY zp
lcpuC PC:E795 (A8 2C 5E) A:84 X:07 Y:FF P:C5 S:E6 mem:002B03AB 13:156 tv:0.000000 A8: TAY
lcpuC PC:E796 (2C 5E 02) A:84 X:07 Y:84 P:C5 S:E6 mem:002B03AB 13:154 tv:0.000001 2C: BIT abs
lcpuC PC:E799 (10 07 8A) A:84 X:07 Y:84 P:07 S:E6 mem:002B03AB 13:150 tv:0.000000 10: BPL
lcpuC PC:E7A2 (B9 B4 E5) A:84 X:07 Y:84 P:07 S:E6 mem:002B03AB 13:147 tv:0.000000 B9: LDA abs,y
lcpuC PC:E7A5 (85 FB B9) A:E9 X:07 Y:84 P:85 S:E6 mem:002B03AB 13:143 tv:0.000000 85: STA zp
lcpuC PC:E7A7 (B9 B3 E5) A:E9 X:07 Y:84 P:85 S:E6 mem:002B03AB 13:140 tv:0.000001 B9: LDA abs,y
lcpuC PC:E7AA (85 FA A5) A:9C X:07 Y:84 P:85 S:E6 mem:002B03AB 13:136 tv:0.000000 85: STA zp
lcpuC PC:E7AC (A5 EF A4) A:9C X:07 Y:84 P:85 S:E6 mem:002B03B0 13:133 tv:0.000000 A5: LDA zp
lcpuC PC:E7AE (A4 F1 B0) A:EC X:07 Y:84 P:85 S:E6 mem:002B03B0 13:130 tv:0.000000 A4: LDY zp
lcpuC PC:E7B0 (B0 04 A0) A:EC X:07 Y:FF P:85 S:E6 mem:002B03B0 13:127 tv:0.000000 B0: BCS
lcpuC PC:E7B6 (38 A6 F0) A:EC X:07 Y:FF P:85 S:E6 mem:002B03B0 13:124 tv:0.000001 38: SEC
lcpuC PC:E7B7 (A6 F0 20) A:EC X:07 Y:FF P:85 S:E6 mem:002B03B0 13:122 tv:0.000001 A6: LDX zp
lcpuC PC:E7B9 (20 58 F0) A:EC X:00 Y:FF P:07 S:E6 mem:002B03B0 13:119 tv:0.000001 20: JSR
lcpuC PC:F058 (6C FA 00) A:EC X:00 Y:FF P:07 S:E4 mem:002B0453 13:113 tv:0.000001 6C: JMP ()
lcpuC PC:E99C (A8 B9 90) A:EC X:00 Y:FF P:07 S:E4 mem:002B0453 13:108 tv:0.000001 A8: TAY
lcpuC PC:E99D (B9 90 01) A:EC X:00 Y:EC P:85 S:E4 mem:002B0453 13:106 tv:0.000001 B9: LDA abs,y
lcpuC PC:E9A0 (AA 25 F1) A:00 X:00 Y:EC P:07 S:E4 mem:002B0453 13:102 tv:0.000000 AA: TAX
lcpuC PC:E9A1 (25 F1 45) A:00 X:00 Y:EC P:07 S:E4 mem:002B0453 13:100 tv:0.000001 25: AND zp
lcpuC PC:E9A3 (45 F0 99) A:00 X:00 Y:EC P:07 S:E4 mem:002B0453 13:97 tv:0.000001 45: EOR zp
lcpuC PC:E9A5 (99 90 01) A:00 X:00 Y:EC P:07 S:E4 mem:002B0453 13:94 tv:0.000000 99: STA abs,y
lcpuC PC:E9A8 (B9 91 01) A:00 X:00 Y:EC P:07 S:E4 mem:002B0453 13:89 tv:0.000000 B9: LDA abs,y
lcpuC PC:E9AB (A8 60 64) A:00 X:00 Y:EC P:07 S:E4 mem:002B0453 13:85 tv:0.000000 A8: TAY
lcpuC PC:E9AC (60 64 7F) A:00 X:00 Y:00 P:07 S:E4 mem:002B0453 13:83 tv:0.000000 60: RTS
lcpuC PC:E7BC (6A 28 2A) A:00 X:00 Y:00 P:07 S:E6 mem:002B0453 13:77 tv:0.000001 6A: ROR A
lcpuC PC:E7BD (28 2A 68) A:80 X:00 Y:00 P:84 S:E6 mem:002B0453 13:75 tv:0.000001 28: PLP
lcpuC PC:E7BE (2A 68 B8) A:80 X:00 Y:00 P:C4 S:E7 mem:002B0453 13:71 tv:0.000001 2A: ROL A
lcpuC PC:E7BF (68 B8 60) A:00 X:00 Y:00 P:47 S:E7 mem:002B0453 13:69 tv:0.000000 68: PLA
lcpuC PC:E7C0 (B8 60 A0) A:EC X:00 Y:00 P:C5 S:E8 mem:002B0453 13:65 tv:0.000000 B8: CLV
lcpuC PC:E7C1 (60 A0 00) A:EC X:00 Y:00 P:85 S:E8 mem:002B0453 13:63 tv:0.000000 60: RTS
lcpuC PC:80A8 (8A 48 09) A:EC X:00 Y:00 P:85 S:EA mem:002B0453 13:57 tv:0.000001 8A: TXA
lcpuC PC:80A9 (48 09 10) A:00 X:00 Y:00 P:07 S:EA mem:002B0453 13:55 tv:0.000001 48: PHA
lcpuC PC:80AA (09 10 20) A:00 X:00 Y:00 P:07 S:E9 mem:002B03D3 13:52 tv:0.000000 09: ORA imm
lcpuC PC:80AC (20 17 99) A:10 X:00 Y:00 P:05 S:E9 mem:002B03D3 13:50 tv:0.000000 20: JSR
lcpuC PC:9917 (AA A9 03) A:10 X:00 Y:00 P:05 S:E7 mem:002B036E 13:44 tv:0.000001 AA: TAX
lcpuC PC:9918 (A9 03 D0) A:10 X:10 Y:00 P:05 S:E7 mem:002B036E 13:42 tv:0.000001 A9: LDA imm
lcpuC PC:991A (D0 1A A9) A:03 X:10 Y:00 P:05 S:E7 mem:002B036E 13:40 tv:0.000000 D0: BNE
lcpuC PC:9936 (4C F4 FF) A:03 X:10 Y:00 P:05 S:E7 mem:002B036E 13:37 tv:0.000000 4C: JMP
lcpuC PC:FFF4 (6C 0A 02) A:03 X:10 Y:00 P:05 S:E7 mem:002B036E 13:34 tv:0.000000 6C: JMP ()
readmem_ex! addr=FFF5 val=0A
readmem_ex! addr=FFF6 val=02
lcpuC PC:E772 (48 08 78) A:03 X:10 Y:00 P:05 S:E7 mem:002B036E 13:29 tv:0.000006 48: PHA
lcpuC PC:E773 (08 78 85) A:03 X:10 Y:00 P:05 S:E6 mem:002B027D 13:26 tv:0.000001 08: PHP
lcpuC PC:E774 (78 85 EF) A:03 X:10 Y:00 P:05 S:E5 mem:002B01CB 13:23 tv:0.000001 78: SEI
lcpuC PC:E775 (85 EF 86) A:03 X:10 Y:00 P:05 S:E5 mem:002B01CB 13:21 tv:0.000001 85: STA zp
lcpuC PC:E777 (86 F0 84) A:03 X:10 Y:00 P:05 S:E5 mem:002B00E2 13:18 tv:0.000000 86: STX zp
lcpuC PC:E779 (84 F1 A2) A:03 X:10 Y:00 P:05 S:E5 mem:002B00F2 13:15 tv:0.000001 84: STY zp
lcpuC PC:E77B (A2 07 C9) A:03 X:10 Y:00 P:05 S:E5 mem:002AFFF3 13:12 tv:0.000001 A2: LDX imm
lcpuC PC:E77D (C9 75 90) A:03 X:07 Y:00 P:05 S:E5 mem:002AFFF3 13:10 tv:0.000000 C9: CMP imm
lcpuC PC:E77F (90 41 C9) A:03 X:07 Y:00 P:84 S:E5 mem:002AFFF3 13:8 tv:0.000000 90: BCC
lcpuC PC:E7C2 (A0 00 C9) A:03 X:07 Y:00 P:84 S:E5 mem:002AFFF3 13:5 tv:0.000000 A0: LDY imm
lcpuC PC:E7C4 (C9 16 90) A:03 X:07 Y:00 P:06 S:E5 mem:002AFFF3 13:3 tv:0.000001 C9: CMP imm
lcpuC PC:E7C6 (90 C9 08) A:03 X:07 Y:00 P:84 S:E5 mem:002AFFF3 13:1 tv:0.000000 90: BCC
